📝 Logging started. Log file: C:\Users\HITS\eclipse-workspace\Groww_Python_Trading_Bot\logs\Groww_Bot_2025-10-31_11-44-33.log
Ready to Groww!
✅ Groww API Initialized Successfully
✅ Converted 'C:\Users\HITS\Downloads\instrument (1).csv' → 'C:\Users\HITS\Downloads\instrument (1).json'
📊 Live NIFTY Spot: 25807.95
✅ Converted 'C:\Users\HITS\Downloads\instrument (1).csv' → 'C:\Users\HITS\Downloads\instrument (1).json'
🎯 Filtering NIFTY 04/11/2025 instruments between 25300–26300 (Spot=25807.95)
✅ Loaded 316 filtered instruments (out of 105971)

✨ Groww NIFTY CP Bot Ready (Groww backend)
You can run in MANUAL or AUTO mode.
Manual example: Buy 14 NIFTY04NOV2525950CE at CP and Book at 1050

Choose mode: (m)anual / (a)uto / (q)uit: 
--- AUTO MODE (momentum + premium) ---
🔍 Detecting best option between CE and PE for NIFTY 04/11/2025…
➡️  Searching CE between 80-130
➡️  Searching PE between 80-130
⚙️ Checking momentum for top 2 CE candidates...

🧭 Checking momentum for NIFTY25N0425850CE (5 samples, every 1s):

🧭 Checking momentum for NIFTY25N0425900CE (5 samples, every 1s):
⚙️ Checking momentum for top 2 PE candidates...

🧭 Checking momentum for NIFTY25N0425850PE (5 samples, every 1s):

🧭 Checking momentum for NIFTY25N0425800PE (5 samples, every 1s):
[NIFTY25N0425850CE] ⏱ Sample 1/5: LTP = ₹102.35
[NIFTY25N0425900CE] ⏱ Sample 1/5: LTP = ₹80.40
[NIFTY25N0425850PE] ⏱ Sample 1/5: LTP = ₹107.75
[NIFTY25N0425800PE] ⏱ Sample 1/5: LTP = ₹83.95
[NIFTY25N0425850CE] ⏱ Sample 2/5: LTP = ₹102.75
[NIFTY25N0425900CE] ⏱ Sample 2/5: LTP = ₹80.90
[NIFTY25N0425850PE] ⏱ Sample 2/5: LTP = ₹107.25
[NIFTY25N0425800PE] ⏱ Sample 2/5: LTP = ₹83.95
[NIFTY25N0425850CE] ⏱ Sample 3/5: LTP = ₹103.00
[NIFTY25N0425900CE] ⏱ Sample 3/5: LTP = ₹80.90
[NIFTY25N0425850PE] ⏱ Sample 3/5: LTP = ₹107.60
[NIFTY25N0425800PE] ⏱ Sample 3/5: LTP = ₹83.95
[NIFTY25N0425850CE] ⏱ Sample 4/5: LTP = ₹102.85
[NIFTY25N0425900CE] ⏱ Sample 4/5: LTP = ₹80.95
[NIFTY25N0425850PE] ⏱ Sample 4/5: LTP = ₹107.30
[NIFTY25N0425800PE] ⏱ Sample 4/5: LTP = ₹83.85
[NIFTY25N0425850CE] ⏱ Sample 5/5: LTP = ₹102.90
[NIFTY25N0425900CE] ⏱ Sample 5/5: LTP = ₹81.15
[NIFTY25N0425850CE] 📊 Avg Δ = 0.105%, Consistency = 100.0% → FLAT
[NIFTY25N0425850CE] 📈 Range ₹102.35 → ₹102.90

[NIFTY25N0425850PE] ⏱ Sample 5/5: LTP = ₹107.90
[NIFTY25N0425900CE] 📊 Avg Δ = 0.165%, Consistency = 100.0% → FLAT
[NIFTY25N0425900CE] 📈 Range ₹80.40 → ₹81.15

⚠️ No strong momentum found for CE (>0.25%, consistency >70%)
📊 Running momentum check for CE (NIFTY25N0425850CE)

🧭 Checking momentum for NIFTY25N0425850CE (5 samples, every 1s):
[NIFTY25N0425800PE] ⏱ Sample 5/5: LTP = ₹84.30
[NIFTY25N0425850PE] 📊 Avg Δ = 0.031%, Consistency = 50.0% → FLAT
[NIFTY25N0425850PE] 📈 Range ₹107.75 → ₹107.90

[NIFTY25N0425850CE] ⏱ Sample 1/5: LTP = ₹102.85
[NIFTY25N0425800PE] 📊 Avg Δ = 0.050%, Consistency = 50.0% → FLAT
[NIFTY25N0425800PE] 📈 Range ₹83.95 → ₹84.30

⚠️ No strong momentum found for PE (>0.3%, consistency >70%)
📊 Running momentum check for PE (NIFTY25N0425850PE)

🧭 Checking momentum for NIFTY25N0425850PE (5 samples, every 1s):
[NIFTY25N0425850PE] ⏱ Sample 1/5: LTP = ₹107.85
[NIFTY25N0425850CE] ⏱ Sample 2/5: LTP = ₹103.10
[NIFTY25N0425850PE] ⏱ Sample 2/5: LTP = ₹107.70
[NIFTY25N0425850CE] ⏱ Sample 3/5: LTP = ₹102.75
[NIFTY25N0425850PE] ⏱ Sample 3/5: LTP = ₹108.15
[NIFTY25N0425850CE] ⏱ Sample 4/5: LTP = ₹102.30
[NIFTY25N0425850PE] ⏱ Sample 4/5: LTP = ₹108.75
[NIFTY25N0425850CE] ⏱ Sample 5/5: LTP = ₹102.70
[NIFTY25N0425850CE] 📊 Avg Δ = -0.154%, Consistency = 100.0% → FLAT
[NIFTY25N0425850CE] 📈 Range ₹102.85 → ₹102.70

✅ Momentum for CE: {'symbol': 'NIFTY25N0425850CE', 'avg_change': np.float64(-0.154), 'consistency': np.float64(100.0), 'direction': 'FLAT'}
🧩 Finished CE: NIFTY25N0425850CE, momentum={'symbol': 'NIFTY25N0425850CE', 'avg_change': np.float64(-0.154), 'consistency': np.float64(100.0), 'direction': 'FLAT'}
[NIFTY25N0425850PE] ⏱ Sample 5/5: LTP = ₹108.50
[NIFTY25N0425850PE] 📊 Avg Δ = 0.262%, Consistency = 100.0% → UP
[NIFTY25N0425850PE] 📈 Range ₹107.85 → ₹108.50

✅ Momentum for PE: {'symbol': 'NIFTY25N0425850PE', 'avg_change': np.float64(0.262), 'consistency': np.float64(100.0), 'direction': 'UP'}
🧩 Finished PE: NIFTY25N0425850PE, momentum={'symbol': 'NIFTY25N0425850PE', 'avg_change': np.float64(0.262), 'consistency': np.float64(100.0), 'direction': 'UP'}
🧮 Comparing CE vs PE momentum...
📈 CE momentum: -0.154% (FLAT, 100.0%)
📉 PE momentum: 0.262% (UP, 100.0%)
✅ Selected PE (stronger momentum)
✅ Selected: NIFTY25N0425850PE | LTP=105.8 | lot_size=75
➡️ Placing auto order: {'symbol': 'NIFTY25N0425850PE', 'ltp': 105.8, 'lots': 1, 'book_profit': 75.0, 'lot_size': 75, 'side': 'BUY'}
🔹 Auto order => NIFTY25N0425850PE, qty=75, book@75.0
💰 LTP for NSE_NIFTY25N0425850PE: ₹108.7
✅ Auto Buy placed: {'groww_order_id': 'GMKFO2510311145497DKMIJZJOP5D', 'order_status': 'NEW', 'order_reference_id': '64046893', 'remark': None}
✅ Auto Target SELL @ 109.7 placed: {'groww_order_id': 'GLTFO251031114549Q33S41TCRL3H', 'order_status': 'NEW', 'order_reference_id': '76168082', 'remark': None}
💰💰💰💰💰💰 PROFIT BOOKED 💰💰💰💰💰
🔍 Detecting best option between CE and PE for NIFTY 04/11/2025…
➡️  Searching CE between 80-130
➡️  Searching PE between 80-130
⚙️ Checking momentum for top 2 CE candidates...

🧭 Checking momentum for NIFTY25N0425850CE (5 samples, every 1s):

🧭 Checking momentum for NIFTY25N0425800CE (5 samples, every 1s):
⚙️ Checking momentum for top 2 PE candidates...

🧭 Checking momentum for NIFTY25N0425850PE (5 samples, every 1s):

🧭 Checking momentum for NIFTY25N0425800PE (5 samples, every 1s):
[NIFTY25N0425850CE] ⏱ Sample 1/5: LTP = ₹100.60
[NIFTY25N0425800CE] ⏱ Sample 1/5: LTP = ₹126.90
[NIFTY25N0425850PE] ⏱ Sample 1/5: LTP = ₹110.00
[NIFTY25N0425800PE] ⏱ Sample 1/5: LTP = ₹85.85
[NIFTY25N0425850CE] ⏱ Sample 2/5: LTP = ₹100.90
[NIFTY25N0425800CE] ⏱ Sample 2/5: LTP = ₹126.75
[NIFTY25N0425850PE] ⏱ Sample 2/5: LTP = ₹110.50
[NIFTY25N0425800PE] ⏱ Sample 2/5: LTP = ₹86.40
[NIFTY25N0425850CE] ⏱ Sample 3/5: LTP = ₹100.45
[NIFTY25N0425800CE] ⏱ Sample 3/5: LTP = ₹126.55
[NIFTY25N0425850PE] ⏱ Sample 3/5: LTP = ₹108.80
[NIFTY25N0425800PE] ⏱ Sample 3/5: LTP = ₹85.05
[NIFTY25N0425850CE] ⏱ Sample 4/5: LTP = ₹102.70
[NIFTY25N0425800CE] ⏱ Sample 4/5: LTP = ₹128.15
[NIFTY25N0425850PE] ⏱ Sample 4/5: LTP = ₹109.30
[NIFTY25N0425800PE] ⏱ Sample 4/5: LTP = ₹85.35
[NIFTY25N0425850CE] ⏱ Sample 5/5: LTP = ₹101.25
[NIFTY25N0425800CE] ⏱ Sample 5/5: LTP = ₹127.50
[NIFTY25N0425850CE] 📊 Avg Δ = 0.405%, Consistency = 100.0% → UP
[NIFTY25N0425850CE] 📈 Range ₹100.60 → ₹101.25

[NIFTY25N0425850PE] ⏱ Sample 5/5: LTP = ₹109.40
[NIFTY25N0425800CE] 📊 Avg Δ = 0.263%, Consistency = 100.0% → UP
[NIFTY25N0425800CE] 📈 Range ₹126.90 → ₹127.50

🏆 Selected CE: NIFTY25N0425850CE (UP | 0.41% | Consistency 100.0%)
📊 Running momentum check for CE (NIFTY25N0425850CE)

🧭 Checking momentum for NIFTY25N0425850CE (5 samples, every 1s):
[NIFTY25N0425800PE] ⏱ Sample 5/5: LTP = ₹85.75
[NIFTY25N0425850PE] 📊 Avg Δ = -0.274%, Consistency = 100.0% → DOWN
[NIFTY25N0425850PE] 📈 Range ₹110.00 → ₹109.40

[NIFTY25N0425850CE] ⏱ Sample 1/5: LTP = ₹101.05
[NIFTY25N0425800PE] 📊 Avg Δ = -0.224%, Consistency = 100.0% → FLAT
[NIFTY25N0425800PE] 📈 Range ₹85.85 → ₹85.75

⚠️ No strong momentum found for PE (>0.3%, consistency >70%)
📊 Running momentum check for PE (NIFTY25N0425850PE)

🧭 Checking momentum for NIFTY25N0425850PE (5 samples, every 1s):
[NIFTY25N0425850PE] ⏱ Sample 1/5: LTP = ₹109.80
[NIFTY25N0425850CE] ⏱ Sample 2/5: LTP = ₹101.25
[NIFTY25N0425850PE] ⏱ Sample 2/5: LTP = ₹109.65
[NIFTY25N0425850CE] ⏱ Sample 3/5: LTP = ₹101.20
[NIFTY25N0425850PE] ⏱ Sample 3/5: LTP = ₹110.90
[NIFTY25N0425850CE] ⏱ Sample 4/5: LTP = ₹100.00
[NIFTY25N0425850PE] ⏱ Sample 4/5: LTP = ₹111.20
[NIFTY25N0425850CE] ⏱ Sample 5/5: LTP = ₹99.60
[NIFTY25N0425850PE] ⏱ Sample 5/5: LTP = ₹111.10
[NIFTY25N0425850CE] 📊 Avg Δ = -0.446%, Consistency = 100.0% → DOWN
[NIFTY25N0425850CE] 📈 Range ₹101.05 → ₹99.60

✅ Momentum for CE: {'symbol': 'NIFTY25N0425850CE', 'avg_change': np.float64(-0.446), 'consistency': np.float64(100.0), 'direction': 'DOWN'}
[NIFTY25N0425850PE] 📊 Avg Δ = 0.430%, Consistency = 100.0% → UP
[NIFTY25N0425850PE] 📈 Range ₹109.80 → ₹111.10

✅ Momentum for PE: {'symbol': 'NIFTY25N0425850PE', 'avg_change': np.float64(0.43), 'consistency': np.float64(100.0), 'direction': 'UP'}
Traceback (most recent call last):
  File "C:\Users\HITS\eclipse-workspace\Groww_Python_Trading_Bot\groww_option_trading_final_bot.py", line 1116, in <module>
    auto_mode_runner()
  File "C:\Users\HITS\eclipse-workspace\Groww_Python_Trading_Bot\groww_option_trading_final_bot.py", line 1070, in auto_mode_runner
    opt_result = detect_option_type_parallel(index, expiry, min_p, max_p, lots)
                 ^^^^^^^^^^^^^^^^^^^^^^^^^^^^^^^^^^^^^^^^^^^^^^^^^^^^^^^^^^^^^^
  File "C:\Users\HITS\eclipse-workspace\Groww_Python_Trading_Bot\groww_option_trading_final_bot.py", line 771, in detect_option_type_parallel
    for future in as_completed(futures):
  File "C:\Program Files\Python312\Lib\concurrent\futures\_base.py", line 243, in as_completed
    waiter.event.wait(wait_timeout)
  File "C:\Program Files\Python312\Lib\threading.py", line 655, in wait
    signaled = self._cond.wait(timeout)
               ^^^^^^^^^^^^^^^^^^^^^^^^
  File "C:\Program Files\Python312\Lib\threading.py", line 355, in wait
    waiter.acquire()
KeyboardInterrupt
