📝 Logging started. Log file: C:\Users\HITS\eclipse-workspace\Groww_Python_Trading_Bot\logs\Groww_Bot_2025-11-20_13-11-07.log
Ready to Groww!
eyJraWQiOiJaTUtjVXciLCJhbGciOiJFUzI1NiJ9.eyJleHAiOjE3NjM2ODUwMDAsImlhdCI6MTc2MzYyNDQ4MCwibmJmIjoxNzYzNjI0NDgwLCJzdWIiOiJ7XCJ0b2tlblJlZklkXCI6XCI3MTZkNzc1OS1jNjI2LTQyNWItYTdlNy1lNDI0YjMzNjA2OGFcIixcInZlbmRvckludGVncmF0aW9uS2V5XCI6XCJlMzFmZjIzYjA4NmI0MDZjODg3NGIyZjZkODQ5NTMxM1wiLFwidXNlckFjY291bnRJZFwiOlwiMmVlMjYyMjItN2MwNS00Y2IwLWIwM2MtNzAzYWRmNWVmN2RkXCIsXCJkZXZpY2VJZFwiOlwiNWQwYzdjODgtMGI1OS01MDU0LTk5ZTYtYWU5MzY5OTc2ZmRiXCIsXCJzZXNzaW9uSWRcIjpcImEwYmJiYTdiLWIyMzUtNGI3NS1iOWIyLTkzYTUxZDFkODVkOVwiLFwiYWRkaXRpb25hbERhdGFcIjpcIno1NC9NZzltdjE2WXdmb0gvS0EwYktvMDZXRlpjc241VUNmTWF5aERtNGxSTkczdTlLa2pWZDNoWjU1ZStNZERhWXBOVi9UOUxIRmtQejFFQisybTdRPT1cIixcInJvbGVcIjpcIm9yZGVyLWJhc2ljLGxpdmVfZGF0YS1iYXNpYyxub25fdHJhZGluZy1iYXNpYyxvcmRlcl9yZWFkX29ubHktYmFzaWMsYmFja190ZXN0XCIsXCJzb3VyY2VJcEFkZHJlc3NcIjpcIjEwNi4yMTIuMTQyLjk0LDE3Mi42OS44Ny4zNiwzNC44LjI5LjI0NlwiLFwidHdvRmFFeHBpcnlUc1wiOjE3NjM2ODUwMDAwMDB9IiwiaXNzIjoiYXBleC1hdXRoLXByb2QtYXBwIn0.p6II8OgidwHVV3suN9zyjn_ik9LeodlH_x2Fsnj0Vs9QoicVfRA2NMnVkDAgrVKpG29l3jAmUJM7CMGYy9KsBg
✅ Groww API Initialized Successfully
✅ Converted 'C:\Users\HITS\Downloads\instrument (1).csv' → 'C:\Users\HITS\Downloads\instrument (1).json'
📊 Live NIFTY Spot: 26179.15
✅ Converted 'C:\Users\HITS\Downloads\instrument (1).csv' → 'C:\Users\HITS\Downloads\instrument (1).json'
🎯 Filtering NIFTY 25/11/2025 instruments between 25700–26700 (Spot=26179.15)
✅ Loaded 316 filtered instruments (out of 105971)

✨ Groww NIFTY CP Bot Ready (Groww backend)
You can run in MANUAL or AUTO mode.
Manual example: Buy 14 NIFTY04NOV2525950CE at CP and Book at 1050

Choose mode: (m)anual / (a)uto / (q)uit: 
--- AUTO MODE (momentum + premium) ---
🔍 Detecting best option between CE and PE for NIFTY 25/11/2025…
➡️  Searching CE between 80-130
➡️  Searching PE between 80-130
⚙️ Checking momentum for top 2 PE candidates...

🧭 Checking momentum for NIFTY25NOV26150PE (5 samples, every 1s):

🧭 Checking momentum for NIFTY25NOV26100PE (5 samples, every 1s):
⚙️ Checking momentum for top 2 CE candidates...

🧭 Checking momentum for NIFTY25NOV26200CE (5 samples, every 1s):

🧭 Checking momentum for NIFTY25NOV26250CE (5 samples, every 1s):
[NIFTY25NOV26150PE] ⏱ Sample 1/5: LTP = ₹100.70
[NIFTY25NOV26100PE] ⏱ Sample 1/5: LTP = ₹80.55
[NIFTY25NOV26200CE] ⏱ Sample 1/5: LTP = ₹116.30
[NIFTY25NOV26250CE] ⏱ Sample 1/5: LTP = ₹91.60
[NIFTY25NOV26150PE] ⏱ Sample 2/5: LTP = ₹98.80
[NIFTY25NOV26100PE] ⏱ Sample 2/5: LTP = ₹80.20
[NIFTY25NOV26200CE] ⏱ Sample 2/5: LTP = ₹116.45
[NIFTY25NOV26250CE] ⏱ Sample 2/5: LTP = ₹91.10
[NIFTY25NOV26150PE] ⏱ Sample 3/5: LTP = ₹99.60
[NIFTY25NOV26100PE] ⏱ Sample 3/5: LTP = ₹80.70
[NIFTY25NOV26200CE] ⏱ Sample 3/5: LTP = ₹115.10
[NIFTY25NOV26250CE] ⏱ Sample 3/5: LTP = ₹90.60
[NIFTY25NOV26150PE] ⏱ Sample 4/5: LTP = ₹99.90
[NIFTY25NOV26100PE] ⏱ Sample 4/5: LTP = ₹81.10
[NIFTY25NOV26200CE] ⏱ Sample 4/5: LTP = ₹115.05
[NIFTY25NOV26250CE] ⏱ Sample 4/5: LTP = ₹90.60
[NIFTY25NOV26150PE] ⏱ Sample 5/5: LTP = ₹100.35
[NIFTY25NOV26100PE] ⏱ Sample 5/5: LTP = ₹81.60
[NIFTY25NOV26150PE] 📊 Avg Δ = 0.126%, Consistency = 50.0% → FLAT
[NIFTY25NOV26150PE] 📈 Range ₹100.70 → ₹100.35

[NIFTY25NOV26200CE] ⏱ Sample 5/5: LTP = ₹114.05
[NIFTY25NOV26100PE] 📊 Avg Δ = 0.403%, Consistency = 100.0% → UP
[NIFTY25NOV26100PE] 📈 Range ₹80.55 → ₹81.60

🏆 Selected PE: NIFTY25NOV26100PE (UP | 0.40% | Consistency 100.0%)
📊 Running momentum check for PE (NIFTY25NOV26100PE)

🧭 Checking momentum for NIFTY25NOV26100PE (5 samples, every 1s):
[NIFTY25NOV26250CE] ⏱ Sample 5/5: LTP = ₹89.15
[NIFTY25NOV26200CE] 📊 Avg Δ = -0.526%, Consistency = 100.0% → DOWN
[NIFTY25NOV26200CE] 📈 Range ₹116.30 → ₹114.05

[NIFTY25NOV26100PE] ⏱ Sample 1/5: LTP = ₹82.20
[NIFTY25NOV26250CE] 📊 Avg Δ = -0.541%, Consistency = 100.0% → DOWN
[NIFTY25NOV26250CE] 📈 Range ₹91.60 → ₹89.15

🏆 Selected CE: NIFTY25NOV26200CE (DOWN | -0.53% | Consistency 100.0%)
📊 Running momentum check for CE (NIFTY25NOV26200CE)

🧭 Checking momentum for NIFTY25NOV26200CE (5 samples, every 1s):
[NIFTY25NOV26200CE] ⏱ Sample 1/5: LTP = ₹113.25
[NIFTY25NOV26100PE] ⏱ Sample 2/5: LTP = ₹82.50
[NIFTY25NOV26200CE] ⏱ Sample 2/5: LTP = ₹113.25
[NIFTY25NOV26100PE] ⏱ Sample 3/5: LTP = ₹82.60
[NIFTY25NOV26200CE] ⏱ Sample 3/5: LTP = ₹113.05
[NIFTY25NOV26100PE] ⏱ Sample 4/5: LTP = ₹82.60
[NIFTY25NOV26200CE] ⏱ Sample 4/5: LTP = ₹113.00
[NIFTY25NOV26100PE] ⏱ Sample 5/5: LTP = ₹82.35
[NIFTY25NOV26200CE] ⏱ Sample 5/5: LTP = ₹113.40
[NIFTY25NOV26100PE] 📊 Avg Δ = 0.051%, Consistency = 50.0% → FLAT
[NIFTY25NOV26100PE] 📈 Range ₹82.20 → ₹82.35

✅ Momentum for PE: {'symbol': 'NIFTY25NOV26100PE', 'avg_change': np.float64(0.051), 'consistency': np.float64(50.0), 'direction': 'FLAT'}
🧩 Finished PE: NIFTY25NOV26100PE, momentum={'symbol': 'NIFTY25NOV26100PE', 'avg_change': np.float64(0.051), 'consistency': np.float64(50.0), 'direction': 'FLAT'}
[NIFTY25NOV26200CE] 📊 Avg Δ = -0.015%, Consistency = 50.0% → FLAT
[NIFTY25NOV26200CE] 📈 Range ₹113.25 → ₹113.40

✅ Momentum for CE: {'symbol': 'NIFTY25NOV26200CE', 'avg_change': np.float64(-0.015), 'consistency': np.float64(50.0), 'direction': 'FLAT'}
🧩 Finished CE: NIFTY25NOV26200CE, momentum={'symbol': 'NIFTY25NOV26200CE', 'avg_change': np.float64(-0.015), 'consistency': np.float64(50.0), 'direction': 'FLAT'}
🧮 Comparing CE vs PE momentum...
📈 CE momentum: -0.015% (FLAT, 50.0%)
📉 PE momentum: 0.051% (FLAT, 50.0%)
⚖️  Momentum similar — choosing PE fallback
✅ Selected: NIFTY25NOV26100PE (PE) | LTP=83.65 | lot_size=75 | groww_symbol=NSE-NIFTY-25Nov25-26100-PE

🌀 Generated cURL for Groww Candle API:
curl --location 'https://api.groww.in/v1/historical/candles?exchange=NSE&segment=FNO&groww_symbol=NSE-NIFTY-25Nov25-26100-PE&start_time=2025-11-20 13:07:32&end_time=2025-11-20 13:12:32&candle_interval=1minute' \
  --header 'Accept: application/json' \
  --header 'Authorization: Bearer <ACCESS_TOKEN>' \
  --header 'X-API-VERSION: 1.0'

📊 5-min candle trend → CE (O₁=83.3, C₅=82.7)
Market Direction: CE
❌ Skipping trade — market direction conflicts with momentum.
Waiting for 3 mins to get another data.
🔍 Detecting best option between CE and PE for NIFTY 25/11/2025…
➡️  Searching CE between 80-130
➡️  Searching PE between 80-130
⚙️ Checking momentum for top 1 CE candidates...

🧭 Checking momentum for NIFTY25NOV26250CE (5 samples, every 1s):
⚙️ Checking momentum for top 2 PE candidates...

🧭 Checking momentum for NIFTY25NOV26150PE (5 samples, every 1s):

🧭 Checking momentum for NIFTY25NOV26100PE (5 samples, every 1s):
[NIFTY25NOV26250CE] ⏱ Sample 1/5: LTP = ₹87.55
[NIFTY25NOV26150PE] ⏱ Sample 1/5: LTP = ₹103.40
[NIFTY25NOV26100PE] ⏱ Sample 1/5: LTP = ₹84.00
[NIFTY25NOV26250CE] ⏱ Sample 2/5: LTP = ₹87.55
[NIFTY25NOV26150PE] ⏱ Sample 2/5: LTP = ₹103.25
[NIFTY25NOV26100PE] ⏱ Sample 2/5: LTP = ₹83.90
[NIFTY25NOV26250CE] ⏱ Sample 3/5: LTP = ₹87.35
[NIFTY25NOV26150PE] ⏱ Sample 3/5: LTP = ₹103.30
[NIFTY25NOV26100PE] ⏱ Sample 3/5: LTP = ₹84.00
[NIFTY25NOV26250CE] ⏱ Sample 4/5: LTP = ₹87.60
[NIFTY25NOV26150PE] ⏱ Sample 4/5: LTP = ₹103.25
[NIFTY25NOV26100PE] ⏱ Sample 4/5: LTP = ₹83.80
[NIFTY25NOV26250CE] ⏱ Sample 5/5: LTP = ₹87.80
[NIFTY25NOV26150PE] ⏱ Sample 5/5: LTP = ₹103.45
[NIFTY25NOV26250CE] 📊 Avg Δ = 0.057%, Consistency = 100.0% → FLAT
[NIFTY25NOV26250CE] 📈 Range ₹87.55 → ₹87.80

⚠️ No strong momentum found for CE (>0.25%, consistency >70%)
📊 Running momentum check for CE (NIFTY25NOV26250CE)

🧭 Checking momentum for NIFTY25NOV26250CE (5 samples, every 1s):
[NIFTY25NOV26100PE] ⏱ Sample 5/5: LTP = ₹84.10
[NIFTY25NOV26150PE] 📊 Avg Δ = 0.008%, Consistency = 50.0% → FLAT
[NIFTY25NOV26150PE] 📈 Range ₹103.40 → ₹103.45

[NIFTY25NOV26250CE] ⏱ Sample 1/5: LTP = ₹87.45
[NIFTY25NOV26100PE] 📊 Avg Δ = 0.000%, Consistency = 50.0% → FLAT
[NIFTY25NOV26100PE] 📈 Range ₹84.00 → ₹84.10

⚠️ No strong momentum found for PE (>0.3%, consistency >70%)
📊 Running momentum check for PE (NIFTY25NOV26150PE)

🧭 Checking momentum for NIFTY25NOV26150PE (5 samples, every 1s):
[NIFTY25NOV26150PE] ⏱ Sample 1/5: LTP = ₹103.80
[NIFTY25NOV26250CE] ⏱ Sample 2/5: LTP = ₹87.35
[NIFTY25NOV26150PE] ⏱ Sample 2/5: LTP = ₹103.80
[NIFTY25NOV26250CE] ⏱ Sample 3/5: LTP = ₹87.20
[NIFTY25NOV26150PE] ⏱ Sample 3/5: LTP = ₹104.00
[NIFTY25NOV26250CE] ⏱ Sample 4/5: LTP = ₹86.65
[NIFTY25NOV26150PE] ⏱ Sample 4/5: LTP = ₹104.50
[NIFTY25NOV26250CE] ⏱ Sample 5/5: LTP = ₹86.70
[NIFTY25NOV26250CE] 📊 Avg Δ = -0.277%, Consistency = 100.0% → DOWN
[NIFTY25NOV26250CE] 📈 Range ₹87.45 → ₹86.70

✅ Momentum for CE: {'symbol': 'NIFTY25NOV26250CE', 'avg_change': np.float64(-0.277), 'consistency': np.float64(100.0), 'direction': 'DOWN'}
🧩 Finished CE: NIFTY25NOV26250CE, momentum={'symbol': 'NIFTY25NOV26250CE', 'avg_change': np.float64(-0.277), 'consistency': np.float64(100.0), 'direction': 'DOWN'}
[NIFTY25NOV26150PE] ⏱ Sample 5/5: LTP = ₹104.50
[NIFTY25NOV26150PE] 📊 Avg Δ = 0.224%, Consistency = 100.0% → FLAT
[NIFTY25NOV26150PE] 📈 Range ₹103.80 → ₹104.50

✅ Momentum for PE: {'symbol': 'NIFTY25NOV26150PE', 'avg_change': np.float64(0.224), 'consistency': np.float64(100.0), 'direction': 'FLAT'}
🧩 Finished PE: NIFTY25NOV26150PE, momentum={'symbol': 'NIFTY25NOV26150PE', 'avg_change': np.float64(0.224), 'consistency': np.float64(100.0), 'direction': 'FLAT'}
🧮 Comparing CE vs PE momentum...
📈 CE momentum: -0.277% (DOWN, 100.0%)
📉 PE momentum: 0.224% (FLAT, 100.0%)
✅ Selected PE (stronger momentum)
✅ Selected: NIFTY25NOV26150PE (PE) | LTP=102.2 | lot_size=75 | groww_symbol=NSE-NIFTY-25Nov25-26150-PE

🌀 Generated cURL for Groww Candle API:
curl --location 'https://api.groww.in/v1/historical/candles?exchange=NSE&segment=FNO&groww_symbol=NSE-NIFTY-25Nov25-26150-PE&start_time=2025-11-20 13:11:20&end_time=2025-11-20 13:16:20&candle_interval=1minute' \
  --header 'Accept: application/json' \
  --header 'Authorization: Bearer <ACCESS_TOKEN>' \
  --header 'X-API-VERSION: 1.0'

📊 5-min candle trend → PE (O₁=102.1, C₅=104.35)
Market Direction: PE
✅ Market direction CONFIRMS momentum → proceeding with order.
➡️ Placing auto order: {'symbol': 'NIFTY25NOV26150PE', 'ltp': 102.2, 'lots': 14, 'book_profit': 1050.0, 'lot_size': 75, 'side': 'BUY'} ====== [2025-11-20 13:16:21]
🔹 Auto order => NIFTY25NOV26150PE, qty=1050, book@1050.0 ====== [2025-11-20 13:16:22]
💰 LTP for NSE_NIFTY25NOV26150PE: ₹104.2 ====== [2025-11-20 13:16:22]
✅ Auto Buy placed: :{'groww_order_id': 'GMKFO251120131623Z9T6721Y779U', 'order_status': 'NEW', 'order_reference_id': '74616807', 'remark': None} ======= [2025-11-20 13:16:23]
✅ Auto Target SELL @ 105.2 placed: {'groww_order_id': 'GLTFO25112013162478CVMQJDAEDF', 'order_status': 'NEW', 'order_reference_id': '58471182', 'remark': None} ====== [2025-11-20 13:16:24]
Traceback (most recent call last):
  File "C:\Users\HITS\eclipse-workspace\Groww_Python_Trading_Bot\test_groww_option_trading_final_bot.py", line 1246, in <module>
    auto_mode_runner()
  File "C:\Users\HITS\eclipse-workspace\Groww_Python_Trading_Bot\test_groww_option_trading_final_bot.py", line 1226, in auto_mode_runner
    place_cp_order(order_details, is_auto=True)
  File "C:\Users\HITS\eclipse-workspace\Groww_Python_Trading_Bot\test_groww_option_trading_final_bot.py", line 1042, in place_cp_order
    ltp_now = get_ltp_for_instrument(instrument, access_token, verbose=False)
              ^^^^^^^^^^^^^^^^^^^^^^^^^^^^^^^^^^^^^^^^^^^^^^^^^^^^^^^^^^^^^^^
  File "C:\Users\HITS\eclipse-workspace\Groww_Python_Trading_Bot\test_groww_option_trading_final_bot.py", line 220, in get_ltp_for_instrument
    time.sleep(0.5)  # ⏳ short delay to respect Groww API rate limits
    ^^^^^^^^^^^^^^^
KeyboardInterrupt
