📝 Logging started. Log file: C:\Users\HITS\eclipse-workspace\Groww_Python_Trading_Bot\logs\Groww_Bot_2025-12-22_10-13-34.log
C:\Users\HITS\eclipse-workspace\Groww_Python_Trading_Bot\instrument.csv
Ready to Groww!
eyJraWQiOiJaTUtjVXciLCJhbGciOiJFUzI1NiJ9.eyJleHAiOjE3NjY0NDk4MDAsImlhdCI6MTc2NjM3ODYxNCwibmJmIjoxNzY2Mzc4NjE0LCJzdWIiOiJ7XCJ0b2tlblJlZklkXCI6XCIzMDQ0YzZkOS1hYzVhLTRmNTMtYWQzZC0wMWE1YjlmY2U5ODdcIixcInZlbmRvckludGVncmF0aW9uS2V5XCI6XCJlMzFmZjIzYjA4NmI0MDZjODg3NGIyZjZkODQ5NTMxM1wiLFwidXNlckFjY291bnRJZFwiOlwiMmVlMjYyMjItN2MwNS00Y2IwLWIwM2MtNzAzYWRmNWVmN2RkXCIsXCJkZXZpY2VJZFwiOlwiNWQwYzdjODgtMGI1OS01MDU0LTk5ZTYtYWU5MzY5OTc2ZmRiXCIsXCJzZXNzaW9uSWRcIjpcIjE3ZmU1MzRlLTRkN2QtNDc3ZS05ZWIyLWY0NTNiNzQyNmVmMFwiLFwiYWRkaXRpb25hbERhdGFcIjpcIno1NC9NZzltdjE2WXdmb0gvS0EwYktvMDZXRlpjc241VUNmTWF5aERtNGxSTkczdTlLa2pWZDNoWjU1ZStNZERhWXBOVi9UOUxIRmtQejFFQisybTdRPT1cIixcInJvbGVcIjpcIm9yZGVyLWJhc2ljLGxpdmVfZGF0YS1iYXNpYyxub25fdHJhZGluZy1iYXNpYyxvcmRlcl9yZWFkX29ubHktYmFzaWMsYmFja190ZXN0XCIsXCJzb3VyY2VJcEFkZHJlc3NcIjpudWxsLFwidHdvRmFFeHBpcnlUc1wiOjE3NjY0NDk4MDAwMDB9IiwiaXNzIjoiYXBleC1hdXRoLXByb2QtYXBwIn0._iHyYhVdu6tTztkF_IqDjP7OY4ypNQOonKv4ZMyMx8c7KIjiR7Tm58O-vUvwQPFsScQvxb0522PNQLRsFeq1Lg
✅ Groww API Initialized Successfully
✅ Converted 'C:\Users\HITS\eclipse-workspace\Groww_Python_Trading_Bot\instrument.csv' → 'C:\Users\HITS\eclipse-workspace\Groww_Python_Trading_Bot\instrument.json'
📊 Live NIFTY Spot: 26129.05
✅ Converted 'C:\Users\HITS\eclipse-workspace\Groww_Python_Trading_Bot\instrument.csv' → 'C:\Users\HITS\eclipse-workspace\Groww_Python_Trading_Bot\instrument.json'
🎯 Filtering NIFTY 2025-12-23 instruments between 25650–26650 (Spot=26129.05)
✅ Loaded 316 filtered instruments (out of 149250)

✨ Groww NIFTY CP Bot Ready (Groww backend)
You can run in MANUAL or AUTO mode.
Manual example: Buy 14 NIFTY04NOV2525950CE at CP and Book at 1050

Choose mode: (m)anual / (a)uto / (q)uit: 
--- AUTO MODE (momentum + premium) ---
🔍 Detecting best option between CE and PE for NIFTY 2025-12-23…
➡️  Searching CE between 80-130
➡️  Searching PE between 80-130
⚙️ Checking momentum for top 1 CE candidates...

🧭 Checking momentum for NIFTY25D2326100CE (5 samples, every 1s):
delta = 0.5783, theta = -26.0979,  iv = 10.7718,  gamma = 0.0024,  vega = 5.9056,  rho = 0.5014, open_interest = 207155, ltp = 81.85
[NIFTY25D2326100CE] ⏱ Sample 1/5: LTP = ₹82.00
⚙️ Checking momentum for top 1 PE candidates...

🧭 Checking momentum for NIFTY25D2326200PE (5 samples, every 1s):
delta = -0.6693, theta = -23.034,  iv = 10.2621,  gamma = 0.0023,  vega = 5.4711,  rho = -0.5869, open_interest = 104948, ltp = 102.6
[NIFTY25D2326100CE] ⏱ Sample 2/5: LTP = ₹82.25
[NIFTY25D2326200PE] ⏱ Sample 1/5: LTP = ₹102.30
[NIFTY25D2326100CE] ⏱ Sample 3/5: LTP = ₹82.25
[NIFTY25D2326200PE] ⏱ Sample 2/5: LTP = ₹102.10
[NIFTY25D2326100CE] ⏱ Sample 4/5: LTP = ₹82.25
[NIFTY25D2326200PE] ⏱ Sample 3/5: LTP = ₹102.00
[NIFTY25D2326100CE] ⏱ Sample 5/5: LTP = ₹82.75
[NIFTY25D2326200PE] ⏱ Sample 4/5: LTP = ₹101.75
[NIFTY25D2326100CE] 📊 Avg Δ = 0.152%, Consistency = 100.0% → FLAT
[NIFTY25D2326100CE] 📈 Range ₹82.00 → ₹82.75

⚠️ No strong momentum found for CE (>0.25%, consistency >70%)
📊 Running momentum check for CE (NIFTY25D2326100CE)

🧭 Checking momentum for NIFTY25D2326100CE (5 samples, every 1s):
delta = 0.5775, theta = -26.0883,  iv = 10.7637,  gamma = 0.0024,  vega = 5.9078,  rho = 0.5007, open_interest = 207155, ltp = 82.7
[NIFTY25D2326100CE] ⏱ Sample 1/5: LTP = ₹82.70
[NIFTY25D2326200PE] ⏱ Sample 5/5: LTP = ₹102.10
[NIFTY25D2326100CE] ⏱ Sample 2/5: LTP = ₹82.20
[NIFTY25D2326200PE] 📊 Avg Δ = -0.090%, Consistency = 50.0% → FLAT
[NIFTY25D2326200PE] 📈 Range ₹102.30 → ₹102.10

⚠️ No strong momentum found for PE (>0.3%, consistency >70%)
📊 Running momentum check for PE (NIFTY25D2326200PE)

🧭 Checking momentum for NIFTY25D2326200PE (5 samples, every 1s):
delta = -0.6699, theta = -23.043,  iv = 10.2741,  gamma = 0.0023,  vega = 5.4669,  rho = -0.5874, open_interest = 104948, ltp = 102.25
[NIFTY25D2326200PE] ⏱ Sample 1/5: LTP = ₹101.95
[NIFTY25D2326100CE] ⏱ Sample 3/5: LTP = ₹82.55
[NIFTY25D2326200PE] ⏱ Sample 2/5: LTP = ₹102.00
[NIFTY25D2326100CE] ⏱ Sample 4/5: LTP = ₹82.50
[NIFTY25D2326200PE] ⏱ Sample 3/5: LTP = ₹101.55
[NIFTY25D2326100CE] ⏱ Sample 5/5: LTP = ₹81.95
[NIFTY25D2326200PE] ⏱ Sample 4/5: LTP = ₹102.35
[NIFTY25D2326100CE] 📊 Avg Δ = -0.091%, Consistency = 100.0% → FLAT
[NIFTY25D2326100CE] 📈 Range ₹82.70 → ₹81.95

✅ Momentum for CE: {'symbol': 'NIFTY25D2326100CE', 'avg_change': np.float64(-0.091), 'consistency': np.float64(100.0), 'direction': 'FLAT'}
🧩 Finished CE: NIFTY25D2326100CE, momentum={'symbol': 'NIFTY25D2326100CE', 'avg_change': np.float64(-0.091), 'consistency': np.float64(100.0), 'direction': 'FLAT'}
[NIFTY25D2326200PE] ⏱ Sample 5/5: LTP = ₹102.25
[NIFTY25D2326200PE] 📊 Avg Δ = 0.106%, Consistency = 100.0% → FLAT
[NIFTY25D2326200PE] 📈 Range ₹101.95 → ₹102.25

✅ Momentum for PE: {'symbol': 'NIFTY25D2326200PE', 'avg_change': np.float64(0.106), 'consistency': np.float64(100.0), 'direction': 'FLAT'}
🧩 Finished PE: NIFTY25D2326200PE, momentum={'symbol': 'NIFTY25D2326200PE', 'avg_change': np.float64(0.106), 'consistency': np.float64(100.0), 'direction': 'FLAT'}
🧮 Comparing CE vs PE momentum...
📈 CE momentum: -0.091% (FLAT, 100.0%)
📉 PE momentum: 0.106% (FLAT, 100.0%)
⚖️ Momentum similar — choosing PE fallback
✅ Selected: NIFTY25D2326200PE (PE) | LTP=103.5 | lot_size=75
🚫 Rejected: NIFTY25D2326100CE (CE)

🌀 Generated cURL for Groww Candle API:
curl --location 'https://api.groww.in/v1/historical/candles?exchange=NSE&segment=FNO&groww_symbol=NSE-NIFTY-23Dec25-26200-PE&start_time=2025-12-22 10:11:44&end_time=2025-12-22 10:14:44&candle_interval=1minute' \
  --header 'Accept: application/json' \
  --header 'Authorization: Bearer eyJraWQiOiJaTUtjVXciLCJhbGciOiJFUzI1NiJ9.eyJleHAiOjE3NjY0NDk4MDAsImlhdCI6MTc2NjM3ODYxNCwibmJmIjoxNzY2Mzc4NjE0LCJzdWIiOiJ7XCJ0b2tlblJlZklkXCI6XCIzMDQ0YzZkOS1hYzVhLTRmNTMtYWQzZC0wMWE1YjlmY2U5ODdcIixcInZlbmRvckludGVncmF0aW9uS2V5XCI6XCJlMzFmZjIzYjA4NmI0MDZjODg3NGIyZjZkODQ5NTMxM1wiLFwidXNlckFjY291bnRJZFwiOlwiMmVlMjYyMjItN2MwNS00Y2IwLWIwM2MtNzAzYWRmNWVmN2RkXCIsXCJkZXZpY2VJZFwiOlwiNWQwYzdjODgtMGI1OS01MDU0LTk5ZTYtYWU5MzY5OTc2ZmRiXCIsXCJzZXNzaW9uSWRcIjpcIjE3ZmU1MzRlLTRkN2QtNDc3ZS05ZWIyLWY0NTNiNzQyNmVmMFwiLFwiYWRkaXRpb25hbERhdGFcIjpcIno1NC9NZzltdjE2WXdmb0gvS0EwYktvMDZXRlpjc241VUNmTWF5aERtNGxSTkczdTlLa2pWZDNoWjU1ZStNZERhWXBOVi9UOUxIRmtQejFFQisybTdRPT1cIixcInJvbGVcIjpcIm9yZGVyLWJhc2ljLGxpdmVfZGF0YS1iYXNpYyxub25fdHJhZGluZy1iYXNpYyxvcmRlcl9yZWFkX29ubHktYmFzaWMsYmFja190ZXN0XCIsXCJzb3VyY2VJcEFkZHJlc3NcIjpudWxsLFwidHdvRmFFeHBpcnlUc1wiOjE3NjY0NDk4MDAwMDB9IiwiaXNzIjoiYXBleC1hdXRoLXByb2QtYXBwIn0._iHyYhVdu6tTztkF_IqDjP7OY4ypNQOonKv4ZMyMx8c7KIjiR7Tm58O-vUvwQPFsScQvxb0522PNQLRsFeq1Lg' \
  --header 'X-API-VERSION: 1.0'

📊 3-min candle trend → CE (O1=104.8, C3=102.4)
📊 Market Direction: CE
❌ Skipping — market direction conflicts with momentum.
🔍 Detecting best option between CE and PE for NIFTY 2025-12-23…
➡️  Searching CE between 80-130
➡️  Searching PE between 80-130
⚙️ Checking momentum for top 1 CE candidates...

🧭 Checking momentum for NIFTY25D2326100CE (5 samples, every 1s):
delta = 0.5799, theta = -26.1101,  iv = 10.7824,  gamma = 0.0024,  vega = 5.8991,  rho = 0.5026, open_interest = 207155, ltp = 84.1
⚙️ Checking momentum for top 1 PE candidates...

🧭 Checking momentum for NIFTY25D2326200PE (5 samples, every 1s):
delta = -0.6679, theta = -23.053,  iv = 10.2501,  gamma = 0.0023,  vega = 5.479,  rho = -0.5853, open_interest = 104948, ltp = 100.4
[NIFTY25D2326100CE] ⏱ Sample 1/5: LTP = ₹83.45
[NIFTY25D2326200PE] ⏱ Sample 1/5: LTP = ₹100.40
[NIFTY25D2326100CE] ⏱ Sample 2/5: LTP = ₹83.65
[NIFTY25D2326200PE] ⏱ Sample 2/5: LTP = ₹100.35
[NIFTY25D2326100CE] ⏱ Sample 3/5: LTP = ₹83.95
[NIFTY25D2326200PE] ⏱ Sample 3/5: LTP = ₹100.50
[NIFTY25D2326100CE] ⏱ Sample 4/5: LTP = ₹83.30
[NIFTY25D2326200PE] ⏱ Sample 4/5: LTP = ₹101.15
[NIFTY25D2326100CE] ⏱ Sample 5/5: LTP = ₹82.85
[NIFTY25D2326200PE] ⏱ Sample 5/5: LTP = ₹101.55
[NIFTY25D2326100CE] 📊 Avg Δ = -0.189%, Consistency = 100.0% → FLAT
[NIFTY25D2326100CE] 📈 Range ₹83.45 → ₹82.85

⚠️ No strong momentum found for CE (>0.25%, consistency >70%)
📊 Running momentum check for CE (NIFTY25D2326100CE)

🧭 Checking momentum for NIFTY25D2326100CE (5 samples, every 1s):
delta = 0.5839, theta = -26.0527,  iv = 10.7807,  gamma = 0.0024,  vega = 5.8871,  rho = 0.506, open_interest = 207155, ltp = 83.3
[NIFTY25D2326200PE] 📊 Avg Δ = 0.323%, Consistency = 100.0% → UP
[NIFTY25D2326200PE] 📈 Range ₹100.40 → ₹101.55

🏆 Selected PE: NIFTY25D2326200PE (UP | 0.32% | Consistency 100.0%)
📊 Running momentum check for PE (NIFTY25D2326200PE)

🧭 Checking momentum for NIFTY25D2326200PE (5 samples, every 1s):
[NIFTY25D2326100CE] ⏱ Sample 1/5: LTP = ₹83.30
delta = -0.6636, theta = -23.2324,  iv = 10.2771,  gamma = 0.0024,  vega = 5.5071,  rho = -0.5816, open_interest = 104948, ltp = 101.2
[NIFTY25D2326200PE] ⏱ Sample 1/5: LTP = ₹101.00
[NIFTY25D2326100CE] ⏱ Sample 2/5: LTP = ₹83.30
[NIFTY25D2326200PE] ⏱ Sample 2/5: LTP = ₹101.10
[NIFTY25D2326100CE] ⏱ Sample 3/5: LTP = ₹82.70
[NIFTY25D2326200PE] ⏱ Sample 3/5: LTP = ₹101.90
[NIFTY25D2326100CE] ⏱ Sample 4/5: LTP = ₹82.60
[NIFTY25D2326200PE] ⏱ Sample 4/5: LTP = ₹101.60
[NIFTY25D2326100CE] ⏱ Sample 5/5: LTP = ₹83.00
[NIFTY25D2326200PE] ⏱ Sample 5/5: LTP = ₹101.80
[NIFTY25D2326100CE] 📊 Avg Δ = -0.201%, Consistency = 100.0% → FLAT
[NIFTY25D2326100CE] 📈 Range ₹83.30 → ₹83.00

✅ Momentum for CE: {'symbol': 'NIFTY25D2326100CE', 'avg_change': np.float64(-0.201), 'consistency': np.float64(100.0), 'direction': 'FLAT'}
🧩 Finished CE: NIFTY25D2326100CE, momentum={'symbol': 'NIFTY25D2326100CE', 'avg_change': np.float64(-0.201), 'consistency': np.float64(100.0), 'direction': 'FLAT'}
[NIFTY25D2326200PE] 📊 Avg Δ = 0.214%, Consistency = 100.0% → FLAT
[NIFTY25D2326200PE] 📈 Range ₹101.00 → ₹101.80

✅ Momentum for PE: {'symbol': 'NIFTY25D2326200PE', 'avg_change': np.float64(0.214), 'consistency': np.float64(100.0), 'direction': 'FLAT'}
🧩 Finished PE: NIFTY25D2326200PE, momentum={'symbol': 'NIFTY25D2326200PE', 'avg_change': np.float64(0.214), 'consistency': np.float64(100.0), 'direction': 'FLAT'}
🧮 Comparing CE vs PE momentum...
📈 CE momentum: -0.201% (FLAT, 100.0%)
📉 PE momentum: 0.214% (FLAT, 100.0%)
✅ Selected PE (stronger momentum)
✅ Selected: NIFTY25D2326200PE (PE) | LTP=100.75 | lot_size=75
🚫 Rejected: NIFTY25D2326100CE (CE)

🌀 Generated cURL for Groww Candle API:
curl --location 'https://api.groww.in/v1/historical/candles?exchange=NSE&segment=FNO&groww_symbol=NSE-NIFTY-23Dec25-26200-PE&start_time=2025-12-22 10:12:40&end_time=2025-12-22 10:15:40&candle_interval=1minute' \
  --header 'Accept: application/json' \
  --header 'Authorization: Bearer eyJraWQiOiJaTUtjVXciLCJhbGciOiJFUzI1NiJ9.eyJleHAiOjE3NjY0NDk4MDAsImlhdCI6MTc2NjM3ODYxNCwibmJmIjoxNzY2Mzc4NjE0LCJzdWIiOiJ7XCJ0b2tlblJlZklkXCI6XCIzMDQ0YzZkOS1hYzVhLTRmNTMtYWQzZC0wMWE1YjlmY2U5ODdcIixcInZlbmRvckludGVncmF0aW9uS2V5XCI6XCJlMzFmZjIzYjA4NmI0MDZjODg3NGIyZjZkODQ5NTMxM1wiLFwidXNlckFjY291bnRJZFwiOlwiMmVlMjYyMjItN2MwNS00Y2IwLWIwM2MtNzAzYWRmNWVmN2RkXCIsXCJkZXZpY2VJZFwiOlwiNWQwYzdjODgtMGI1OS01MDU0LTk5ZTYtYWU5MzY5OTc2ZmRiXCIsXCJzZXNzaW9uSWRcIjpcIjE3ZmU1MzRlLTRkN2QtNDc3ZS05ZWIyLWY0NTNiNzQyNmVmMFwiLFwiYWRkaXRpb25hbERhdGFcIjpcIno1NC9NZzltdjE2WXdmb0gvS0EwYktvMDZXRlpjc241VUNmTWF5aERtNGxSTkczdTlLa2pWZDNoWjU1ZStNZERhWXBOVi9UOUxIRmtQejFFQisybTdRPT1cIixcInJvbGVcIjpcIm9yZGVyLWJhc2ljLGxpdmVfZGF0YS1iYXNpYyxub25fdHJhZGluZy1iYXNpYyxvcmRlcl9yZWFkX29ubHktYmFzaWMsYmFja190ZXN0XCIsXCJzb3VyY2VJcEFkZHJlc3NcIjpudWxsLFwidHdvRmFFeHBpcnlUc1wiOjE3NjY0NDk4MDAwMDB9IiwiaXNzIjoiYXBleC1hdXRoLXByb2QtYXBwIn0._iHyYhVdu6tTztkF_IqDjP7OY4ypNQOonKv4ZMyMx8c7KIjiR7Tm58O-vUvwQPFsScQvxb0522PNQLRsFeq1Lg' \
  --header 'X-API-VERSION: 1.0'

📊 3-min candle trend → CE (O1=102.95, C3=101.45)
📊 Market Direction: CE
❌ Skipping — market direction conflicts with momentum.
🔍 Detecting best option between CE and PE for NIFTY 2025-12-23…
➡️  Searching CE between 80-130
➡️  Searching PE between 80-130
⚙️ Checking momentum for top 1 CE candidates...

🧭 Checking momentum for NIFTY25D2326100CE (5 samples, every 1s):
delta = 0.5848, theta = -26.1328,  iv = 10.8156,  gamma = 0.0024,  vega = 5.8828,  rho = 0.5065, open_interest = 207155, ltp = 83
[NIFTY25D2326100CE] ⏱ Sample 1/5: LTP = ₹83.00
⚙️ Checking momentum for top 1 PE candidates...

🧭 Checking momentum for NIFTY25D2326200PE (5 samples, every 1s):
delta = -0.6626, theta = -23.2736,  iv = 10.2798,  gamma = 0.0024,  vega = 5.5123,  rho = -0.5803, open_interest = 104948, ltp = 101.85
[NIFTY25D2326200PE] ⏱ Sample 1/5: LTP = ₹101.85
[NIFTY25D2326100CE] ⏱ Sample 2/5: LTP = ₹82.80
[NIFTY25D2326200PE] ⏱ Sample 2/5: LTP = ₹101.65
[NIFTY25D2326100CE] ⏱ Sample 3/5: LTP = ₹82.80
[NIFTY25D2326200PE] ⏱ Sample 3/5: LTP = ₹102.05
[NIFTY25D2326100CE] ⏱ Sample 4/5: LTP = ₹82.55
[NIFTY25D2326200PE] ⏱ Sample 4/5: LTP = ₹101.40
[NIFTY25D2326100CE] ⏱ Sample 5/5: LTP = ₹83.10
[NIFTY25D2326100CE] 📊 Avg Δ = -0.030%, Consistency = 50.0% → FLAT
[NIFTY25D2326100CE] 📈 Range ₹83.00 → ₹83.10

⚠️ No strong momentum found for CE (>0.25%, consistency >70%)
📊 Running momentum check for CE (NIFTY25D2326100CE)

🧭 Checking momentum for NIFTY25D2326100CE (5 samples, every 1s):
[NIFTY25D2326200PE] ⏱ Sample 5/5: LTP = ₹101.50
delta = 0.5844, theta = -26.1325,  iv = 10.8135,  gamma = 0.0024,  vega = 5.8839,  rho = 0.5062, open_interest = 207155, ltp = 83.1
[NIFTY25D2326100CE] ⏱ Sample 1/5: LTP = ₹83.10
[NIFTY25D2326200PE] 📊 Avg Δ = -0.098%, Consistency = 100.0% → FLAT
[NIFTY25D2326200PE] 📈 Range ₹101.85 → ₹101.50

⚠️ No strong momentum found for PE (>0.3%, consistency >70%)
📊 Running momentum check for PE (NIFTY25D2326200PE)

🧭 Checking momentum for NIFTY25D2326200PE (5 samples, every 1s):
delta = -0.663, theta = -23.2401,  iv = 10.2708,  gamma = 0.0024,  vega = 5.5091,  rho = -0.5808, open_interest = 104948, ltp = 102.1
[NIFTY25D2326200PE] ⏱ Sample 1/5: LTP = ₹102.10
[NIFTY25D2326100CE] ⏱ Sample 2/5: LTP = ₹82.50
[NIFTY25D2326200PE] ⏱ Sample 2/5: LTP = ₹102.10
[NIFTY25D2326100CE] ⏱ Sample 3/5: LTP = ₹82.25
[NIFTY25D2326200PE] ⏱ Sample 3/5: LTP = ₹102.05
[NIFTY25D2326100CE] ⏱ Sample 4/5: LTP = ₹82.45
[NIFTY25D2326200PE] ⏱ Sample 4/5: LTP = ₹101.85
[NIFTY25D2326100CE] ⏱ Sample 5/5: LTP = ₹82.70
[NIFTY25D2326200PE] ⏱ Sample 5/5: LTP = ₹101.95
[NIFTY25D2326100CE] 📊 Avg Δ = -0.091%, Consistency = 50.0% → FLAT
[NIFTY25D2326100CE] 📈 Range ₹83.10 → ₹82.70

✅ Momentum for CE: {'symbol': 'NIFTY25D2326100CE', 'avg_change': np.float64(-0.091), 'consistency': np.float64(50.0), 'direction': 'FLAT'}
🧩 Finished CE: NIFTY25D2326100CE, momentum={'symbol': 'NIFTY25D2326100CE', 'avg_change': np.float64(-0.091), 'consistency': np.float64(50.0), 'direction': 'FLAT'}
[NIFTY25D2326200PE] 📊 Avg Δ = -0.065%, Consistency = 100.0% → FLAT
[NIFTY25D2326200PE] 📈 Range ₹102.10 → ₹101.95

✅ Momentum for PE: {'symbol': 'NIFTY25D2326200PE', 'avg_change': np.float64(-0.065), 'consistency': np.float64(100.0), 'direction': 'FLAT'}
🧩 Finished PE: NIFTY25D2326200PE, momentum={'symbol': 'NIFTY25D2326200PE', 'avg_change': np.float64(-0.065), 'consistency': np.float64(100.0), 'direction': 'FLAT'}
🧮 Comparing CE vs PE momentum...
📈 CE momentum: -0.091% (FLAT, 50.0%)
📉 PE momentum: -0.065% (FLAT, 100.0%)
⚖️ Momentum similar — choosing PE fallback
✅ Selected: NIFTY25D2326200PE (PE) | LTP=101.0 | lot_size=75
🚫 Rejected: NIFTY25D2326100CE (CE)

🌀 Generated cURL for Groww Candle API:
curl --location 'https://api.groww.in/v1/historical/candles?exchange=NSE&segment=FNO&groww_symbol=NSE-NIFTY-23Dec25-26200-PE&start_time=2025-12-22 10:13:37&end_time=2025-12-22 10:16:37&candle_interval=1minute' \
  --header 'Accept: application/json' \
  --header 'Authorization: Bearer eyJraWQiOiJaTUtjVXciLCJhbGciOiJFUzI1NiJ9.eyJleHAiOjE3NjY0NDk4MDAsImlhdCI6MTc2NjM3ODYxNCwibmJmIjoxNzY2Mzc4NjE0LCJzdWIiOiJ7XCJ0b2tlblJlZklkXCI6XCIzMDQ0YzZkOS1hYzVhLTRmNTMtYWQzZC0wMWE1YjlmY2U5ODdcIixcInZlbmRvckludGVncmF0aW9uS2V5XCI6XCJlMzFmZjIzYjA4NmI0MDZjODg3NGIyZjZkODQ5NTMxM1wiLFwidXNlckFjY291bnRJZFwiOlwiMmVlMjYyMjItN2MwNS00Y2IwLWIwM2MtNzAzYWRmNWVmN2RkXCIsXCJkZXZpY2VJZFwiOlwiNWQwYzdjODgtMGI1OS01MDU0LTk5ZTYtYWU5MzY5OTc2ZmRiXCIsXCJzZXNzaW9uSWRcIjpcIjE3ZmU1MzRlLTRkN2QtNDc3ZS05ZWIyLWY0NTNiNzQyNmVmMFwiLFwiYWRkaXRpb25hbERhdGFcIjpcIno1NC9NZzltdjE2WXdmb0gvS0EwYktvMDZXRlpjc241VUNmTWF5aERtNGxSTkczdTlLa2pWZDNoWjU1ZStNZERhWXBOVi9UOUxIRmtQejFFQisybTdRPT1cIixcInJvbGVcIjpcIm9yZGVyLWJhc2ljLGxpdmVfZGF0YS1iYXNpYyxub25fdHJhZGluZy1iYXNpYyxvcmRlcl9yZWFkX29ubHktYmFzaWMsYmFja190ZXN0XCIsXCJzb3VyY2VJcEFkZHJlc3NcIjpudWxsLFwidHdvRmFFeHBpcnlUc1wiOjE3NjY0NDk4MDAwMDB9IiwiaXNzIjoiYXBleC1hdXRoLXByb2QtYXBwIn0._iHyYhVdu6tTztkF_IqDjP7OY4ypNQOonKv4ZMyMx8c7KIjiR7Tm58O-vUvwQPFsScQvxb0522PNQLRsFeq1Lg' \
  --header 'X-API-VERSION: 1.0'

📊 3-min candle trend → PE (O1=101.4, C3=102.35)
📊 Market Direction: PE
✅ Market confirms PE
Checking delta/theta/OI for selected option === NIFTY25D2326200PE
delta = -0.6676, volume = 593833,  iv = 10.2257,  gamma = 0.0024,  vega = 5.4793,  rho = -0.5847, open_interest = 104120, ltp = 102.25
user_confirmation_needed : False
➡️ Placing SELECTED order (PE)
🔹 Auto order => NIFTY25D2326200PE, qty=1050, book@1050.0 ====== [2025-12-22 10:16:39]
💰 LTP for NSE_NIFTY25D2326200PE: ₹103.1 ====== [2025-12-22 10:16:39]
✅ Auto Buy placed: :{'groww_order_id': 'GMKFO251222101639CZBG6ROFSKUO', 'order_status': 'NEW', 'order_reference_id': '46310981', 'remark': None} ======= [2025-12-22 10:16:40]
📈 Trailing started...
🔼 New High: ₹103.25
🔼 New High: ₹103.4
🔼 New High: ₹103.8
🔼 New High: ₹103.85
🔼 New High: ₹103.9
🔼 New High: ₹104.8
📉 Trail Active | LTP=104.8 | Exit=104.05
📉 Trail Active | LTP=104.3 | Exit=104.05
📉 Trail Active | LTP=104.1 | Exit=104.05
📉 Trail Active | LTP=104.3 | Exit=104.05
📉 Trail Active | LTP=103.75 | Exit=104.05
🔻 Trailing HIT @ 103.35
Waiting for 1 min to get another data.
🔍 Detecting best option between CE and PE for NIFTY 2025-12-23…
➡️  Searching CE between 80-130
➡️  Searching PE between 80-130
⚙️ Checking momentum for top 1 CE candidates...

🧭 Checking momentum for NIFTY25D2326100CE (5 samples, every 1s):
delta = 0.5827, theta = -26.0963,  iv = 10.7796,  gamma = 0.0024,  vega = 5.8841,  rho = 0.5038, open_interest = 209359, ltp = 82.9
⚙️ Checking momentum for top 1 PE candidates...

🧭 Checking momentum for NIFTY25D2326200PE (5 samples, every 1s):
delta = -0.6642, theta = -23.0856,  iv = 10.2069,  gamma = 0.0024,  vega = 5.4974,  rho = -0.5807, open_interest = 106205, ltp = 101.45
[NIFTY25D2326100CE] ⏱ Sample 1/5: LTP = ₹82.75
[NIFTY25D2326200PE] ⏱ Sample 1/5: LTP = ₹101.70
[NIFTY25D2326100CE] ⏱ Sample 2/5: LTP = ₹82.50
[NIFTY25D2326200PE] ⏱ Sample 2/5: LTP = ₹101.60
[NIFTY25D2326100CE] ⏱ Sample 3/5: LTP = ₹81.80
[NIFTY25D2326200PE] ⏱ Sample 3/5: LTP = ₹102.30
[NIFTY25D2326100CE] ⏱ Sample 4/5: LTP = ₹82.05
[NIFTY25D2326200PE] ⏱ Sample 4/5: LTP = ₹102.25
[NIFTY25D2326100CE] ⏱ Sample 5/5: LTP = ₹81.95
[NIFTY25D2326200PE] ⏱ Sample 5/5: LTP = ₹102.50
[NIFTY25D2326100CE] 📊 Avg Δ = -0.253%, Consistency = 100.0% → DOWN
[NIFTY25D2326100CE] 📈 Range ₹82.75 → ₹81.95

🏆 Selected CE: NIFTY25D2326100CE (DOWN | -0.25% | Consistency 100.0%)
📊 Running momentum check for CE (NIFTY25D2326100CE)

🧭 Checking momentum for NIFTY25D2326100CE (5 samples, every 1s):
delta = 0.5827, theta = -26.0963,  iv = 10.7796,  gamma = 0.0024,  vega = 5.8841,  rho = 0.5038, open_interest = 209359, ltp = 82.55
[NIFTY25D2326200PE] 📊 Avg Δ = 0.237%, Consistency = 100.0% → FLAT
[NIFTY25D2326200PE] 📈 Range ₹101.70 → ₹102.50

⚠️ No strong momentum found for PE (>0.3%, consistency >70%)
📊 Running momentum check for PE (NIFTY25D2326200PE)

🧭 Checking momentum for NIFTY25D2326200PE (5 samples, every 1s):
delta = -0.6671, theta = -23.0816,  iv = 10.2406,  gamma = 0.0024,  vega = 5.4783,  rho = -0.5833, open_interest = 106205, ltp = 101.35
[NIFTY25D2326100CE] ⏱ Sample 1/5: LTP = ₹82.55
[NIFTY25D2326200PE] ⏱ Sample 1/5: LTP = ₹101.35
[NIFTY25D2326100CE] ⏱ Sample 2/5: LTP = ₹82.00
[NIFTY25D2326200PE] ⏱ Sample 2/5: LTP = ₹101.55
[NIFTY25D2326100CE] ⏱ Sample 3/5: LTP = ₹82.35
[NIFTY25D2326200PE] ⏱ Sample 3/5: LTP = ₹101.50
[NIFTY25D2326100CE] ⏱ Sample 4/5: LTP = ₹82.75
[NIFTY25D2326200PE] ⏱ Sample 4/5: LTP = ₹101.15
[NIFTY25D2326100CE] ⏱ Sample 5/5: LTP = ₹82.80
[NIFTY25D2326200PE] ⏱ Sample 5/5: LTP = ₹101.25
[NIFTY25D2326100CE] 📊 Avg Δ = 0.202%, Consistency = 100.0% → FLAT
[NIFTY25D2326100CE] 📈 Range ₹82.55 → ₹82.80

✅ Momentum for CE: {'symbol': 'NIFTY25D2326100CE', 'avg_change': np.float64(0.202), 'consistency': np.float64(100.0), 'direction': 'FLAT'}
🧩 Finished CE: NIFTY25D2326100CE, momentum={'symbol': 'NIFTY25D2326100CE', 'avg_change': np.float64(0.202), 'consistency': np.float64(100.0), 'direction': 'FLAT'}
[NIFTY25D2326200PE] 📊 Avg Δ = -0.082%, Consistency = 100.0% → FLAT
[NIFTY25D2326200PE] 📈 Range ₹101.35 → ₹101.25

✅ Momentum for PE: {'symbol': 'NIFTY25D2326200PE', 'avg_change': np.float64(-0.082), 'consistency': np.float64(100.0), 'direction': 'FLAT'}
🧩 Finished PE: NIFTY25D2326200PE, momentum={'symbol': 'NIFTY25D2326200PE', 'avg_change': np.float64(-0.082), 'consistency': np.float64(100.0), 'direction': 'FLAT'}
🧮 Comparing CE vs PE momentum...
📈 CE momentum: 0.202% (FLAT, 100.0%)
📉 PE momentum: -0.082% (FLAT, 100.0%)
✅ Selected CE (stronger momentum)
✅ Selected: NIFTY25D2326100CE (CE) | LTP=83.2 | lot_size=75
🚫 Rejected: NIFTY25D2326200PE (PE)

🌀 Generated cURL for Groww Candle API:
curl --location 'https://api.groww.in/v1/historical/candles?exchange=NSE&segment=FNO&groww_symbol=NSE-NIFTY-23Dec25-26100-CE&start_time=2025-12-22 10:17:09&end_time=2025-12-22 10:20:09&candle_interval=1minute' \
  --header 'Accept: application/json' \
  --header 'Authorization: Bearer eyJraWQiOiJaTUtjVXciLCJhbGciOiJFUzI1NiJ9.eyJleHAiOjE3NjY0NDk4MDAsImlhdCI6MTc2NjM3ODYxNCwibmJmIjoxNzY2Mzc4NjE0LCJzdWIiOiJ7XCJ0b2tlblJlZklkXCI6XCIzMDQ0YzZkOS1hYzVhLTRmNTMtYWQzZC0wMWE1YjlmY2U5ODdcIixcInZlbmRvckludGVncmF0aW9uS2V5XCI6XCJlMzFmZjIzYjA4NmI0MDZjODg3NGIyZjZkODQ5NTMxM1wiLFwidXNlckFjY291bnRJZFwiOlwiMmVlMjYyMjItN2MwNS00Y2IwLWIwM2MtNzAzYWRmNWVmN2RkXCIsXCJkZXZpY2VJZFwiOlwiNWQwYzdjODgtMGI1OS01MDU0LTk5ZTYtYWU5MzY5OTc2ZmRiXCIsXCJzZXNzaW9uSWRcIjpcIjE3ZmU1MzRlLTRkN2QtNDc3ZS05ZWIyLWY0NTNiNzQyNmVmMFwiLFwiYWRkaXRpb25hbERhdGFcIjpcIno1NC9NZzltdjE2WXdmb0gvS0EwYktvMDZXRlpjc241VUNmTWF5aERtNGxSTkczdTlLa2pWZDNoWjU1ZStNZERhWXBOVi9UOUxIRmtQejFFQisybTdRPT1cIixcInJvbGVcIjpcIm9yZGVyLWJhc2ljLGxpdmVfZGF0YS1iYXNpYyxub25fdHJhZGluZy1iYXNpYyxvcmRlcl9yZWFkX29ubHktYmFzaWMsYmFja190ZXN0XCIsXCJzb3VyY2VJcEFkZHJlc3NcIjpudWxsLFwidHdvRmFFeHBpcnlUc1wiOjE3NjY0NDk4MDAwMDB9IiwiaXNzIjoiYXBleC1hdXRoLXByb2QtYXBwIn0._iHyYhVdu6tTztkF_IqDjP7OY4ypNQOonKv4ZMyMx8c7KIjiR7Tm58O-vUvwQPFsScQvxb0522PNQLRsFeq1Lg' \
  --header 'X-API-VERSION: 1.0'

📊 3-min candle trend → CE (O1=81.45, C3=81.9)
📊 Market Direction: CE
✅ Market confirms CE
Checking delta/theta/OI for selected option === NIFTY25D2326100CE
delta = 0.5813, volume = 2018313,  iv = 10.7794,  gamma = 0.0024,  vega = 5.8885,  rho = 0.5026, open_interest = 209359, ltp = 81.75
user_confirmation_needed : False
➡️ Placing SELECTED order (CE)
🔹 Auto order => NIFTY25D2326100CE, qty=1050, book@1050.0 ====== [2025-12-22 10:20:11]
💰 LTP for NSE_NIFTY25D2326100CE: ₹81.4 ====== [2025-12-22 10:20:12]
✅ Auto Buy placed: :{'groww_order_id': 'GMKFO251222102011MEDDV0A880F3', 'order_status': 'NEW', 'order_reference_id': '22406344', 'remark': None} ======= [2025-12-22 10:20:13]
📈 Trailing started...
🔼 New High: ₹81.45
🔼 New High: ₹81.8
🔼 New High: ₹81.95
🔼 New High: ₹82.25
🔼 New High: ₹82.5
🔼 New High: ₹82.6
🔼 New High: ₹82.8
📉 Trail Active | LTP=82.8 | Exit=82.05
📉 Trail Active | LTP=82.5 | Exit=82.05
📉 Trail Active | LTP=82.5 | Exit=82.05
📉 Trail Active | LTP=82.45 | Exit=82.05
📉 Trail Active | LTP=82.75 | Exit=82.05
📉 Trail Active | LTP=82.65 | Exit=82.05
🔼 New High: ₹82.95
📉 Trail Active | LTP=82.95 | Exit=82.2
📉 Trail Active | LTP=82.8 | Exit=82.2
📉 Trail Active | LTP=82.8 | Exit=82.2
📉 Trail Active | LTP=82.6 | Exit=82.2
📉 Trail Active | LTP=81.75 | Exit=82.2
🔻 Trailing HIT @ 82.15
Waiting for 1 min to get another data.
🔍 Detecting best option between CE and PE for NIFTY 2025-12-23…
➡️  Searching CE between 80-130
➡️  Searching PE between 80-130
⚙️ Checking momentum for top 1 CE candidates...

🧭 Checking momentum for NIFTY25D2326100CE (5 samples, every 1s):
delta = 0.5768, theta = -26.0472,  iv = 10.7186,  gamma = 0.0024,  vega = 5.8964,  rho = 0.4978, open_interest = 209540, ltp = 80.2
⚙️ Checking momentum for top 1 PE candidates...

🧭 Checking momentum for NIFTY25D2326200PE (5 samples, every 1s):
delta = -0.6731, theta = -22.8575,  iv = 10.205,  gamma = 0.0023,  vega = 5.4316,  rho = -0.5872, open_interest = 107757, ltp = 103.8
[NIFTY25D2326100CE] ⏱ Sample 1/5: LTP = ₹80.20
[NIFTY25D2326200PE] ⏱ Sample 1/5: LTP = ₹103.80
[NIFTY25D2326100CE] ⏱ Sample 2/5: LTP = ₹79.50
[NIFTY25D2326200PE] ⏱ Sample 2/5: LTP = ₹103.90
[NIFTY25D2326100CE] ⏱ Sample 3/5: LTP = ₹80.05
[NIFTY25D2326200PE] ⏱ Sample 3/5: LTP = ₹103.75
[NIFTY25D2326100CE] ⏱ Sample 4/5: LTP = ₹80.50
[NIFTY25D2326200PE] ⏱ Sample 4/5: LTP = ₹103.75
[NIFTY25D2326100CE] ⏱ Sample 5/5: LTP = ₹79.95
[NIFTY25D2326200PE] ⏱ Sample 5/5: LTP = ₹103.80
[NIFTY25D2326100CE] 📊 Avg Δ = 0.156%, Consistency = 100.0% → FLAT
[NIFTY25D2326100CE] 📈 Range ₹80.20 → ₹79.95

⚠️ No strong momentum found for CE (>0.25%, consistency >70%)
📊 Running momentum check for CE (NIFTY25D2326100CE)

🧭 Checking momentum for NIFTY25D2326100CE (5 samples, every 1s):
delta = 0.5763, theta = -26.0747,  iv = 10.7242,  gamma = 0.0024,  vega = 5.8961,  rho = 0.4971, open_interest = 209540, ltp = 80.95
[NIFTY25D2326200PE] 📊 Avg Δ = -0.024%, Consistency = 100.0% → FLAT
[NIFTY25D2326200PE] 📈 Range ₹103.80 → ₹103.80

⚠️ No strong momentum found for PE (>0.3%, consistency >70%)
📊 Running momentum check for PE (NIFTY25D2326200PE)

🧭 Checking momentum for NIFTY25D2326200PE (5 samples, every 1s):
delta = -0.6769, theta = -22.7287,  iv = 10.1965,  gamma = 0.0023,  vega = 5.4055,  rho = -0.5904, open_interest = 107757, ltp = 103.05
[NIFTY25D2326100CE] ⏱ Sample 1/5: LTP = ₹80.90
[NIFTY25D2326200PE] ⏱ Sample 1/5: LTP = ₹103.05
[NIFTY25D2326100CE] ⏱ Sample 2/5: LTP = ₹80.60
[NIFTY25D2326200PE] ⏱ Sample 2/5: LTP = ₹103.10
[NIFTY25D2326100CE] ⏱ Sample 3/5: LTP = ₹81.40
[NIFTY25D2326200PE] ⏱ Sample 3/5: LTP = ₹102.45
[NIFTY25D2326100CE] ⏱ Sample 4/5: LTP = ₹81.35
[NIFTY25D2326200PE] ⏱ Sample 4/5: LTP = ₹101.85
[NIFTY25D2326100CE] ⏱ Sample 5/5: LTP = ₹81.60
[NIFTY25D2326200PE] ⏱ Sample 5/5: LTP = ₹101.65
[NIFTY25D2326100CE] 📊 Avg Δ = 0.298%, Consistency = 100.0% → UP
[NIFTY25D2326100CE] 📈 Range ₹80.90 → ₹81.60

✅ Momentum for CE: {'symbol': 'NIFTY25D2326100CE', 'avg_change': np.float64(0.298), 'consistency': np.float64(100.0), 'direction': 'UP'}
🧩 Finished CE: NIFTY25D2326100CE, momentum={'symbol': 'NIFTY25D2326100CE', 'avg_change': np.float64(0.298), 'consistency': np.float64(100.0), 'direction': 'UP'}
[NIFTY25D2326200PE] 📊 Avg Δ = -0.430%, Consistency = 100.0% → DOWN
[NIFTY25D2326200PE] 📈 Range ₹103.05 → ₹101.65

✅ Momentum for PE: {'symbol': 'NIFTY25D2326200PE', 'avg_change': np.float64(-0.43), 'consistency': np.float64(100.0), 'direction': 'DOWN'}
🧩 Finished PE: NIFTY25D2326200PE, momentum={'symbol': 'NIFTY25D2326200PE', 'avg_change': np.float64(-0.43), 'consistency': np.float64(100.0), 'direction': 'DOWN'}
🧮 Comparing CE vs PE momentum...
📈 CE momentum: 0.298% (UP, 100.0%)
📉 PE momentum: -0.430% (DOWN, 100.0%)
✅ Selected CE (stronger momentum)
✅ Selected: NIFTY25D2326100CE (CE) | LTP=81.45 | lot_size=75
🚫 Rejected: NIFTY25D2326200PE (PE)

🌀 Generated cURL for Groww Candle API:
curl --location 'https://api.groww.in/v1/historical/candles?exchange=NSE&segment=FNO&groww_symbol=NSE-NIFTY-23Dec25-26100-CE&start_time=2025-12-22 10:20:28&end_time=2025-12-22 10:23:28&candle_interval=1minute' \
  --header 'Accept: application/json' \
  --header 'Authorization: Bearer eyJraWQiOiJaTUtjVXciLCJhbGciOiJFUzI1NiJ9.eyJleHAiOjE3NjY0NDk4MDAsImlhdCI6MTc2NjM3ODYxNCwibmJmIjoxNzY2Mzc4NjE0LCJzdWIiOiJ7XCJ0b2tlblJlZklkXCI6XCIzMDQ0YzZkOS1hYzVhLTRmNTMtYWQzZC0wMWE1YjlmY2U5ODdcIixcInZlbmRvckludGVncmF0aW9uS2V5XCI6XCJlMzFmZjIzYjA4NmI0MDZjODg3NGIyZjZkODQ5NTMxM1wiLFwidXNlckFjY291bnRJZFwiOlwiMmVlMjYyMjItN2MwNS00Y2IwLWIwM2MtNzAzYWRmNWVmN2RkXCIsXCJkZXZpY2VJZFwiOlwiNWQwYzdjODgtMGI1OS01MDU0LTk5ZTYtYWU5MzY5OTc2ZmRiXCIsXCJzZXNzaW9uSWRcIjpcIjE3ZmU1MzRlLTRkN2QtNDc3ZS05ZWIyLWY0NTNiNzQyNmVmMFwiLFwiYWRkaXRpb25hbERhdGFcIjpcIno1NC9NZzltdjE2WXdmb0gvS0EwYktvMDZXRlpjc241VUNmTWF5aERtNGxSTkczdTlLa2pWZDNoWjU1ZStNZERhWXBOVi9UOUxIRmtQejFFQisybTdRPT1cIixcInJvbGVcIjpcIm9yZGVyLWJhc2ljLGxpdmVfZGF0YS1iYXNpYyxub25fdHJhZGluZy1iYXNpYyxvcmRlcl9yZWFkX29ubHktYmFzaWMsYmFja190ZXN0XCIsXCJzb3VyY2VJcEFkZHJlc3NcIjpudWxsLFwidHdvRmFFeHBpcnlUc1wiOjE3NjY0NDk4MDAwMDB9IiwiaXNzIjoiYXBleC1hdXRoLXByb2QtYXBwIn0._iHyYhVdu6tTztkF_IqDjP7OY4ypNQOonKv4ZMyMx8c7KIjiR7Tm58O-vUvwQPFsScQvxb0522PNQLRsFeq1Lg' \
  --header 'X-API-VERSION: 1.0'

📊 3-min candle trend → PE (O1=82.75, C3=81.9)
📊 Market Direction: PE
❌ Skipping — market direction conflicts with momentum.
🔍 Detecting best option between CE and PE for NIFTY 2025-12-23…
➡️  Searching CE between 80-130
➡️  Searching PE between 80-130
⚙️ Checking momentum for top 1 CE candidates...

🧭 Checking momentum for NIFTY25D2326100CE (5 samples, every 1s):
delta = 0.5811, theta = -25.9806,  iv = 10.7109,  gamma = 0.0024,  vega = 5.8821,  rho = 0.5013, open_interest = 209540, ltp = 82.95
⚙️ Checking momentum for top 1 PE candidates...

🧭 Checking momentum for NIFTY25D2326200PE (5 samples, every 1s):
delta = -0.6694, theta = -22.8442,  iv = 10.1515,  gamma = 0.0024,  vega = 5.457,  rho = -0.5839, open_interest = 107757, ltp = 99.8
[NIFTY25D2326100CE] ⏱ Sample 1/5: LTP = ₹83.00
[NIFTY25D2326200PE] ⏱ Sample 1/5: LTP = ₹99.95
[NIFTY25D2326100CE] ⏱ Sample 2/5: LTP = ₹82.65
[NIFTY25D2326200PE] ⏱ Sample 2/5: LTP = ₹100.05
[NIFTY25D2326100CE] ⏱ Sample 3/5: LTP = ₹83.25
[NIFTY25D2326200PE] ⏱ Sample 3/5: LTP = ₹99.85
[NIFTY25D2326100CE] ⏱ Sample 4/5: LTP = ₹83.10
[NIFTY25D2326200PE] ⏱ Sample 4/5: LTP = ₹100.55
[NIFTY25D2326100CE] ⏱ Sample 5/5: LTP = ₹82.85
[NIFTY25D2326200PE] ⏱ Sample 5/5: LTP = ₹100.45
[NIFTY25D2326100CE] 📊 Avg Δ = 0.060%, Consistency = 100.0% → FLAT
[NIFTY25D2326100CE] 📈 Range ₹83.00 → ₹82.85

⚠️ No strong momentum found for CE (>0.25%, consistency >70%)
📊 Running momentum check for CE (NIFTY25D2326100CE)

🧭 Checking momentum for NIFTY25D2326100CE (5 samples, every 1s):
delta = 0.5883, theta = -25.8861,  iv = 10.7097,  gamma = 0.0024,  vega = 5.858,  rho = 0.5072, open_interest = 209540, ltp = 82.6
[NIFTY25D2326200PE] 📊 Avg Δ = 0.167%, Consistency = 100.0% → FLAT
[NIFTY25D2326200PE] 📈 Range ₹99.95 → ₹100.45

⚠️ No strong momentum found for PE (>0.3%, consistency >70%)
📊 Running momentum check for PE (NIFTY25D2326200PE)

🧭 Checking momentum for NIFTY25D2326200PE (5 samples, every 1s):
delta = -0.6627, theta = -22.9837,  iv = 10.1298,  gamma = 0.0024,  vega = 5.499,  rho = -0.5778, open_interest = 107757, ltp = 100.65
[NIFTY25D2326100CE] ⏱ Sample 1/5: LTP = ₹82.60
[NIFTY25D2326200PE] ⏱ Sample 1/5: LTP = ₹100.65
[NIFTY25D2326100CE] ⏱ Sample 2/5: LTP = ₹82.65
[NIFTY25D2326200PE] ⏱ Sample 2/5: LTP = ₹100.40
[NIFTY25D2326100CE] ⏱ Sample 3/5: LTP = ₹82.75
[NIFTY25D2326200PE] ⏱ Sample 3/5: LTP = ₹100.20
[NIFTY25D2326100CE] ⏱ Sample 4/5: LTP = ₹82.70
[NIFTY25D2326200PE] ⏱ Sample 4/5: LTP = ₹100.30
[NIFTY25D2326100CE] ⏱ Sample 5/5: LTP = ₹82.85
[NIFTY25D2326200PE] ⏱ Sample 5/5: LTP = ₹100.65
[NIFTY25D2326100CE] 📊 Avg Δ = 0.060%, Consistency = 100.0% → FLAT
[NIFTY25D2326100CE] 📈 Range ₹82.60 → ₹82.85

✅ Momentum for CE: {'symbol': 'NIFTY25D2326100CE', 'avg_change': np.float64(0.06), 'consistency': np.float64(100.0), 'direction': 'FLAT'}
🧩 Finished CE: NIFTY25D2326100CE, momentum={'symbol': 'NIFTY25D2326100CE', 'avg_change': np.float64(0.06), 'consistency': np.float64(100.0), 'direction': 'FLAT'}
[NIFTY25D2326200PE] 📊 Avg Δ = -0.017%, Consistency = 50.0% → FLAT
[NIFTY25D2326200PE] 📈 Range ₹100.65 → ₹100.65

✅ Momentum for PE: {'symbol': 'NIFTY25D2326200PE', 'avg_change': np.float64(-0.017), 'consistency': np.float64(50.0), 'direction': 'FLAT'}
🧩 Finished PE: NIFTY25D2326200PE, momentum={'symbol': 'NIFTY25D2326200PE', 'avg_change': np.float64(-0.017), 'consistency': np.float64(50.0), 'direction': 'FLAT'}
🧮 Comparing CE vs PE momentum...
📈 CE momentum: 0.060% (FLAT, 100.0%)
📉 PE momentum: -0.017% (FLAT, 50.0%)
⚖️ Momentum similar — choosing CE fallback
✅ Selected: NIFTY25D2326100CE (CE) | LTP=82.55 | lot_size=75
🚫 Rejected: NIFTY25D2326200PE (PE)

🌀 Generated cURL for Groww Candle API:
curl --location 'https://api.groww.in/v1/historical/candles?exchange=NSE&segment=FNO&groww_symbol=NSE-NIFTY-23Dec25-26100-CE&start_time=2025-12-22 10:21:25&end_time=2025-12-22 10:24:25&candle_interval=1minute' \
  --header 'Accept: application/json' \
  --header 'Authorization: Bearer eyJraWQiOiJaTUtjVXciLCJhbGciOiJFUzI1NiJ9.eyJleHAiOjE3NjY0NDk4MDAsImlhdCI6MTc2NjM3ODYxNCwibmJmIjoxNzY2Mzc4NjE0LCJzdWIiOiJ7XCJ0b2tlblJlZklkXCI6XCIzMDQ0YzZkOS1hYzVhLTRmNTMtYWQzZC0wMWE1YjlmY2U5ODdcIixcInZlbmRvckludGVncmF0aW9uS2V5XCI6XCJlMzFmZjIzYjA4NmI0MDZjODg3NGIyZjZkODQ5NTMxM1wiLFwidXNlckFjY291bnRJZFwiOlwiMmVlMjYyMjItN2MwNS00Y2IwLWIwM2MtNzAzYWRmNWVmN2RkXCIsXCJkZXZpY2VJZFwiOlwiNWQwYzdjODgtMGI1OS01MDU0LTk5ZTYtYWU5MzY5OTc2ZmRiXCIsXCJzZXNzaW9uSWRcIjpcIjE3ZmU1MzRlLTRkN2QtNDc3ZS05ZWIyLWY0NTNiNzQyNmVmMFwiLFwiYWRkaXRpb25hbERhdGFcIjpcIno1NC9NZzltdjE2WXdmb0gvS0EwYktvMDZXRlpjc241VUNmTWF5aERtNGxSTkczdTlLa2pWZDNoWjU1ZStNZERhWXBOVi9UOUxIRmtQejFFQisybTdRPT1cIixcInJvbGVcIjpcIm9yZGVyLWJhc2ljLGxpdmVfZGF0YS1iYXNpYyxub25fdHJhZGluZy1iYXNpYyxvcmRlcl9yZWFkX29ubHktYmFzaWMsYmFja190ZXN0XCIsXCJzb3VyY2VJcEFkZHJlc3NcIjpudWxsLFwidHdvRmFFeHBpcnlUc1wiOjE3NjY0NDk4MDAwMDB9IiwiaXNzIjoiYXBleC1hdXRoLXByb2QtYXBwIn0._iHyYhVdu6tTztkF_IqDjP7OY4ypNQOonKv4ZMyMx8c7KIjiR7Tm58O-vUvwQPFsScQvxb0522PNQLRsFeq1Lg' \
  --header 'X-API-VERSION: 1.0'

📊 3-min candle trend → CE (O1=82.55, C3=82.6)
📊 Market Direction: CE
✅ Market confirms CE
Checking delta/theta/OI for selected option === NIFTY25D2326100CE
delta = 0.5883, volume = 2062930,  iv = 10.7097,  gamma = 0.0024,  vega = 5.858,  rho = 0.5072, open_interest = 209540, ltp = 82.2
user_confirmation_needed : False
➡️ Placing SELECTED order (CE)
🔹 Auto order => NIFTY25D2326100CE, qty=1050, book@1050.0 ====== [2025-12-22 10:24:27]
💰 LTP for NSE_NIFTY25D2326100CE: ₹82.25 ====== [2025-12-22 10:24:27]
✅ Auto Buy placed: :{'groww_order_id': 'GMKFO251222102427KJA8PZ17DLZA', 'order_status': 'NEW', 'order_reference_id': '92950301', 'remark': None} ======= [2025-12-22 10:24:28]
📈 Trailing started...
🔼 New High: ₹82.5
🔼 New High: ₹82.9
Traceback (most recent call last):
  File "C:\Users\HITS\eclipse-workspace\Groww_Python_Trading_Bot\workingCopyOf_QA_env_sample_test_groww_option_trading_final_bot.py", line 1588, in <module>
    auto_mode_runner()
  File "C:\Users\HITS\eclipse-workspace\Groww_Python_Trading_Bot\workingCopyOf_QA_env_sample_test_groww_option_trading_final_bot.py", line 1564, in auto_mode_runner
    place_cp_order(selected_order, is_auto=True)
  File "C:\Users\HITS\eclipse-workspace\Groww_Python_Trading_Bot\workingCopyOf_QA_env_sample_test_groww_option_trading_final_bot.py", line 1206, in place_cp_order
    ltp = get_ltp_for_instrument(instrument, access_token, verbose=False)
          ^^^^^^^^^^^^^^^^^^^^^^^^^^^^^^^^^^^^^^^^^^^^^^^^^^^^^^^^^^^^^^^
  File "C:\Users\HITS\eclipse-workspace\Groww_Python_Trading_Bot\workingCopyOf_QA_env_sample_test_groww_option_trading_final_bot.py", line 227, in get_ltp_for_instrument
    time.sleep(0.5)  # ⏳ short delay to respect Groww API rate limits
    ^^^^^^^^^^^^^^^
KeyboardInterrupt
