📝 Logging started. Log file: C:\Users\HITS\eclipse-workspace\Groww_Python_Trading_Bot\logs\Groww_Bot_2025-12-22_10-53-54.log
C:\Users\HITS\eclipse-workspace\Groww_Python_Trading_Bot\instrument.csv
Ready to Groww!
eyJraWQiOiJaTUtjVXciLCJhbGciOiJFUzI1NiJ9.eyJleHAiOjE3NjY0NDk4MDAsImlhdCI6MTc2NjM4MTAzNSwibmJmIjoxNzY2MzgxMDM1LCJzdWIiOiJ7XCJ0b2tlblJlZklkXCI6XCI3YjAzZDg0Ny02ZDE3LTQ1MDMtODc3NC05MDc1MWIxYWQ2MGFcIixcInZlbmRvckludGVncmF0aW9uS2V5XCI6XCJlMzFmZjIzYjA4NmI0MDZjODg3NGIyZjZkODQ5NTMxM1wiLFwidXNlckFjY291bnRJZFwiOlwiMmVlMjYyMjItN2MwNS00Y2IwLWIwM2MtNzAzYWRmNWVmN2RkXCIsXCJkZXZpY2VJZFwiOlwiNWQwYzdjODgtMGI1OS01MDU0LTk5ZTYtYWU5MzY5OTc2ZmRiXCIsXCJzZXNzaW9uSWRcIjpcIjE3ZmU1MzRlLTRkN2QtNDc3ZS05ZWIyLWY0NTNiNzQyNmVmMFwiLFwiYWRkaXRpb25hbERhdGFcIjpcIno1NC9NZzltdjE2WXdmb0gvS0EwYktvMDZXRlpjc241VUNmTWF5aERtNGxSTkczdTlLa2pWZDNoWjU1ZStNZERhWXBOVi9UOUxIRmtQejFFQisybTdRPT1cIixcInJvbGVcIjpcIm9yZGVyLWJhc2ljLGxpdmVfZGF0YS1iYXNpYyxub25fdHJhZGluZy1iYXNpYyxvcmRlcl9yZWFkX29ubHktYmFzaWMsYmFja190ZXN0XCIsXCJzb3VyY2VJcEFkZHJlc3NcIjpudWxsLFwidHdvRmFFeHBpcnlUc1wiOjE3NjY0NDk4MDAwMDB9IiwiaXNzIjoiYXBleC1hdXRoLXByb2QtYXBwIn0.ca394Qx4gl0KcOO-H_QUSiPFQgGQ6ASVSHjsinwrtzJsWOfIpYm-ndFsFU9Ue0OJYlwGomtiwlETYQPPCJEXew
✅ Groww API Initialized Successfully
✅ Converted 'C:\Users\HITS\eclipse-workspace\Groww_Python_Trading_Bot\instrument.csv' → 'C:\Users\HITS\eclipse-workspace\Groww_Python_Trading_Bot\instrument.json'
📊 Live NIFTY Spot: 26137.9
✅ Converted 'C:\Users\HITS\eclipse-workspace\Groww_Python_Trading_Bot\instrument.csv' → 'C:\Users\HITS\eclipse-workspace\Groww_Python_Trading_Bot\instrument.json'
🎯 Filtering NIFTY 2025-12-23 instruments between 25650–26650 (Spot=26137.9)
✅ Loaded 316 filtered instruments (out of 149250)

✨ Groww NIFTY CP Bot Ready (Groww backend)
You can run in MANUAL or AUTO mode.
Manual example: Buy 14 NIFTY04NOV2525950CE at CP and Book at 1050

Choose mode: (m)anual / (a)uto / (q)uit: 
--- AUTO MODE (momentum + premium) ---
🔍 Detecting best option between CE and PE for NIFTY 2025-12-23…
➡️  Searching CE between 80-130
➡️  Searching PE between 80-130
⚙️ Checking momentum for top 1 CE candidates...

🧭 Checking momentum for NIFTY25D2326100CE (5 samples, every 1s):
delta = 0.6007, theta = -25.6556,  iv = 10.6016,  gamma = 0.0024,  vega = 5.7643,  rho = 0.5091, open_interest = 212821, ltp = 85.15
⚙️ Checking momentum for top 1 PE candidates...

🧭 Checking momentum for NIFTY25D2326200PE (5 samples, every 1s):
delta = -0.654, theta = -23.3212,  iv = 10.0896,  gamma = 0.0024,  vega = 5.5056,  rho = -0.5604, open_interest = 113119, ltp = 95.95
[NIFTY25D2326100CE] ⏱ Sample 1/5: LTP = ₹85.00
[NIFTY25D2326200PE] ⏱ Sample 1/5: LTP = ₹95.95
[NIFTY25D2326100CE] ⏱ Sample 2/5: LTP = ₹85.00
[NIFTY25D2326200PE] ⏱ Sample 2/5: LTP = ₹95.80
[NIFTY25D2326100CE] ⏱ Sample 3/5: LTP = ₹85.20
[NIFTY25D2326200PE] ⏱ Sample 3/5: LTP = ₹95.80
[NIFTY25D2326100CE] ⏱ Sample 4/5: LTP = ₹85.20
[NIFTY25D2326200PE] ⏱ Sample 4/5: LTP = ₹95.55
[NIFTY25D2326100CE] ⏱ Sample 5/5: LTP = ₹85.40
[NIFTY25D2326200PE] ⏱ Sample 5/5: LTP = ₹95.35
[NIFTY25D2326100CE] 📊 Avg Δ = 0.117%, Consistency = 100.0% → FLAT
[NIFTY25D2326100CE] 📈 Range ₹85.00 → ₹85.40

⚠️ No strong momentum found for CE (>0.25%, consistency >70%)
📊 Running momentum check for CE (NIFTY25D2326100CE)

🧭 Checking momentum for NIFTY25D2326100CE (5 samples, every 1s):
delta = 0.6003, theta = -25.738,  iv = 10.6328,  gamma = 0.0024,  vega = 5.7658,  rho = 0.5087, open_interest = 212821, ltp = 85.6
[NIFTY25D2326200PE] 📊 Avg Δ = -0.148%, Consistency = 100.0% → FLAT
[NIFTY25D2326200PE] 📈 Range ₹95.95 → ₹95.35

⚠️ No strong momentum found for PE (>0.3%, consistency >70%)
📊 Running momentum check for PE (NIFTY25D2326200PE)

🧭 Checking momentum for NIFTY25D2326200PE (5 samples, every 1s):
[NIFTY25D2326100CE] ⏱ Sample 1/5: LTP = ₹85.45
delta = -0.6542, theta = -23.3022,  iv = 10.0837,  gamma = 0.0025,  vega = 5.5044,  rho = -0.5606, open_interest = 113119, ltp = 95.25
[NIFTY25D2326200PE] ⏱ Sample 1/5: LTP = ₹95.25
[NIFTY25D2326100CE] ⏱ Sample 2/5: LTP = ₹85.35
[NIFTY25D2326200PE] ⏱ Sample 2/5: LTP = ₹95.50
[NIFTY25D2326100CE] ⏱ Sample 3/5: LTP = ₹85.55
[NIFTY25D2326200PE] ⏱ Sample 3/5: LTP = ₹95.80
[NIFTY25D2326100CE] ⏱ Sample 4/5: LTP = ₹85.30
[NIFTY25D2326200PE] ⏱ Sample 4/5: LTP = ₹95.65
[NIFTY25D2326100CE] ⏱ Sample 5/5: LTP = ₹85.30
[NIFTY25D2326200PE] ⏱ Sample 5/5: LTP = ₹95.70
[NIFTY25D2326100CE] 📊 Avg Δ = -0.039%, Consistency = 100.0% → FLAT
[NIFTY25D2326100CE] 📈 Range ₹85.45 → ₹85.30

✅ Momentum for CE: {'symbol': 'NIFTY25D2326100CE', 'avg_change': np.float64(-0.039), 'consistency': np.float64(100.0), 'direction': 'FLAT'}
🧩 Finished CE: NIFTY25D2326100CE, momentum={'symbol': 'NIFTY25D2326100CE', 'avg_change': np.float64(-0.039), 'consistency': np.float64(100.0), 'direction': 'FLAT'}
[NIFTY25D2326200PE] 📊 Avg Δ = 0.105%, Consistency = 100.0% → FLAT
[NIFTY25D2326200PE] 📈 Range ₹95.25 → ₹95.70

✅ Momentum for PE: {'symbol': 'NIFTY25D2326200PE', 'avg_change': np.float64(0.105), 'consistency': np.float64(100.0), 'direction': 'FLAT'}
🧩 Finished PE: NIFTY25D2326200PE, momentum={'symbol': 'NIFTY25D2326200PE', 'avg_change': np.float64(0.105), 'consistency': np.float64(100.0), 'direction': 'FLAT'}
🧮 Comparing CE vs PE momentum...
📈 CE momentum: -0.039% (FLAT, 100.0%)
📉 PE momentum: 0.105% (FLAT, 100.0%)
⚖️ Momentum similar — choosing PE fallback
✅ Selected: NIFTY25D2326200PE (PE) | LTP=95.35 | lot_size=75
🚫 Rejected: NIFTY25D2326100CE (CE)

🌀 Generated cURL for Groww Candle API:
curl --location 'https://api.groww.in/v1/historical/candles?exchange=NSE&segment=FNO&groww_symbol=NSE-NIFTY-23Dec25-26200-PE&start_time=2025-12-22 10:51:51&end_time=2025-12-22 10:54:51&candle_interval=1minute' \
  --header 'Accept: application/json' \
  --header 'Authorization: Bearer eyJraWQiOiJaTUtjVXciLCJhbGciOiJFUzI1NiJ9.eyJleHAiOjE3NjY0NDk4MDAsImlhdCI6MTc2NjM4MTAzNSwibmJmIjoxNzY2MzgxMDM1LCJzdWIiOiJ7XCJ0b2tlblJlZklkXCI6XCI3YjAzZDg0Ny02ZDE3LTQ1MDMtODc3NC05MDc1MWIxYWQ2MGFcIixcInZlbmRvckludGVncmF0aW9uS2V5XCI6XCJlMzFmZjIzYjA4NmI0MDZjODg3NGIyZjZkODQ5NTMxM1wiLFwidXNlckFjY291bnRJZFwiOlwiMmVlMjYyMjItN2MwNS00Y2IwLWIwM2MtNzAzYWRmNWVmN2RkXCIsXCJkZXZpY2VJZFwiOlwiNWQwYzdjODgtMGI1OS01MDU0LTk5ZTYtYWU5MzY5OTc2ZmRiXCIsXCJzZXNzaW9uSWRcIjpcIjE3ZmU1MzRlLTRkN2QtNDc3ZS05ZWIyLWY0NTNiNzQyNmVmMFwiLFwiYWRkaXRpb25hbERhdGFcIjpcIno1NC9NZzltdjE2WXdmb0gvS0EwYktvMDZXRlpjc241VUNmTWF5aERtNGxSTkczdTlLa2pWZDNoWjU1ZStNZERhWXBOVi9UOUxIRmtQejFFQisybTdRPT1cIixcInJvbGVcIjpcIm9yZGVyLWJhc2ljLGxpdmVfZGF0YS1iYXNpYyxub25fdHJhZGluZy1iYXNpYyxvcmRlcl9yZWFkX29ubHktYmFzaWMsYmFja190ZXN0XCIsXCJzb3VyY2VJcEFkZHJlc3NcIjpudWxsLFwidHdvRmFFeHBpcnlUc1wiOjE3NjY0NDk4MDAwMDB9IiwiaXNzIjoiYXBleC1hdXRoLXByb2QtYXBwIn0.ca394Qx4gl0KcOO-H_QUSiPFQgGQ6ASVSHjsinwrtzJsWOfIpYm-ndFsFU9Ue0OJYlwGomtiwlETYQPPCJEXew' \
  --header 'X-API-VERSION: 1.0'

📊 3-min candle trend → CE (O1=95.1, C3=95.05)
📊 Market Direction: CE
❌ Skipping — market direction conflicts with momentum.
🔍 Detecting best option between CE and PE for NIFTY 2025-12-23…
➡️  Searching CE between 80-130
➡️  Searching PE between 80-130
⚙️ Checking momentum for top 1 CE candidates...

🧭 Checking momentum for NIFTY25D2326100CE (5 samples, every 1s):
delta = 0.5975, theta = -25.6836,  iv = 10.5888,  gamma = 0.0024,  vega = 5.7741,  rho = 0.5061, open_interest = 212821, ltp = 85.05
⚙️ Checking momentum for top 1 PE candidates...

🧭 Checking momentum for NIFTY25D2326200PE (5 samples, every 1s):
delta = -0.6578, theta = -23.1592,  iv = 10.0588,  gamma = 0.0024,  vega = 5.481,  rho = -0.5633, open_interest = 113119, ltp = 95.6
[NIFTY25D2326100CE] ⏱ Sample 1/5: LTP = ₹85.05
[NIFTY25D2326200PE] ⏱ Sample 1/5: LTP = ₹95.60
[NIFTY25D2326100CE] ⏱ Sample 2/5: LTP = ₹84.95
[NIFTY25D2326200PE] ⏱ Sample 2/5: LTP = ₹95.85
[NIFTY25D2326100CE] ⏱ Sample 3/5: LTP = ₹85.20
[NIFTY25D2326200PE] ⏱ Sample 3/5: LTP = ₹95.50
[NIFTY25D2326100CE] ⏱ Sample 4/5: LTP = ₹85.00
[NIFTY25D2326200PE] ⏱ Sample 4/5: LTP = ₹96.05
[NIFTY25D2326100CE] ⏱ Sample 5/5: LTP = ₹85.00
[NIFTY25D2326200PE] ⏱ Sample 5/5: LTP = ₹95.75
[NIFTY25D2326100CE] 📊 Avg Δ = 0.000%, Consistency = 50.0% → FLAT
[NIFTY25D2326100CE] 📈 Range ₹85.05 → ₹85.00

⚠️ No strong momentum found for CE (>0.25%, consistency >70%)
📊 Running momentum check for CE (NIFTY25D2326100CE)

🧭 Checking momentum for NIFTY25D2326100CE (5 samples, every 1s):
delta = 0.5975, theta = -25.7129,  iv = 10.601,  gamma = 0.0024,  vega = 5.7741,  rho = 0.5061, open_interest = 212821, ltp = 85.2
[NIFTY25D2326200PE] 📊 Avg Δ = 0.061%, Consistency = 50.0% → FLAT
[NIFTY25D2326200PE] 📈 Range ₹95.60 → ₹95.75

⚠️ No strong momentum found for PE (>0.3%, consistency >70%)
📊 Running momentum check for PE (NIFTY25D2326200PE)

🧭 Checking momentum for NIFTY25D2326200PE (5 samples, every 1s):
[NIFTY25D2326100CE] ⏱ Sample 1/5: LTP = ₹85.20
delta = -0.6574, theta = -23.2031,  iv = 10.0739,  gamma = 0.0024,  vega = 5.4831,  rho = -0.563, open_interest = 113119, ltp = 95.3
[NIFTY25D2326200PE] ⏱ Sample 1/5: LTP = ₹95.80
[NIFTY25D2326100CE] ⏱ Sample 2/5: LTP = ₹85.25
[NIFTY25D2326200PE] ⏱ Sample 2/5: LTP = ₹95.75
[NIFTY25D2326100CE] ⏱ Sample 3/5: LTP = ₹84.65
[NIFTY25D2326200PE] ⏱ Sample 3/5: LTP = ₹96.15
[NIFTY25D2326100CE] ⏱ Sample 4/5: LTP = ₹84.75
[NIFTY25D2326200PE] ⏱ Sample 4/5: LTP = ₹96.00
[NIFTY25D2326100CE] ⏱ Sample 5/5: LTP = ₹84.95
[NIFTY25D2326200PE] ⏱ Sample 5/5: LTP = ₹96.05
[NIFTY25D2326100CE] 📊 Avg Δ = -0.147%, Consistency = 100.0% → FLAT
[NIFTY25D2326100CE] 📈 Range ₹85.20 → ₹84.95

✅ Momentum for CE: {'symbol': 'NIFTY25D2326100CE', 'avg_change': np.float64(-0.147), 'consistency': np.float64(100.0), 'direction': 'FLAT'}
🧩 Finished CE: NIFTY25D2326100CE, momentum={'symbol': 'NIFTY25D2326100CE', 'avg_change': np.float64(-0.147), 'consistency': np.float64(100.0), 'direction': 'FLAT'}
[NIFTY25D2326200PE] 📊 Avg Δ = 0.087%, Consistency = 100.0% → FLAT
[NIFTY25D2326200PE] 📈 Range ₹95.80 → ₹96.05

✅ Momentum for PE: {'symbol': 'NIFTY25D2326200PE', 'avg_change': np.float64(0.087), 'consistency': np.float64(100.0), 'direction': 'FLAT'}
🧩 Finished PE: NIFTY25D2326200PE, momentum={'symbol': 'NIFTY25D2326200PE', 'avg_change': np.float64(0.087), 'consistency': np.float64(100.0), 'direction': 'FLAT'}
🧮 Comparing CE vs PE momentum...
📈 CE momentum: -0.147% (FLAT, 100.0%)
📉 PE momentum: 0.087% (FLAT, 100.0%)
⚖️ Momentum similar — choosing PE fallback
✅ Selected: NIFTY25D2326200PE (PE) | LTP=96.05 | lot_size=75
🚫 Rejected: NIFTY25D2326100CE (CE)

🌀 Generated cURL for Groww Candle API:
curl --location 'https://api.groww.in/v1/historical/candles?exchange=NSE&segment=FNO&groww_symbol=NSE-NIFTY-23Dec25-26200-PE&start_time=2025-12-22 10:52:46&end_time=2025-12-22 10:55:46&candle_interval=1minute' \
  --header 'Accept: application/json' \
  --header 'Authorization: Bearer eyJraWQiOiJaTUtjVXciLCJhbGciOiJFUzI1NiJ9.eyJleHAiOjE3NjY0NDk4MDAsImlhdCI6MTc2NjM4MTAzNSwibmJmIjoxNzY2MzgxMDM1LCJzdWIiOiJ7XCJ0b2tlblJlZklkXCI6XCI3YjAzZDg0Ny02ZDE3LTQ1MDMtODc3NC05MDc1MWIxYWQ2MGFcIixcInZlbmRvckludGVncmF0aW9uS2V5XCI6XCJlMzFmZjIzYjA4NmI0MDZjODg3NGIyZjZkODQ5NTMxM1wiLFwidXNlckFjY291bnRJZFwiOlwiMmVlMjYyMjItN2MwNS00Y2IwLWIwM2MtNzAzYWRmNWVmN2RkXCIsXCJkZXZpY2VJZFwiOlwiNWQwYzdjODgtMGI1OS01MDU0LTk5ZTYtYWU5MzY5OTc2ZmRiXCIsXCJzZXNzaW9uSWRcIjpcIjE3ZmU1MzRlLTRkN2QtNDc3ZS05ZWIyLWY0NTNiNzQyNmVmMFwiLFwiYWRkaXRpb25hbERhdGFcIjpcIno1NC9NZzltdjE2WXdmb0gvS0EwYktvMDZXRlpjc241VUNmTWF5aERtNGxSTkczdTlLa2pWZDNoWjU1ZStNZERhWXBOVi9UOUxIRmtQejFFQisybTdRPT1cIixcInJvbGVcIjpcIm9yZGVyLWJhc2ljLGxpdmVfZGF0YS1iYXNpYyxub25fdHJhZGluZy1iYXNpYyxvcmRlcl9yZWFkX29ubHktYmFzaWMsYmFja190ZXN0XCIsXCJzb3VyY2VJcEFkZHJlc3NcIjpudWxsLFwidHdvRmFFeHBpcnlUc1wiOjE3NjY0NDk4MDAwMDB9IiwiaXNzIjoiYXBleC1hdXRoLXByb2QtYXBwIn0.ca394Qx4gl0KcOO-H_QUSiPFQgGQ6ASVSHjsinwrtzJsWOfIpYm-ndFsFU9Ue0OJYlwGomtiwlETYQPPCJEXew' \
  --header 'X-API-VERSION: 1.0'

📊 3-min candle trend → PE (O1=95.25, C3=96.1)
📊 Market Direction: PE
✅ Market confirms PE
Checking delta/theta/OI for selected option === NIFTY25D2326200PE
delta = -0.6546, volume = 826952,  iv = 10.044,  gamma = 0.0025,  vega = 5.5005,  rho = -0.5606, open_interest = 117008, ltp = 96
user_confirmation_needed : False
➡️ Placing SELECTED order (PE)
🔹 Auto order => NIFTY25D2326200PE, qty=1050, book@1050.0 ====== [2025-12-22 10:55:48]
💰 LTP for NSE_NIFTY25D2326200PE: ₹96.35 ====== [2025-12-22 10:55:49]
✅ Auto Buy placed: :{'groww_order_id': 'GMKFO251222105550VXSPFZF5XPB8', 'order_status': 'NEW', 'order_reference_id': '45975809', 'remark': None} ======= [2025-12-22 10:55:50]
📈 Trailing started...
🔼 New High: ₹96.65
🔼 New High: ₹96.75
🔼 New High: ₹96.8
🔼 New High: ₹97.2
🔼 New High: ₹97.3
🔼 New High: ₹97.4
🔼 New High: ₹97.9
📉 Trail Active | LTP=97.9 | Exit=97.15
🔼 New High: ₹98.3
📉 Trail Active | LTP=98.3 | Exit=97.55
📉 Trail Active | LTP=98.0 | Exit=97.55
📉 Trail Active | LTP=97.85 | Exit=97.55
📉 Trail Active | LTP=97.9 | Exit=97.55
📉 Trail Active | LTP=97.8 | Exit=97.55
🔼 New High: ₹98.4
📉 Trail Active | LTP=98.4 | Exit=97.65
🔼 New High: ₹98.6
📉 Trail Active | LTP=98.6 | Exit=97.85
📉 Trail Active | LTP=98.6 | Exit=97.85
🔼 New High: ₹99.0
📉 Trail Active | LTP=99.0 | Exit=98.25
🔼 New High: ₹99.05
📉 Trail Active | LTP=99.05 | Exit=98.3
🔻 Trailing HIT @ 98.05
Waiting for 1 min to get another data.
🔍 Detecting best option between CE and PE for NIFTY 2025-12-23…
➡️  Searching CE between 80-130
➡️  Searching PE between 80-130
⚠️ No affordable instruments for NIFTY 2025-12-23 CE
⚠️ No instrument found for CE
🧩 Finished CE: None, momentum=None
⚙️ Checking momentum for top 1 PE candidates...

🧭 Checking momentum for NIFTY25D2326200PE (5 samples, every 1s):
delta = -0.6716, theta = -22.6584,  iv = 9.9765,  gamma = 0.0024,  vega = 5.3783,  rho = -0.572, open_interest = 120239, ltp = 98.85
[NIFTY25D2326200PE] ⏱ Sample 1/5: LTP = ₹98.85
[NIFTY25D2326200PE] ⏱ Sample 2/5: LTP = ₹98.65
[NIFTY25D2326200PE] ⏱ Sample 3/5: LTP = ₹98.70
[NIFTY25D2326200PE] ⏱ Sample 4/5: LTP = ₹98.70
[NIFTY25D2326200PE] ⏱ Sample 5/5: LTP = ₹98.90
[NIFTY25D2326200PE] 📊 Avg Δ = 0.017%, Consistency = 50.0% → FLAT
[NIFTY25D2326200PE] 📈 Range ₹98.85 → ₹98.90

⚠️ No strong momentum found for PE (>0.3%, consistency >70%)
📊 Running momentum check for PE (NIFTY25D2326200PE)

🧭 Checking momentum for NIFTY25D2326200PE (5 samples, every 1s):
delta = -0.6721, theta = -22.5521,  iv = 9.9363,  gamma = 0.0024,  vega = 5.3747,  rho = -0.5725, open_interest = 120239, ltp = 98.85
[NIFTY25D2326200PE] ⏱ Sample 1/5: LTP = ₹98.95
[NIFTY25D2326200PE] ⏱ Sample 2/5: LTP = ₹98.95
[NIFTY25D2326200PE] ⏱ Sample 3/5: LTP = ₹98.50
[NIFTY25D2326200PE] ⏱ Sample 4/5: LTP = ₹98.85
[NIFTY25D2326200PE] ⏱ Sample 5/5: LTP = ₹98.80
[NIFTY25D2326200PE] 📊 Avg Δ = -0.042%, Consistency = 100.0% → FLAT
[NIFTY25D2326200PE] 📈 Range ₹98.95 → ₹98.80

✅ Momentum for PE: {'symbol': 'NIFTY25D2326200PE', 'avg_change': np.float64(-0.042), 'consistency': np.float64(100.0), 'direction': 'FLAT'}
🧩 Finished PE: NIFTY25D2326200PE, momentum={'symbol': 'NIFTY25D2326200PE', 'avg_change': np.float64(-0.042), 'consistency': np.float64(100.0), 'direction': 'FLAT'}
🧮 Comparing CE vs PE momentum...
⚠️ Only PE has momentum — selecting PE
❌ Invalid instrument data. Retrying...
🔍 Detecting best option between CE and PE for NIFTY 2025-12-23…
➡️  Searching CE between 80-130
➡️  Searching PE between 80-130
⚙️ Checking momentum for top 1 CE candidates...

🧭 Checking momentum for NIFTY25D2326100CE (5 samples, every 1s):
delta = 0.5841, theta = -25.6376,  iv = 10.4582,  gamma = 0.0025,  vega = 5.8017,  rho = 0.4918, open_interest = 207728, ltp = 78.6
⚙️ Checking momentum for top 1 PE candidates...

🧭 Checking momentum for NIFTY25D2326200PE (5 samples, every 1s):
delta = -0.6747, theta = -22.4889,  iv = 9.9379,  gamma = 0.0024,  vega = 5.3557,  rho = -0.5743, open_interest = 122055, ltp = 100.6
[NIFTY25D2326100CE] ⏱ Sample 1/5: LTP = ₹78.50
[NIFTY25D2326200PE] ⏱ Sample 1/5: LTP = ₹100.65
[NIFTY25D2326100CE] ⏱ Sample 2/5: LTP = ₹78.65
[NIFTY25D2326200PE] ⏱ Sample 2/5: LTP = ₹100.60
[NIFTY25D2326100CE] ⏱ Sample 3/5: LTP = ₹78.60
[NIFTY25D2326200PE] ⏱ Sample 3/5: LTP = ₹100.05
[NIFTY25D2326100CE] ⏱ Sample 4/5: LTP = ₹78.50
[NIFTY25D2326200PE] ⏱ Sample 4/5: LTP = ₹100.45
[NIFTY25D2326100CE] ⏱ Sample 5/5: LTP = ₹78.40
[NIFTY25D2326200PE] ⏱ Sample 5/5: LTP = ₹100.45
[NIFTY25D2326100CE] 📊 Avg Δ = -0.053%, Consistency = 50.0% → FLAT
[NIFTY25D2326100CE] 📈 Range ₹78.50 → ₹78.40

⚠️ No strong momentum found for CE (>0.25%, consistency >70%)
📊 Running momentum check for CE (NIFTY25D2326100CE)

🧭 Checking momentum for NIFTY25D2326100CE (5 samples, every 1s):
delta = 0.5841, theta = -25.6376,  iv = 10.4582,  gamma = 0.0025,  vega = 5.8017,  rho = 0.4918, open_interest = 207728, ltp = 78.55
[NIFTY25D2326200PE] 📊 Avg Δ = -0.058%, Consistency = 100.0% → FLAT
[NIFTY25D2326200PE] 📈 Range ₹100.65 → ₹100.45

⚠️ No strong momentum found for PE (>0.3%, consistency >70%)
📊 Running momentum check for PE (NIFTY25D2326200PE)

🧭 Checking momentum for NIFTY25D2326200PE (5 samples, every 1s):
[NIFTY25D2326100CE] ⏱ Sample 1/5: LTP = ₹78.55
delta = -0.6779, theta = -22.4529,  iv = 9.9632,  gamma = 0.0024,  vega = 5.3335,  rho = -0.577, open_interest = 122055, ltp = 100.6
[NIFTY25D2326200PE] ⏱ Sample 1/5: LTP = ₹100.60
[NIFTY25D2326100CE] ⏱ Sample 2/5: LTP = ₹78.55
[NIFTY25D2326200PE] ⏱ Sample 2/5: LTP = ₹100.90
[NIFTY25D2326100CE] ⏱ Sample 3/5: LTP = ₹78.55
[NIFTY25D2326200PE] ⏱ Sample 3/5: LTP = ₹100.90
[NIFTY25D2326100CE] ⏱ Sample 4/5: LTP = ₹78.55
[NIFTY25D2326200PE] ⏱ Sample 4/5: LTP = ₹100.65
[NIFTY25D2326100CE] ⏱ Sample 5/5: LTP = ₹78.60
[NIFTY25D2326200PE] ⏱ Sample 5/5: LTP = ₹100.50
[NIFTY25D2326100CE] 📊 Avg Δ = 0.011%, Consistency = 50.0% → FLAT
[NIFTY25D2326100CE] 📈 Range ₹78.55 → ₹78.60

✅ Momentum for CE: {'symbol': 'NIFTY25D2326100CE', 'avg_change': np.float64(0.011), 'consistency': np.float64(50.0), 'direction': 'FLAT'}
🧩 Finished CE: NIFTY25D2326100CE, momentum={'symbol': 'NIFTY25D2326100CE', 'avg_change': np.float64(0.011), 'consistency': np.float64(50.0), 'direction': 'FLAT'}
[NIFTY25D2326200PE] 📊 Avg Δ = -0.058%, Consistency = 50.0% → FLAT
[NIFTY25D2326200PE] 📈 Range ₹100.60 → ₹100.50

✅ Momentum for PE: {'symbol': 'NIFTY25D2326200PE', 'avg_change': np.float64(-0.058), 'consistency': np.float64(50.0), 'direction': 'FLAT'}
🧩 Finished PE: NIFTY25D2326200PE, momentum={'symbol': 'NIFTY25D2326200PE', 'avg_change': np.float64(-0.058), 'consistency': np.float64(50.0), 'direction': 'FLAT'}
🧮 Comparing CE vs PE momentum...
📈 CE momentum: 0.011% (FLAT, 50.0%)
📉 PE momentum: -0.058% (FLAT, 50.0%)
⚖️ Momentum similar — choosing CE fallback
✅ Selected: NIFTY25D2326100CE (CE) | LTP=80.7 | lot_size=75
🚫 Rejected: NIFTY25D2326200PE (PE)

🌀 Generated cURL for Groww Candle API:
curl --location 'https://api.groww.in/v1/historical/candles?exchange=NSE&segment=FNO&groww_symbol=NSE-NIFTY-23Dec25-26100-CE&start_time=2025-12-22 11:02:55&end_time=2025-12-22 11:05:55&candle_interval=1minute' \
  --header 'Accept: application/json' \
  --header 'Authorization: Bearer eyJraWQiOiJaTUtjVXciLCJhbGciOiJFUzI1NiJ9.eyJleHAiOjE3NjY0NDk4MDAsImlhdCI6MTc2NjM4MTAzNSwibmJmIjoxNzY2MzgxMDM1LCJzdWIiOiJ7XCJ0b2tlblJlZklkXCI6XCI3YjAzZDg0Ny02ZDE3LTQ1MDMtODc3NC05MDc1MWIxYWQ2MGFcIixcInZlbmRvckludGVncmF0aW9uS2V5XCI6XCJlMzFmZjIzYjA4NmI0MDZjODg3NGIyZjZkODQ5NTMxM1wiLFwidXNlckFjY291bnRJZFwiOlwiMmVlMjYyMjItN2MwNS00Y2IwLWIwM2MtNzAzYWRmNWVmN2RkXCIsXCJkZXZpY2VJZFwiOlwiNWQwYzdjODgtMGI1OS01MDU0LTk5ZTYtYWU5MzY5OTc2ZmRiXCIsXCJzZXNzaW9uSWRcIjpcIjE3ZmU1MzRlLTRkN2QtNDc3ZS05ZWIyLWY0NTNiNzQyNmVmMFwiLFwiYWRkaXRpb25hbERhdGFcIjpcIno1NC9NZzltdjE2WXdmb0gvS0EwYktvMDZXRlpjc241VUNmTWF5aERtNGxSTkczdTlLa2pWZDNoWjU1ZStNZERhWXBOVi9UOUxIRmtQejFFQisybTdRPT1cIixcInJvbGVcIjpcIm9yZGVyLWJhc2ljLGxpdmVfZGF0YS1iYXNpYyxub25fdHJhZGluZy1iYXNpYyxvcmRlcl9yZWFkX29ubHktYmFzaWMsYmFja190ZXN0XCIsXCJzb3VyY2VJcEFkZHJlc3NcIjpudWxsLFwidHdvRmFFeHBpcnlUc1wiOjE3NjY0NDk4MDAwMDB9IiwiaXNzIjoiYXBleC1hdXRoLXByb2QtYXBwIn0.ca394Qx4gl0KcOO-H_QUSiPFQgGQ6ASVSHjsinwrtzJsWOfIpYm-ndFsFU9Ue0OJYlwGomtiwlETYQPPCJEXew' \
  --header 'X-API-VERSION: 1.0'

📊 3-min candle trend → PE (O1=81.25, C3=79.7)
📊 Market Direction: PE
❌ Skipping — market direction conflicts with momentum.
🔍 Detecting best option between CE and PE for NIFTY 2025-12-23…
➡️  Searching CE between 80-130
➡️  Searching PE between 80-130
⚙️ Checking momentum for top 1 CE candidates...

🧭 Checking momentum for NIFTY25D2326100CE (5 samples, every 1s):
delta = 0.5834, theta = -25.711,  iv = 10.4814,  gamma = 0.0025,  vega = 5.8021,  rho = 0.491, open_interest = 207728, ltp = 79.95
⚙️ Checking momentum for top 1 PE candidates...

🧭 Checking momentum for NIFTY25D2326200PE (5 samples, every 1s):
delta = -0.6748, theta = -22.5469,  iv = 9.9623,  gamma = 0.0024,  vega = 5.3532,  rho = -0.5741, open_interest = 122055, ltp = 99.35
[NIFTY25D2326100CE] ⏱ Sample 1/5: LTP = ₹79.95
[NIFTY25D2326200PE] ⏱ Sample 1/5: LTP = ₹99.40
[NIFTY25D2326100CE] ⏱ Sample 2/5: LTP = ₹80.00
[NIFTY25D2326200PE] ⏱ Sample 2/5: LTP = ₹99.50
[NIFTY25D2326100CE] ⏱ Sample 3/5: LTP = ₹80.05
[NIFTY25D2326200PE] ⏱ Sample 3/5: LTP = ₹99.40
[NIFTY25D2326100CE] ⏱ Sample 4/5: LTP = ₹79.95
[NIFTY25D2326200PE] ⏱ Sample 4/5: LTP = ₹99.10
[NIFTY25D2326100CE] ⏱ Sample 5/5: LTP = ₹80.35
[NIFTY25D2326200PE] ⏱ Sample 5/5: LTP = ₹99.05
[NIFTY25D2326100CE] 📊 Avg Δ = 0.073%, Consistency = 50.0% → FLAT
[NIFTY25D2326100CE] 📈 Range ₹79.95 → ₹80.35

⚠️ No strong momentum found for CE (>0.25%, consistency >70%)
📊 Running momentum check for CE (NIFTY25D2326100CE)

🧭 Checking momentum for NIFTY25D2326100CE (5 samples, every 1s):
delta = 0.585, theta = -25.6682,  iv = 10.4727,  gamma = 0.0025,  vega = 5.7972,  rho = 0.4923, open_interest = 207728, ltp = 79.95
[NIFTY25D2326200PE] 📊 Avg Δ = -0.126%, Consistency = 100.0% → FLAT
[NIFTY25D2326200PE] 📈 Range ₹99.40 → ₹99.05

⚠️ No strong momentum found for PE (>0.3%, consistency >70%)
📊 Running momentum check for PE (NIFTY25D2326200PE)

🧭 Checking momentum for NIFTY25D2326200PE (5 samples, every 1s):
[NIFTY25D2326100CE] ⏱ Sample 1/5: LTP = ₹79.95
delta = -0.673, theta = -22.6419,  iv = 9.9817,  gamma = 0.0024,  vega = 5.3652,  rho = -0.5726, open_interest = 122055, ltp = 99.3
[NIFTY25D2326200PE] ⏱ Sample 1/5: LTP = ₹99.30
[NIFTY25D2326100CE] ⏱ Sample 2/5: LTP = ₹79.70
[NIFTY25D2326200PE] ⏱ Sample 2/5: LTP = ₹99.40
[NIFTY25D2326100CE] ⏱ Sample 3/5: LTP = ₹80.30
[NIFTY25D2326200PE] ⏱ Sample 3/5: LTP = ₹99.20
[NIFTY25D2326100CE] ⏱ Sample 4/5: LTP = ₹80.45
[NIFTY25D2326200PE] ⏱ Sample 4/5: LTP = ₹98.60
[NIFTY25D2326100CE] ⏱ Sample 5/5: LTP = ₹80.50
[NIFTY25D2326200PE] ⏱ Sample 5/5: LTP = ₹98.75
[NIFTY25D2326100CE] 📊 Avg Δ = 0.271%, Consistency = 100.0% → UP
[NIFTY25D2326100CE] 📈 Range ₹79.95 → ₹80.50

✅ Momentum for CE: {'symbol': 'NIFTY25D2326100CE', 'avg_change': np.float64(0.271), 'consistency': np.float64(100.0), 'direction': 'UP'}
🧩 Finished CE: NIFTY25D2326100CE, momentum={'symbol': 'NIFTY25D2326100CE', 'avg_change': np.float64(0.271), 'consistency': np.float64(100.0), 'direction': 'UP'}
[NIFTY25D2326200PE] 📊 Avg Δ = -0.227%, Consistency = 100.0% → FLAT
[NIFTY25D2326200PE] 📈 Range ₹99.30 → ₹98.75

✅ Momentum for PE: {'symbol': 'NIFTY25D2326200PE', 'avg_change': np.float64(-0.227), 'consistency': np.float64(100.0), 'direction': 'FLAT'}
🧩 Finished PE: NIFTY25D2326200PE, momentum={'symbol': 'NIFTY25D2326200PE', 'avg_change': np.float64(-0.227), 'consistency': np.float64(100.0), 'direction': 'FLAT'}
🧮 Comparing CE vs PE momentum...
📈 CE momentum: 0.271% (UP, 100.0%)
📉 PE momentum: -0.227% (FLAT, 100.0%)
✅ Selected CE (stronger momentum)
✅ Selected: NIFTY25D2326100CE (CE) | LTP=80.1 | lot_size=75
🚫 Rejected: NIFTY25D2326200PE (PE)

🌀 Generated cURL for Groww Candle API:
curl --location 'https://api.groww.in/v1/historical/candles?exchange=NSE&segment=FNO&groww_symbol=NSE-NIFTY-23Dec25-26100-CE&start_time=2025-12-22 11:03:51&end_time=2025-12-22 11:06:51&candle_interval=1minute' \
  --header 'Accept: application/json' \
  --header 'Authorization: Bearer eyJraWQiOiJaTUtjVXciLCJhbGciOiJFUzI1NiJ9.eyJleHAiOjE3NjY0NDk4MDAsImlhdCI6MTc2NjM4MTAzNSwibmJmIjoxNzY2MzgxMDM1LCJzdWIiOiJ7XCJ0b2tlblJlZklkXCI6XCI3YjAzZDg0Ny02ZDE3LTQ1MDMtODc3NC05MDc1MWIxYWQ2MGFcIixcInZlbmRvckludGVncmF0aW9uS2V5XCI6XCJlMzFmZjIzYjA4NmI0MDZjODg3NGIyZjZkODQ5NTMxM1wiLFwidXNlckFjY291bnRJZFwiOlwiMmVlMjYyMjItN2MwNS00Y2IwLWIwM2MtNzAzYWRmNWVmN2RkXCIsXCJkZXZpY2VJZFwiOlwiNWQwYzdjODgtMGI1OS01MDU0LTk5ZTYtYWU5MzY5OTc2ZmRiXCIsXCJzZXNzaW9uSWRcIjpcIjE3ZmU1MzRlLTRkN2QtNDc3ZS05ZWIyLWY0NTNiNzQyNmVmMFwiLFwiYWRkaXRpb25hbERhdGFcIjpcIno1NC9NZzltdjE2WXdmb0gvS0EwYktvMDZXRlpjc241VUNmTWF5aERtNGxSTkczdTlLa2pWZDNoWjU1ZStNZERhWXBOVi9UOUxIRmtQejFFQisybTdRPT1cIixcInJvbGVcIjpcIm9yZGVyLWJhc2ljLGxpdmVfZGF0YS1iYXNpYyxub25fdHJhZGluZy1iYXNpYyxvcmRlcl9yZWFkX29ubHktYmFzaWMsYmFja190ZXN0XCIsXCJzb3VyY2VJcEFkZHJlc3NcIjpudWxsLFwidHdvRmFFeHBpcnlUc1wiOjE3NjY0NDk4MDAwMDB9IiwiaXNzIjoiYXBleC1hdXRoLXByb2QtYXBwIn0.ca394Qx4gl0KcOO-H_QUSiPFQgGQ6ASVSHjsinwrtzJsWOfIpYm-ndFsFU9Ue0OJYlwGomtiwlETYQPPCJEXew' \
  --header 'X-API-VERSION: 1.0'

📊 3-min candle trend → CE (O1=80.3, C3=80.6)
📊 Market Direction: CE
✅ Market confirms CE
Checking delta/theta/OI for selected option === NIFTY25D2326100CE
delta = 0.5852, volume = 2687650,  iv = 10.4798,  gamma = 0.0025,  vega = 5.7966,  rho = 0.4925, open_interest = 207728, ltp = 80.35
user_confirmation_needed : False
➡️ Placing SELECTED order (CE)
🔹 Auto order => NIFTY25D2326100CE, qty=1050, book@1050.0 ====== [2025-12-22 11:06:53]
💰 LTP for NSE_NIFTY25D2326100CE: ₹80.4 ====== [2025-12-22 11:06:54]
✅ Auto Buy placed: :{'groww_order_id': 'GMKFO251222110655T5EHCZD4SWO9', 'order_status': 'NEW', 'order_reference_id': '58072565', 'remark': None} ======= [2025-12-22 11:06:55]
📈 Trailing started...
🔼 New High: ₹80.9
🔼 New High: ₹81.15
🔼 New High: ₹81.2
🔼 New High: ₹81.4
🔼 New High: ₹81.55
🔼 New High: ₹81.75
📉 Trail Active | LTP=81.75 | Exit=81.0
📉 Trail Active | LTP=81.0 | Exit=81.0
📉 Trail Active | LTP=81.5 | Exit=81.0
📉 Trail Active | LTP=81.7 | Exit=81.0
📉 Trail Active | LTP=81.4 | Exit=81.0
📉 Trail Active | LTP=81.4 | Exit=81.0
📉 Trail Active | LTP=81.25 | Exit=81.0
🔻 Trailing HIT @ 80.85
Waiting for 1 min to get another data.
🔍 Detecting best option between CE and PE for NIFTY 2025-12-23…
➡️  Searching CE between 80-130
➡️  Searching PE between 80-130
⚙️ Checking momentum for top 1 CE candidates...

🧭 Checking momentum for NIFTY25D2326100CE (5 samples, every 1s):
delta = 0.5873, theta = -25.6036,  iv = 10.4472,  gamma = 0.0025,  vega = 5.7831,  rho = 0.4931, open_interest = 210974, ltp = 79.95
⚙️ Checking momentum for top 1 PE candidates...

🧭 Checking momentum for NIFTY25D2326200PE (5 samples, every 1s):
delta = -0.6729, theta = -22.5396,  iv = 9.9226,  gamma = 0.0024,  vega = 5.3602,  rho = -0.5711, open_interest = 122078, ltp = 98.7
[NIFTY25D2326100CE] ⏱ Sample 1/5: LTP = ₹79.95
[NIFTY25D2326200PE] ⏱ Sample 1/5: LTP = ₹98.90
[NIFTY25D2326100CE] ⏱ Sample 2/5: LTP = ₹79.90
[NIFTY25D2326200PE] ⏱ Sample 2/5: LTP = ₹99.00
[NIFTY25D2326100CE] ⏱ Sample 3/5: LTP = ₹79.90
[NIFTY25D2326200PE] ⏱ Sample 3/5: LTP = ₹98.80
[NIFTY25D2326100CE] ⏱ Sample 4/5: LTP = ₹79.85
[NIFTY25D2326200PE] ⏱ Sample 4/5: LTP = ₹98.95
[NIFTY25D2326100CE] ⏱ Sample 5/5: LTP = ₹79.95
[NIFTY25D2326200PE] ⏱ Sample 5/5: LTP = ₹99.10
[NIFTY25D2326100CE] 📊 Avg Δ = -0.010%, Consistency = 50.0% → FLAT
[NIFTY25D2326100CE] 📈 Range ₹79.95 → ₹79.95

⚠️ No strong momentum found for CE (>0.25%, consistency >70%)
📊 Running momentum check for CE (NIFTY25D2326100CE)

🧭 Checking momentum for NIFTY25D2326100CE (5 samples, every 1s):
delta = 0.5867, theta = -25.611,  iv = 10.4466,  gamma = 0.0025,  vega = 5.7851,  rho = 0.4926, open_interest = 210974, ltp = 79.75
[NIFTY25D2326200PE] 📊 Avg Δ = 0.025%, Consistency = 100.0% → FLAT
[NIFTY25D2326200PE] 📈 Range ₹98.90 → ₹99.10

⚠️ No strong momentum found for PE (>0.3%, consistency >70%)
📊 Running momentum check for PE (NIFTY25D2326200PE)

🧭 Checking momentum for NIFTY25D2326200PE (5 samples, every 1s):
[NIFTY25D2326100CE] ⏱ Sample 1/5: LTP = ₹79.75
delta = -0.6729, theta = -22.5396,  iv = 9.9226,  gamma = 0.0024,  vega = 5.3602,  rho = -0.5711, open_interest = 122078, ltp = 98.9
[NIFTY25D2326200PE] ⏱ Sample 1/5: LTP = ₹98.90
[NIFTY25D2326100CE] ⏱ Sample 2/5: LTP = ₹80.20
[NIFTY25D2326200PE] ⏱ Sample 2/5: LTP = ₹98.65
[NIFTY25D2326100CE] ⏱ Sample 3/5: LTP = ₹79.80
[NIFTY25D2326200PE] ⏱ Sample 3/5: LTP = ₹98.90
[NIFTY25D2326100CE] ⏱ Sample 4/5: LTP = ₹78.80
[NIFTY25D2326200PE] ⏱ Sample 4/5: LTP = ₹99.80
[NIFTY25D2326100CE] ⏱ Sample 5/5: LTP = ₹78.95
[NIFTY25D2326200PE] ⏱ Sample 5/5: LTP = ₹99.00
[NIFTY25D2326100CE] 📊 Avg Δ = -0.460%, Consistency = 100.0% → DOWN
[NIFTY25D2326100CE] 📈 Range ₹79.75 → ₹78.95

✅ Momentum for CE: {'symbol': 'NIFTY25D2326100CE', 'avg_change': np.float64(-0.46), 'consistency': np.float64(100.0), 'direction': 'DOWN'}
🧩 Finished CE: NIFTY25D2326100CE, momentum={'symbol': 'NIFTY25D2326100CE', 'avg_change': np.float64(-0.46), 'consistency': np.float64(100.0), 'direction': 'DOWN'}
[NIFTY25D2326200PE] 📊 Avg Δ = 0.211%, Consistency = 100.0% → FLAT
[NIFTY25D2326200PE] 📈 Range ₹98.90 → ₹99.00

✅ Momentum for PE: {'symbol': 'NIFTY25D2326200PE', 'avg_change': np.float64(0.211), 'consistency': np.float64(100.0), 'direction': 'FLAT'}
🧩 Finished PE: NIFTY25D2326200PE, momentum={'symbol': 'NIFTY25D2326200PE', 'avg_change': np.float64(0.211), 'consistency': np.float64(100.0), 'direction': 'FLAT'}
🧮 Comparing CE vs PE momentum...
📈 CE momentum: -0.460% (DOWN, 100.0%)
📉 PE momentum: 0.211% (FLAT, 100.0%)
✅ Selected PE (stronger momentum)
✅ Selected: NIFTY25D2326200PE (PE) | LTP=98.6 | lot_size=75
🚫 Rejected: NIFTY25D2326100CE (CE)

🌀 Generated cURL for Groww Candle API:
curl --location 'https://api.groww.in/v1/historical/candles?exchange=NSE&segment=FNO&groww_symbol=NSE-NIFTY-23Dec25-26200-PE&start_time=2025-12-22 11:08:07&end_time=2025-12-22 11:11:07&candle_interval=1minute' \
  --header 'Accept: application/json' \
  --header 'Authorization: Bearer eyJraWQiOiJaTUtjVXciLCJhbGciOiJFUzI1NiJ9.eyJleHAiOjE3NjY0NDk4MDAsImlhdCI6MTc2NjM4MTAzNSwibmJmIjoxNzY2MzgxMDM1LCJzdWIiOiJ7XCJ0b2tlblJlZklkXCI6XCI3YjAzZDg0Ny02ZDE3LTQ1MDMtODc3NC05MDc1MWIxYWQ2MGFcIixcInZlbmRvckludGVncmF0aW9uS2V5XCI6XCJlMzFmZjIzYjA4NmI0MDZjODg3NGIyZjZkODQ5NTMxM1wiLFwidXNlckFjY291bnRJZFwiOlwiMmVlMjYyMjItN2MwNS00Y2IwLWIwM2MtNzAzYWRmNWVmN2RkXCIsXCJkZXZpY2VJZFwiOlwiNWQwYzdjODgtMGI1OS01MDU0LTk5ZTYtYWU5MzY5OTc2ZmRiXCIsXCJzZXNzaW9uSWRcIjpcIjE3ZmU1MzRlLTRkN2QtNDc3ZS05ZWIyLWY0NTNiNzQyNmVmMFwiLFwiYWRkaXRpb25hbERhdGFcIjpcIno1NC9NZzltdjE2WXdmb0gvS0EwYktvMDZXRlpjc241VUNmTWF5aERtNGxSTkczdTlLa2pWZDNoWjU1ZStNZERhWXBOVi9UOUxIRmtQejFFQisybTdRPT1cIixcInJvbGVcIjpcIm9yZGVyLWJhc2ljLGxpdmVfZGF0YS1iYXNpYyxub25fdHJhZGluZy1iYXNpYyxvcmRlcl9yZWFkX29ubHktYmFzaWMsYmFja190ZXN0XCIsXCJzb3VyY2VJcEFkZHJlc3NcIjpudWxsLFwidHdvRmFFeHBpcnlUc1wiOjE3NjY0NDk4MDAwMDB9IiwiaXNzIjoiYXBleC1hdXRoLXByb2QtYXBwIn0.ca394Qx4gl0KcOO-H_QUSiPFQgGQ6ASVSHjsinwrtzJsWOfIpYm-ndFsFU9Ue0OJYlwGomtiwlETYQPPCJEXew' \
  --header 'X-API-VERSION: 1.0'

📊 3-min candle trend → PE (O1=97.45, C3=99.05)
📊 Market Direction: PE
✅ Market confirms PE
Checking delta/theta/OI for selected option === NIFTY25D2326200PE
delta = -0.6734, volume = 913014,  iv = 9.9285,  gamma = 0.0024,  vega = 5.3567,  rho = -0.5715, open_interest = 122078, ltp = 99.05
user_confirmation_needed : False
➡️ Placing SELECTED order (PE)
🔹 Auto order => NIFTY25D2326200PE, qty=1050, book@1050.0 ====== [2025-12-22 11:11:09]
💰 LTP for NSE_NIFTY25D2326200PE: ₹98.8 ====== [2025-12-22 11:11:10]
✅ Auto Buy placed: :{'groww_order_id': 'GMKFO25122211111189USSVJGAT2W', 'order_status': 'NEW', 'order_reference_id': '26387279', 'remark': None} ======= [2025-12-22 11:11:11]
📈 Trailing started...
🔼 New High: ₹99.1
🔼 New High: ₹99.9
🔼 New High: ₹100.15
📉 Trail Active | LTP=100.15 | Exit=99.4
📉 Trail Active | LTP=100.15 | Exit=99.4
📉 Trail Active | LTP=99.95 | Exit=99.4
🔼 New High: ₹100.45
📉 Trail Active | LTP=100.45 | Exit=99.7
🔻 Trailing HIT @ 99.7
Waiting for 1 min to get another data.
🔍 Detecting best option between CE and PE for NIFTY 2025-12-23…
➡️  Searching CE between 80-130
➡️  Searching PE between 80-130
⚙️ Checking momentum for top 1 CE candidates...

🧭 Checking momentum for NIFTY25D2326100CE (5 samples, every 1s):
delta = 0.5832, theta = -25.6612,  iv = 10.4382,  gamma = 0.0025,  vega = 5.7909,  rho = 0.4888, open_interest = 210974, ltp = 78.45
⚙️ Checking momentum for top 1 PE candidates...

🧭 Checking momentum for NIFTY25D2326200PE (5 samples, every 1s):
delta = -0.6732, theta = -22.498,  iv = 9.9003,  gamma = 0.0025,  vega = 5.3529,  rho = -0.5704, open_interest = 122078, ltp = 100.4
[NIFTY25D2326100CE] ⏱ Sample 1/5: LTP = ₹78.20
[NIFTY25D2326200PE] ⏱ Sample 1/5: LTP = ₹100.40
[NIFTY25D2326100CE] ⏱ Sample 2/5: LTP = ₹77.75
[NIFTY25D2326200PE] ⏱ Sample 2/5: LTP = ₹100.30
[NIFTY25D2326100CE] ⏱ Sample 3/5: LTP = ₹78.05
[NIFTY25D2326200PE] ⏱ Sample 3/5: LTP = ₹100.50
[NIFTY25D2326100CE] ⏱ Sample 4/5: LTP = ₹78.35
[NIFTY25D2326200PE] ⏱ Sample 4/5: LTP = ₹100.35
[NIFTY25D2326100CE] ⏱ Sample 5/5: LTP = ₹78.50
[NIFTY25D2326200PE] ⏱ Sample 5/5: LTP = ₹100.30
[NIFTY25D2326100CE] 📊 Avg Δ = 0.192%, Consistency = 100.0% → FLAT
[NIFTY25D2326100CE] 📈 Range ₹78.20 → ₹78.50

⚠️ No strong momentum found for CE (>0.25%, consistency >70%)
📊 Running momentum check for CE (NIFTY25D2326100CE)

🧭 Checking momentum for NIFTY25D2326100CE (5 samples, every 1s):
delta = 0.5832, theta = -25.6612,  iv = 10.4382,  gamma = 0.0025,  vega = 5.7909,  rho = 0.4888, open_interest = 210974, ltp = 78.35
[NIFTY25D2326200PE] 📊 Avg Δ = -0.008%, Consistency = 50.0% → FLAT
[NIFTY25D2326200PE] 📈 Range ₹100.40 → ₹100.30

⚠️ No strong momentum found for PE (>0.3%, consistency >70%)
📊 Running momentum check for PE (NIFTY25D2326200PE)

🧭 Checking momentum for NIFTY25D2326200PE (5 samples, every 1s):
delta = -0.6766, theta = -22.4376,  iv = 9.9167,  gamma = 0.0024,  vega = 5.3297,  rho = -0.5733, open_interest = 122078, ltp = 99.8[NIFTY25D2326100CE] ⏱ Sample 1/5: LTP = ₹78.75

[NIFTY25D2326200PE] ⏱ Sample 1/5: LTP = ₹99.65
[NIFTY25D2326100CE] ⏱ Sample 2/5: LTP = ₹78.90
[NIFTY25D2326200PE] ⏱ Sample 2/5: LTP = ₹99.75
[NIFTY25D2326100CE] ⏱ Sample 3/5: LTP = ₹79.05
[NIFTY25D2326200PE] ⏱ Sample 3/5: LTP = ₹99.55
[NIFTY25D2326100CE] ⏱ Sample 4/5: LTP = ₹79.05
[NIFTY25D2326200PE] ⏱ Sample 4/5: LTP = ₹99.20
[NIFTY25D2326100CE] ⏱ Sample 5/5: LTP = ₹79.15
[NIFTY25D2326200PE] ⏱ Sample 5/5: LTP = ₹99.25
[NIFTY25D2326100CE] 📊 Avg Δ = 0.116%, Consistency = 100.0% → FLAT
[NIFTY25D2326100CE] 📈 Range ₹78.75 → ₹79.15

✅ Momentum for CE: {'symbol': 'NIFTY25D2326100CE', 'avg_change': np.float64(0.116), 'consistency': np.float64(100.0), 'direction': 'FLAT'}
🧩 Finished CE: NIFTY25D2326100CE, momentum={'symbol': 'NIFTY25D2326100CE', 'avg_change': np.float64(0.116), 'consistency': np.float64(100.0), 'direction': 'FLAT'}
[NIFTY25D2326200PE] 📊 Avg Δ = -0.159%, Consistency = 100.0% → FLAT
[NIFTY25D2326200PE] 📈 Range ₹99.65 → ₹99.25

✅ Momentum for PE: {'symbol': 'NIFTY25D2326200PE', 'avg_change': np.float64(-0.159), 'consistency': np.float64(100.0), 'direction': 'FLAT'}
🧩 Finished PE: NIFTY25D2326200PE, momentum={'symbol': 'NIFTY25D2326200PE', 'avg_change': np.float64(-0.159), 'consistency': np.float64(100.0), 'direction': 'FLAT'}
🧮 Comparing CE vs PE momentum...
📈 CE momentum: 0.116% (FLAT, 100.0%)
📉 PE momentum: -0.159% (FLAT, 100.0%)
✅ Selected CE (stronger momentum)
✅ Selected: NIFTY25D2326100CE (CE) | LTP=80.15 | lot_size=75
🚫 Rejected: NIFTY25D2326200PE (PE)

🌀 Generated cURL for Groww Candle API:
curl --location 'https://api.groww.in/v1/historical/candles?exchange=NSE&segment=FNO&groww_symbol=NSE-NIFTY-23Dec25-26100-CE&start_time=2025-12-22 11:10:52&end_time=2025-12-22 11:13:52&candle_interval=1minute' \
  --header 'Accept: application/json' \
  --header 'Authorization: Bearer eyJraWQiOiJaTUtjVXciLCJhbGciOiJFUzI1NiJ9.eyJleHAiOjE3NjY0NDk4MDAsImlhdCI6MTc2NjM4MTAzNSwibmJmIjoxNzY2MzgxMDM1LCJzdWIiOiJ7XCJ0b2tlblJlZklkXCI6XCI3YjAzZDg0Ny02ZDE3LTQ1MDMtODc3NC05MDc1MWIxYWQ2MGFcIixcInZlbmRvckludGVncmF0aW9uS2V5XCI6XCJlMzFmZjIzYjA4NmI0MDZjODg3NGIyZjZkODQ5NTMxM1wiLFwidXNlckFjY291bnRJZFwiOlwiMmVlMjYyMjItN2MwNS00Y2IwLWIwM2MtNzAzYWRmNWVmN2RkXCIsXCJkZXZpY2VJZFwiOlwiNWQwYzdjODgtMGI1OS01MDU0LTk5ZTYtYWU5MzY5OTc2ZmRiXCIsXCJzZXNzaW9uSWRcIjpcIjE3ZmU1MzRlLTRkN2QtNDc3ZS05ZWIyLWY0NTNiNzQyNmVmMFwiLFwiYWRkaXRpb25hbERhdGFcIjpcIno1NC9NZzltdjE2WXdmb0gvS0EwYktvMDZXRlpjc241VUNmTWF5aERtNGxSTkczdTlLa2pWZDNoWjU1ZStNZERhWXBOVi9UOUxIRmtQejFFQisybTdRPT1cIixcInJvbGVcIjpcIm9yZGVyLWJhc2ljLGxpdmVfZGF0YS1iYXNpYyxub25fdHJhZGluZy1iYXNpYyxvcmRlcl9yZWFkX29ubHktYmFzaWMsYmFja190ZXN0XCIsXCJzb3VyY2VJcEFkZHJlc3NcIjpudWxsLFwidHdvRmFFeHBpcnlUc1wiOjE3NjY0NDk4MDAwMDB9IiwiaXNzIjoiYXBleC1hdXRoLXByb2QtYXBwIn0.ca394Qx4gl0KcOO-H_QUSiPFQgGQ6ASVSHjsinwrtzJsWOfIpYm-ndFsFU9Ue0OJYlwGomtiwlETYQPPCJEXew' \
  --header 'X-API-VERSION: 1.0'

📊 3-min candle trend → PE (O1=80.2, C3=79.4)
📊 Market Direction: PE
❌ Skipping — market direction conflicts with momentum.
🔍 Detecting best option between CE and PE for NIFTY 2025-12-23…
➡️  Searching CE between 80-130
➡️  Searching PE between 80-130
⚠️ No affordable instruments for NIFTY 2025-12-23 CE
⚠️ No instrument found for CE
🧩 Finished CE: None, momentum=None
⚙️ Checking momentum for top 1 PE candidates...

🧭 Checking momentum for NIFTY25D2326200PE (5 samples, every 1s):
delta = -0.673, theta = -22.4613,  iv = 9.8786,  gamma = 0.0025,  vega = 5.3527,  rho = -0.5699, open_interest = 121741, ltp = 98.7
[NIFTY25D2326200PE] ⏱ Sample 1/5: LTP = ₹98.50
[NIFTY25D2326200PE] ⏱ Sample 2/5: LTP = ₹98.00
[NIFTY25D2326200PE] ⏱ Sample 3/5: LTP = ₹97.95
[NIFTY25D2326200PE] ⏱ Sample 4/5: LTP = ₹98.15
[NIFTY25D2326200PE] ⏱ Sample 5/5: LTP = ₹98.35
[NIFTY25D2326200PE] 📊 Avg Δ = 0.000%, Consistency = 50.0% → FLAT
[NIFTY25D2326200PE] 📈 Range ₹98.50 → ₹98.35

⚠️ No strong momentum found for PE (>0.3%, consistency >70%)
📊 Running momentum check for PE (NIFTY25D2326200PE)

🧭 Checking momentum for NIFTY25D2326200PE (5 samples, every 1s):
delta = -0.6725, theta = -22.4977,  iv = 9.8881,  gamma = 0.0025,  vega = 5.3563,  rho = -0.5694, open_interest = 121741, ltp = 97.9
[NIFTY25D2326200PE] ⏱ Sample 1/5: LTP = ₹97.90
[NIFTY25D2326200PE] ⏱ Sample 2/5: LTP = ₹98.20
[NIFTY25D2326200PE] ⏱ Sample 3/5: LTP = ₹98.75
[NIFTY25D2326200PE] ⏱ Sample 4/5: LTP = ₹99.15
[NIFTY25D2326200PE] ⏱ Sample 5/5: LTP = ₹98.90
[NIFTY25D2326200PE] 📊 Avg Δ = 0.330%, Consistency = 100.0% → UP
[NIFTY25D2326200PE] 📈 Range ₹97.90 → ₹98.90

✅ Momentum for PE: {'symbol': 'NIFTY25D2326200PE', 'avg_change': np.float64(0.33), 'consistency': np.float64(100.0), 'direction': 'UP'}
🧩 Finished PE: NIFTY25D2326200PE, momentum={'symbol': 'NIFTY25D2326200PE', 'avg_change': np.float64(0.33), 'consistency': np.float64(100.0), 'direction': 'UP'}
🧮 Comparing CE vs PE momentum...
⚠️ Only PE has momentum — selecting PE
❌ Invalid instrument data. Retrying...
🔍 Detecting best option between CE and PE for NIFTY 2025-12-23…
➡️  Searching CE between 80-130
➡️  Searching PE between 80-130
⚙️ Checking momentum for top 1 PE candidates...

🧭 Checking momentum for NIFTY25D2326200PE (5 samples, every 1s):
delta = -0.6772, theta = -22.2807,  iv = 9.848,  gamma = 0.0025,  vega = 5.3231,  rho = -0.573, open_interest = 121741, ltp = 98.6
[NIFTY25D2326200PE] ⏱ Sample 1/5: LTP = ₹98.60
[NIFTY25D2326200PE] ⏱ Sample 2/5: LTP = ₹98.50
[NIFTY25D2326200PE] ⏱ Sample 3/5: LTP = ₹98.55
⚠️ No affordable instruments for NIFTY 2025-12-23 CE
⚠️ No instrument found for CE
🧩 Finished CE: None, momentum=None
[NIFTY25D2326200PE] ⏱ Sample 4/5: LTP = ₹98.60
[NIFTY25D2326200PE] ⏱ Sample 5/5: LTP = ₹98.75
[NIFTY25D2326200PE] 📊 Avg Δ = 0.042%, Consistency = 50.0% → FLAT
[NIFTY25D2326200PE] 📈 Range ₹98.60 → ₹98.75

⚠️ No strong momentum found for PE (>0.3%, consistency >70%)
📊 Running momentum check for PE (NIFTY25D2326200PE)

🧭 Checking momentum for NIFTY25D2326200PE (5 samples, every 1s):
delta = -0.6756, theta = -22.4322,  iv = 9.8955,  gamma = 0.0025,  vega = 5.3335,  rho = -0.5717, open_interest = 121741, ltp = 98.85
[NIFTY25D2326200PE] ⏱ Sample 1/5: LTP = ₹98.85
[NIFTY25D2326200PE] ⏱ Sample 2/5: LTP = ₹99.10
[NIFTY25D2326200PE] ⏱ Sample 3/5: LTP = ₹98.95
[NIFTY25D2326200PE] ⏱ Sample 4/5: LTP = ₹99.05
[NIFTY25D2326200PE] ⏱ Sample 5/5: LTP = ₹98.80
[NIFTY25D2326200PE] 📊 Avg Δ = -0.017%, Consistency = 50.0% → FLAT
[NIFTY25D2326200PE] 📈 Range ₹98.85 → ₹98.80

✅ Momentum for PE: {'symbol': 'NIFTY25D2326200PE', 'avg_change': np.float64(-0.017), 'consistency': np.float64(50.0), 'direction': 'FLAT'}
🧩 Finished PE: NIFTY25D2326200PE, momentum={'symbol': 'NIFTY25D2326200PE', 'avg_change': np.float64(-0.017), 'consistency': np.float64(50.0), 'direction': 'FLAT'}
🧮 Comparing CE vs PE momentum...
⚠️ Only PE has momentum — selecting PE
❌ Invalid instrument data. Retrying...
🔍 Detecting best option between CE and PE for NIFTY 2025-12-23…
➡️  Searching CE between 80-130
➡️  Searching PE between 80-130
⚠️ No affordable instruments for NIFTY 2025-12-23 CE
⚠️ No instrument found for CE
🧩 Finished CE: None, momentum=None
⚙️ Checking momentum for top 1 PE candidates...

🧭 Checking momentum for NIFTY25D2326200PE (5 samples, every 1s):
delta = -0.678, theta = -22.3157,  iv = 9.8718,  gamma = 0.0024,  vega = 5.3154,  rho = -0.5734, open_interest = 123083, ltp = 99.6
[NIFTY25D2326200PE] ⏱ Sample 1/5: LTP = ₹99.60
[NIFTY25D2326200PE] ⏱ Sample 2/5: LTP = ₹99.90
[NIFTY25D2326200PE] ⏱ Sample 3/5: LTP = ₹100.05
[NIFTY25D2326200PE] ⏱ Sample 4/5: LTP = ₹100.30
[NIFTY25D2326200PE] ⏱ Sample 5/5: LTP = ₹100.25
[NIFTY25D2326200PE] 📊 Avg Δ = 0.175%, Consistency = 100.0% → FLAT
[NIFTY25D2326200PE] 📈 Range ₹99.60 → ₹100.25

⚠️ No strong momentum found for PE (>0.3%, consistency >70%)
📊 Running momentum check for PE (NIFTY25D2326200PE)

🧭 Checking momentum for NIFTY25D2326200PE (5 samples, every 1s):
delta = -0.6772, theta = -22.3292,  iv = 9.8664,  gamma = 0.0025,  vega = 5.3216,  rho = -0.5727, open_interest = 123083, ltp = 101
[NIFTY25D2326200PE] ⏱ Sample 1/5: LTP = ₹101.00
[NIFTY25D2326200PE] ⏱ Sample 2/5: LTP = ₹101.35
[NIFTY25D2326200PE] ⏱ Sample 3/5: LTP = ₹100.75
[NIFTY25D2326200PE] ⏱ Sample 4/5: LTP = ₹100.30
[NIFTY25D2326200PE] ⏱ Sample 5/5: LTP = ₹100.25
[NIFTY25D2326200PE] 📊 Avg Δ = -0.297%, Consistency = 100.0% → DOWN
[NIFTY25D2326200PE] 📈 Range ₹101.00 → ₹100.25

✅ Momentum for PE: {'symbol': 'NIFTY25D2326200PE', 'avg_change': np.float64(-0.297), 'consistency': np.float64(100.0), 'direction': 'DOWN'}
🧩 Finished PE: NIFTY25D2326200PE, momentum={'symbol': 'NIFTY25D2326200PE', 'avg_change': np.float64(-0.297), 'consistency': np.float64(100.0), 'direction': 'DOWN'}
🧮 Comparing CE vs PE momentum...
⚠️ Only PE has momentum — selecting PE
❌ Invalid instrument data. Retrying...
🔍 Detecting best option between CE and PE for NIFTY 2025-12-23…
➡️  Searching CE between 80-130
➡️  Searching PE between 80-130
⚙️ Checking momentum for top 1 CE candidates...

🧭 Checking momentum for NIFTY25D2326050CE (5 samples, every 1s):
delta = 0.6901, theta = -23.9076,  iv = 10.747,  gamma = 0.0022,  vega = 5.2278,  rho = 0.5764, open_interest = 67226, ltp = 109.45
⚙️ Checking momentum for top 1 PE candidates...

🧭 Checking momentum for NIFTY25D2326200PE (5 samples, every 1s):
delta = -0.6894, theta = -22.0614,  iv = 9.906,  gamma = 0.0024,  vega = 5.2305,  rho = -0.5823, open_interest = 123083, ltp = 101.65
[NIFTY25D2326050CE] ⏱ Sample 1/5: LTP = ₹110.10
[NIFTY25D2326200PE] ⏱ Sample 1/5: LTP = ₹101.65
[NIFTY25D2326050CE] ⏱ Sample 2/5: LTP = ₹109.60
[NIFTY25D2326200PE] ⏱ Sample 2/5: LTP = ₹101.95
[NIFTY25D2326050CE] ⏱ Sample 3/5: LTP = ₹109.85
[NIFTY25D2326200PE] ⏱ Sample 3/5: LTP = ₹101.65
[NIFTY25D2326050CE] ⏱ Sample 4/5: LTP = ₹109.65
[NIFTY25D2326200PE] ⏱ Sample 4/5: LTP = ₹101.65
[NIFTY25D2326050CE] ⏱ Sample 5/5: LTP = ₹109.70
[NIFTY25D2326200PE] ⏱ Sample 5/5: LTP = ₹101.85
[NIFTY25D2326050CE] 📊 Avg Δ = -0.053%, Consistency = 50.0% → FLAT
[NIFTY25D2326050CE] 📈 Range ₹110.10 → ₹109.70

⚠️ No strong momentum found for CE (>0.25%, consistency >70%)
📊 Running momentum check for CE (NIFTY25D2326050CE)

🧭 Checking momentum for NIFTY25D2326050CE (5 samples, every 1s):
delta = 0.6875, theta = -23.9216,  iv = 10.7117,  gamma = 0.0022,  vega = 5.2449,  rho = 0.5739, open_interest = 67226, ltp = 109.75
[NIFTY25D2326200PE] 📊 Avg Δ = -0.016%, Consistency = 50.0% → FLAT
[NIFTY25D2326200PE] 📈 Range ₹101.65 → ₹101.85

⚠️ No strong momentum found for PE (>0.3%, consistency >70%)
📊 Running momentum check for PE (NIFTY25D2326200PE)

🧭 Checking momentum for NIFTY25D2326200PE (5 samples, every 1s):
[NIFTY25D2326050CE] ⏱ Sample 1/5: LTP = ₹109.15
delta = -0.6894, theta = -22.0614,  iv = 9.906,  gamma = 0.0024,  vega = 5.2305,  rho = -0.5823, open_interest = 123083, ltp = 102.25
[NIFTY25D2326200PE] ⏱ Sample 1/5: LTP = ₹102.25
[NIFTY25D2326050CE] ⏱ Sample 2/5: LTP = ₹109.70
[NIFTY25D2326200PE] ⏱ Sample 2/5: LTP = ₹101.90
[NIFTY25D2326050CE] ⏱ Sample 3/5: LTP = ₹109.55
[NIFTY25D2326200PE] ⏱ Sample 3/5: LTP = ₹102.05
[NIFTY25D2326050CE] ⏱ Sample 4/5: LTP = ₹109.70
[NIFTY25D2326200PE] ⏱ Sample 4/5: LTP = ₹102.30
[NIFTY25D2326050CE] ⏱ Sample 5/5: LTP = ₹109.95
[NIFTY25D2326200PE] ⏱ Sample 5/5: LTP = ₹102.00
[NIFTY25D2326050CE] 📊 Avg Δ = 0.122%, Consistency = 100.0% → FLAT
[NIFTY25D2326050CE] 📈 Range ₹109.15 → ₹109.95

✅ Momentum for CE: {'symbol': 'NIFTY25D2326050CE', 'avg_change': np.float64(0.122), 'consistency': np.float64(100.0), 'direction': 'FLAT'}
🧩 Finished CE: NIFTY25D2326050CE, momentum={'symbol': 'NIFTY25D2326050CE', 'avg_change': np.float64(0.122), 'consistency': np.float64(100.0), 'direction': 'FLAT'}
[NIFTY25D2326200PE] 📊 Avg Δ = 0.024%, Consistency = 100.0% → FLAT
[NIFTY25D2326200PE] 📈 Range ₹102.25 → ₹102.00

✅ Momentum for PE: {'symbol': 'NIFTY25D2326200PE', 'avg_change': np.float64(0.024), 'consistency': np.float64(100.0), 'direction': 'FLAT'}
🧩 Finished PE: NIFTY25D2326200PE, momentum={'symbol': 'NIFTY25D2326200PE', 'avg_change': np.float64(0.024), 'consistency': np.float64(100.0), 'direction': 'FLAT'}
🧮 Comparing CE vs PE momentum...
📈 CE momentum: 0.122% (FLAT, 100.0%)
📉 PE momentum: 0.024% (FLAT, 100.0%)
⚖️ Momentum similar — choosing CE fallback
✅ Selected: NIFTY25D2326050CE (CE) | LTP=109.7 | lot_size=75
🚫 Rejected: NIFTY25D2326200PE (PE)

🌀 Generated cURL for Groww Candle API:
curl --location 'https://api.groww.in/v1/historical/candles?exchange=NSE&segment=FNO&groww_symbol=NSE-NIFTY-23Dec25-26050-CE&start_time=2025-12-22 11:15:26&end_time=2025-12-22 11:18:26&candle_interval=1minute' \
  --header 'Accept: application/json' \
  --header 'Authorization: Bearer eyJraWQiOiJaTUtjVXciLCJhbGciOiJFUzI1NiJ9.eyJleHAiOjE3NjY0NDk4MDAsImlhdCI6MTc2NjM4MTAzNSwibmJmIjoxNzY2MzgxMDM1LCJzdWIiOiJ7XCJ0b2tlblJlZklkXCI6XCI3YjAzZDg0Ny02ZDE3LTQ1MDMtODc3NC05MDc1MWIxYWQ2MGFcIixcInZlbmRvckludGVncmF0aW9uS2V5XCI6XCJlMzFmZjIzYjA4NmI0MDZjODg3NGIyZjZkODQ5NTMxM1wiLFwidXNlckFjY291bnRJZFwiOlwiMmVlMjYyMjItN2MwNS00Y2IwLWIwM2MtNzAzYWRmNWVmN2RkXCIsXCJkZXZpY2VJZFwiOlwiNWQwYzdjODgtMGI1OS01MDU0LTk5ZTYtYWU5MzY5OTc2ZmRiXCIsXCJzZXNzaW9uSWRcIjpcIjE3ZmU1MzRlLTRkN2QtNDc3ZS05ZWIyLWY0NTNiNzQyNmVmMFwiLFwiYWRkaXRpb25hbERhdGFcIjpcIno1NC9NZzltdjE2WXdmb0gvS0EwYktvMDZXRlpjc241VUNmTWF5aERtNGxSTkczdTlLa2pWZDNoWjU1ZStNZERhWXBOVi9UOUxIRmtQejFFQisybTdRPT1cIixcInJvbGVcIjpcIm9yZGVyLWJhc2ljLGxpdmVfZGF0YS1iYXNpYyxub25fdHJhZGluZy1iYXNpYyxvcmRlcl9yZWFkX29ubHktYmFzaWMsYmFja190ZXN0XCIsXCJzb3VyY2VJcEFkZHJlc3NcIjpudWxsLFwidHdvRmFFeHBpcnlUc1wiOjE3NjY0NDk4MDAwMDB9IiwiaXNzIjoiYXBleC1hdXRoLXByb2QtYXBwIn0.ca394Qx4gl0KcOO-H_QUSiPFQgGQ6ASVSHjsinwrtzJsWOfIpYm-ndFsFU9Ue0OJYlwGomtiwlETYQPPCJEXew' \
  --header 'X-API-VERSION: 1.0'

📊 3-min candle trend → PE (O1=112.8, C3=110.0)
📊 Market Direction: PE
❌ Skipping — market direction conflicts with momentum.
🔍 Detecting best option between CE and PE for NIFTY 2025-12-23…
➡️  Searching CE between 80-130
➡️  Searching PE between 80-130
⚙️ Checking momentum for top 1 CE candidates...

🧭 Checking momentum for NIFTY25D2326050CE (5 samples, every 1s):
⚙️ Checking momentum for top 1 PE candidates...

🧭 Checking momentum for NIFTY25D2326200PE (5 samples, every 1s):
delta = 0.6893, theta = -23.9028,  iv = 10.7301,  gamma = 0.0022,  vega = 5.2319,  rho = 0.5754, open_interest = 67226, ltp = 108.65
delta = -0.6889, theta = -21.9099,  iv = 9.8299,  gamma = 0.0024,  vega = 5.2348,  rho = -0.5818, open_interest = 123083, ltp = 102.75
[NIFTY25D2326050CE] ⏱ Sample 1/5: LTP = ₹108.65
[NIFTY25D2326200PE] ⏱ Sample 1/5: LTP = ₹102.75
[NIFTY25D2326050CE] ⏱ Sample 2/5: LTP = ₹109.10
[NIFTY25D2326200PE] ⏱ Sample 2/5: LTP = ₹102.35
[NIFTY25D2326050CE] ⏱ Sample 3/5: LTP = ₹109.30
[NIFTY25D2326200PE] ⏱ Sample 3/5: LTP = ₹102.55
[NIFTY25D2326050CE] ⏱ Sample 4/5: LTP = ₹109.10
[NIFTY25D2326200PE] ⏱ Sample 4/5: LTP = ₹102.30
[NIFTY25D2326050CE] ⏱ Sample 5/5: LTP = ₹109.20
[NIFTY25D2326200PE] ⏱ Sample 5/5: LTP = ₹102.55
[NIFTY25D2326050CE] 📊 Avg Δ = 0.084%, Consistency = 100.0% → FLAT
[NIFTY25D2326050CE] 📈 Range ₹108.65 → ₹109.20

⚠️ No strong momentum found for CE (>0.25%, consistency >70%)
📊 Running momentum check for CE (NIFTY25D2326050CE)

🧭 Checking momentum for NIFTY25D2326050CE (5 samples, every 1s):
delta = 0.6894, theta = -23.8364,  iv = 10.7021,  gamma = 0.0022,  vega = 5.231,  rho = 0.5755, open_interest = 67226, ltp = 109.65
[NIFTY25D2326200PE] 📊 Avg Δ = -0.041%, Consistency = 50.0% → FLAT
[NIFTY25D2326200PE] 📈 Range ₹102.75 → ₹102.55

⚠️ No strong momentum found for PE (>0.3%, consistency >70%)
📊 Running momentum check for PE (NIFTY25D2326200PE)

🧭 Checking momentum for NIFTY25D2326200PE (5 samples, every 1s):
delta = -0.6889, theta = -21.9099,  iv = 9.8299,  gamma = 0.0024,  vega = 5.2348,  rho = -0.5818, open_interest = 123083, ltp = 102.25
[NIFTY25D2326050CE] ⏱ Sample 1/5: LTP = ₹109.65
[NIFTY25D2326200PE] ⏱ Sample 1/5: LTP = ₹102.15
[NIFTY25D2326050CE] ⏱ Sample 2/5: LTP = ₹109.65
[NIFTY25D2326200PE] ⏱ Sample 2/5: LTP = ₹102.05
[NIFTY25D2326050CE] ⏱ Sample 3/5: LTP = ₹110.15
[NIFTY25D2326200PE] ⏱ Sample 3/5: LTP = ₹101.20
[NIFTY25D2326050CE] ⏱ Sample 4/5: LTP = ₹110.85
[NIFTY25D2326200PE] ⏱ Sample 4/5: LTP = ₹101.20
[NIFTY25D2326050CE] ⏱ Sample 5/5: LTP = ₹111.00
[NIFTY25D2326200PE] ⏱ Sample 5/5: LTP = ₹100.95
[NIFTY25D2326050CE] 📊 Avg Δ = 0.386%, Consistency = 100.0% → UP
[NIFTY25D2326050CE] 📈 Range ₹109.65 → ₹111.00

✅ Momentum for CE: {'symbol': 'NIFTY25D2326050CE', 'avg_change': np.float64(0.386), 'consistency': np.float64(100.0), 'direction': 'UP'}
🧩 Finished CE: NIFTY25D2326050CE, momentum={'symbol': 'NIFTY25D2326050CE', 'avg_change': np.float64(0.386), 'consistency': np.float64(100.0), 'direction': 'UP'}
[NIFTY25D2326200PE] 📊 Avg Δ = -0.336%, Consistency = 100.0% → DOWN
[NIFTY25D2326200PE] 📈 Range ₹102.15 → ₹100.95

✅ Momentum for PE: {'symbol': 'NIFTY25D2326200PE', 'avg_change': np.float64(-0.336), 'consistency': np.float64(100.0), 'direction': 'DOWN'}
🧩 Finished PE: NIFTY25D2326200PE, momentum={'symbol': 'NIFTY25D2326200PE', 'avg_change': np.float64(-0.336), 'consistency': np.float64(100.0), 'direction': 'DOWN'}
🧮 Comparing CE vs PE momentum...
📈 CE momentum: 0.386% (UP, 100.0%)
📉 PE momentum: -0.336% (DOWN, 100.0%)
✅ Selected CE (stronger momentum)
✅ Selected: NIFTY25D2326050CE (CE) | LTP=109.5 | lot_size=75
🚫 Rejected: NIFTY25D2326200PE (PE)

🌀 Generated cURL for Groww Candle API:
curl --location 'https://api.groww.in/v1/historical/candles?exchange=NSE&segment=FNO&groww_symbol=NSE-NIFTY-23Dec25-26050-CE&start_time=2025-12-22 11:16:24&end_time=2025-12-22 11:19:24&candle_interval=1minute' \
  --header 'Accept: application/json' \
  --header 'Authorization: Bearer eyJraWQiOiJaTUtjVXciLCJhbGciOiJFUzI1NiJ9.eyJleHAiOjE3NjY0NDk4MDAsImlhdCI6MTc2NjM4MTAzNSwibmJmIjoxNzY2MzgxMDM1LCJzdWIiOiJ7XCJ0b2tlblJlZklkXCI6XCI3YjAzZDg0Ny02ZDE3LTQ1MDMtODc3NC05MDc1MWIxYWQ2MGFcIixcInZlbmRvckludGVncmF0aW9uS2V5XCI6XCJlMzFmZjIzYjA4NmI0MDZjODg3NGIyZjZkODQ5NTMxM1wiLFwidXNlckFjY291bnRJZFwiOlwiMmVlMjYyMjItN2MwNS00Y2IwLWIwM2MtNzAzYWRmNWVmN2RkXCIsXCJkZXZpY2VJZFwiOlwiNWQwYzdjODgtMGI1OS01MDU0LTk5ZTYtYWU5MzY5OTc2ZmRiXCIsXCJzZXNzaW9uSWRcIjpcIjE3ZmU1MzRlLTRkN2QtNDc3ZS05ZWIyLWY0NTNiNzQyNmVmMFwiLFwiYWRkaXRpb25hbERhdGFcIjpcIno1NC9NZzltdjE2WXdmb0gvS0EwYktvMDZXRlpjc241VUNmTWF5aERtNGxSTkczdTlLa2pWZDNoWjU1ZStNZERhWXBOVi9UOUxIRmtQejFFQisybTdRPT1cIixcInJvbGVcIjpcIm9yZGVyLWJhc2ljLGxpdmVfZGF0YS1iYXNpYyxub25fdHJhZGluZy1iYXNpYyxvcmRlcl9yZWFkX29ubHktYmFzaWMsYmFja190ZXN0XCIsXCJzb3VyY2VJcEFkZHJlc3NcIjpudWxsLFwidHdvRmFFeHBpcnlUc1wiOjE3NjY0NDk4MDAwMDB9IiwiaXNzIjoiYXBleC1hdXRoLXByb2QtYXBwIn0.ca394Qx4gl0KcOO-H_QUSiPFQgGQ6ASVSHjsinwrtzJsWOfIpYm-ndFsFU9Ue0OJYlwGomtiwlETYQPPCJEXew' \
  --header 'X-API-VERSION: 1.0'

📊 3-min candle trend → PE (O1=111.5, C3=110.35)
📊 Market Direction: PE
❌ Skipping — market direction conflicts with momentum.
🔍 Detecting best option between CE and PE for NIFTY 2025-12-23…
➡️  Searching CE between 80-130
➡️  Searching PE between 80-130
⚙️ Checking momentum for top 1 CE candidates...

🧭 Checking momentum for NIFTY25D2326050CE (5 samples, every 1s):
delta = 0.6904, theta = -23.8874,  iv = 10.7372,  gamma = 0.0022,  vega = 5.2219,  rho = 0.576, open_interest = 69551, ltp = 110.75
[NIFTY25D2326050CE] ⏱ Sample 1/5: LTP = ₹110.75
[NIFTY25D2326050CE] ⏱ Sample 2/5: LTP = ₹110.50
⚙️ Checking momentum for top 1 PE candidates...

🧭 Checking momentum for NIFTY25D2326200PE (5 samples, every 1s):
delta = -0.6855, theta = -22.051,  iv = 9.841,  gamma = 0.0024,  vega = 5.2564,  rho = -0.5783, open_interest = 120137, ltp = 101.65
[NIFTY25D2326050CE] ⏱ Sample 3/5: LTP = ₹110.30
[NIFTY25D2326200PE] ⏱ Sample 1/5: LTP = ₹101.65
[NIFTY25D2326050CE] ⏱ Sample 4/5: LTP = ₹110.30
[NIFTY25D2326200PE] ⏱ Sample 2/5: LTP = ₹101.50
[NIFTY25D2326050CE] ⏱ Sample 5/5: LTP = ₹109.35
[NIFTY25D2326200PE] ⏱ Sample 3/5: LTP = ₹103.00
[NIFTY25D2326050CE] 📊 Avg Δ = -0.242%, Consistency = 100.0% → FLAT
[NIFTY25D2326050CE] 📈 Range ₹110.75 → ₹109.35

⚠️ No strong momentum found for CE (>0.25%, consistency >70%)
📊 Running momentum check for CE (NIFTY25D2326050CE)

🧭 Checking momentum for NIFTY25D2326050CE (5 samples, every 1s):
delta = 0.6917, theta = -23.8804,  iv = 10.7501,  gamma = 0.0022,  vega = 5.2111,  rho = 0.5767, open_interest = 69551, ltp = 109.1
[NIFTY25D2326050CE] ⏱ Sample 1/5: LTP = ₹109.15
[NIFTY25D2326200PE] ⏱ Sample 4/5: LTP = ₹102.70
[NIFTY25D2326050CE] ⏱ Sample 2/5: LTP = ₹109.00
[NIFTY25D2326200PE] ⏱ Sample 5/5: LTP = ₹102.40
[NIFTY25D2326050CE] ⏱ Sample 3/5: LTP = ₹109.20
[NIFTY25D2326200PE] 📊 Avg Δ = 0.318%, Consistency = 100.0% → UP
[NIFTY25D2326200PE] 📈 Range ₹101.65 → ₹102.40

🏆 Selected PE: NIFTY25D2326200PE (UP | 0.32% | Consistency 100.0%)
📊 Running momentum check for PE (NIFTY25D2326200PE)

🧭 Checking momentum for NIFTY25D2326200PE (5 samples, every 1s):
delta = -0.6855, theta = -22.051,  iv = 9.841,  gamma = 0.0024,  vega = 5.2564,  rho = -0.5783, open_interest = 120137, ltp = 102.75
[NIFTY25D2326200PE] ⏱ Sample 1/5: LTP = ₹102.75
[NIFTY25D2326050CE] ⏱ Sample 4/5: LTP = ₹109.20
[NIFTY25D2326200PE] ⏱ Sample 2/5: LTP = ₹102.75
[NIFTY25D2326050CE] ⏱ Sample 5/5: LTP = ₹109.20
[NIFTY25D2326050CE] 📊 Avg Δ = 0.038%, Consistency = 100.0% → FLAT
[NIFTY25D2326050CE] 📈 Range ₹109.15 → ₹109.20

✅ Momentum for CE: {'symbol': 'NIFTY25D2326050CE', 'avg_change': np.float64(0.038), 'consistency': np.float64(100.0), 'direction': 'FLAT'}
🧩 Finished CE: NIFTY25D2326050CE, momentum={'symbol': 'NIFTY25D2326050CE', 'avg_change': np.float64(0.038), 'consistency': np.float64(100.0), 'direction': 'FLAT'}
[NIFTY25D2326200PE] ⏱ Sample 3/5: LTP = ₹102.50
[NIFTY25D2326200PE] ⏱ Sample 4/5: LTP = ₹103.20
[NIFTY25D2326200PE] ⏱ Sample 5/5: LTP = ₹103.85
[NIFTY25D2326200PE] 📊 Avg Δ = 0.251%, Consistency = 100.0% → UP
[NIFTY25D2326200PE] 📈 Range ₹102.75 → ₹103.85

✅ Momentum for PE: {'symbol': 'NIFTY25D2326200PE', 'avg_change': np.float64(0.251), 'consistency': np.float64(100.0), 'direction': 'UP'}
🧩 Finished PE: NIFTY25D2326200PE, momentum={'symbol': 'NIFTY25D2326200PE', 'avg_change': np.float64(0.251), 'consistency': np.float64(100.0), 'direction': 'UP'}
🧮 Comparing CE vs PE momentum...
📈 CE momentum: 0.038% (FLAT, 100.0%)
📉 PE momentum: 0.251% (UP, 100.0%)
⚖️ Momentum similar — choosing PE fallback
✅ Selected: NIFTY25D2326200PE (PE) | LTP=101.3 | lot_size=75
🚫 Rejected: NIFTY25D2326050CE (CE)

🌀 Generated cURL for Groww Candle API:
curl --location 'https://api.groww.in/v1/historical/candles?exchange=NSE&segment=FNO&groww_symbol=NSE-NIFTY-23Dec25-26200-PE&start_time=2025-12-22 11:17:27&end_time=2025-12-22 11:20:27&candle_interval=1minute' \
  --header 'Accept: application/json' \
  --header 'Authorization: Bearer eyJraWQiOiJaTUtjVXciLCJhbGciOiJFUzI1NiJ9.eyJleHAiOjE3NjY0NDk4MDAsImlhdCI6MTc2NjM4MTAzNSwibmJmIjoxNzY2MzgxMDM1LCJzdWIiOiJ7XCJ0b2tlblJlZklkXCI6XCI3YjAzZDg0Ny02ZDE3LTQ1MDMtODc3NC05MDc1MWIxYWQ2MGFcIixcInZlbmRvckludGVncmF0aW9uS2V5XCI6XCJlMzFmZjIzYjA4NmI0MDZjODg3NGIyZjZkODQ5NTMxM1wiLFwidXNlckFjY291bnRJZFwiOlwiMmVlMjYyMjItN2MwNS00Y2IwLWIwM2MtNzAzYWRmNWVmN2RkXCIsXCJkZXZpY2VJZFwiOlwiNWQwYzdjODgtMGI1OS01MDU0LTk5ZTYtYWU5MzY5OTc2ZmRiXCIsXCJzZXNzaW9uSWRcIjpcIjE3ZmU1MzRlLTRkN2QtNDc3ZS05ZWIyLWY0NTNiNzQyNmVmMFwiLFwiYWRkaXRpb25hbERhdGFcIjpcIno1NC9NZzltdjE2WXdmb0gvS0EwYktvMDZXRlpjc241VUNmTWF5aERtNGxSTkczdTlLa2pWZDNoWjU1ZStNZERhWXBOVi9UOUxIRmtQejFFQisybTdRPT1cIixcInJvbGVcIjpcIm9yZGVyLWJhc2ljLGxpdmVfZGF0YS1iYXNpYyxub25fdHJhZGluZy1iYXNpYyxvcmRlcl9yZWFkX29ubHktYmFzaWMsYmFja190ZXN0XCIsXCJzb3VyY2VJcEFkZHJlc3NcIjpudWxsLFwidHdvRmFFeHBpcnlUc1wiOjE3NjY0NDk4MDAwMDB9IiwiaXNzIjoiYXBleC1hdXRoLXByb2QtYXBwIn0.ca394Qx4gl0KcOO-H_QUSiPFQgGQ6ASVSHjsinwrtzJsWOfIpYm-ndFsFU9Ue0OJYlwGomtiwlETYQPPCJEXew' \
  --header 'X-API-VERSION: 1.0'

📊 3-min candle trend → PE (O1=102.2, C3=103.35)
📊 Market Direction: PE
✅ Market confirms PE
Checking delta/theta/OI for selected option === NIFTY25D2326200PE
delta = -0.69, volume = 959261,  iv = 9.8677,  gamma = 0.0024,  vega = 5.2234,  rho = -0.5821, open_interest = 120137, ltp = 103.25
user_confirmation_needed : False
➡️ Placing SELECTED order (PE)
🔹 Auto order => NIFTY25D2326200PE, qty=1050, book@1050.0 ====== [2025-12-22 11:20:30]
💰 LTP for NSE_NIFTY25D2326200PE: ₹103.35 ====== [2025-12-22 11:20:31]
✅ Auto Buy placed: :{'groww_order_id': 'GMKFO251222112032SHZTQ2G1YM9I', 'order_status': 'NEW', 'order_reference_id': '19442053', 'remark': None} ======= [2025-12-22 11:20:32]
📈 Trailing started...
🔼 New High: ₹103.45
🔼 New High: ₹103.5
🔼 New High: ₹103.55
🔼 New High: ₹103.7
🔼 New High: ₹103.9
🛑 HARD SL HIT @ 97.25
Waiting for 1 min to get another data.
🔍 Detecting best option between CE and PE for NIFTY 2025-12-23…
➡️  Searching CE between 80-130
➡️  Searching PE between 80-130
⚠️ No affordable instruments for NIFTY 2025-12-23 CE
⚠️ No instrument found for CE
🧩 Finished CE: None, momentum=None
⚙️ Checking momentum for top 1 PE candidates...

🧭 Checking momentum for NIFTY25D2326200PE (5 samples, every 1s):
delta = -0.6699, theta = -22.5603,  iv = 9.84,  gamma = 0.0025,  vega = 5.3497,  rho = -0.5622, open_interest = 117627, ltp = 96.8
[NIFTY25D2326200PE] ⏱ Sample 1/5: LTP = ₹96.80
[NIFTY25D2326200PE] ⏱ Sample 2/5: LTP = ₹96.90
[NIFTY25D2326200PE] ⏱ Sample 3/5: LTP = ₹96.80
[NIFTY25D2326200PE] ⏱ Sample 4/5: LTP = ₹96.90
[NIFTY25D2326200PE] ⏱ Sample 5/5: LTP = ₹97.05
[NIFTY25D2326200PE] 📊 Avg Δ = 0.043%, Consistency = 100.0% → FLAT
[NIFTY25D2326200PE] 📈 Range ₹96.80 → ₹97.05

⚠️ No strong momentum found for PE (>0.3%, consistency >70%)
📊 Running momentum check for PE (NIFTY25D2326200PE)

🧭 Checking momentum for NIFTY25D2326200PE (5 samples, every 1s):
delta = -0.6699, theta = -22.5603,  iv = 9.84,  gamma = 0.0025,  vega = 5.3497,  rho = -0.5622, open_interest = 117627, ltp = 96.9
[NIFTY25D2326200PE] ⏱ Sample 1/5: LTP = ₹96.90
[NIFTY25D2326200PE] ⏱ Sample 2/5: LTP = ₹96.65
[NIFTY25D2326200PE] ⏱ Sample 3/5: LTP = ₹96.50
[NIFTY25D2326200PE] ⏱ Sample 4/5: LTP = ₹96.20
[NIFTY25D2326200PE] ⏱ Sample 5/5: LTP = ₹96.50
[NIFTY25D2326200PE] 📊 Avg Δ = -0.147%, Consistency = 100.0% → FLAT
[NIFTY25D2326200PE] 📈 Range ₹96.90 → ₹96.50

✅ Momentum for PE: {'symbol': 'NIFTY25D2326200PE', 'avg_change': np.float64(-0.147), 'consistency': np.float64(100.0), 'direction': 'FLAT'}
🧩 Finished PE: NIFTY25D2326200PE, momentum={'symbol': 'NIFTY25D2326200PE', 'avg_change': np.float64(-0.147), 'consistency': np.float64(100.0), 'direction': 'FLAT'}
🧮 Comparing CE vs PE momentum...
⚠️ Only PE has momentum — selecting PE
❌ Invalid instrument data. Retrying...
🔍 Detecting best option between CE and PE for NIFTY 2025-12-23…
➡️  Searching CE between 80-130
➡️  Searching PE between 80-130
⚠️ No affordable instruments for NIFTY 2025-12-23 CE
⚠️ No instrument found for CE
🧩 Finished CE: None, momentum=None
⚙️ Checking momentum for top 1 PE candidates...

🧭 Checking momentum for NIFTY25D2326200PE (5 samples, every 1s):
delta = -0.6745, theta = -22.3763,  iv = 9.8131,  gamma = 0.0025,  vega = 5.3174,  rho = -0.5657, open_interest = 117627, ltp = 97.2
[NIFTY25D2326200PE] ⏱ Sample 1/5: LTP = ₹97.20
[NIFTY25D2326200PE] ⏱ Sample 2/5: LTP = ₹97.15
[NIFTY25D2326200PE] ⏱ Sample 3/5: LTP = ₹97.45
[NIFTY25D2326200PE] ⏱ Sample 4/5: LTP = ₹97.95
[NIFTY25D2326200PE] ⏱ Sample 5/5: LTP = ₹97.55
[NIFTY25D2326200PE] 📊 Avg Δ = 0.197%, Consistency = 100.0% → FLAT
[NIFTY25D2326200PE] 📈 Range ₹97.20 → ₹97.55

⚠️ No strong momentum found for PE (>0.3%, consistency >70%)
📊 Running momentum check for PE (NIFTY25D2326200PE)

🧭 Checking momentum for NIFTY25D2326200PE (5 samples, every 1s):
delta = -0.6737, theta = -22.4294,  iv = 9.8259,  gamma = 0.0025,  vega = 5.3231,  rho = -0.565, open_interest = 117627, ltp = 97.35
[NIFTY25D2326200PE] ⏱ Sample 1/5: LTP = ₹97.35
[NIFTY25D2326200PE] ⏱ Sample 2/5: LTP = ₹97.35
[NIFTY25D2326200PE] ⏱ Sample 3/5: LTP = ₹97.60
[NIFTY25D2326200PE] ⏱ Sample 4/5: LTP = ₹96.80
[NIFTY25D2326200PE] ⏱ Sample 5/5: LTP = ₹96.10
[NIFTY25D2326200PE] 📊 Avg Δ = -0.308%, Consistency = 100.0% → DOWN
[NIFTY25D2326200PE] 📈 Range ₹97.35 → ₹96.10

✅ Momentum for PE: {'symbol': 'NIFTY25D2326200PE', 'avg_change': np.float64(-0.308), 'consistency': np.float64(100.0), 'direction': 'DOWN'}
🧩 Finished PE: NIFTY25D2326200PE, momentum={'symbol': 'NIFTY25D2326200PE', 'avg_change': np.float64(-0.308), 'consistency': np.float64(100.0), 'direction': 'DOWN'}
🧮 Comparing CE vs PE momentum...
⚠️ Only PE has momentum — selecting PE
❌ Invalid instrument data. Retrying...
🔍 Detecting best option between CE and PE for NIFTY 2025-12-23…
➡️  Searching CE between 80-130
➡️  Searching PE between 80-130
⚙️ Checking momentum for top 1 CE candidates...

🧭 Checking momentum for NIFTY25D2326100CE (5 samples, every 1s):
delta = 0.5902, theta = -25.4506,  iv = 10.3376,  gamma = 0.0025,  vega = 5.7377,  rho = 0.4895, open_interest = 226127, ltp = 79.8
⚙️ Checking momentum for top 1 PE candidates...

🧭 Checking momentum for NIFTY25D2326200PE (5 samples, every 1s):
delta = -0.674, theta = -22.3505,  iv = 9.7915,  gamma = 0.0025,  vega = 5.3198,  rho = -0.5649, open_interest = 118446, ltp = 96.7
[NIFTY25D2326100CE] ⏱ Sample 1/5: LTP = ₹79.80
[NIFTY25D2326200PE] ⏱ Sample 1/5: LTP = ₹96.75
[NIFTY25D2326100CE] ⏱ Sample 2/5: LTP = ₹79.55
[NIFTY25D2326200PE] ⏱ Sample 2/5: LTP = ₹96.75
[NIFTY25D2326100CE] ⏱ Sample 3/5: LTP = ₹79.85
[NIFTY25D2326200PE] ⏱ Sample 3/5: LTP = ₹96.75
[NIFTY25D2326100CE] ⏱ Sample 4/5: LTP = ₹79.90
[NIFTY25D2326200PE] ⏱ Sample 4/5: LTP = ₹96.30
[NIFTY25D2326100CE] ⏱ Sample 5/5: LTP = ₹80.10
[NIFTY25D2326200PE] ⏱ Sample 5/5: LTP = ₹96.25
[NIFTY25D2326100CE] 📊 Avg Δ = 0.136%, Consistency = 100.0% → FLAT
[NIFTY25D2326100CE] 📈 Range ₹79.80 → ₹80.10

⚠️ No strong momentum found for CE (>0.25%, consistency >70%)
📊 Running momentum check for CE (NIFTY25D2326100CE)

🧭 Checking momentum for NIFTY25D2326100CE (5 samples, every 1s):
delta = 0.5915, theta = -25.4041,  iv = 10.3261,  gamma = 0.0025,  vega = 5.7336,  rho = 0.4905, open_interest = 226127, ltp = 80.55
[NIFTY25D2326200PE] 📊 Avg Δ = -0.164%, Consistency = 100.0% → FLAT
[NIFTY25D2326200PE] 📈 Range ₹96.75 → ₹96.25

⚠️ No strong momentum found for PE (>0.3%, consistency >70%)
📊 Running momentum check for PE (NIFTY25D2326200PE)

🧭 Checking momentum for NIFTY25D2326200PE (5 samples, every 1s):
delta = -0.6722, theta = -22.4869,  iv = 9.8296,  gamma = 0.0025,  vega = 5.3316,  rho = -0.5634, open_interest = 118446, ltp = 95.85[NIFTY25D2326100CE] ⏱ Sample 1/5: LTP = ₹80.55

[NIFTY25D2326200PE] ⏱ Sample 1/5: LTP = ₹95.95
[NIFTY25D2326100CE] ⏱ Sample 2/5: LTP = ₹80.65
[NIFTY25D2326200PE] ⏱ Sample 2/5: LTP = ₹96.05
[NIFTY25D2326100CE] ⏱ Sample 3/5: LTP = ₹80.15
[NIFTY25D2326200PE] ⏱ Sample 3/5: LTP = ₹95.65
[NIFTY25D2326100CE] ⏱ Sample 4/5: LTP = ₹80.35
[NIFTY25D2326200PE] ⏱ Sample 4/5: LTP = ₹96.15
[NIFTY25D2326100CE] ⏱ Sample 5/5: LTP = ₹80.05
[NIFTY25D2326200PE] ⏱ Sample 5/5: LTP = ₹96.00
[NIFTY25D2326100CE] 📊 Avg Δ = -0.166%, Consistency = 100.0% → FLAT
[NIFTY25D2326100CE] 📈 Range ₹80.55 → ₹80.05

✅ Momentum for CE: {'symbol': 'NIFTY25D2326100CE', 'avg_change': np.float64(-0.166), 'consistency': np.float64(100.0), 'direction': 'FLAT'}
🧩 Finished CE: NIFTY25D2326100CE, momentum={'symbol': 'NIFTY25D2326100CE', 'avg_change': np.float64(-0.166), 'consistency': np.float64(100.0), 'direction': 'FLAT'}
[NIFTY25D2326200PE] 📊 Avg Δ = 0.026%, Consistency = 50.0% → FLAT
[NIFTY25D2326200PE] 📈 Range ₹95.95 → ₹96.00

✅ Momentum for PE: {'symbol': 'NIFTY25D2326200PE', 'avg_change': np.float64(0.026), 'consistency': np.float64(50.0), 'direction': 'FLAT'}
🧩 Finished PE: NIFTY25D2326200PE, momentum={'symbol': 'NIFTY25D2326200PE', 'avg_change': np.float64(0.026), 'consistency': np.float64(50.0), 'direction': 'FLAT'}
🧮 Comparing CE vs PE momentum...
📈 CE momentum: -0.166% (FLAT, 100.0%)
📉 PE momentum: 0.026% (FLAT, 50.0%)
⚖️ Momentum similar — choosing PE fallback
✅ Selected: NIFTY25D2326200PE (PE) | LTP=96.35 | lot_size=75
🚫 Rejected: NIFTY25D2326100CE (CE)

🌀 Generated cURL for Groww Candle API:
curl --location 'https://api.groww.in/v1/historical/candles?exchange=NSE&segment=FNO&groww_symbol=NSE-NIFTY-23Dec25-26200-PE&start_time=2025-12-22 11:29:22&end_time=2025-12-22 11:32:22&candle_interval=1minute' \
  --header 'Accept: application/json' \
  --header 'Authorization: Bearer eyJraWQiOiJaTUtjVXciLCJhbGciOiJFUzI1NiJ9.eyJleHAiOjE3NjY0NDk4MDAsImlhdCI6MTc2NjM4MTAzNSwibmJmIjoxNzY2MzgxMDM1LCJzdWIiOiJ7XCJ0b2tlblJlZklkXCI6XCI3YjAzZDg0Ny02ZDE3LTQ1MDMtODc3NC05MDc1MWIxYWQ2MGFcIixcInZlbmRvckludGVncmF0aW9uS2V5XCI6XCJlMzFmZjIzYjA4NmI0MDZjODg3NGIyZjZkODQ5NTMxM1wiLFwidXNlckFjY291bnRJZFwiOlwiMmVlMjYyMjItN2MwNS00Y2IwLWIwM2MtNzAzYWRmNWVmN2RkXCIsXCJkZXZpY2VJZFwiOlwiNWQwYzdjODgtMGI1OS01MDU0LTk5ZTYtYWU5MzY5OTc2ZmRiXCIsXCJzZXNzaW9uSWRcIjpcIjE3ZmU1MzRlLTRkN2QtNDc3ZS05ZWIyLWY0NTNiNzQyNmVmMFwiLFwiYWRkaXRpb25hbERhdGFcIjpcIno1NC9NZzltdjE2WXdmb0gvS0EwYktvMDZXRlpjc241VUNmTWF5aERtNGxSTkczdTlLa2pWZDNoWjU1ZStNZERhWXBOVi9UOUxIRmtQejFFQisybTdRPT1cIixcInJvbGVcIjpcIm9yZGVyLWJhc2ljLGxpdmVfZGF0YS1iYXNpYyxub25fdHJhZGluZy1iYXNpYyxvcmRlcl9yZWFkX29ubHktYmFzaWMsYmFja190ZXN0XCIsXCJzb3VyY2VJcEFkZHJlc3NcIjpudWxsLFwidHdvRmFFeHBpcnlUc1wiOjE3NjY0NDk4MDAwMDB9IiwiaXNzIjoiYXBleC1hdXRoLXByb2QtYXBwIn0.ca394Qx4gl0KcOO-H_QUSiPFQgGQ6ASVSHjsinwrtzJsWOfIpYm-ndFsFU9Ue0OJYlwGomtiwlETYQPPCJEXew' \
  --header 'X-API-VERSION: 1.0'

📊 3-min candle trend → CE (O1=96.8, C3=95.75)
📊 Market Direction: CE
❌ Skipping — market direction conflicts with momentum.
🔍 Detecting best option between CE and PE for NIFTY 2025-12-23…
➡️  Searching CE between 80-130
➡️  Searching PE between 80-130
⚙️ Checking momentum for top 1 CE candidates...

🧭 Checking momentum for NIFTY25D2326100CE (5 samples, every 1s):
delta = 0.5914, theta = -25.4418,  iv = 10.3379,  gamma = 0.0025,  vega = 5.7321,  rho = 0.4902, open_interest = 226127, ltp = 79.25
⚙️ Checking momentum for top 1 PE candidates...

🧭 Checking momentum for NIFTY25D2326200PE (5 samples, every 1s):
delta = -0.6742, theta = -22.2714,  iv = 9.757,  gamma = 0.0025,  vega = 5.3166,  rho = -0.5648, open_interest = 118446, ltp = 97.35
[NIFTY25D2326100CE] ⏱ Sample 1/5: LTP = ₹79.05
[NIFTY25D2326200PE] ⏱ Sample 1/5: LTP = ₹97.50
[NIFTY25D2326100CE] ⏱ Sample 2/5: LTP = ₹79.10
[NIFTY25D2326200PE] ⏱ Sample 2/5: LTP = ₹97.50
[NIFTY25D2326100CE] ⏱ Sample 3/5: LTP = ₹79.30
[NIFTY25D2326200PE] ⏱ Sample 3/5: LTP = ₹97.25
[NIFTY25D2326100CE] ⏱ Sample 4/5: LTP = ₹79.25
[NIFTY25D2326200PE] ⏱ Sample 4/5: LTP = ₹97.35
[NIFTY25D2326100CE] ⏱ Sample 5/5: LTP = ₹79.35
[NIFTY25D2326200PE] ⏱ Sample 5/5: LTP = ₹96.95
[NIFTY25D2326100CE] 📊 Avg Δ = 0.095%, Consistency = 100.0% → FLAT
[NIFTY25D2326100CE] 📈 Range ₹79.05 → ₹79.35

⚠️ No strong momentum found for CE (>0.25%, consistency >70%)
📊 Running momentum check for CE (NIFTY25D2326100CE)

🧭 Checking momentum for NIFTY25D2326100CE (5 samples, every 1s):
delta = 0.5914, theta = -25.4418,  iv = 10.3379,  gamma = 0.0025,  vega = 5.7321,  rho = 0.4902, open_interest = 226127, ltp = 79.5
[NIFTY25D2326200PE] 📊 Avg Δ = -0.120%, Consistency = 100.0% → FLAT
[NIFTY25D2326200PE] 📈 Range ₹97.50 → ₹96.95

⚠️ No strong momentum found for PE (>0.3%, consistency >70%)
📊 Running momentum check for PE (NIFTY25D2326200PE)

🧭 Checking momentum for NIFTY25D2326200PE (5 samples, every 1s):
[NIFTY25D2326100CE] ⏱ Sample 1/5: LTP = ₹79.50
delta = -0.6762, theta = -22.2687,  iv = 9.7773,  gamma = 0.0025,  vega = 5.3017,  rho = -0.5661, open_interest = 118446, ltp = 97.1
[NIFTY25D2326200PE] ⏱ Sample 1/5: LTP = ₹96.95
[NIFTY25D2326100CE] ⏱ Sample 2/5: LTP = ₹79.25
[NIFTY25D2326200PE] ⏱ Sample 2/5: LTP = ₹97.20
[NIFTY25D2326100CE] ⏱ Sample 3/5: LTP = ₹79.25
[NIFTY25D2326200PE] ⏱ Sample 3/5: LTP = ₹97.30
[NIFTY25D2326100CE] ⏱ Sample 4/5: LTP = ₹79.20
[NIFTY25D2326200PE] ⏱ Sample 4/5: LTP = ₹97.00
[NIFTY25D2326100CE] ⏱ Sample 5/5: LTP = ₹79.70
[NIFTY25D2326200PE] ⏱ Sample 5/5: LTP = ₹97.10
[NIFTY25D2326100CE] 📊 Avg Δ = 0.032%, Consistency = 50.0% → FLAT
[NIFTY25D2326100CE] 📈 Range ₹79.50 → ₹79.70

✅ Momentum for CE: {'symbol': 'NIFTY25D2326100CE', 'avg_change': np.float64(0.032), 'consistency': np.float64(50.0), 'direction': 'FLAT'}
🧩 Finished CE: NIFTY25D2326100CE, momentum={'symbol': 'NIFTY25D2326100CE', 'avg_change': np.float64(0.032), 'consistency': np.float64(50.0), 'direction': 'FLAT'}
[NIFTY25D2326200PE] 📊 Avg Δ = -0.009%, Consistency = 50.0% → FLAT
[NIFTY25D2326200PE] 📈 Range ₹96.95 → ₹97.10

✅ Momentum for PE: {'symbol': 'NIFTY25D2326200PE', 'avg_change': np.float64(-0.009), 'consistency': np.float64(50.0), 'direction': 'FLAT'}
🧩 Finished PE: NIFTY25D2326200PE, momentum={'symbol': 'NIFTY25D2326200PE', 'avg_change': np.float64(-0.009), 'consistency': np.float64(50.0), 'direction': 'FLAT'}
🧮 Comparing CE vs PE momentum...
📈 CE momentum: 0.032% (FLAT, 50.0%)
📉 PE momentum: -0.009% (FLAT, 50.0%)
⚖️ Momentum similar — choosing CE fallback
✅ Selected: NIFTY25D2326100CE (CE) | LTP=80.1 | lot_size=75
🚫 Rejected: NIFTY25D2326200PE (PE)

🌀 Generated cURL for Groww Candle API:
curl --location 'https://api.groww.in/v1/historical/candles?exchange=NSE&segment=FNO&groww_symbol=NSE-NIFTY-23Dec25-26100-CE&start_time=2025-12-22 11:30:18&end_time=2025-12-22 11:33:18&candle_interval=1minute' \
  --header 'Accept: application/json' \
  --header 'Authorization: Bearer eyJraWQiOiJaTUtjVXciLCJhbGciOiJFUzI1NiJ9.eyJleHAiOjE3NjY0NDk4MDAsImlhdCI6MTc2NjM4MTAzNSwibmJmIjoxNzY2MzgxMDM1LCJzdWIiOiJ7XCJ0b2tlblJlZklkXCI6XCI3YjAzZDg0Ny02ZDE3LTQ1MDMtODc3NC05MDc1MWIxYWQ2MGFcIixcInZlbmRvckludGVncmF0aW9uS2V5XCI6XCJlMzFmZjIzYjA4NmI0MDZjODg3NGIyZjZkODQ5NTMxM1wiLFwidXNlckFjY291bnRJZFwiOlwiMmVlMjYyMjItN2MwNS00Y2IwLWIwM2MtNzAzYWRmNWVmN2RkXCIsXCJkZXZpY2VJZFwiOlwiNWQwYzdjODgtMGI1OS01MDU0LTk5ZTYtYWU5MzY5OTc2ZmRiXCIsXCJzZXNzaW9uSWRcIjpcIjE3ZmU1MzRlLTRkN2QtNDc3ZS05ZWIyLWY0NTNiNzQyNmVmMFwiLFwiYWRkaXRpb25hbERhdGFcIjpcIno1NC9NZzltdjE2WXdmb0gvS0EwYktvMDZXRlpjc241VUNmTWF5aERtNGxSTkczdTlLa2pWZDNoWjU1ZStNZERhWXBOVi9UOUxIRmtQejFFQisybTdRPT1cIixcInJvbGVcIjpcIm9yZGVyLWJhc2ljLGxpdmVfZGF0YS1iYXNpYyxub25fdHJhZGluZy1iYXNpYyxvcmRlcl9yZWFkX29ubHktYmFzaWMsYmFja190ZXN0XCIsXCJzb3VyY2VJcEFkZHJlc3NcIjpudWxsLFwidHdvRmFFeHBpcnlUc1wiOjE3NjY0NDk4MDAwMDB9IiwiaXNzIjoiYXBleC1hdXRoLXByb2QtYXBwIn0.ca394Qx4gl0KcOO-H_QUSiPFQgGQ6ASVSHjsinwrtzJsWOfIpYm-ndFsFU9Ue0OJYlwGomtiwlETYQPPCJEXew' \
  --header 'X-API-VERSION: 1.0'

📊 3-min candle trend → PE (O1=79.65, C3=79.15)
📊 Market Direction: PE
❌ Skipping — market direction conflicts with momentum.
🔍 Detecting best option between CE and PE for NIFTY 2025-12-23…
➡️  Searching CE between 80-130
➡️  Searching PE between 80-130
⚠️ No affordable instruments for NIFTY 2025-12-23 CE
⚠️ No instrument found for CE
🧩 Finished CE: None, momentum=None
⚙️ Checking momentum for top 1 PE candidates...

🧭 Checking momentum for NIFTY25D2326200PE (5 samples, every 1s):
delta = -0.6713, theta = -22.3777,  iv = 9.7643,  gamma = 0.0025,  vega = 5.3347,  rho = -0.562, open_interest = 118446, ltp = 97.3
[NIFTY25D2326200PE] ⏱ Sample 1/5: LTP = ₹97.30
[NIFTY25D2326200PE] ⏱ Sample 2/5: LTP = ₹96.90
[NIFTY25D2326200PE] ⏱ Sample 3/5: LTP = ₹96.85
[NIFTY25D2326200PE] ⏱ Sample 4/5: LTP = ₹96.95
[NIFTY25D2326200PE] ⏱ Sample 5/5: LTP = ₹96.55
[NIFTY25D2326200PE] 📊 Avg Δ = -0.120%, Consistency = 100.0% → FLAT
[NIFTY25D2326200PE] 📈 Range ₹97.30 → ₹96.55

⚠️ No strong momentum found for PE (>0.3%, consistency >70%)
📊 Running momentum check for PE (NIFTY25D2326200PE)

🧭 Checking momentum for NIFTY25D2326200PE (5 samples, every 1s):
delta = -0.6732, theta = -22.2516,  iv = 9.7325,  gamma = 0.0025,  vega = 5.322,  rho = -0.5636, open_interest = 118446, ltp = 96.5
[NIFTY25D2326200PE] ⏱ Sample 1/5: LTP = ₹96.50
[NIFTY25D2326200PE] ⏱ Sample 2/5: LTP = ₹96.35
[NIFTY25D2326200PE] ⏱ Sample 3/5: LTP = ₹96.15
[NIFTY25D2326200PE] ⏱ Sample 4/5: LTP = ₹96.50
[NIFTY25D2326200PE] ⏱ Sample 5/5: LTP = ₹96.15
[NIFTY25D2326200PE] 📊 Avg Δ = -0.035%, Consistency = 100.0% → FLAT
[NIFTY25D2326200PE] 📈 Range ₹96.50 → ₹96.15

✅ Momentum for PE: {'symbol': 'NIFTY25D2326200PE', 'avg_change': np.float64(-0.035), 'consistency': np.float64(100.0), 'direction': 'FLAT'}
🧩 Finished PE: NIFTY25D2326200PE, momentum={'symbol': 'NIFTY25D2326200PE', 'avg_change': np.float64(-0.035), 'consistency': np.float64(100.0), 'direction': 'FLAT'}
🧮 Comparing CE vs PE momentum...
⚠️ Only PE has momentum — selecting PE
❌ Invalid instrument data. Retrying...
🔍 Detecting best option between CE and PE for NIFTY 2025-12-23…
➡️  Searching CE between 80-130
➡️  Searching PE between 80-130
⚙️ Checking momentum for top 1 CE candidates...

🧭 Checking momentum for NIFTY25D2326100CE (5 samples, every 1s):
delta = 0.5949, theta = -25.4425,  iv = 10.3506,  gamma = 0.0025,  vega = 5.715,  rho = 0.4922, open_interest = 225531, ltp = 80.55
⚙️ Checking momentum for top 1 PE candidates...

🧭 Checking momentum for NIFTY25D2326200PE (5 samples, every 1s):
delta = -0.6698, theta = -22.4524,  iv = 9.7737,  gamma = 0.0025,  vega = 5.341,  rho = -0.5601, open_interest = 120940, ltp = 95.95
[NIFTY25D2326100CE] ⏱ Sample 1/5: LTP = ₹80.45
[NIFTY25D2326200PE] ⏱ Sample 1/5: LTP = ₹95.95
[NIFTY25D2326100CE] ⏱ Sample 2/5: LTP = ₹79.60
[NIFTY25D2326200PE] ⏱ Sample 2/5: LTP = ₹96.65
[NIFTY25D2326100CE] ⏱ Sample 3/5: LTP = ₹79.40
[NIFTY25D2326200PE] ⏱ Sample 3/5: LTP = ₹96.65
[NIFTY25D2326100CE] ⏱ Sample 4/5: LTP = ₹79.75
[NIFTY25D2326200PE] ⏱ Sample 4/5: LTP = ₹96.45
[NIFTY25D2326100CE] ⏱ Sample 5/5: LTP = ₹79.95
[NIFTY25D2326200PE] ⏱ Sample 5/5: LTP = ₹96.30
[NIFTY25D2326100CE] 📊 Avg Δ = -0.073%, Consistency = 50.0% → FLAT
[NIFTY25D2326100CE] 📈 Range ₹80.45 → ₹79.95

⚠️ No strong momentum found for CE (>0.25%, consistency >70%)
📊 Running momentum check for CE (NIFTY25D2326100CE)

🧭 Checking momentum for NIFTY25D2326100CE (5 samples, every 1s):
delta = 0.5949, theta = -25.4425,  iv = 10.3506,  gamma = 0.0025,  vega = 5.715,  rho = 0.4922, open_interest = 225531, ltp = 79.9
[NIFTY25D2326200PE] 📊 Avg Δ = 0.026%, Consistency = 50.0% → FLAT
[NIFTY25D2326200PE] 📈 Range ₹95.95 → ₹96.30

⚠️ No strong momentum found for PE (>0.3%, consistency >70%)
📊 Running momentum check for PE (NIFTY25D2326200PE)

🧭 Checking momentum for NIFTY25D2326200PE (5 samples, every 1s):
[NIFTY25D2326100CE] ⏱ Sample 1/5: LTP = ₹79.90
delta = -0.6698, theta = -22.4524,  iv = 9.7737,  gamma = 0.0025,  vega = 5.341,  rho = -0.5601, open_interest = 120940, ltp = 96.2
[NIFTY25D2326200PE] ⏱ Sample 1/5: LTP = ₹96.35
[NIFTY25D2326100CE] ⏱ Sample 2/5: LTP = ₹79.95
[NIFTY25D2326200PE] ⏱ Sample 2/5: LTP = ₹96.30
[NIFTY25D2326100CE] ⏱ Sample 3/5: LTP = ₹80.05
[NIFTY25D2326200PE] ⏱ Sample 3/5: LTP = ₹96.35
[NIFTY25D2326100CE] ⏱ Sample 4/5: LTP = ₹80.05
[NIFTY25D2326200PE] ⏱ Sample 4/5: LTP = ₹95.60
[NIFTY25D2326100CE] ⏱ Sample 5/5: LTP = ₹80.65
[NIFTY25D2326200PE] ⏱ Sample 5/5: LTP = ₹95.20
[NIFTY25D2326100CE] 📊 Avg Δ = 0.177%, Consistency = 100.0% → FLAT
[NIFTY25D2326100CE] 📈 Range ₹79.90 → ₹80.65

✅ Momentum for CE: {'symbol': 'NIFTY25D2326100CE', 'avg_change': np.float64(0.177), 'consistency': np.float64(100.0), 'direction': 'FLAT'}
🧩 Finished CE: NIFTY25D2326100CE, momentum={'symbol': 'NIFTY25D2326100CE', 'avg_change': np.float64(0.177), 'consistency': np.float64(100.0), 'direction': 'FLAT'}
[NIFTY25D2326200PE] 📊 Avg Δ = -0.321%, Consistency = 100.0% → DOWN
[NIFTY25D2326200PE] 📈 Range ₹96.35 → ₹95.20

✅ Momentum for PE: {'symbol': 'NIFTY25D2326200PE', 'avg_change': np.float64(-0.321), 'consistency': np.float64(100.0), 'direction': 'DOWN'}
🧩 Finished PE: NIFTY25D2326200PE, momentum={'symbol': 'NIFTY25D2326200PE', 'avg_change': np.float64(-0.321), 'consistency': np.float64(100.0), 'direction': 'DOWN'}
🧮 Comparing CE vs PE momentum...
📈 CE momentum: 0.177% (FLAT, 100.0%)
📉 PE momentum: -0.321% (DOWN, 100.0%)
✅ Selected CE (stronger momentum)
✅ Selected: NIFTY25D2326100CE (CE) | LTP=80.6 | lot_size=75
🚫 Rejected: NIFTY25D2326200PE (PE)

🌀 Generated cURL for Groww Candle API:
curl --location 'https://api.groww.in/v1/historical/candles?exchange=NSE&segment=FNO&groww_symbol=NSE-NIFTY-23Dec25-26100-CE&start_time=2025-12-22 11:32:27&end_time=2025-12-22 11:35:27&candle_interval=1minute' \
  --header 'Accept: application/json' \
  --header 'Authorization: Bearer eyJraWQiOiJaTUtjVXciLCJhbGciOiJFUzI1NiJ9.eyJleHAiOjE3NjY0NDk4MDAsImlhdCI6MTc2NjM4MTAzNSwibmJmIjoxNzY2MzgxMDM1LCJzdWIiOiJ7XCJ0b2tlblJlZklkXCI6XCI3YjAzZDg0Ny02ZDE3LTQ1MDMtODc3NC05MDc1MWIxYWQ2MGFcIixcInZlbmRvckludGVncmF0aW9uS2V5XCI6XCJlMzFmZjIzYjA4NmI0MDZjODg3NGIyZjZkODQ5NTMxM1wiLFwidXNlckFjY291bnRJZFwiOlwiMmVlMjYyMjItN2MwNS00Y2IwLWIwM2MtNzAzYWRmNWVmN2RkXCIsXCJkZXZpY2VJZFwiOlwiNWQwYzdjODgtMGI1OS01MDU0LTk5ZTYtYWU5MzY5OTc2ZmRiXCIsXCJzZXNzaW9uSWRcIjpcIjE3ZmU1MzRlLTRkN2QtNDc3ZS05ZWIyLWY0NTNiNzQyNmVmMFwiLFwiYWRkaXRpb25hbERhdGFcIjpcIno1NC9NZzltdjE2WXdmb0gvS0EwYktvMDZXRlpjc241VUNmTWF5aERtNGxSTkczdTlLa2pWZDNoWjU1ZStNZERhWXBOVi9UOUxIRmtQejFFQisybTdRPT1cIixcInJvbGVcIjpcIm9yZGVyLWJhc2ljLGxpdmVfZGF0YS1iYXNpYyxub25fdHJhZGluZy1iYXNpYyxvcmRlcl9yZWFkX29ubHktYmFzaWMsYmFja190ZXN0XCIsXCJzb3VyY2VJcEFkZHJlc3NcIjpudWxsLFwidHdvRmFFeHBpcnlUc1wiOjE3NjY0NDk4MDAwMDB9IiwiaXNzIjoiYXBleC1hdXRoLXByb2QtYXBwIn0.ca394Qx4gl0KcOO-H_QUSiPFQgGQ6ASVSHjsinwrtzJsWOfIpYm-ndFsFU9Ue0OJYlwGomtiwlETYQPPCJEXew' \
  --header 'X-API-VERSION: 1.0'

📊 3-min candle trend → CE (O1=79.05, C3=80.7)
📊 Market Direction: CE
✅ Market confirms CE
Checking delta/theta/OI for selected option === NIFTY25D2326100CE
delta = 0.5908, volume = 3024533,  iv = 10.3258,  gamma = 0.0026,  vega = 5.7289,  rho = 0.4888, open_interest = 225531, ltp = 80.5
user_confirmation_needed : False
➡️ Placing SELECTED order (CE)
🔹 Auto order => NIFTY25D2326100CE, qty=1050, book@1050.0 ====== [2025-12-22 11:35:29]
💰 LTP for NSE_NIFTY25D2326100CE: ₹80.35 ====== [2025-12-22 11:35:30]
✅ Auto Buy placed: :{'groww_order_id': 'GMKFO251222113530YS0ST74EXUYA', 'order_status': 'NEW', 'order_reference_id': '95203595', 'remark': None} ======= [2025-12-22 11:35:30]
📈 Trailing started...
🔼 New High: ₹80.55
🔼 New High: ₹81.0
🔼 New High: ₹81.2
🔼 New High: ₹81.3
🔼 New High: ₹81.45
🔼 New High: ₹82.55
📉 Trail Active | LTP=82.55 | Exit=81.8
📉 Trail Active | LTP=82.15 | Exit=81.8
📉 Trail Active | LTP=82.3 | Exit=81.8
📉 Trail Active | LTP=82.45 | Exit=81.8
📉 Trail Active | LTP=82.3 | Exit=81.8
🔼 New High: ₹82.9
📉 Trail Active | LTP=82.9 | Exit=82.15
📉 Trail Active | LTP=82.7 | Exit=82.15
📉 Trail Active | LTP=82.85 | Exit=82.15
📉 Trail Active | LTP=82.75 | Exit=82.15
📉 Trail Active | LTP=82.9 | Exit=82.15
🔼 New High: ₹83.65
📉 Trail Active | LTP=83.65 | Exit=82.9
📉 Trail Active | LTP=83.6 | Exit=82.9
📉 Trail Active | LTP=83.5 | Exit=82.9
📉 Trail Active | LTP=83.5 | Exit=82.9
📉 Trail Active | LTP=83.55 | Exit=82.9
📉 Trail Active | LTP=83.05 | Exit=82.9
🔼 New High: ₹84.7
📉 Trail Active | LTP=84.7 | Exit=83.95
🔼 New High: ₹84.9
📉 Trail Active | LTP=84.9 | Exit=84.15
📉 Trail Active | LTP=84.25 | Exit=84.15
📉 Trail Active | LTP=84.65 | Exit=84.15
📉 Trail Active | LTP=84.45 | Exit=84.15
📉 Trail Active | LTP=84.7 | Exit=84.15
📉 Trail Active | LTP=83.9 | Exit=84.15
🔻 Trailing HIT @ 84.15
Waiting for 1 min to get another data.
🔍 Detecting best option between CE and PE for NIFTY 2025-12-23…
➡️  Searching CE between 80-130
➡️  Searching PE between 80-130
⚙️ Checking momentum for top 1 PE candidates...

🧭 Checking momentum for NIFTY25D2326200PE (5 samples, every 1s):
delta = -0.6606, theta = -22.5735,  iv = 9.6663,  gamma = 0.0026,  vega = 5.3711,  rho = -0.5464, open_interest = 128105, ltp = 90.65
⚙️ Checking momentum for top 1 CE candidates...

🧭 Checking momentum for NIFTY25D2326100CE (5 samples, every 1s):
[NIFTY25D2326200PE] ⏱ Sample 1/5: LTP = ₹90.65
[NIFTY25D2326200PE] ⏱ Sample 2/5: LTP = ₹90.40
[NIFTY25D2326200PE] ⏱ Sample 3/5: LTP = ₹90.30
[NIFTY25D2326200PE] ⏱ Sample 4/5: LTP = ₹90.35
[NIFTY25D2326200PE] ⏱ Sample 5/5: LTP = ₹90.35
[NIFTY25D2326200PE] 📊 Avg Δ = -0.065%, Consistency = 100.0% → FLAT
[NIFTY25D2326200PE] 📈 Range ₹90.65 → ₹90.35

⚠️ No strong momentum found for PE (>0.3%, consistency >70%)
📊 Running momentum check for PE (NIFTY25D2326200PE)

🧭 Checking momentum for NIFTY25D2326200PE (5 samples, every 1s):
delta = -0.6559, theta = -22.6845,  iv = 9.6635,  gamma = 0.0026,  vega = 5.3991,  rho = -0.5426, open_interest = 128105, ltp = 90
[NIFTY25D2326200PE] ⏱ Sample 1/5: LTP = ₹90.25
[NIFTY25D2326200PE] ⏱ Sample 2/5: LTP = ₹89.80
[NIFTY25D2326200PE] ⏱ Sample 3/5: LTP = ₹89.90
[NIFTY25D2326200PE] ⏱ Sample 4/5: LTP = ₹89.80
[NIFTY25D2326200PE] ⏱ Sample 5/5: LTP = ₹89.80
[NIFTY25D2326200PE] 📊 Avg Δ = -0.083%, Consistency = 50.0% → FLAT
[NIFTY25D2326200PE] 📈 Range ₹90.25 → ₹89.80

✅ Momentum for PE: {'symbol': 'NIFTY25D2326200PE', 'avg_change': np.float64(-0.083), 'consistency': np.float64(50.0), 'direction': 'FLAT'}
Traceback (most recent call last):
  File "C:\Users\HITS\eclipse-workspace\Groww_Python_Trading_Bot\workingCopyOf_QA_env_sample_test_groww_option_trading_final_bot.py", line 1588, in <module>
    auto_mode_runner()
  File "C:\Users\HITS\eclipse-workspace\Groww_Python_Trading_Bot\workingCopyOf_QA_env_sample_test_groww_option_trading_final_bot.py", line 1421, in auto_mode_runner
    opt = detect_option_type_parallel(index, expiry, min_p, max_p, lots)
          ^^^^^^^^^^^^^^^^^^^^^^^^^^^^^^^^^^^^^^^^^^^^^^^^^^^^^^^^^^^^^^
  File "C:\Users\HITS\eclipse-workspace\Groww_Python_Trading_Bot\workingCopyOf_QA_env_sample_test_groww_option_trading_final_bot.py", line 991, in detect_option_type_parallel
    opt_type, inst, ltp, lot_size, mom = future.result()
                                         ^^^^^^^^^^^^^^^
  File "C:\Program Files\Python312\Lib\concurrent\futures\_base.py", line 449, in result
    return self.__get_result()
           ^^^^^^^^^^^^^^^^^^^
  File "C:\Program Files\Python312\Lib\concurrent\futures\_base.py", line 401, in __get_result
    raise self._exception
  File "C:\Program Files\Python312\Lib\concurrent\futures\thread.py", line 58, in run
    result = self.fn(*self.args, **self.kwargs)
             ^^^^^^^^^^^^^^^^^^^^^^^^^^^^^^^^^^
  File "C:\Users\HITS\eclipse-workspace\Groww_Python_Trading_Bot\workingCopyOf_QA_env_sample_test_groww_option_trading_final_bot.py", line 970, in worker
    inst, ltp, lot_size = find_option_by_premium_parallel(
                          ^^^^^^^^^^^^^^^^^^^^^^^^^^^^^^^^
  File "C:\Users\HITS\eclipse-workspace\Groww_Python_Trading_Bot\workingCopyOf_QA_env_sample_test_groww_option_trading_final_bot.py", line 943, in find_option_by_premium_parallel
    res = future.result()
          ^^^^^^^^^^^^^^^
  File "C:\Program Files\Python312\Lib\concurrent\futures\_base.py", line 449, in result
    return self.__get_result()
           ^^^^^^^^^^^^^^^^^^^
  File "C:\Program Files\Python312\Lib\concurrent\futures\_base.py", line 401, in __get_result
    raise self._exception
  File "C:\Program Files\Python312\Lib\concurrent\futures\thread.py", line 58, in run
    result = self.fn(*self.args, **self.kwargs)
             ^^^^^^^^^^^^^^^^^^^^^^^^^^^^^^^^^^
  File "C:\Users\HITS\eclipse-workspace\Groww_Python_Trading_Bot\workingCopyOf_QA_env_sample_test_groww_option_trading_final_bot.py", line 915, in check_momentum
    mom_result, ticks = momentum_check_for_symbol(
                        ^^^^^^^^^^^^^^^^^^^^^^^^^^
  File "C:\Users\HITS\eclipse-workspace\Groww_Python_Trading_Bot\workingCopyOf_QA_env_sample_test_groww_option_trading_final_bot.py", line 714, in momentum_check_for_symbol
    opt = get_option_data_from_trading_symbol(trading_symbol)
          ^^^^^^^^^^^^^^^^^^^^^^^^^^^^^^^^^^^^^^^^^^^^^^^^^^^
  File "C:\Users\HITS\eclipse-workspace\Groww_Python_Trading_Bot\workingCopyOf_QA_env_sample_test_groww_option_trading_final_bot.py", line 610, in get_option_data_from_trading_symbol
    resp.raise_for_status()
  File "C:\Users\HITS\eclipse-workspace\AngelOne_Python_Trading_Bot\.venv\Lib\site-packages\requests\models.py", line 1026, in raise_for_status
    raise HTTPError(http_error_msg, response=self)
requests.exceptions.HTTPError: 500 Server Error: Internal Server Error for url: https://api.groww.in/v1/option-chain/exchange/NSE/underlying/NIFTY?expiry_date=2025-12-23
