📝 Logging started. Log file: C:\Users\HITS\eclipse-workspace\Groww_Python_Trading_Bot\logs\Groww_Bot_2025-12-13_13-48-27.log
C:\Users\HITS\eclipse-workspace\Groww_Python_Trading_Bot\instrument.csv
Ready to Groww!
eyJraWQiOiJaTUtjVXciLCJhbGciOiJFUzI1NiJ9.eyJleHAiOjE3NjU2NzIyMDAsImlhdCI6MTc2NTYxMzkwOSwibmJmIjoxNzY1NjEzOTA5LCJzdWIiOiJ7XCJ0b2tlblJlZklkXCI6XCIyMjcxYjU1NC1kNzIwLTQyZmYtYjA3Yy1hMDhhMzJhMGYzZjlcIixcInZlbmRvckludGVncmF0aW9uS2V5XCI6XCJlMzFmZjIzYjA4NmI0MDZjODg3NGIyZjZkODQ5NTMxM1wiLFwidXNlckFjY291bnRJZFwiOlwiMmVlMjYyMjItN2MwNS00Y2IwLWIwM2MtNzAzYWRmNWVmN2RkXCIsXCJkZXZpY2VJZFwiOlwiNWQwYzdjODgtMGI1OS01MDU0LTk5ZTYtYWU5MzY5OTc2ZmRiXCIsXCJzZXNzaW9uSWRcIjpcIjgwODA1MjYwLWVlMTQtNGZlNC1iMWQ0LTBjNTVhZTg2YjdjOFwiLFwiYWRkaXRpb25hbERhdGFcIjpcIno1NC9NZzltdjE2WXdmb0gvS0EwYktvMDZXRlpjc241VUNmTWF5aERtNGxSTkczdTlLa2pWZDNoWjU1ZStNZERhWXBOVi9UOUxIRmtQejFFQisybTdRPT1cIixcInJvbGVcIjpcIm9yZGVyLWJhc2ljLGxpdmVfZGF0YS1iYXNpYyxub25fdHJhZGluZy1iYXNpYyxvcmRlcl9yZWFkX29ubHktYmFzaWMsYmFja190ZXN0XCIsXCJzb3VyY2VJcEFkZHJlc3NcIjpudWxsLFwidHdvRmFFeHBpcnlUc1wiOjE3NjU2NzIyMDAwMDB9IiwiaXNzIjoiYXBleC1hdXRoLXByb2QtYXBwIn0.IuHsRvsAqBRtOQAeTvx6L1oae0gwjaGkwh3O_m0RhyUBTM9o9GGizGHtmco6fipeHT5HvBKFScP7jDZixzP-6A
✅ Groww API Initialized Successfully
✅ Converted 'C:\Users\HITS\eclipse-workspace\Groww_Python_Trading_Bot\instrument.csv' → 'C:\Users\HITS\eclipse-workspace\Groww_Python_Trading_Bot\instrument.json'
📊 Live NIFTY Spot: 26046.0
✅ Converted 'C:\Users\HITS\eclipse-workspace\Groww_Python_Trading_Bot\instrument.csv' → 'C:\Users\HITS\eclipse-workspace\Groww_Python_Trading_Bot\instrument.json'
🎯 Filtering NIFTY 2025-12-16 instruments between 25550–26550 (Spot=26046.0)
✅ Loaded 316 filtered instruments (out of 149250)

✨ Groww NIFTY CP Bot Ready (Groww backend)
You can run in MANUAL or AUTO mode.
Manual example: Buy 14 NIFTY04NOV2525950CE at CP and Book at 1050

Choose mode: (m)anual / (a)uto / (q)uit: 
--- AUTO MODE (momentum + premium) ---
🔍 Detecting best option between CE and PE for NIFTY 2025-12-16…
➡️  Searching CE between 80-130
⚙️ Checking momentum for top 12 CE candidates...➡️  Searching PE between 80-130

⚙️ Checking momentum for top 12 PE candidates...
🧭 Checking momentum for NIFTY25D1626150CE (5 samples, every 1s):

🧭 Checking momentum for NIFTY25D1626550CE (5 samples, every 1s):

🧭 Checking momentum for NIFTY25D1625800CE (5 samples, every 1s):[NIFTY25D1626150CE] ⏱ Sample 1/5: LTP = ₹105.75


[NIFTY25D1626550CE] ⏱ Sample 1/5: LTP = ₹105.01
🧭 Checking momentum for NIFTY25D1625600CE (5 samples, every 1s):[NIFTY25D1625800CE] ⏱ Sample 1/5: LTP = ₹106.22
🧭 Checking momentum for NIFTY25D1626200PE (5 samples, every 1s):



[NIFTY25D1625600CE] ⏱ Sample 1/5: LTP = ₹107.48
🧭 Checking momentum for NIFTY25D1626400CE (5 samples, every 1s):
🧭 Checking momentum for NIFTY25D1626100CE (5 samples, every 1s):[NIFTY25D1626200PE] ⏱ Sample 1/5: LTP = ₹105.66


🧭 Checking momentum for NIFTY25D1625600PE (5 samples, every 1s):


🧭 Checking momentum for NIFTY25D1625700PE (5 samples, every 1s):[NIFTY25D1626100CE] ⏱ Sample 1/5: LTP = ₹102.10
🧭 Checking momentum for NIFTY25D1626050CE (5 samples, every 1s):
🧭 Checking momentum for NIFTY25D1626450CE (5 samples, every 1s):
[NIFTY25D1626400CE] ⏱ Sample 1/5: LTP = ₹107.86

🧭 Checking momentum for NIFTY25D1626250PE (5 samples, every 1s):
🧭 Checking momentum for NIFTY25D1626000PE (5 samples, every 1s):[NIFTY25D1625600PE] ⏱ Sample 1/5: LTP = ₹104.59
🧭 Checking momentum for NIFTY25D1626550PE (5 samples, every 1s):

[NIFTY25D1625700PE] ⏱ Sample 1/5: LTP = ₹104.56





🧭 Checking momentum for NIFTY25D1625650PE (5 samples, every 1s):
🧭 Checking momentum for NIFTY25D1626050PE (5 samples, every 1s):[NIFTY25D1626250PE] ⏱ Sample 1/5: LTP = ₹103.76[NIFTY25D1626050CE] ⏱ Sample 1/5: LTP = ₹109.00[NIFTY25D1626450CE] ⏱ Sample 1/5: LTP = ₹101.61[NIFTY25D1626550PE] ⏱ Sample 1/5: LTP = ₹109.45







[NIFTY25D1626000PE] ⏱ Sample 1/5: LTP = ₹103.05[NIFTY25D1625650PE] ⏱ Sample 1/5: LTP = ₹101.48[NIFTY25D1626050PE] ⏱ Sample 1/5: LTP = ₹100.27


[NIFTY25D1626150CE] ⏱ Sample 2/5: LTP = ₹106.22
[NIFTY25D1626550CE] ⏱ Sample 2/5: LTP = ₹105.56
[NIFTY25D1625800CE] ⏱ Sample 2/5: LTP = ₹106.61
[NIFTY25D1625600CE] ⏱ Sample 2/5: LTP = ₹107.80[NIFTY25D1626200PE] ⏱ Sample 2/5: LTP = ₹106.36

[NIFTY25D1626100CE] ⏱ Sample 2/5: LTP = ₹102.65
[NIFTY25D1625600PE] ⏱ Sample 2/5: LTP = ₹105.09[NIFTY25D1626400CE] ⏱ Sample 2/5: LTP = ₹108.54

[NIFTY25D1626550PE] ⏱ Sample 2/5: LTP = ₹109.98[NIFTY25D1626050CE] ⏱ Sample 2/5: LTP = ₹109.60[NIFTY25D1625700PE] ⏱ Sample 2/5: LTP = ₹104.89[NIFTY25D1626250PE] ⏱ Sample 2/5: LTP = ₹104.34[NIFTY25D1626450CE] ⏱ Sample 2/5: LTP = ₹102.05




[NIFTY25D1626000PE] ⏱ Sample 2/5: LTP = ₹103.37[NIFTY25D1625650PE] ⏱ Sample 2/5: LTP = ₹102.16[NIFTY25D1626050PE] ⏱ Sample 2/5: LTP = ₹100.94


[NIFTY25D1626150CE] ⏱ Sample 3/5: LTP = ₹106.53
[NIFTY25D1626550CE] ⏱ Sample 3/5: LTP = ₹105.90
[NIFTY25D1625800CE] ⏱ Sample 3/5: LTP = ₹107.01
[NIFTY25D1625600CE] ⏱ Sample 3/5: LTP = ₹108.41
[NIFTY25D1626200PE] ⏱ Sample 3/5: LTP = ₹107.01
[NIFTY25D1626100CE] ⏱ Sample 3/5: LTP = ₹103.31
[NIFTY25D1625600PE] ⏱ Sample 3/5: LTP = ₹105.78[NIFTY25D1626400CE] ⏱ Sample 3/5: LTP = ₹108.96

[NIFTY25D1626250PE] ⏱ Sample 3/5: LTP = ₹104.93[NIFTY25D1626450CE] ⏱ Sample 3/5: LTP = ₹102.56[NIFTY25D1626050CE] ⏱ Sample 3/5: LTP = ₹110.25[NIFTY25D1626550PE] ⏱ Sample 3/5: LTP = ₹110.64[NIFTY25D1625700PE] ⏱ Sample 3/5: LTP = ₹105.40




[NIFTY25D1626050PE] ⏱ Sample 3/5: LTP = ₹101.49[NIFTY25D1626000PE] ⏱ Sample 3/5: LTP = ₹103.91[NIFTY25D1625650PE] ⏱ Sample 3/5: LTP = ₹102.82


[NIFTY25D1626150CE] ⏱ Sample 4/5: LTP = ₹106.84
[NIFTY25D1626550CE] ⏱ Sample 4/5: LTP = ₹106.43
[NIFTY25D1625800CE] ⏱ Sample 4/5: LTP = ₹107.60
[NIFTY25D1625600CE] ⏱ Sample 4/5: LTP = ₹108.96
[NIFTY25D1626200PE] ⏱ Sample 4/5: LTP = ₹107.62
[NIFTY25D1626100CE] ⏱ Sample 4/5: LTP = ₹103.77
[NIFTY25D1626400CE] ⏱ Sample 4/5: LTP = ₹109.30[NIFTY25D1625600PE] ⏱ Sample 4/5: LTP = ₹106.29

[NIFTY25D1626050CE] ⏱ Sample 4/5: LTP = ₹110.77[NIFTY25D1626550PE] ⏱ Sample 4/5: LTP = ₹111.06[NIFTY25D1626250PE] ⏱ Sample 4/5: LTP = ₹105.46[NIFTY25D1625650PE] ⏱ Sample 4/5: LTP = ₹103.49[NIFTY25D1626450CE] ⏱ Sample 4/5: LTP = ₹102.90[NIFTY25D1625700PE] ⏱ Sample 4/5: LTP = ₹105.89[NIFTY25D1626000PE] ⏱ Sample 4/5: LTP = ₹104.23[NIFTY25D1626050PE] ⏱ Sample 4/5: LTP = ₹102.13







[NIFTY25D1626150CE] ⏱ Sample 5/5: LTP = ₹107.45[NIFTY25D1626550CE] ⏱ Sample 5/5: LTP = ₹106.75

[NIFTY25D1625800CE] ⏱ Sample 5/5: LTP = ₹108.03
[NIFTY25D1625600CE] ⏱ Sample 5/5: LTP = ₹109.45
[NIFTY25D1626200PE] ⏱ Sample 5/5: LTP = ₹108.13
[NIFTY25D1626100CE] ⏱ Sample 5/5: LTP = ₹104.42
[NIFTY25D1626400CE] ⏱ Sample 5/5: LTP = ₹109.91[NIFTY25D1625600PE] ⏱ Sample 5/5: LTP = ₹106.68

[NIFTY25D1626050CE] ⏱ Sample 5/5: LTP = ₹111.07
[NIFTY25D1625700PE] ⏱ Sample 5/5: LTP = ₹106.31[NIFTY25D1626250PE] ⏱ Sample 5/5: LTP = ₹106.16[NIFTY25D1626450CE] ⏱ Sample 5/5: LTP = ₹103.31[NIFTY25D1626550PE] ⏱ Sample 5/5: LTP = ₹111.39

[NIFTY25D1625650PE] ⏱ Sample 5/5: LTP = ₹103.80
[NIFTY25D1626050PE] ⏱ Sample 5/5: LTP = ₹102.74[NIFTY25D1626000PE] ⏱ Sample 5/5: LTP = ₹104.63



[NIFTY25D1626150CE] 📊 Avg Δ = 0.364%, Consistency = 100.0% → UP[NIFTY25D1625800CE] 📊 Avg Δ = 0.437%, Consistency = 100.0% → UP[NIFTY25D1626550CE] 📊 Avg Δ = 0.412%, Consistency = 100.0% → UP

[NIFTY25D1625600CE] 📊 Avg Δ = 0.482%, Consistency = 100.0% → UP

[NIFTY25D1626150CE] 📈 Range ₹105.75 → ₹107.45
[NIFTY25D1625800CE] 📈 Range ₹106.22 → ₹108.03
[NIFTY25D1625600CE] 📈 Range ₹107.48 → ₹109.45

[NIFTY25D1626550CE] 📈 Range ₹105.01 → ₹106.75
[NIFTY25D1626200PE] 📊 Avg Δ = 0.583%, Consistency = 100.0% → UP

🧭 Checking momentum for NIFTY25D1626200CE (5 samples, every 1s):


🧭 Checking momentum for NIFTY25D1626500CE (5 samples, every 1s):

🧭 Checking momentum for NIFTY25D1625950CE (5 samples, every 1s):

🧭 Checking momentum for NIFTY25D1626250CE (5 samples, every 1s):

[NIFTY25D1626200PE] 📈 Range ₹105.66 → ₹108.13
[NIFTY25D1626200CE] ⏱ Sample 1/5: LTP = ₹98.36[NIFTY25D1626500CE] ⏱ Sample 1/5: LTP = ₹94.62
[NIFTY25D1625950CE] ⏱ Sample 1/5: LTP = ₹116.86
[NIFTY25D1626100CE] 📊 Avg Δ = 0.557%, Consistency = 100.0% → UP


[NIFTY25D1626250CE] ⏱ Sample 1/5: LTP = ₹92.95
🧭 Checking momentum for NIFTY25D1625900PE (5 samples, every 1s):


[NIFTY25D1625600PE] 📊 Avg Δ = 0.520%, Consistency = 100.0% → UP[NIFTY25D1626100CE] 📈 Range ₹102.10 → ₹104.42
[NIFTY25D1625900PE] ⏱ Sample 1/5: LTP = ₹111.63

[NIFTY25D1626400CE] 📊 Avg Δ = 0.431%, Consistency = 100.0% → UP
[NIFTY25D1625600PE] 📈 Range ₹104.59 → ₹106.68

[NIFTY25D1626400CE] 📈 Range ₹107.86 → ₹109.91


🧭 Checking momentum for NIFTY25D1625750PE (5 samples, every 1s):

[NIFTY25D1625750PE] ⏱ Sample 1/5: LTP = ₹98.56
[NIFTY25D1626050CE] 📊 Avg Δ = 0.491%, Consistency = 100.0% → UP
[NIFTY25D1626050CE] 📈 Range ₹109.00 → ₹111.07

[NIFTY25D1626550PE] 📊 Avg Δ = 0.456%, Consistency = 100.0% → UP[NIFTY25D1626000PE] 📊 Avg Δ = 0.392%, Consistency = 100.0% → UP[NIFTY25D1625650PE] 📊 Avg Δ = 0.594%, Consistency = 100.0% → UP[NIFTY25D1626450CE] 📊 Avg Δ = 0.416%, Consistency = 100.0% → UP[NIFTY25D1626250PE] 📊 Avg Δ = 0.561%, Consistency = 100.0% → UP[NIFTY25D1625700PE] 📊 Avg Δ = 0.436%, Consistency = 100.0% → UP[NIFTY25D1626050PE] 📊 Avg Δ = 0.603%, Consistency = 100.0% → UP





[NIFTY25D1626550PE] 📈 Range ₹109.45 → ₹111.39
[NIFTY25D1626250PE] 📈 Range ₹103.76 → ₹106.16
[NIFTY25D1626000PE] 📈 Range ₹103.05 → ₹104.63

[NIFTY25D1625650PE] 📈 Range ₹101.48 → ₹103.80
[NIFTY25D1626450CE] 📈 Range ₹101.61 → ₹103.31

[NIFTY25D1625700PE] 📈 Range ₹104.56 → ₹106.31

[NIFTY25D1626050PE] 📈 Range ₹100.27 → ₹102.74



🧭 Checking momentum for NIFTY25D1626300PE (5 samples, every 1s):

🧭 Checking momentum for NIFTY25D1625950PE (5 samples, every 1s):



[NIFTY25D1626300PE] ⏱ Sample 1/5: LTP = ₹114.76[NIFTY25D1625950PE] ⏱ Sample 1/5: LTP = ₹95.48

[NIFTY25D1626200CE] ⏱ Sample 2/5: LTP = ₹98.95[NIFTY25D1626500CE] ⏱ Sample 2/5: LTP = ₹95.28

[NIFTY25D1625950CE] ⏱ Sample 2/5: LTP = ₹117.23
[NIFTY25D1626250CE] ⏱ Sample 2/5: LTP = ₹93.42
[NIFTY25D1625900PE] ⏱ Sample 2/5: LTP = ₹112.00
[NIFTY25D1625750PE] ⏱ Sample 2/5: LTP = ₹99.16
[NIFTY25D1626300PE] ⏱ Sample 2/5: LTP = ₹115.41[NIFTY25D1625950PE] ⏱ Sample 2/5: LTP = ₹96.11

[NIFTY25D1626200CE] ⏱ Sample 3/5: LTP = ₹99.36[NIFTY25D1625950CE] ⏱ Sample 3/5: LTP = ₹117.68
[NIFTY25D1626500CE] ⏱ Sample 3/5: LTP = ₹95.67
[NIFTY25D1626250CE] ⏱ Sample 3/5: LTP = ₹93.93

[NIFTY25D1625900PE] ⏱ Sample 3/5: LTP = ₹112.45
[NIFTY25D1625750PE] ⏱ Sample 3/5: LTP = ₹99.47
[NIFTY25D1626300PE] ⏱ Sample 3/5: LTP = ₹115.99[NIFTY25D1625950PE] ⏱ Sample 3/5: LTP = ₹96.51

[NIFTY25D1625950CE] ⏱ Sample 4/5: LTP = ₹118.26[NIFTY25D1626200CE] ⏱ Sample 4/5: LTP = ₹99.71

[NIFTY25D1626250CE] ⏱ Sample 4/5: LTP = ₹94.47[NIFTY25D1625900PE] ⏱ Sample 4/5: LTP = ₹113.09[NIFTY25D1626500CE] ⏱ Sample 4/5: LTP = ₹96.33


[NIFTY25D1625750PE] ⏱ Sample 4/5: LTP = ₹100.06
[NIFTY25D1625950PE] ⏱ Sample 4/5: LTP = ₹96.90[NIFTY25D1626300PE] ⏱ Sample 4/5: LTP = ₹116.63

[NIFTY25D1625950CE] ⏱ Sample 5/5: LTP = ₹118.75[NIFTY25D1626200CE] ⏱ Sample 5/5: LTP = ₹100.32

[NIFTY25D1626250CE] ⏱ Sample 5/5: LTP = ₹94.81[NIFTY25D1625900PE] ⏱ Sample 5/5: LTP = ₹113.72[NIFTY25D1626500CE] ⏱ Sample 5/5: LTP = ₹96.78


[NIFTY25D1625750PE] ⏱ Sample 5/5: LTP = ₹100.75
[NIFTY25D1626300PE] ⏱ Sample 5/5: LTP = ₹117.03[NIFTY25D1625950PE] ⏱ Sample 5/5: LTP = ₹97.37

[NIFTY25D1626200CE] 📊 Avg Δ = 0.457%, Consistency = 100.0% → UP[NIFTY25D1625950CE] 📊 Avg Δ = 0.414%, Consistency = 100.0% → UP
[NIFTY25D1625900PE] 📊 Avg Δ = 0.472%, Consistency = 100.0% → UP[NIFTY25D1626500CE] 📊 Avg Δ = 0.560%, Consistency = 100.0% → UP[NIFTY25D1626250CE] 📊 Avg Δ = 0.518%, Consistency = 100.0% → UP[NIFTY25D1625750PE] 📊 Avg Δ = 0.519%, Consistency = 100.0% → UP

[NIFTY25D1626200CE] 📈 Range ₹98.36 → ₹100.32



[NIFTY25D1625950CE] 📈 Range ₹116.86 → ₹118.75

[NIFTY25D1625750PE] 📈 Range ₹98.56 → ₹100.75
[NIFTY25D1625900PE] 📈 Range ₹111.63 → ₹113.72
[NIFTY25D1626250CE] 📈 Range ₹92.95 → ₹94.81
[NIFTY25D1626500CE] 📈 Range ₹94.62 → ₹96.78





🏆 Selected CE: NIFTY25D1626500CE (UP | 0.56% | Consistency 100.0%)
📊 Running momentum check for CE (NIFTY25D1626500CE)

🧭 Checking momentum for NIFTY25D1626500CE (5 samples, every 1s):
[NIFTY25D1626500CE] ⏱ Sample 1/5: LTP = ₹97.39
[NIFTY25D1626300PE] 📊 Avg Δ = 0.503%, Consistency = 100.0% → UP[NIFTY25D1625950PE] 📊 Avg Δ = 0.464%, Consistency = 100.0% → UP

[NIFTY25D1626300PE] 📈 Range ₹114.76 → ₹117.03
[NIFTY25D1625950PE] 📈 Range ₹95.48 → ₹97.37


🏆 Selected PE: NIFTY25D1626050PE (UP | 0.60% | Consistency 100.0%)
📊 Running momentum check for PE (NIFTY25D1626050PE)

🧭 Checking momentum for NIFTY25D1626050PE (5 samples, every 1s):
[NIFTY25D1626050PE] ⏱ Sample 1/5: LTP = ₹103.20
[NIFTY25D1626500CE] ⏱ Sample 2/5: LTP = ₹98.06
[NIFTY25D1626050PE] ⏱ Sample 2/5: LTP = ₹103.72
[NIFTY25D1626500CE] ⏱ Sample 3/5: LTP = ₹98.66
[NIFTY25D1626050PE] ⏱ Sample 3/5: LTP = ₹104.06
[NIFTY25D1626500CE] ⏱ Sample 4/5: LTP = ₹99.23
[NIFTY25D1626050PE] ⏱ Sample 4/5: LTP = ₹104.68
[NIFTY25D1626500CE] ⏱ Sample 5/5: LTP = ₹98.85
[NIFTY25D1626050PE] ⏱ Sample 5/5: LTP = ₹104.23
[NIFTY25D1626500CE] 📊 Avg Δ = 0.446%, Consistency = 100.0% → UP
[NIFTY25D1626500CE] 📈 Range ₹97.39 → ₹98.85

✅ Momentum for CE: {'symbol': 'NIFTY25D1626500CE', 'avg_change': np.float64(0.446), 'consistency': np.float64(100.0), 'direction': 'UP'}
🧩 Finished CE: NIFTY25D1626500CE, momentum={'symbol': 'NIFTY25D1626500CE', 'avg_change': np.float64(0.446), 'consistency': np.float64(100.0), 'direction': 'UP'}
[NIFTY25D1626050PE] 📊 Avg Δ = 0.320%, Consistency = 100.0% → UP
[NIFTY25D1626050PE] 📈 Range ₹103.20 → ₹104.23

✅ Momentum for PE: {'symbol': 'NIFTY25D1626050PE', 'avg_change': np.float64(0.32), 'consistency': np.float64(100.0), 'direction': 'UP'}
🧩 Finished PE: NIFTY25D1626050PE, momentum={'symbol': 'NIFTY25D1626050PE', 'avg_change': np.float64(0.32), 'consistency': np.float64(100.0), 'direction': 'UP'}
🧮 Comparing CE vs PE momentum...
📈 CE momentum: 0.446% (UP, 100.0%)
📉 PE momentum: 0.320% (UP, 100.0%)
⚖️  Momentum similar — choosing CE fallback
✅ Selected: NIFTY25D1626500CE (CE) | LTP=94.12 | lot_size=75 | groww_symbol=NSE-NIFTY-16Dec25-26500-CE
Market Direction: CE
✅ Market direction CONFIRMS momentum → proceeding with order.
➡️ Placing auto order: {'symbol': 'NIFTY25D1626500CE', 'ltp': 94.12, 'lots': 3, 'book_profit': 300.0, 'lot_size': 75, 'side': 'BUY'} ====== [2025-12-13 13:49:04]
🔹 Auto order => NIFTY25D1626500CE, qty=225 ====== [2025-12-13 13:49:05]
🧪 [PAPER LTP] NIFTY25D1626500CE: ₹98.27
✅ Auto Buy placed: {'groww_order_id': 'GMKFO251213134906ZOKXKH6XJCE7', 'order_status': 'ACKED', 'order_reference_id': '65767703', 'remark': None}
📈 Trailing started...
🛑 HARD SL HIT @ 96.45
Waiting for 1 min before next trade.
🔍 Detecting best option between CE and PE for NIFTY 2025-12-16…
➡️  Searching CE between 80-130
⚙️ Checking momentum for top 12 CE candidates...➡️  Searching PE between 80-130

⚙️ Checking momentum for top 12 PE candidates...
🧭 Checking momentum for NIFTY25D1626100CE (5 samples, every 1s):


🧭 Checking momentum for NIFTY25D1626450CE (5 samples, every 1s):
🧭 Checking momentum for NIFTY25D1626550CE (5 samples, every 1s):[NIFTY25D1626100CE] ⏱ Sample 1/5: LTP = ₹105.32
🧭 Checking momentum for NIFTY25D1626150CE (5 samples, every 1s):

🧭 Checking momentum for NIFTY25D1625800CE (5 samples, every 1s):


🧭 Checking momentum for NIFTY25D1626200CE (5 samples, every 1s):
🧭 Checking momentum for NIFTY25D1626000PE (5 samples, every 1s):[NIFTY25D1626450CE] ⏱ Sample 1/5: LTP = ₹104.11

🧭 Checking momentum for NIFTY25D1625650PE (5 samples, every 1s):
🧭 Checking momentum for NIFTY25D1626050PE (5 samples, every 1s):

[NIFTY25D1626550CE] ⏱ Sample 1/5: LTP = ₹107.51
🧭 Checking momentum for NIFTY25D1625700PE (5 samples, every 1s):
🧭 Checking momentum for NIFTY25D1626250PE (5 samples, every 1s):

🧭 Checking momentum for NIFTY25D1625600PE (5 samples, every 1s):
🧭 Checking momentum for NIFTY25D1625750PE (5 samples, every 1s):

[NIFTY25D1625800CE] ⏱ Sample 1/5: LTP = ₹109.06


🧭 Checking momentum for NIFTY25D1626200PE (5 samples, every 1s):
[NIFTY25D1626150CE] ⏱ Sample 1/5: LTP = ₹108.27
🧭 Checking momentum for NIFTY25D1626400CE (5 samples, every 1s):
🧭 Checking momentum for NIFTY25D1625600CE (5 samples, every 1s):


[NIFTY25D1626000PE] ⏱ Sample 1/5: LTP = ₹105.95[NIFTY25D1626250PE] ⏱ Sample 1/5: LTP = ₹107.08[NIFTY25D1625650PE] ⏱ Sample 1/5: LTP = ₹104.62



[NIFTY25D1625600PE] ⏱ Sample 1/5: LTP = ₹107.98[NIFTY25D1625700PE] ⏱ Sample 1/5: LTP = ₹107.18[NIFTY25D1625750PE] ⏱ Sample 1/5: LTP = ₹101.95


[NIFTY25D1625600CE] ⏱ Sample 1/5: LTP = ₹110.40
[NIFTY25D1626200CE] ⏱ Sample 1/5: LTP = ₹101.50
[NIFTY25D1626200PE] ⏱ Sample 1/5: LTP = ₹109.33

[NIFTY25D1626050PE] ⏱ Sample 1/5: LTP = ₹103.48
[NIFTY25D1626400CE] ⏱ Sample 1/5: LTP = ₹110.88



[NIFTY25D1626100CE] ⏱ Sample 2/5: LTP = ₹105.96
[NIFTY25D1626550CE] ⏱ Sample 2/5: LTP = ₹108.14[NIFTY25D1626450CE] ⏱ Sample 2/5: LTP = ₹104.53

[NIFTY25D1626250PE] ⏱ Sample 2/5: LTP = ₹107.59[NIFTY25D1625800CE] ⏱ Sample 2/5: LTP = ₹109.65[NIFTY25D1626150CE] ⏱ Sample 2/5: LTP = ₹108.58[NIFTY25D1626000PE] ⏱ Sample 2/5: LTP = ₹106.64[NIFTY25D1625650PE] ⏱ Sample 2/5: LTP = ₹105.03




[NIFTY25D1625600CE] ⏱ Sample 2/5: LTP = ₹110.87[NIFTY25D1626400CE] ⏱ Sample 2/5: LTP = ₹111.23[NIFTY25D1626200CE] ⏱ Sample 2/5: LTP = ₹101.95[NIFTY25D1626200PE] ⏱ Sample 2/5: LTP = ₹109.97[NIFTY25D1625700PE] ⏱ Sample 2/5: LTP = ₹107.51[NIFTY25D1625750PE] ⏱ Sample 2/5: LTP = ₹102.56[NIFTY25D1626050PE] ⏱ Sample 2/5: LTP = ₹103.03[NIFTY25D1625600PE] ⏱ Sample 2/5: LTP = ₹108.41







[NIFTY25D1626100CE] ⏱ Sample 3/5: LTP = ₹106.36
[NIFTY25D1626450CE] ⏱ Sample 3/5: LTP = ₹105.17[NIFTY25D1626550CE] ⏱ Sample 3/5: LTP = ₹108.84

[NIFTY25D1626150CE] ⏱ Sample 3/5: LTP = ₹108.91[NIFTY25D1626000PE] ⏱ Sample 3/5: LTP = ₹107.16[NIFTY25D1625800CE] ⏱ Sample 3/5: LTP = ₹109.97[NIFTY25D1626250PE] ⏱ Sample 3/5: LTP = ₹108.20[NIFTY25D1625650PE] ⏱ Sample 3/5: LTP = ₹105.35




[NIFTY25D1625700PE] ⏱ Sample 3/5: LTP = ₹107.97[NIFTY25D1625600CE] ⏱ Sample 3/5: LTP = ₹111.37[NIFTY25D1626200CE] ⏱ Sample 3/5: LTP = ₹102.53[NIFTY25D1626200PE] ⏱ Sample 3/5: LTP = ₹110.60[NIFTY25D1625600PE] ⏱ Sample 3/5: LTP = ₹108.97[NIFTY25D1626050PE] ⏱ Sample 3/5: LTP = ₹102.59[NIFTY25D1625750PE] ⏱ Sample 3/5: LTP = ₹103.08[NIFTY25D1626400CE] ⏱ Sample 3/5: LTP = ₹111.92







[NIFTY25D1626100CE] ⏱ Sample 4/5: LTP = ₹106.00
[NIFTY25D1626550CE] ⏱ Sample 4/5: LTP = ₹108.41[NIFTY25D1626450CE] ⏱ Sample 4/5: LTP = ₹104.59

[NIFTY25D1626250PE] ⏱ Sample 4/5: LTP = ₹107.73[NIFTY25D1626000PE] ⏱ Sample 4/5: LTP = ₹106.56[NIFTY25D1625650PE] ⏱ Sample 4/5: LTP = ₹104.88[NIFTY25D1626150CE] ⏱ Sample 4/5: LTP = ₹108.60[NIFTY25D1625800CE] ⏱ Sample 4/5: LTP = ₹109.47




[NIFTY25D1626200CE] ⏱ Sample 4/5: LTP = ₹102.03[NIFTY25D1625600PE] ⏱ Sample 4/5: LTP = ₹108.59[NIFTY25D1626200PE] ⏱ Sample 4/5: LTP = ₹110.30[NIFTY25D1625600CE] ⏱ Sample 4/5: LTP = ₹111.01[NIFTY25D1625750PE] ⏱ Sample 4/5: LTP = ₹102.77[NIFTY25D1625700PE] ⏱ Sample 4/5: LTP = ₹107.56[NIFTY25D1626050PE] ⏱ Sample 4/5: LTP = ₹102.00[NIFTY25D1626400CE] ⏱ Sample 4/5: LTP = ₹111.48







[NIFTY25D1626100CE] ⏱ Sample 5/5: LTP = ₹105.55
[NIFTY25D1626450CE] ⏱ Sample 5/5: LTP = ₹104.23
[NIFTY25D1626550CE] ⏱ Sample 5/5: LTP = ₹107.98
[NIFTY25D1626150CE] ⏱ Sample 5/5: LTP = ₹108.17[NIFTY25D1625800CE] ⏱ Sample 5/5: LTP = ₹108.95

[NIFTY25D1625650PE] ⏱ Sample 5/5: LTP = ₹104.35[NIFTY25D1626000PE] ⏱ Sample 5/5: LTP = ₹106.07[NIFTY25D1626250PE] ⏱ Sample 5/5: LTP = ₹107.23


[NIFTY25D1626200CE] ⏱ Sample 5/5: LTP = ₹101.57[NIFTY25D1626050PE] ⏱ Sample 5/5: LTP = ₹102.00[NIFTY25D1626400CE] ⏱ Sample 5/5: LTP = ₹111.14[NIFTY25D1625700PE] ⏱ Sample 5/5: LTP = ₹107.04[NIFTY25D1625600PE] ⏱ Sample 5/5: LTP = ₹108.01[NIFTY25D1625600CE] ⏱ Sample 5/5: LTP = ₹110.67[NIFTY25D1626200PE] ⏱ Sample 5/5: LTP = ₹109.88
[NIFTY25D1625750PE] ⏱ Sample 5/5: LTP = ₹102.42






[NIFTY25D1626100CE] 📊 Avg Δ = 0.043%, Consistency = 50.0% → FLAT
[NIFTY25D1626100CE] 📈 Range ₹105.32 → ₹105.55


🧭 Checking momentum for NIFTY25D1626050CE (5 samples, every 1s):
[NIFTY25D1626050CE] ⏱ Sample 1/5: LTP = ₹111.92
[NIFTY25D1626450CE] 📊 Avg Δ = 0.029%, Consistency = 50.0% → FLAT[NIFTY25D1626550CE] 📊 Avg Δ = 0.114%, Consistency = 50.0% → FLAT

[NIFTY25D1626450CE] 📈 Range ₹104.11 → ₹104.23
[NIFTY25D1626550CE] 📈 Range ₹107.51 → ₹107.98



🧭 Checking momentum for NIFTY25D1626500CE (5 samples, every 1s):
🧭 Checking momentum for NIFTY25D1626250CE (5 samples, every 1s):

[NIFTY25D1626500CE] ⏱ Sample 1/5: LTP = ₹96.45[NIFTY25D1626250CE] ⏱ Sample 1/5: LTP = ₹95.94

[NIFTY25D1626150CE] 📊 Avg Δ = -0.012%, Consistency = 50.0% → FLAT[NIFTY25D1626250PE] 📊 Avg Δ = 0.045%, Consistency = 50.0% → FLAT[NIFTY25D1625800CE] 📊 Avg Δ = -0.044%, Consistency = 50.0% → FLAT[NIFTY25D1625650PE] 📊 Avg Δ = -0.067%, Consistency = 50.0% → FLAT[NIFTY25D1626000PE] 📊 Avg Δ = 0.006%, Consistency = 50.0% → FLAT



[NIFTY25D1625800CE] 📈 Range ₹109.06 → ₹108.95
[NIFTY25D1626150CE] 📈 Range ₹108.27 → ₹108.17
[NIFTY25D1625650PE] 📈 Range ₹104.62 → ₹104.35

[NIFTY25D1626400CE] 📊 Avg Δ = 0.076%, Consistency = 50.0% → FLAT[NIFTY25D1625600PE] 📊 Avg Δ = 0.032%, Consistency = 50.0% → FLAT[NIFTY25D1625700PE] 📊 Avg Δ = -0.014%, Consistency = 50.0% → FLAT[NIFTY25D1626200PE] 📊 Avg Δ = 0.133%, Consistency = 50.0% → FLAT[NIFTY25D1625600CE] 📊 Avg Δ = 0.062%, Consistency = 50.0% → FLAT[NIFTY25D1626200CE] 📊 Avg Δ = 0.025%, Consistency = 50.0% → FLAT[NIFTY25D1625750PE] 📊 Avg Δ = 0.111%, Consistency = 50.0% → FLAT[NIFTY25D1626050PE] 📊 Avg Δ = -0.407%, Consistency = 100.0% → DOWN
[NIFTY25D1626250PE] 📈 Range ₹107.08 → ₹107.23






🧭 Checking momentum for NIFTY25D1625950CE (5 samples, every 1s):




[NIFTY25D1626200PE] 📈 Range ₹109.33 → ₹109.88
[NIFTY25D1626200CE] 📈 Range ₹101.50 → ₹101.57
[NIFTY25D1625750PE] 📈 Range ₹101.95 → ₹102.42
[NIFTY25D1625600CE] 📈 Range ₹110.40 → ₹110.67
[NIFTY25D1626050PE] 📈 Range ₹103.48 → ₹102.00


🧭 Checking momentum for NIFTY25D1626550PE (5 samples, every 1s):

[NIFTY25D1625700PE] 📈 Range ₹107.18 → ₹107.04

🧭 Checking momentum for NIFTY25D1625950PE (5 samples, every 1s):
[NIFTY25D1626400CE] 📈 Range ₹110.88 → ₹111.14


[NIFTY25D1626000PE] 📈 Range ₹105.95 → ₹106.07
[NIFTY25D1625950CE] ⏱ Sample 1/5: LTP = ₹119.77
[NIFTY25D1625600PE] 📈 Range ₹107.98 → ₹108.01


🧭 Checking momentum for NIFTY25D1625900PE (5 samples, every 1s):

[NIFTY25D1626550PE] ⏱ Sample 1/5: LTP = ₹112.29
🧭 Checking momentum for NIFTY25D1626300PE (5 samples, every 1s):



[NIFTY25D1625950PE] ⏱ Sample 1/5: LTP = ₹98.54


[NIFTY25D1625900PE] ⏱ Sample 1/5: LTP = ₹114.80

[NIFTY25D1626300PE] ⏱ Sample 1/5: LTP = ₹117.96
[NIFTY25D1626050CE] ⏱ Sample 2/5: LTP = ₹112.53
[NIFTY25D1626250CE] ⏱ Sample 2/5: LTP = ₹96.61[NIFTY25D1626500CE] ⏱ Sample 2/5: LTP = ₹96.45

[NIFTY25D1625950CE] ⏱ Sample 2/5: LTP = ₹120.13[NIFTY25D1626550PE] ⏱ Sample 2/5: LTP = ₹112.93[NIFTY25D1625900PE] ⏱ Sample 2/5: LTP = ₹115.22[NIFTY25D1625950PE] ⏱ Sample 2/5: LTP = ₹99.13


[NIFTY25D1626300PE] ⏱ Sample 2/5: LTP = ₹118.54

[NIFTY25D1626050CE] ⏱ Sample 3/5: LTP = ₹112.96
[NIFTY25D1626500CE] ⏱ Sample 3/5: LTP = ₹96.45[NIFTY25D1626250CE] ⏱ Sample 3/5: LTP = ₹97.06

[NIFTY25D1626300PE] ⏱ Sample 3/5: LTP = ₹118.98[NIFTY25D1626550PE] ⏱ Sample 3/5: LTP = ₹113.44[NIFTY25D1625950PE] ⏱ Sample 3/5: LTP = ₹99.79[NIFTY25D1625900PE] ⏱ Sample 3/5: LTP = ₹115.73[NIFTY25D1625950CE] ⏱ Sample 3/5: LTP = ₹120.47




[NIFTY25D1626050CE] ⏱ Sample 4/5: LTP = ₹112.48
[NIFTY25D1626250CE] ⏱ Sample 4/5: LTP = ₹96.55[NIFTY25D1626500CE] ⏱ Sample 4/5: LTP = ₹96.45

[NIFTY25D1625900PE] ⏱ Sample 4/5: LTP = ₹115.28[NIFTY25D1625950PE] ⏱ Sample 4/5: LTP = ₹99.25[NIFTY25D1626300PE] ⏱ Sample 4/5: LTP = ₹118.44[NIFTY25D1625950CE] ⏱ Sample 4/5: LTP = ₹119.94[NIFTY25D1626550PE] ⏱ Sample 4/5: LTP = ₹113.10




[NIFTY25D1626050CE] ⏱ Sample 5/5: LTP = ₹111.89
[NIFTY25D1626250CE] ⏱ Sample 5/5: LTP = ₹96.24[NIFTY25D1626500CE] ⏱ Sample 5/5: LTP = ₹96.45

[NIFTY25D1625900PE] ⏱ Sample 5/5: LTP = ₹114.69
[NIFTY25D1626300PE] ⏱ Sample 5/5: LTP = ₹118.06[NIFTY25D1625950CE] ⏱ Sample 5/5: LTP = ₹119.46[NIFTY25D1625950PE] ⏱ Sample 5/5: LTP = ₹98.72[NIFTY25D1626550PE] ⏱ Sample 5/5: LTP = ₹112.73



[NIFTY25D1626050CE] 📊 Avg Δ = -0.012%, Consistency = 50.0% → FLAT
[NIFTY25D1626050CE] 📈 Range ₹111.92 → ₹111.89

[NIFTY25D1626500CE] ⚠️ Too noisy for reliable momentum reading[NIFTY25D1626250CE] 📊 Avg Δ = 0.042%, Consistency = 50.0% → FLAT

[NIFTY25D1626250CE] 📈 Range ₹95.94 → ₹96.24

[NIFTY25D1625900PE] 📊 Avg Δ = -0.007%, Consistency = 50.0% → FLAT
[NIFTY25D1625900PE] 📈 Range ₹114.80 → ₹114.69

[NIFTY25D1626550PE] 📊 Avg Δ = 0.090%, Consistency = 50.0% → FLAT[NIFTY25D1626300PE] 📊 Avg Δ = 0.000%, Consistency = 50.0% → FLAT[NIFTY25D1625950CE] 📊 Avg Δ = -0.069%, Consistency = 50.0% → FLAT[NIFTY25D1625950PE] 📊 Avg Δ = 0.051%, Consistency = 50.0% → FLAT



[NIFTY25D1625950CE] 📈 Range ₹119.77 → ₹119.46
[NIFTY25D1626550PE] 📈 Range ₹112.29 → ₹112.73
[NIFTY25D1626300PE] 📈 Range ₹117.96 → ₹118.06
[NIFTY25D1625950PE] 📈 Range ₹98.54 → ₹98.72




⚠️ No strong momentum found for CE (>0.25%, consistency >70%)
📊 Running momentum check for CE (NIFTY25D1626100CE)🏆 Selected PE: NIFTY25D1626050PE (DOWN | -0.41% | Consistency 100.0%)


🧭 Checking momentum for NIFTY25D1626100CE (5 samples, every 1s):📊 Running momentum check for PE (NIFTY25D1626050PE)

[NIFTY25D1626100CE] ⏱ Sample 1/5: LTP = ₹104.99
🧭 Checking momentum for NIFTY25D1626050PE (5 samples, every 1s):

[NIFTY25D1626050PE] ⏱ Sample 1/5: LTP = ₹102.00
[NIFTY25D1626050PE] ⏱ Sample 2/5: LTP = ₹102.00[NIFTY25D1626100CE] ⏱ Sample 2/5: LTP = ₹104.43

[NIFTY25D1626100CE] ⏱ Sample 3/5: LTP = ₹103.90[NIFTY25D1626050PE] ⏱ Sample 3/5: LTP = ₹102.00

[NIFTY25D1626100CE] ⏱ Sample 4/5: LTP = ₹103.51[NIFTY25D1626050PE] ⏱ Sample 4/5: LTP = ₹102.00

[NIFTY25D1626050PE] ⏱ Sample 5/5: LTP = ₹102.00[NIFTY25D1626100CE] ⏱ Sample 5/5: LTP = ₹103.51

[NIFTY25D1626050PE] ⚠️ Too noisy for reliable momentum reading[NIFTY25D1626100CE] 📊 Avg Δ = -0.384%, Consistency = 100.0% → DOWN

✅ Momentum for PE: None[NIFTY25D1626100CE] 📈 Range ₹104.99 → ₹103.51


🧩 Finished PE: NIFTY25D1626050PE, momentum=None✅ Momentum for CE: {'symbol': 'NIFTY25D1626100CE', 'avg_change': np.float64(-0.384), 'consistency': np.float64(100.0), 'direction': 'DOWN'}

🧩 Finished CE: NIFTY25D1626100CE, momentum={'symbol': 'NIFTY25D1626100CE', 'avg_change': np.float64(-0.384), 'consistency': np.float64(100.0), 'direction': 'DOWN'}
🧮 Comparing CE vs PE momentum...
✅ Selected: NIFTY25D1626100CE (CE) | LTP=104.91 | lot_size=75 | groww_symbol=NSE-NIFTY-16Dec25-26100-CE
Market Direction: CE
✅ Market direction CONFIRMS momentum → proceeding with order.
➡️ Placing auto order: {'symbol': 'NIFTY25D1626100CE', 'ltp': 104.91, 'lots': 3, 'book_profit': 300.0, 'lot_size': 75, 'side': 'BUY'} ====== [2025-12-13 13:50:28]
🔹 Auto order => NIFTY25D1626100CE, qty=225 ====== [2025-12-13 13:50:29]
✅ Auto Buy placed: {'groww_order_id': 'GMKFO251213135029WYZ7PZZSZEXP', 'order_status': 'ACKED', 'order_reference_id': '61192755', 'remark': None}
📈 Trailing started...
⏰ Max trail time reached — exiting
Waiting for 1 min before next trade.
🔍 Detecting best option between CE and PE for NIFTY 2025-12-16…
➡️  Searching CE between 80-130
⚙️ Checking momentum for top 12 CE candidates...➡️  Searching PE between 80-130

⚙️ Checking momentum for top 12 PE candidates...

🧭 Checking momentum for NIFTY25D1626450CE (5 samples, every 1s):
[NIFTY25D1626450CE] ⏱ Sample 1/5: LTP = ₹103.35
🧭 Checking momentum for NIFTY25D1626100CE (5 samples, every 1s):


🧭 Checking momentum for NIFTY25D1626550CE (5 samples, every 1s):
🧭 Checking momentum for NIFTY25D1626000PE (5 samples, every 1s):[NIFTY25D1626100CE] ⏱ Sample 1/5: LTP = ₹103.51

🧭 Checking momentum for NIFTY25D1625650PE (5 samples, every 1s):


🧭 Checking momentum for NIFTY25D1625700PE (5 samples, every 1s):[NIFTY25D1626550CE] ⏱ Sample 1/5: LTP = ₹106.93
🧭 Checking momentum for NIFTY25D1626250PE (5 samples, every 1s):


🧭 Checking momentum for NIFTY25D1625600PE (5 samples, every 1s):[NIFTY25D1626000PE] ⏱ Sample 1/5: LTP = ₹105.17
🧭 Checking momentum for NIFTY25D1625750PE (5 samples, every 1s):
[NIFTY25D1625700PE] ⏱ Sample 1/5: LTP = ₹106.01


🧭 Checking momentum for NIFTY25D1626150CE (5 samples, every 1s):


🧭 Checking momentum for NIFTY25D1626200PE (5 samples, every 1s):
🧭 Checking momentum for NIFTY25D1626050PE (5 samples, every 1s):[NIFTY25D1626250PE] ⏱ Sample 1/5: LTP = ₹106.25
🧭 Checking momentum for NIFTY25D1625800CE (5 samples, every 1s):[NIFTY25D1625650PE] ⏱ Sample 1/5: LTP = ₹103.60

🧭 Checking momentum for NIFTY25D1626200CE (5 samples, every 1s):
🧭 Checking momentum for NIFTY25D1625600CE (5 samples, every 1s):


[NIFTY25D1626150CE] ⏱ Sample 1/5: LTP = ₹107.16




🧭 Checking momentum for NIFTY25D1626400CE (5 samples, every 1s):

[NIFTY25D1625600CE] ⏱ Sample 1/5: LTP = ₹109.70[NIFTY25D1625600PE] ⏱ Sample 1/5: LTP = ₹106.94
[NIFTY25D1626200PE] ⏱ Sample 1/5: LTP = ₹109.24[NIFTY25D1625800CE] ⏱ Sample 1/5: LTP = ₹107.96[NIFTY25D1626050PE] ⏱ Sample 1/5: LTP = ₹102.00[NIFTY25D1625750PE] ⏱ Sample 1/5: LTP = ₹101.66
[NIFTY25D1626200CE] ⏱ Sample 1/5: LTP = ₹100.89[NIFTY25D1626400CE] ⏱ Sample 1/5: LTP = ₹110.18






[NIFTY25D1626450CE] ⏱ Sample 2/5: LTP = ₹102.80
[NIFTY25D1626100CE] ⏱ Sample 2/5: LTP = ₹103.51
[NIFTY25D1626000PE] ⏱ Sample 2/5: LTP = ₹104.77
[NIFTY25D1625700PE] ⏱ Sample 2/5: LTP = ₹105.60[NIFTY25D1626550CE] ⏱ Sample 2/5: LTP = ₹106.34

[NIFTY25D1625650PE] ⏱ Sample 2/5: LTP = ₹103.07[NIFTY25D1626250PE] ⏱ Sample 2/5: LTP = ₹105.80

[NIFTY25D1625750PE] ⏱ Sample 2/5: LTP = ₹101.23[NIFTY25D1626400CE] ⏱ Sample 2/5: LTP = ₹109.84[NIFTY25D1625600PE] ⏱ Sample 2/5: LTP = ₹106.49[NIFTY25D1626050PE] ⏱ Sample 2/5: LTP = ₹102.00[NIFTY25D1625600CE] ⏱ Sample 2/5: LTP = ₹109.31[NIFTY25D1625800CE] ⏱ Sample 2/5: LTP = ₹107.64[NIFTY25D1626200CE] ⏱ Sample 2/5: LTP = ₹100.48[NIFTY25D1626150CE] ⏱ Sample 2/5: LTP = ₹106.63[NIFTY25D1626200PE] ⏱ Sample 2/5: LTP = ₹108.85








[NIFTY25D1626450CE] ⏱ Sample 3/5: LTP = ₹102.47
[NIFTY25D1626100CE] ⏱ Sample 3/5: LTP = ₹103.51
[NIFTY25D1626000PE] ⏱ Sample 3/5: LTP = ₹104.19
[NIFTY25D1626550CE] ⏱ Sample 3/5: LTP = ₹105.76[NIFTY25D1625700PE] ⏱ Sample 3/5: LTP = ₹105.03

[NIFTY25D1626250PE] ⏱ Sample 3/5: LTP = ₹105.42[NIFTY25D1625650PE] ⏱ Sample 3/5: LTP = ₹102.73

[NIFTY25D1626150CE] ⏱ Sample 3/5: LTP = ₹106.22[NIFTY25D1625600CE] ⏱ Sample 3/5: LTP = ₹108.78[NIFTY25D1626050PE] ⏱ Sample 3/5: LTP = ₹102.00[NIFTY25D1626400CE] ⏱ Sample 3/5: LTP = ₹109.53[NIFTY25D1625800CE] ⏱ Sample 3/5: LTP = ₹107.04[NIFTY25D1626200PE] ⏱ Sample 3/5: LTP = ₹108.28[NIFTY25D1625600PE] ⏱ Sample 3/5: LTP = ₹106.16[NIFTY25D1625750PE] ⏱ Sample 3/5: LTP = ₹100.86[NIFTY25D1626200CE] ⏱ Sample 3/5: LTP = ₹100.12








[NIFTY25D1626450CE] ⏱ Sample 4/5: LTP = ₹102.47
[NIFTY25D1626100CE] ⏱ Sample 4/5: LTP = ₹103.51
[NIFTY25D1626000PE] ⏱ Sample 4/5: LTP = ₹104.19
[NIFTY25D1626550CE] ⏱ Sample 4/5: LTP = ₹105.76[NIFTY25D1625700PE] ⏱ Sample 4/5: LTP = ₹105.03

[NIFTY25D1626250PE] ⏱ Sample 4/5: LTP = ₹105.42[NIFTY25D1625650PE] ⏱ Sample 4/5: LTP = ₹102.73

[NIFTY25D1626200PE] ⏱ Sample 4/5: LTP = ₹108.28[NIFTY25D1625800CE] ⏱ Sample 4/5: LTP = ₹107.04[NIFTY25D1625750PE] ⏱ Sample 4/5: LTP = ₹100.86[NIFTY25D1626150CE] ⏱ Sample 4/5: LTP = ₹106.22[NIFTY25D1626200CE] ⏱ Sample 4/5: LTP = ₹100.12[NIFTY25D1626050PE] ⏱ Sample 4/5: LTP = ₹102.00[NIFTY25D1625600PE] ⏱ Sample 4/5: LTP = ₹106.16[NIFTY25D1625600CE] ⏱ Sample 4/5: LTP = ₹108.78[NIFTY25D1626400CE] ⏱ Sample 4/5: LTP = ₹109.53








[NIFTY25D1626450CE] ⏱ Sample 5/5: LTP = ₹102.47
[NIFTY25D1626100CE] ⏱ Sample 5/5: LTP = ₹103.51
[NIFTY25D1626000PE] ⏱ Sample 5/5: LTP = ₹104.19
[NIFTY25D1626550CE] ⏱ Sample 5/5: LTP = ₹105.76[NIFTY25D1625700PE] ⏱ Sample 5/5: LTP = ₹105.03

[NIFTY25D1626250PE] ⏱ Sample 5/5: LTP = ₹105.42[NIFTY25D1625650PE] ⏱ Sample 5/5: LTP = ₹102.73

[NIFTY25D1625600PE] ⏱ Sample 5/5: LTP = ₹106.16[NIFTY25D1626150CE] ⏱ Sample 5/5: LTP = ₹106.22[NIFTY25D1626200PE] ⏱ Sample 5/5: LTP = ₹108.28[NIFTY25D1626200CE] ⏱ Sample 5/5: LTP = ₹100.12[NIFTY25D1625800CE] ⏱ Sample 5/5: LTP = ₹107.04[NIFTY25D1625750PE] ⏱ Sample 5/5: LTP = ₹100.86[NIFTY25D1626400CE] ⏱ Sample 5/5: LTP = ₹109.53




[NIFTY25D1625600CE] ⏱ Sample 5/5: LTP = ₹108.78

[NIFTY25D1626050PE] ⏱ Sample 5/5: LTP = ₹102.00

[NIFTY25D1626450CE] 📊 Avg Δ = -0.196%, Consistency = 100.0% → FLAT
[NIFTY25D1626450CE] 📈 Range ₹103.35 → ₹102.47


🧭 Checking momentum for NIFTY25D1626050CE (5 samples, every 1s):
[NIFTY25D1626050CE] ⏱ Sample 1/5: LTP = ₹111.05
[NIFTY25D1626100CE] ⚠️ Too noisy for reliable momentum reading

🧭 Checking momentum for NIFTY25D1626500CE (5 samples, every 1s):
[NIFTY25D1626500CE] ⏱ Sample 1/5: LTP = ₹96.45
[NIFTY25D1626000PE] 📊 Avg Δ = -0.249%, Consistency = 100.0% → FLAT
[NIFTY25D1626000PE] 📈 Range ₹105.17 → ₹104.19


🧭 Checking momentum for NIFTY25D1625950PE (5 samples, every 1s):
[NIFTY25D1625950PE] ⏱ Sample 1/5: LTP = ₹97.91[NIFTY25D1626550CE] 📊 Avg Δ = -0.275%, Consistency = 100.0% → DOWN[NIFTY25D1625700PE] 📊 Avg Δ = -0.245%, Consistency = 100.0% → FLAT


[NIFTY25D1625700PE] 📈 Range ₹106.01 → ₹105.03
[NIFTY25D1626550CE] 📈 Range ₹106.93 → ₹105.76



🧭 Checking momentum for NIFTY25D1626550PE (5 samples, every 1s):
🧭 Checking momentum for NIFTY25D1626250CE (5 samples, every 1s):
[NIFTY25D1626250CE] ⏱ Sample 1/5: LTP = ₹95.29
[NIFTY25D1626550PE] ⏱ Sample 1/5: LTP = ₹112.06

[NIFTY25D1626250PE] 📊 Avg Δ = -0.191%, Consistency = 100.0% → FLAT[NIFTY25D1625650PE] 📊 Avg Δ = -0.196%, Consistency = 100.0% → FLAT

[NIFTY25D1626250PE] 📈 Range ₹106.25 → ₹105.42
[NIFTY25D1625650PE] 📈 Range ₹103.60 → ₹102.73



🧭 Checking momentum for NIFTY25D1625900PE (5 samples, every 1s):
🧭 Checking momentum for NIFTY25D1625850PE (5 samples, every 1s):

[NIFTY25D1625900PE] ⏱ Sample 1/5: LTP = ₹113.77[NIFTY25D1625850PE] ⏱ Sample 1/5: LTP = ₹92.98

[NIFTY25D1626400CE] 📊 Avg Δ = -0.146%, Consistency = 100.0% → FLAT[NIFTY25D1626200PE] 📊 Avg Δ = -0.235%, Consistency = 100.0% → FLAT[NIFTY25D1626050PE] ⚠️ Too noisy for reliable momentum reading
[NIFTY25D1626200CE] 📊 Avg Δ = -0.188%, Consistency = 100.0% → FLAT[NIFTY25D1625600CE] 📊 Avg Δ = -0.221%, Consistency = 100.0% → FLAT
[NIFTY25D1626150CE] 📊 Avg Δ = -0.211%, Consistency = 100.0% → FLAT[NIFTY25D1625750PE] 📊 Avg Δ = -0.193%, Consistency = 100.0% → FLAT

[NIFTY25D1625600PE] 📊 Avg Δ = -0.174%, Consistency = 100.0% → FLAT[NIFTY25D1626400CE] 📈 Range ₹110.18 → ₹109.53
[NIFTY25D1626200PE] 📈 Range ₹109.24 → ₹108.28

[NIFTY25D1625800CE] 📊 Avg Δ = -0.236%, Consistency = 100.0% → FLAT

[NIFTY25D1626200CE] 📈 Range ₹100.89 → ₹100.12


[NIFTY25D1625600CE] 📈 Range ₹109.70 → ₹108.78

[NIFTY25D1625750PE] 📈 Range ₹101.66 → ₹100.86
[NIFTY25D1626150CE] 📈 Range ₹107.16 → ₹106.22



🧭 Checking momentum for NIFTY25D1625950CE (5 samples, every 1s):

[NIFTY25D1625800CE] 📈 Range ₹107.96 → ₹107.04

[NIFTY25D1625600PE] 📈 Range ₹106.94 → ₹106.16



[NIFTY25D1625950CE] ⏱ Sample 1/5: LTP = ₹118.77
[NIFTY25D1626050CE] ⏱ Sample 2/5: LTP = ₹110.67
[NIFTY25D1626500CE] ⏱ Sample 2/5: LTP = ₹96.45
[NIFTY25D1625950PE] ⏱ Sample 2/5: LTP = ₹97.41
[NIFTY25D1626250CE] ⏱ Sample 2/5: LTP = ₹94.98
[NIFTY25D1626550PE] ⏱ Sample 2/5: LTP = ₹111.49
[NIFTY25D1625850PE] ⏱ Sample 2/5: LTP = ₹93.38[NIFTY25D1625900PE] ⏱ Sample 2/5: LTP = ₹113.26

[NIFTY25D1625950CE] ⏱ Sample 2/5: LTP = ₹118.44
[NIFTY25D1626050CE] ⏱ Sample 3/5: LTP = ₹110.35
[NIFTY25D1626500CE] ⏱ Sample 3/5: LTP = ₹96.45
[NIFTY25D1625950PE] ⏱ Sample 3/5: LTP = ₹96.98
[NIFTY25D1626550PE] ⏱ Sample 3/5: LTP = ₹110.96[NIFTY25D1626250CE] ⏱ Sample 3/5: LTP = ₹94.57

[NIFTY25D1625900PE] ⏱ Sample 3/5: LTP = ₹112.81[NIFTY25D1625850PE] ⏱ Sample 3/5: LTP = ₹93.85

[NIFTY25D1625950CE] ⏱ Sample 3/5: LTP = ₹117.93
[NIFTY25D1626050CE] ⏱ Sample 4/5: LTP = ₹110.35[NIFTY25D1626500CE] ⏱ Sample 4/5: LTP = ₹96.45

[NIFTY25D1625950PE] ⏱ Sample 4/5: LTP = ₹96.98
[NIFTY25D1626250CE] ⏱ Sample 4/5: LTP = ₹94.57[NIFTY25D1626550PE] ⏱ Sample 4/5: LTP = ₹110.96

[NIFTY25D1625850PE] ⏱ Sample 4/5: LTP = ₹94.31[NIFTY25D1625900PE] ⏱ Sample 4/5: LTP = ₹112.81

[NIFTY25D1625950CE] ⏱ Sample 4/5: LTP = ₹117.93
[NIFTY25D1626500CE] ⏱ Sample 5/5: LTP = ₹96.45[NIFTY25D1626050CE] ⏱ Sample 5/5: LTP = ₹110.35

[NIFTY25D1626550PE] ⏱ Sample 5/5: LTP = ₹110.96[NIFTY25D1625950PE] ⏱ Sample 5/5: LTP = ₹96.98

[NIFTY25D1626250CE] ⏱ Sample 5/5: LTP = ₹94.57
[NIFTY25D1625850PE] ⏱ Sample 5/5: LTP = ₹94.62[NIFTY25D1625900PE] ⏱ Sample 5/5: LTP = ₹112.81

[NIFTY25D1625950CE] ⏱ Sample 5/5: LTP = ₹117.93
[NIFTY25D1626050CE] 📊 Avg Δ = -0.154%, Consistency = 100.0% → FLAT[NIFTY25D1626500CE] ⚠️ Too noisy for reliable momentum reading

[NIFTY25D1626050CE] 📈 Range ₹111.05 → ₹110.35

[NIFTY25D1626250CE] 📊 Avg Δ = -0.199%, Consistency = 100.0% → FLAT[NIFTY25D1625950PE] 📊 Avg Δ = -0.233%, Consistency = 100.0% → FLAT[NIFTY25D1626550PE] 📊 Avg Δ = -0.244%, Consistency = 100.0% → FLAT


[NIFTY25D1626550PE] 📈 Range ₹112.06 → ₹110.96
[NIFTY25D1626250CE] 📈 Range ₹95.29 → ₹94.57
[NIFTY25D1625950PE] 📈 Range ₹97.91 → ₹96.98



[NIFTY25D1625850PE] 📊 Avg Δ = 0.458%, Consistency = 100.0% → UP[NIFTY25D1625900PE] 📊 Avg Δ = -0.208%, Consistency = 100.0% → FLAT

[NIFTY25D1625850PE] 📈 Range ₹92.98 → ₹94.62
[NIFTY25D1625900PE] 📈 Range ₹113.77 → ₹112.81


🏆 Selected PE: NIFTY25D1625850PE (UP | 0.46% | Consistency 100.0%)
📊 Running momentum check for PE (NIFTY25D1625850PE)

🧭 Checking momentum for NIFTY25D1625850PE (5 samples, every 1s):
[NIFTY25D1625850PE] ⏱ Sample 1/5: LTP = ₹95.08
[NIFTY25D1625950CE] 📊 Avg Δ = -0.190%, Consistency = 100.0% → FLAT
[NIFTY25D1625950CE] 📈 Range ₹118.77 → ₹117.93

🏆 Selected CE: NIFTY25D1626550CE (DOWN | -0.28% | Consistency 100.0%)
📊 Running momentum check for CE (NIFTY25D1626550CE)

🧭 Checking momentum for NIFTY25D1626550CE (5 samples, every 1s):
[NIFTY25D1626550CE] ⏱ Sample 1/5: LTP = ₹105.76
[NIFTY25D1625850PE] ⏱ Sample 2/5: LTP = ₹95.52
[NIFTY25D1626550CE] ⏱ Sample 2/5: LTP = ₹105.76
[NIFTY25D1625850PE] ⏱ Sample 3/5: LTP = ₹95.00
[NIFTY25D1626550CE] ⏱ Sample 3/5: LTP = ₹105.76
[NIFTY25D1625850PE] ⏱ Sample 4/5: LTP = ₹94.57
[NIFTY25D1626550CE] ⏱ Sample 4/5: LTP = ₹105.76
[NIFTY25D1625850PE] ⏱ Sample 5/5: LTP = ₹93.98
[NIFTY25D1626550CE] ⏱ Sample 5/5: LTP = ₹105.76
[NIFTY25D1625850PE] 📊 Avg Δ = -0.359%, Consistency = 100.0% → DOWN
[NIFTY25D1625850PE] 📈 Range ₹95.08 → ₹93.98

✅ Momentum for PE: {'symbol': 'NIFTY25D1625850PE', 'avg_change': np.float64(-0.359), 'consistency': np.float64(100.0), 'direction': 'DOWN'}
🧩 Finished PE: NIFTY25D1625850PE, momentum={'symbol': 'NIFTY25D1625850PE', 'avg_change': np.float64(-0.359), 'consistency': np.float64(100.0), 'direction': 'DOWN'}
[NIFTY25D1626550CE] ⚠️ Too noisy for reliable momentum reading
✅ Momentum for CE: None
🧩 Finished CE: NIFTY25D1626550CE, momentum=None
🧮 Comparing CE vs PE momentum...
✅ Selected: NIFTY25D1625850PE (PE) | LTP=92.61 | lot_size=75 | groww_symbol=NSE-NIFTY-16Dec25-25850-PE
Market Direction: PE
✅ Market direction CONFIRMS momentum → proceeding with order.
➡️ Placing auto order: {'symbol': 'NIFTY25D1625850PE', 'ltp': 92.61, 'lots': 3, 'book_profit': 300.0, 'lot_size': 75, 'side': 'BUY'} ====== [2025-12-13 13:53:49]
🔹 Auto order => NIFTY25D1625850PE, qty=225 ====== [2025-12-13 13:53:50]
🧪 [PAPER LTP] NIFTY25D1625850PE: ₹93.52
✅ Auto Buy placed: {'groww_order_id': 'GMKFO2512131353528FPO2FM0PSOE', 'order_status': 'ACKED', 'order_reference_id': '47754059', 'remark': None}
📈 Trailing started...
⏰ Max trail time reached — exiting
Waiting for 1 min before next trade.
Traceback (most recent call last):
  File "C:\Users\HITS\eclipse-workspace\Groww_Python_Trading_Bot\QA_env_sample_test_groww_option_trading_final_bot.py", line 1408, in <module>
    auto_mode_runner()
  File "C:\Users\HITS\eclipse-workspace\Groww_Python_Trading_Bot\QA_env_sample_test_groww_option_trading_final_bot.py", line 1388, in auto_mode_runner
    place_cp_order(order_details, is_auto=True)
  File "C:\Users\HITS\eclipse-workspace\Groww_Python_Trading_Bot\QA_env_sample_test_groww_option_trading_final_bot.py", line 1278, in place_cp_order
    time.sleep(60)
KeyboardInterrupt
