📝 Logging started. Log file: C:\Users\HITS\eclipse-workspace\Groww_Python_Trading_Bot\logs\Groww_Bot_2025-12-13_13-45-12.log
C:\Users\HITS\eclipse-workspace\Groww_Python_Trading_Bot\instrument.csv
Ready to Groww!
eyJraWQiOiJaTUtjVXciLCJhbGciOiJFUzI1NiJ9.eyJleHAiOjE3NjU2NzIyMDAsImlhdCI6MTc2NTYxMzcxNCwibmJmIjoxNzY1NjEzNzE0LCJzdWIiOiJ7XCJ0b2tlblJlZklkXCI6XCIzYTM0MjUzZC04ZDVlLTQzYTEtOWRmOC0wZGZmOGE4ZTNlYzNcIixcInZlbmRvckludGVncmF0aW9uS2V5XCI6XCJlMzFmZjIzYjA4NmI0MDZjODg3NGIyZjZkODQ5NTMxM1wiLFwidXNlckFjY291bnRJZFwiOlwiMmVlMjYyMjItN2MwNS00Y2IwLWIwM2MtNzAzYWRmNWVmN2RkXCIsXCJkZXZpY2VJZFwiOlwiNWQwYzdjODgtMGI1OS01MDU0LTk5ZTYtYWU5MzY5OTc2ZmRiXCIsXCJzZXNzaW9uSWRcIjpcIjgwODA1MjYwLWVlMTQtNGZlNC1iMWQ0LTBjNTVhZTg2YjdjOFwiLFwiYWRkaXRpb25hbERhdGFcIjpcIno1NC9NZzltdjE2WXdmb0gvS0EwYktvMDZXRlpjc241VUNmTWF5aERtNGxSTkczdTlLa2pWZDNoWjU1ZStNZERhWXBOVi9UOUxIRmtQejFFQisybTdRPT1cIixcInJvbGVcIjpcIm9yZGVyLWJhc2ljLGxpdmVfZGF0YS1iYXNpYyxub25fdHJhZGluZy1iYXNpYyxvcmRlcl9yZWFkX29ubHktYmFzaWMsYmFja190ZXN0XCIsXCJzb3VyY2VJcEFkZHJlc3NcIjpudWxsLFwidHdvRmFFeHBpcnlUc1wiOjE3NjU2NzIyMDAwMDB9IiwiaXNzIjoiYXBleC1hdXRoLXByb2QtYXBwIn0.ziK8yLxugquRg6rlgI0Skg-Sr6WDg-k-pfFKXgVtEpzAXZNBHfGzszXFWXYOrkCsBEBn8rTYb-5L0mE-BKldmw
✅ Groww API Initialized Successfully
✅ Converted 'C:\Users\HITS\eclipse-workspace\Groww_Python_Trading_Bot\instrument.csv' → 'C:\Users\HITS\eclipse-workspace\Groww_Python_Trading_Bot\instrument.json'
📊 Live NIFTY Spot: 26046.0
✅ Converted 'C:\Users\HITS\eclipse-workspace\Groww_Python_Trading_Bot\instrument.csv' → 'C:\Users\HITS\eclipse-workspace\Groww_Python_Trading_Bot\instrument.json'
🎯 Filtering NIFTY 2025-12-16 instruments between 25550–26550 (Spot=26046.0)
✅ Loaded 316 filtered instruments (out of 149250)

✨ Groww NIFTY CP Bot Ready (Groww backend)
You can run in MANUAL or AUTO mode.
Manual example: Buy 14 NIFTY04NOV2525950CE at CP and Book at 1050

Choose mode: (m)anual / (a)uto / (q)uit: 
--- AUTO MODE (momentum + premium) ---
🔍 Detecting best option between CE and PE for NIFTY 2025-12-16…
➡️  Searching CE between 80-130
➡️  Searching PE between 80-130⚙️ Checking momentum for top 12 CE candidates...

⚙️ Checking momentum for top 12 PE candidates...

🧭 Checking momentum for NIFTY25D1626450CE (5 samples, every 1s):
[NIFTY25D1626450CE] ⏱ Sample 1/5: LTP = ₹104.16
🧭 Checking momentum for NIFTY25D1626350PE (5 samples, every 1s):


🧭 Checking momentum for NIFTY25D1625900PE (5 samples, every 1s):[NIFTY25D1626350PE] ⏱ Sample 1/5: LTP = ₹104.27

🧭 Checking momentum for NIFTY25D1625600PE (5 samples, every 1s):
[NIFTY25D1625900PE] ⏱ Sample 1/5: LTP = ₹108.57

🧭 Checking momentum for NIFTY25D1625700PE (5 samples, every 1s):

🧭 Checking momentum for NIFTY25D1626300PE (5 samples, every 1s):[NIFTY25D1625600PE] ⏱ Sample 1/5: LTP = ₹109.07
🧭 Checking momentum for NIFTY25D1626000PE (5 samples, every 1s):

🧭 Checking momentum for NIFTY25D1626250CE (5 samples, every 1s):


🧭 Checking momentum for NIFTY25D1626200PE (5 samples, every 1s):
[NIFTY25D1625700PE] ⏱ Sample 1/5: LTP = ₹109.89
🧭 Checking momentum for NIFTY25D1626500PE (5 samples, every 1s):

[NIFTY25D1626300PE] ⏱ Sample 1/5: LTP = ₹111.67
🧭 Checking momentum for NIFTY25D1625550CE (5 samples, every 1s):
[NIFTY25D1626000PE] ⏱ Sample 1/5: LTP = ₹98.59
[NIFTY25D1626250CE] ⏱ Sample 1/5: LTP = ₹107.28
🧭 Checking momentum for NIFTY25D1625800CE (5 samples, every 1s):[NIFTY25D1626200PE] ⏱ Sample 1/5: LTP = ₹112.78[NIFTY25D1626500PE] ⏱ Sample 1/5: LTP = ₹98.33


🧭 Checking momentum for NIFTY25D1625950CE (5 samples, every 1s):



🧭 Checking momentum for NIFTY25D1626200CE (5 samples, every 1s):
🧭 Checking momentum for NIFTY25D1626000CE (5 samples, every 1s):[NIFTY25D1625800CE] ⏱ Sample 1/5: LTP = ₹100.51

🧭 Checking momentum for NIFTY25D1625600CE (5 samples, every 1s):




[NIFTY25D1626200CE] ⏱ Sample 1/5: LTP = ₹100.02[NIFTY25D1625550CE] ⏱ Sample 1/5: LTP = ₹107.80[NIFTY25D1626000CE] ⏱ Sample 1/5: LTP = ₹111.44[NIFTY25D1625950CE] ⏱ Sample 1/5: LTP = ₹110.91


[NIFTY25D1625600CE] ⏱ Sample 1/5: LTP = ₹113.21


[NIFTY25D1626350PE] ⏱ Sample 2/5: LTP = ₹104.93[NIFTY25D1626450CE] ⏱ Sample 2/5: LTP = ₹104.73

[NIFTY25D1625900PE] ⏱ Sample 2/5: LTP = ₹108.89
[NIFTY25D1625600PE] ⏱ Sample 2/5: LTP = ₹109.63
[NIFTY25D1625700PE] ⏱ Sample 2/5: LTP = ₹110.58
[NIFTY25D1626200PE] ⏱ Sample 2/5: LTP = ₹113.36[NIFTY25D1626000PE] ⏱ Sample 2/5: LTP = ₹98.95[NIFTY25D1626250CE] ⏱ Sample 2/5: LTP = ₹107.78[NIFTY25D1626300PE] ⏱ Sample 2/5: LTP = ₹112.35



[NIFTY25D1625600CE] ⏱ Sample 2/5: LTP = ₹113.66[NIFTY25D1626000CE] ⏱ Sample 2/5: LTP = ₹111.96[NIFTY25D1626200CE] ⏱ Sample 2/5: LTP = ₹100.55[NIFTY25D1625950CE] ⏱ Sample 2/5: LTP = ₹111.24[NIFTY25D1625550CE] ⏱ Sample 2/5: LTP = ₹108.39[NIFTY25D1626500PE] ⏱ Sample 2/5: LTP = ₹98.72[NIFTY25D1625800CE] ⏱ Sample 2/5: LTP = ₹100.92






[NIFTY25D1626350PE] ⏱ Sample 3/5: LTP = ₹105.53[NIFTY25D1626450CE] ⏱ Sample 3/5: LTP = ₹105.29

[NIFTY25D1625900PE] ⏱ Sample 3/5: LTP = ₹109.37
[NIFTY25D1625600PE] ⏱ Sample 3/5: LTP = ₹110.33
[NIFTY25D1625700PE] ⏱ Sample 3/5: LTP = ₹111.18
[NIFTY25D1626000PE] ⏱ Sample 3/5: LTP = ₹99.44[NIFTY25D1626250CE] ⏱ Sample 3/5: LTP = ₹108.28[NIFTY25D1626300PE] ⏱ Sample 3/5: LTP = ₹112.65[NIFTY25D1626200PE] ⏱ Sample 3/5: LTP = ₹113.96



[NIFTY25D1625800CE] ⏱ Sample 3/5: LTP = ₹101.33[NIFTY25D1626200CE] ⏱ Sample 3/5: LTP = ₹100.99[NIFTY25D1626500PE] ⏱ Sample 3/5: LTP = ₹99.30[NIFTY25D1625550CE] ⏱ Sample 3/5: LTP = ₹108.99[NIFTY25D1625600CE] ⏱ Sample 3/5: LTP = ₹114.13[NIFTY25D1626000CE] ⏱ Sample 3/5: LTP = ₹112.46[NIFTY25D1625950CE] ⏱ Sample 3/5: LTP = ₹111.72






[NIFTY25D1626450CE] ⏱ Sample 4/5: LTP = ₹105.77[NIFTY25D1625900PE] ⏱ Sample 4/5: LTP = ₹109.72
[NIFTY25D1626350PE] ⏱ Sample 4/5: LTP = ₹105.86

[NIFTY25D1625600PE] ⏱ Sample 4/5: LTP = ₹110.83
[NIFTY25D1625700PE] ⏱ Sample 4/5: LTP = ₹111.76
[NIFTY25D1626250CE] ⏱ Sample 4/5: LTP = ₹108.89[NIFTY25D1626200PE] ⏱ Sample 4/5: LTP = ₹114.49[NIFTY25D1625950CE] ⏱ Sample 4/5: LTP = ₹112.07
[NIFTY25D1626000PE] ⏱ Sample 4/5: LTP = ₹100.04[NIFTY25D1625800CE] ⏱ Sample 4/5: LTP = ₹101.74[NIFTY25D1626300PE] ⏱ Sample 4/5: LTP = ₹113.25[NIFTY25D1626200CE] ⏱ Sample 4/5: LTP = ₹101.38

[NIFTY25D1626000CE] ⏱ Sample 4/5: LTP = ₹113.06[NIFTY25D1625550CE] ⏱ Sample 4/5: LTP = ₹109.53
[NIFTY25D1626500PE] ⏱ Sample 4/5: LTP = ₹99.98
[NIFTY25D1625600CE] ⏱ Sample 4/5: LTP = ₹114.52





[NIFTY25D1626450CE] ⏱ Sample 5/5: LTP = ₹106.33
[NIFTY25D1625900PE] ⏱ Sample 5/5: LTP = ₹110.25
[NIFTY25D1626350PE] ⏱ Sample 5/5: LTP = ₹106.33[NIFTY25D1625600PE] ⏱ Sample 5/5: LTP = ₹111.40

[NIFTY25D1625700PE] ⏱ Sample 5/5: LTP = ₹112.19
[NIFTY25D1625950CE] ⏱ Sample 5/5: LTP = ₹112.46
[NIFTY25D1626200PE] ⏱ Sample 5/5: LTP = ₹114.98[NIFTY25D1626000PE] ⏱ Sample 5/5: LTP = ₹100.59[NIFTY25D1625800CE] ⏱ Sample 5/5: LTP = ₹102.07[NIFTY25D1626200CE] ⏱ Sample 5/5: LTP = ₹102.01[NIFTY25D1626500PE] ⏱ Sample 5/5: LTP = ₹100.29
[NIFTY25D1626250CE] ⏱ Sample 5/5: LTP = ₹109.20[NIFTY25D1625550CE] ⏱ Sample 5/5: LTP = ₹109.95[NIFTY25D1626300PE] ⏱ Sample 5/5: LTP = ₹113.62


[NIFTY25D1625600CE] ⏱ Sample 5/5: LTP = ₹115.20[NIFTY25D1626000CE] ⏱ Sample 5/5: LTP = ₹113.42





[NIFTY25D1625900PE] 📊 Avg Δ = 0.383%, Consistency = 100.0% → UP[NIFTY25D1626450CE] 📊 Avg Δ = 0.510%, Consistency = 100.0% → UP
[NIFTY25D1626450CE] 📈 Range ₹104.16 → ₹106.33


[NIFTY25D1625900PE] 📈 Range ₹108.57 → ₹110.25


🧭 Checking momentum for NIFTY25D1626400CE (5 samples, every 1s):[NIFTY25D1625700PE] 📊 Avg Δ = 0.523%, Consistency = 100.0% → UP[NIFTY25D1625600PE] 📊 Avg Δ = 0.535%, Consistency = 100.0% → UP
🧭 Checking momentum for NIFTY25D1626250PE (5 samples, every 1s):

[NIFTY25D1626350PE] 📊 Avg Δ = 0.474%, Consistency = 100.0% → UP

[NIFTY25D1626400CE] ⏱ Sample 1/5: LTP = ₹114.68
[NIFTY25D1626250PE] ⏱ Sample 1/5: LTP = ₹115.42[NIFTY25D1625700PE] 📈 Range ₹109.89 → ₹112.19
[NIFTY25D1625600PE] 📈 Range ₹109.07 → ₹111.40



[NIFTY25D1626350PE] 📈 Range ₹104.27 → ₹106.33



🧭 Checking momentum for NIFTY25D1626050PE (5 samples, every 1s):
🧭 Checking momentum for NIFTY25D1625650PE (5 samples, every 1s):


🧭 Checking momentum for NIFTY25D1625550PE (5 samples, every 1s):
[NIFTY25D1625650PE] ⏱ Sample 1/5: LTP = ₹116.68[NIFTY25D1626050PE] ⏱ Sample 1/5: LTP = ₹115.98
[NIFTY25D1625550PE] ⏱ Sample 1/5: LTP = ₹94.38

[NIFTY25D1625950CE] 📊 Avg Δ = 0.356%, Consistency = 100.0% → UP
[NIFTY25D1625950CE] 📈 Range ₹110.91 → ₹112.46


🧭 Checking momentum for NIFTY25D1625650CE (5 samples, every 1s):
[NIFTY25D1625650CE] ⏱ Sample 1/5: LTP = ₹96.17
[NIFTY25D1626500PE] 📊 Avg Δ = 0.542%, Consistency = 100.0% → UP[NIFTY25D1625800CE] 📊 Avg Δ = 0.392%, Consistency = 100.0% → UP[NIFTY25D1626200CE] 📊 Avg Δ = 0.466%, Consistency = 100.0% → UP[NIFTY25D1626200PE] 📊 Avg Δ = 0.488%, Consistency = 100.0% → UP
[NIFTY25D1626250CE] 📊 Avg Δ = 0.467%, Consistency = 100.0% → UP[NIFTY25D1625600CE] 📊 Avg Δ = 0.417%, Consistency = 100.0% → UP[NIFTY25D1626000CE] 📊 Avg Δ = 0.457%, Consistency = 100.0% → UP[NIFTY25D1626300PE] 📊 Avg Δ = 0.422%, Consistency = 100.0% → UP

[NIFTY25D1626500PE] 📈 Range ₹98.33 → ₹100.29


[NIFTY25D1626000CE] 📈 Range ₹111.44 → ₹113.42

[NIFTY25D1626000PE] 📊 Avg Δ = 0.519%, Consistency = 100.0% → UP

[NIFTY25D1625550CE] 📊 Avg Δ = 0.505%, Consistency = 100.0% → UP
[NIFTY25D1625600CE] 📈 Range ₹113.21 → ₹115.20
[NIFTY25D1626300PE] 📈 Range ₹111.67 → ₹113.62


[NIFTY25D1625800CE] 📈 Range ₹100.51 → ₹102.07
[NIFTY25D1626200PE] 📈 Range ₹112.78 → ₹114.98


[NIFTY25D1626200CE] 📈 Range ₹100.02 → ₹102.01
[NIFTY25D1626000PE] 📈 Range ₹98.59 → ₹100.59


🧭 Checking momentum for NIFTY25D1625750CE (5 samples, every 1s):
🧭 Checking momentum for NIFTY25D1626550CE (5 samples, every 1s):
[NIFTY25D1626250CE] 📈 Range ₹107.28 → ₹109.20

[NIFTY25D1625550CE] 📈 Range ₹107.80 → ₹109.95






[NIFTY25D1625750CE] ⏱ Sample 1/5: LTP = ₹116.76
[NIFTY25D1626550CE] ⏱ Sample 1/5: LTP = ₹116.14
[NIFTY25D1626250PE] ⏱ Sample 2/5: LTP = ₹115.97[NIFTY25D1626400CE] ⏱ Sample 2/5: LTP = ₹115.37

[NIFTY25D1626050PE] ⏱ Sample 2/5: LTP = ₹116.55[NIFTY25D1625550PE] ⏱ Sample 2/5: LTP = ₹94.80

[NIFTY25D1625650PE] ⏱ Sample 2/5: LTP = ₹117.35
[NIFTY25D1625650CE] ⏱ Sample 2/5: LTP = ₹96.76
[NIFTY25D1625750CE] ⏱ Sample 2/5: LTP = ₹117.24
[NIFTY25D1626550CE] ⏱ Sample 2/5: LTP = ₹116.51
[NIFTY25D1626250PE] ⏱ Sample 3/5: LTP = ₹116.44[NIFTY25D1626400CE] ⏱ Sample 3/5: LTP = ₹115.86

[NIFTY25D1626050PE] ⏱ Sample 3/5: LTP = ₹117.23[NIFTY25D1625550PE] ⏱ Sample 3/5: LTP = ₹95.48[NIFTY25D1625650PE] ⏱ Sample 3/5: LTP = ₹117.94


[NIFTY25D1625650CE] ⏱ Sample 3/5: LTP = ₹97.17
[NIFTY25D1625750CE] ⏱ Sample 3/5: LTP = ₹117.57
[NIFTY25D1626550CE] ⏱ Sample 3/5: LTP = ₹116.99
[NIFTY25D1626400CE] ⏱ Sample 4/5: LTP = ₹116.31[NIFTY25D1626250PE] ⏱ Sample 4/5: LTP = ₹116.92

[NIFTY25D1625550PE] ⏱ Sample 4/5: LTP = ₹96.16[NIFTY25D1626050PE] ⏱ Sample 4/5: LTP = ₹117.54[NIFTY25D1625650PE] ⏱ Sample 4/5: LTP = ₹118.54


[NIFTY25D1625650CE] ⏱ Sample 4/5: LTP = ₹97.73
[NIFTY25D1625750CE] ⏱ Sample 4/5: LTP = ₹117.98
[NIFTY25D1626550CE] ⏱ Sample 4/5: LTP = ₹117.47
[NIFTY25D1626400CE] ⏱ Sample 5/5: LTP = ₹116.70[NIFTY25D1626250PE] ⏱ Sample 5/5: LTP = ₹117.27

[NIFTY25D1625650PE] ⏱ Sample 5/5: LTP = ₹118.92[NIFTY25D1625550PE] ⏱ Sample 5/5: LTP = ₹96.74[NIFTY25D1626050PE] ⏱ Sample 5/5: LTP = ₹118.02


[NIFTY25D1625650CE] ⏱ Sample 5/5: LTP = ₹98.23
[NIFTY25D1626550CE] ⏱ Sample 5/5: LTP = ₹118.02[NIFTY25D1625750CE] ⏱ Sample 5/5: LTP = ₹118.68

[NIFTY25D1626400CE] 📊 Avg Δ = 0.427%, Consistency = 100.0% → UP[NIFTY25D1626250PE] 📊 Avg Δ = 0.402%, Consistency = 100.0% → UP
[NIFTY25D1626400CE] 📈 Range ₹114.68 → ₹116.70

[NIFTY25D1626250PE] 📈 Range ₹115.42 → ₹117.27


[NIFTY25D1626050PE] 📊 Avg Δ = 0.432%, Consistency = 100.0% → UP[NIFTY25D1625550PE] 📊 Avg Δ = 0.651%, Consistency = 100.0% → UP[NIFTY25D1625650PE] 📊 Avg Δ = 0.486%, Consistency = 100.0% → UP


[NIFTY25D1625650PE] 📈 Range ₹116.68 → ₹118.92
[NIFTY25D1625550PE] 📈 Range ₹94.38 → ₹96.74
[NIFTY25D1626050PE] 📈 Range ₹115.98 → ₹118.02



🏆 Selected PE: NIFTY25D1625550PE (UP | 0.65% | Consistency 100.0%)
📊 Running momentum check for PE (NIFTY25D1625550PE)

🧭 Checking momentum for NIFTY25D1625550PE (5 samples, every 1s):
[NIFTY25D1625550PE] ⏱ Sample 1/5: LTP = ₹97.36
[NIFTY25D1625650CE] 📊 Avg Δ = 0.521%, Consistency = 100.0% → UP
[NIFTY25D1625650CE] 📈 Range ₹96.17 → ₹98.23

[NIFTY25D1626550CE] 📊 Avg Δ = 0.405%, Consistency = 100.0% → UP[NIFTY25D1625750CE] 📊 Avg Δ = 0.378%, Consistency = 100.0% → UP

[NIFTY25D1625750CE] 📈 Range ₹116.76 → ₹118.68

[NIFTY25D1626550CE] 📈 Range ₹116.14 → ₹118.02

🏆 Selected CE: NIFTY25D1625650CE (UP | 0.52% | Consistency 100.0%)
📊 Running momentum check for CE (NIFTY25D1625650CE)

🧭 Checking momentum for NIFTY25D1625650CE (5 samples, every 1s):
[NIFTY25D1625650CE] ⏱ Sample 1/5: LTP = ₹98.86
[NIFTY25D1625550PE] ⏱ Sample 2/5: LTP = ₹98.06
[NIFTY25D1625650CE] ⏱ Sample 2/5: LTP = ₹99.23
[NIFTY25D1625550PE] ⏱ Sample 3/5: LTP = ₹98.41
[NIFTY25D1625650CE] ⏱ Sample 3/5: LTP = ₹99.82
[NIFTY25D1625550PE] ⏱ Sample 4/5: LTP = ₹98.76
[NIFTY25D1625650CE] ⏱ Sample 4/5: LTP = ₹100.22
[NIFTY25D1625550PE] ⏱ Sample 5/5: LTP = ₹98.42
[NIFTY25D1625650CE] ⏱ Sample 5/5: LTP = ₹99.68
[NIFTY25D1625550PE] 📊 Avg Δ = 0.299%, Consistency = 100.0% → UP
[NIFTY25D1625550PE] 📈 Range ₹97.36 → ₹98.42

✅ Momentum for PE: {'symbol': 'NIFTY25D1625550PE', 'avg_change': np.float64(0.299), 'consistency': np.float64(100.0), 'direction': 'UP'}
🧩 Finished PE: NIFTY25D1625550PE, momentum={'symbol': 'NIFTY25D1625550PE', 'avg_change': np.float64(0.299), 'consistency': np.float64(100.0), 'direction': 'UP'}
[NIFTY25D1625650CE] 📊 Avg Δ = 0.303%, Consistency = 100.0% → UP
[NIFTY25D1625650CE] 📈 Range ₹98.86 → ₹99.68

✅ Momentum for CE: {'symbol': 'NIFTY25D1625650CE', 'avg_change': np.float64(0.303), 'consistency': np.float64(100.0), 'direction': 'UP'}
🧩 Finished CE: NIFTY25D1625650CE, momentum={'symbol': 'NIFTY25D1625650CE', 'avg_change': np.float64(0.303), 'consistency': np.float64(100.0), 'direction': 'UP'}
🧮 Comparing CE vs PE momentum...
📈 CE momentum: 0.303% (UP, 100.0%)
📉 PE momentum: 0.299% (UP, 100.0%)
⚖️  Momentum similar — choosing CE fallback
✅ Selected: NIFTY25D1625650CE (CE) | LTP=95.84 | lot_size=75 | groww_symbol=NSE-NIFTY-16Dec25-25650-CE
Market Direction: CE
✅ Market direction CONFIRMS momentum → proceeding with order.
➡️ Placing auto order: {'symbol': 'NIFTY25D1625650CE', 'ltp': 95.84, 'lots': 3, 'book_profit': 300.0, 'lot_size': 75, 'side': 'BUY'} ====== [2025-12-13 13:45:40]
🔹 Auto order => NIFTY25D1625650CE, qty=225 ====== [2025-12-13 13:45:41]
🧪 [PAPER LTP] NIFTY25D1625650CE: ₹99.16
✅ Auto Buy placed: {'groww_order_id': 'GMKFO251213134543VGQWMPMJ42MO', 'order_status': 'ACKED', 'order_reference_id': '89141100', 'remark': None}

📦 Fetching trade details for order: GMKFO251213134543VGQWMPMJ42MO
⚠️ No trades found for order ID.
🎯 Executed avg price: ₹None, Qty: None
Traceback (most recent call last):
  File "C:\Users\HITS\eclipse-workspace\Groww_Python_Trading_Bot\QA_env_sample_test_groww_option_trading_final_bot.py", line 1406, in <module>
    auto_mode_runner()
  File "C:\Users\HITS\eclipse-workspace\Groww_Python_Trading_Bot\QA_env_sample_test_groww_option_trading_final_bot.py", line 1386, in auto_mode_runner
    place_cp_order(order_details, is_auto=True)
  File "C:\Users\HITS\eclipse-workspace\Groww_Python_Trading_Bot\QA_env_sample_test_groww_option_trading_final_bot.py", line 1209, in place_cp_order
    hard_sl = avg_price - CONFIG.get("HARD_SL_POINTS", 2.0)
              ~~~~~~~~~~^~~~~~~~~~~~~~~~~~~~~~~~~~~~~~~~~~~
TypeError: unsupported operand type(s) for -: 'NoneType' and 'float'
