📝 Logging started. Log file: C:\Users\HITS\eclipse-workspace\Groww_Python_Trading_Bot\logs\Groww_Bot_2025-12-17_13-17-32.log
C:\Users\HITS\eclipse-workspace\Groww_Python_Trading_Bot\instrument.csv
Ready to Groww!
eyJraWQiOiJaTUtjVXciLCJhbGciOiJFUzI1NiJ9.eyJleHAiOjE3NjYwMTc4MDAsImlhdCI6MTc2NTk1NzY1NCwibmJmIjoxNzY1OTU3NjU0LCJzdWIiOiJ7XCJ0b2tlblJlZklkXCI6XCI2NmFhMGUzMC01YmFmLTQ3ZTQtYTY4MC05OGI3OWQ4OWE3MmVcIixcInZlbmRvckludGVncmF0aW9uS2V5XCI6XCJlMzFmZjIzYjA4NmI0MDZjODg3NGIyZjZkODQ5NTMxM1wiLFwidXNlckFjY291bnRJZFwiOlwiMmVlMjYyMjItN2MwNS00Y2IwLWIwM2MtNzAzYWRmNWVmN2RkXCIsXCJkZXZpY2VJZFwiOlwiNWQwYzdjODgtMGI1OS01MDU0LTk5ZTYtYWU5MzY5OTc2ZmRiXCIsXCJzZXNzaW9uSWRcIjpcIjZlYzMwODRjLThiMDQtNGNlNS05ODllLTMzYWQwZmVmYWVkZFwiLFwiYWRkaXRpb25hbERhdGFcIjpcIno1NC9NZzltdjE2WXdmb0gvS0EwYktvMDZXRlpjc241VUNmTWF5aERtNGxSTkczdTlLa2pWZDNoWjU1ZStNZERhWXBOVi9UOUxIRmtQejFFQisybTdRPT1cIixcInJvbGVcIjpcIm9yZGVyLWJhc2ljLGxpdmVfZGF0YS1iYXNpYyxub25fdHJhZGluZy1iYXNpYyxvcmRlcl9yZWFkX29ubHktYmFzaWMsYmFja190ZXN0XCIsXCJzb3VyY2VJcEFkZHJlc3NcIjpudWxsLFwidHdvRmFFeHBpcnlUc1wiOjE3NjYwMTc4MDAwMDB9IiwiaXNzIjoiYXBleC1hdXRoLXByb2QtYXBwIn0.rEqu41zGnCgwWKRX6Lm5pxtxc1e1x9TtsC20Z_ayHZCadJ46-piFscFlGq7PdEZHlg0Xcp0P5U3z2uoFQDCAIQ
✅ Groww API Initialized Successfully
✅ Converted 'C:\Users\HITS\eclipse-workspace\Groww_Python_Trading_Bot\instrument.csv' → 'C:\Users\HITS\eclipse-workspace\Groww_Python_Trading_Bot\instrument.json'
📊 Live NIFTY Spot: 25792.65
✅ Converted 'C:\Users\HITS\eclipse-workspace\Groww_Python_Trading_Bot\instrument.csv' → 'C:\Users\HITS\eclipse-workspace\Groww_Python_Trading_Bot\instrument.json'
🎯 Filtering NIFTY 2025-12-23 instruments between 25300–26300 (Spot=25792.65)
✅ Loaded 316 filtered instruments (out of 149250)

✨ Groww NIFTY CP Bot Ready (Groww backend)
You can run in MANUAL or AUTO mode.
Manual example: Buy 14 NIFTY04NOV2525950CE at CP and Book at 1050

Choose mode: (m)anual / (a)uto / (q)uit: 
--- AUTO MODE (momentum + premium) ---
🔍 Detecting best option between CE and PE for NIFTY 2025-12-23…
➡️  Searching CE between 80-130
➡️  Searching PE between 80-130
⚙️ Checking momentum for top 2 CE candidates...

🧭 Checking momentum for NIFTY25D2325850CE (5 samples, every 1s):

🧭 Checking momentum for NIFTY25D2325900CE (5 samples, every 1s):
⚙️ Checking momentum for top 1 PE candidates...

🧭 Checking momentum for NIFTY25D2325800PE (5 samples, every 1s):
[NIFTY25D2325850CE] ⏱ Sample 1/5: LTP = ₹109.40
[NIFTY25D2325900CE] ⏱ Sample 1/5: LTP = ₹87.25
[NIFTY25D2325800PE] ⏱ Sample 1/5: LTP = ₹100.25
[NIFTY25D2325850CE] ⏱ Sample 2/5: LTP = ₹109.55
[NIFTY25D2325900CE] ⏱ Sample 2/5: LTP = ₹87.55
[NIFTY25D2325800PE] ⏱ Sample 2/5: LTP = ₹100.10
[NIFTY25D2325850CE] ⏱ Sample 3/5: LTP = ₹109.75
[NIFTY25D2325900CE] ⏱ Sample 3/5: LTP = ₹87.40
[NIFTY25D2325800PE] ⏱ Sample 3/5: LTP = ₹100.85
[NIFTY25D2325850CE] ⏱ Sample 4/5: LTP = ₹109.00
[NIFTY25D2325900CE] ⏱ Sample 4/5: LTP = ₹86.90
[NIFTY25D2325800PE] ⏱ Sample 4/5: LTP = ₹100.50
[NIFTY25D2325850CE] ⏱ Sample 5/5: LTP = ₹109.10
[NIFTY25D2325900CE] ⏱ Sample 5/5: LTP = ₹87.60
[NIFTY25D2325850CE] 📊 Avg Δ = -0.129%, Consistency = 100.0% → FLAT
[NIFTY25D2325850CE] 📈 Range ₹109.40 → ₹109.10

[NIFTY25D2325800PE] ⏱ Sample 5/5: LTP = ₹99.90
[NIFTY25D2325900CE] 📊 Avg Δ = -0.057%, Consistency = 50.0% → FLAT
[NIFTY25D2325900CE] 📈 Range ₹87.25 → ₹87.60

⚠️ No strong momentum found for CE (>0.25%, consistency >70%)
📊 Running momentum check for CE (NIFTY25D2325850CE)

🧭 Checking momentum for NIFTY25D2325850CE (5 samples, every 1s):
[NIFTY25D2325850CE] ⏱ Sample 1/5: LTP = ₹109.60
[NIFTY25D2325800PE] 📊 Avg Δ = 0.008%, Consistency = 50.0% → FLAT
[NIFTY25D2325800PE] 📈 Range ₹100.25 → ₹99.90

⚠️ No strong momentum found for PE (>0.3%, consistency >70%)
📊 Running momentum check for PE (NIFTY25D2325800PE)

🧭 Checking momentum for NIFTY25D2325800PE (5 samples, every 1s):
[NIFTY25D2325800PE] ⏱ Sample 1/5: LTP = ₹100.05
[NIFTY25D2325850CE] ⏱ Sample 2/5: LTP = ₹109.80
[NIFTY25D2325800PE] ⏱ Sample 2/5: LTP = ₹100.25
[NIFTY25D2325850CE] ⏱ Sample 3/5: LTP = ₹109.70
[NIFTY25D2325800PE] ⏱ Sample 3/5: LTP = ₹100.05
[NIFTY25D2325850CE] ⏱ Sample 4/5: LTP = ₹109.65
[NIFTY25D2325800PE] ⏱ Sample 4/5: LTP = ₹100.25
[NIFTY25D2325850CE] ⏱ Sample 5/5: LTP = ₹109.85
[NIFTY25D2325800PE] ⏱ Sample 5/5: LTP = ₹100.00
[NIFTY25D2325850CE] 📊 Avg Δ = 0.015%, Consistency = 100.0% → FLAT
[NIFTY25D2325850CE] 📈 Range ₹109.60 → ₹109.85

✅ Momentum for CE: {'symbol': 'NIFTY25D2325850CE', 'avg_change': np.float64(0.015), 'consistency': np.float64(100.0), 'direction': 'FLAT'}
🧩 Finished CE: NIFTY25D2325850CE, momentum={'symbol': 'NIFTY25D2325850CE', 'avg_change': np.float64(0.015), 'consistency': np.float64(100.0), 'direction': 'FLAT'}
[NIFTY25D2325800PE] 📊 Avg Δ = -0.008%, Consistency = 50.0% → FLAT
[NIFTY25D2325800PE] 📈 Range ₹100.05 → ₹100.00

✅ Momentum for PE: {'symbol': 'NIFTY25D2325800PE', 'avg_change': np.float64(-0.008), 'consistency': np.float64(50.0), 'direction': 'FLAT'}
🧩 Finished PE: NIFTY25D2325800PE, momentum={'symbol': 'NIFTY25D2325800PE', 'avg_change': np.float64(-0.008), 'consistency': np.float64(50.0), 'direction': 'FLAT'}
🧮 Comparing CE vs PE momentum...
📈 CE momentum: 0.015% (FLAT, 100.0%)
📉 PE momentum: -0.008% (FLAT, 50.0%)
⚖️  Momentum similar — choosing CE fallback
✅ Selected: NIFTY25D2325850CE (CE) | LTP=110.1 | lot_size=75 | groww_symbol=NSE-NIFTY-23Dec25-25850-CE

🌀 Generated cURL for Groww Candle API:
curl --location 'https://api.groww.in/v1/historical/candles?exchange=NSE&segment=FNO&groww_symbol=NSE-NIFTY-23Dec25-25850-CE&start_time=2025-12-17 13:15:36&end_time=2025-12-17 13:18:36&candle_interval=1minute' \
  --header 'Accept: application/json' \
  --header 'Authorization: Bearer eyJraWQiOiJaTUtjVXciLCJhbGciOiJFUzI1NiJ9.eyJleHAiOjE3NjYwMTc4MDAsImlhdCI6MTc2NTk1NzY1NCwibmJmIjoxNzY1OTU3NjU0LCJzdWIiOiJ7XCJ0b2tlblJlZklkXCI6XCI2NmFhMGUzMC01YmFmLTQ3ZTQtYTY4MC05OGI3OWQ4OWE3MmVcIixcInZlbmRvckludGVncmF0aW9uS2V5XCI6XCJlMzFmZjIzYjA4NmI0MDZjODg3NGIyZjZkODQ5NTMxM1wiLFwidXNlckFjY291bnRJZFwiOlwiMmVlMjYyMjItN2MwNS00Y2IwLWIwM2MtNzAzYWRmNWVmN2RkXCIsXCJkZXZpY2VJZFwiOlwiNWQwYzdjODgtMGI1OS01MDU0LTk5ZTYtYWU5MzY5OTc2ZmRiXCIsXCJzZXNzaW9uSWRcIjpcIjZlYzMwODRjLThiMDQtNGNlNS05ODllLTMzYWQwZmVmYWVkZFwiLFwiYWRkaXRpb25hbERhdGFcIjpcIno1NC9NZzltdjE2WXdmb0gvS0EwYktvMDZXRlpjc241VUNmTWF5aERtNGxSTkczdTlLa2pWZDNoWjU1ZStNZERhWXBOVi9UOUxIRmtQejFFQisybTdRPT1cIixcInJvbGVcIjpcIm9yZGVyLWJhc2ljLGxpdmVfZGF0YS1iYXNpYyxub25fdHJhZGluZy1iYXNpYyxvcmRlcl9yZWFkX29ubHktYmFzaWMsYmFja190ZXN0XCIsXCJzb3VyY2VJcEFkZHJlc3NcIjpudWxsLFwidHdvRmFFeHBpcnlUc1wiOjE3NjYwMTc4MDAwMDB9IiwiaXNzIjoiYXBleC1hdXRoLXByb2QtYXBwIn0.rEqu41zGnCgwWKRX6Lm5pxtxc1e1x9TtsC20Z_ayHZCadJ46-piFscFlGq7PdEZHlg0Xcp0P5U3z2uoFQDCAIQ' \
  --header 'X-API-VERSION: 1.0'

📊 3-min candle trend → CE (O1=108.25, C3=109.4)
Market Direction: CE
✅ Market direction CONFIRMS momentum CE → proceeding with order.
Confirm trade for CE? Type Y/Yes to proceed, anything else to skip: Traceback (most recent call last):
  File "C:\Users\HITS\eclipse-workspace\Groww_Python_Trading_Bot\QA_env_sample_test_groww_option_trading_final_bot.py", line 1318, in <module>
    if mode in ["a", "auto"]:
        ^^^^^^^^^^^^^^^^^^
  File "C:\Users\HITS\eclipse-workspace\Groww_Python_Trading_Bot\QA_env_sample_test_groww_option_trading_final_bot.py", line 1282, in auto_mode_runner
    user_input = input(
                 ^^^^^^
KeyboardInterrupt
