📝 Logging started. Log file: C:\Users\HITS\eclipse-workspace\Groww_Python_Trading_Bot\logs\Groww_Bot_2025-12-17_13-21-56.log
C:\Users\HITS\eclipse-workspace\Groww_Python_Trading_Bot\instrument.csv
Ready to Groww!
eyJraWQiOiJaTUtjVXciLCJhbGciOiJFUzI1NiJ9.eyJleHAiOjE3NjYwMTc4MDAsImlhdCI6MTc2NTk1NzkxOCwibmJmIjoxNzY1OTU3OTE4LCJzdWIiOiJ7XCJ0b2tlblJlZklkXCI6XCI5YmY0YzVjZC02Y2M4LTQ5YzMtODFhMC1jNzYzNTA2NzU0ZTZcIixcInZlbmRvckludGVncmF0aW9uS2V5XCI6XCJlMzFmZjIzYjA4NmI0MDZjODg3NGIyZjZkODQ5NTMxM1wiLFwidXNlckFjY291bnRJZFwiOlwiMmVlMjYyMjItN2MwNS00Y2IwLWIwM2MtNzAzYWRmNWVmN2RkXCIsXCJkZXZpY2VJZFwiOlwiNWQwYzdjODgtMGI1OS01MDU0LTk5ZTYtYWU5MzY5OTc2ZmRiXCIsXCJzZXNzaW9uSWRcIjpcIjZlYzMwODRjLThiMDQtNGNlNS05ODllLTMzYWQwZmVmYWVkZFwiLFwiYWRkaXRpb25hbERhdGFcIjpcIno1NC9NZzltdjE2WXdmb0gvS0EwYktvMDZXRlpjc241VUNmTWF5aERtNGxSTkczdTlLa2pWZDNoWjU1ZStNZERhWXBOVi9UOUxIRmtQejFFQisybTdRPT1cIixcInJvbGVcIjpcIm9yZGVyLWJhc2ljLGxpdmVfZGF0YS1iYXNpYyxub25fdHJhZGluZy1iYXNpYyxvcmRlcl9yZWFkX29ubHktYmFzaWMsYmFja190ZXN0XCIsXCJzb3VyY2VJcEFkZHJlc3NcIjpudWxsLFwidHdvRmFFeHBpcnlUc1wiOjE3NjYwMTc4MDAwMDB9IiwiaXNzIjoiYXBleC1hdXRoLXByb2QtYXBwIn0.fKzueB3iT6p28hAGPotOL9LR4VtC9dibVGt0c3IEJj6KDBAsmZ5yDFVZ06BEJbE5TzYu3eQel5YbLz-ct3TBpw
✅ Groww API Initialized Successfully
✅ Converted 'C:\Users\HITS\eclipse-workspace\Groww_Python_Trading_Bot\instrument.csv' → 'C:\Users\HITS\eclipse-workspace\Groww_Python_Trading_Bot\instrument.json'
📊 Live NIFTY Spot: 25800.6
✅ Converted 'C:\Users\HITS\eclipse-workspace\Groww_Python_Trading_Bot\instrument.csv' → 'C:\Users\HITS\eclipse-workspace\Groww_Python_Trading_Bot\instrument.json'
🎯 Filtering NIFTY 2025-12-23 instruments between 25300–26300 (Spot=25800.6)
✅ Loaded 316 filtered instruments (out of 149250)

✨ Groww NIFTY CP Bot Ready (Groww backend)
You can run in MANUAL or AUTO mode.
Manual example: Buy 14 NIFTY04NOV2525950CE at CP and Book at 1050

Choose mode: (m)anual / (a)uto / (q)uit: 
--- AUTO MODE (momentum + premium) ---
🔍 Detecting best option between CE and PE for NIFTY 2025-12-23…
➡️  Searching CE between 80-130
➡️  Searching PE between 80-130
⚙️ Checking momentum for top 1 CE candidates...

🧭 Checking momentum for NIFTY25D2325900CE (5 samples, every 1s):
⚙️ Checking momentum for top 1 PE candidates...

🧭 Checking momentum for NIFTY25D2325800PE (5 samples, every 1s):
[NIFTY25D2325900CE] ⏱ Sample 1/5: LTP = ₹88.85
[NIFTY25D2325800PE] ⏱ Sample 1/5: LTP = ₹97.15
[NIFTY25D2325900CE] ⏱ Sample 2/5: LTP = ₹89.20
[NIFTY25D2325800PE] ⏱ Sample 2/5: LTP = ₹96.65
[NIFTY25D2325900CE] ⏱ Sample 3/5: LTP = ₹89.10
[NIFTY25D2325800PE] ⏱ Sample 3/5: LTP = ₹96.50
[NIFTY25D2325900CE] ⏱ Sample 4/5: LTP = ₹89.00
[NIFTY25D2325800PE] ⏱ Sample 4/5: LTP = ₹96.85
[NIFTY25D2325900CE] ⏱ Sample 5/5: LTP = ₹89.20
[NIFTY25D2325800PE] ⏱ Sample 5/5: LTP = ₹96.75
[NIFTY25D2325900CE] 📊 Avg Δ = 0.028%, Consistency = 50.0% → FLAT
[NIFTY25D2325900CE] 📈 Range ₹88.85 → ₹89.20

⚠️ No strong momentum found for CE (>0.25%, consistency >70%)
📊 Running momentum check for CE (NIFTY25D2325900CE)

🧭 Checking momentum for NIFTY25D2325900CE (5 samples, every 1s):
[NIFTY25D2325900CE] ⏱ Sample 1/5: LTP = ₹89.75
[NIFTY25D2325800PE] 📊 Avg Δ = -0.034%, Consistency = 50.0% → FLAT
[NIFTY25D2325800PE] 📈 Range ₹97.15 → ₹96.75

⚠️ No strong momentum found for PE (>0.3%, consistency >70%)
📊 Running momentum check for PE (NIFTY25D2325800PE)

🧭 Checking momentum for NIFTY25D2325800PE (5 samples, every 1s):
[NIFTY25D2325800PE] ⏱ Sample 1/5: LTP = ₹96.35
[NIFTY25D2325900CE] ⏱ Sample 2/5: LTP = ₹90.00
[NIFTY25D2325800PE] ⏱ Sample 2/5: LTP = ₹96.05
[NIFTY25D2325900CE] ⏱ Sample 3/5: LTP = ₹89.75
[NIFTY25D2325800PE] ⏱ Sample 3/5: LTP = ₹96.40
[NIFTY25D2325900CE] ⏱ Sample 4/5: LTP = ₹89.75
[NIFTY25D2325800PE] ⏱ Sample 4/5: LTP = ₹96.30
[NIFTY25D2325900CE] ⏱ Sample 5/5: LTP = ₹89.50
[NIFTY25D2325800PE] ⏱ Sample 5/5: LTP = ₹97.00
[NIFTY25D2325900CE] 📊 Avg Δ = -0.093%, Consistency = 50.0% → FLAT
[NIFTY25D2325900CE] 📈 Range ₹89.75 → ₹89.50

✅ Momentum for CE: {'symbol': 'NIFTY25D2325900CE', 'avg_change': np.float64(-0.093), 'consistency': np.float64(50.0), 'direction': 'FLAT'}
🧩 Finished CE: NIFTY25D2325900CE, momentum={'symbol': 'NIFTY25D2325900CE', 'avg_change': np.float64(-0.093), 'consistency': np.float64(50.0), 'direction': 'FLAT'}
[NIFTY25D2325800PE] 📊 Avg Δ = 0.156%, Consistency = 50.0% → FLAT
[NIFTY25D2325800PE] 📈 Range ₹96.35 → ₹97.00

✅ Momentum for PE: {'symbol': 'NIFTY25D2325800PE', 'avg_change': np.float64(0.156), 'consistency': np.float64(50.0), 'direction': 'FLAT'}
🧩 Finished PE: NIFTY25D2325800PE, momentum={'symbol': 'NIFTY25D2325800PE', 'avg_change': np.float64(0.156), 'consistency': np.float64(50.0), 'direction': 'FLAT'}
🧮 Comparing CE vs PE momentum...
📈 CE momentum: -0.093% (FLAT, 50.0%)
📉 PE momentum: 0.156% (FLAT, 50.0%)
⚖️  Momentum similar — choosing PE fallback
✅ Selected: NIFTY25D2325800PE (PE) | LTP=94.35 | lot_size=75 | groww_symbol=NSE-NIFTY-23Dec25-25800-PE

🌀 Generated cURL for Groww Candle API:
curl --location 'https://api.groww.in/v1/historical/candles?exchange=NSE&segment=FNO&groww_symbol=NSE-NIFTY-23Dec25-25800-PE&start_time=2025-12-17 13:20:05&end_time=2025-12-17 13:23:05&candle_interval=1minute' \
  --header 'Accept: application/json' \
  --header 'Authorization: Bearer eyJraWQiOiJaTUtjVXciLCJhbGciOiJFUzI1NiJ9.eyJleHAiOjE3NjYwMTc4MDAsImlhdCI6MTc2NTk1NzkxOCwibmJmIjoxNzY1OTU3OTE4LCJzdWIiOiJ7XCJ0b2tlblJlZklkXCI6XCI5YmY0YzVjZC02Y2M4LTQ5YzMtODFhMC1jNzYzNTA2NzU0ZTZcIixcInZlbmRvckludGVncmF0aW9uS2V5XCI6XCJlMzFmZjIzYjA4NmI0MDZjODg3NGIyZjZkODQ5NTMxM1wiLFwidXNlckFjY291bnRJZFwiOlwiMmVlMjYyMjItN2MwNS00Y2IwLWIwM2MtNzAzYWRmNWVmN2RkXCIsXCJkZXZpY2VJZFwiOlwiNWQwYzdjODgtMGI1OS01MDU0LTk5ZTYtYWU5MzY5OTc2ZmRiXCIsXCJzZXNzaW9uSWRcIjpcIjZlYzMwODRjLThiMDQtNGNlNS05ODllLTMzYWQwZmVmYWVkZFwiLFwiYWRkaXRpb25hbERhdGFcIjpcIno1NC9NZzltdjE2WXdmb0gvS0EwYktvMDZXRlpjc241VUNmTWF5aERtNGxSTkczdTlLa2pWZDNoWjU1ZStNZERhWXBOVi9UOUxIRmtQejFFQisybTdRPT1cIixcInJvbGVcIjpcIm9yZGVyLWJhc2ljLGxpdmVfZGF0YS1iYXNpYyxub25fdHJhZGluZy1iYXNpYyxvcmRlcl9yZWFkX29ubHktYmFzaWMsYmFja190ZXN0XCIsXCJzb3VyY2VJcEFkZHJlc3NcIjpudWxsLFwidHdvRmFFeHBpcnlUc1wiOjE3NjYwMTc4MDAwMDB9IiwiaXNzIjoiYXBleC1hdXRoLXByb2QtYXBwIn0.fKzueB3iT6p28hAGPotOL9LR4VtC9dibVGt0c3IEJj6KDBAsmZ5yDFVZ06BEJbE5TzYu3eQel5YbLz-ct3TBpw' \
  --header 'X-API-VERSION: 1.0'

📊 3-min candle trend → CE (O1=97.1, C3=96.3)
Market Direction: CE
❌ Skipping trade — market direction conflicts with momentum.
Waiting for 3 mins to get another data.
Traceback (most recent call last):
  File "C:\Users\HITS\eclipse-workspace\Groww_Python_Trading_Bot\QA_env_sample_test_groww_option_trading_final_bot.py", line 1320, in <module>
    auto_mode_runner()
  File "C:\Users\HITS\eclipse-workspace\Groww_Python_Trading_Bot\QA_env_sample_test_groww_option_trading_final_bot.py", line 1304, in auto_mode_runner
    time.sleep(180)
KeyboardInterrupt
