📝 Logging started. Log file: C:\Users\HITS\eclipse-workspace\Groww_Python_Trading_Bot\logs\Groww_Bot_2025-12-18_14-27-12.log
C:\Users\HITS\eclipse-workspace\Groww_Python_Trading_Bot\instrument.csv
Ready to Groww!
eyJraWQiOiJaTUtjVXciLCJhbGciOiJFUzI1NiJ9.eyJleHAiOjE3NjYxMDQyMDAsImlhdCI6MTc2NjA0ODIzNCwibmJmIjoxNzY2MDQ4MjM0LCJzdWIiOiJ7XCJ0b2tlblJlZklkXCI6XCI3YmQ3YTZhNC05MjVkLTQ1ZjktYmUzNi0xMzc4NWNjNDYyMDRcIixcInZlbmRvckludGVncmF0aW9uS2V5XCI6XCJlMzFmZjIzYjA4NmI0MDZjODg3NGIyZjZkODQ5NTMxM1wiLFwidXNlckFjY291bnRJZFwiOlwiMmVlMjYyMjItN2MwNS00Y2IwLWIwM2MtNzAzYWRmNWVmN2RkXCIsXCJkZXZpY2VJZFwiOlwiNWQwYzdjODgtMGI1OS01MDU0LTk5ZTYtYWU5MzY5OTc2ZmRiXCIsXCJzZXNzaW9uSWRcIjpcIjY2MjA1YjkxLWY2YTktNDcxMi1hOTYzLThjZmJhZTc2NGRmZlwiLFwiYWRkaXRpb25hbERhdGFcIjpcIno1NC9NZzltdjE2WXdmb0gvS0EwYktvMDZXRlpjc241VUNmTWF5aERtNGxSTkczdTlLa2pWZDNoWjU1ZStNZERhWXBOVi9UOUxIRmtQejFFQisybTdRPT1cIixcInJvbGVcIjpcIm9yZGVyLWJhc2ljLGxpdmVfZGF0YS1iYXNpYyxub25fdHJhZGluZy1iYXNpYyxvcmRlcl9yZWFkX29ubHktYmFzaWMsYmFja190ZXN0XCIsXCJzb3VyY2VJcEFkZHJlc3NcIjpudWxsLFwidHdvRmFFeHBpcnlUc1wiOjE3NjYxMDQyMDAwMDB9IiwiaXNzIjoiYXBleC1hdXRoLXByb2QtYXBwIn0.R_4EQIbGv9RwTAGAvvULkNiCPA9i4_cdhJdjeDt-hWlH5S5Ncl7-YSQDh5id_WEHVPO74mGAzUrtyOS35bfs7A
✅ Groww API Initialized Successfully
✅ Converted 'C:\Users\HITS\eclipse-workspace\Groww_Python_Trading_Bot\instrument.csv' → 'C:\Users\HITS\eclipse-workspace\Groww_Python_Trading_Bot\instrument.json'
📊 Live NIFTY Spot: 25785.1
✅ Converted 'C:\Users\HITS\eclipse-workspace\Groww_Python_Trading_Bot\instrument.csv' → 'C:\Users\HITS\eclipse-workspace\Groww_Python_Trading_Bot\instrument.json'
🎯 Filtering NIFTY 2025-12-23 instruments between 25300–26300 (Spot=25785.1)
✅ Loaded 316 filtered instruments (out of 149250)

✨ Groww NIFTY CP Bot Ready (Groww backend)
You can run in MANUAL or AUTO mode.
Manual example: Buy 14 NIFTY04NOV2525950CE at CP and Book at 1050

Choose mode: (m)anual / (a)uto / (q)uit: 
--- AUTO MODE (momentum + premium) ---
🔍 Detecting best option between CE and PE for NIFTY 2025-12-23…
➡️  Searching CE between 80-130
➡️  Searching PE between 80-130
⚙️ Checking momentum for top 2 CE candidates...

🧭 Checking momentum for NIFTY25D2325800CE (5 samples, every 1s):

🧭 Checking momentum for NIFTY25D2325850CE (5 samples, every 1s):
⚙️ Checking momentum for top 1 PE candidates...

🧭 Checking momentum for NIFTY25D2325800PE (5 samples, every 1s):
[NIFTY25D2325800CE] ⏱ Sample 1/5: LTP = ₹110.65
[NIFTY25D2325850CE] ⏱ Sample 1/5: LTP = ₹85.70
[NIFTY25D2325800PE] ⏱ Sample 1/5: LTP = ₹88.35
[NIFTY25D2325800CE] ⏱ Sample 2/5: LTP = ₹111.65
[NIFTY25D2325850CE] ⏱ Sample 2/5: LTP = ₹86.15
[NIFTY25D2325800PE] ⏱ Sample 2/5: LTP = ₹87.80
[NIFTY25D2325800CE] ⏱ Sample 3/5: LTP = ₹112.55
[NIFTY25D2325850CE] ⏱ Sample 3/5: LTP = ₹87.40
[NIFTY25D2325800PE] ⏱ Sample 3/5: LTP = ₹87.65
[NIFTY25D2325800CE] ⏱ Sample 4/5: LTP = ₹112.45
[NIFTY25D2325850CE] ⏱ Sample 4/5: LTP = ₹87.45
[NIFTY25D2325800PE] ⏱ Sample 4/5: LTP = ₹87.60
[NIFTY25D2325800CE] ⏱ Sample 5/5: LTP = ₹112.50
[NIFTY25D2325850CE] ⏱ Sample 5/5: LTP = ₹87.05
[NIFTY25D2325800CE] 📊 Avg Δ = 0.395%, Consistency = 100.0% → UP
[NIFTY25D2325800CE] 📈 Range ₹110.65 → ₹112.50

[NIFTY25D2325800PE] ⏱ Sample 5/5: LTP = ₹87.65
[NIFTY25D2325850CE] 📊 Avg Δ = 0.510%, Consistency = 100.0% → UP
[NIFTY25D2325850CE] 📈 Range ₹85.70 → ₹87.05

🏆 Selected CE: NIFTY25D2325850CE (UP | 0.51% | Consistency 100.0%)
📊 Running momentum check for CE (NIFTY25D2325850CE)

🧭 Checking momentum for NIFTY25D2325850CE (5 samples, every 1s):
[NIFTY25D2325850CE] ⏱ Sample 1/5: LTP = ₹86.70
[NIFTY25D2325800PE] 📊 Avg Δ = -0.171%, Consistency = 100.0% → FLAT
[NIFTY25D2325800PE] 📈 Range ₹88.35 → ₹87.65

⚠️ No strong momentum found for PE (>0.3%, consistency >70%)
📊 Running momentum check for PE (NIFTY25D2325800PE)

🧭 Checking momentum for NIFTY25D2325800PE (5 samples, every 1s):
[NIFTY25D2325800PE] ⏱ Sample 1/5: LTP = ₹88.90
[NIFTY25D2325850CE] ⏱ Sample 2/5: LTP = ₹86.20
[NIFTY25D2325800PE] ⏱ Sample 2/5: LTP = ₹88.85
[NIFTY25D2325850CE] ⏱ Sample 3/5: LTP = ₹86.20
[NIFTY25D2325800PE] ⏱ Sample 3/5: LTP = ₹88.20
[NIFTY25D2325850CE] ⏱ Sample 4/5: LTP = ₹86.10
[NIFTY25D2325800PE] ⏱ Sample 4/5: LTP = ₹88.70
[NIFTY25D2325850CE] ⏱ Sample 5/5: LTP = ₹86.35
[NIFTY25D2325800PE] ⏱ Sample 5/5: LTP = ₹88.30
[NIFTY25D2325850CE] 📊 Avg Δ = -0.087%, Consistency = 50.0% → FLAT
[NIFTY25D2325850CE] 📈 Range ₹86.70 → ₹86.35

✅ Momentum for CE: {'symbol': 'NIFTY25D2325850CE', 'avg_change': np.float64(-0.087), 'consistency': np.float64(50.0), 'direction': 'FLAT'}
🧩 Finished CE: NIFTY25D2325850CE, momentum={'symbol': 'NIFTY25D2325850CE', 'avg_change': np.float64(-0.087), 'consistency': np.float64(50.0), 'direction': 'FLAT'}
[NIFTY25D2325800PE] 📊 Avg Δ = -0.141%, Consistency = 100.0% → FLAT
[NIFTY25D2325800PE] 📈 Range ₹88.90 → ₹88.30

✅ Momentum for PE: {'symbol': 'NIFTY25D2325800PE', 'avg_change': np.float64(-0.141), 'consistency': np.float64(100.0), 'direction': 'FLAT'}
🧩 Finished PE: NIFTY25D2325800PE, momentum={'symbol': 'NIFTY25D2325800PE', 'avg_change': np.float64(-0.141), 'consistency': np.float64(100.0), 'direction': 'FLAT'}
🧮 Comparing CE vs PE momentum...
📈 CE momentum: -0.087% (FLAT, 50.0%)
📉 PE momentum: -0.141% (FLAT, 100.0%)
⚖️  Momentum similar — choosing CE fallback
✅ Selected: NIFTY25D2325850CE (CE) | LTP=85.05 | lot_size=75 | groww_symbol=NSE-NIFTY-23Dec25-25850-CE

🌀 Generated cURL for Groww Candle API:
curl --location 'https://api.groww.in/v1/historical/candles?exchange=NSE&segment=FNO&groww_symbol=NSE-NIFTY-23Dec25-25850-CE&start_time=2025-12-18 14:25:27&end_time=2025-12-18 14:28:27&candle_interval=1minute' \
  --header 'Accept: application/json' \
  --header 'Authorization: Bearer eyJraWQiOiJaTUtjVXciLCJhbGciOiJFUzI1NiJ9.eyJleHAiOjE3NjYxMDQyMDAsImlhdCI6MTc2NjA0ODIzNCwibmJmIjoxNzY2MDQ4MjM0LCJzdWIiOiJ7XCJ0b2tlblJlZklkXCI6XCI3YmQ3YTZhNC05MjVkLTQ1ZjktYmUzNi0xMzc4NWNjNDYyMDRcIixcInZlbmRvckludGVncmF0aW9uS2V5XCI6XCJlMzFmZjIzYjA4NmI0MDZjODg3NGIyZjZkODQ5NTMxM1wiLFwidXNlckFjY291bnRJZFwiOlwiMmVlMjYyMjItN2MwNS00Y2IwLWIwM2MtNzAzYWRmNWVmN2RkXCIsXCJkZXZpY2VJZFwiOlwiNWQwYzdjODgtMGI1OS01MDU0LTk5ZTYtYWU5MzY5OTc2ZmRiXCIsXCJzZXNzaW9uSWRcIjpcIjY2MjA1YjkxLWY2YTktNDcxMi1hOTYzLThjZmJhZTc2NGRmZlwiLFwiYWRkaXRpb25hbERhdGFcIjpcIno1NC9NZzltdjE2WXdmb0gvS0EwYktvMDZXRlpjc241VUNmTWF5aERtNGxSTkczdTlLa2pWZDNoWjU1ZStNZERhWXBOVi9UOUxIRmtQejFFQisybTdRPT1cIixcInJvbGVcIjpcIm9yZGVyLWJhc2ljLGxpdmVfZGF0YS1iYXNpYyxub25fdHJhZGluZy1iYXNpYyxvcmRlcl9yZWFkX29ubHktYmFzaWMsYmFja190ZXN0XCIsXCJzb3VyY2VJcEFkZHJlc3NcIjpudWxsLFwidHdvRmFFeHBpcnlUc1wiOjE3NjYxMDQyMDAwMDB9IiwiaXNzIjoiYXBleC1hdXRoLXByb2QtYXBwIn0.R_4EQIbGv9RwTAGAvvULkNiCPA9i4_cdhJdjeDt-hWlH5S5Ncl7-YSQDh5id_WEHVPO74mGAzUrtyOS35bfs7A' \
  --header 'X-API-VERSION: 1.0'

📊 3-min candle trend → PE (O1=85.5, C3=84.85)
Market Direction: PE
❌ Skipping trade — market direction conflicts with momentum.
Waiting for 3 mins to get another data.
Traceback (most recent call last):
  File "C:\Users\HITS\eclipse-workspace\Groww_Python_Trading_Bot\QA_env_sample_test_groww_option_trading_final_bot.py", line 1325, in <module>
    auto_mode_runner()
  File "C:\Users\HITS\eclipse-workspace\Groww_Python_Trading_Bot\QA_env_sample_test_groww_option_trading_final_bot.py", line 1309, in auto_mode_runner
    time.sleep(180)
KeyboardInterrupt
