📝 Logging started. Log file: C:\Users\HITS\eclipse-workspace\Groww_Python_Trading_Bot\logs\Groww_Bot_2025-12-19_09-56-37.log
C:\Users\HITS\eclipse-workspace\Groww_Python_Trading_Bot\instrument.csv
Ready to Groww!
eyJraWQiOiJaTUtjVXciLCJhbGciOiJFUzI1NiJ9.eyJleHAiOjE3NjYxOTA2MDAsImlhdCI6MTc2NjExODM5NiwibmJmIjoxNzY2MTE4Mzk2LCJzdWIiOiJ7XCJ0b2tlblJlZklkXCI6XCJkMDQzYjJkYy1lNDRjLTQyNDQtOGRmMy04ZTZkMGYwMTdhZDdcIixcInZlbmRvckludGVncmF0aW9uS2V5XCI6XCJlMzFmZjIzYjA4NmI0MDZjODg3NGIyZjZkODQ5NTMxM1wiLFwidXNlckFjY291bnRJZFwiOlwiMmVlMjYyMjItN2MwNS00Y2IwLWIwM2MtNzAzYWRmNWVmN2RkXCIsXCJkZXZpY2VJZFwiOlwiNWQwYzdjODgtMGI1OS01MDU0LTk5ZTYtYWU5MzY5OTc2ZmRiXCIsXCJzZXNzaW9uSWRcIjpcIjY5MzFiNGEwLTMzZGQtNDkzZi04ZmUwLTY1ZWZkMzZiYzM5ZVwiLFwiYWRkaXRpb25hbERhdGFcIjpcIno1NC9NZzltdjE2WXdmb0gvS0EwYktvMDZXRlpjc241VUNmTWF5aERtNGxSTkczdTlLa2pWZDNoWjU1ZStNZERhWXBOVi9UOUxIRmtQejFFQisybTdRPT1cIixcInJvbGVcIjpcIm9yZGVyLWJhc2ljLGxpdmVfZGF0YS1iYXNpYyxub25fdHJhZGluZy1iYXNpYyxvcmRlcl9yZWFkX29ubHktYmFzaWMsYmFja190ZXN0XCIsXCJzb3VyY2VJcEFkZHJlc3NcIjpudWxsLFwidHdvRmFFeHBpcnlUc1wiOjE3NjYxOTA2MDAwMDB9IiwiaXNzIjoiYXBleC1hdXRoLXByb2QtYXBwIn0.ZMlOV9UsOPT4kLNNpWwRn52CVltQ7IRHdcbN1AH6V_2S4995Oe1Z5xEbZTJApMFrC0IZoGcn46r5y_GmkFblPw
✅ Groww API Initialized Successfully
✅ Converted 'C:\Users\HITS\eclipse-workspace\Groww_Python_Trading_Bot\instrument.csv' → 'C:\Users\HITS\eclipse-workspace\Groww_Python_Trading_Bot\instrument.json'
📊 Live NIFTY Spot: 25951.85
✅ Converted 'C:\Users\HITS\eclipse-workspace\Groww_Python_Trading_Bot\instrument.csv' → 'C:\Users\HITS\eclipse-workspace\Groww_Python_Trading_Bot\instrument.json'
🎯 Filtering NIFTY 2025-12-23 instruments between 25450–26450 (Spot=25951.85)
✅ Loaded 316 filtered instruments (out of 149250)

✨ Groww NIFTY CP Bot Ready (Groww backend)
You can run in MANUAL or AUTO mode.
Manual example: Buy 14 NIFTY04NOV2525950CE at CP and Book at 1050

Choose mode: (m)anual / (a)uto / (q)uit: 
--- AUTO MODE (momentum + premium) ---
🔍 Detecting best option between CE and PE for NIFTY 2025-12-23…
➡️  Searching CE between 80-130
➡️  Searching PE between 80-130
⚙️ Checking momentum for top 1 CE candidates...

🧭 Checking momentum for NIFTY25D2325950CE (5 samples, every 1s):
⚙️ Checking momentum for top 2 PE candidates...

🧭 Checking momentum for NIFTY25D2326000PE (5 samples, every 1s):

🧭 Checking momentum for NIFTY25D2325950PE (5 samples, every 1s):
[NIFTY25D2325950CE] ⏱ Sample 1/5: LTP = ₹101.30
[NIFTY25D2326000PE] ⏱ Sample 1/5: LTP = ₹107.40
[NIFTY25D2325950PE] ⏱ Sample 1/5: LTP = ₹82.40
[NIFTY25D2325950CE] ⏱ Sample 2/5: LTP = ₹101.45
[NIFTY25D2326000PE] ⏱ Sample 2/5: LTP = ₹106.85
[NIFTY25D2325950PE] ⏱ Sample 2/5: LTP = ₹81.95
[NIFTY25D2325950CE] ⏱ Sample 3/5: LTP = ₹101.25
[NIFTY25D2326000PE] ⏱ Sample 3/5: LTP = ₹106.80
[NIFTY25D2325950PE] ⏱ Sample 3/5: LTP = ₹81.20
[NIFTY25D2325950CE] ⏱ Sample 4/5: LTP = ₹102.20
[NIFTY25D2326000PE] ⏱ Sample 4/5: LTP = ₹105.75
[NIFTY25D2325950PE] ⏱ Sample 4/5: LTP = ₹81.15
[NIFTY25D2325950CE] ⏱ Sample 5/5: LTP = ₹102.40
[NIFTY25D2326000PE] ⏱ Sample 5/5: LTP = ₹105.45
[NIFTY25D2325950CE] 📊 Avg Δ = 0.304%, Consistency = 100.0% → UP
[NIFTY25D2325950CE] 📈 Range ₹101.30 → ₹102.40

🏆 Selected CE: NIFTY25D2325950CE (UP | 0.30% | Consistency 100.0%)
📊 Running momentum check for CE (NIFTY25D2325950CE)

🧭 Checking momentum for NIFTY25D2325950CE (5 samples, every 1s):
[NIFTY25D2325950PE] ⏱ Sample 5/5: LTP = ₹81.15
[NIFTY25D2326000PE] 📊 Avg Δ = -0.476%, Consistency = 100.0% → DOWN
[NIFTY25D2326000PE] 📈 Range ₹107.40 → ₹105.45

[NIFTY25D2325950CE] ⏱ Sample 1/5: LTP = ₹102.40
[NIFTY25D2325950PE] 📊 Avg Δ = -0.418%, Consistency = 100.0% → DOWN
[NIFTY25D2325950PE] 📈 Range ₹82.40 → ₹81.15

🏆 Selected PE: NIFTY25D2325950PE (DOWN | -0.42% | Consistency 100.0%)
📊 Running momentum check for PE (NIFTY25D2325950PE)

🧭 Checking momentum for NIFTY25D2325950PE (5 samples, every 1s):
[NIFTY25D2325950PE] ⏱ Sample 1/5: LTP = ₹80.90
[NIFTY25D2325950CE] ⏱ Sample 2/5: LTP = ₹101.80
[NIFTY25D2325950PE] ⏱ Sample 2/5: LTP = ₹82.00
[NIFTY25D2325950CE] ⏱ Sample 3/5: LTP = ₹101.75
[NIFTY25D2325950PE] ⏱ Sample 3/5: LTP = ₹81.10
[NIFTY25D2325950CE] ⏱ Sample 4/5: LTP = ₹101.90
[NIFTY25D2325950PE] ⏱ Sample 4/5: LTP = ₹81.45
[NIFTY25D2325950CE] ⏱ Sample 5/5: LTP = ₹102.45
[NIFTY25D2325950CE] 📊 Avg Δ = 0.025%, Consistency = 50.0% → FLAT
[NIFTY25D2325950CE] 📈 Range ₹102.40 → ₹102.45

✅ Momentum for CE: {'symbol': 'NIFTY25D2325950CE', 'avg_change': np.float64(0.025), 'consistency': np.float64(50.0), 'direction': 'FLAT'}
🧩 Finished CE: NIFTY25D2325950CE, momentum={'symbol': 'NIFTY25D2325950CE', 'avg_change': np.float64(0.025), 'consistency': np.float64(50.0), 'direction': 'FLAT'}
[NIFTY25D2325950PE] ⏱ Sample 5/5: LTP = ₹81.05
[NIFTY25D2325950PE] 📊 Avg Δ = -0.082%, Consistency = 50.0% → FLAT
[NIFTY25D2325950PE] 📈 Range ₹80.90 → ₹81.05

✅ Momentum for PE: {'symbol': 'NIFTY25D2325950PE', 'avg_change': np.float64(-0.082), 'consistency': np.float64(50.0), 'direction': 'FLAT'}
🧩 Finished PE: NIFTY25D2325950PE, momentum={'symbol': 'NIFTY25D2325950PE', 'avg_change': np.float64(-0.082), 'consistency': np.float64(50.0), 'direction': 'FLAT'}
🧮 Comparing CE vs PE momentum...
📈 CE momentum: 0.025% (FLAT, 50.0%)
📉 PE momentum: -0.082% (FLAT, 50.0%)
⚖️  Momentum similar — choosing CE fallback
✅ Selected: NIFTY25D2325950CE (CE) | LTP=99.75 | lot_size=75 | groww_symbol=NSE-NIFTY-23Dec25-25950-CE

🌀 Generated cURL for Groww Candle API:
curl --location 'https://api.groww.in/v1/historical/candles?exchange=NSE&segment=FNO&groww_symbol=NSE-NIFTY-23Dec25-25950-CE&start_time=2025-12-19 09:54:36&end_time=2025-12-19 09:57:36&candle_interval=1minute' \
  --header 'Accept: application/json' \
  --header 'Authorization: Bearer eyJraWQiOiJaTUtjVXciLCJhbGciOiJFUzI1NiJ9.eyJleHAiOjE3NjYxOTA2MDAsImlhdCI6MTc2NjExODM5NiwibmJmIjoxNzY2MTE4Mzk2LCJzdWIiOiJ7XCJ0b2tlblJlZklkXCI6XCJkMDQzYjJkYy1lNDRjLTQyNDQtOGRmMy04ZTZkMGYwMTdhZDdcIixcInZlbmRvckludGVncmF0aW9uS2V5XCI6XCJlMzFmZjIzYjA4NmI0MDZjODg3NGIyZjZkODQ5NTMxM1wiLFwidXNlckFjY291bnRJZFwiOlwiMmVlMjYyMjItN2MwNS00Y2IwLWIwM2MtNzAzYWRmNWVmN2RkXCIsXCJkZXZpY2VJZFwiOlwiNWQwYzdjODgtMGI1OS01MDU0LTk5ZTYtYWU5MzY5OTc2ZmRiXCIsXCJzZXNzaW9uSWRcIjpcIjY5MzFiNGEwLTMzZGQtNDkzZi04ZmUwLTY1ZWZkMzZiYzM5ZVwiLFwiYWRkaXRpb25hbERhdGFcIjpcIno1NC9NZzltdjE2WXdmb0gvS0EwYktvMDZXRlpjc241VUNmTWF5aERtNGxSTkczdTlLa2pWZDNoWjU1ZStNZERhWXBOVi9UOUxIRmtQejFFQisybTdRPT1cIixcInJvbGVcIjpcIm9yZGVyLWJhc2ljLGxpdmVfZGF0YS1iYXNpYyxub25fdHJhZGluZy1iYXNpYyxvcmRlcl9yZWFkX29ubHktYmFzaWMsYmFja190ZXN0XCIsXCJzb3VyY2VJcEFkZHJlc3NcIjpudWxsLFwidHdvRmFFeHBpcnlUc1wiOjE3NjYxOTA2MDAwMDB9IiwiaXNzIjoiYXBleC1hdXRoLXByb2QtYXBwIn0.ZMlOV9UsOPT4kLNNpWwRn52CVltQ7IRHdcbN1AH6V_2S4995Oe1Z5xEbZTJApMFrC0IZoGcn46r5y_GmkFblPw' \
  --header 'X-API-VERSION: 1.0'

📊 3-min candle trend → PE (O1=104.85, C3=101.95)
Market Direction: PE
❌ Skipping trade — market direction conflicts with momentum.
Waiting for 3 mins to get another data.
Traceback (most recent call last):
  File "C:\Users\HITS\eclipse-workspace\Groww_Python_Trading_Bot\QA_env_sample_test_groww_option_trading_final_bot.py", line 1392, in <module>
    auto_mode_runner()
  File "C:\Users\HITS\eclipse-workspace\Groww_Python_Trading_Bot\QA_env_sample_test_groww_option_trading_final_bot.py", line 1376, in auto_mode_runner
    time.sleep(180)
KeyboardInterrupt
