📝 Logging started. Log file: C:\Users\HITS\eclipse-workspace\Groww_Python_Trading_Bot\logs\Groww_Bot_2025-10-31_14-07-03.log
Ready to Groww!
eyJraWQiOiJaTUtjVXciLCJhbGciOiJFUzI1NiJ9.eyJleHAiOjE3NjE5NTcwMDAsImlhdCI6MTc2MTg5OTgyNSwibmJmIjoxNzYxODk5ODI1LCJzdWIiOiJ7XCJ0b2tlblJlZklkXCI6XCIzNmZiZmM1My1jMmExLTRjZjctYTNhZi1iYjRlNDFhYWI4ZjdcIixcInZlbmRvckludGVncmF0aW9uS2V5XCI6XCJlMzFmZjIzYjA4NmI0MDZjODg3NGIyZjZkODQ5NTMxM1wiLFwidXNlckFjY291bnRJZFwiOlwiMmVlMjYyMjItN2MwNS00Y2IwLWIwM2MtNzAzYWRmNWVmN2RkXCIsXCJkZXZpY2VJZFwiOlwiNWQwYzdjODgtMGI1OS01MDU0LTk5ZTYtYWU5MzY5OTc2ZmRiXCIsXCJzZXNzaW9uSWRcIjpcIjFmNzMxYzhiLTNmZDktNDg4MC04NTBjLTI5YmUwOWRiOThkMVwiLFwiYWRkaXRpb25hbERhdGFcIjpcIno1NC9NZzltdjE2WXdmb0gvS0EwYktvMDZXRlpjc241VUNmTWF5aERtNGxSTkczdTlLa2pWZDNoWjU1ZStNZERhWXBOVi9UOUxIRmtQejFFQisybTdRPT1cIixcInJvbGVcIjpcIm9yZGVyLWJhc2ljLGxpdmVfZGF0YS1iYXNpYyxub25fdHJhZGluZy1iYXNpYyxvcmRlcl9yZWFkX29ubHktYmFzaWMsYmFja190ZXN0XCIsXCJzb3VyY2VJcEFkZHJlc3NcIjpudWxsLFwidHdvRmFFeHBpcnlUc1wiOjE3NjE5NTcwMDAwMDB9IiwiaXNzIjoiYXBleC1hdXRoLXByb2QtYXBwIn0.w11lOhvghErrLoBVxV8hqtHY_RNv_dst6jMwMREI0VafOI1hu3z4NsvAVcUC0aGQXFyCeDcPEPE7CG1dHpGbnw
✅ Groww API Initialized Successfully
✅ Converted 'C:\Users\HITS\Downloads\instrument (1).csv' → 'C:\Users\HITS\Downloads\instrument (1).json'
📊 Live NIFTY Spot: 25766.5
✅ Converted 'C:\Users\HITS\Downloads\instrument (1).csv' → 'C:\Users\HITS\Downloads\instrument (1).json'
🎯 Filtering NIFTY 04/11/2025 instruments between 25250–26250 (Spot=25766.5)
✅ Loaded 316 filtered instruments (out of 105971)

✨ Groww NIFTY CP Bot Ready (Groww backend)
You can run in MANUAL or AUTO mode.
Manual example: Buy 14 NIFTY04NOV2525950CE at CP and Book at 1050

Choose mode: (m)anual / (a)uto / (q)uit: 
--- AUTO MODE (momentum + premium) ---
🔍 Detecting best option between CE and PE for NIFTY 04/11/2025…
➡️  Searching CE between 80-130
➡️  Searching PE between 80-130
⚙️ Checking momentum for top 2 CE candidates...

🧭 Checking momentum for NIFTY25N0425800CE (5 samples, every 1s):

🧭 Checking momentum for NIFTY25N0425850CE (5 samples, every 1s):
⚙️ Checking momentum for top 2 PE candidates...

🧭 Checking momentum for NIFTY25N0425800PE (5 samples, every 1s):

🧭 Checking momentum for NIFTY25N0425850PE (5 samples, every 1s):
[NIFTY25N0425800CE] ⏱ Sample 1/5: LTP = ₹103.00
[NIFTY25N0425850CE] ⏱ Sample 1/5: LTP = ₹80.15
[NIFTY25N0425800PE] ⏱ Sample 1/5: LTP = ₹94.50
[NIFTY25N0425850PE] ⏱ Sample 1/5: LTP = ₹121.15
[NIFTY25N0425800CE] ⏱ Sample 2/5: LTP = ₹103.35
[NIFTY25N0425850CE] ⏱ Sample 2/5: LTP = ₹80.65
[NIFTY25N0425800PE] ⏱ Sample 2/5: LTP = ₹94.45
[NIFTY25N0425850PE] ⏱ Sample 2/5: LTP = ₹121.35
[NIFTY25N0425800CE] ⏱ Sample 3/5: LTP = ₹102.80
[NIFTY25N0425850CE] ⏱ Sample 3/5: LTP = ₹80.00
[NIFTY25N0425800PE] ⏱ Sample 3/5: LTP = ₹94.55
[NIFTY25N0425850PE] ⏱ Sample 3/5: LTP = ₹121.15
[NIFTY25N0425800CE] ⏱ Sample 4/5: LTP = ₹102.70
[NIFTY25N0425850CE] ⏱ Sample 4/5: LTP = ₹80.00
[NIFTY25N0425800PE] ⏱ Sample 4/5: LTP = ₹94.10
[NIFTY25N0425850PE] ⏱ Sample 4/5: LTP = ₹121.40
[NIFTY25N0425800CE] ⏱ Sample 5/5: LTP = ₹103.00
[NIFTY25N0425850CE] ⏱ Sample 5/5: LTP = ₹80.50
[NIFTY25N0425800CE] 📊 Avg Δ = -0.105%, Consistency = 100.0% → FLAT
[NIFTY25N0425800CE] 📈 Range ₹103.00 → ₹103.00

[NIFTY25N0425800PE] ⏱ Sample 5/5: LTP = ₹94.25
[NIFTY25N0425850CE] 📊 Avg Δ = -0.062%, Consistency = 100.0% → FLAT
[NIFTY25N0425850CE] 📈 Range ₹80.15 → ₹80.50

⚠️ No strong momentum found for CE (>0.25%, consistency >70%)
📊 Running momentum check for CE (NIFTY25N0425800CE)

🧭 Checking momentum for NIFTY25N0425800CE (5 samples, every 1s):
[NIFTY25N0425850PE] ⏱ Sample 5/5: LTP = ₹121.00
[NIFTY25N0425800PE] 📊 Avg Δ = -0.106%, Consistency = 100.0% → FLAT
[NIFTY25N0425800PE] 📈 Range ₹94.50 → ₹94.25

[NIFTY25N0425800CE] ⏱ Sample 1/5: LTP = ₹103.30
[NIFTY25N0425850PE] 📊 Avg Δ = -0.014%, Consistency = 50.0% → FLAT
[NIFTY25N0425850PE] 📈 Range ₹121.15 → ₹121.00

⚠️ No strong momentum found for PE (>0.3%, consistency >70%)
📊 Running momentum check for PE (NIFTY25N0425800PE)

🧭 Checking momentum for NIFTY25N0425800PE (5 samples, every 1s):
[NIFTY25N0425800PE] ⏱ Sample 1/5: LTP = ₹93.30
[NIFTY25N0425800CE] ⏱ Sample 2/5: LTP = ₹103.95
[NIFTY25N0425800PE] ⏱ Sample 2/5: LTP = ₹93.65
[NIFTY25N0425800CE] ⏱ Sample 3/5: LTP = ₹104.35
[NIFTY25N0425800PE] ⏱ Sample 3/5: LTP = ₹93.15
[NIFTY25N0425800CE] ⏱ Sample 4/5: LTP = ₹104.10
[NIFTY25N0425800PE] ⏱ Sample 4/5: LTP = ₹93.75
[NIFTY25N0425800CE] ⏱ Sample 5/5: LTP = ₹103.65
[NIFTY25N0425800CE] 📊 Avg Δ = 0.080%, Consistency = 50.0% → FLAT
[NIFTY25N0425800CE] 📈 Range ₹103.30 → ₹103.65

✅ Momentum for CE: {'symbol': 'NIFTY25N0425800CE', 'avg_change': np.float64(0.08), 'consistency': np.float64(50.0), 'direction': 'FLAT'}
🧩 Finished CE: NIFTY25N0425800CE, momentum={'symbol': 'NIFTY25N0425800CE', 'avg_change': np.float64(0.08), 'consistency': np.float64(50.0), 'direction': 'FLAT'}
[NIFTY25N0425800PE] ⏱ Sample 5/5: LTP = ₹93.85
[NIFTY25N0425800PE] 📊 Avg Δ = 0.116%, Consistency = 100.0% → FLAT
[NIFTY25N0425800PE] 📈 Range ₹93.30 → ₹93.85

✅ Momentum for PE: {'symbol': 'NIFTY25N0425800PE', 'avg_change': np.float64(0.116), 'consistency': np.float64(100.0), 'direction': 'FLAT'}
🧩 Finished PE: NIFTY25N0425800PE, momentum={'symbol': 'NIFTY25N0425800PE', 'avg_change': np.float64(0.116), 'consistency': np.float64(100.0), 'direction': 'FLAT'}
🧮 Comparing CE vs PE momentum...
📈 CE momentum: 0.080% (FLAT, 50.0%)
📉 PE momentum: 0.116% (FLAT, 100.0%)
⚖️  Momentum similar — choosing PE fallback
✅ Selected: NIFTY25N0425800PE (PE) | LTP=92.45 | lot_size=75 | groww_symbol=NSE-NIFTY-04Nov25-25800-PE

🌀 Generated cURL for Groww Candle API:
curl --location 'https://api.groww.in/v1/historical/candles?exchange=NSE&segment=FNO&groww_symbol=NSE-NIFTY-04Nov25-25800-PE&start_time=2025-10-31%2014:03:21&end_time=2025-10-31%2014:08:21&candle_interval=1minute' \
  --header 'Accept: application/json' \
  --header 'Authorization: Bearer <ACCESS_TOKEN>' \
  --header 'X-API-VERSION: 1.0'

📊 5-min candle trend → PE (O₁=84.0, C₅=94.05)
Market Direction: PE
✅ Market direction CONFIRMS momentum → proceeding with order.
➡️ Placing auto order: {'symbol': 'NIFTY25N0425800PE', 'ltp': 92.45, 'lots': 1, 'book_profit': 75.0, 'lot_size': 75, 'side': 'BUY'} ====== [2025-10-31 14:08:22]
🔹 Auto order => NIFTY25N0425800PE, qty=75, book@75.0 ====== [2025-10-31 14:08:23]
💰 LTP for NSE_NIFTY25N0425800PE: ₹93.95 ====== [2025-10-31 14:08:24]
✅ Auto Buy placed: :{'groww_order_id': 'GMKFO251031140824PO1G18AOUYXI', 'order_status': 'NEW', 'order_reference_id': '93780360', 'remark': None} ======= [2025-10-31 14:08:25]
✅ Auto Target SELL @ 94.95 placed: {'groww_order_id': 'GLTFO251031140825ZKA7ZLXS0KQI', 'order_status': 'NEW', 'order_reference_id': '27390272', 'remark': None} ====== [2025-10-31 14:08:26]
Traceback (most recent call last):
  File "C:\Users\HITS\eclipse-workspace\Groww_Python_Trading_Bot\groww_option_trading_final_bot.py", line 1191, in <module>
    break
    ^^^^^^
  File "C:\Users\HITS\eclipse-workspace\Groww_Python_Trading_Bot\groww_option_trading_final_bot.py", line 1173, in auto_mode_runner
    print(f"➡️ Placing auto order: {order_details} ====== [{datetime.now().strftime('%Y-%m-%d %H:%M:%S')}]")
    ^^^^^^^^^^^^^^^^^^^^^^^^^^^^^^^^^^^^^^^
  File "C:\Users\HITS\eclipse-workspace\Groww_Python_Trading_Bot\groww_option_trading_final_bot.py", line 1009, in place_cp_order
    break
^^^^^^^^^^
KeyboardInterrupt
