📝 Logging started. Log file: C:\Users\HITS\eclipse-workspace\Groww_Python_Trading_Bot\logs\Groww_Bot_2025-10-31_12-45-43.log
Ready to Groww!
eyJraWQiOiJaTUtjVXciLCJhbGciOiJFUzI1NiJ9.eyJleHAiOjE3NjE5NTcwMDAsImlhdCI6MTc2MTg5NDk0MywibmJmIjoxNzYxODk0OTQzLCJzdWIiOiJ7XCJ0b2tlblJlZklkXCI6XCJiY2RjMWY3MC1lMDJlLTRmMzMtODJjMC1iZmJjMWNjMmFlYzdcIixcInZlbmRvckludGVncmF0aW9uS2V5XCI6XCJlMzFmZjIzYjA4NmI0MDZjODg3NGIyZjZkODQ5NTMxM1wiLFwidXNlckFjY291bnRJZFwiOlwiMmVlMjYyMjItN2MwNS00Y2IwLWIwM2MtNzAzYWRmNWVmN2RkXCIsXCJkZXZpY2VJZFwiOlwiNWQwYzdjODgtMGI1OS01MDU0LTk5ZTYtYWU5MzY5OTc2ZmRiXCIsXCJzZXNzaW9uSWRcIjpcIjFmNzMxYzhiLTNmZDktNDg4MC04NTBjLTI5YmUwOWRiOThkMVwiLFwiYWRkaXRpb25hbERhdGFcIjpcIno1NC9NZzltdjE2WXdmb0gvS0EwYktvMDZXRlpjc241VUNmTWF5aERtNGxSTkczdTlLa2pWZDNoWjU1ZStNZERhWXBOVi9UOUxIRmtQejFFQisybTdRPT1cIixcInJvbGVcIjpcIm9yZGVyLWJhc2ljLGxpdmVfZGF0YS1iYXNpYyxub25fdHJhZGluZy1iYXNpYyxvcmRlcl9yZWFkX29ubHktYmFzaWMsYmFja190ZXN0XCIsXCJzb3VyY2VJcEFkZHJlc3NcIjpudWxsLFwidHdvRmFFeHBpcnlUc1wiOjE3NjE5NTcwMDAwMDB9IiwiaXNzIjoiYXBleC1hdXRoLXByb2QtYXBwIn0.EC7tK88wk7ipq_EvShugPXAgAtPnzqZMXDGvV6beRcGCvjO_HeLOkTpUHasyIDh9j5GzPuJxvUhDNdJ0oxzdpg
✅ Groww API Initialized Successfully
✅ Converted 'C:\Users\HITS\Downloads\instrument (1).csv' → 'C:\Users\HITS\Downloads\instrument (1).json'
📊 Live NIFTY Spot: 25791.7
✅ Converted 'C:\Users\HITS\Downloads\instrument (1).csv' → 'C:\Users\HITS\Downloads\instrument (1).json'
🎯 Filtering NIFTY 04/11/2025 instruments between 25300–26300 (Spot=25791.7)
✅ Loaded 316 filtered instruments (out of 105971)

✨ Groww NIFTY CP Bot Ready (Groww backend)
You can run in MANUAL or AUTO mode.
Manual example: Buy 14 NIFTY04NOV2525950CE at CP and Book at 1050

Choose mode: (m)anual / (a)uto / (q)uit: 
--- AUTO MODE (momentum + premium) ---
🔍 Detecting best option between CE and PE for NIFTY 04/11/2025…
➡️  Searching CE between 80-130
➡️  Searching PE between 80-130
⚙️ Checking momentum for top 2 CE candidates...

🧭 Checking momentum for NIFTY25N0425850CE (5 samples, every 1s):

🧭 Checking momentum for NIFTY25N0425800CE (5 samples, every 1s):
⚙️ Checking momentum for top 2 PE candidates...

🧭 Checking momentum for NIFTY25N0425850PE (5 samples, every 1s):

🧭 Checking momentum for NIFTY25N0425800PE (5 samples, every 1s):
[NIFTY25N0425850CE] ⏱ Sample 1/5: LTP = ₹94.30
[NIFTY25N0425800CE] ⏱ Sample 1/5: LTP = ₹119.70
[NIFTY25N0425850PE] ⏱ Sample 1/5: LTP = ₹111.70
[NIFTY25N0425800PE] ⏱ Sample 1/5: LTP = ₹87.65
[NIFTY25N0425850CE] ⏱ Sample 2/5: LTP = ₹93.85
[NIFTY25N0425800CE] ⏱ Sample 2/5: LTP = ₹119.55
[NIFTY25N0425850PE] ⏱ Sample 2/5: LTP = ₹112.40
[NIFTY25N0425800PE] ⏱ Sample 2/5: LTP = ₹88.25
[NIFTY25N0425850CE] ⏱ Sample 3/5: LTP = ₹94.30
[NIFTY25N0425800CE] ⏱ Sample 3/5: LTP = ₹120.00
[NIFTY25N0425850PE] ⏱ Sample 3/5: LTP = ₹111.60
[NIFTY25N0425800PE] ⏱ Sample 3/5: LTP = ₹88.30
[NIFTY25N0425850CE] ⏱ Sample 4/5: LTP = ₹94.20
[NIFTY25N0425800CE] ⏱ Sample 4/5: LTP = ₹120.15
[NIFTY25N0425850PE] ⏱ Sample 4/5: LTP = ₹111.95
[NIFTY25N0425800PE] ⏱ Sample 4/5: LTP = ₹88.00
[NIFTY25N0425850CE] ⏱ Sample 5/5: LTP = ₹94.35
[NIFTY25N0425800CE] ⏱ Sample 5/5: LTP = ₹120.00
[NIFTY25N0425850CE] 📊 Avg Δ = 0.071%, Consistency = 50.0% → FLAT
[NIFTY25N0425850CE] 📈 Range ₹94.30 → ₹94.35

[NIFTY25N0425850PE] ⏱ Sample 5/5: LTP = ₹111.90
[NIFTY25N0425800CE] 📊 Avg Δ = 0.125%, Consistency = 100.0% → FLAT
[NIFTY25N0425800CE] 📈 Range ₹119.70 → ₹120.00

⚠️ No strong momentum found for CE (>0.25%, consistency >70%)
📊 Running momentum check for CE (NIFTY25N0425850CE)

🧭 Checking momentum for NIFTY25N0425850CE (5 samples, every 1s):
[NIFTY25N0425800PE] ⏱ Sample 5/5: LTP = ₹88.15
[NIFTY25N0425850PE] 📊 Avg Δ = -0.037%, Consistency = 50.0% → FLAT
[NIFTY25N0425850PE] 📈 Range ₹111.70 → ₹111.90

[NIFTY25N0425850CE] ⏱ Sample 1/5: LTP = ₹93.55
[NIFTY25N0425800PE] 📊 Avg Δ = 0.047%, Consistency = 50.0% → FLAT
[NIFTY25N0425800PE] 📈 Range ₹87.65 → ₹88.15

⚠️ No strong momentum found for PE (>0.3%, consistency >70%)
📊 Running momentum check for PE (NIFTY25N0425850PE)

🧭 Checking momentum for NIFTY25N0425850PE (5 samples, every 1s):
[NIFTY25N0425850PE] ⏱ Sample 1/5: LTP = ₹112.30
[NIFTY25N0425850CE] ⏱ Sample 2/5: LTP = ₹93.90
[NIFTY25N0425850PE] ⏱ Sample 2/5: LTP = ₹110.85
[NIFTY25N0425850CE] ⏱ Sample 3/5: LTP = ₹94.90
[NIFTY25N0425850PE] ⏱ Sample 3/5: LTP = ₹111.35
[NIFTY25N0425850CE] ⏱ Sample 4/5: LTP = ₹94.80
[NIFTY25N0425850PE] ⏱ Sample 4/5: LTP = ₹111.05
[NIFTY25N0425850CE] ⏱ Sample 5/5: LTP = ₹94.80
[NIFTY25N0425850CE] 📊 Avg Δ = 0.380%, Consistency = 100.0% → UP
[NIFTY25N0425850CE] 📈 Range ₹93.55 → ₹94.80

✅ Momentum for CE: {'symbol': 'NIFTY25N0425850CE', 'avg_change': np.float64(0.38), 'consistency': np.float64(100.0), 'direction': 'UP'}
🧩 Finished CE: NIFTY25N0425850CE, momentum={'symbol': 'NIFTY25N0425850CE', 'avg_change': np.float64(0.38), 'consistency': np.float64(100.0), 'direction': 'UP'}
[NIFTY25N0425850PE] ⏱ Sample 5/5: LTP = ₹111.35
[NIFTY25N0425850PE] 📊 Avg Δ = -0.112%, Consistency = 50.0% → FLAT
[NIFTY25N0425850PE] 📈 Range ₹112.30 → ₹111.35

✅ Momentum for PE: {'symbol': 'NIFTY25N0425850PE', 'avg_change': np.float64(-0.112), 'consistency': np.float64(50.0), 'direction': 'FLAT'}
🧩 Finished PE: NIFTY25N0425850PE, momentum={'symbol': 'NIFTY25N0425850PE', 'avg_change': np.float64(-0.112), 'consistency': np.float64(50.0), 'direction': 'FLAT'}
🧮 Comparing CE vs PE momentum...
📈 CE momentum: 0.380% (UP, 100.0%)
📉 PE momentum: -0.112% (FLAT, 50.0%)
✅ Selected CE (stronger momentum)
✅ Selected: NIFTY25N0425850CE (CE) | LTP=95.3 | lot_size=75 | groww_symbol=NSE-NIFTY-04Nov25-25850-CE
⚠️ Error fetching recent market direction: GrowwAPI.get_historical_candles() got an unexpected keyword argument 'trading_symbol'
Market Direction: None
❌ Skipping trade — market direction conflicts with momentum.
🔍 Detecting best option between CE and PE for NIFTY 04/11/2025…
➡️  Searching CE between 80-130
➡️  Searching PE between 80-130
⚙️ Checking momentum for top 2 CE candidates...

🧭 Checking momentum for NIFTY25N0425850CE (5 samples, every 1s):

🧭 Checking momentum for NIFTY25N0425800CE (5 samples, every 1s):
⚙️ Checking momentum for top 2 PE candidates...

🧭 Checking momentum for NIFTY25N0425850PE (5 samples, every 1s):

🧭 Checking momentum for NIFTY25N0425800PE (5 samples, every 1s):
[NIFTY25N0425850CE] ⏱ Sample 1/5: LTP = ₹94.65
[NIFTY25N0425800CE] ⏱ Sample 1/5: LTP = ₹121.10
[NIFTY25N0425850PE] ⏱ Sample 1/5: LTP = ₹111.10
[NIFTY25N0425800PE] ⏱ Sample 1/5: LTP = ₹87.40
[NIFTY25N0425850CE] ⏱ Sample 2/5: LTP = ₹95.00
[NIFTY25N0425800CE] ⏱ Sample 2/5: LTP = ₹120.20
[NIFTY25N0425850PE] ⏱ Sample 2/5: LTP = ₹111.95
[NIFTY25N0425800PE] ⏱ Sample 2/5: LTP = ₹88.20
[NIFTY25N0425850CE] ⏱ Sample 3/5: LTP = ₹95.00
[NIFTY25N0425800CE] ⏱ Sample 3/5: LTP = ₹120.65
[NIFTY25N0425850PE] ⏱ Sample 3/5: LTP = ₹111.65
[NIFTY25N0425800PE] ⏱ Sample 3/5: LTP = ₹87.90
[NIFTY25N0425850CE] ⏱ Sample 4/5: LTP = ₹94.85
[NIFTY25N0425800CE] ⏱ Sample 4/5: LTP = ₹120.25
[NIFTY25N0425850PE] ⏱ Sample 4/5: LTP = ₹111.85
[NIFTY25N0425800PE] ⏱ Sample 4/5: LTP = ₹87.95
[NIFTY25N0425850CE] ⏱ Sample 5/5: LTP = ₹94.65
[NIFTY25N0425800CE] ⏱ Sample 5/5: LTP = ₹120.20
[NIFTY25N0425850CE] 📊 Avg Δ = -0.026%, Consistency = 50.0% → FLAT
[NIFTY25N0425850CE] 📈 Range ₹94.65 → ₹94.65

[NIFTY25N0425850PE] ⏱ Sample 5/5: LTP = ₹111.20
[NIFTY25N0425800CE] 📊 Avg Δ = -0.117%, Consistency = 50.0% → FLAT
[NIFTY25N0425800CE] 📈 Range ₹121.10 → ₹120.20

⚠️ No strong momentum found for CE (>0.25%, consistency >70%)
📊 Running momentum check for CE (NIFTY25N0425850CE)

🧭 Checking momentum for NIFTY25N0425850CE (5 samples, every 1s):
[NIFTY25N0425800PE] ⏱ Sample 5/5: LTP = ₹87.25
[NIFTY25N0425850PE] 📊 Avg Δ = 0.000%, Consistency = 50.0% → FLAT
[NIFTY25N0425850PE] 📈 Range ₹111.10 → ₹111.20

[NIFTY25N0425850CE] ⏱ Sample 1/5: LTP = ₹95.35
[NIFTY25N0425800PE] 📊 Avg Δ = -0.076%, Consistency = 50.0% → FLAT
[NIFTY25N0425800PE] 📈 Range ₹87.40 → ₹87.25

⚠️ No strong momentum found for PE (>0.3%, consistency >70%)
📊 Running momentum check for PE (NIFTY25N0425850PE)

🧭 Checking momentum for NIFTY25N0425850PE (5 samples, every 1s):
[NIFTY25N0425850PE] ⏱ Sample 1/5: LTP = ₹111.00
[NIFTY25N0425850CE] ⏱ Sample 2/5: LTP = ₹95.30
[NIFTY25N0425850PE] ⏱ Sample 2/5: LTP = ₹110.55
[NIFTY25N0425850CE] ⏱ Sample 3/5: LTP = ₹95.95
[NIFTY25N0425850PE] ⏱ Sample 3/5: LTP = ₹109.35
[NIFTY25N0425850CE] ⏱ Sample 4/5: LTP = ₹96.25
[NIFTY25N0425850PE] ⏱ Sample 4/5: LTP = ₹109.90
[NIFTY25N0425850CE] ⏱ Sample 5/5: LTP = ₹96.00
[NIFTY25N0425850CE] 📊 Avg Δ = 0.279%, Consistency = 100.0% → UP
[NIFTY25N0425850CE] 📈 Range ₹95.35 → ₹96.00

✅ Momentum for CE: {'symbol': 'NIFTY25N0425850CE', 'avg_change': np.float64(0.279), 'consistency': np.float64(100.0), 'direction': 'UP'}
🧩 Finished CE: NIFTY25N0425850CE, momentum={'symbol': 'NIFTY25N0425850CE', 'avg_change': np.float64(0.279), 'consistency': np.float64(100.0), 'direction': 'UP'}
[NIFTY25N0425850PE] ⏱ Sample 5/5: LTP = ₹109.00
[NIFTY25N0425850PE] 📊 Avg Δ = -0.401%, Consistency = 100.0% → DOWN
[NIFTY25N0425850PE] 📈 Range ₹111.00 → ₹109.00

✅ Momentum for PE: {'symbol': 'NIFTY25N0425850PE', 'avg_change': np.float64(-0.401), 'consistency': np.float64(100.0), 'direction': 'DOWN'}
🧩 Finished PE: NIFTY25N0425850PE, momentum={'symbol': 'NIFTY25N0425850PE', 'avg_change': np.float64(-0.401), 'consistency': np.float64(100.0), 'direction': 'DOWN'}
🧮 Comparing CE vs PE momentum...
📈 CE momentum: 0.279% (UP, 100.0%)
📉 PE momentum: -0.401% (DOWN, 100.0%)
✅ Selected CE (stronger momentum)
✅ Selected: NIFTY25N0425850CE (CE) | LTP=95.15 | lot_size=75 | groww_symbol=NSE-NIFTY-04Nov25-25850-CE
⚠️ Error fetching recent market direction: GrowwAPI.get_historical_candles() got an unexpected keyword argument 'trading_symbol'
Market Direction: None
❌ Skipping trade — market direction conflicts with momentum.
🔍 Detecting best option between CE and PE for NIFTY 04/11/2025…
➡️  Searching CE between 80-130
➡️  Searching PE between 80-130
⚙️ Checking momentum for top 2 CE candidates...

🧭 Checking momentum for NIFTY25N0425850CE (5 samples, every 1s):

🧭 Checking momentum for NIFTY25N0425800CE (5 samples, every 1s):
⚙️ Checking momentum for top 2 PE candidates...

🧭 Checking momentum for NIFTY25N0425850PE (5 samples, every 1s):

🧭 Checking momentum for NIFTY25N0425800PE (5 samples, every 1s):
[NIFTY25N0425850CE] ⏱ Sample 1/5: LTP = ₹95.45
[NIFTY25N0425800CE] ⏱ Sample 1/5: LTP = ₹121.40
[NIFTY25N0425850PE] ⏱ Sample 1/5: LTP = ₹111.00
[NIFTY25N0425800PE] ⏱ Sample 1/5: LTP = ₹86.50
[NIFTY25N0425850CE] ⏱ Sample 2/5: LTP = ₹96.00
[NIFTY25N0425800CE] ⏱ Sample 2/5: LTP = ₹122.35
[NIFTY25N0425850PE] ⏱ Sample 2/5: LTP = ₹109.75
[NIFTY25N0425800PE] ⏱ Sample 2/5: LTP = ₹86.40
[NIFTY25N0425850CE] ⏱ Sample 3/5: LTP = ₹96.10
[NIFTY25N0425800CE] ⏱ Sample 3/5: LTP = ₹121.90
[NIFTY25N0425850PE] ⏱ Sample 3/5: LTP = ₹110.60
[NIFTY25N0425800PE] ⏱ Sample 3/5: LTP = ₹86.50
[NIFTY25N0425850CE] ⏱ Sample 4/5: LTP = ₹96.10
[NIFTY25N0425800CE] ⏱ Sample 4/5: LTP = ₹122.00
[NIFTY25N0425850PE] ⏱ Sample 4/5: LTP = ₹110.45
[NIFTY25N0425800PE] ⏱ Sample 4/5: LTP = ₹86.65
[NIFTY25N0425850CE] ⏱ Sample 5/5: LTP = ₹95.85
[NIFTY25N0425800CE] ⏱ Sample 5/5: LTP = ₹122.00
[NIFTY25N0425850CE] 📊 Avg Δ = 0.087%, Consistency = 50.0% → FLAT
[NIFTY25N0425850CE] 📈 Range ₹95.45 → ₹95.85

[NIFTY25N0425850PE] ⏱ Sample 5/5: LTP = ₹110.70
[NIFTY25N0425800CE] 📊 Avg Δ = 0.034%, Consistency = 50.0% → FLAT
[NIFTY25N0425800CE] 📈 Range ₹121.40 → ₹122.00

⚠️ No strong momentum found for CE (>0.25%, consistency >70%)
📊 Running momentum check for CE (NIFTY25N0425850CE)

🧭 Checking momentum for NIFTY25N0425850CE (5 samples, every 1s):
[NIFTY25N0425800PE] ⏱ Sample 5/5: LTP = ₹86.70
[NIFTY25N0425850PE] 📊 Avg Δ = 0.061%, Consistency = 50.0% → FLAT
[NIFTY25N0425850PE] 📈 Range ₹111.00 → ₹110.70

[NIFTY25N0425850CE] ⏱ Sample 1/5: LTP = ₹95.95
[NIFTY25N0425800PE] 📊 Avg Δ = 0.087%, Consistency = 100.0% → FLAT
[NIFTY25N0425800PE] 📈 Range ₹86.50 → ₹86.70

⚠️ No strong momentum found for PE (>0.3%, consistency >70%)
📊 Running momentum check for PE (NIFTY25N0425850PE)

🧭 Checking momentum for NIFTY25N0425850PE (5 samples, every 1s):
[NIFTY25N0425850PE] ⏱ Sample 1/5: LTP = ₹110.10
[NIFTY25N0425850CE] ⏱ Sample 2/5: LTP = ₹96.10
[NIFTY25N0425850PE] ⏱ Sample 2/5: LTP = ₹110.25
[NIFTY25N0425850CE] ⏱ Sample 3/5: LTP = ₹95.80
[NIFTY25N0425850PE] ⏱ Sample 3/5: LTP = ₹110.30
[NIFTY25N0425850CE] ⏱ Sample 4/5: LTP = ₹96.00
[NIFTY25N0425850PE] ⏱ Sample 4/5: LTP = ₹110.70
[NIFTY25N0425850CE] ⏱ Sample 5/5: LTP = ₹95.80
[NIFTY25N0425850PE] ⏱ Sample 5/5: LTP = ₹110.95
[NIFTY25N0425850CE] 📊 Avg Δ = -0.043%, Consistency = 50.0% → FLAT
[NIFTY25N0425850CE] 📈 Range ₹95.95 → ₹95.80

✅ Momentum for CE: {'symbol': 'NIFTY25N0425850CE', 'avg_change': np.float64(-0.043), 'consistency': np.float64(50.0), 'direction': 'FLAT'}
🧩 Finished CE: NIFTY25N0425850CE, momentum={'symbol': 'NIFTY25N0425850CE', 'avg_change': np.float64(-0.043), 'consistency': np.float64(50.0), 'direction': 'FLAT'}
[NIFTY25N0425850PE] 📊 Avg Δ = 0.196%, Consistency = 100.0% → FLAT
[NIFTY25N0425850PE] 📈 Range ₹110.10 → ₹110.95

✅ Momentum for PE: {'symbol': 'NIFTY25N0425850PE', 'avg_change': np.float64(0.196), 'consistency': np.float64(100.0), 'direction': 'FLAT'}
🧩 Finished PE: NIFTY25N0425850PE, momentum={'symbol': 'NIFTY25N0425850PE', 'avg_change': np.float64(0.196), 'consistency': np.float64(100.0), 'direction': 'FLAT'}
🧮 Comparing CE vs PE momentum...
📈 CE momentum: -0.043% (FLAT, 50.0%)
📉 PE momentum: 0.196% (FLAT, 100.0%)
⚖️  Momentum similar — choosing PE fallback
✅ Selected: NIFTY25N0425850PE (PE) | LTP=110.0 | lot_size=75 | groww_symbol=NSE-NIFTY-04Nov25-25850-PE
⚠️ Error fetching recent market direction: GrowwAPI.get_historical_candles() got an unexpected keyword argument 'trading_symbol'
Market Direction: None
❌ Skipping trade — market direction conflicts with momentum.
🔍 Detecting best option between CE and PE for NIFTY 04/11/2025…
➡️  Searching CE between 80-130
➡️  Searching PE between 80-130
⚙️ Checking momentum for top 2 CE candidates...

🧭 Checking momentum for NIFTY25N0425850CE (5 samples, every 1s):

🧭 Checking momentum for NIFTY25N0425800CE (5 samples, every 1s):
⚙️ Checking momentum for top 2 PE candidates...

🧭 Checking momentum for NIFTY25N0425850PE (5 samples, every 1s):

🧭 Checking momentum for NIFTY25N0425800PE (5 samples, every 1s):
[NIFTY25N0425850CE] ⏱ Sample 1/5: LTP = ₹95.00
[NIFTY25N0425800CE] ⏱ Sample 1/5: LTP = ₹120.90
[NIFTY25N0425850PE] ⏱ Sample 1/5: LTP = ₹111.40
[NIFTY25N0425800PE] ⏱ Sample 1/5: LTP = ₹87.45
[NIFTY25N0425850CE] ⏱ Sample 2/5: LTP = ₹95.00
[NIFTY25N0425800CE] ⏱ Sample 2/5: LTP = ₹121.35
[NIFTY25N0425850PE] ⏱ Sample 2/5: LTP = ₹111.30
[NIFTY25N0425800PE] ⏱ Sample 2/5: LTP = ₹87.30
[NIFTY25N0425850CE] ⏱ Sample 3/5: LTP = ₹95.00
[NIFTY25N0425800CE] ⏱ Sample 3/5: LTP = ₹121.25
[NIFTY25N0425850PE] ⏱ Sample 3/5: LTP = ₹110.95
[NIFTY25N0425800PE] ⏱ Sample 3/5: LTP = ₹86.80
[NIFTY25N0425850CE] ⏱ Sample 4/5: LTP = ₹95.25
[NIFTY25N0425800CE] ⏱ Sample 4/5: LTP = ₹121.00
[NIFTY25N0425850PE] ⏱ Sample 4/5: LTP = ₹110.95
[NIFTY25N0425800PE] ⏱ Sample 4/5: LTP = ₹86.80
[NIFTY25N0425850CE] ⏱ Sample 5/5: LTP = ₹95.55
[NIFTY25N0425800CE] ⏱ Sample 5/5: LTP = ₹121.70
[NIFTY25N0425850CE] 📊 Avg Δ = 0.140%, Consistency = 100.0% → FLAT
[NIFTY25N0425850CE] 📈 Range ₹95.00 → ₹95.55

[NIFTY25N0425850PE] ⏱ Sample 5/5: LTP = ₹110.00
[NIFTY25N0425800CE] 📊 Avg Δ = 0.062%, Consistency = 100.0% → FLAT
[NIFTY25N0425800CE] 📈 Range ₹120.90 → ₹121.70

⚠️ No strong momentum found for CE (>0.25%, consistency >70%)
📊 Running momentum check for CE (NIFTY25N0425850CE)

🧭 Checking momentum for NIFTY25N0425850CE (5 samples, every 1s):
[NIFTY25N0425800PE] ⏱ Sample 5/5: LTP = ₹86.40
[NIFTY25N0425850PE] 📊 Avg Δ = -0.263%, Consistency = 100.0% → DOWN
[NIFTY25N0425850PE] 📈 Range ₹111.40 → ₹110.00

[NIFTY25N0425850CE] ⏱ Sample 1/5: LTP = ₹95.65
[NIFTY25N0425800PE] 📊 Avg Δ = -0.297%, Consistency = 100.0% → DOWN
[NIFTY25N0425800PE] 📈 Range ₹87.45 → ₹86.40

⚠️ No strong momentum found for PE (>0.3%, consistency >70%)
📊 Running momentum check for PE (NIFTY25N0425850PE)

🧭 Checking momentum for NIFTY25N0425850PE (5 samples, every 1s):
[NIFTY25N0425850PE] ⏱ Sample 1/5: LTP = ₹110.65
[NIFTY25N0425850CE] ⏱ Sample 2/5: LTP = ₹95.45
[NIFTY25N0425850PE] ⏱ Sample 2/5: LTP = ₹110.35
[NIFTY25N0425850CE] ⏱ Sample 3/5: LTP = ₹95.85
[NIFTY25N0425850PE] ⏱ Sample 3/5: LTP = ₹109.90
[NIFTY25N0425850CE] ⏱ Sample 4/5: LTP = ₹95.60
[NIFTY25N0425850PE] ⏱ Sample 4/5: LTP = ₹110.35
[NIFTY25N0425850CE] ⏱ Sample 5/5: LTP = ₹95.55
[NIFTY25N0425850PE] ⏱ Sample 5/5: LTP = ₹110.65
[NIFTY25N0425850CE] 📊 Avg Δ = 0.009%, Consistency = 50.0% → FLAT
[NIFTY25N0425850CE] 📈 Range ₹95.65 → ₹95.55

✅ Momentum for CE: {'symbol': 'NIFTY25N0425850CE', 'avg_change': np.float64(0.009), 'consistency': np.float64(50.0), 'direction': 'FLAT'}
🧩 Finished CE: NIFTY25N0425850CE, momentum={'symbol': 'NIFTY25N0425850CE', 'avg_change': np.float64(0.009), 'consistency': np.float64(50.0), 'direction': 'FLAT'}
[NIFTY25N0425850PE] 📊 Avg Δ = 0.000%, Consistency = 50.0% → FLAT
[NIFTY25N0425850PE] 📈 Range ₹110.65 → ₹110.65

✅ Momentum for PE: {'symbol': 'NIFTY25N0425850PE', 'avg_change': np.float64(0.0), 'consistency': np.float64(50.0), 'direction': 'FLAT'}
🧩 Finished PE: NIFTY25N0425850PE, momentum={'symbol': 'NIFTY25N0425850PE', 'avg_change': np.float64(0.0), 'consistency': np.float64(50.0), 'direction': 'FLAT'}
🧮 Comparing CE vs PE momentum...
📈 CE momentum: 0.009% (FLAT, 50.0%)
📉 PE momentum: 0.000% (FLAT, 50.0%)
⚖️  Momentum similar — choosing CE fallback
✅ Selected: NIFTY25N0425850CE (CE) | LTP=95.5 | lot_size=75 | groww_symbol=NSE-NIFTY-04Nov25-25850-CE
⚠️ Error fetching recent market direction: GrowwAPI.get_historical_candles() got an unexpected keyword argument 'trading_symbol'
Market Direction: None
❌ Skipping trade — market direction conflicts with momentum.
🔍 Detecting best option between CE and PE for NIFTY 04/11/2025…
➡️  Searching CE between 80-130➡️  Searching PE between 80-130

⚙️ Checking momentum for top 2 PE candidates...

🧭 Checking momentum for NIFTY25N0425850PE (5 samples, every 1s):

🧭 Checking momentum for NIFTY25N0425800PE (5 samples, every 1s):
⚙️ Checking momentum for top 2 CE candidates...

🧭 Checking momentum for NIFTY25N0425850CE (5 samples, every 1s):

🧭 Checking momentum for NIFTY25N0425800CE (5 samples, every 1s):
[NIFTY25N0425850PE] ⏱ Sample 1/5: LTP = ₹111.25
[NIFTY25N0425800PE] ⏱ Sample 1/5: LTP = ₹87.30
[NIFTY25N0425850CE] ⏱ Sample 1/5: LTP = ₹94.60
[NIFTY25N0425800CE] ⏱ Sample 1/5: LTP = ₹120.60
[NIFTY25N0425850PE] ⏱ Sample 2/5: LTP = ₹110.70
[NIFTY25N0425800PE] ⏱ Sample 2/5: LTP = ₹86.70
[NIFTY25N0425850CE] ⏱ Sample 2/5: LTP = ₹95.10
[NIFTY25N0425800CE] ⏱ Sample 2/5: LTP = ₹121.00
[NIFTY25N0425850PE] ⏱ Sample 3/5: LTP = ₹110.65
[NIFTY25N0425800PE] ⏱ Sample 3/5: LTP = ₹86.60
[NIFTY25N0425850CE] ⏱ Sample 3/5: LTP = ₹95.20
[NIFTY25N0425800CE] ⏱ Sample 3/5: LTP = ₹121.00
[NIFTY25N0425850PE] ⏱ Sample 4/5: LTP = ₹110.00
[NIFTY25N0425800PE] ⏱ Sample 4/5: LTP = ₹85.95
[NIFTY25N0425850CE] ⏱ Sample 4/5: LTP = ₹95.60
[NIFTY25N0425800CE] ⏱ Sample 4/5: LTP = ₹121.70
[NIFTY25N0425850PE] ⏱ Sample 5/5: LTP = ₹110.00
[NIFTY25N0425800PE] ⏱ Sample 5/5: LTP = ₹85.55
[NIFTY25N0425850PE] 📊 Avg Δ = -0.294%, Consistency = 100.0% → DOWN
[NIFTY25N0425850PE] 📈 Range ₹111.25 → ₹110.00

[NIFTY25N0425850CE] ⏱ Sample 5/5: LTP = ₹96.30
[NIFTY25N0425800PE] 📊 Avg Δ = -0.481%, Consistency = 100.0% → DOWN
[NIFTY25N0425800PE] 📈 Range ₹87.30 → ₹85.55

🏆 Selected PE: NIFTY25N0425800PE (DOWN | -0.48% | Consistency 100.0%)
📊 Running momentum check for PE (NIFTY25N0425800PE)

🧭 Checking momentum for NIFTY25N0425800PE (5 samples, every 1s):
[NIFTY25N0425800CE] ⏱ Sample 5/5: LTP = ₹122.20
[NIFTY25N0425850CE] 📊 Avg Δ = 0.385%, Consistency = 100.0% → UP
[NIFTY25N0425850CE] 📈 Range ₹94.60 → ₹96.30

[NIFTY25N0425800PE] ⏱ Sample 1/5: LTP = ₹85.95
[NIFTY25N0425800CE] 📊 Avg Δ = 0.317%, Consistency = 100.0% → UP
[NIFTY25N0425800CE] 📈 Range ₹120.60 → ₹122.20

🏆 Selected CE: NIFTY25N0425850CE (UP | 0.39% | Consistency 100.0%)
📊 Running momentum check for CE (NIFTY25N0425850CE)

🧭 Checking momentum for NIFTY25N0425850CE (5 samples, every 1s):
[NIFTY25N0425850CE] ⏱ Sample 1/5: LTP = ₹95.85
[NIFTY25N0425800PE] ⏱ Sample 2/5: LTP = ₹85.80
[NIFTY25N0425850CE] ⏱ Sample 2/5: LTP = ₹96.30
[NIFTY25N0425800PE] ⏱ Sample 3/5: LTP = ₹85.55
[NIFTY25N0425850CE] ⏱ Sample 3/5: LTP = ₹95.95
[NIFTY25N0425800PE] ⏱ Sample 4/5: LTP = ₹85.65
[NIFTY25N0425850CE] ⏱ Sample 4/5: LTP = ₹96.25
[NIFTY25N0425800PE] ⏱ Sample 5/5: LTP = ₹85.45
[NIFTY25N0425850CE] ⏱ Sample 5/5: LTP = ₹95.65
[NIFTY25N0425800PE] 📊 Avg Δ = -0.126%, Consistency = 100.0% → FLAT
[NIFTY25N0425800PE] 📈 Range ₹85.95 → ₹85.45

✅ Momentum for PE: {'symbol': 'NIFTY25N0425800PE', 'avg_change': np.float64(-0.126), 'consistency': np.float64(100.0), 'direction': 'FLAT'}
🧩 Finished PE: NIFTY25N0425800PE, momentum={'symbol': 'NIFTY25N0425800PE', 'avg_change': np.float64(-0.126), 'consistency': np.float64(100.0), 'direction': 'FLAT'}
[NIFTY25N0425850CE] 📊 Avg Δ = -0.043%, Consistency = 50.0% → FLAT
[NIFTY25N0425850CE] 📈 Range ₹95.85 → ₹95.65

✅ Momentum for CE: {'symbol': 'NIFTY25N0425850CE', 'avg_change': np.float64(-0.043), 'consistency': np.float64(50.0), 'direction': 'FLAT'}
🧩 Finished CE: NIFTY25N0425850CE, momentum={'symbol': 'NIFTY25N0425850CE', 'avg_change': np.float64(-0.043), 'consistency': np.float64(50.0), 'direction': 'FLAT'}
🧮 Comparing CE vs PE momentum...
📈 CE momentum: -0.043% (FLAT, 50.0%)
📉 PE momentum: -0.126% (FLAT, 100.0%)
⚖️  Momentum similar — choosing CE fallback
✅ Selected: NIFTY25N0425850CE (CE) | LTP=95.65 | lot_size=75 | groww_symbol=NSE-NIFTY-04Nov25-25850-CE
⚠️ Error fetching recent market direction: GrowwAPI.get_historical_candles() got an unexpected keyword argument 'trading_symbol'
Market Direction: None
❌ Skipping trade — market direction conflicts with momentum.
🔍 Detecting best option between CE and PE for NIFTY 04/11/2025…
➡️  Searching CE between 80-130➡️  Searching PE between 80-130

⚙️ Checking momentum for top 2 PE candidates...

🧭 Checking momentum for NIFTY25N0425850PE (5 samples, every 1s):

🧭 Checking momentum for NIFTY25N0425800PE (5 samples, every 1s):
[NIFTY25N0425850PE] ⏱ Sample 1/5: LTP = ₹106.10
[NIFTY25N0425800PE] ⏱ Sample 1/5: LTP = ₹82.85
[NIFTY25N0425850PE] ⏱ Sample 2/5: LTP = ₹106.70
⚙️ Checking momentum for top 2 CE candidates...

🧭 Checking momentum for NIFTY25N0425850CE (5 samples, every 1s):

🧭 Checking momentum for NIFTY25N0425800CE (5 samples, every 1s):
[NIFTY25N0425800PE] ⏱ Sample 2/5: LTP = ₹83.70
[NIFTY25N0425850CE] ⏱ Sample 1/5: LTP = ₹97.75
[NIFTY25N0425800CE] ⏱ Sample 1/5: LTP = ₹124.00
[NIFTY25N0425850PE] ⏱ Sample 3/5: LTP = ₹107.00
[NIFTY25N0425800PE] ⏱ Sample 3/5: LTP = ₹83.55
[NIFTY25N0425850CE] ⏱ Sample 2/5: LTP = ₹97.10
[NIFTY25N0425800CE] ⏱ Sample 2/5: LTP = ₹124.00
[NIFTY25N0425850PE] ⏱ Sample 4/5: LTP = ₹106.35
[NIFTY25N0425800PE] ⏱ Sample 4/5: LTP = ₹83.10
[NIFTY25N0425850CE] ⏱ Sample 3/5: LTP = ₹97.65
[NIFTY25N0425800CE] ⏱ Sample 3/5: LTP = ₹123.90
[NIFTY25N0425850PE] ⏱ Sample 5/5: LTP = ₹106.65
[NIFTY25N0425800PE] ⏱ Sample 5/5: LTP = ₹83.15
[NIFTY25N0425850PE] 📊 Avg Δ = 0.031%, Consistency = 50.0% → FLAT
[NIFTY25N0425850PE] 📈 Range ₹106.10 → ₹106.65

[NIFTY25N0425800PE] 📊 Avg Δ = -0.060%, Consistency = 50.0% → FLAT
[NIFTY25N0425800PE] 📈 Range ₹82.85 → ₹83.15

⚠️ No strong momentum found for PE (>0.3%, consistency >70%)
📊 Running momentum check for PE (NIFTY25N0425850PE)

🧭 Checking momentum for NIFTY25N0425850PE (5 samples, every 1s):
[NIFTY25N0425850CE] ⏱ Sample 4/5: LTP = ₹97.65
[NIFTY25N0425800CE] ⏱ Sample 4/5: LTP = ₹123.90
[NIFTY25N0425850PE] ⏱ Sample 1/5: LTP = ₹106.40
[NIFTY25N0425850CE] ⏱ Sample 5/5: LTP = ₹97.70
[NIFTY25N0425800CE] ⏱ Sample 5/5: LTP = ₹123.85
[NIFTY25N0425850CE] 📊 Avg Δ = 0.086%, Consistency = 50.0% → FLAT
[NIFTY25N0425850CE] 📈 Range ₹97.75 → ₹97.70

[NIFTY25N0425850PE] ⏱ Sample 2/5: LTP = ₹106.30
[NIFTY25N0425800CE] 📊 Avg Δ = -0.034%, Consistency = 100.0% → FLAT
[NIFTY25N0425800CE] 📈 Range ₹124.00 → ₹123.85

⚠️ No strong momentum found for CE (>0.25%, consistency >70%)
📊 Running momentum check for CE (NIFTY25N0425850CE)

🧭 Checking momentum for NIFTY25N0425850CE (5 samples, every 1s):
[NIFTY25N0425850CE] ⏱ Sample 1/5: LTP = ₹97.75
[NIFTY25N0425850PE] ⏱ Sample 3/5: LTP = ₹105.65
[NIFTY25N0425850CE] ⏱ Sample 2/5: LTP = ₹98.05
[NIFTY25N0425850PE] ⏱ Sample 4/5: LTP = ₹106.70
[NIFTY25N0425850CE] ⏱ Sample 3/5: LTP = ₹97.30
[NIFTY25N0425850PE] ⏱ Sample 5/5: LTP = ₹106.55
[NIFTY25N0425850CE] ⏱ Sample 4/5: LTP = ₹97.95
[NIFTY25N0425850PE] 📊 Avg Δ = 0.086%, Consistency = 100.0% → FLAT
[NIFTY25N0425850PE] 📈 Range ₹106.40 → ₹106.55

✅ Momentum for PE: {'symbol': 'NIFTY25N0425850PE', 'avg_change': np.float64(0.086), 'consistency': np.float64(100.0), 'direction': 'FLAT'}
🧩 Finished PE: NIFTY25N0425850PE, momentum={'symbol': 'NIFTY25N0425850PE', 'avg_change': np.float64(0.086), 'consistency': np.float64(100.0), 'direction': 'FLAT'}
[NIFTY25N0425850CE] ⏱ Sample 5/5: LTP = ₹97.10
[NIFTY25N0425850CE] 📊 Avg Δ = -0.128%, Consistency = 50.0% → FLAT
[NIFTY25N0425850CE] 📈 Range ₹97.75 → ₹97.10

✅ Momentum for CE: {'symbol': 'NIFTY25N0425850CE', 'avg_change': np.float64(-0.128), 'consistency': np.float64(50.0), 'direction': 'FLAT'}
🧩 Finished CE: NIFTY25N0425850CE, momentum={'symbol': 'NIFTY25N0425850CE', 'avg_change': np.float64(-0.128), 'consistency': np.float64(50.0), 'direction': 'FLAT'}
🧮 Comparing CE vs PE momentum...
📈 CE momentum: -0.128% (FLAT, 50.0%)
📉 PE momentum: 0.086% (FLAT, 100.0%)
⚖️  Momentum similar — choosing PE fallback
✅ Selected: NIFTY25N0425850PE (PE) | LTP=109.7 | lot_size=75 | groww_symbol=NSE-NIFTY-04Nov25-25850-PE
⚠️ Error fetching recent market direction: GrowwAPI.get_historical_candles() got an unexpected keyword argument 'trading_symbol'
Market Direction: None
❌ Skipping trade — market direction conflicts with momentum.
🔍 Detecting best option between CE and PE for NIFTY 04/11/2025…
➡️  Searching CE between 80-130
➡️  Searching PE between 80-130
⚙️ Checking momentum for top 2 PE candidates...

🧭 Checking momentum for NIFTY25N0425850PE (5 samples, every 1s):

🧭 Checking momentum for NIFTY25N0425800PE (5 samples, every 1s):
⚙️ Checking momentum for top 2 CE candidates...

🧭 Checking momentum for NIFTY25N0425850CE (5 samples, every 1s):

🧭 Checking momentum for NIFTY25N0425800CE (5 samples, every 1s):
[NIFTY25N0425800PE] ⏱ Sample 1/5: LTP = ₹85.85
[NIFTY25N0425850PE] ⏱ Sample 1/5: LTP = ₹110.05
[NIFTY25N0425850CE] ⏱ Sample 1/5: LTP = ₹94.85
[NIFTY25N0425800CE] ⏱ Sample 1/5: LTP = ₹120.95
[NIFTY25N0425800PE] ⏱ Sample 2/5: LTP = ₹86.00
[NIFTY25N0425850PE] ⏱ Sample 2/5: LTP = ₹109.60
[NIFTY25N0425850CE] ⏱ Sample 2/5: LTP = ₹94.65
[NIFTY25N0425800CE] ⏱ Sample 2/5: LTP = ₹120.80
[NIFTY25N0425800PE] ⏱ Sample 3/5: LTP = ₹85.55
[NIFTY25N0425850PE] ⏱ Sample 3/5: LTP = ₹109.65
[NIFTY25N0425850CE] ⏱ Sample 3/5: LTP = ₹95.25
[NIFTY25N0425800CE] ⏱ Sample 3/5: LTP = ₹120.75
[NIFTY25N0425800PE] ⏱ Sample 4/5: LTP = ₹86.15
[NIFTY25N0425850PE] ⏱ Sample 4/5: LTP = ₹110.15
[NIFTY25N0425850CE] ⏱ Sample 4/5: LTP = ₹94.45
[NIFTY25N0425800CE] ⏱ Sample 4/5: LTP = ₹120.10
[NIFTY25N0425800PE] ⏱ Sample 5/5: LTP = ₹86.15
[NIFTY25N0425850PE] ⏱ Sample 5/5: LTP = ₹110.00
[NIFTY25N0425800PE] 📊 Avg Δ = 0.087%, Consistency = 100.0% → FLAT
[NIFTY25N0425800PE] 📈 Range ₹85.85 → ₹86.15

[NIFTY25N0425850CE] ⏱ Sample 5/5: LTP = ₹94.20
[NIFTY25N0425850PE] 📊 Avg Δ = 0.076%, Consistency = 100.0% → FLAT
[NIFTY25N0425850PE] 📈 Range ₹110.05 → ₹110.00

⚠️ No strong momentum found for PE (>0.3%, consistency >70%)
📊 Running momentum check for PE (NIFTY25N0425850PE)

🧭 Checking momentum for NIFTY25N0425850PE (5 samples, every 1s):
[NIFTY25N0425800CE] ⏱ Sample 5/5: LTP = ₹119.85
[NIFTY25N0425850CE] 📊 Avg Δ = -0.149%, Consistency = 100.0% → FLAT
[NIFTY25N0425850CE] 📈 Range ₹94.85 → ₹94.20

[NIFTY25N0425850PE] ⏱ Sample 1/5: LTP = ₹110.45
[NIFTY25N0425800CE] 📊 Avg Δ = -0.249%, Consistency = 100.0% → FLAT
[NIFTY25N0425800CE] 📈 Range ₹120.95 → ₹119.85

⚠️ No strong momentum found for CE (>0.25%, consistency >70%)
📊 Running momentum check for CE (NIFTY25N0425850CE)

🧭 Checking momentum for NIFTY25N0425850CE (5 samples, every 1s):
[NIFTY25N0425850CE] ⏱ Sample 1/5: LTP = ₹94.75
[NIFTY25N0425850PE] ⏱ Sample 2/5: LTP = ₹110.10
[NIFTY25N0425850CE] ⏱ Sample 2/5: LTP = ₹94.00
[NIFTY25N0425850PE] ⏱ Sample 3/5: LTP = ₹111.20
[NIFTY25N0425850CE] ⏱ Sample 3/5: LTP = ₹93.00
[NIFTY25N0425850PE] ⏱ Sample 4/5: LTP = ₹112.90
[NIFTY25N0425850CE] ⏱ Sample 4/5: LTP = ₹92.30
[NIFTY25N0425850PE] ⏱ Sample 5/5: LTP = ₹112.75
[NIFTY25N0425850CE] ⏱ Sample 5/5: LTP = ₹92.30
[NIFTY25N0425850PE] 📊 Avg Δ = 0.766%, Consistency = 100.0% → UP
[NIFTY25N0425850PE] 📈 Range ₹110.45 → ₹112.75

✅ Momentum for PE: {'symbol': 'NIFTY25N0425850PE', 'avg_change': np.float64(0.766), 'consistency': np.float64(100.0), 'direction': 'UP'}
[NIFTY25N0425850CE] 📊 Avg Δ = -0.739%, Consistency = 100.0% → DOWN
[NIFTY25N0425850CE] 📈 Range ₹94.75 → ₹92.30

✅ Momentum for CE: {'symbol': 'NIFTY25N0425850CE', 'avg_change': np.float64(-0.739), 'consistency': np.float64(100.0), 'direction': 'DOWN'}
Traceback (most recent call last):
  File "C:\Users\HITS\eclipse-workspace\Groww_Python_Trading_Bot\groww_option_trading_final_bot.py", line 1174, in <module>
    
  File "C:\Users\HITS\eclipse-workspace\Groww_Python_Trading_Bot\groww_option_trading_final_bot.py", line 1118, in auto_mode_runner
    
  File "C:\Users\HITS\eclipse-workspace\Groww_Python_Trading_Bot\groww_option_trading_final_bot.py", line 817, in detect_option_type_parallel
    def worker(opt_type):
        ^^^^^^^^^^^^^^^^^
  File "C:\Program Files\Python312\Lib\concurrent\futures\_base.py", line 243, in as_completed
    waiter.event.wait(wait_timeout)
  File "C:\Program Files\Python312\Lib\threading.py", line 655, in wait
    signaled = self._cond.wait(timeout)
               ^^^^^^^^^^^^^^^^^^^^^^^^
  File "C:\Program Files\Python312\Lib\threading.py", line 355, in wait
    waiter.acquire()
KeyboardInterrupt
