📝 Logging started. Log file: C:\Users\HITS\eclipse-workspace\Groww_Python_Trading_Bot\logs\Groww_Bot_2025-12-15_10-01-48.log
C:\Users\HITS\eclipse-workspace\Groww_Python_Trading_Bot\instrument.csv
Ready to Groww!
eyJraWQiOiJaTUtjVXciLCJhbGciOiJFUzI1NiJ9.eyJleHAiOjE3NjU4NDUwMDAsImlhdCI6MTc2NTc3MzEwOCwibmJmIjoxNzY1NzczMTA4LCJzdWIiOiJ7XCJ0b2tlblJlZklkXCI6XCIxMTZmNWFiYi1kNGM3LTQ1ZDctYTI4MC1kY2NjZWZjNWEwYTdcIixcInZlbmRvckludGVncmF0aW9uS2V5XCI6XCJlMzFmZjIzYjA4NmI0MDZjODg3NGIyZjZkODQ5NTMxM1wiLFwidXNlckFjY291bnRJZFwiOlwiMmVlMjYyMjItN2MwNS00Y2IwLWIwM2MtNzAzYWRmNWVmN2RkXCIsXCJkZXZpY2VJZFwiOlwiNWQwYzdjODgtMGI1OS01MDU0LTk5ZTYtYWU5MzY5OTc2ZmRiXCIsXCJzZXNzaW9uSWRcIjpcIjRhYmQxNmY5LTIyNGYtNDk0MS04NGM5LTI4NWQ5OWM2MDIwN1wiLFwiYWRkaXRpb25hbERhdGFcIjpcIno1NC9NZzltdjE2WXdmb0gvS0EwYktvMDZXRlpjc241VUNmTWF5aERtNGxSTkczdTlLa2pWZDNoWjU1ZStNZERhWXBOVi9UOUxIRmtQejFFQisybTdRPT1cIixcInJvbGVcIjpcIm9yZGVyLWJhc2ljLGxpdmVfZGF0YS1iYXNpYyxub25fdHJhZGluZy1iYXNpYyxvcmRlcl9yZWFkX29ubHktYmFzaWMsYmFja190ZXN0XCIsXCJzb3VyY2VJcEFkZHJlc3NcIjpudWxsLFwidHdvRmFFeHBpcnlUc1wiOjE3NjU4NDUwMDAwMDB9IiwiaXNzIjoiYXBleC1hdXRoLXByb2QtYXBwIn0.gkS2mmjqxlU2xIixmUSGVsIizCOb8bhcHB7fTKWl0bUrYPl22vkwVFbbBMUNrG1mRnEA0a9WfDuDqL0djxld3Q
✅ Groww API Initialized Successfully
✅ Converted 'C:\Users\HITS\eclipse-workspace\Groww_Python_Trading_Bot\instrument.csv' → 'C:\Users\HITS\eclipse-workspace\Groww_Python_Trading_Bot\instrument.json'
📊 Live NIFTY Spot: 25954.8
✅ Converted 'C:\Users\HITS\eclipse-workspace\Groww_Python_Trading_Bot\instrument.csv' → 'C:\Users\HITS\eclipse-workspace\Groww_Python_Trading_Bot\instrument.json'
🎯 Filtering NIFTY 2025-12-16 instruments between 25450–26450 (Spot=25954.8)
✅ Loaded 316 filtered instruments (out of 149250)

✨ Groww NIFTY CP Bot Ready (Groww backend)
You can run in MANUAL or AUTO mode.
Manual example: Buy 14 NIFTY04NOV2525950CE at CP and Book at 1050

Choose mode: (m)anual / (a)uto / (q)uit: 
--- AUTO MODE (momentum + premium) ---
🔍 Detecting best option between CE and PE for NIFTY 2025-12-16…
➡️  Searching CE between 80-130
➡️  Searching PE between 80-130
⚙️ Checking momentum for top 1 CE candidates...

🧭 Checking momentum for NIFTY25D1625900CE (5 samples, every 1s):
⚙️ Checking momentum for top 1 PE candidates...

🧭 Checking momentum for NIFTY25D1626000PE (5 samples, every 1s):
[NIFTY25D1625900CE] ⏱ Sample 1/5: LTP = ₹106.35
[NIFTY25D1626000PE] ⏱ Sample 1/5: LTP = ₹95.70
[NIFTY25D1625900CE] ⏱ Sample 2/5: LTP = ₹106.35
[NIFTY25D1626000PE] ⏱ Sample 2/5: LTP = ₹95.45
[NIFTY25D1625900CE] ⏱ Sample 3/5: LTP = ₹106.55
[NIFTY25D1626000PE] ⏱ Sample 3/5: LTP = ₹95.30
[NIFTY25D1625900CE] ⏱ Sample 4/5: LTP = ₹106.15
[NIFTY25D1626000PE] ⏱ Sample 4/5: LTP = ₹96.25
[NIFTY25D1625900CE] ⏱ Sample 5/5: LTP = ₹105.35
[NIFTY25D1625900CE] 📊 Avg Δ = -0.188%, Consistency = 100.0% → FLAT
[NIFTY25D1625900CE] 📈 Range ₹106.35 → ₹105.35

⚠️ No strong momentum found for CE (>0.25%, consistency >70%)
📊 Running momentum check for CE (NIFTY25D1625900CE)

🧭 Checking momentum for NIFTY25D1625900CE (5 samples, every 1s):
[NIFTY25D1626000PE] ⏱ Sample 5/5: LTP = ₹96.40
[NIFTY25D1625900CE] ⏱ Sample 1/5: LTP = ₹105.05
[NIFTY25D1626000PE] 📊 Avg Δ = 0.262%, Consistency = 100.0% → UP
[NIFTY25D1626000PE] 📈 Range ₹95.70 → ₹96.40

⚠️ No strong momentum found for PE (>0.3%, consistency >70%)
📊 Running momentum check for PE (NIFTY25D1626000PE)

🧭 Checking momentum for NIFTY25D1626000PE (5 samples, every 1s):
[NIFTY25D1626000PE] ⏱ Sample 1/5: LTP = ₹95.95
[NIFTY25D1625900CE] ⏱ Sample 2/5: LTP = ₹105.65
[NIFTY25D1626000PE] ⏱ Sample 2/5: LTP = ₹96.00
[NIFTY25D1625900CE] ⏱ Sample 3/5: LTP = ₹106.00
[NIFTY25D1626000PE] ⏱ Sample 3/5: LTP = ₹96.15
[NIFTY25D1625900CE] ⏱ Sample 4/5: LTP = ₹105.35
[NIFTY25D1626000PE] ⏱ Sample 4/5: LTP = ₹97.00
[NIFTY25D1625900CE] ⏱ Sample 5/5: LTP = ₹105.00
[NIFTY25D1625900CE] 📊 Avg Δ = -0.055%, Consistency = 50.0% → FLAT
[NIFTY25D1625900CE] 📈 Range ₹105.05 → ₹105.00

✅ Momentum for CE: {'symbol': 'NIFTY25D1625900CE', 'avg_change': np.float64(-0.055), 'consistency': np.float64(50.0), 'direction': 'FLAT'}
🧩 Finished CE: NIFTY25D1625900CE, momentum={'symbol': 'NIFTY25D1625900CE', 'avg_change': np.float64(-0.055), 'consistency': np.float64(50.0), 'direction': 'FLAT'}
[NIFTY25D1626000PE] ⏱ Sample 5/5: LTP = ₹97.85
[NIFTY25D1626000PE] 📊 Avg Δ = 0.502%, Consistency = 100.0% → UP
[NIFTY25D1626000PE] 📈 Range ₹95.95 → ₹97.85

✅ Momentum for PE: {'symbol': 'NIFTY25D1626000PE', 'avg_change': np.float64(0.502), 'consistency': np.float64(100.0), 'direction': 'UP'}
🧩 Finished PE: NIFTY25D1626000PE, momentum={'symbol': 'NIFTY25D1626000PE', 'avg_change': np.float64(0.502), 'consistency': np.float64(100.0), 'direction': 'UP'}
🧮 Comparing CE vs PE momentum...
📈 CE momentum: -0.055% (FLAT, 50.0%)
📉 PE momentum: 0.502% (UP, 100.0%)
✅ Selected PE (stronger momentum)
✅ Selected: NIFTY25D1626000PE (PE) | LTP=94.7 | lot_size=75 | groww_symbol=NSE-NIFTY-16Dec25-26000-PE

🌀 Generated cURL for Groww Candle API:
curl --location 'https://api.groww.in/v1/historical/candles?exchange=NSE&segment=FNO&groww_symbol=NSE-NIFTY-16Dec25-26000-PE&start_time=2025-12-15 10:00:19&end_time=2025-12-15 10:03:19&candle_interval=1minute' \
  --header 'Accept: application/json' \
  --header 'Authorization: Bearer eyJraWQiOiJaTUtjVXciLCJhbGciOiJFUzI1NiJ9.eyJleHAiOjE3NjU4NDUwMDAsImlhdCI6MTc2NTc3MzEwOCwibmJmIjoxNzY1NzczMTA4LCJzdWIiOiJ7XCJ0b2tlblJlZklkXCI6XCIxMTZmNWFiYi1kNGM3LTQ1ZDctYTI4MC1kY2NjZWZjNWEwYTdcIixcInZlbmRvckludGVncmF0aW9uS2V5XCI6XCJlMzFmZjIzYjA4NmI0MDZjODg3NGIyZjZkODQ5NTMxM1wiLFwidXNlckFjY291bnRJZFwiOlwiMmVlMjYyMjItN2MwNS00Y2IwLWIwM2MtNzAzYWRmNWVmN2RkXCIsXCJkZXZpY2VJZFwiOlwiNWQwYzdjODgtMGI1OS01MDU0LTk5ZTYtYWU5MzY5OTc2ZmRiXCIsXCJzZXNzaW9uSWRcIjpcIjRhYmQxNmY5LTIyNGYtNDk0MS04NGM5LTI4NWQ5OWM2MDIwN1wiLFwiYWRkaXRpb25hbERhdGFcIjpcIno1NC9NZzltdjE2WXdmb0gvS0EwYktvMDZXRlpjc241VUNmTWF5aERtNGxSTkczdTlLa2pWZDNoWjU1ZStNZERhWXBOVi9UOUxIRmtQejFFQisybTdRPT1cIixcInJvbGVcIjpcIm9yZGVyLWJhc2ljLGxpdmVfZGF0YS1iYXNpYyxub25fdHJhZGluZy1iYXNpYyxvcmRlcl9yZWFkX29ubHktYmFzaWMsYmFja190ZXN0XCIsXCJzb3VyY2VJcEFkZHJlc3NcIjpudWxsLFwidHdvRmFFeHBpcnlUc1wiOjE3NjU4NDUwMDAwMDB9IiwiaXNzIjoiYXBleC1hdXRoLXByb2QtYXBwIn0.gkS2mmjqxlU2xIixmUSGVsIizCOb8bhcHB7fTKWl0bUrYPl22vkwVFbbBMUNrG1mRnEA0a9WfDuDqL0djxld3Q' \
  --header 'X-API-VERSION: 1.0'

📊 3-min candle trend → PE (O1=97.25, C3=97.6)
Market Direction: PE
✅ Market direction CONFIRMS momentum → proceeding with order.
➡️ Placing auto order: {'symbol': 'NIFTY25D1626000PE', 'ltp': 94.7, 'lots': 14, 'book_profit': 1050.0, 'lot_size': 75, 'side': 'BUY'} ====== [2025-12-15 10:03:20]
🔹 Auto order => NIFTY25D1626000PE, qty=1050, book@1050.0 ====== [2025-12-15 10:03:21]
💰 LTP for NSE_NIFTY25D1626000PE: ₹98.0 ====== [2025-12-15 10:03:21]
✅ Auto Buy placed: :{'groww_order_id': 'GMKFO251215100321T5FDML51S847', 'order_status': 'NEW', 'order_reference_id': '75944885', 'remark': None} ======= [2025-12-15 10:03:22]
📈 Trailing started...
🔼 New High: ₹98.75
🔼 New High: ₹99.3
🔼 New High: ₹99.95
📉 Trail Active | LTP=99.95 | Exit=99.2
🔼 New High: ₹100.5
📉 Trail Active | LTP=100.5 | Exit=99.75
🔼 New High: ₹101.2
📉 Trail Active | LTP=101.2 | Exit=100.45
📉 Trail Active | LTP=101.2 | Exit=100.45
🔼 New High: ₹102.1
📉 Trail Active | LTP=102.1 | Exit=101.35
🔼 New High: ₹102.4
📉 Trail Active | LTP=102.4 | Exit=101.65
🔼 New High: ₹102.7
📉 Trail Active | LTP=102.7 | Exit=101.95
📉 Trail Active | LTP=102.5 | Exit=101.95
📉 Trail Active | LTP=101.5 | Exit=101.95
🔻 Trailing HIT @ 101.5
Waiting for 1 min to get another data.
🔍 Detecting best option between CE and PE for NIFTY 2025-12-16…
➡️  Searching CE between 80-130
➡️  Searching PE between 80-130
⚠️ Error fetching LTP for NIFTY25D1625450CE: HTTPSConnectionPool(host='api.groww.in', port=443): Read timed out. (read timeout=10)
⚙️ Checking momentum for top 1 CE candidates...

🧭 Checking momentum for NIFTY25D1625900CE (5 samples, every 1s):
⚙️ Checking momentum for top 1 PE candidates...

🧭 Checking momentum for NIFTY25D1626000PE (5 samples, every 1s):
[NIFTY25D1625900CE] ⏱ Sample 1/5: LTP = ₹103.70
[NIFTY25D1626000PE] ⏱ Sample 1/5: LTP = ₹98.30
[NIFTY25D1625900CE] ⏱ Sample 2/5: LTP = ₹104.50
[NIFTY25D1626000PE] ⏱ Sample 2/5: LTP = ₹97.15
[NIFTY25D1625900CE] ⏱ Sample 3/5: LTP = ₹103.65
[NIFTY25D1626000PE] ⏱ Sample 3/5: LTP = ₹98.30
[NIFTY25D1625900CE] ⏱ Sample 4/5: LTP = ₹103.10
[NIFTY25D1626000PE] ⏱ Sample 4/5: LTP = ₹98.20
[NIFTY25D1625900CE] ⏱ Sample 5/5: LTP = ₹103.00
[NIFTY25D1626000PE] ⏱ Sample 5/5: LTP = ₹98.70
[NIFTY25D1625900CE] 📊 Avg Δ = -0.337%, Consistency = 100.0% → DOWN
[NIFTY25D1625900CE] 📈 Range ₹103.70 → ₹103.00

🏆 Selected CE: NIFTY25D1625900CE (DOWN | -0.34% | Consistency 100.0%)
📊 Running momentum check for CE (NIFTY25D1625900CE)

🧭 Checking momentum for NIFTY25D1625900CE (5 samples, every 1s):
[NIFTY25D1625900CE] ⏱ Sample 1/5: LTP = ₹102.25
[NIFTY25D1626000PE] 📊 Avg Δ = 0.247%, Consistency = 50.0% → FLAT
[NIFTY25D1626000PE] 📈 Range ₹98.30 → ₹98.70

⚠️ No strong momentum found for PE (>0.3%, consistency >70%)
📊 Running momentum check for PE (NIFTY25D1626000PE)

🧭 Checking momentum for NIFTY25D1626000PE (5 samples, every 1s):
[NIFTY25D1626000PE] ⏱ Sample 1/5: LTP = ₹99.55
[NIFTY25D1625900CE] ⏱ Sample 2/5: LTP = ₹102.05
[NIFTY25D1626000PE] ⏱ Sample 2/5: LTP = ₹99.55
[NIFTY25D1625900CE] ⏱ Sample 3/5: LTP = ₹102.60
[NIFTY25D1626000PE] ⏱ Sample 3/5: LTP = ₹99.30
[NIFTY25D1625900CE] ⏱ Sample 4/5: LTP = ₹102.25
[NIFTY25D1626000PE] ⏱ Sample 4/5: LTP = ₹99.70
[NIFTY25D1625900CE] ⏱ Sample 5/5: LTP = ₹102.45
[NIFTY25D1626000PE] ⏱ Sample 5/5: LTP = ₹100.45
[NIFTY25D1625900CE] 📊 Avg Δ = 0.065%, Consistency = 100.0% → FLAT
[NIFTY25D1625900CE] 📈 Range ₹102.25 → ₹102.45

✅ Momentum for CE: {'symbol': 'NIFTY25D1625900CE', 'avg_change': np.float64(0.065), 'consistency': np.float64(100.0), 'direction': 'FLAT'}
🧩 Finished CE: NIFTY25D1625900CE, momentum={'symbol': 'NIFTY25D1625900CE', 'avg_change': np.float64(0.065), 'consistency': np.float64(100.0), 'direction': 'FLAT'}
[NIFTY25D1626000PE] 📊 Avg Δ = 0.176%, Consistency = 100.0% → FLAT
[NIFTY25D1626000PE] 📈 Range ₹99.55 → ₹100.45

✅ Momentum for PE: {'symbol': 'NIFTY25D1626000PE', 'avg_change': np.float64(0.176), 'consistency': np.float64(100.0), 'direction': 'FLAT'}
🧩 Finished PE: NIFTY25D1626000PE, momentum={'symbol': 'NIFTY25D1626000PE', 'avg_change': np.float64(0.176), 'consistency': np.float64(100.0), 'direction': 'FLAT'}
🧮 Comparing CE vs PE momentum...
📈 CE momentum: 0.065% (FLAT, 100.0%)
📉 PE momentum: 0.176% (FLAT, 100.0%)
⚖️  Momentum similar — choosing PE fallback
✅ Selected: NIFTY25D1626000PE (PE) | LTP=98.1 | lot_size=75 | groww_symbol=NSE-NIFTY-16Dec25-26000-PE

🌀 Generated cURL for Groww Candle API:
curl --location 'https://api.groww.in/v1/historical/candles?exchange=NSE&segment=FNO&groww_symbol=NSE-NIFTY-16Dec25-26000-PE&start_time=2025-12-15 10:02:44&end_time=2025-12-15 10:05:44&candle_interval=1minute' \
  --header 'Accept: application/json' \
  --header 'Authorization: Bearer eyJraWQiOiJaTUtjVXciLCJhbGciOiJFUzI1NiJ9.eyJleHAiOjE3NjU4NDUwMDAsImlhdCI6MTc2NTc3MzEwOCwibmJmIjoxNzY1NzczMTA4LCJzdWIiOiJ7XCJ0b2tlblJlZklkXCI6XCIxMTZmNWFiYi1kNGM3LTQ1ZDctYTI4MC1kY2NjZWZjNWEwYTdcIixcInZlbmRvckludGVncmF0aW9uS2V5XCI6XCJlMzFmZjIzYjA4NmI0MDZjODg3NGIyZjZkODQ5NTMxM1wiLFwidXNlckFjY291bnRJZFwiOlwiMmVlMjYyMjItN2MwNS00Y2IwLWIwM2MtNzAzYWRmNWVmN2RkXCIsXCJkZXZpY2VJZFwiOlwiNWQwYzdjODgtMGI1OS01MDU0LTk5ZTYtYWU5MzY5OTc2ZmRiXCIsXCJzZXNzaW9uSWRcIjpcIjRhYmQxNmY5LTIyNGYtNDk0MS04NGM5LTI4NWQ5OWM2MDIwN1wiLFwiYWRkaXRpb25hbERhdGFcIjpcIno1NC9NZzltdjE2WXdmb0gvS0EwYktvMDZXRlpjc241VUNmTWF5aERtNGxSTkczdTlLa2pWZDNoWjU1ZStNZERhWXBOVi9UOUxIRmtQejFFQisybTdRPT1cIixcInJvbGVcIjpcIm9yZGVyLWJhc2ljLGxpdmVfZGF0YS1iYXNpYyxub25fdHJhZGluZy1iYXNpYyxvcmRlcl9yZWFkX29ubHktYmFzaWMsYmFja190ZXN0XCIsXCJzb3VyY2VJcEFkZHJlc3NcIjpudWxsLFwidHdvRmFFeHBpcnlUc1wiOjE3NjU4NDUwMDAwMDB9IiwiaXNzIjoiYXBleC1hdXRoLXByb2QtYXBwIn0.gkS2mmjqxlU2xIixmUSGVsIizCOb8bhcHB7fTKWl0bUrYPl22vkwVFbbBMUNrG1mRnEA0a9WfDuDqL0djxld3Q' \
  --header 'X-API-VERSION: 1.0'

📊 3-min candle trend → PE (O1=95.3, C3=101.8)
Market Direction: PE
✅ Market direction CONFIRMS momentum → proceeding with order.
➡️ Placing auto order: {'symbol': 'NIFTY25D1626000PE', 'ltp': 98.1, 'lots': 14, 'book_profit': 1050.0, 'lot_size': 75, 'side': 'BUY'} ====== [2025-12-15 10:05:44]
🔹 Auto order => NIFTY25D1626000PE, qty=1050, book@1050.0 ====== [2025-12-15 10:05:45]
💰 LTP for NSE_NIFTY25D1626000PE: ₹103.6 ====== [2025-12-15 10:05:46]
✅ Auto Buy placed: :{'groww_order_id': 'GMKFO25121510054691SQLARPC2YA', 'order_status': 'NEW', 'order_reference_id': '65505401', 'remark': None} ======= [2025-12-15 10:05:47]
📈 Trailing started...
🛑 HARD SL HIT @ 97.25
Waiting for 1 min to get another data.
🔍 Detecting best option between CE and PE for NIFTY 2025-12-16…
➡️  Searching CE between 80-130
➡️  Searching PE between 80-130
⚠️ Error fetching LTP for NIFTY25D1626150PE: HTTPSConnectionPool(host='api.groww.in', port=443): Read timed out. (read timeout=10)
⚠️ Error fetching LTP for NIFTY25D1625800PE: HTTPSConnectionPool(host='api.groww.in', port=443): Read timed out. (read timeout=10)
⚙️ Checking momentum for top 1 CE candidates...

🧭 Checking momentum for NIFTY25D1625900CE (5 samples, every 1s):
⚙️ Checking momentum for top 1 PE candidates...

🧭 Checking momentum for NIFTY25D1626000PE (5 samples, every 1s):
[NIFTY25D1625900CE] ⏱ Sample 1/5: LTP = ₹106.90
[NIFTY25D1626000PE] ⏱ Sample 1/5: LTP = ₹94.30
[NIFTY25D1625900CE] ⏱ Sample 2/5: LTP = ₹107.10
[NIFTY25D1626000PE] ⏱ Sample 2/5: LTP = ₹93.50
[NIFTY25D1625900CE] ⏱ Sample 3/5: LTP = ₹108.00
[NIFTY25D1626000PE] ⏱ Sample 3/5: LTP = ₹93.40
[NIFTY25D1625900CE] ⏱ Sample 4/5: LTP = ₹108.10
[NIFTY25D1626000PE] ⏱ Sample 4/5: LTP = ₹93.15
[NIFTY25D1625900CE] ⏱ Sample 5/5: LTP = ₹108.50
[NIFTY25D1626000PE] ⏱ Sample 5/5: LTP = ₹92.90
[NIFTY25D1625900CE] 📊 Avg Δ = 0.403%, Consistency = 100.0% → UP
[NIFTY25D1625900CE] 📈 Range ₹106.90 → ₹108.50

🏆 Selected CE: NIFTY25D1625900CE (UP | 0.40% | Consistency 100.0%)
📊 Running momentum check for CE (NIFTY25D1625900CE)

🧭 Checking momentum for NIFTY25D1625900CE (5 samples, every 1s):
[NIFTY25D1625900CE] ⏱ Sample 1/5: LTP = ₹108.25
[NIFTY25D1626000PE] 📊 Avg Δ = -0.312%, Consistency = 100.0% → DOWN
[NIFTY25D1626000PE] 📈 Range ₹94.30 → ₹92.90

🏆 Selected PE: NIFTY25D1626000PE (DOWN | -0.31% | Consistency 100.0%)
📊 Running momentum check for PE (NIFTY25D1626000PE)

🧭 Checking momentum for NIFTY25D1626000PE (5 samples, every 1s):
[NIFTY25D1626000PE] ⏱ Sample 1/5: LTP = ₹93.75
[NIFTY25D1625900CE] ⏱ Sample 2/5: LTP = ₹107.20
[NIFTY25D1626000PE] ⏱ Sample 2/5: LTP = ₹95.00
[NIFTY25D1625900CE] ⏱ Sample 3/5: LTP = ₹105.20
[NIFTY25D1626000PE] ⏱ Sample 3/5: LTP = ₹95.40
[NIFTY25D1625900CE] ⏱ Sample 4/5: LTP = ₹105.85
[NIFTY25D1626000PE] ⏱ Sample 4/5: LTP = ₹94.20
[NIFTY25D1625900CE] ⏱ Sample 5/5: LTP = ₹106.45
[NIFTY25D1626000PE] ⏱ Sample 5/5: LTP = ₹94.50
[NIFTY25D1625900CE] 📊 Avg Δ = -0.492%, Consistency = 100.0% → DOWN
[NIFTY25D1625900CE] 📈 Range ₹108.25 → ₹106.45

✅ Momentum for CE: {'symbol': 'NIFTY25D1625900CE', 'avg_change': np.float64(-0.492), 'consistency': np.float64(100.0), 'direction': 'DOWN'}
🧩 Finished CE: NIFTY25D1625900CE, momentum={'symbol': 'NIFTY25D1625900CE', 'avg_change': np.float64(-0.492), 'consistency': np.float64(100.0), 'direction': 'DOWN'}
[NIFTY25D1626000PE] 📊 Avg Δ = -0.009%, Consistency = 50.0% → FLAT
[NIFTY25D1626000PE] 📈 Range ₹93.75 → ₹94.50

✅ Momentum for PE: {'symbol': 'NIFTY25D1626000PE', 'avg_change': np.float64(-0.009), 'consistency': np.float64(50.0), 'direction': 'FLAT'}
🧩 Finished PE: NIFTY25D1626000PE, momentum={'symbol': 'NIFTY25D1626000PE', 'avg_change': np.float64(-0.009), 'consistency': np.float64(50.0), 'direction': 'FLAT'}
🧮 Comparing CE vs PE momentum...
📈 CE momentum: -0.492% (DOWN, 100.0%)
📉 PE momentum: -0.009% (FLAT, 50.0%)
⚖️  Momentum similar — choosing PE fallback
✅ Selected: NIFTY25D1626000PE (PE) | LTP=92.65 | lot_size=75 | groww_symbol=NSE-NIFTY-16Dec25-26000-PE

🌀 Generated cURL for Groww Candle API:
curl --location 'https://api.groww.in/v1/historical/candles?exchange=NSE&segment=FNO&groww_symbol=NSE-NIFTY-16Dec25-26000-PE&start_time=2025-12-15 10:06:19&end_time=2025-12-15 10:09:19&candle_interval=1minute' \
  --header 'Accept: application/json' \
  --header 'Authorization: Bearer eyJraWQiOiJaTUtjVXciLCJhbGciOiJFUzI1NiJ9.eyJleHAiOjE3NjU4NDUwMDAsImlhdCI6MTc2NTc3MzEwOCwibmJmIjoxNzY1NzczMTA4LCJzdWIiOiJ7XCJ0b2tlblJlZklkXCI6XCIxMTZmNWFiYi1kNGM3LTQ1ZDctYTI4MC1kY2NjZWZjNWEwYTdcIixcInZlbmRvckludGVncmF0aW9uS2V5XCI6XCJlMzFmZjIzYjA4NmI0MDZjODg3NGIyZjZkODQ5NTMxM1wiLFwidXNlckFjY291bnRJZFwiOlwiMmVlMjYyMjItN2MwNS00Y2IwLWIwM2MtNzAzYWRmNWVmN2RkXCIsXCJkZXZpY2VJZFwiOlwiNWQwYzdjODgtMGI1OS01MDU0LTk5ZTYtYWU5MzY5OTc2ZmRiXCIsXCJzZXNzaW9uSWRcIjpcIjRhYmQxNmY5LTIyNGYtNDk0MS04NGM5LTI4NWQ5OWM2MDIwN1wiLFwiYWRkaXRpb25hbERhdGFcIjpcIno1NC9NZzltdjE2WXdmb0gvS0EwYktvMDZXRlpjc241VUNmTWF5aERtNGxSTkczdTlLa2pWZDNoWjU1ZStNZERhWXBOVi9UOUxIRmtQejFFQisybTdRPT1cIixcInJvbGVcIjpcIm9yZGVyLWJhc2ljLGxpdmVfZGF0YS1iYXNpYyxub25fdHJhZGluZy1iYXNpYyxvcmRlcl9yZWFkX29ubHktYmFzaWMsYmFja190ZXN0XCIsXCJzb3VyY2VJcEFkZHJlc3NcIjpudWxsLFwidHdvRmFFeHBpcnlUc1wiOjE3NjU4NDUwMDAwMDB9IiwiaXNzIjoiYXBleC1hdXRoLXByb2QtYXBwIn0.gkS2mmjqxlU2xIixmUSGVsIizCOb8bhcHB7fTKWl0bUrYPl22vkwVFbbBMUNrG1mRnEA0a9WfDuDqL0djxld3Q' \
  --header 'X-API-VERSION: 1.0'

📊 3-min candle trend → CE (O1=97.4, C3=94.35)
Market Direction: CE
❌ Skipping trade — market direction conflicts with momentum.
Waiting for 3 mins to get another data.
🔍 Detecting best option between CE and PE for NIFTY 2025-12-16…
➡️  Searching CE between 80-130
➡️  Searching PE between 80-130
⚙️ Checking momentum for top 1 CE candidates...

🧭 Checking momentum for NIFTY25D1625900CE (5 samples, every 1s):
[NIFTY25D1625900CE] ⏱ Sample 1/5: LTP = ₹104.65
⚙️ Checking momentum for top 1 PE candidates...

🧭 Checking momentum for NIFTY25D1626000PE (5 samples, every 1s):
[NIFTY25D1625900CE] ⏱ Sample 2/5: LTP = ₹104.85
[NIFTY25D1626000PE] ⏱ Sample 1/5: LTP = ₹95.75
[NIFTY25D1625900CE] ⏱ Sample 3/5: LTP = ₹104.50
[NIFTY25D1626000PE] ⏱ Sample 2/5: LTP = ₹95.80
[NIFTY25D1625900CE] ⏱ Sample 4/5: LTP = ₹104.90
[NIFTY25D1626000PE] ⏱ Sample 3/5: LTP = ₹95.55
[NIFTY25D1625900CE] ⏱ Sample 5/5: LTP = ₹105.70
[NIFTY25D1625900CE] 📊 Avg Δ = 0.175%, Consistency = 100.0% → FLAT
[NIFTY25D1625900CE] 📈 Range ₹104.65 → ₹105.70

⚠️ No strong momentum found for CE (>0.25%, consistency >70%)
📊 Running momentum check for CE (NIFTY25D1625900CE)

🧭 Checking momentum for NIFTY25D1625900CE (5 samples, every 1s):
[NIFTY25D1626000PE] ⏱ Sample 4/5: LTP = ₹93.95
[NIFTY25D1625900CE] ⏱ Sample 1/5: LTP = ₹105.85
[NIFTY25D1626000PE] ⏱ Sample 5/5: LTP = ₹96.90
[NIFTY25D1625900CE] ⏱ Sample 2/5: LTP = ₹103.55
[NIFTY25D1626000PE] 📊 Avg Δ = -0.121%, Consistency = 50.0% → FLAT
[NIFTY25D1626000PE] 📈 Range ₹95.75 → ₹96.90

⚠️ No strong momentum found for PE (>0.3%, consistency >70%)
📊 Running momentum check for PE (NIFTY25D1626000PE)

🧭 Checking momentum for NIFTY25D1626000PE (5 samples, every 1s):
[NIFTY25D1626000PE] ⏱ Sample 1/5: LTP = ₹96.50
[NIFTY25D1625900CE] ⏱ Sample 3/5: LTP = ₹104.75
[NIFTY25D1626000PE] ⏱ Sample 2/5: LTP = ₹95.80
[NIFTY25D1625900CE] ⏱ Sample 4/5: LTP = ₹105.30
[NIFTY25D1626000PE] ⏱ Sample 3/5: LTP = ₹94.40
[NIFTY25D1625900CE] ⏱ Sample 5/5: LTP = ₹106.50
[NIFTY25D1625900CE] 📊 Avg Δ = 0.383%, Consistency = 50.0% → FLAT
[NIFTY25D1625900CE] 📈 Range ₹105.85 → ₹106.50

✅ Momentum for CE: {'symbol': 'NIFTY25D1625900CE', 'avg_change': np.float64(0.383), 'consistency': np.float64(50.0), 'direction': 'FLAT'}
🧩 Finished CE: NIFTY25D1625900CE, momentum={'symbol': 'NIFTY25D1625900CE', 'avg_change': np.float64(0.383), 'consistency': np.float64(50.0), 'direction': 'FLAT'}
[NIFTY25D1626000PE] ⏱ Sample 4/5: LTP = ₹93.80
[NIFTY25D1626000PE] ⏱ Sample 5/5: LTP = ₹93.80
[NIFTY25D1626000PE] 📊 Avg Δ = -0.823%, Consistency = 100.0% → DOWN
[NIFTY25D1626000PE] 📈 Range ₹96.50 → ₹93.80

✅ Momentum for PE: {'symbol': 'NIFTY25D1626000PE', 'avg_change': np.float64(-0.823), 'consistency': np.float64(100.0), 'direction': 'DOWN'}
🧩 Finished PE: NIFTY25D1626000PE, momentum={'symbol': 'NIFTY25D1626000PE', 'avg_change': np.float64(-0.823), 'consistency': np.float64(100.0), 'direction': 'DOWN'}
🧮 Comparing CE vs PE momentum...
📈 CE momentum: 0.383% (FLAT, 50.0%)
📉 PE momentum: -0.823% (DOWN, 100.0%)
✅ Selected CE (stronger momentum)
✅ Selected: NIFTY25D1625900CE (CE) | LTP=100.9 | lot_size=75 | groww_symbol=NSE-NIFTY-16Dec25-25900-CE

🌀 Generated cURL for Groww Candle API:
curl --location 'https://api.groww.in/v1/historical/candles?exchange=NSE&segment=FNO&groww_symbol=NSE-NIFTY-16Dec25-25900-CE&start_time=2025-12-15 10:10:21&end_time=2025-12-15 10:13:21&candle_interval=1minute' \
  --header 'Accept: application/json' \
  --header 'Authorization: Bearer eyJraWQiOiJaTUtjVXciLCJhbGciOiJFUzI1NiJ9.eyJleHAiOjE3NjU4NDUwMDAsImlhdCI6MTc2NTc3MzEwOCwibmJmIjoxNzY1NzczMTA4LCJzdWIiOiJ7XCJ0b2tlblJlZklkXCI6XCIxMTZmNWFiYi1kNGM3LTQ1ZDctYTI4MC1kY2NjZWZjNWEwYTdcIixcInZlbmRvckludGVncmF0aW9uS2V5XCI6XCJlMzFmZjIzYjA4NmI0MDZjODg3NGIyZjZkODQ5NTMxM1wiLFwidXNlckFjY291bnRJZFwiOlwiMmVlMjYyMjItN2MwNS00Y2IwLWIwM2MtNzAzYWRmNWVmN2RkXCIsXCJkZXZpY2VJZFwiOlwiNWQwYzdjODgtMGI1OS01MDU0LTk5ZTYtYWU5MzY5OTc2ZmRiXCIsXCJzZXNzaW9uSWRcIjpcIjRhYmQxNmY5LTIyNGYtNDk0MS04NGM5LTI4NWQ5OWM2MDIwN1wiLFwiYWRkaXRpb25hbERhdGFcIjpcIno1NC9NZzltdjE2WXdmb0gvS0EwYktvMDZXRlpjc241VUNmTWF5aERtNGxSTkczdTlLa2pWZDNoWjU1ZStNZERhWXBOVi9UOUxIRmtQejFFQisybTdRPT1cIixcInJvbGVcIjpcIm9yZGVyLWJhc2ljLGxpdmVfZGF0YS1iYXNpYyxub25fdHJhZGluZy1iYXNpYyxvcmRlcl9yZWFkX29ubHktYmFzaWMsYmFja190ZXN0XCIsXCJzb3VyY2VJcEFkZHJlc3NcIjpudWxsLFwidHdvRmFFeHBpcnlUc1wiOjE3NjU4NDUwMDAwMDB9IiwiaXNzIjoiYXBleC1hdXRoLXByb2QtYXBwIn0.gkS2mmjqxlU2xIixmUSGVsIizCOb8bhcHB7fTKWl0bUrYPl22vkwVFbbBMUNrG1mRnEA0a9WfDuDqL0djxld3Q' \
  --header 'X-API-VERSION: 1.0'

📊 3-min candle trend → CE (O1=99.3, C3=108.25)
Market Direction: CE
✅ Market direction CONFIRMS momentum → proceeding with order.
➡️ Placing auto order: {'symbol': 'NIFTY25D1625900CE', 'ltp': 100.9, 'lots': 14, 'book_profit': 1050.0, 'lot_size': 75, 'side': 'BUY'} ====== [2025-12-15 10:13:28]
🔹 Auto order => NIFTY25D1625900CE, qty=1050, book@1050.0 ====== [2025-12-15 10:13:30]
💰 LTP for NSE_NIFTY25D1625900CE: ₹107.05 ====== [2025-12-15 10:13:31]
✅ Auto Buy placed: :{'groww_order_id': 'GMKFO251215101332SR33AJM8SW03', 'order_status': 'NEW', 'order_reference_id': '69834175', 'remark': None} ======= [2025-12-15 10:13:33]
📈 Trailing started...
🔼 New High: ₹107.4
🔼 New High: ₹107.75
🔼 New High: ₹108.25
🔼 New High: ₹108.3
🔼 New High: ₹108.65
📉 Trail Active | LTP=108.65 | Exit=107.9
📉 Trail Active | LTP=108.3 | Exit=107.9
🔼 New High: ₹108.85
📉 Trail Active | LTP=108.85 | Exit=108.1
🔼 New High: ₹113.05
📉 Trail Active | LTP=113.05 | Exit=112.3
🔼 New High: ₹113.45
📉 Trail Active | LTP=113.45 | Exit=112.7
🔼 New High: ₹113.5
📉 Trail Active | LTP=113.5 | Exit=112.75
📉 Trail Active | LTP=113.3 | Exit=112.75
🔼 New High: ₹114.2
📉 Trail Active | LTP=114.2 | Exit=113.45
📉 Trail Active | LTP=112.6 | Exit=113.45
🔻 Trailing HIT @ 112.6
Waiting for 1 min to get another data.
🔍 Detecting best option between CE and PE for NIFTY 2025-12-16…
➡️  Searching CE between 80-130
➡️  Searching PE between 80-130
⚠️ Error fetching LTP for NIFTY25D1625500PE: HTTPSConnectionPool(host='api.groww.in', port=443): Read timed out. (read timeout=10)
⚙️ Checking momentum for top 1 CE candidates...

🧭 Checking momentum for NIFTY25D1625900CE (5 samples, every 1s):
⚙️ Checking momentum for top 1 PE candidates...

🧭 Checking momentum for NIFTY25D1626000PE (5 samples, every 1s):
[NIFTY25D1625900CE] ⏱ Sample 1/5: LTP = ₹110.20
[NIFTY25D1626000PE] ⏱ Sample 1/5: LTP = ₹90.70
[NIFTY25D1625900CE] ⏱ Sample 2/5: LTP = ₹110.60
[NIFTY25D1626000PE] ⏱ Sample 2/5: LTP = ₹90.30
[NIFTY25D1625900CE] ⏱ Sample 3/5: LTP = ₹111.00
[NIFTY25D1626000PE] ⏱ Sample 3/5: LTP = ₹90.05
[NIFTY25D1625900CE] ⏱ Sample 4/5: LTP = ₹111.20
[NIFTY25D1626000PE] ⏱ Sample 4/5: LTP = ₹89.85
[NIFTY25D1625900CE] ⏱ Sample 5/5: LTP = ₹112.00
[NIFTY25D1626000PE] ⏱ Sample 5/5: LTP = ₹89.40
[NIFTY25D1625900CE] 📊 Avg Δ = 0.361%, Consistency = 100.0% → UP
[NIFTY25D1625900CE] 📈 Range ₹110.20 → ₹112.00

🏆 Selected CE: NIFTY25D1625900CE (UP | 0.36% | Consistency 100.0%)
📊 Running momentum check for CE (NIFTY25D1625900CE)

🧭 Checking momentum for NIFTY25D1625900CE (5 samples, every 1s):
[NIFTY25D1625900CE] ⏱ Sample 1/5: LTP = ₹111.25
[NIFTY25D1626000PE] 📊 Avg Δ = -0.323%, Consistency = 100.0% → DOWN
[NIFTY25D1626000PE] 📈 Range ₹90.70 → ₹89.40

🏆 Selected PE: NIFTY25D1626000PE (DOWN | -0.32% | Consistency 100.0%)
📊 Running momentum check for PE (NIFTY25D1626000PE)

🧭 Checking momentum for NIFTY25D1626000PE (5 samples, every 1s):
[NIFTY25D1626000PE] ⏱ Sample 1/5: LTP = ₹90.25
[NIFTY25D1625900CE] ⏱ Sample 2/5: LTP = ₹111.40
[NIFTY25D1626000PE] ⏱ Sample 2/5: LTP = ₹90.10
[NIFTY25D1625900CE] ⏱ Sample 3/5: LTP = ₹110.65
[NIFTY25D1626000PE] ⏱ Sample 3/5: LTP = ₹90.65
[NIFTY25D1625900CE] ⏱ Sample 4/5: LTP = ₹111.20
[NIFTY25D1626000PE] ⏱ Sample 4/5: LTP = ₹90.65
[NIFTY25D1625900CE] ⏱ Sample 5/5: LTP = ₹111.05
[NIFTY25D1625900CE] 📊 Avg Δ = -0.060%, Consistency = 100.0% → FLAT
[NIFTY25D1625900CE] 📈 Range ₹111.25 → ₹111.05

✅ Momentum for CE: {'symbol': 'NIFTY25D1625900CE', 'avg_change': np.float64(-0.06), 'consistency': np.float64(100.0), 'direction': 'FLAT'}
🧩 Finished CE: NIFTY25D1625900CE, momentum={'symbol': 'NIFTY25D1625900CE', 'avg_change': np.float64(-0.06), 'consistency': np.float64(100.0), 'direction': 'FLAT'}
[NIFTY25D1626000PE] ⏱ Sample 5/5: LTP = ₹90.55
[NIFTY25D1626000PE] 📊 Avg Δ = 0.157%, Consistency = 100.0% → FLAT
[NIFTY25D1626000PE] 📈 Range ₹90.25 → ₹90.55

✅ Momentum for PE: {'symbol': 'NIFTY25D1626000PE', 'avg_change': np.float64(0.157), 'consistency': np.float64(100.0), 'direction': 'FLAT'}
🧩 Finished PE: NIFTY25D1626000PE, momentum={'symbol': 'NIFTY25D1626000PE', 'avg_change': np.float64(0.157), 'consistency': np.float64(100.0), 'direction': 'FLAT'}
🧮 Comparing CE vs PE momentum...
📈 CE momentum: -0.060% (FLAT, 100.0%)
📉 PE momentum: 0.157% (FLAT, 100.0%)
⚖️  Momentum similar — choosing PE fallback
✅ Selected: NIFTY25D1626000PE (PE) | LTP=93.9 | lot_size=75 | groww_symbol=NSE-NIFTY-16Dec25-26000-PE

🌀 Generated cURL for Groww Candle API:
curl --location 'https://api.groww.in/v1/historical/candles?exchange=NSE&segment=FNO&groww_symbol=NSE-NIFTY-16Dec25-26000-PE&start_time=2025-12-15 10:13:48&end_time=2025-12-15 10:16:48&candle_interval=1minute' \
  --header 'Accept: application/json' \
  --header 'Authorization: Bearer eyJraWQiOiJaTUtjVXciLCJhbGciOiJFUzI1NiJ9.eyJleHAiOjE3NjU4NDUwMDAsImlhdCI6MTc2NTc3MzEwOCwibmJmIjoxNzY1NzczMTA4LCJzdWIiOiJ7XCJ0b2tlblJlZklkXCI6XCIxMTZmNWFiYi1kNGM3LTQ1ZDctYTI4MC1kY2NjZWZjNWEwYTdcIixcInZlbmRvckludGVncmF0aW9uS2V5XCI6XCJlMzFmZjIzYjA4NmI0MDZjODg3NGIyZjZkODQ5NTMxM1wiLFwidXNlckFjY291bnRJZFwiOlwiMmVlMjYyMjItN2MwNS00Y2IwLWIwM2MtNzAzYWRmNWVmN2RkXCIsXCJkZXZpY2VJZFwiOlwiNWQwYzdjODgtMGI1OS01MDU0LTk5ZTYtYWU5MzY5OTc2ZmRiXCIsXCJzZXNzaW9uSWRcIjpcIjRhYmQxNmY5LTIyNGYtNDk0MS04NGM5LTI4NWQ5OWM2MDIwN1wiLFwiYWRkaXRpb25hbERhdGFcIjpcIno1NC9NZzltdjE2WXdmb0gvS0EwYktvMDZXRlpjc241VUNmTWF5aERtNGxSTkczdTlLa2pWZDNoWjU1ZStNZERhWXBOVi9UOUxIRmtQejFFQisybTdRPT1cIixcInJvbGVcIjpcIm9yZGVyLWJhc2ljLGxpdmVfZGF0YS1iYXNpYyxub25fdHJhZGluZy1iYXNpYyxvcmRlcl9yZWFkX29ubHktYmFzaWMsYmFja190ZXN0XCIsXCJzb3VyY2VJcEFkZHJlc3NcIjpudWxsLFwidHdvRmFFeHBpcnlUc1wiOjE3NjU4NDUwMDAwMDB9IiwiaXNzIjoiYXBleC1hdXRoLXByb2QtYXBwIn0.gkS2mmjqxlU2xIixmUSGVsIizCOb8bhcHB7fTKWl0bUrYPl22vkwVFbbBMUNrG1mRnEA0a9WfDuDqL0djxld3Q' \
  --header 'X-API-VERSION: 1.0'

📊 3-min candle trend → CE (O1=94.55, C3=89.95)
Market Direction: CE
❌ Skipping trade — market direction conflicts with momentum.
Waiting for 3 mins to get another data.
🔍 Detecting best option between CE and PE for NIFTY 2025-12-16…
➡️  Searching CE between 80-130
➡️  Searching PE between 80-130
⚙️ Checking momentum for top 1 CE candidates...

🧭 Checking momentum for NIFTY25D1625900CE (5 samples, every 1s):
⚙️ Checking momentum for top 1 PE candidates...

🧭 Checking momentum for NIFTY25D1626000PE (5 samples, every 1s):
[NIFTY25D1625900CE] ⏱ Sample 1/5: LTP = ₹109.95
[NIFTY25D1626000PE] ⏱ Sample 1/5: LTP = ₹90.10
[NIFTY25D1625900CE] ⏱ Sample 2/5: LTP = ₹110.15
[NIFTY25D1626000PE] ⏱ Sample 2/5: LTP = ₹89.15
[NIFTY25D1625900CE] ⏱ Sample 3/5: LTP = ₹110.45
[NIFTY25D1626000PE] ⏱ Sample 3/5: LTP = ₹89.50
[NIFTY25D1625900CE] ⏱ Sample 4/5: LTP = ₹110.60
[NIFTY25D1626000PE] ⏱ Sample 4/5: LTP = ₹89.35
[NIFTY25D1625900CE] ⏱ Sample 5/5: LTP = ₹110.55
[NIFTY25D1625900CE] 📊 Avg Δ = 0.159%, Consistency = 100.0% → FLAT
[NIFTY25D1625900CE] 📈 Range ₹109.95 → ₹110.55

⚠️ No strong momentum found for CE (>0.25%, consistency >70%)
📊 Running momentum check for CE (NIFTY25D1625900CE)

🧭 Checking momentum for NIFTY25D1625900CE (5 samples, every 1s):
[NIFTY25D1626000PE] ⏱ Sample 5/5: LTP = ₹89.40
[NIFTY25D1625900CE] ⏱ Sample 1/5: LTP = ₹110.25
[NIFTY25D1626000PE] 📊 Avg Δ = -0.093%, Consistency = 50.0% → FLAT
[NIFTY25D1626000PE] 📈 Range ₹90.10 → ₹89.40

⚠️ No strong momentum found for PE (>0.3%, consistency >70%)
📊 Running momentum check for PE (NIFTY25D1626000PE)

🧭 Checking momentum for NIFTY25D1626000PE (5 samples, every 1s):
[NIFTY25D1626000PE] ⏱ Sample 1/5: LTP = ₹89.30
[NIFTY25D1625900CE] ⏱ Sample 2/5: LTP = ₹110.25
[NIFTY25D1626000PE] ⏱ Sample 2/5: LTP = ₹89.50
[NIFTY25D1625900CE] ⏱ Sample 3/5: LTP = ₹110.75
[NIFTY25D1626000PE] ⏱ Sample 3/5: LTP = ₹89.70
[NIFTY25D1625900CE] ⏱ Sample 4/5: LTP = ₹110.15
[NIFTY25D1626000PE] ⏱ Sample 4/5: LTP = ₹89.80
[NIFTY25D1625900CE] ⏱ Sample 5/5: LTP = ₹109.75
[NIFTY25D1626000PE] ⏱ Sample 5/5: LTP = ₹90.05
[NIFTY25D1625900CE] 📊 Avg Δ = -0.091%, Consistency = 100.0% → FLAT
[NIFTY25D1625900CE] 📈 Range ₹110.25 → ₹109.75

✅ Momentum for CE: {'symbol': 'NIFTY25D1625900CE', 'avg_change': np.float64(-0.091), 'consistency': np.float64(100.0), 'direction': 'FLAT'}
🧩 Finished CE: NIFTY25D1625900CE, momentum={'symbol': 'NIFTY25D1625900CE', 'avg_change': np.float64(-0.091), 'consistency': np.float64(100.0), 'direction': 'FLAT'}
[NIFTY25D1626000PE] 📊 Avg Δ = 0.195%, Consistency = 100.0% → FLAT
[NIFTY25D1626000PE] 📈 Range ₹89.30 → ₹90.05

✅ Momentum for PE: {'symbol': 'NIFTY25D1626000PE', 'avg_change': np.float64(0.195), 'consistency': np.float64(100.0), 'direction': 'FLAT'}
🧩 Finished PE: NIFTY25D1626000PE, momentum={'symbol': 'NIFTY25D1626000PE', 'avg_change': np.float64(0.195), 'consistency': np.float64(100.0), 'direction': 'FLAT'}
🧮 Comparing CE vs PE momentum...
📈 CE momentum: -0.091% (FLAT, 100.0%)
📉 PE momentum: 0.195% (FLAT, 100.0%)
✅ Selected PE (stronger momentum)
✅ Selected: NIFTY25D1626000PE (PE) | LTP=89.35 | lot_size=75 | groww_symbol=NSE-NIFTY-16Dec25-26000-PE

🌀 Generated cURL for Groww Candle API:
curl --location 'https://api.groww.in/v1/historical/candles?exchange=NSE&segment=FNO&groww_symbol=NSE-NIFTY-16Dec25-26000-PE&start_time=2025-12-15 10:17:45&end_time=2025-12-15 10:20:45&candle_interval=1minute' \
  --header 'Accept: application/json' \
  --header 'Authorization: Bearer eyJraWQiOiJaTUtjVXciLCJhbGciOiJFUzI1NiJ9.eyJleHAiOjE3NjU4NDUwMDAsImlhdCI6MTc2NTc3MzEwOCwibmJmIjoxNzY1NzczMTA4LCJzdWIiOiJ7XCJ0b2tlblJlZklkXCI6XCIxMTZmNWFiYi1kNGM3LTQ1ZDctYTI4MC1kY2NjZWZjNWEwYTdcIixcInZlbmRvckludGVncmF0aW9uS2V5XCI6XCJlMzFmZjIzYjA4NmI0MDZjODg3NGIyZjZkODQ5NTMxM1wiLFwidXNlckFjY291bnRJZFwiOlwiMmVlMjYyMjItN2MwNS00Y2IwLWIwM2MtNzAzYWRmNWVmN2RkXCIsXCJkZXZpY2VJZFwiOlwiNWQwYzdjODgtMGI1OS01MDU0LTk5ZTYtYWU5MzY5OTc2ZmRiXCIsXCJzZXNzaW9uSWRcIjpcIjRhYmQxNmY5LTIyNGYtNDk0MS04NGM5LTI4NWQ5OWM2MDIwN1wiLFwiYWRkaXRpb25hbERhdGFcIjpcIno1NC9NZzltdjE2WXdmb0gvS0EwYktvMDZXRlpjc241VUNmTWF5aERtNGxSTkczdTlLa2pWZDNoWjU1ZStNZERhWXBOVi9UOUxIRmtQejFFQisybTdRPT1cIixcInJvbGVcIjpcIm9yZGVyLWJhc2ljLGxpdmVfZGF0YS1iYXNpYyxub25fdHJhZGluZy1iYXNpYyxvcmRlcl9yZWFkX29ubHktYmFzaWMsYmFja190ZXN0XCIsXCJzb3VyY2VJcEFkZHJlc3NcIjpudWxsLFwidHdvRmFFeHBpcnlUc1wiOjE3NjU4NDUwMDAwMDB9IiwiaXNzIjoiYXBleC1hdXRoLXByb2QtYXBwIn0.gkS2mmjqxlU2xIixmUSGVsIizCOb8bhcHB7fTKWl0bUrYPl22vkwVFbbBMUNrG1mRnEA0a9WfDuDqL0djxld3Q' \
  --header 'X-API-VERSION: 1.0'

📊 3-min candle trend → CE (O1=92.45, C3=90.05)
Market Direction: CE
❌ Skipping trade — market direction conflicts with momentum.
Waiting for 3 mins to get another data.
🔍 Detecting best option between CE and PE for NIFTY 2025-12-16…
➡️  Searching CE between 80-130
➡️  Searching PE between 80-130
⚙️ Checking momentum for top 1 CE candidates...

🧭 Checking momentum for NIFTY25D1625900CE (5 samples, every 1s):
⚙️ Checking momentum for top 1 PE candidates...

🧭 Checking momentum for NIFTY25D1626000PE (5 samples, every 1s):
[NIFTY25D1625900CE] ⏱ Sample 1/5: LTP = ₹108.15
[NIFTY25D1626000PE] ⏱ Sample 1/5: LTP = ₹90.65
[NIFTY25D1625900CE] ⏱ Sample 2/5: LTP = ₹108.10
[NIFTY25D1626000PE] ⏱ Sample 2/5: LTP = ₹90.95
[NIFTY25D1625900CE] ⏱ Sample 3/5: LTP = ₹107.65
[NIFTY25D1626000PE] ⏱ Sample 3/5: LTP = ₹90.95
[NIFTY25D1625900CE] ⏱ Sample 4/5: LTP = ₹107.20
[NIFTY25D1626000PE] ⏱ Sample 4/5: LTP = ₹91.00
[NIFTY25D1625900CE] ⏱ Sample 5/5: LTP = ₹106.95
[NIFTY25D1626000PE] ⏱ Sample 5/5: LTP = ₹91.25
[NIFTY25D1625900CE] 📊 Avg Δ = -0.325%, Consistency = 100.0% → DOWN
[NIFTY25D1625900CE] 📈 Range ₹108.15 → ₹106.95

🏆 Selected CE: NIFTY25D1625900CE (DOWN | -0.33% | Consistency 100.0%)
📊 Running momentum check for CE (NIFTY25D1625900CE)

🧭 Checking momentum for NIFTY25D1625900CE (5 samples, every 1s):
[NIFTY25D1625900CE] ⏱ Sample 1/5: LTP = ₹106.85
[NIFTY25D1626000PE] 📊 Avg Δ = 0.119%, Consistency = 100.0% → FLAT
[NIFTY25D1626000PE] 📈 Range ₹90.65 → ₹91.25

⚠️ No strong momentum found for PE (>0.3%, consistency >70%)
📊 Running momentum check for PE (NIFTY25D1626000PE)

🧭 Checking momentum for NIFTY25D1626000PE (5 samples, every 1s):
[NIFTY25D1626000PE] ⏱ Sample 1/5: LTP = ₹90.70
[NIFTY25D1625900CE] ⏱ Sample 2/5: LTP = ₹107.70
[NIFTY25D1626000PE] ⏱ Sample 2/5: LTP = ₹89.75
[NIFTY25D1625900CE] ⏱ Sample 3/5: LTP = ₹108.50
[NIFTY25D1626000PE] ⏱ Sample 3/5: LTP = ₹91.20
[NIFTY25D1625900CE] ⏱ Sample 4/5: LTP = ₹107.35
[NIFTY25D1626000PE] ⏱ Sample 4/5: LTP = ₹91.10
[NIFTY25D1625900CE] ⏱ Sample 5/5: LTP = ₹107.60
[NIFTY25D1626000PE] ⏱ Sample 5/5: LTP = ₹90.95
[NIFTY25D1625900CE] 📊 Avg Δ = 0.062%, Consistency = 50.0% → FLAT
[NIFTY25D1625900CE] 📈 Range ₹106.85 → ₹107.60

✅ Momentum for CE: {'symbol': 'NIFTY25D1625900CE', 'avg_change': np.float64(0.062), 'consistency': np.float64(50.0), 'direction': 'FLAT'}
🧩 Finished CE: NIFTY25D1625900CE, momentum={'symbol': 'NIFTY25D1625900CE', 'avg_change': np.float64(0.062), 'consistency': np.float64(50.0), 'direction': 'FLAT'}
[NIFTY25D1626000PE] 📊 Avg Δ = 0.294%, Consistency = 100.0% → UP
[NIFTY25D1626000PE] 📈 Range ₹90.70 → ₹90.95

✅ Momentum for PE: {'symbol': 'NIFTY25D1626000PE', 'avg_change': np.float64(0.294), 'consistency': np.float64(100.0), 'direction': 'UP'}
🧩 Finished PE: NIFTY25D1626000PE, momentum={'symbol': 'NIFTY25D1626000PE', 'avg_change': np.float64(0.294), 'consistency': np.float64(100.0), 'direction': 'UP'}
🧮 Comparing CE vs PE momentum...
📈 CE momentum: 0.062% (FLAT, 50.0%)
📉 PE momentum: 0.294% (UP, 100.0%)
⚖️  Momentum similar — choosing PE fallback
✅ Selected: NIFTY25D1626000PE (PE) | LTP=90.0 | lot_size=75 | groww_symbol=NSE-NIFTY-16Dec25-26000-PE

🌀 Generated cURL for Groww Candle API:
curl --location 'https://api.groww.in/v1/historical/candles?exchange=NSE&segment=FNO&groww_symbol=NSE-NIFTY-16Dec25-26000-PE&start_time=2025-12-15 10:21:34&end_time=2025-12-15 10:24:34&candle_interval=1minute' \
  --header 'Accept: application/json' \
  --header 'Authorization: Bearer eyJraWQiOiJaTUtjVXciLCJhbGciOiJFUzI1NiJ9.eyJleHAiOjE3NjU4NDUwMDAsImlhdCI6MTc2NTc3MzEwOCwibmJmIjoxNzY1NzczMTA4LCJzdWIiOiJ7XCJ0b2tlblJlZklkXCI6XCIxMTZmNWFiYi1kNGM3LTQ1ZDctYTI4MC1kY2NjZWZjNWEwYTdcIixcInZlbmRvckludGVncmF0aW9uS2V5XCI6XCJlMzFmZjIzYjA4NmI0MDZjODg3NGIyZjZkODQ5NTMxM1wiLFwidXNlckFjY291bnRJZFwiOlwiMmVlMjYyMjItN2MwNS00Y2IwLWIwM2MtNzAzYWRmNWVmN2RkXCIsXCJkZXZpY2VJZFwiOlwiNWQwYzdjODgtMGI1OS01MDU0LTk5ZTYtYWU5MzY5OTc2ZmRiXCIsXCJzZXNzaW9uSWRcIjpcIjRhYmQxNmY5LTIyNGYtNDk0MS04NGM5LTI4NWQ5OWM2MDIwN1wiLFwiYWRkaXRpb25hbERhdGFcIjpcIno1NC9NZzltdjE2WXdmb0gvS0EwYktvMDZXRlpjc241VUNmTWF5aERtNGxSTkczdTlLa2pWZDNoWjU1ZStNZERhWXBOVi9UOUxIRmtQejFFQisybTdRPT1cIixcInJvbGVcIjpcIm9yZGVyLWJhc2ljLGxpdmVfZGF0YS1iYXNpYyxub25fdHJhZGluZy1iYXNpYyxvcmRlcl9yZWFkX29ubHktYmFzaWMsYmFja190ZXN0XCIsXCJzb3VyY2VJcEFkZHJlc3NcIjpudWxsLFwidHdvRmFFeHBpcnlUc1wiOjE3NjU4NDUwMDAwMDB9IiwiaXNzIjoiYXBleC1hdXRoLXByb2QtYXBwIn0.gkS2mmjqxlU2xIixmUSGVsIizCOb8bhcHB7fTKWl0bUrYPl22vkwVFbbBMUNrG1mRnEA0a9WfDuDqL0djxld3Q' \
  --header 'X-API-VERSION: 1.0'

📊 3-min candle trend → PE (O1=88.8, C3=90.95)
Market Direction: PE
✅ Market direction CONFIRMS momentum → proceeding with order.
➡️ Placing auto order: {'symbol': 'NIFTY25D1626000PE', 'ltp': 90.0, 'lots': 14, 'book_profit': 1050.0, 'lot_size': 75, 'side': 'BUY'} ====== [2025-12-15 10:24:36]
🔹 Auto order => NIFTY25D1626000PE, qty=1050, book@1050.0 ====== [2025-12-15 10:24:36]
💰 LTP for NSE_NIFTY25D1626000PE: ₹91.25 ====== [2025-12-15 10:24:37]
✅ Auto Buy placed: :{'groww_order_id': 'GMKFO251215102437T2IR97XTIHME', 'order_status': 'NEW', 'order_reference_id': '40297816', 'remark': None} ======= [2025-12-15 10:24:38]
📈 Trailing started...
🔼 New High: ₹93.5
📉 Trail Active | LTP=93.5 | Exit=92.75
🔼 New High: ₹93.65
📉 Trail Active | LTP=93.65 | Exit=92.9
📉 Trail Active | LTP=93.35 | Exit=92.9
📉 Trail Active | LTP=93.45 | Exit=92.9
📉 Trail Active | LTP=92.85 | Exit=92.9
🔻 Trailing HIT @ 92.85
Waiting for 1 min to get another data.
🔍 Detecting best option between CE and PE for NIFTY 2025-12-16…
➡️  Searching CE between 80-130
➡️  Searching PE between 80-130
⚙️ Checking momentum for top 1 CE candidates...

🧭 Checking momentum for NIFTY25D1625900CE (5 samples, every 1s):
⚙️ Checking momentum for top 1 PE candidates...

🧭 Checking momentum for NIFTY25D1626000PE (5 samples, every 1s):
[NIFTY25D1625900CE] ⏱ Sample 1/5: LTP = ₹115.45
[NIFTY25D1626000PE] ⏱ Sample 1/5: LTP = ₹83.20
[NIFTY25D1625900CE] ⏱ Sample 2/5: LTP = ₹115.30
[NIFTY25D1626000PE] ⏱ Sample 2/5: LTP = ₹84.75
[NIFTY25D1625900CE] ⏱ Sample 3/5: LTP = ₹113.45
[NIFTY25D1626000PE] ⏱ Sample 3/5: LTP = ₹84.85
[NIFTY25D1625900CE] ⏱ Sample 4/5: LTP = ₹114.10
[NIFTY25D1626000PE] ⏱ Sample 4/5: LTP = ₹83.50
[NIFTY25D1625900CE] ⏱ Sample 5/5: LTP = ₹114.60
[NIFTY25D1626000PE] ⏱ Sample 5/5: LTP = ₹84.25
[NIFTY25D1625900CE] 📊 Avg Δ = -0.298%, Consistency = 100.0% → DOWN
[NIFTY25D1625900CE] 📈 Range ₹115.45 → ₹114.60

🏆 Selected CE: NIFTY25D1625900CE (DOWN | -0.30% | Consistency 100.0%)
📊 Running momentum check for CE (NIFTY25D1625900CE)

🧭 Checking momentum for NIFTY25D1625900CE (5 samples, every 1s):
[NIFTY25D1625900CE] ⏱ Sample 1/5: LTP = ₹113.80
[NIFTY25D1626000PE] 📊 Avg Δ = -0.039%, Consistency = 50.0% → FLAT
[NIFTY25D1626000PE] 📈 Range ₹83.20 → ₹84.25

⚠️ No strong momentum found for PE (>0.3%, consistency >70%)
📊 Running momentum check for PE (NIFTY25D1626000PE)

🧭 Checking momentum for NIFTY25D1626000PE (5 samples, every 1s):
[NIFTY25D1626000PE] ⏱ Sample 1/5: LTP = ₹85.55
[NIFTY25D1625900CE] ⏱ Sample 2/5: LTP = ₹112.35
[NIFTY25D1626000PE] ⏱ Sample 2/5: LTP = ₹85.50
[NIFTY25D1625900CE] ⏱ Sample 3/5: LTP = ₹112.50
[NIFTY25D1626000PE] ⏱ Sample 3/5: LTP = ₹86.80
[NIFTY25D1625900CE] ⏱ Sample 4/5: LTP = ₹110.20
[NIFTY25D1626000PE] ⏱ Sample 4/5: LTP = ₹86.75
[NIFTY25D1625900CE] ⏱ Sample 5/5: LTP = ₹110.50
[NIFTY25D1625900CE] 📊 Avg Δ = -0.808%, Consistency = 100.0% → DOWN
[NIFTY25D1625900CE] 📈 Range ₹113.80 → ₹110.50

✅ Momentum for CE: {'symbol': 'NIFTY25D1625900CE', 'avg_change': np.float64(-0.808), 'consistency': np.float64(100.0), 'direction': 'DOWN'}
🧩 Finished CE: NIFTY25D1625900CE, momentum={'symbol': 'NIFTY25D1625900CE', 'avg_change': np.float64(-0.808), 'consistency': np.float64(100.0), 'direction': 'DOWN'}
[NIFTY25D1626000PE] ⏱ Sample 5/5: LTP = ₹86.95
[NIFTY25D1626000PE] 📊 Avg Δ = 0.513%, Consistency = 100.0% → UP
[NIFTY25D1626000PE] 📈 Range ₹85.55 → ₹86.95

✅ Momentum for PE: {'symbol': 'NIFTY25D1626000PE', 'avg_change': np.float64(0.513), 'consistency': np.float64(100.0), 'direction': 'UP'}
🧩 Finished PE: NIFTY25D1626000PE, momentum={'symbol': 'NIFTY25D1626000PE', 'avg_change': np.float64(0.513), 'consistency': np.float64(100.0), 'direction': 'UP'}
🧮 Comparing CE vs PE momentum...
📈 CE momentum: -0.808% (DOWN, 100.0%)
📉 PE momentum: 0.513% (UP, 100.0%)
✅ Selected PE (stronger momentum)
✅ Selected: NIFTY25D1626000PE (PE) | LTP=86.25 | lot_size=75 | groww_symbol=NSE-NIFTY-16Dec25-26000-PE

🌀 Generated cURL for Groww Candle API:
curl --location 'https://api.groww.in/v1/historical/candles?exchange=NSE&segment=FNO&groww_symbol=NSE-NIFTY-16Dec25-26000-PE&start_time=2025-12-15 10:24:05&end_time=2025-12-15 10:27:05&candle_interval=1minute' \
  --header 'Accept: application/json' \
  --header 'Authorization: Bearer eyJraWQiOiJaTUtjVXciLCJhbGciOiJFUzI1NiJ9.eyJleHAiOjE3NjU4NDUwMDAsImlhdCI6MTc2NTc3MzEwOCwibmJmIjoxNzY1NzczMTA4LCJzdWIiOiJ7XCJ0b2tlblJlZklkXCI6XCIxMTZmNWFiYi1kNGM3LTQ1ZDctYTI4MC1kY2NjZWZjNWEwYTdcIixcInZlbmRvckludGVncmF0aW9uS2V5XCI6XCJlMzFmZjIzYjA4NmI0MDZjODg3NGIyZjZkODQ5NTMxM1wiLFwidXNlckFjY291bnRJZFwiOlwiMmVlMjYyMjItN2MwNS00Y2IwLWIwM2MtNzAzYWRmNWVmN2RkXCIsXCJkZXZpY2VJZFwiOlwiNWQwYzdjODgtMGI1OS01MDU0LTk5ZTYtYWU5MzY5OTc2ZmRiXCIsXCJzZXNzaW9uSWRcIjpcIjRhYmQxNmY5LTIyNGYtNDk0MS04NGM5LTI4NWQ5OWM2MDIwN1wiLFwiYWRkaXRpb25hbERhdGFcIjpcIno1NC9NZzltdjE2WXdmb0gvS0EwYktvMDZXRlpjc241VUNmTWF5aERtNGxSTkczdTlLa2pWZDNoWjU1ZStNZERhWXBOVi9UOUxIRmtQejFFQisybTdRPT1cIixcInJvbGVcIjpcIm9yZGVyLWJhc2ljLGxpdmVfZGF0YS1iYXNpYyxub25fdHJhZGluZy1iYXNpYyxvcmRlcl9yZWFkX29ubHktYmFzaWMsYmFja190ZXN0XCIsXCJzb3VyY2VJcEFkZHJlc3NcIjpudWxsLFwidHdvRmFFeHBpcnlUc1wiOjE3NjU4NDUwMDAwMDB9IiwiaXNzIjoiYXBleC1hdXRoLXByb2QtYXBwIn0.gkS2mmjqxlU2xIixmUSGVsIizCOb8bhcHB7fTKWl0bUrYPl22vkwVFbbBMUNrG1mRnEA0a9WfDuDqL0djxld3Q' \
  --header 'X-API-VERSION: 1.0'

📊 3-min candle trend → CE (O1=90.9, C3=87.0)
Market Direction: CE
❌ Skipping trade — market direction conflicts with momentum.
Waiting for 3 mins to get another data.
🔍 Detecting best option between CE and PE for NIFTY 2025-12-16…
➡️  Searching CE between 80-130
➡️  Searching PE between 80-130
⚙️ Checking momentum for top 1 CE candidates...

🧭 Checking momentum for NIFTY25D1625950CE (5 samples, every 1s):
⚙️ Checking momentum for top 2 PE candidates...

🧭 Checking momentum for NIFTY25D1626050PE (5 samples, every 1s):

🧭 Checking momentum for NIFTY25D1626000PE (5 samples, every 1s):
[NIFTY25D1625950CE] ⏱ Sample 1/5: LTP = ₹84.50
[NIFTY25D1626050PE] ⏱ Sample 1/5: LTP = ₹111.10
[NIFTY25D1626000PE] ⏱ Sample 1/5: LTP = ₹81.35
[NIFTY25D1625950CE] ⏱ Sample 2/5: LTP = ₹84.55
[NIFTY25D1626050PE] ⏱ Sample 2/5: LTP = ₹111.60
[NIFTY25D1626000PE] ⏱ Sample 2/5: LTP = ₹82.05
[NIFTY25D1625950CE] ⏱ Sample 3/5: LTP = ₹84.00
[NIFTY25D1626050PE] ⏱ Sample 3/5: LTP = ₹112.50
[NIFTY25D1626000PE] ⏱ Sample 3/5: LTP = ₹82.35
[NIFTY25D1625950CE] ⏱ Sample 4/5: LTP = ₹83.85
[NIFTY25D1626050PE] ⏱ Sample 4/5: LTP = ₹112.00
[NIFTY25D1626000PE] ⏱ Sample 4/5: LTP = ₹82.35
[NIFTY25D1625950CE] ⏱ Sample 5/5: LTP = ₹83.25
[NIFTY25D1626050PE] ⏱ Sample 5/5: LTP = ₹112.15
[NIFTY25D1625950CE] 📊 Avg Δ = -0.386%, Consistency = 100.0% → DOWN
[NIFTY25D1625950CE] 📈 Range ₹84.50 → ₹83.25

🏆 Selected CE: NIFTY25D1625950CE (DOWN | -0.39% | Consistency 100.0%)
📊 Running momentum check for CE (NIFTY25D1625950CE)

🧭 Checking momentum for NIFTY25D1625950CE (5 samples, every 1s):
[NIFTY25D1626000PE] ⏱ Sample 5/5: LTP = ₹82.00
[NIFTY25D1626050PE] 📊 Avg Δ = 0.216%, Consistency = 100.0% → FLAT
[NIFTY25D1626050PE] 📈 Range ₹111.10 → ₹112.15

[NIFTY25D1625950CE] ⏱ Sample 1/5: LTP = ₹83.45
[NIFTY25D1626000PE] 📊 Avg Δ = 0.193%, Consistency = 50.0% → FLAT
[NIFTY25D1626000PE] 📈 Range ₹81.35 → ₹82.00

⚠️ No strong momentum found for PE (>0.3%, consistency >70%)
📊 Running momentum check for PE (NIFTY25D1626050PE)

🧭 Checking momentum for NIFTY25D1626050PE (5 samples, every 1s):
[NIFTY25D1626050PE] ⏱ Sample 1/5: LTP = ₹112.35
[NIFTY25D1625950CE] ⏱ Sample 2/5: LTP = ₹83.60
[NIFTY25D1626050PE] ⏱ Sample 2/5: LTP = ₹112.25
[NIFTY25D1625950CE] ⏱ Sample 3/5: LTP = ₹83.55
[NIFTY25D1626050PE] ⏱ Sample 3/5: LTP = ₹112.95
[NIFTY25D1625950CE] ⏱ Sample 4/5: LTP = ₹83.25
[NIFTY25D1626050PE] ⏱ Sample 4/5: LTP = ₹112.45
[NIFTY25D1625950CE] ⏱ Sample 5/5: LTP = ₹83.15
[NIFTY25D1626050PE] ⏱ Sample 5/5: LTP = ₹112.50
[NIFTY25D1625950CE] 📊 Avg Δ = -0.130%, Consistency = 100.0% → FLAT
[NIFTY25D1625950CE] 📈 Range ₹83.45 → ₹83.15

✅ Momentum for CE: {'symbol': 'NIFTY25D1625950CE', 'avg_change': np.float64(-0.13), 'consistency': np.float64(100.0), 'direction': 'FLAT'}
🧩 Finished CE: NIFTY25D1625950CE, momentum={'symbol': 'NIFTY25D1625950CE', 'avg_change': np.float64(-0.13), 'consistency': np.float64(100.0), 'direction': 'FLAT'}
[NIFTY25D1626050PE] 📊 Avg Δ = 0.052%, Consistency = 100.0% → FLAT
[NIFTY25D1626050PE] 📈 Range ₹112.35 → ₹112.50

✅ Momentum for PE: {'symbol': 'NIFTY25D1626050PE', 'avg_change': np.float64(0.052), 'consistency': np.float64(100.0), 'direction': 'FLAT'}
🧩 Finished PE: NIFTY25D1626050PE, momentum={'symbol': 'NIFTY25D1626050PE', 'avg_change': np.float64(0.052), 'consistency': np.float64(100.0), 'direction': 'FLAT'}
🧮 Comparing CE vs PE momentum...
📈 CE momentum: -0.130% (FLAT, 100.0%)
📉 PE momentum: 0.052% (FLAT, 100.0%)
⚖️  Momentum similar — choosing PE fallback
✅ Selected: NIFTY25D1626050PE (PE) | LTP=110.6 | lot_size=75 | groww_symbol=NSE-NIFTY-16Dec25-26050-PE

🌀 Generated cURL for Groww Candle API:
curl --location 'https://api.groww.in/v1/historical/candles?exchange=NSE&segment=FNO&groww_symbol=NSE-NIFTY-16Dec25-26050-PE&start_time=2025-12-15 10:28:00&end_time=2025-12-15 10:31:00&candle_interval=1minute' \
  --header 'Accept: application/json' \
  --header 'Authorization: Bearer eyJraWQiOiJaTUtjVXciLCJhbGciOiJFUzI1NiJ9.eyJleHAiOjE3NjU4NDUwMDAsImlhdCI6MTc2NTc3MzEwOCwibmJmIjoxNzY1NzczMTA4LCJzdWIiOiJ7XCJ0b2tlblJlZklkXCI6XCIxMTZmNWFiYi1kNGM3LTQ1ZDctYTI4MC1kY2NjZWZjNWEwYTdcIixcInZlbmRvckludGVncmF0aW9uS2V5XCI6XCJlMzFmZjIzYjA4NmI0MDZjODg3NGIyZjZkODQ5NTMxM1wiLFwidXNlckFjY291bnRJZFwiOlwiMmVlMjYyMjItN2MwNS00Y2IwLWIwM2MtNzAzYWRmNWVmN2RkXCIsXCJkZXZpY2VJZFwiOlwiNWQwYzdjODgtMGI1OS01MDU0LTk5ZTYtYWU5MzY5OTc2ZmRiXCIsXCJzZXNzaW9uSWRcIjpcIjRhYmQxNmY5LTIyNGYtNDk0MS04NGM5LTI4NWQ5OWM2MDIwN1wiLFwiYWRkaXRpb25hbERhdGFcIjpcIno1NC9NZzltdjE2WXdmb0gvS0EwYktvMDZXRlpjc241VUNmTWF5aERtNGxSTkczdTlLa2pWZDNoWjU1ZStNZERhWXBOVi9UOUxIRmtQejFFQisybTdRPT1cIixcInJvbGVcIjpcIm9yZGVyLWJhc2ljLGxpdmVfZGF0YS1iYXNpYyxub25fdHJhZGluZy1iYXNpYyxvcmRlcl9yZWFkX29ubHktYmFzaWMsYmFja190ZXN0XCIsXCJzb3VyY2VJcEFkZHJlc3NcIjpudWxsLFwidHdvRmFFeHBpcnlUc1wiOjE3NjU4NDUwMDAwMDB9IiwiaXNzIjoiYXBleC1hdXRoLXByb2QtYXBwIn0.gkS2mmjqxlU2xIixmUSGVsIizCOb8bhcHB7fTKWl0bUrYPl22vkwVFbbBMUNrG1mRnEA0a9WfDuDqL0djxld3Q' \
  --header 'X-API-VERSION: 1.0'

📊 3-min candle trend → CE (O1=120.8, C3=111.8)
Market Direction: CE
❌ Skipping trade — market direction conflicts with momentum.
Waiting for 3 mins to get another data.
🔍 Detecting best option between CE and PE for NIFTY 2025-12-16…
➡️  Searching CE between 80-130
➡️  Searching PE between 80-130
⚙️ Checking momentum for top 1 CE candidates...

🧭 Checking momentum for NIFTY25D1625950CE (5 samples, every 1s):
⚙️ Checking momentum for top 1 PE candidates...

🧭 Checking momentum for NIFTY25D1626000PE (5 samples, every 1s):
[NIFTY25D1625950CE] ⏱ Sample 1/5: LTP = ₹83.55
[NIFTY25D1626000PE] ⏱ Sample 1/5: LTP = ₹82.60
[NIFTY25D1625950CE] ⏱ Sample 2/5: LTP = ₹83.65
[NIFTY25D1626000PE] ⏱ Sample 2/5: LTP = ₹82.85
[NIFTY25D1625950CE] ⏱ Sample 3/5: LTP = ₹83.75
[NIFTY25D1626000PE] ⏱ Sample 3/5: LTP = ₹82.80
[NIFTY25D1625950CE] ⏱ Sample 4/5: LTP = ₹83.60
[NIFTY25D1626000PE] ⏱ Sample 4/5: LTP = ₹82.90
[NIFTY25D1625950CE] ⏱ Sample 5/5: LTP = ₹83.45
[NIFTY25D1626000PE] ⏱ Sample 5/5: LTP = ₹83.15
[NIFTY25D1625950CE] 📊 Avg Δ = -0.030%, Consistency = 50.0% → FLAT
[NIFTY25D1625950CE] 📈 Range ₹83.55 → ₹83.45

⚠️ No strong momentum found for CE (>0.25%, consistency >70%)
📊 Running momentum check for CE (NIFTY25D1625950CE)

🧭 Checking momentum for NIFTY25D1625950CE (5 samples, every 1s):
[NIFTY25D1625950CE] ⏱ Sample 1/5: LTP = ₹83.00
[NIFTY25D1626000PE] 📊 Avg Δ = 0.121%, Consistency = 100.0% → FLAT
[NIFTY25D1626000PE] 📈 Range ₹82.60 → ₹83.15

⚠️ No strong momentum found for PE (>0.3%, consistency >70%)
📊 Running momentum check for PE (NIFTY25D1626000PE)

🧭 Checking momentum for NIFTY25D1626000PE (5 samples, every 1s):
[NIFTY25D1626000PE] ⏱ Sample 1/5: LTP = ₹83.15
[NIFTY25D1625950CE] ⏱ Sample 2/5: LTP = ₹82.40
[NIFTY25D1626000PE] ⏱ Sample 2/5: LTP = ₹83.35
[NIFTY25D1625950CE] ⏱ Sample 3/5: LTP = ₹82.80
[NIFTY25D1626000PE] ⏱ Sample 3/5: LTP = ₹82.95
[NIFTY25D1625950CE] ⏱ Sample 4/5: LTP = ₹83.30
[NIFTY25D1626000PE] ⏱ Sample 4/5: LTP = ₹82.45
[NIFTY25D1625950CE] ⏱ Sample 5/5: LTP = ₹83.70
[NIFTY25D1626000PE] ⏱ Sample 5/5: LTP = ₹82.75
[NIFTY25D1625950CE] 📊 Avg Δ = 0.322%, Consistency = 100.0% → UP
[NIFTY25D1625950CE] 📈 Range ₹83.00 → ₹83.70

✅ Momentum for CE: {'symbol': 'NIFTY25D1625950CE', 'avg_change': np.float64(0.322), 'consistency': np.float64(100.0), 'direction': 'UP'}
🧩 Finished CE: NIFTY25D1625950CE, momentum={'symbol': 'NIFTY25D1625950CE', 'avg_change': np.float64(0.322), 'consistency': np.float64(100.0), 'direction': 'UP'}
[NIFTY25D1626000PE] 📊 Avg Δ = -0.261%, Consistency = 100.0% → DOWN
[NIFTY25D1626000PE] 📈 Range ₹83.15 → ₹82.75

✅ Momentum for PE: {'symbol': 'NIFTY25D1626000PE', 'avg_change': np.float64(-0.261), 'consistency': np.float64(100.0), 'direction': 'DOWN'}
🧩 Finished PE: NIFTY25D1626000PE, momentum={'symbol': 'NIFTY25D1626000PE', 'avg_change': np.float64(-0.261), 'consistency': np.float64(100.0), 'direction': 'DOWN'}
🧮 Comparing CE vs PE momentum...
📈 CE momentum: 0.322% (UP, 100.0%)
📉 PE momentum: -0.261% (DOWN, 100.0%)
✅ Selected CE (stronger momentum)
✅ Selected: NIFTY25D1625950CE (CE) | LTP=83.45 | lot_size=75 | groww_symbol=NSE-NIFTY-16Dec25-25950-CE

🌀 Generated cURL for Groww Candle API:
curl --location 'https://api.groww.in/v1/historical/candles?exchange=NSE&segment=FNO&groww_symbol=NSE-NIFTY-16Dec25-25950-CE&start_time=2025-12-15 10:31:59&end_time=2025-12-15 10:34:59&candle_interval=1minute' \
  --header 'Accept: application/json' \
  --header 'Authorization: Bearer eyJraWQiOiJaTUtjVXciLCJhbGciOiJFUzI1NiJ9.eyJleHAiOjE3NjU4NDUwMDAsImlhdCI6MTc2NTc3MzEwOCwibmJmIjoxNzY1NzczMTA4LCJzdWIiOiJ7XCJ0b2tlblJlZklkXCI6XCIxMTZmNWFiYi1kNGM3LTQ1ZDctYTI4MC1kY2NjZWZjNWEwYTdcIixcInZlbmRvckludGVncmF0aW9uS2V5XCI6XCJlMzFmZjIzYjA4NmI0MDZjODg3NGIyZjZkODQ5NTMxM1wiLFwidXNlckFjY291bnRJZFwiOlwiMmVlMjYyMjItN2MwNS00Y2IwLWIwM2MtNzAzYWRmNWVmN2RkXCIsXCJkZXZpY2VJZFwiOlwiNWQwYzdjODgtMGI1OS01MDU0LTk5ZTYtYWU5MzY5OTc2ZmRiXCIsXCJzZXNzaW9uSWRcIjpcIjRhYmQxNmY5LTIyNGYtNDk0MS04NGM5LTI4NWQ5OWM2MDIwN1wiLFwiYWRkaXRpb25hbERhdGFcIjpcIno1NC9NZzltdjE2WXdmb0gvS0EwYktvMDZXRlpjc241VUNmTWF5aERtNGxSTkczdTlLa2pWZDNoWjU1ZStNZERhWXBOVi9UOUxIRmtQejFFQisybTdRPT1cIixcInJvbGVcIjpcIm9yZGVyLWJhc2ljLGxpdmVfZGF0YS1iYXNpYyxub25fdHJhZGluZy1iYXNpYyxvcmRlcl9yZWFkX29ubHktYmFzaWMsYmFja190ZXN0XCIsXCJzb3VyY2VJcEFkZHJlc3NcIjpudWxsLFwidHdvRmFFeHBpcnlUc1wiOjE3NjU4NDUwMDAwMDB9IiwiaXNzIjoiYXBleC1hdXRoLXByb2QtYXBwIn0.gkS2mmjqxlU2xIixmUSGVsIizCOb8bhcHB7fTKWl0bUrYPl22vkwVFbbBMUNrG1mRnEA0a9WfDuDqL0djxld3Q' \
  --header 'X-API-VERSION: 1.0'

📊 3-min candle trend → PE (O1=85.2, C3=83.55)
Market Direction: PE
❌ Skipping trade — market direction conflicts with momentum.
Waiting for 3 mins to get another data.
🔍 Detecting best option between CE and PE for NIFTY 2025-12-16…
➡️  Searching CE between 80-130
➡️  Searching PE between 80-130
⚙️ Checking momentum for top 1 CE candidates...

🧭 Checking momentum for NIFTY25D1625900CE (5 samples, every 1s):
⚙️ Checking momentum for top 1 PE candidates...

🧭 Checking momentum for NIFTY25D1626000PE (5 samples, every 1s):
[NIFTY25D1625900CE] ⏱ Sample 1/5: LTP = ₹104.05
[NIFTY25D1626000PE] ⏱ Sample 1/5: LTP = ₹91.95
[NIFTY25D1625900CE] ⏱ Sample 2/5: LTP = ₹103.90
[NIFTY25D1626000PE] ⏱ Sample 2/5: LTP = ₹91.90
[NIFTY25D1625900CE] ⏱ Sample 3/5: LTP = ₹104.00
[NIFTY25D1626000PE] ⏱ Sample 3/5: LTP = ₹91.40
[NIFTY25D1625900CE] ⏱ Sample 4/5: LTP = ₹104.35
[NIFTY25D1626000PE] ⏱ Sample 4/5: LTP = ₹91.75
[NIFTY25D1625900CE] ⏱ Sample 5/5: LTP = ₹104.00
[NIFTY25D1626000PE] ⏱ Sample 5/5: LTP = ₹92.20
[NIFTY25D1625900CE] 📊 Avg Δ = 0.064%, Consistency = 100.0% → FLAT
[NIFTY25D1625900CE] 📈 Range ₹104.05 → ₹104.00

⚠️ No strong momentum found for CE (>0.25%, consistency >70%)
📊 Running momentum check for CE (NIFTY25D1625900CE)

🧭 Checking momentum for NIFTY25D1625900CE (5 samples, every 1s):
[NIFTY25D1625900CE] ⏱ Sample 1/5: LTP = ₹103.75
[NIFTY25D1626000PE] 📊 Avg Δ = 0.018%, Consistency = 50.0% → FLAT
[NIFTY25D1626000PE] 📈 Range ₹91.95 → ₹92.20

⚠️ No strong momentum found for PE (>0.3%, consistency >70%)
📊 Running momentum check for PE (NIFTY25D1626000PE)

🧭 Checking momentum for NIFTY25D1626000PE (5 samples, every 1s):
[NIFTY25D1626000PE] ⏱ Sample 1/5: LTP = ₹91.45
[NIFTY25D1625900CE] ⏱ Sample 2/5: LTP = ₹104.80
[NIFTY25D1626000PE] ⏱ Sample 2/5: LTP = ₹91.35
[NIFTY25D1625900CE] ⏱ Sample 3/5: LTP = ₹105.05
[NIFTY25D1626000PE] ⏱ Sample 3/5: LTP = ₹91.10
[NIFTY25D1625900CE] ⏱ Sample 4/5: LTP = ₹104.35
[NIFTY25D1626000PE] ⏱ Sample 4/5: LTP = ₹91.95
[NIFTY25D1625900CE] ⏱ Sample 5/5: LTP = ₹104.25
[NIFTY25D1625900CE] 📊 Avg Δ = 0.008%, Consistency = 50.0% → FLAT
[NIFTY25D1625900CE] 📈 Range ₹103.75 → ₹104.25

✅ Momentum for CE: {'symbol': 'NIFTY25D1625900CE', 'avg_change': np.float64(0.008), 'consistency': np.float64(50.0), 'direction': 'FLAT'}
🧩 Finished CE: NIFTY25D1625900CE, momentum={'symbol': 'NIFTY25D1625900CE', 'avg_change': np.float64(0.008), 'consistency': np.float64(50.0), 'direction': 'FLAT'}
[NIFTY25D1626000PE] ⏱ Sample 5/5: LTP = ₹91.85
[NIFTY25D1626000PE] 📊 Avg Δ = 0.182%, Consistency = 100.0% → FLAT
[NIFTY25D1626000PE] 📈 Range ₹91.45 → ₹91.85

✅ Momentum for PE: {'symbol': 'NIFTY25D1626000PE', 'avg_change': np.float64(0.182), 'consistency': np.float64(100.0), 'direction': 'FLAT'}
🧩 Finished PE: NIFTY25D1626000PE, momentum={'symbol': 'NIFTY25D1626000PE', 'avg_change': np.float64(0.182), 'consistency': np.float64(100.0), 'direction': 'FLAT'}
🧮 Comparing CE vs PE momentum...
📈 CE momentum: 0.008% (FLAT, 50.0%)
📉 PE momentum: 0.182% (FLAT, 100.0%)
⚖️  Momentum similar — choosing PE fallback
✅ Selected: NIFTY25D1626000PE (PE) | LTP=90.85 | lot_size=75 | groww_symbol=NSE-NIFTY-16Dec25-26000-PE

🌀 Generated cURL for Groww Candle API:
curl --location 'https://api.groww.in/v1/historical/candles?exchange=NSE&segment=FNO&groww_symbol=NSE-NIFTY-16Dec25-26000-PE&start_time=2025-12-15 10:35:58&end_time=2025-12-15 10:38:58&candle_interval=1minute' \
  --header 'Accept: application/json' \
  --header 'Authorization: Bearer eyJraWQiOiJaTUtjVXciLCJhbGciOiJFUzI1NiJ9.eyJleHAiOjE3NjU4NDUwMDAsImlhdCI6MTc2NTc3MzEwOCwibmJmIjoxNzY1NzczMTA4LCJzdWIiOiJ7XCJ0b2tlblJlZklkXCI6XCIxMTZmNWFiYi1kNGM3LTQ1ZDctYTI4MC1kY2NjZWZjNWEwYTdcIixcInZlbmRvckludGVncmF0aW9uS2V5XCI6XCJlMzFmZjIzYjA4NmI0MDZjODg3NGIyZjZkODQ5NTMxM1wiLFwidXNlckFjY291bnRJZFwiOlwiMmVlMjYyMjItN2MwNS00Y2IwLWIwM2MtNzAzYWRmNWVmN2RkXCIsXCJkZXZpY2VJZFwiOlwiNWQwYzdjODgtMGI1OS01MDU0LTk5ZTYtYWU5MzY5OTc2ZmRiXCIsXCJzZXNzaW9uSWRcIjpcIjRhYmQxNmY5LTIyNGYtNDk0MS04NGM5LTI4NWQ5OWM2MDIwN1wiLFwiYWRkaXRpb25hbERhdGFcIjpcIno1NC9NZzltdjE2WXdmb0gvS0EwYktvMDZXRlpjc241VUNmTWF5aERtNGxSTkczdTlLa2pWZDNoWjU1ZStNZERhWXBOVi9UOUxIRmtQejFFQisybTdRPT1cIixcInJvbGVcIjpcIm9yZGVyLWJhc2ljLGxpdmVfZGF0YS1iYXNpYyxub25fdHJhZGluZy1iYXNpYyxvcmRlcl9yZWFkX29ubHktYmFzaWMsYmFja190ZXN0XCIsXCJzb3VyY2VJcEFkZHJlc3NcIjpudWxsLFwidHdvRmFFeHBpcnlUc1wiOjE3NjU4NDUwMDAwMDB9IiwiaXNzIjoiYXBleC1hdXRoLXByb2QtYXBwIn0.gkS2mmjqxlU2xIixmUSGVsIizCOb8bhcHB7fTKWl0bUrYPl22vkwVFbbBMUNrG1mRnEA0a9WfDuDqL0djxld3Q' \
  --header 'X-API-VERSION: 1.0'

📊 3-min candle trend → PE (O1=84.3, C3=91.7)
Market Direction: PE
✅ Market direction CONFIRMS momentum → proceeding with order.
➡️ Placing auto order: {'symbol': 'NIFTY25D1626000PE', 'ltp': 90.85, 'lots': 14, 'book_profit': 1050.0, 'lot_size': 75, 'side': 'BUY'} ====== [2025-12-15 10:39:01]
🔹 Auto order => NIFTY25D1626000PE, qty=1050, book@1050.0 ====== [2025-12-15 10:39:02]
💰 LTP for NSE_NIFTY25D1626000PE: ₹92.1 ====== [2025-12-15 10:39:03]
✅ Auto Buy placed: :{'groww_order_id': 'GMKFO2512151039082VPPEBYIJL7H', 'order_status': 'NEW', 'order_reference_id': '69454338', 'remark': None} ======= [2025-12-15 10:39:09]
📈 Trailing started...
🔼 New High: ₹92.4
🔼 New High: ₹92.7
🔼 New High: ₹92.75
🔼 New High: ₹92.9
🔼 New High: ₹93.25
🔼 New High: ₹95.4
📉 Trail Active | LTP=95.4 | Exit=94.65
📉 Trail Active | LTP=95.35 | Exit=94.65
🔼 New High: ₹96.25
📉 Trail Active | LTP=96.25 | Exit=95.5
📉 Trail Active | LTP=96.0 | Exit=95.5
🔼 New High: ₹96.35
📉 Trail Active | LTP=96.35 | Exit=95.6
📉 Trail Active | LTP=96.3 | Exit=95.6
📉 Trail Active | LTP=96.25 | Exit=95.6
📉 Trail Active | LTP=95.3 | Exit=95.6
🔻 Trailing HIT @ 95.3
Waiting for 1 min to get another data.
🔍 Detecting best option between CE and PE for NIFTY 2025-12-16…
➡️  Searching CE between 80-130
➡️  Searching PE between 80-130
⚙️ Checking momentum for top 1 CE candidates...

🧭 Checking momentum for NIFTY25D1625900CE (5 samples, every 1s):
⚙️ Checking momentum for top 1 PE candidates...

🧭 Checking momentum for NIFTY25D1626000PE (5 samples, every 1s):
[NIFTY25D1625900CE] ⏱ Sample 1/5: LTP = ₹100.05
[NIFTY25D1626000PE] ⏱ Sample 1/5: LTP = ₹94.40
[NIFTY25D1625900CE] ⏱ Sample 2/5: LTP = ₹101.15
[NIFTY25D1626000PE] ⏱ Sample 2/5: LTP = ₹94.10
[NIFTY25D1625900CE] ⏱ Sample 3/5: LTP = ₹100.60
[NIFTY25D1626000PE] ⏱ Sample 3/5: LTP = ₹94.10
[NIFTY25D1625900CE] ⏱ Sample 4/5: LTP = ₹100.95
[NIFTY25D1626000PE] ⏱ Sample 4/5: LTP = ₹95.40
[NIFTY25D1625900CE] ⏱ Sample 5/5: LTP = ₹99.90
[NIFTY25D1625900CE] 📊 Avg Δ = -0.057%, Consistency = 50.0% → FLAT
[NIFTY25D1625900CE] 📈 Range ₹100.05 → ₹99.90

⚠️ No strong momentum found for CE (>0.25%, consistency >70%)
📊 Running momentum check for CE (NIFTY25D1625900CE)

🧭 Checking momentum for NIFTY25D1625900CE (5 samples, every 1s):
[NIFTY25D1626000PE] ⏱ Sample 5/5: LTP = ₹95.55
[NIFTY25D1625900CE] ⏱ Sample 1/5: LTP = ₹100.20
[NIFTY25D1626000PE] 📊 Avg Δ = 0.433%, Consistency = 100.0% → UP
[NIFTY25D1626000PE] 📈 Range ₹94.40 → ₹95.55

🏆 Selected PE: NIFTY25D1626000PE (UP | 0.43% | Consistency 100.0%)
📊 Running momentum check for PE (NIFTY25D1626000PE)

🧭 Checking momentum for NIFTY25D1626000PE (5 samples, every 1s):
[NIFTY25D1626000PE] ⏱ Sample 1/5: LTP = ₹94.95
[NIFTY25D1625900CE] ⏱ Sample 2/5: LTP = ₹100.65
[NIFTY25D1626000PE] ⏱ Sample 2/5: LTP = ₹95.20
[NIFTY25D1625900CE] ⏱ Sample 3/5: LTP = ₹100.35
[NIFTY25D1626000PE] ⏱ Sample 3/5: LTP = ₹95.40
[NIFTY25D1625900CE] ⏱ Sample 4/5: LTP = ₹100.45
[NIFTY25D1626000PE] ⏱ Sample 4/5: LTP = ₹94.75
[NIFTY25D1625900CE] ⏱ Sample 5/5: LTP = ₹100.95
[NIFTY25D1625900CE] 📊 Avg Δ = 0.091%, Consistency = 100.0% → FLAT
[NIFTY25D1625900CE] 📈 Range ₹100.20 → ₹100.95

✅ Momentum for CE: {'symbol': 'NIFTY25D1625900CE', 'avg_change': np.float64(0.091), 'consistency': np.float64(100.0), 'direction': 'FLAT'}
🧩 Finished CE: NIFTY25D1625900CE, momentum={'symbol': 'NIFTY25D1625900CE', 'avg_change': np.float64(0.091), 'consistency': np.float64(100.0), 'direction': 'FLAT'}
[NIFTY25D1626000PE] ⏱ Sample 5/5: LTP = ₹95.00
[NIFTY25D1626000PE] 📊 Avg Δ = -0.070%, Consistency = 100.0% → FLAT
[NIFTY25D1626000PE] 📈 Range ₹94.95 → ₹95.00

✅ Momentum for PE: {'symbol': 'NIFTY25D1626000PE', 'avg_change': np.float64(-0.07), 'consistency': np.float64(100.0), 'direction': 'FLAT'}
🧩 Finished PE: NIFTY25D1626000PE, momentum={'symbol': 'NIFTY25D1626000PE', 'avg_change': np.float64(-0.07), 'consistency': np.float64(100.0), 'direction': 'FLAT'}
🧮 Comparing CE vs PE momentum...
📈 CE momentum: 0.091% (FLAT, 100.0%)
📉 PE momentum: -0.070% (FLAT, 100.0%)
⚖️  Momentum similar — choosing CE fallback
✅ Selected: NIFTY25D1625900CE (CE) | LTP=96.7 | lot_size=75 | groww_symbol=NSE-NIFTY-16Dec25-25900-CE

🌀 Generated cURL for Groww Candle API:
curl --location 'https://api.groww.in/v1/historical/candles?exchange=NSE&segment=FNO&groww_symbol=NSE-NIFTY-16Dec25-25900-CE&start_time=2025-12-15 10:38:46&end_time=2025-12-15 10:41:46&candle_interval=1minute' \
  --header 'Accept: application/json' \
  --header 'Authorization: Bearer eyJraWQiOiJaTUtjVXciLCJhbGciOiJFUzI1NiJ9.eyJleHAiOjE3NjU4NDUwMDAsImlhdCI6MTc2NTc3MzEwOCwibmJmIjoxNzY1NzczMTA4LCJzdWIiOiJ7XCJ0b2tlblJlZklkXCI6XCIxMTZmNWFiYi1kNGM3LTQ1ZDctYTI4MC1kY2NjZWZjNWEwYTdcIixcInZlbmRvckludGVncmF0aW9uS2V5XCI6XCJlMzFmZjIzYjA4NmI0MDZjODg3NGIyZjZkODQ5NTMxM1wiLFwidXNlckFjY291bnRJZFwiOlwiMmVlMjYyMjItN2MwNS00Y2IwLWIwM2MtNzAzYWRmNWVmN2RkXCIsXCJkZXZpY2VJZFwiOlwiNWQwYzdjODgtMGI1OS01MDU0LTk5ZTYtYWU5MzY5OTc2ZmRiXCIsXCJzZXNzaW9uSWRcIjpcIjRhYmQxNmY5LTIyNGYtNDk0MS04NGM5LTI4NWQ5OWM2MDIwN1wiLFwiYWRkaXRpb25hbERhdGFcIjpcIno1NC9NZzltdjE2WXdmb0gvS0EwYktvMDZXRlpjc241VUNmTWF5aERtNGxSTkczdTlLa2pWZDNoWjU1ZStNZERhWXBOVi9UOUxIRmtQejFFQisybTdRPT1cIixcInJvbGVcIjpcIm9yZGVyLWJhc2ljLGxpdmVfZGF0YS1iYXNpYyxub25fdHJhZGluZy1iYXNpYyxvcmRlcl9yZWFkX29ubHktYmFzaWMsYmFja190ZXN0XCIsXCJzb3VyY2VJcEFkZHJlc3NcIjpudWxsLFwidHdvRmFFeHBpcnlUc1wiOjE3NjU4NDUwMDAwMDB9IiwiaXNzIjoiYXBleC1hdXRoLXByb2QtYXBwIn0.gkS2mmjqxlU2xIixmUSGVsIizCOb8bhcHB7fTKWl0bUrYPl22vkwVFbbBMUNrG1mRnEA0a9WfDuDqL0djxld3Q' \
  --header 'X-API-VERSION: 1.0'

📊 3-min candle trend → PE (O1=103.4, C3=100.8)
Market Direction: PE
❌ Skipping trade — market direction conflicts with momentum.
Waiting for 3 mins to get another data.
🔍 Detecting best option between CE and PE for NIFTY 2025-12-16…
➡️  Searching CE between 80-130
➡️  Searching PE between 80-130
⚙️ Checking momentum for top 1 CE candidates...

🧭 Checking momentum for NIFTY25D1625900CE (5 samples, every 1s):
⚙️ Checking momentum for top 1 PE candidates...

🧭 Checking momentum for NIFTY25D1626000PE (5 samples, every 1s):
[NIFTY25D1625900CE] ⏱ Sample 1/5: LTP = ₹109.00
[NIFTY25D1626000PE] ⏱ Sample 1/5: LTP = ₹85.50
[NIFTY25D1625900CE] ⏱ Sample 2/5: LTP = ₹109.95
[NIFTY25D1626000PE] ⏱ Sample 2/5: LTP = ₹85.30
[NIFTY25D1625900CE] ⏱ Sample 3/5: LTP = ₹110.90
[NIFTY25D1626000PE] ⏱ Sample 3/5: LTP = ₹84.30
[NIFTY25D1625900CE] ⏱ Sample 4/5: LTP = ₹111.35
[NIFTY25D1626000PE] ⏱ Sample 4/5: LTP = ₹84.20
[NIFTY25D1625900CE] ⏱ Sample 5/5: LTP = ₹111.10
[NIFTY25D1626000PE] ⏱ Sample 5/5: LTP = ₹83.85
[NIFTY25D1625900CE] 📊 Avg Δ = 0.529%, Consistency = 100.0% → UP
[NIFTY25D1625900CE] 📈 Range ₹109.00 → ₹111.10

🏆 Selected CE: NIFTY25D1625900CE (UP | 0.53% | Consistency 100.0%)
📊 Running momentum check for CE (NIFTY25D1625900CE)

🧭 Checking momentum for NIFTY25D1625900CE (5 samples, every 1s):
[NIFTY25D1626000PE] 📊 Avg Δ = -0.540%, Consistency = 100.0% → DOWN
[NIFTY25D1626000PE] 📈 Range ₹85.50 → ₹83.85

🏆 Selected PE: NIFTY25D1626000PE (DOWN | -0.54% | Consistency 100.0%)
📊 Running momentum check for PE (NIFTY25D1626000PE)

🧭 Checking momentum for NIFTY25D1626000PE (5 samples, every 1s):
[NIFTY25D1625900CE] ⏱ Sample 1/5: LTP = ₹112.15
[NIFTY25D1626000PE] ⏱ Sample 1/5: LTP = ₹83.35
[NIFTY25D1625900CE] ⏱ Sample 2/5: LTP = ₹112.20
[NIFTY25D1626000PE] ⏱ Sample 2/5: LTP = ₹82.85
[NIFTY25D1625900CE] ⏱ Sample 3/5: LTP = ₹112.65
[NIFTY25D1626000PE] ⏱ Sample 3/5: LTP = ₹82.90
[NIFTY25D1625900CE] ⏱ Sample 4/5: LTP = ₹112.55
[NIFTY25D1626000PE] ⏱ Sample 4/5: LTP = ₹83.00
[NIFTY25D1625900CE] ⏱ Sample 5/5: LTP = ₹111.70
[NIFTY25D1626000PE] ⏱ Sample 5/5: LTP = ₹83.60
[NIFTY25D1625900CE] 📊 Avg Δ = -0.015%, Consistency = 50.0% → FLAT
[NIFTY25D1625900CE] 📈 Range ₹112.15 → ₹111.70

✅ Momentum for CE: {'symbol': 'NIFTY25D1625900CE', 'avg_change': np.float64(-0.015), 'consistency': np.float64(50.0), 'direction': 'FLAT'}
🧩 Finished CE: NIFTY25D1625900CE, momentum={'symbol': 'NIFTY25D1625900CE', 'avg_change': np.float64(-0.015), 'consistency': np.float64(50.0), 'direction': 'FLAT'}
[NIFTY25D1626000PE] 📊 Avg Δ = 0.081%, Consistency = 50.0% → FLAT
[NIFTY25D1626000PE] 📈 Range ₹83.35 → ₹83.60

✅ Momentum for PE: {'symbol': 'NIFTY25D1626000PE', 'avg_change': np.float64(0.081), 'consistency': np.float64(50.0), 'direction': 'FLAT'}
🧩 Finished PE: NIFTY25D1626000PE, momentum={'symbol': 'NIFTY25D1626000PE', 'avg_change': np.float64(0.081), 'consistency': np.float64(50.0), 'direction': 'FLAT'}
🧮 Comparing CE vs PE momentum...
📈 CE momentum: -0.015% (FLAT, 50.0%)
📉 PE momentum: 0.081% (FLAT, 50.0%)
⚖️  Momentum similar — choosing PE fallback
✅ Selected: NIFTY25D1626000PE (PE) | LTP=85.7 | lot_size=75 | groww_symbol=NSE-NIFTY-16Dec25-26000-PE

🌀 Generated cURL for Groww Candle API:
curl --location 'https://api.groww.in/v1/historical/candles?exchange=NSE&segment=FNO&groww_symbol=NSE-NIFTY-16Dec25-26000-PE&start_time=2025-12-15 10:42:50&end_time=2025-12-15 10:45:50&candle_interval=1minute' \
  --header 'Accept: application/json' \
  --header 'Authorization: Bearer eyJraWQiOiJaTUtjVXciLCJhbGciOiJFUzI1NiJ9.eyJleHAiOjE3NjU4NDUwMDAsImlhdCI6MTc2NTc3MzEwOCwibmJmIjoxNzY1NzczMTA4LCJzdWIiOiJ7XCJ0b2tlblJlZklkXCI6XCIxMTZmNWFiYi1kNGM3LTQ1ZDctYTI4MC1kY2NjZWZjNWEwYTdcIixcInZlbmRvckludGVncmF0aW9uS2V5XCI6XCJlMzFmZjIzYjA4NmI0MDZjODg3NGIyZjZkODQ5NTMxM1wiLFwidXNlckFjY291bnRJZFwiOlwiMmVlMjYyMjItN2MwNS00Y2IwLWIwM2MtNzAzYWRmNWVmN2RkXCIsXCJkZXZpY2VJZFwiOlwiNWQwYzdjODgtMGI1OS01MDU0LTk5ZTYtYWU5MzY5OTc2ZmRiXCIsXCJzZXNzaW9uSWRcIjpcIjRhYmQxNmY5LTIyNGYtNDk0MS04NGM5LTI4NWQ5OWM2MDIwN1wiLFwiYWRkaXRpb25hbERhdGFcIjpcIno1NC9NZzltdjE2WXdmb0gvS0EwYktvMDZXRlpjc241VUNmTWF5aERtNGxSTkczdTlLa2pWZDNoWjU1ZStNZERhWXBOVi9UOUxIRmtQejFFQisybTdRPT1cIixcInJvbGVcIjpcIm9yZGVyLWJhc2ljLGxpdmVfZGF0YS1iYXNpYyxub25fdHJhZGluZy1iYXNpYyxvcmRlcl9yZWFkX29ubHktYmFzaWMsYmFja190ZXN0XCIsXCJzb3VyY2VJcEFkZHJlc3NcIjpudWxsLFwidHdvRmFFeHBpcnlUc1wiOjE3NjU4NDUwMDAwMDB9IiwiaXNzIjoiYXBleC1hdXRoLXByb2QtYXBwIn0.gkS2mmjqxlU2xIixmUSGVsIizCOb8bhcHB7fTKWl0bUrYPl22vkwVFbbBMUNrG1mRnEA0a9WfDuDqL0djxld3Q' \
  --header 'X-API-VERSION: 1.0'

📊 3-min candle trend → CE (O1=88.8, C3=82.85)
Market Direction: CE
❌ Skipping trade — market direction conflicts with momentum.
Waiting for 3 mins to get another data.
🔍 Detecting best option between CE and PE for NIFTY 2025-12-16…
➡️  Searching CE between 80-130
➡️  Searching PE between 80-130
⚙️ Checking momentum for top 1 CE candidates...

🧭 Checking momentum for NIFTY25D1625950CE (5 samples, every 1s):
⚙️ Checking momentum for top 1 PE candidates...

🧭 Checking momentum for NIFTY25D1626050PE (5 samples, every 1s):
[NIFTY25D1625950CE] ⏱ Sample 1/5: LTP = ₹92.15
[NIFTY25D1626050PE] ⏱ Sample 1/5: LTP = ₹100.10
[NIFTY25D1625950CE] ⏱ Sample 2/5: LTP = ₹90.45
[NIFTY25D1626050PE] ⏱ Sample 2/5: LTP = ₹100.25
[NIFTY25D1625950CE] ⏱ Sample 3/5: LTP = ₹90.45
[NIFTY25D1626050PE] ⏱ Sample 3/5: LTP = ₹100.55
[NIFTY25D1625950CE] ⏱ Sample 4/5: LTP = ₹90.75
[NIFTY25D1626050PE] ⏱ Sample 4/5: LTP = ₹100.55
[NIFTY25D1625950CE] ⏱ Sample 5/5: LTP = ₹91.05
[NIFTY25D1626050PE] ⏱ Sample 5/5: LTP = ₹100.60
[NIFTY25D1625950CE] 📊 Avg Δ = -0.146%, Consistency = 50.0% → FLAT
[NIFTY25D1625950CE] 📈 Range ₹92.15 → ₹91.05

⚠️ No strong momentum found for CE (>0.25%, consistency >70%)
📊 Running momentum check for CE (NIFTY25D1625950CE)

🧭 Checking momentum for NIFTY25D1625950CE (5 samples, every 1s):
[NIFTY25D1626050PE] 📊 Avg Δ = 0.133%, Consistency = 100.0% → FLAT
[NIFTY25D1626050PE] 📈 Range ₹100.10 → ₹100.60

⚠️ No strong momentum found for PE (>0.3%, consistency >70%)
📊 Running momentum check for PE (NIFTY25D1626050PE)

🧭 Checking momentum for NIFTY25D1626050PE (5 samples, every 1s):
[NIFTY25D1625950CE] ⏱ Sample 1/5: LTP = ₹89.05
[NIFTY25D1626050PE] ⏱ Sample 1/5: LTP = ₹103.00
[NIFTY25D1625950CE] ⏱ Sample 2/5: LTP = ₹88.60
[NIFTY25D1626050PE] ⏱ Sample 2/5: LTP = ₹103.30
[NIFTY25D1625950CE] ⏱ Sample 3/5: LTP = ₹88.90
[NIFTY25D1626050PE] ⏱ Sample 3/5: LTP = ₹102.50
[NIFTY25D1625950CE] ⏱ Sample 4/5: LTP = ₹89.25
[NIFTY25D1626050PE] ⏱ Sample 4/5: LTP = ₹102.50
[NIFTY25D1625950CE] ⏱ Sample 5/5: LTP = ₹89.30
[NIFTY25D1625950CE] 📊 Avg Δ = 0.169%, Consistency = 100.0% → FLAT
[NIFTY25D1625950CE] 📈 Range ₹89.05 → ₹89.30

✅ Momentum for CE: {'symbol': 'NIFTY25D1625950CE', 'avg_change': np.float64(0.169), 'consistency': np.float64(100.0), 'direction': 'FLAT'}
🧩 Finished CE: NIFTY25D1625950CE, momentum={'symbol': 'NIFTY25D1625950CE', 'avg_change': np.float64(0.169), 'consistency': np.float64(100.0), 'direction': 'FLAT'}
[NIFTY25D1626050PE] ⏱ Sample 5/5: LTP = ₹102.45
[NIFTY25D1626050PE] 📊 Avg Δ = -0.219%, Consistency = 100.0% → FLAT
[NIFTY25D1626050PE] 📈 Range ₹103.00 → ₹102.45

✅ Momentum for PE: {'symbol': 'NIFTY25D1626050PE', 'avg_change': np.float64(-0.219), 'consistency': np.float64(100.0), 'direction': 'FLAT'}
🧩 Finished PE: NIFTY25D1626050PE, momentum={'symbol': 'NIFTY25D1626050PE', 'avg_change': np.float64(-0.219), 'consistency': np.float64(100.0), 'direction': 'FLAT'}
🧮 Comparing CE vs PE momentum...
📈 CE momentum: 0.169% (FLAT, 100.0%)
📉 PE momentum: -0.219% (FLAT, 100.0%)
✅ Selected CE (stronger momentum)
✅ Selected: NIFTY25D1625950CE (CE) | LTP=92.85 | lot_size=75 | groww_symbol=NSE-NIFTY-16Dec25-25950-CE

🌀 Generated cURL for Groww Candle API:
curl --location 'https://api.groww.in/v1/historical/candles?exchange=NSE&segment=FNO&groww_symbol=NSE-NIFTY-16Dec25-25950-CE&start_time=2025-12-15 10:46:50&end_time=2025-12-15 10:49:50&candle_interval=1minute' \
  --header 'Accept: application/json' \
  --header 'Authorization: Bearer eyJraWQiOiJaTUtjVXciLCJhbGciOiJFUzI1NiJ9.eyJleHAiOjE3NjU4NDUwMDAsImlhdCI6MTc2NTc3MzEwOCwibmJmIjoxNzY1NzczMTA4LCJzdWIiOiJ7XCJ0b2tlblJlZklkXCI6XCIxMTZmNWFiYi1kNGM3LTQ1ZDctYTI4MC1kY2NjZWZjNWEwYTdcIixcInZlbmRvckludGVncmF0aW9uS2V5XCI6XCJlMzFmZjIzYjA4NmI0MDZjODg3NGIyZjZkODQ5NTMxM1wiLFwidXNlckFjY291bnRJZFwiOlwiMmVlMjYyMjItN2MwNS00Y2IwLWIwM2MtNzAzYWRmNWVmN2RkXCIsXCJkZXZpY2VJZFwiOlwiNWQwYzdjODgtMGI1OS01MDU0LTk5ZTYtYWU5MzY5OTc2ZmRiXCIsXCJzZXNzaW9uSWRcIjpcIjRhYmQxNmY5LTIyNGYtNDk0MS04NGM5LTI4NWQ5OWM2MDIwN1wiLFwiYWRkaXRpb25hbERhdGFcIjpcIno1NC9NZzltdjE2WXdmb0gvS0EwYktvMDZXRlpjc241VUNmTWF5aERtNGxSTkczdTlLa2pWZDNoWjU1ZStNZERhWXBOVi9UOUxIRmtQejFFQisybTdRPT1cIixcInJvbGVcIjpcIm9yZGVyLWJhc2ljLGxpdmVfZGF0YS1iYXNpYyxub25fdHJhZGluZy1iYXNpYyxvcmRlcl9yZWFkX29ubHktYmFzaWMsYmFja190ZXN0XCIsXCJzb3VyY2VJcEFkZHJlc3NcIjpudWxsLFwidHdvRmFFeHBpcnlUc1wiOjE3NjU4NDUwMDAwMDB9IiwiaXNzIjoiYXBleC1hdXRoLXByb2QtYXBwIn0.gkS2mmjqxlU2xIixmUSGVsIizCOb8bhcHB7fTKWl0bUrYPl22vkwVFbbBMUNrG1mRnEA0a9WfDuDqL0djxld3Q' \
  --header 'X-API-VERSION: 1.0'

📊 3-min candle trend → CE (O1=77.9, C3=88.3)
Market Direction: CE
✅ Market direction CONFIRMS momentum → proceeding with order.
➡️ Placing auto order: {'symbol': 'NIFTY25D1625950CE', 'ltp': 92.85, 'lots': 14, 'book_profit': 1050.0, 'lot_size': 75, 'side': 'BUY'} ====== [2025-12-15 10:49:57]
🔹 Auto order => NIFTY25D1625950CE, qty=1050, book@1050.0 ====== [2025-12-15 10:50:00]
💰 LTP for NSE_NIFTY25D1625950CE: ₹89.9 ====== [2025-12-15 10:50:01]
✅ Auto Buy placed: :{'groww_order_id': 'GMKFO251215105007RWQ0FU337KM3', 'order_status': 'NEW', 'order_reference_id': '96408505', 'remark': None} ======= [2025-12-15 10:50:08]
📈 Trailing started...
🔼 New High: ₹90.2
🔼 New High: ₹91.3
🔼 New High: ₹91.35
🔼 New High: ₹91.4
📉 Trail Active | LTP=91.4 | Exit=90.65
🔼 New High: ₹92.45
📉 Trail Active | LTP=92.45 | Exit=91.7
🔼 New High: ₹92.75
📉 Trail Active | LTP=92.75 | Exit=92.0
🔼 New High: ₹93.1
📉 Trail Active | LTP=93.1 | Exit=92.35
📉 Trail Active | LTP=92.4 | Exit=92.35
📉 Trail Active | LTP=92.05 | Exit=92.35
🔻 Trailing HIT @ 92.05
Waiting for 1 min to get another data.
🔍 Detecting best option between CE and PE for NIFTY 2025-12-16…
➡️  Searching CE between 80-130
➡️  Searching PE between 80-130
⚙️ Checking momentum for top 1 CE candidates...

🧭 Checking momentum for NIFTY25D1625950CE (5 samples, every 1s):
⚙️ Checking momentum for top 1 PE candidates...

🧭 Checking momentum for NIFTY25D1626050PE (5 samples, every 1s):
[NIFTY25D1625950CE] ⏱ Sample 1/5: LTP = ₹92.10
[NIFTY25D1626050PE] ⏱ Sample 1/5: LTP = ₹102.25
[NIFTY25D1625950CE] ⏱ Sample 2/5: LTP = ₹92.05
[NIFTY25D1626050PE] ⏱ Sample 2/5: LTP = ₹102.65
[NIFTY25D1625950CE] ⏱ Sample 3/5: LTP = ₹90.75
[NIFTY25D1626050PE] ⏱ Sample 3/5: LTP = ₹103.65
[NIFTY25D1625950CE] ⏱ Sample 4/5: LTP = ₹90.95
[NIFTY25D1626050PE] ⏱ Sample 4/5: LTP = ₹102.95
[NIFTY25D1625950CE] ⏱ Sample 5/5: LTP = ₹91.60
[NIFTY25D1626050PE] ⏱ Sample 5/5: LTP = ₹103.05
[NIFTY25D1625950CE] 📊 Avg Δ = -0.291%, Consistency = 100.0% → DOWN
[NIFTY25D1625950CE] 📈 Range ₹92.10 → ₹91.60

🏆 Selected CE: NIFTY25D1625950CE (DOWN | -0.29% | Consistency 100.0%)
📊 Running momentum check for CE (NIFTY25D1625950CE)

🧭 Checking momentum for NIFTY25D1625950CE (5 samples, every 1s):
[NIFTY25D1626050PE] 📊 Avg Δ = 0.178%, Consistency = 100.0% → FLAT
[NIFTY25D1626050PE] 📈 Range ₹102.25 → ₹103.05

⚠️ No strong momentum found for PE (>0.3%, consistency >70%)
📊 Running momentum check for PE (NIFTY25D1626050PE)

🧭 Checking momentum for NIFTY25D1626050PE (5 samples, every 1s):
[NIFTY25D1625950CE] ⏱ Sample 1/5: LTP = ₹92.55
[NIFTY25D1626050PE] ⏱ Sample 1/5: LTP = ₹101.90
[NIFTY25D1625950CE] ⏱ Sample 2/5: LTP = ₹92.90
[NIFTY25D1626050PE] ⏱ Sample 2/5: LTP = ₹101.75
[NIFTY25D1625950CE] ⏱ Sample 3/5: LTP = ₹92.40
[NIFTY25D1626050PE] ⏱ Sample 3/5: LTP = ₹102.20
[NIFTY25D1625950CE] ⏱ Sample 4/5: LTP = ₹92.65
[NIFTY25D1626050PE] ⏱ Sample 4/5: LTP = ₹102.15
[NIFTY25D1625950CE] ⏱ Sample 5/5: LTP = ₹92.60
[NIFTY25D1626050PE] ⏱ Sample 5/5: LTP = ₹102.35
[NIFTY25D1625950CE] 📊 Avg Δ = -0.036%, Consistency = 50.0% → FLAT
[NIFTY25D1625950CE] 📈 Range ₹92.55 → ₹92.60

✅ Momentum for CE: {'symbol': 'NIFTY25D1625950CE', 'avg_change': np.float64(-0.036), 'consistency': np.float64(50.0), 'direction': 'FLAT'}
🧩 Finished CE: NIFTY25D1625950CE, momentum={'symbol': 'NIFTY25D1625950CE', 'avg_change': np.float64(-0.036), 'consistency': np.float64(50.0), 'direction': 'FLAT'}
[NIFTY25D1626050PE] 📊 Avg Δ = 0.139%, Consistency = 100.0% → FLAT
[NIFTY25D1626050PE] 📈 Range ₹101.90 → ₹102.35

✅ Momentum for PE: {'symbol': 'NIFTY25D1626050PE', 'avg_change': np.float64(0.139), 'consistency': np.float64(100.0), 'direction': 'FLAT'}
🧩 Finished PE: NIFTY25D1626050PE, momentum={'symbol': 'NIFTY25D1626050PE', 'avg_change': np.float64(0.139), 'consistency': np.float64(100.0), 'direction': 'FLAT'}
🧮 Comparing CE vs PE momentum...
📈 CE momentum: -0.036% (FLAT, 50.0%)
📉 PE momentum: 0.139% (FLAT, 100.0%)
⚖️  Momentum similar — choosing PE fallback
✅ Selected: NIFTY25D1626050PE (PE) | LTP=103.0 | lot_size=75 | groww_symbol=NSE-NIFTY-16Dec25-26050-PE

🌀 Generated cURL for Groww Candle API:
curl --location 'https://api.groww.in/v1/historical/candles?exchange=NSE&segment=FNO&groww_symbol=NSE-NIFTY-16Dec25-26050-PE&start_time=2025-12-15 10:51:28&end_time=2025-12-15 10:54:28&candle_interval=1minute' \
  --header 'Accept: application/json' \
  --header 'Authorization: Bearer eyJraWQiOiJaTUtjVXciLCJhbGciOiJFUzI1NiJ9.eyJleHAiOjE3NjU4NDUwMDAsImlhdCI6MTc2NTc3MzEwOCwibmJmIjoxNzY1NzczMTA4LCJzdWIiOiJ7XCJ0b2tlblJlZklkXCI6XCIxMTZmNWFiYi1kNGM3LTQ1ZDctYTI4MC1kY2NjZWZjNWEwYTdcIixcInZlbmRvckludGVncmF0aW9uS2V5XCI6XCJlMzFmZjIzYjA4NmI0MDZjODg3NGIyZjZkODQ5NTMxM1wiLFwidXNlckFjY291bnRJZFwiOlwiMmVlMjYyMjItN2MwNS00Y2IwLWIwM2MtNzAzYWRmNWVmN2RkXCIsXCJkZXZpY2VJZFwiOlwiNWQwYzdjODgtMGI1OS01MDU0LTk5ZTYtYWU5MzY5OTc2ZmRiXCIsXCJzZXNzaW9uSWRcIjpcIjRhYmQxNmY5LTIyNGYtNDk0MS04NGM5LTI4NWQ5OWM2MDIwN1wiLFwiYWRkaXRpb25hbERhdGFcIjpcIno1NC9NZzltdjE2WXdmb0gvS0EwYktvMDZXRlpjc241VUNmTWF5aERtNGxSTkczdTlLa2pWZDNoWjU1ZStNZERhWXBOVi9UOUxIRmtQejFFQisybTdRPT1cIixcInJvbGVcIjpcIm9yZGVyLWJhc2ljLGxpdmVfZGF0YS1iYXNpYyxub25fdHJhZGluZy1iYXNpYyxvcmRlcl9yZWFkX29ubHktYmFzaWMsYmFja190ZXN0XCIsXCJzb3VyY2VJcEFkZHJlc3NcIjpudWxsLFwidHdvRmFFeHBpcnlUc1wiOjE3NjU4NDUwMDAwMDB9IiwiaXNzIjoiYXBleC1hdXRoLXByb2QtYXBwIn0.gkS2mmjqxlU2xIixmUSGVsIizCOb8bhcHB7fTKWl0bUrYPl22vkwVFbbBMUNrG1mRnEA0a9WfDuDqL0djxld3Q' \
  --header 'X-API-VERSION: 1.0'

📊 3-min candle trend → CE (O1=105.0, C3=100.7)
Market Direction: CE
❌ Skipping trade — market direction conflicts with momentum.
Waiting for 3 mins to get another data.
🔍 Detecting best option between CE and PE for NIFTY 2025-12-16…
➡️  Searching CE between 80-130
➡️  Searching PE between 80-130
⚙️ Checking momentum for top 1 CE candidates...

🧭 Checking momentum for NIFTY25D1625950CE (5 samples, every 1s):
⚙️ Checking momentum for top 1 PE candidates...

🧭 Checking momentum for NIFTY25D1626050PE (5 samples, every 1s):
[NIFTY25D1625950CE] ⏱ Sample 1/5: LTP = ₹88.75
[NIFTY25D1626050PE] ⏱ Sample 1/5: LTP = ₹105.90
[NIFTY25D1625950CE] ⏱ Sample 2/5: LTP = ₹89.55
[NIFTY25D1626050PE] ⏱ Sample 2/5: LTP = ₹105.10
[NIFTY25D1625950CE] ⏱ Sample 3/5: LTP = ₹89.60
[NIFTY25D1626050PE] ⏱ Sample 3/5: LTP = ₹106.15
[NIFTY25D1625950CE] ⏱ Sample 4/5: LTP = ₹89.15
[NIFTY25D1626050PE] ⏱ Sample 4/5: LTP = ₹105.35
[NIFTY25D1625950CE] ⏱ Sample 5/5: LTP = ₹89.05
[NIFTY25D1626050PE] ⏱ Sample 5/5: LTP = ₹105.45
[NIFTY25D1625950CE] 📊 Avg Δ = -0.019%, Consistency = 50.0% → FLAT
[NIFTY25D1625950CE] 📈 Range ₹88.75 → ₹89.05

⚠️ No strong momentum found for CE (>0.25%, consistency >70%)
📊 Running momentum check for CE (NIFTY25D1625950CE)

🧭 Checking momentum for NIFTY25D1625950CE (5 samples, every 1s):
[NIFTY25D1626050PE] 📊 Avg Δ = -0.031%, Consistency = 50.0% → FLAT
[NIFTY25D1626050PE] 📈 Range ₹105.90 → ₹105.45

⚠️ No strong momentum found for PE (>0.3%, consistency >70%)
📊 Running momentum check for PE (NIFTY25D1626050PE)

🧭 Checking momentum for NIFTY25D1626050PE (5 samples, every 1s):
[NIFTY25D1625950CE] ⏱ Sample 1/5: LTP = ₹89.10
[NIFTY25D1626050PE] ⏱ Sample 1/5: LTP = ₹105.75
[NIFTY25D1625950CE] ⏱ Sample 2/5: LTP = ₹89.10
[NIFTY25D1626050PE] ⏱ Sample 2/5: LTP = ₹105.75
[NIFTY25D1625950CE] ⏱ Sample 3/5: LTP = ₹89.15
[NIFTY25D1626050PE] ⏱ Sample 3/5: LTP = ₹105.95
[NIFTY25D1625950CE] ⏱ Sample 4/5: LTP = ₹89.00
[NIFTY25D1626050PE] ⏱ Sample 4/5: LTP = ₹105.30
[NIFTY25D1625950CE] ⏱ Sample 5/5: LTP = ₹89.30
[NIFTY25D1626050PE] ⏱ Sample 5/5: LTP = ₹105.20
[NIFTY25D1625950CE] 📊 Avg Δ = 0.019%, Consistency = 50.0% → FLAT
[NIFTY25D1625950CE] 📈 Range ₹89.10 → ₹89.30

✅ Momentum for CE: {'symbol': 'NIFTY25D1625950CE', 'avg_change': np.float64(0.019), 'consistency': np.float64(50.0), 'direction': 'FLAT'}
🧩 Finished CE: NIFTY25D1625950CE, momentum={'symbol': 'NIFTY25D1625950CE', 'avg_change': np.float64(0.019), 'consistency': np.float64(50.0), 'direction': 'FLAT'}
[NIFTY25D1626050PE] 📊 Avg Δ = -0.158%, Consistency = 100.0% → FLAT
[NIFTY25D1626050PE] 📈 Range ₹105.75 → ₹105.20

✅ Momentum for PE: {'symbol': 'NIFTY25D1626050PE', 'avg_change': np.float64(-0.158), 'consistency': np.float64(100.0), 'direction': 'FLAT'}
🧩 Finished PE: NIFTY25D1626050PE, momentum={'symbol': 'NIFTY25D1626050PE', 'avg_change': np.float64(-0.158), 'consistency': np.float64(100.0), 'direction': 'FLAT'}
🧮 Comparing CE vs PE momentum...
📈 CE momentum: 0.019% (FLAT, 50.0%)
📉 PE momentum: -0.158% (FLAT, 100.0%)
⚖️  Momentum similar — choosing CE fallback
✅ Selected: NIFTY25D1625950CE (CE) | LTP=89.3 | lot_size=75 | groww_symbol=NSE-NIFTY-16Dec25-25950-CE

🌀 Generated cURL for Groww Candle API:
curl --location 'https://api.groww.in/v1/historical/candles?exchange=NSE&segment=FNO&groww_symbol=NSE-NIFTY-16Dec25-25950-CE&start_time=2025-12-15 10:55:21&end_time=2025-12-15 10:58:21&candle_interval=1minute' \
  --header 'Accept: application/json' \
  --header 'Authorization: Bearer eyJraWQiOiJaTUtjVXciLCJhbGciOiJFUzI1NiJ9.eyJleHAiOjE3NjU4NDUwMDAsImlhdCI6MTc2NTc3MzEwOCwibmJmIjoxNzY1NzczMTA4LCJzdWIiOiJ7XCJ0b2tlblJlZklkXCI6XCIxMTZmNWFiYi1kNGM3LTQ1ZDctYTI4MC1kY2NjZWZjNWEwYTdcIixcInZlbmRvckludGVncmF0aW9uS2V5XCI6XCJlMzFmZjIzYjA4NmI0MDZjODg3NGIyZjZkODQ5NTMxM1wiLFwidXNlckFjY291bnRJZFwiOlwiMmVlMjYyMjItN2MwNS00Y2IwLWIwM2MtNzAzYWRmNWVmN2RkXCIsXCJkZXZpY2VJZFwiOlwiNWQwYzdjODgtMGI1OS01MDU0LTk5ZTYtYWU5MzY5OTc2ZmRiXCIsXCJzZXNzaW9uSWRcIjpcIjRhYmQxNmY5LTIyNGYtNDk0MS04NGM5LTI4NWQ5OWM2MDIwN1wiLFwiYWRkaXRpb25hbERhdGFcIjpcIno1NC9NZzltdjE2WXdmb0gvS0EwYktvMDZXRlpjc241VUNmTWF5aERtNGxSTkczdTlLa2pWZDNoWjU1ZStNZERhWXBOVi9UOUxIRmtQejFFQisybTdRPT1cIixcInJvbGVcIjpcIm9yZGVyLWJhc2ljLGxpdmVfZGF0YS1iYXNpYyxub25fdHJhZGluZy1iYXNpYyxvcmRlcl9yZWFkX29ubHktYmFzaWMsYmFja190ZXN0XCIsXCJzb3VyY2VJcEFkZHJlc3NcIjpudWxsLFwidHdvRmFFeHBpcnlUc1wiOjE3NjU4NDUwMDAwMDB9IiwiaXNzIjoiYXBleC1hdXRoLXByb2QtYXBwIn0.gkS2mmjqxlU2xIixmUSGVsIizCOb8bhcHB7fTKWl0bUrYPl22vkwVFbbBMUNrG1mRnEA0a9WfDuDqL0djxld3Q' \
  --header 'X-API-VERSION: 1.0'

📊 3-min candle trend → PE (O1=92.8, C3=90.1)
Market Direction: PE
❌ Skipping trade — market direction conflicts with momentum.
Waiting for 3 mins to get another data.
🔍 Detecting best option between CE and PE for NIFTY 2025-12-16…
➡️  Searching CE between 80-130
➡️  Searching PE between 80-130
⚙️ Checking momentum for top 1 CE candidates...

🧭 Checking momentum for NIFTY25D1625950CE (5 samples, every 1s):
⚙️ Checking momentum for top 1 PE candidates...

🧭 Checking momentum for NIFTY25D1626050PE (5 samples, every 1s):
[NIFTY25D1625950CE] ⏱ Sample 1/5: LTP = ₹91.15
[NIFTY25D1626050PE] ⏱ Sample 1/5: LTP = ₹103.75
[NIFTY25D1625950CE] ⏱ Sample 2/5: LTP = ₹90.55
[NIFTY25D1626050PE] ⏱ Sample 2/5: LTP = ₹104.20
[NIFTY25D1625950CE] ⏱ Sample 3/5: LTP = ₹89.95
[NIFTY25D1626050PE] ⏱ Sample 3/5: LTP = ₹104.95
[NIFTY25D1625950CE] ⏱ Sample 4/5: LTP = ₹90.00
[NIFTY25D1626050PE] ⏱ Sample 4/5: LTP = ₹105.00
[NIFTY25D1625950CE] ⏱ Sample 5/5: LTP = ₹90.15
[NIFTY25D1626050PE] ⏱ Sample 5/5: LTP = ₹104.70
[NIFTY25D1625950CE] 📊 Avg Δ = -0.286%, Consistency = 100.0% → DOWN
[NIFTY25D1625950CE] 📈 Range ₹91.15 → ₹90.15

🏆 Selected CE: NIFTY25D1625950CE (DOWN | -0.29% | Consistency 100.0%)
📊 Running momentum check for CE (NIFTY25D1625950CE)

🧭 Checking momentum for NIFTY25D1625950CE (5 samples, every 1s):
[NIFTY25D1626050PE] 📊 Avg Δ = 0.279%, Consistency = 100.0% → UP
[NIFTY25D1626050PE] 📈 Range ₹103.75 → ₹104.70

⚠️ No strong momentum found for PE (>0.3%, consistency >70%)
📊 Running momentum check for PE (NIFTY25D1626050PE)

🧭 Checking momentum for NIFTY25D1626050PE (5 samples, every 1s):
[NIFTY25D1625950CE] ⏱ Sample 1/5: LTP = ₹90.20
[NIFTY25D1626050PE] ⏱ Sample 1/5: LTP = ₹104.95
[NIFTY25D1625950CE] ⏱ Sample 2/5: LTP = ₹89.80
[NIFTY25D1626050PE] ⏱ Sample 2/5: LTP = ₹104.50
[NIFTY25D1625950CE] ⏱ Sample 3/5: LTP = ₹90.15
[NIFTY25D1626050PE] ⏱ Sample 3/5: LTP = ₹104.80
[NIFTY25D1625950CE] ⏱ Sample 4/5: LTP = ₹89.95
[NIFTY25D1626050PE] ⏱ Sample 4/5: LTP = ₹105.05
[NIFTY25D1625950CE] ⏱ Sample 5/5: LTP = ₹89.85
[NIFTY25D1626050PE] ⏱ Sample 5/5: LTP = ₹104.65
[NIFTY25D1625950CE] 📊 Avg Δ = -0.037%, Consistency = 50.0% → FLAT
[NIFTY25D1625950CE] 📈 Range ₹90.20 → ₹89.85

✅ Momentum for CE: {'symbol': 'NIFTY25D1625950CE', 'avg_change': np.float64(-0.037), 'consistency': np.float64(50.0), 'direction': 'FLAT'}
🧩 Finished CE: NIFTY25D1625950CE, momentum={'symbol': 'NIFTY25D1625950CE', 'avg_change': np.float64(-0.037), 'consistency': np.float64(50.0), 'direction': 'FLAT'}
[NIFTY25D1626050PE] 📊 Avg Δ = 0.040%, Consistency = 100.0% → FLAT
[NIFTY25D1626050PE] 📈 Range ₹104.95 → ₹104.65

✅ Momentum for PE: {'symbol': 'NIFTY25D1626050PE', 'avg_change': np.float64(0.04), 'consistency': np.float64(100.0), 'direction': 'FLAT'}
🧩 Finished PE: NIFTY25D1626050PE, momentum={'symbol': 'NIFTY25D1626050PE', 'avg_change': np.float64(0.04), 'consistency': np.float64(100.0), 'direction': 'FLAT'}
🧮 Comparing CE vs PE momentum...
📈 CE momentum: -0.037% (FLAT, 50.0%)
📉 PE momentum: 0.040% (FLAT, 100.0%)
⚖️  Momentum similar — choosing PE fallback
✅ Selected: NIFTY25D1626050PE (PE) | LTP=104.3 | lot_size=75 | groww_symbol=NSE-NIFTY-16Dec25-26050-PE

🌀 Generated cURL for Groww Candle API:
curl --location 'https://api.groww.in/v1/historical/candles?exchange=NSE&segment=FNO&groww_symbol=NSE-NIFTY-16Dec25-26050-PE&start_time=2025-12-15 10:59:17&end_time=2025-12-15 11:02:17&candle_interval=1minute' \
  --header 'Accept: application/json' \
  --header 'Authorization: Bearer eyJraWQiOiJaTUtjVXciLCJhbGciOiJFUzI1NiJ9.eyJleHAiOjE3NjU4NDUwMDAsImlhdCI6MTc2NTc3MzEwOCwibmJmIjoxNzY1NzczMTA4LCJzdWIiOiJ7XCJ0b2tlblJlZklkXCI6XCIxMTZmNWFiYi1kNGM3LTQ1ZDctYTI4MC1kY2NjZWZjNWEwYTdcIixcInZlbmRvckludGVncmF0aW9uS2V5XCI6XCJlMzFmZjIzYjA4NmI0MDZjODg3NGIyZjZkODQ5NTMxM1wiLFwidXNlckFjY291bnRJZFwiOlwiMmVlMjYyMjItN2MwNS00Y2IwLWIwM2MtNzAzYWRmNWVmN2RkXCIsXCJkZXZpY2VJZFwiOlwiNWQwYzdjODgtMGI1OS01MDU0LTk5ZTYtYWU5MzY5OTc2ZmRiXCIsXCJzZXNzaW9uSWRcIjpcIjRhYmQxNmY5LTIyNGYtNDk0MS04NGM5LTI4NWQ5OWM2MDIwN1wiLFwiYWRkaXRpb25hbERhdGFcIjpcIno1NC9NZzltdjE2WXdmb0gvS0EwYktvMDZXRlpjc241VUNmTWF5aERtNGxSTkczdTlLa2pWZDNoWjU1ZStNZERhWXBOVi9UOUxIRmtQejFFQisybTdRPT1cIixcInJvbGVcIjpcIm9yZGVyLWJhc2ljLGxpdmVfZGF0YS1iYXNpYyxub25fdHJhZGluZy1iYXNpYyxvcmRlcl9yZWFkX29ubHktYmFzaWMsYmFja190ZXN0XCIsXCJzb3VyY2VJcEFkZHJlc3NcIjpudWxsLFwidHdvRmFFeHBpcnlUc1wiOjE3NjU4NDUwMDAwMDB9IiwiaXNzIjoiYXBleC1hdXRoLXByb2QtYXBwIn0.gkS2mmjqxlU2xIixmUSGVsIizCOb8bhcHB7fTKWl0bUrYPl22vkwVFbbBMUNrG1mRnEA0a9WfDuDqL0djxld3Q' \
  --header 'X-API-VERSION: 1.0'

📊 3-min candle trend → CE (O1=106.45, C3=105.0)
Market Direction: CE
❌ Skipping trade — market direction conflicts with momentum.
Waiting for 3 mins to get another data.
🔍 Detecting best option between CE and PE for NIFTY 2025-12-16…
➡️  Searching CE between 80-130
➡️  Searching PE between 80-130
⚙️ Checking momentum for top 1 CE candidates...

🧭 Checking momentum for NIFTY25D1625950CE (5 samples, every 1s):
⚙️ Checking momentum for top 1 PE candidates...

🧭 Checking momentum for NIFTY25D1626050PE (5 samples, every 1s):
[NIFTY25D1625950CE] ⏱ Sample 1/5: LTP = ₹84.35
[NIFTY25D1626050PE] ⏱ Sample 1/5: LTP = ₹109.80
[NIFTY25D1625950CE] ⏱ Sample 2/5: LTP = ₹84.40
[NIFTY25D1626050PE] ⏱ Sample 2/5: LTP = ₹109.40
[NIFTY25D1625950CE] ⏱ Sample 3/5: LTP = ₹84.15
[NIFTY25D1626050PE] ⏱ Sample 3/5: LTP = ₹110.40
[NIFTY25D1625950CE] ⏱ Sample 4/5: LTP = ₹83.90
[NIFTY25D1626050PE] ⏱ Sample 4/5: LTP = ₹110.05
[NIFTY25D1625950CE] ⏱ Sample 5/5: LTP = ₹84.25
[NIFTY25D1626050PE] ⏱ Sample 5/5: LTP = ₹109.55
[NIFTY25D1625950CE] 📊 Avg Δ = -0.119%, Consistency = 100.0% → FLAT
[NIFTY25D1625950CE] 📈 Range ₹84.35 → ₹84.25

⚠️ No strong momentum found for CE (>0.25%, consistency >70%)
📊 Running momentum check for CE (NIFTY25D1625950CE)

🧭 Checking momentum for NIFTY25D1625950CE (5 samples, every 1s):
[NIFTY25D1625950CE] ⏱ Sample 1/5: LTP = ₹84.10
[NIFTY25D1626050PE] 📊 Avg Δ = 0.061%, Consistency = 100.0% → FLAT
[NIFTY25D1626050PE] 📈 Range ₹109.80 → ₹109.55

⚠️ No strong momentum found for PE (>0.3%, consistency >70%)
📊 Running momentum check for PE (NIFTY25D1626050PE)

🧭 Checking momentum for NIFTY25D1626050PE (5 samples, every 1s):
[NIFTY25D1626050PE] ⏱ Sample 1/5: LTP = ₹109.70
[NIFTY25D1625950CE] ⏱ Sample 2/5: LTP = ₹84.20
[NIFTY25D1626050PE] ⏱ Sample 2/5: LTP = ₹109.00
[NIFTY25D1625950CE] ⏱ Sample 3/5: LTP = ₹85.40
[NIFTY25D1626050PE] ⏱ Sample 3/5: LTP = ₹108.05
[NIFTY25D1625950CE] ⏱ Sample 4/5: LTP = ₹84.85
[NIFTY25D1626050PE] ⏱ Sample 4/5: LTP = ₹108.35
[NIFTY25D1625950CE] ⏱ Sample 5/5: LTP = ₹85.30
[NIFTY25D1626050PE] ⏱ Sample 5/5: LTP = ₹108.75
[NIFTY25D1625950CE] 📊 Avg Δ = 0.364%, Consistency = 100.0% → UP
[NIFTY25D1625950CE] 📈 Range ₹84.10 → ₹85.30

✅ Momentum for CE: {'symbol': 'NIFTY25D1625950CE', 'avg_change': np.float64(0.364), 'consistency': np.float64(100.0), 'direction': 'UP'}
🧩 Finished CE: NIFTY25D1625950CE, momentum={'symbol': 'NIFTY25D1625950CE', 'avg_change': np.float64(0.364), 'consistency': np.float64(100.0), 'direction': 'UP'}
[NIFTY25D1626050PE] 📊 Avg Δ = -0.245%, Consistency = 100.0% → FLAT
[NIFTY25D1626050PE] 📈 Range ₹109.70 → ₹108.75

✅ Momentum for PE: {'symbol': 'NIFTY25D1626050PE', 'avg_change': np.float64(-0.245), 'consistency': np.float64(100.0), 'direction': 'FLAT'}
🧩 Finished PE: NIFTY25D1626050PE, momentum={'symbol': 'NIFTY25D1626050PE', 'avg_change': np.float64(-0.245), 'consistency': np.float64(100.0), 'direction': 'FLAT'}
🧮 Comparing CE vs PE momentum...
📈 CE momentum: 0.364% (UP, 100.0%)
📉 PE momentum: -0.245% (FLAT, 100.0%)
✅ Selected CE (stronger momentum)
✅ Selected: NIFTY25D1625950CE (CE) | LTP=87.35 | lot_size=75 | groww_symbol=NSE-NIFTY-16Dec25-25950-CE

🌀 Generated cURL for Groww Candle API:
curl --location 'https://api.groww.in/v1/historical/candles?exchange=NSE&segment=FNO&groww_symbol=NSE-NIFTY-16Dec25-25950-CE&start_time=2025-12-15 11:03:16&end_time=2025-12-15 11:06:16&candle_interval=1minute' \
  --header 'Accept: application/json' \
  --header 'Authorization: Bearer eyJraWQiOiJaTUtjVXciLCJhbGciOiJFUzI1NiJ9.eyJleHAiOjE3NjU4NDUwMDAsImlhdCI6MTc2NTc3MzEwOCwibmJmIjoxNzY1NzczMTA4LCJzdWIiOiJ7XCJ0b2tlblJlZklkXCI6XCIxMTZmNWFiYi1kNGM3LTQ1ZDctYTI4MC1kY2NjZWZjNWEwYTdcIixcInZlbmRvckludGVncmF0aW9uS2V5XCI6XCJlMzFmZjIzYjA4NmI0MDZjODg3NGIyZjZkODQ5NTMxM1wiLFwidXNlckFjY291bnRJZFwiOlwiMmVlMjYyMjItN2MwNS00Y2IwLWIwM2MtNzAzYWRmNWVmN2RkXCIsXCJkZXZpY2VJZFwiOlwiNWQwYzdjODgtMGI1OS01MDU0LTk5ZTYtYWU5MzY5OTc2ZmRiXCIsXCJzZXNzaW9uSWRcIjpcIjRhYmQxNmY5LTIyNGYtNDk0MS04NGM5LTI4NWQ5OWM2MDIwN1wiLFwiYWRkaXRpb25hbERhdGFcIjpcIno1NC9NZzltdjE2WXdmb0gvS0EwYktvMDZXRlpjc241VUNmTWF5aERtNGxSTkczdTlLa2pWZDNoWjU1ZStNZERhWXBOVi9UOUxIRmtQejFFQisybTdRPT1cIixcInJvbGVcIjpcIm9yZGVyLWJhc2ljLGxpdmVfZGF0YS1iYXNpYyxub25fdHJhZGluZy1iYXNpYyxvcmRlcl9yZWFkX29ubHktYmFzaWMsYmFja190ZXN0XCIsXCJzb3VyY2VJcEFkZHJlc3NcIjpudWxsLFwidHdvRmFFeHBpcnlUc1wiOjE3NjU4NDUwMDAwMDB9IiwiaXNzIjoiYXBleC1hdXRoLXByb2QtYXBwIn0.gkS2mmjqxlU2xIixmUSGVsIizCOb8bhcHB7fTKWl0bUrYPl22vkwVFbbBMUNrG1mRnEA0a9WfDuDqL0djxld3Q' \
  --header 'X-API-VERSION: 1.0'

📊 3-min candle trend → PE (O1=86.05, C3=84.95)
Market Direction: PE
❌ Skipping trade — market direction conflicts with momentum.
Waiting for 3 mins to get another data.
🔍 Detecting best option between CE and PE for NIFTY 2025-12-16…
➡️  Searching CE between 80-130
➡️  Searching PE between 80-130
⚠️ No affordable instruments for NIFTY 2025-12-16 CE
⚠️ No instrument found for CE
🧩 Finished CE: None, momentum=None
⚙️ Checking momentum for top 2 PE candidates...

🧭 Checking momentum for NIFTY25D1626050PE (5 samples, every 1s):

🧭 Checking momentum for NIFTY25D1626000PE (5 samples, every 1s):
[NIFTY25D1626050PE] ⏱ Sample 1/5: LTP = ₹114.80
[NIFTY25D1626000PE] ⏱ Sample 1/5: LTP = ₹83.95
[NIFTY25D1626050PE] ⏱ Sample 2/5: LTP = ₹113.40
[NIFTY25D1626000PE] ⏱ Sample 2/5: LTP = ₹82.75
[NIFTY25D1626050PE] ⏱ Sample 3/5: LTP = ₹113.35
[NIFTY25D1626000PE] ⏱ Sample 3/5: LTP = ₹83.70
[NIFTY25D1626050PE] ⏱ Sample 4/5: LTP = ₹114.25
[NIFTY25D1626000PE] ⏱ Sample 4/5: LTP = ₹83.40
[NIFTY25D1626050PE] ⏱ Sample 5/5: LTP = ₹113.75
[NIFTY25D1626000PE] ⏱ Sample 5/5: LTP = ₹82.95
[NIFTY25D1626050PE] 📊 Avg Δ = -0.029%, Consistency = 50.0% → FLAT
[NIFTY25D1626050PE] 📈 Range ₹114.80 → ₹113.75

[NIFTY25D1626000PE] 📊 Avg Δ = -0.070%, Consistency = 50.0% → FLAT
[NIFTY25D1626000PE] 📈 Range ₹83.95 → ₹82.95

⚠️ No strong momentum found for PE (>0.3%, consistency >70%)
📊 Running momentum check for PE (NIFTY25D1626050PE)

🧭 Checking momentum for NIFTY25D1626050PE (5 samples, every 1s):
[NIFTY25D1626050PE] ⏱ Sample 1/5: LTP = ₹113.15
[NIFTY25D1626050PE] ⏱ Sample 2/5: LTP = ₹113.10
[NIFTY25D1626050PE] ⏱ Sample 3/5: LTP = ₹113.20
[NIFTY25D1626050PE] ⏱ Sample 4/5: LTP = ₹113.15
[NIFTY25D1626050PE] ⏱ Sample 5/5: LTP = ₹112.60
[NIFTY25D1626050PE] 📊 Avg Δ = -0.074%, Consistency = 50.0% → FLAT
[NIFTY25D1626050PE] 📈 Range ₹113.15 → ₹112.60

✅ Momentum for PE: {'symbol': 'NIFTY25D1626050PE', 'avg_change': np.float64(-0.074), 'consistency': np.float64(50.0), 'direction': 'FLAT'}
🧩 Finished PE: NIFTY25D1626050PE, momentum={'symbol': 'NIFTY25D1626050PE', 'avg_change': np.float64(-0.074), 'consistency': np.float64(50.0), 'direction': 'FLAT'}
🧮 Comparing CE vs PE momentum...
✅ Selected: NIFTY25D1626050PE (PE) | LTP=111.2 | lot_size=75 | groww_symbol=NSE-NIFTY-16Dec25-26050-PE

🌀 Generated cURL for Groww Candle API:
curl --location 'https://api.groww.in/v1/historical/candles?exchange=NSE&segment=FNO&groww_symbol=NSE-NIFTY-16Dec25-26050-PE&start_time=2025-12-15 11:07:12&end_time=2025-12-15 11:10:12&candle_interval=1minute' \
  --header 'Accept: application/json' \
  --header 'Authorization: Bearer eyJraWQiOiJaTUtjVXciLCJhbGciOiJFUzI1NiJ9.eyJleHAiOjE3NjU4NDUwMDAsImlhdCI6MTc2NTc3MzEwOCwibmJmIjoxNzY1NzczMTA4LCJzdWIiOiJ7XCJ0b2tlblJlZklkXCI6XCIxMTZmNWFiYi1kNGM3LTQ1ZDctYTI4MC1kY2NjZWZjNWEwYTdcIixcInZlbmRvckludGVncmF0aW9uS2V5XCI6XCJlMzFmZjIzYjA4NmI0MDZjODg3NGIyZjZkODQ5NTMxM1wiLFwidXNlckFjY291bnRJZFwiOlwiMmVlMjYyMjItN2MwNS00Y2IwLWIwM2MtNzAzYWRmNWVmN2RkXCIsXCJkZXZpY2VJZFwiOlwiNWQwYzdjODgtMGI1OS01MDU0LTk5ZTYtYWU5MzY5OTc2ZmRiXCIsXCJzZXNzaW9uSWRcIjpcIjRhYmQxNmY5LTIyNGYtNDk0MS04NGM5LTI4NWQ5OWM2MDIwN1wiLFwiYWRkaXRpb25hbERhdGFcIjpcIno1NC9NZzltdjE2WXdmb0gvS0EwYktvMDZXRlpjc241VUNmTWF5aERtNGxSTkczdTlLa2pWZDNoWjU1ZStNZERhWXBOVi9UOUxIRmtQejFFQisybTdRPT1cIixcInJvbGVcIjpcIm9yZGVyLWJhc2ljLGxpdmVfZGF0YS1iYXNpYyxub25fdHJhZGluZy1iYXNpYyxvcmRlcl9yZWFkX29ubHktYmFzaWMsYmFja190ZXN0XCIsXCJzb3VyY2VJcEFkZHJlc3NcIjpudWxsLFwidHdvRmFFeHBpcnlUc1wiOjE3NjU4NDUwMDAwMDB9IiwiaXNzIjoiYXBleC1hdXRoLXByb2QtYXBwIn0.gkS2mmjqxlU2xIixmUSGVsIizCOb8bhcHB7fTKWl0bUrYPl22vkwVFbbBMUNrG1mRnEA0a9WfDuDqL0djxld3Q' \
  --header 'X-API-VERSION: 1.0'

📊 3-min candle trend → PE (O1=109.5, C3=112.8)
Market Direction: PE
✅ Market direction CONFIRMS momentum → proceeding with order.
➡️ Placing auto order: {'symbol': 'NIFTY25D1626050PE', 'ltp': 111.2, 'lots': 14, 'book_profit': 1050.0, 'lot_size': 75, 'side': 'BUY'} ====== [2025-12-15 11:10:13]
🔹 Auto order => NIFTY25D1626050PE, qty=1050, book@1050.0 ====== [2025-12-15 11:10:14]
💰 LTP for NSE_NIFTY25D1626050PE: ₹112.3 ====== [2025-12-15 11:10:15]
✅ Auto Buy placed: :{'groww_order_id': 'GMKFO251215111015ZU9YFVKZSDGP', 'order_status': 'NEW', 'order_reference_id': '51803716', 'remark': None} ======= [2025-12-15 11:10:16]
📈 Trailing started...
🔼 New High: ₹112.95
🔼 New High: ₹113.2
🔼 New High: ₹113.75
🔼 New High: ₹114.3
📉 Trail Active | LTP=114.3 | Exit=113.55
📉 Trail Active | LTP=113.9 | Exit=113.55
📉 Trail Active | LTP=113.95 | Exit=113.55
📉 Trail Active | LTP=112.45 | Exit=113.55
🔻 Trailing HIT @ 112.45
Waiting for 1 min to get another data.
🔍 Detecting best option between CE and PE for NIFTY 2025-12-16…
➡️  Searching CE between 80-130
➡️  Searching PE between 80-130
⚙️ Checking momentum for top 1 PE candidates...

🧭 Checking momentum for NIFTY25D1626050PE (5 samples, every 1s):
[NIFTY25D1626050PE] ⏱ Sample 1/5: LTP = ₹109.75
[NIFTY25D1626050PE] ⏱ Sample 2/5: LTP = ₹107.95
[NIFTY25D1626050PE] ⏱ Sample 3/5: LTP = ₹107.85
⚙️ Checking momentum for top 1 CE candidates...

🧭 Checking momentum for NIFTY25D1625950CE (5 samples, every 1s):
[NIFTY25D1625950CE] ⏱ Sample 1/5: LTP = ₹87.00
[NIFTY25D1626050PE] ⏱ Sample 4/5: LTP = ₹106.65
[NIFTY25D1625950CE] ⏱ Sample 2/5: LTP = ₹86.90
[NIFTY25D1626050PE] ⏱ Sample 5/5: LTP = ₹106.25
[NIFTY25D1625950CE] ⏱ Sample 3/5: LTP = ₹87.20
[NIFTY25D1626050PE] 📊 Avg Δ = -0.740%, Consistency = 100.0% → DOWN
[NIFTY25D1626050PE] 📈 Range ₹109.75 → ₹106.25

🏆 Selected PE: NIFTY25D1626050PE (DOWN | -0.74% | Consistency 100.0%)
📊 Running momentum check for PE (NIFTY25D1626050PE)

🧭 Checking momentum for NIFTY25D1626050PE (5 samples, every 1s):
[NIFTY25D1626050PE] ⏱ Sample 1/5: LTP = ₹106.55
[NIFTY25D1625950CE] ⏱ Sample 4/5: LTP = ₹86.05
[NIFTY25D1626050PE] ⏱ Sample 2/5: LTP = ₹107.25
[NIFTY25D1625950CE] ⏱ Sample 5/5: LTP = ₹86.00
[NIFTY25D1626050PE] ⏱ Sample 3/5: LTP = ₹108.10
[NIFTY25D1625950CE] 📊 Avg Δ = -0.355%, Consistency = 100.0% → DOWN
[NIFTY25D1625950CE] 📈 Range ₹87.00 → ₹86.00

🏆 Selected CE: NIFTY25D1625950CE (DOWN | -0.35% | Consistency 100.0%)
📊 Running momentum check for CE (NIFTY25D1625950CE)

🧭 Checking momentum for NIFTY25D1625950CE (5 samples, every 1s):
[NIFTY25D1625950CE] ⏱ Sample 1/5: LTP = ₹85.25
[NIFTY25D1626050PE] ⏱ Sample 4/5: LTP = ₹108.30
[NIFTY25D1625950CE] ⏱ Sample 2/5: LTP = ₹85.35
[NIFTY25D1626050PE] ⏱ Sample 5/5: LTP = ₹107.70
[NIFTY25D1625950CE] ⏱ Sample 3/5: LTP = ₹86.15
[NIFTY25D1626050PE] 📊 Avg Δ = 0.341%, Consistency = 100.0% → UP
[NIFTY25D1626050PE] 📈 Range ₹106.55 → ₹107.70

✅ Momentum for PE: {'symbol': 'NIFTY25D1626050PE', 'avg_change': np.float64(0.341), 'consistency': np.float64(100.0), 'direction': 'UP'}
🧩 Finished PE: NIFTY25D1626050PE, momentum={'symbol': 'NIFTY25D1626050PE', 'avg_change': np.float64(0.341), 'consistency': np.float64(100.0), 'direction': 'UP'}
[NIFTY25D1625950CE] ⏱ Sample 4/5: LTP = ₹86.05
[NIFTY25D1625950CE] ⏱ Sample 5/5: LTP = ₹86.20
[NIFTY25D1625950CE] 📊 Avg Δ = 0.321%, Consistency = 100.0% → UP
[NIFTY25D1625950CE] 📈 Range ₹85.25 → ₹86.20

✅ Momentum for CE: {'symbol': 'NIFTY25D1625950CE', 'avg_change': np.float64(0.321), 'consistency': np.float64(100.0), 'direction': 'UP'}
🧩 Finished CE: NIFTY25D1625950CE, momentum={'symbol': 'NIFTY25D1625950CE', 'avg_change': np.float64(0.321), 'consistency': np.float64(100.0), 'direction': 'UP'}
🧮 Comparing CE vs PE momentum...
📈 CE momentum: 0.321% (UP, 100.0%)
📉 PE momentum: 0.341% (UP, 100.0%)
⚖️  Momentum similar — choosing PE fallback
✅ Selected: NIFTY25D1626050PE (PE) | LTP=109.4 | lot_size=75 | groww_symbol=NSE-NIFTY-16Dec25-26050-PE

🌀 Generated cURL for Groww Candle API:
curl --location 'https://api.groww.in/v1/historical/candles?exchange=NSE&segment=FNO&groww_symbol=NSE-NIFTY-16Dec25-26050-PE&start_time=2025-12-15 11:09:23&end_time=2025-12-15 11:12:23&candle_interval=1minute' \
  --header 'Accept: application/json' \
  --header 'Authorization: Bearer eyJraWQiOiJaTUtjVXciLCJhbGciOiJFUzI1NiJ9.eyJleHAiOjE3NjU4NDUwMDAsImlhdCI6MTc2NTc3MzEwOCwibmJmIjoxNzY1NzczMTA4LCJzdWIiOiJ7XCJ0b2tlblJlZklkXCI6XCIxMTZmNWFiYi1kNGM3LTQ1ZDctYTI4MC1kY2NjZWZjNWEwYTdcIixcInZlbmRvckludGVncmF0aW9uS2V5XCI6XCJlMzFmZjIzYjA4NmI0MDZjODg3NGIyZjZkODQ5NTMxM1wiLFwidXNlckFjY291bnRJZFwiOlwiMmVlMjYyMjItN2MwNS00Y2IwLWIwM2MtNzAzYWRmNWVmN2RkXCIsXCJkZXZpY2VJZFwiOlwiNWQwYzdjODgtMGI1OS01MDU0LTk5ZTYtYWU5MzY5OTc2ZmRiXCIsXCJzZXNzaW9uSWRcIjpcIjRhYmQxNmY5LTIyNGYtNDk0MS04NGM5LTI4NWQ5OWM2MDIwN1wiLFwiYWRkaXRpb25hbERhdGFcIjpcIno1NC9NZzltdjE2WXdmb0gvS0EwYktvMDZXRlpjc241VUNmTWF5aERtNGxSTkczdTlLa2pWZDNoWjU1ZStNZERhWXBOVi9UOUxIRmtQejFFQisybTdRPT1cIixcInJvbGVcIjpcIm9yZGVyLWJhc2ljLGxpdmVfZGF0YS1iYXNpYyxub25fdHJhZGluZy1iYXNpYyxvcmRlcl9yZWFkX29ubHktYmFzaWMsYmFja190ZXN0XCIsXCJzb3VyY2VJcEFkZHJlc3NcIjpudWxsLFwidHdvRmFFeHBpcnlUc1wiOjE3NjU4NDUwMDAwMDB9IiwiaXNzIjoiYXBleC1hdXRoLXByb2QtYXBwIn0.gkS2mmjqxlU2xIixmUSGVsIizCOb8bhcHB7fTKWl0bUrYPl22vkwVFbbBMUNrG1mRnEA0a9WfDuDqL0djxld3Q' \
  --header 'X-API-VERSION: 1.0'

📊 3-min candle trend → CE (O1=113.15, C3=109.2)
Market Direction: CE
❌ Skipping trade — market direction conflicts with momentum.
Waiting for 3 mins to get another data.
Traceback (most recent call last):
  File "C:\Users\HITS\eclipse-workspace\Groww_Python_Trading_Bot\QA_env_sample_test_groww_option_trading_final_bot.py", line 1300, in <module>
    if mode in ["a", "auto"]:
        ^^^^^^^^^^^^^^^^^^
  File "C:\Users\HITS\eclipse-workspace\Groww_Python_Trading_Bot\QA_env_sample_test_groww_option_trading_final_bot.py", line 1284, in auto_mode_runner
    print("Waiting for 3 mins to get another data.")
    ^^^^^^^^^^^^^^^
KeyboardInterrupt
