📝 Logging started. Log file: C:\Users\HITS\eclipse-workspace\Groww_Python_Trading_Bot\logs\Groww_Bot_2025-11-29_23-43-40.log
Ready to Groww!
eyJraWQiOiJaTUtjVXciLCJhbGciOiJFUzI1NiJ9.eyJleHAiOjE3NjQ0NjI2MDAsImlhdCI6MTc2NDQ0MDAyMiwibmJmIjoxNzY0NDQwMDIyLCJzdWIiOiJ7XCJ0b2tlblJlZklkXCI6XCJmYWU5NmJiMy05OTM2LTRkNWYtYThlZC1mMWVmZDhjOWM2ZDRcIixcInZlbmRvckludGVncmF0aW9uS2V5XCI6XCJlMzFmZjIzYjA4NmI0MDZjODg3NGIyZjZkODQ5NTMxM1wiLFwidXNlckFjY291bnRJZFwiOlwiMmVlMjYyMjItN2MwNS00Y2IwLWIwM2MtNzAzYWRmNWVmN2RkXCIsXCJkZXZpY2VJZFwiOlwiNWQwYzdjODgtMGI1OS01MDU0LTk5ZTYtYWU5MzY5OTc2ZmRiXCIsXCJzZXNzaW9uSWRcIjpcIjMwZDA5OGNkLTM2ZGEtNDIyYi1iNWZmLTc1MjkzYzBiNzRmY1wiLFwiYWRkaXRpb25hbERhdGFcIjpcIno1NC9NZzltdjE2WXdmb0gvS0EwYktvMDZXRlpjc241VUNmTWF5aERtNGxSTkczdTlLa2pWZDNoWjU1ZStNZERhWXBOVi9UOUxIRmtQejFFQisybTdRPT1cIixcInJvbGVcIjpcIm9yZGVyLWJhc2ljLGxpdmVfZGF0YS1iYXNpYyxub25fdHJhZGluZy1iYXNpYyxvcmRlcl9yZWFkX29ubHktYmFzaWMsYmFja190ZXN0XCIsXCJzb3VyY2VJcEFkZHJlc3NcIjpcIjE4Mi42OC4yNDkuMTA4LDE3Mi42OS44Ny4xMTksMzQuOC4yOS4yNDZcIixcInR3b0ZhRXhwaXJ5VHNcIjoxNzY0NDYyNjAwMDAwfSIsImlzcyI6ImFwZXgtYXV0aC1wcm9kLWFwcCJ9.KAgByigbg_r2HQni6NSQmUUzV5oHG9xW4BMZs23NX0Zp3v3liOBg5RuKIFvDGOCMEh0zeYr18rd_dU5_3-Yplw
✅ Groww API Initialized Successfully
✅ Converted 'C:\Users\HITS\Downloads\instrument (1).csv' → 'C:\Users\HITS\Downloads\instrument (1).json'
📊 Live NIFTY Spot: 26202.95
✅ Converted 'C:\Users\HITS\Downloads\instrument (1).csv' → 'C:\Users\HITS\Downloads\instrument (1).json'
🎯 Filtering NIFTY 04/11/2025 instruments between 25700–26700 (Spot=26202.95)
✅ Loaded 316 filtered instruments (out of 105971)

✨ Groww NIFTY CP Bot Ready (Groww backend)
You can run in MANUAL or AUTO mode.
Manual example: Buy 14 NIFTY04NOV2525950CE at CP and Book at 1050

Choose mode: (m)anual / (a)uto / (q)uit: 
--- AUTO MODE (momentum + premium) ---
🔍 Detecting best option between CE and PE for NIFTY 04/11/2025…
➡️  Searching CE between 80-130
➡️  Searching PE between 80-130
⚠️ No instruments for NIFTY 04/11/2025 CE
⚠️ No instrument found for CE
⚙️ Checking momentum for top 1 PE candidates...

🧭 Checking momentum for NIFTY25N0425700PE (5 samples, every 1s):
[NIFTY25N0425700PE] ⏱ Sample 1/5: LTP = ₹102.25
[NIFTY25N0425700PE] ⏱ Sample 2/5: LTP = ₹102.25
[NIFTY25N0425700PE] ⏱ Sample 3/5: LTP = ₹102.25
[NIFTY25N0425700PE] ⏱ Sample 4/5: LTP = ₹102.25
[NIFTY25N0425700PE] ⏱ Sample 5/5: LTP = ₹102.25
[NIFTY25N0425700PE] ⚠️ Too noisy for reliable momentum reading
⚠️ No strong momentum found for PE (>0.3%, consistency >70%)
📊 Running momentum check for PE (NIFTY25N0425700PE)

🧭 Checking momentum for NIFTY25N0425700PE (5 samples, every 1s):
[NIFTY25N0425700PE] ⏱ Sample 1/5: LTP = ₹102.25
[NIFTY25N0425700PE] ⏱ Sample 2/5: LTP = ₹102.25
[NIFTY25N0425700PE] ⏱ Sample 3/5: LTP = ₹102.25
[NIFTY25N0425700PE] ⏱ Sample 4/5: LTP = ₹102.25
[NIFTY25N0425700PE] ⏱ Sample 5/5: LTP = ₹102.25
[NIFTY25N0425700PE] ⚠️ Too noisy for reliable momentum reading
✅ Momentum for PE: None
Traceback (most recent call last):
  File "C:\Users\HITS\eclipse-workspace\Groww_Python_Trading_Bot\groww_option_trading_final_bot.py", line 1244, in <module>
    auto_mode_runner()
  File "C:\Users\HITS\eclipse-workspace\Groww_Python_Trading_Bot\groww_option_trading_final_bot.py", line 1186, in auto_mode_runner
    opt_result = detect_option_type_parallel(index, expiry, min_p, max_p, lots)
                 ^^^^^^^^^^^^^^^^^^^^^^^^^^^^^^^^^^^^^^^^^^^^^^^^^^^^^^^^^^^^^^
  File "C:\Users\HITS\eclipse-workspace\Groww_Python_Trading_Bot\groww_option_trading_final_bot.py", line 834, in detect_option_type_parallel
    for future in as_completed(futures):
  File "C:\Program Files\Python312\Lib\concurrent\futures\_base.py", line 243, in as_completed
    waiter.event.wait(wait_timeout)
  File "C:\Program Files\Python312\Lib\threading.py", line 655, in wait
    signaled = self._cond.wait(timeout)
               ^^^^^^^^^^^^^^^^^^^^^^^^
  File "C:\Program Files\Python312\Lib\threading.py", line 355, in wait
    waiter.acquire()
KeyboardInterrupt
