📝 Logging started. Log file: C:\Users\HITS\eclipse-workspace\Groww_Python_Trading_Bot\logs\Groww_Bot_2025-10-31_13-01-52.log
Ready to Groww!
eyJraWQiOiJaTUtjVXciLCJhbGciOiJFUzI1NiJ9.eyJleHAiOjE3NjE5NTcwMDAsImlhdCI6MTc2MTg5NTkxMiwibmJmIjoxNzYxODk1OTEyLCJzdWIiOiJ7XCJ0b2tlblJlZklkXCI6XCI3ZjRkY2FmMy1iZDliLTRmMWMtOGY5OS0wODViZTY3M2UxY2FcIixcInZlbmRvckludGVncmF0aW9uS2V5XCI6XCJlMzFmZjIzYjA4NmI0MDZjODg3NGIyZjZkODQ5NTMxM1wiLFwidXNlckFjY291bnRJZFwiOlwiMmVlMjYyMjItN2MwNS00Y2IwLWIwM2MtNzAzYWRmNWVmN2RkXCIsXCJkZXZpY2VJZFwiOlwiNWQwYzdjODgtMGI1OS01MDU0LTk5ZTYtYWU5MzY5OTc2ZmRiXCIsXCJzZXNzaW9uSWRcIjpcIjFmNzMxYzhiLTNmZDktNDg4MC04NTBjLTI5YmUwOWRiOThkMVwiLFwiYWRkaXRpb25hbERhdGFcIjpcIno1NC9NZzltdjE2WXdmb0gvS0EwYktvMDZXRlpjc241VUNmTWF5aERtNGxSTkczdTlLa2pWZDNoWjU1ZStNZERhWXBOVi9UOUxIRmtQejFFQisybTdRPT1cIixcInJvbGVcIjpcIm9yZGVyLWJhc2ljLGxpdmVfZGF0YS1iYXNpYyxub25fdHJhZGluZy1iYXNpYyxvcmRlcl9yZWFkX29ubHktYmFzaWMsYmFja190ZXN0XCIsXCJzb3VyY2VJcEFkZHJlc3NcIjpudWxsLFwidHdvRmFFeHBpcnlUc1wiOjE3NjE5NTcwMDAwMDB9IiwiaXNzIjoiYXBleC1hdXRoLXByb2QtYXBwIn0.eFkthL31e_CFfP6aK4IcDJDmeRVCmaXJO-YFQcGCE2_gj83aFu8kcse9f8MnFji7sMZKS68cWadJyn04AUSsCg
✅ Groww API Initialized Successfully
✅ Converted 'C:\Users\HITS\Downloads\instrument (1).csv' → 'C:\Users\HITS\Downloads\instrument (1).json'
📊 Live NIFTY Spot: 25794.55
✅ Converted 'C:\Users\HITS\Downloads\instrument (1).csv' → 'C:\Users\HITS\Downloads\instrument (1).json'
🎯 Filtering NIFTY 04/11/2025 instruments between 25300–26300 (Spot=25794.55)
✅ Loaded 316 filtered instruments (out of 105971)

✨ Groww NIFTY CP Bot Ready (Groww backend)
You can run in MANUAL or AUTO mode.
Manual example: Buy 14 NIFTY04NOV2525950CE at CP and Book at 1050

Choose mode: (m)anual / (a)uto / (q)uit: 
--- AUTO MODE (momentum + premium) ---
🔍 Detecting best option between CE and PE for NIFTY 04/11/2025…
➡️  Searching CE between 80-130
➡️  Searching PE between 80-130
⚙️ Checking momentum for top 2 CE candidates...

🧭 Checking momentum for NIFTY25N0425850CE (5 samples, every 1s):

🧭 Checking momentum for NIFTY25N0425800CE (5 samples, every 1s):
[NIFTY25N0425850CE] ⏱ Sample 1/5: LTP = ₹95.10
[NIFTY25N0425800CE] ⏱ Sample 1/5: LTP = ₹121.25
[NIFTY25N0425850CE] ⏱ Sample 2/5: LTP = ₹95.40
⚙️ Checking momentum for top 2 PE candidates...

🧭 Checking momentum for NIFTY25N0425850PE (5 samples, every 1s):

🧭 Checking momentum for NIFTY25N0425800PE (5 samples, every 1s):
[NIFTY25N0425800CE] ⏱ Sample 2/5: LTP = ₹121.10
[NIFTY25N0425850PE] ⏱ Sample 1/5: LTP = ₹108.00
[NIFTY25N0425800PE] ⏱ Sample 1/5: LTP = ₹84.25
[NIFTY25N0425850CE] ⏱ Sample 3/5: LTP = ₹95.70
[NIFTY25N0425800CE] ⏱ Sample 3/5: LTP = ₹121.90
[NIFTY25N0425850PE] ⏱ Sample 2/5: LTP = ₹107.75
[NIFTY25N0425800PE] ⏱ Sample 2/5: LTP = ₹83.80
[NIFTY25N0425850CE] ⏱ Sample 4/5: LTP = ₹96.15
[NIFTY25N0425800CE] ⏱ Sample 4/5: LTP = ₹122.50
[NIFTY25N0425850PE] ⏱ Sample 3/5: LTP = ₹106.55
[NIFTY25N0425800PE] ⏱ Sample 3/5: LTP = ₹82.55
[NIFTY25N0425850CE] ⏱ Sample 5/5: LTP = ₹96.95
[NIFTY25N0425800CE] ⏱ Sample 5/5: LTP = ₹123.70
[NIFTY25N0425850CE] 📊 Avg Δ = 0.453%, Consistency = 100.0% → UP
[NIFTY25N0425850CE] 📈 Range ₹95.10 → ₹96.95

[NIFTY25N0425850PE] ⏱ Sample 4/5: LTP = ₹105.90
[NIFTY25N0425800CE] 📊 Avg Δ = 0.527%, Consistency = 100.0% → UP
[NIFTY25N0425800CE] 📈 Range ₹121.25 → ₹123.70

🏆 Selected CE: NIFTY25N0425800CE (UP | 0.53% | Consistency 100.0%)
📊 Running momentum check for CE (NIFTY25N0425800CE)

🧭 Checking momentum for NIFTY25N0425800CE (5 samples, every 1s):
[NIFTY25N0425800PE] ⏱ Sample 4/5: LTP = ₹82.60
[NIFTY25N0425800CE] ⏱ Sample 1/5: LTP = ₹123.75
[NIFTY25N0425850PE] ⏱ Sample 5/5: LTP = ₹105.55
[NIFTY25N0425800PE] ⏱ Sample 5/5: LTP = ₹82.35
[NIFTY25N0425850PE] 📊 Avg Δ = -0.669%, Consistency = 100.0% → DOWN
[NIFTY25N0425850PE] 📈 Range ₹108.00 → ₹105.55

[NIFTY25N0425800CE] ⏱ Sample 2/5: LTP = ₹123.85
[NIFTY25N0425800PE] 📊 Avg Δ = -0.620%, Consistency = 100.0% → DOWN
[NIFTY25N0425800PE] 📈 Range ₹84.25 → ₹82.35

🏆 Selected PE: NIFTY25N0425800PE (DOWN | -0.62% | Consistency 100.0%)
📊 Running momentum check for PE (NIFTY25N0425800PE)

🧭 Checking momentum for NIFTY25N0425800PE (5 samples, every 1s):
[NIFTY25N0425800PE] ⏱ Sample 1/5: LTP = ₹82.60
[NIFTY25N0425800CE] ⏱ Sample 3/5: LTP = ₹123.90
[NIFTY25N0425800PE] ⏱ Sample 2/5: LTP = ₹82.65
[NIFTY25N0425800CE] ⏱ Sample 4/5: LTP = ₹123.75
[NIFTY25N0425800PE] ⏱ Sample 3/5: LTP = ₹82.15
[NIFTY25N0425800CE] ⏱ Sample 5/5: LTP = ₹124.20
[NIFTY25N0425800CE] 📊 Avg Δ = 0.047%, Consistency = 50.0% → FLAT
[NIFTY25N0425800CE] 📈 Range ₹123.75 → ₹124.20

✅ Momentum for CE: {'symbol': 'NIFTY25N0425800CE', 'avg_change': np.float64(0.047), 'consistency': np.float64(50.0), 'direction': 'FLAT'}
🧩 Finished CE: NIFTY25N0425800CE, momentum={'symbol': 'NIFTY25N0425800CE', 'avg_change': np.float64(0.047), 'consistency': np.float64(50.0), 'direction': 'FLAT'}
[NIFTY25N0425800PE] ⏱ Sample 4/5: LTP = ₹82.25
[NIFTY25N0425800PE] ⏱ Sample 5/5: LTP = ₹82.15
[NIFTY25N0425800PE] 📊 Avg Δ = -0.172%, Consistency = 100.0% → FLAT
[NIFTY25N0425800PE] 📈 Range ₹82.60 → ₹82.15

✅ Momentum for PE: {'symbol': 'NIFTY25N0425800PE', 'avg_change': np.float64(-0.172), 'consistency': np.float64(100.0), 'direction': 'FLAT'}
🧩 Finished PE: NIFTY25N0425800PE, momentum={'symbol': 'NIFTY25N0425800PE', 'avg_change': np.float64(-0.172), 'consistency': np.float64(100.0), 'direction': 'FLAT'}
🧮 Comparing CE vs PE momentum...
📈 CE momentum: 0.047% (FLAT, 50.0%)
📉 PE momentum: -0.172% (FLAT, 100.0%)
⚖️  Momentum similar — choosing CE fallback
✅ Selected: NIFTY25N0425800CE (CE) | LTP=121.0 | lot_size=75 | groww_symbol=NSE-NIFTY-04Nov25-25800-CE

🌀 Generated cURL for Groww Candle API:
curl --location 'https://api.groww.in/v1/historical/candles?exchange=NSE&segment=FNO&groww_symbol=NSE-NIFTY-04Nov25-25800-CE&start_time=2025-10-31%2012:58:00&end_time=2025-10-31%2013:03:00&candle_interval=1minute' \
  --header 'Accept: application/json' \
  --header 'Authorization: Bearer <ACCESS_TOKEN>' \
  --header 'X-API-VERSION: 1.0'

⚠️ Error fetching recent market direction: Not able to recognize candle_interval, having value 1
Market Direction: None
❌ Skipping trade — market direction conflicts with momentum.
🔍 Detecting best option between CE and PE for NIFTY 04/11/2025…
➡️  Searching CE between 80-130
➡️  Searching PE between 80-130
⚙️ Checking momentum for top 2 CE candidates...

🧭 Checking momentum for NIFTY25N0425850CE (5 samples, every 1s):

🧭 Checking momentum for NIFTY25N0425800CE (5 samples, every 1s):
⚙️ Checking momentum for top 2 PE candidates...

🧭 Checking momentum for NIFTY25N0425850PE (5 samples, every 1s):

🧭 Checking momentum for NIFTY25N0425800PE (5 samples, every 1s):
[NIFTY25N0425850CE] ⏱ Sample 1/5: LTP = ₹98.10
[NIFTY25N0425800CE] ⏱ Sample 1/5: LTP = ₹124.60
[NIFTY25N0425850PE] ⏱ Sample 1/5: LTP = ₹106.20
[NIFTY25N0425800PE] ⏱ Sample 1/5: LTP = ₹82.60
[NIFTY25N0425850CE] ⏱ Sample 2/5: LTP = ₹98.20
[NIFTY25N0425800CE] ⏱ Sample 2/5: LTP = ₹124.55
[NIFTY25N0425850PE] ⏱ Sample 2/5: LTP = ₹105.60
[NIFTY25N0425800PE] ⏱ Sample 2/5: LTP = ₹82.25
[NIFTY25N0425850CE] ⏱ Sample 3/5: LTP = ₹98.10
[NIFTY25N0425800CE] ⏱ Sample 3/5: LTP = ₹124.05
[NIFTY25N0425850PE] ⏱ Sample 3/5: LTP = ₹106.25
[NIFTY25N0425800PE] ⏱ Sample 3/5: LTP = ₹83.15
[NIFTY25N0425850CE] ⏱ Sample 4/5: LTP = ₹97.70
[NIFTY25N0425800CE] ⏱ Sample 4/5: LTP = ₹123.80
[NIFTY25N0425850PE] ⏱ Sample 4/5: LTP = ₹106.40
[NIFTY25N0425800PE] ⏱ Sample 4/5: LTP = ₹82.80
[NIFTY25N0425850CE] ⏱ Sample 5/5: LTP = ₹98.35
[NIFTY25N0425800CE] ⏱ Sample 5/5: LTP = ₹124.70
[NIFTY25N0425850CE] 📊 Avg Δ = -0.042%, Consistency = 50.0% → FLAT
[NIFTY25N0425850CE] 📈 Range ₹98.10 → ₹98.35

[NIFTY25N0425850PE] ⏱ Sample 5/5: LTP = ₹106.15
[NIFTY25N0425800CE] 📊 Avg Δ = -0.087%, Consistency = 50.0% → FLAT
[NIFTY25N0425800CE] 📈 Range ₹124.60 → ₹124.70

⚠️ No strong momentum found for CE (>0.25%, consistency >70%)
📊 Running momentum check for CE (NIFTY25N0425850CE)

🧭 Checking momentum for NIFTY25N0425850CE (5 samples, every 1s):
[NIFTY25N0425800PE] ⏱ Sample 5/5: LTP = ₹82.30
[NIFTY25N0425850PE] 📊 Avg Δ = 0.118%, Consistency = 100.0% → FLAT
[NIFTY25N0425850PE] 📈 Range ₹106.20 → ₹106.15

[NIFTY25N0425850CE] ⏱ Sample 1/5: LTP = ₹98.50
[NIFTY25N0425800PE] 📊 Avg Δ = 0.050%, Consistency = 100.0% → FLAT
[NIFTY25N0425800PE] 📈 Range ₹82.60 → ₹82.30

⚠️ No strong momentum found for PE (>0.3%, consistency >70%)
📊 Running momentum check for PE (NIFTY25N0425850PE)

🧭 Checking momentum for NIFTY25N0425850PE (5 samples, every 1s):
[NIFTY25N0425850PE] ⏱ Sample 1/5: LTP = ₹105.70
[NIFTY25N0425850CE] ⏱ Sample 2/5: LTP = ₹98.70
[NIFTY25N0425850PE] ⏱ Sample 2/5: LTP = ₹105.45
[NIFTY25N0425850CE] ⏱ Sample 3/5: LTP = ₹98.75
[NIFTY25N0425850PE] ⏱ Sample 3/5: LTP = ₹104.90
[NIFTY25N0425850CE] ⏱ Sample 4/5: LTP = ₹98.80
[NIFTY25N0425850PE] ⏱ Sample 4/5: LTP = ₹105.10
[NIFTY25N0425850CE] ⏱ Sample 5/5: LTP = ₹98.90
[NIFTY25N0425850PE] ⏱ Sample 5/5: LTP = ₹105.25
[NIFTY25N0425850CE] 📊 Avg Δ = 0.084%, Consistency = 100.0% → FLAT
[NIFTY25N0425850CE] 📈 Range ₹98.50 → ₹98.90

✅ Momentum for CE: {'symbol': 'NIFTY25N0425850CE', 'avg_change': np.float64(0.084), 'consistency': np.float64(100.0), 'direction': 'FLAT'}
[NIFTY25N0425850PE] 📊 Avg Δ = -0.127%, Consistency = 100.0% → FLAT
[NIFTY25N0425850PE] 📈 Range ₹105.70 → ₹105.25

✅ Momentum for PE: {'symbol': 'NIFTY25N0425850PE', 'avg_change': np.float64(-0.127), 'consistency': np.float64(100.0), 'direction': 'FLAT'}
Traceback (most recent call last):
  File "C:\Users\HITS\eclipse-workspace\Groww_Python_Trading_Bot\groww_option_trading_final_bot.py", line 1189, in <module>
    auto_mode_runner()
  File "C:\Users\HITS\eclipse-workspace\Groww_Python_Trading_Bot\groww_option_trading_final_bot.py", line 1133, in auto_mode_runner
    opt_result = detect_option_type_parallel(index, expiry, min_p, max_p, lots)
                 ^^^^^^^^^^^^^^^^^^^^^^^^^^^^^^^^^^^^^^^^^^^^^^^^^^^^^^^^^^^^^^
  File "C:\Users\HITS\eclipse-workspace\Groww_Python_Trading_Bot\groww_option_trading_final_bot.py", line 832, in detect_option_type_parallel
    for future in as_completed(futures):
  File "C:\Program Files\Python312\Lib\concurrent\futures\_base.py", line 243, in as_completed
    waiter.event.wait(wait_timeout)
  File "C:\Program Files\Python312\Lib\threading.py", line 655, in wait
    signaled = self._cond.wait(timeout)
               ^^^^^^^^^^^^^^^^^^^^^^^^
  File "C:\Program Files\Python312\Lib\threading.py", line 355, in wait
    waiter.acquire()
KeyboardInterrupt
