📝 Logging started. Log file: C:\Users\HITS\eclipse-workspace\Groww_Python_Trading_Bot\logs\Groww_Bot_2025-12-11_12-45-56.log
C:\Users\HITS\eclipse-workspace\Groww_Python_Trading_Bot\instrument.csv
Ready to Groww!
eyJraWQiOiJaTUtjVXciLCJhbGciOiJFUzI1NiJ9.eyJleHAiOjE3NjU0OTk0MDAsImlhdCI6MTc2NTQzNzM1NiwibmJmIjoxNzY1NDM3MzU2LCJzdWIiOiJ7XCJ0b2tlblJlZklkXCI6XCJhMTFiM2Y4MS00NjcxLTQzMmEtYTJmYS05NjY3MTA1NjBjZWRcIixcInZlbmRvckludGVncmF0aW9uS2V5XCI6XCJlMzFmZjIzYjA4NmI0MDZjODg3NGIyZjZkODQ5NTMxM1wiLFwidXNlckFjY291bnRJZFwiOlwiMmVlMjYyMjItN2MwNS00Y2IwLWIwM2MtNzAzYWRmNWVmN2RkXCIsXCJkZXZpY2VJZFwiOlwiNWQwYzdjODgtMGI1OS01MDU0LTk5ZTYtYWU5MzY5OTc2ZmRiXCIsXCJzZXNzaW9uSWRcIjpcIjlhNzM4MTg1LTgzZjMtNDczMC1hZGJhLThmZDBkZjYzMzcyN1wiLFwiYWRkaXRpb25hbERhdGFcIjpcIno1NC9NZzltdjE2WXdmb0gvS0EwYktvMDZXRlpjc241VUNmTWF5aERtNGxSTkczdTlLa2pWZDNoWjU1ZStNZERhWXBOVi9UOUxIRmtQejFFQisybTdRPT1cIixcInJvbGVcIjpcIm9yZGVyLWJhc2ljLGxpdmVfZGF0YS1iYXNpYyxub25fdHJhZGluZy1iYXNpYyxvcmRlcl9yZWFkX29ubHktYmFzaWMsYmFja190ZXN0XCIsXCJzb3VyY2VJcEFkZHJlc3NcIjpudWxsLFwidHdvRmFFeHBpcnlUc1wiOjE3NjU0OTk0MDAwMDB9IiwiaXNzIjoiYXBleC1hdXRoLXByb2QtYXBwIn0.-GfiyW-zy8TC-txOaMS4A0PesnmF3raApdklINyCLNhHphbr5Qb7t-UGXGBwqXhdR8Zakly9_e09SyiB6Ffz6w
✅ Groww API Initialized Successfully
✅ Converted 'C:\Users\HITS\eclipse-workspace\Groww_Python_Trading_Bot\instrument.csv' → 'C:\Users\HITS\eclipse-workspace\Groww_Python_Trading_Bot\instrument.json'
📊 Live NIFTY Spot: 25892.1
✅ Converted 'C:\Users\HITS\eclipse-workspace\Groww_Python_Trading_Bot\instrument.csv' → 'C:\Users\HITS\eclipse-workspace\Groww_Python_Trading_Bot\instrument.json'
🎯 Filtering NIFTY 2025-12-16 instruments between 25400–26400 (Spot=25892.1)
✅ Loaded 316 filtered instruments (out of 149250)

✨ Groww NIFTY CP Bot Ready (Groww backend)
You can run in MANUAL or AUTO mode.
Manual example: Buy 14 NIFTY04NOV2525950CE at CP and Book at 1050

Choose mode: (m)anual / (a)uto / (q)uit: 
--- AUTO MODE (momentum + premium) ---
🔍 Detecting best option between CE and PE for NIFTY 2025-12-16…
➡️  Searching CE between 80-130
➡️  Searching PE between 80-130
⚙️ Checking momentum for top 1 CE candidates...

🧭 Checking momentum for NIFTY25D1625950CE (5 samples, every 1s):
[NIFTY25D1625950CE] ⏱ Sample 1/5: LTP = ₹101.60
⚙️ Checking momentum for top 1 PE candidates...

🧭 Checking momentum for NIFTY25D1625900PE (5 samples, every 1s):
[NIFTY25D1625900PE] ⏱ Sample 1/5: LTP = ₹95.85
[NIFTY25D1625950CE] ⏱ Sample 2/5: LTP = ₹101.70
[NIFTY25D1625900PE] ⏱ Sample 2/5: LTP = ₹95.95
[NIFTY25D1625950CE] ⏱ Sample 3/5: LTP = ₹101.55
[NIFTY25D1625900PE] ⏱ Sample 3/5: LTP = ₹95.70
[NIFTY25D1625950CE] ⏱ Sample 4/5: LTP = ₹101.00
[NIFTY25D1625900PE] ⏱ Sample 4/5: LTP = ₹95.95
[NIFTY25D1625950CE] ⏱ Sample 5/5: LTP = ₹101.65
[NIFTY25D1625900PE] ⏱ Sample 5/5: LTP = ₹95.55
[NIFTY25D1625950CE] 📊 Avg Δ = -0.107%, Consistency = 100.0% → FLAT
[NIFTY25D1625950CE] 📈 Range ₹101.60 → ₹101.65

⚠️ No strong momentum found for CE (>0.25%, consistency >70%)
📊 Running momentum check for CE (NIFTY25D1625950CE)

🧭 Checking momentum for NIFTY25D1625950CE (5 samples, every 1s):
[NIFTY25D1625950CE] ⏱ Sample 1/5: LTP = ₹102.60
[NIFTY25D1625900PE] 📊 Avg Δ = -0.052%, Consistency = 50.0% → FLAT
[NIFTY25D1625900PE] 📈 Range ₹95.85 → ₹95.55

⚠️ No strong momentum found for PE (>0.3%, consistency >70%)
📊 Running momentum check for PE (NIFTY25D1625900PE)

🧭 Checking momentum for NIFTY25D1625900PE (5 samples, every 1s):
[NIFTY25D1625900PE] ⏱ Sample 1/5: LTP = ₹95.00
[NIFTY25D1625950CE] ⏱ Sample 2/5: LTP = ₹102.70
[NIFTY25D1625900PE] ⏱ Sample 2/5: LTP = ₹95.00
[NIFTY25D1625950CE] ⏱ Sample 3/5: LTP = ₹102.65
[NIFTY25D1625900PE] ⏱ Sample 3/5: LTP = ₹94.80
[NIFTY25D1625950CE] ⏱ Sample 4/5: LTP = ₹102.30
[NIFTY25D1625900PE] ⏱ Sample 4/5: LTP = ₹94.95
[NIFTY25D1625950CE] ⏱ Sample 5/5: LTP = ₹102.65
[NIFTY25D1625900PE] ⏱ Sample 5/5: LTP = ₹94.50
[NIFTY25D1625950CE] 📊 Avg Δ = -0.057%, Consistency = 100.0% → FLAT
[NIFTY25D1625950CE] 📈 Range ₹102.60 → ₹102.65

✅ Momentum for CE: {'symbol': 'NIFTY25D1625950CE', 'avg_change': np.float64(-0.057), 'consistency': np.float64(100.0), 'direction': 'FLAT'}
🧩 Finished CE: NIFTY25D1625950CE, momentum={'symbol': 'NIFTY25D1625950CE', 'avg_change': np.float64(-0.057), 'consistency': np.float64(100.0), 'direction': 'FLAT'}
[NIFTY25D1625900PE] 📊 Avg Δ = -0.097%, Consistency = 100.0% → FLAT
[NIFTY25D1625900PE] 📈 Range ₹95.00 → ₹94.50

✅ Momentum for PE: {'symbol': 'NIFTY25D1625900PE', 'avg_change': np.float64(-0.097), 'consistency': np.float64(100.0), 'direction': 'FLAT'}
🧩 Finished PE: NIFTY25D1625900PE, momentum={'symbol': 'NIFTY25D1625900PE', 'avg_change': np.float64(-0.097), 'consistency': np.float64(100.0), 'direction': 'FLAT'}
🧮 Comparing CE vs PE momentum...
📈 CE momentum: -0.057% (FLAT, 100.0%)
📉 PE momentum: -0.097% (FLAT, 100.0%)
⚖️  Momentum similar — choosing CE fallback
✅ Selected: NIFTY25D1625950CE (CE) | LTP=100.1 | lot_size=75 | groww_symbol=NSE-NIFTY-16Dec25-25950-CE

🌀 Generated cURL for Groww Candle API:
curl --location 'https://api.groww.in/v1/historical/candles?exchange=NSE&segment=FNO&groww_symbol=NSE-NIFTY-16Dec25-25950-CE&start_time=2025-12-11 12:43:56&end_time=2025-12-11 12:46:56&candle_interval=1minute' \
  --header 'Accept: application/json' \
  --header 'Authorization: Bearer eyJraWQiOiJaTUtjVXciLCJhbGciOiJFUzI1NiJ9.eyJleHAiOjE3NjU0OTk0MDAsImlhdCI6MTc2NTQzNzM1NiwibmJmIjoxNzY1NDM3MzU2LCJzdWIiOiJ7XCJ0b2tlblJlZklkXCI6XCJhMTFiM2Y4MS00NjcxLTQzMmEtYTJmYS05NjY3MTA1NjBjZWRcIixcInZlbmRvckludGVncmF0aW9uS2V5XCI6XCJlMzFmZjIzYjA4NmI0MDZjODg3NGIyZjZkODQ5NTMxM1wiLFwidXNlckFjY291bnRJZFwiOlwiMmVlMjYyMjItN2MwNS00Y2IwLWIwM2MtNzAzYWRmNWVmN2RkXCIsXCJkZXZpY2VJZFwiOlwiNWQwYzdjODgtMGI1OS01MDU0LTk5ZTYtYWU5MzY5OTc2ZmRiXCIsXCJzZXNzaW9uSWRcIjpcIjlhNzM4MTg1LTgzZjMtNDczMC1hZGJhLThmZDBkZjYzMzcyN1wiLFwiYWRkaXRpb25hbERhdGFcIjpcIno1NC9NZzltdjE2WXdmb0gvS0EwYktvMDZXRlpjc241VUNmTWF5aERtNGxSTkczdTlLa2pWZDNoWjU1ZStNZERhWXBOVi9UOUxIRmtQejFFQisybTdRPT1cIixcInJvbGVcIjpcIm9yZGVyLWJhc2ljLGxpdmVfZGF0YS1iYXNpYyxub25fdHJhZGluZy1iYXNpYyxvcmRlcl9yZWFkX29ubHktYmFzaWMsYmFja190ZXN0XCIsXCJzb3VyY2VJcEFkZHJlc3NcIjpudWxsLFwidHdvRmFFeHBpcnlUc1wiOjE3NjU0OTk0MDAwMDB9IiwiaXNzIjoiYXBleC1hdXRoLXByb2QtYXBwIn0.-GfiyW-zy8TC-txOaMS4A0PesnmF3raApdklINyCLNhHphbr5Qb7t-UGXGBwqXhdR8Zakly9_e09SyiB6Ffz6w' \
  --header 'X-API-VERSION: 1.0'

📊 3-min candle trend → PE (O1=103.85, C3=102.65)
Market Direction: PE
❌ Skipping trade — market direction conflicts with momentum.
Waiting for 3 mins to get another data.
🔍 Detecting best option between CE and PE for NIFTY 2025-12-16…
➡️  Searching CE between 80-130
➡️  Searching PE between 80-130
⚙️ Checking momentum for top 1 CE candidates...

🧭 Checking momentum for NIFTY25D1625950CE (5 samples, every 1s):
⚙️ Checking momentum for top 1 PE candidates...

🧭 Checking momentum for NIFTY25D1625900PE (5 samples, every 1s):
[NIFTY25D1625950CE] ⏱ Sample 1/5: LTP = ₹99.30
[NIFTY25D1625900PE] ⏱ Sample 1/5: LTP = ₹97.35
[NIFTY25D1625950CE] ⏱ Sample 2/5: LTP = ₹98.80
[NIFTY25D1625900PE] ⏱ Sample 2/5: LTP = ₹97.65
[NIFTY25D1625950CE] ⏱ Sample 3/5: LTP = ₹99.00
[NIFTY25D1625900PE] ⏱ Sample 3/5: LTP = ₹97.05
[NIFTY25D1625950CE] ⏱ Sample 4/5: LTP = ₹99.00
[NIFTY25D1625900PE] ⏱ Sample 4/5: LTP = ₹97.50
[NIFTY25D1625950CE] ⏱ Sample 5/5: LTP = ₹98.80
[NIFTY25D1625900PE] ⏱ Sample 5/5: LTP = ₹97.60
[NIFTY25D1625950CE] 📊 Avg Δ = -0.050%, Consistency = 50.0% → FLAT
[NIFTY25D1625950CE] 📈 Range ₹99.30 → ₹98.80

⚠️ No strong momentum found for CE (>0.25%, consistency >70%)
📊 Running momentum check for CE (NIFTY25D1625950CE)

🧭 Checking momentum for NIFTY25D1625950CE (5 samples, every 1s):
[NIFTY25D1625900PE] 📊 Avg Δ = 0.017%, Consistency = 50.0% → FLAT
[NIFTY25D1625900PE] 📈 Range ₹97.35 → ₹97.60

⚠️ No strong momentum found for PE (>0.3%, consistency >70%)
📊 Running momentum check for PE (NIFTY25D1625900PE)

🧭 Checking momentum for NIFTY25D1625900PE (5 samples, every 1s):
[NIFTY25D1625950CE] ⏱ Sample 1/5: LTP = ₹99.00
[NIFTY25D1625900PE] ⏱ Sample 1/5: LTP = ₹96.95
[NIFTY25D1625950CE] ⏱ Sample 2/5: LTP = ₹100.15
[NIFTY25D1625900PE] ⏱ Sample 2/5: LTP = ₹96.95
[NIFTY25D1625950CE] ⏱ Sample 3/5: LTP = ₹100.55
[NIFTY25D1625900PE] ⏱ Sample 3/5: LTP = ₹96.25
[NIFTY25D1625950CE] ⏱ Sample 4/5: LTP = ₹100.65
[NIFTY25D1625900PE] ⏱ Sample 4/5: LTP = ₹96.15
[NIFTY25D1625950CE] ⏱ Sample 5/5: LTP = ₹100.95
[NIFTY25D1625900PE] ⏱ Sample 5/5: LTP = ₹96.05
[NIFTY25D1625950CE] 📊 Avg Δ = 0.408%, Consistency = 100.0% → UP
[NIFTY25D1625950CE] 📈 Range ₹99.00 → ₹100.95

✅ Momentum for CE: {'symbol': 'NIFTY25D1625950CE', 'avg_change': np.float64(0.408), 'consistency': np.float64(100.0), 'direction': 'UP'}
🧩 Finished CE: NIFTY25D1625950CE, momentum={'symbol': 'NIFTY25D1625950CE', 'avg_change': np.float64(0.408), 'consistency': np.float64(100.0), 'direction': 'UP'}
[NIFTY25D1625900PE] 📊 Avg Δ = -0.293%, Consistency = 100.0% → DOWN
[NIFTY25D1625900PE] 📈 Range ₹96.95 → ₹96.05

✅ Momentum for PE: {'symbol': 'NIFTY25D1625900PE', 'avg_change': np.float64(-0.293), 'consistency': np.float64(100.0), 'direction': 'DOWN'}
🧩 Finished PE: NIFTY25D1625900PE, momentum={'symbol': 'NIFTY25D1625900PE', 'avg_change': np.float64(-0.293), 'consistency': np.float64(100.0), 'direction': 'DOWN'}
🧮 Comparing CE vs PE momentum...
📈 CE momentum: 0.408% (UP, 100.0%)
📉 PE momentum: -0.293% (DOWN, 100.0%)
✅ Selected CE (stronger momentum)
✅ Selected: NIFTY25D1625950CE (CE) | LTP=101.6 | lot_size=75 | groww_symbol=NSE-NIFTY-16Dec25-25950-CE

🌀 Generated cURL for Groww Candle API:
curl --location 'https://api.groww.in/v1/historical/candles?exchange=NSE&segment=FNO&groww_symbol=NSE-NIFTY-16Dec25-25950-CE&start_time=2025-12-11 12:47:43&end_time=2025-12-11 12:50:43&candle_interval=1minute' \
  --header 'Accept: application/json' \
  --header 'Authorization: Bearer eyJraWQiOiJaTUtjVXciLCJhbGciOiJFUzI1NiJ9.eyJleHAiOjE3NjU0OTk0MDAsImlhdCI6MTc2NTQzNzM1NiwibmJmIjoxNzY1NDM3MzU2LCJzdWIiOiJ7XCJ0b2tlblJlZklkXCI6XCJhMTFiM2Y4MS00NjcxLTQzMmEtYTJmYS05NjY3MTA1NjBjZWRcIixcInZlbmRvckludGVncmF0aW9uS2V5XCI6XCJlMzFmZjIzYjA4NmI0MDZjODg3NGIyZjZkODQ5NTMxM1wiLFwidXNlckFjY291bnRJZFwiOlwiMmVlMjYyMjItN2MwNS00Y2IwLWIwM2MtNzAzYWRmNWVmN2RkXCIsXCJkZXZpY2VJZFwiOlwiNWQwYzdjODgtMGI1OS01MDU0LTk5ZTYtYWU5MzY5OTc2ZmRiXCIsXCJzZXNzaW9uSWRcIjpcIjlhNzM4MTg1LTgzZjMtNDczMC1hZGJhLThmZDBkZjYzMzcyN1wiLFwiYWRkaXRpb25hbERhdGFcIjpcIno1NC9NZzltdjE2WXdmb0gvS0EwYktvMDZXRlpjc241VUNmTWF5aERtNGxSTkczdTlLa2pWZDNoWjU1ZStNZERhWXBOVi9UOUxIRmtQejFFQisybTdRPT1cIixcInJvbGVcIjpcIm9yZGVyLWJhc2ljLGxpdmVfZGF0YS1iYXNpYyxub25fdHJhZGluZy1iYXNpYyxvcmRlcl9yZWFkX29ubHktYmFzaWMsYmFja190ZXN0XCIsXCJzb3VyY2VJcEFkZHJlc3NcIjpudWxsLFwidHdvRmFFeHBpcnlUc1wiOjE3NjU0OTk0MDAwMDB9IiwiaXNzIjoiYXBleC1hdXRoLXByb2QtYXBwIn0.-GfiyW-zy8TC-txOaMS4A0PesnmF3raApdklINyCLNhHphbr5Qb7t-UGXGBwqXhdR8Zakly9_e09SyiB6Ffz6w' \
  --header 'X-API-VERSION: 1.0'

📊 3-min candle trend → PE (O1=102.1, C3=101.0)
Market Direction: PE
❌ Skipping trade — market direction conflicts with momentum.
Waiting for 3 mins to get another data.
🔍 Detecting best option between CE and PE for NIFTY 2025-12-16…
➡️  Searching CE between 80-130
➡️  Searching PE between 80-130
⚙️ Checking momentum for top 1 CE candidates...

🧭 Checking momentum for NIFTY25D1625950CE (5 samples, every 1s):
⚙️ Checking momentum for top 1 PE candidates...

🧭 Checking momentum for NIFTY25D1625900PE (5 samples, every 1s):
[NIFTY25D1625950CE] ⏱ Sample 1/5: LTP = ₹99.55
[NIFTY25D1625900PE] ⏱ Sample 1/5: LTP = ₹96.85
[NIFTY25D1625950CE] ⏱ Sample 2/5: LTP = ₹99.30
[NIFTY25D1625900PE] ⏱ Sample 2/5: LTP = ₹96.90
[NIFTY25D1625950CE] ⏱ Sample 3/5: LTP = ₹99.10
[NIFTY25D1625900PE] ⏱ Sample 3/5: LTP = ₹96.65
[NIFTY25D1625950CE] ⏱ Sample 4/5: LTP = ₹99.30
[NIFTY25D1625900PE] ⏱ Sample 4/5: LTP = ₹97.30
[NIFTY25D1625950CE] ⏱ Sample 5/5: LTP = ₹98.40
[NIFTY25D1625900PE] ⏱ Sample 5/5: LTP = ₹97.65
[NIFTY25D1625950CE] 📊 Avg Δ = -0.193%, Consistency = 100.0% → FLAT
[NIFTY25D1625950CE] 📈 Range ₹99.55 → ₹98.40

⚠️ No strong momentum found for CE (>0.25%, consistency >70%)
📊 Running momentum check for CE (NIFTY25D1625950CE)

🧭 Checking momentum for NIFTY25D1625950CE (5 samples, every 1s):
[NIFTY25D1625950CE] ⏱ Sample 1/5: LTP = ₹97.75[NIFTY25D1625900PE] 📊 Avg Δ = 0.206%, Consistency = 100.0% → FLAT

[NIFTY25D1625900PE] 📈 Range ₹96.85 → ₹97.65

⚠️ No strong momentum found for PE (>0.3%, consistency >70%)
📊 Running momentum check for PE (NIFTY25D1625900PE)

🧭 Checking momentum for NIFTY25D1625900PE (5 samples, every 1s):
[NIFTY25D1625900PE] ⏱ Sample 1/5: LTP = ₹97.90
[NIFTY25D1625950CE] ⏱ Sample 2/5: LTP = ₹98.55
[NIFTY25D1625900PE] ⏱ Sample 2/5: LTP = ₹97.55
[NIFTY25D1625950CE] ⏱ Sample 3/5: LTP = ₹98.25
[NIFTY25D1625900PE] ⏱ Sample 3/5: LTP = ₹97.90
[NIFTY25D1625950CE] ⏱ Sample 4/5: LTP = ₹98.05
[NIFTY25D1625900PE] ⏱ Sample 4/5: LTP = ₹98.35
[NIFTY25D1625950CE] ⏱ Sample 5/5: LTP = ₹97.55
[NIFTY25D1625900PE] ⏱ Sample 5/5: LTP = ₹97.55[NIFTY25D1625950CE] 📊 Avg Δ = -0.119%, Consistency = 50.0% → FLAT
[NIFTY25D1625950CE] 📈 Range ₹97.75 → ₹97.55


✅ Momentum for CE: {'symbol': 'NIFTY25D1625950CE', 'avg_change': np.float64(-0.119), 'consistency': np.float64(50.0), 'direction': 'FLAT'}
🧩 Finished CE: NIFTY25D1625950CE, momentum={'symbol': 'NIFTY25D1625950CE', 'avg_change': np.float64(-0.119), 'consistency': np.float64(50.0), 'direction': 'FLAT'}
[NIFTY25D1625900PE] 📊 Avg Δ = 0.077%, Consistency = 50.0% → FLAT
[NIFTY25D1625900PE] 📈 Range ₹97.90 → ₹97.55

✅ Momentum for PE: {'symbol': 'NIFTY25D1625900PE', 'avg_change': np.float64(0.077), 'consistency': np.float64(50.0), 'direction': 'FLAT'}
🧩 Finished PE: NIFTY25D1625900PE, momentum={'symbol': 'NIFTY25D1625900PE', 'avg_change': np.float64(0.077), 'consistency': np.float64(50.0), 'direction': 'FLAT'}
🧮 Comparing CE vs PE momentum...
📈 CE momentum: -0.119% (FLAT, 50.0%)
📉 PE momentum: 0.077% (FLAT, 50.0%)
⚖️  Momentum similar — choosing PE fallback
✅ Selected: NIFTY25D1625900PE (PE) | LTP=94.85 | lot_size=75 | groww_symbol=NSE-NIFTY-16Dec25-25900-PE

🌀 Generated cURL for Groww Candle API:
curl --location 'https://api.groww.in/v1/historical/candles?exchange=NSE&segment=FNO&groww_symbol=NSE-NIFTY-16Dec25-25900-PE&start_time=2025-12-11 12:51:30&end_time=2025-12-11 12:54:30&candle_interval=1minute' \
  --header 'Accept: application/json' \
  --header 'Authorization: Bearer eyJraWQiOiJaTUtjVXciLCJhbGciOiJFUzI1NiJ9.eyJleHAiOjE3NjU0OTk0MDAsImlhdCI6MTc2NTQzNzM1NiwibmJmIjoxNzY1NDM3MzU2LCJzdWIiOiJ7XCJ0b2tlblJlZklkXCI6XCJhMTFiM2Y4MS00NjcxLTQzMmEtYTJmYS05NjY3MTA1NjBjZWRcIixcInZlbmRvckludGVncmF0aW9uS2V5XCI6XCJlMzFmZjIzYjA4NmI0MDZjODg3NGIyZjZkODQ5NTMxM1wiLFwidXNlckFjY291bnRJZFwiOlwiMmVlMjYyMjItN2MwNS00Y2IwLWIwM2MtNzAzYWRmNWVmN2RkXCIsXCJkZXZpY2VJZFwiOlwiNWQwYzdjODgtMGI1OS01MDU0LTk5ZTYtYWU5MzY5OTc2ZmRiXCIsXCJzZXNzaW9uSWRcIjpcIjlhNzM4MTg1LTgzZjMtNDczMC1hZGJhLThmZDBkZjYzMzcyN1wiLFwiYWRkaXRpb25hbERhdGFcIjpcIno1NC9NZzltdjE2WXdmb0gvS0EwYktvMDZXRlpjc241VUNmTWF5aERtNGxSTkczdTlLa2pWZDNoWjU1ZStNZERhWXBOVi9UOUxIRmtQejFFQisybTdRPT1cIixcInJvbGVcIjpcIm9yZGVyLWJhc2ljLGxpdmVfZGF0YS1iYXNpYyxub25fdHJhZGluZy1iYXNpYyxvcmRlcl9yZWFkX29ubHktYmFzaWMsYmFja190ZXN0XCIsXCJzb3VyY2VJcEFkZHJlc3NcIjpudWxsLFwidHdvRmFFeHBpcnlUc1wiOjE3NjU0OTk0MDAwMDB9IiwiaXNzIjoiYXBleC1hdXRoLXByb2QtYXBwIn0.-GfiyW-zy8TC-txOaMS4A0PesnmF3raApdklINyCLNhHphbr5Qb7t-UGXGBwqXhdR8Zakly9_e09SyiB6Ffz6w' \
  --header 'X-API-VERSION: 1.0'

📊 3-min candle trend → CE (O1=101.0, C3=96.9)
Market Direction: CE
❌ Skipping trade — market direction conflicts with momentum.
Waiting for 3 mins to get another data.
🔍 Detecting best option between CE and PE for NIFTY 2025-12-16…
➡️  Searching CE between 80-130
➡️  Searching PE between 80-130
⚙️ Checking momentum for top 1 CE candidates...

🧭 Checking momentum for NIFTY25D1625950CE (5 samples, every 1s):
⚙️ Checking momentum for top 1 PE candidates...

🧭 Checking momentum for NIFTY25D1625900PE (5 samples, every 1s):
[NIFTY25D1625950CE] ⏱ Sample 1/5: LTP = ₹96.70
[NIFTY25D1625900PE] ⏱ Sample 1/5: LTP = ₹99.55
[NIFTY25D1625950CE] ⏱ Sample 2/5: LTP = ₹97.00
[NIFTY25D1625900PE] ⏱ Sample 2/5: LTP = ₹99.75
[NIFTY25D1625950CE] ⏱ Sample 3/5: LTP = ₹96.75
[NIFTY25D1625900PE] ⏱ Sample 3/5: LTP = ₹100.20
[NIFTY25D1625950CE] ⏱ Sample 4/5: LTP = ₹96.00
[NIFTY25D1625900PE] ⏱ Sample 4/5: LTP = ₹100.50
[NIFTY25D1625950CE] ⏱ Sample 5/5: LTP = ₹96.35
[NIFTY25D1625900PE] ⏱ Sample 5/5: LTP = ₹100.35
[NIFTY25D1625950CE] 📊 Avg Δ = -0.233%, Consistency = 100.0% → FLAT
[NIFTY25D1625950CE] 📈 Range ₹96.70 → ₹96.35

⚠️ No strong momentum found for CE (>0.25%, consistency >70%)
📊 Running momentum check for CE (NIFTY25D1625950CE)

🧭 Checking momentum for NIFTY25D1625950CE (5 samples, every 1s):
[NIFTY25D1625950CE] ⏱ Sample 1/5: LTP = ₹96.05
[NIFTY25D1625900PE] 📊 Avg Δ = 0.258%, Consistency = 100.0% → UP
[NIFTY25D1625900PE] 📈 Range ₹99.55 → ₹100.35

⚠️ No strong momentum found for PE (>0.3%, consistency >70%)
📊 Running momentum check for PE (NIFTY25D1625900PE)

🧭 Checking momentum for NIFTY25D1625900PE (5 samples, every 1s):
[NIFTY25D1625900PE] ⏱ Sample 1/5: LTP = ₹101.40
[NIFTY25D1625950CE] ⏱ Sample 2/5: LTP = ₹96.10
[NIFTY25D1625900PE] ⏱ Sample 2/5: LTP = ₹101.50
[NIFTY25D1625950CE] ⏱ Sample 3/5: LTP = ₹95.55
[NIFTY25D1625900PE] ⏱ Sample 3/5: LTP = ₹102.15
[NIFTY25D1625950CE] ⏱ Sample 4/5: LTP = ₹94.60
[NIFTY25D1625900PE] ⏱ Sample 4/5: LTP = ₹102.15
[NIFTY25D1625950CE] ⏱ Sample 5/5: LTP = ₹94.45
[NIFTY25D1625900PE] ⏱ Sample 5/5: LTP = ₹101.85
[NIFTY25D1625950CE] 📊 Avg Δ = -0.540%, Consistency = 100.0% → DOWN
[NIFTY25D1625950CE] 📈 Range ₹96.05 → ₹94.45

✅ Momentum for CE: {'symbol': 'NIFTY25D1625950CE', 'avg_change': np.float64(-0.54), 'consistency': np.float64(100.0), 'direction': 'DOWN'}
🧩 Finished CE: NIFTY25D1625950CE, momentum={'symbol': 'NIFTY25D1625950CE', 'avg_change': np.float64(-0.54), 'consistency': np.float64(100.0), 'direction': 'DOWN'}
[NIFTY25D1625900PE] 📊 Avg Δ = 0.180%, Consistency = 100.0% → FLAT
[NIFTY25D1625900PE] 📈 Range ₹101.40 → ₹101.85

✅ Momentum for PE: {'symbol': 'NIFTY25D1625900PE', 'avg_change': np.float64(0.18), 'consistency': np.float64(100.0), 'direction': 'FLAT'}
🧩 Finished PE: NIFTY25D1625900PE, momentum={'symbol': 'NIFTY25D1625900PE', 'avg_change': np.float64(0.18), 'consistency': np.float64(100.0), 'direction': 'FLAT'}
🧮 Comparing CE vs PE momentum...
📈 CE momentum: -0.540% (DOWN, 100.0%)
📉 PE momentum: 0.180% (FLAT, 100.0%)
✅ Selected PE (stronger momentum)
✅ Selected: NIFTY25D1625900PE (PE) | LTP=98.4 | lot_size=75 | groww_symbol=NSE-NIFTY-16Dec25-25900-PE

🌀 Generated cURL for Groww Candle API:
curl --location 'https://api.groww.in/v1/historical/candles?exchange=NSE&segment=FNO&groww_symbol=NSE-NIFTY-16Dec25-25900-PE&start_time=2025-12-11 12:55:18&end_time=2025-12-11 12:58:18&candle_interval=1minute' \
  --header 'Accept: application/json' \
  --header 'Authorization: Bearer eyJraWQiOiJaTUtjVXciLCJhbGciOiJFUzI1NiJ9.eyJleHAiOjE3NjU0OTk0MDAsImlhdCI6MTc2NTQzNzM1NiwibmJmIjoxNzY1NDM3MzU2LCJzdWIiOiJ7XCJ0b2tlblJlZklkXCI6XCJhMTFiM2Y4MS00NjcxLTQzMmEtYTJmYS05NjY3MTA1NjBjZWRcIixcInZlbmRvckludGVncmF0aW9uS2V5XCI6XCJlMzFmZjIzYjA4NmI0MDZjODg3NGIyZjZkODQ5NTMxM1wiLFwidXNlckFjY291bnRJZFwiOlwiMmVlMjYyMjItN2MwNS00Y2IwLWIwM2MtNzAzYWRmNWVmN2RkXCIsXCJkZXZpY2VJZFwiOlwiNWQwYzdjODgtMGI1OS01MDU0LTk5ZTYtYWU5MzY5OTc2ZmRiXCIsXCJzZXNzaW9uSWRcIjpcIjlhNzM4MTg1LTgzZjMtNDczMC1hZGJhLThmZDBkZjYzMzcyN1wiLFwiYWRkaXRpb25hbERhdGFcIjpcIno1NC9NZzltdjE2WXdmb0gvS0EwYktvMDZXRlpjc241VUNmTWF5aERtNGxSTkczdTlLa2pWZDNoWjU1ZStNZERhWXBOVi9UOUxIRmtQejFFQisybTdRPT1cIixcInJvbGVcIjpcIm9yZGVyLWJhc2ljLGxpdmVfZGF0YS1iYXNpYyxub25fdHJhZGluZy1iYXNpYyxvcmRlcl9yZWFkX29ubHktYmFzaWMsYmFja190ZXN0XCIsXCJzb3VyY2VJcEFkZHJlc3NcIjpudWxsLFwidHdvRmFFeHBpcnlUc1wiOjE3NjU0OTk0MDAwMDB9IiwiaXNzIjoiYXBleC1hdXRoLXByb2QtYXBwIn0.-GfiyW-zy8TC-txOaMS4A0PesnmF3raApdklINyCLNhHphbr5Qb7t-UGXGBwqXhdR8Zakly9_e09SyiB6Ffz6w' \
  --header 'X-API-VERSION: 1.0'

📊 3-min candle trend → PE (O1=97.95, C3=102.05)
Market Direction: PE
✅ Market direction CONFIRMS momentum → proceeding with order.
➡️ Placing auto order: {'symbol': 'NIFTY25D1625900PE', 'ltp': 98.4, 'lots': 14, 'book_profit': 1050.0, 'lot_size': 75, 'side': 'BUY'} ====== [2025-12-11 12:58:19]
🔹 Auto order => NIFTY25D1625900PE, qty=1050, book@1050.0 ====== [2025-12-11 12:58:19]
💰 LTP for NSE_NIFTY25D1625900PE: ₹101.75 ====== [2025-12-11 12:58:20]
✅ Auto Buy placed: :{'groww_order_id': 'GMKFO251211125820VDOAHK67244O', 'order_status': 'NEW', 'order_reference_id': '89699232', 'remark': None} ======= [2025-12-11 12:58:21]
✅ Auto Target SELL @ 102.75 placed: {'groww_order_id': 'GLTFO251211125821J3TW550BXS4F', 'order_status': 'NEW', 'order_reference_id': '30689426', 'remark': None} ====== [2025-12-11 12:58:22]
💰💰💰💰💰💰 PROFIT BOOKED 💰💰💰💰💰
Waiting for 1 min to get another data.
🔍 Detecting best option between CE and PE for NIFTY 2025-12-16…
➡️  Searching CE between 80-130
➡️  Searching PE between 80-130
⚙️ Checking momentum for top 1 CE candidates...

🧭 Checking momentum for NIFTY25D1625950CE (5 samples, every 1s):
⚙️ Checking momentum for top 2 PE candidates...

🧭 Checking momentum for NIFTY25D1625900PE (5 samples, every 1s):

🧭 Checking momentum for NIFTY25D1625850PE (5 samples, every 1s):
[NIFTY25D1625950CE] ⏱ Sample 1/5: LTP = ₹91.85
[NIFTY25D1625900PE] ⏱ Sample 1/5: LTP = ₹103.70
[NIFTY25D1625850PE] ⏱ Sample 1/5: LTP = ₹82.35
[NIFTY25D1625950CE] ⏱ Sample 2/5: LTP = ₹91.75
[NIFTY25D1625900PE] ⏱ Sample 2/5: LTP = ₹103.55
[NIFTY25D1625850PE] ⏱ Sample 2/5: LTP = ₹82.20
[NIFTY25D1625950CE] ⏱ Sample 3/5: LTP = ₹91.90
[NIFTY25D1625900PE] ⏱ Sample 3/5: LTP = ₹103.05
[NIFTY25D1625850PE] ⏱ Sample 3/5: LTP = ₹81.85
[NIFTY25D1625950CE] ⏱ Sample 4/5: LTP = ₹92.10
[NIFTY25D1625900PE] ⏱ Sample 4/5: LTP = ₹103.00
[NIFTY25D1625850PE] ⏱ Sample 4/5: LTP = ₹81.95
[NIFTY25D1625950CE] ⏱ Sample 5/5: LTP = ₹91.80
[NIFTY25D1625900PE] ⏱ Sample 5/5: LTP = ₹103.25
[NIFTY25D1625950CE] 📊 Avg Δ = 0.054%, Consistency = 100.0% → FLAT
[NIFTY25D1625950CE] 📈 Range ₹91.85 → ₹91.80

⚠️ No strong momentum found for CE (>0.25%, consistency >70%)
📊 Running momentum check for CE (NIFTY25D1625950CE)

🧭 Checking momentum for NIFTY25D1625950CE (5 samples, every 1s):
[NIFTY25D1625850PE] ⏱ Sample 5/5: LTP = ₹81.55
[NIFTY25D1625900PE] 📊 Avg Δ = -0.161%, Consistency = 100.0% → FLAT
[NIFTY25D1625900PE] 📈 Range ₹103.70 → ₹103.25

[NIFTY25D1625950CE] ⏱ Sample 1/5: LTP = ₹93.45
[NIFTY25D1625850PE] 📊 Avg Δ = -0.213%, Consistency = 100.0% → FLAT
[NIFTY25D1625850PE] 📈 Range ₹82.35 → ₹81.55

⚠️ No strong momentum found for PE (>0.3%, consistency >70%)
📊 Running momentum check for PE (NIFTY25D1625900PE)

🧭 Checking momentum for NIFTY25D1625900PE (5 samples, every 1s):
[NIFTY25D1625900PE] ⏱ Sample 1/5: LTP = ₹102.10
[NIFTY25D1625950CE] ⏱ Sample 2/5: LTP = ₹92.85
[NIFTY25D1625900PE] ⏱ Sample 2/5: LTP = ₹102.25
[NIFTY25D1625950CE] ⏱ Sample 3/5: LTP = ₹92.85
[NIFTY25D1625900PE] ⏱ Sample 3/5: LTP = ₹102.20
[NIFTY25D1625950CE] ⏱ Sample 4/5: LTP = ₹93.05
[NIFTY25D1625900PE] ⏱ Sample 4/5: LTP = ₹102.25
[NIFTY25D1625950CE] ⏱ Sample 5/5: LTP = ₹93.30
[NIFTY25D1625900PE] ⏱ Sample 5/5: LTP = ₹102.40
[NIFTY25D1625950CE] 📊 Avg Δ = 0.009%, Consistency = 50.0% → FLAT
[NIFTY25D1625950CE] 📈 Range ₹93.45 → ₹93.30

✅ Momentum for CE: {'symbol': 'NIFTY25D1625950CE', 'avg_change': np.float64(0.009), 'consistency': np.float64(50.0), 'direction': 'FLAT'}
🧩 Finished CE: NIFTY25D1625950CE, momentum={'symbol': 'NIFTY25D1625950CE', 'avg_change': np.float64(0.009), 'consistency': np.float64(50.0), 'direction': 'FLAT'}
[NIFTY25D1625900PE] 📊 Avg Δ = 0.049%, Consistency = 100.0% → FLAT
[NIFTY25D1625900PE] 📈 Range ₹102.10 → ₹102.40

✅ Momentum for PE: {'symbol': 'NIFTY25D1625900PE', 'avg_change': np.float64(0.049), 'consistency': np.float64(100.0), 'direction': 'FLAT'}
🧩 Finished PE: NIFTY25D1625900PE, momentum={'symbol': 'NIFTY25D1625900PE', 'avg_change': np.float64(0.049), 'consistency': np.float64(100.0), 'direction': 'FLAT'}
🧮 Comparing CE vs PE momentum...
📈 CE momentum: 0.009% (FLAT, 50.0%)
📉 PE momentum: 0.049% (FLAT, 100.0%)
⚖️  Momentum similar — choosing PE fallback
✅ Selected: NIFTY25D1625900PE (PE) | LTP=102.35 | lot_size=75 | groww_symbol=NSE-NIFTY-16Dec25-25900-PE

🌀 Generated cURL for Groww Candle API:
curl --location 'https://api.groww.in/v1/historical/candles?exchange=NSE&segment=FNO&groww_symbol=NSE-NIFTY-16Dec25-25900-PE&start_time=2025-12-11 12:58:21&end_time=2025-12-11 13:01:21&candle_interval=1minute' \
  --header 'Accept: application/json' \
  --header 'Authorization: Bearer eyJraWQiOiJaTUtjVXciLCJhbGciOiJFUzI1NiJ9.eyJleHAiOjE3NjU0OTk0MDAsImlhdCI6MTc2NTQzNzM1NiwibmJmIjoxNzY1NDM3MzU2LCJzdWIiOiJ7XCJ0b2tlblJlZklkXCI6XCJhMTFiM2Y4MS00NjcxLTQzMmEtYTJmYS05NjY3MTA1NjBjZWRcIixcInZlbmRvckludGVncmF0aW9uS2V5XCI6XCJlMzFmZjIzYjA4NmI0MDZjODg3NGIyZjZkODQ5NTMxM1wiLFwidXNlckFjY291bnRJZFwiOlwiMmVlMjYyMjItN2MwNS00Y2IwLWIwM2MtNzAzYWRmNWVmN2RkXCIsXCJkZXZpY2VJZFwiOlwiNWQwYzdjODgtMGI1OS01MDU0LTk5ZTYtYWU5MzY5OTc2ZmRiXCIsXCJzZXNzaW9uSWRcIjpcIjlhNzM4MTg1LTgzZjMtNDczMC1hZGJhLThmZDBkZjYzMzcyN1wiLFwiYWRkaXRpb25hbERhdGFcIjpcIno1NC9NZzltdjE2WXdmb0gvS0EwYktvMDZXRlpjc241VUNmTWF5aERtNGxSTkczdTlLa2pWZDNoWjU1ZStNZERhWXBOVi9UOUxIRmtQejFFQisybTdRPT1cIixcInJvbGVcIjpcIm9yZGVyLWJhc2ljLGxpdmVfZGF0YS1iYXNpYyxub25fdHJhZGluZy1iYXNpYyxvcmRlcl9yZWFkX29ubHktYmFzaWMsYmFja190ZXN0XCIsXCJzb3VyY2VJcEFkZHJlc3NcIjpudWxsLFwidHdvRmFFeHBpcnlUc1wiOjE3NjU0OTk0MDAwMDB9IiwiaXNzIjoiYXBleC1hdXRoLXByb2QtYXBwIn0.-GfiyW-zy8TC-txOaMS4A0PesnmF3raApdklINyCLNhHphbr5Qb7t-UGXGBwqXhdR8Zakly9_e09SyiB6Ffz6w' \
  --header 'X-API-VERSION: 1.0'

📊 3-min candle trend → PE (O1=99.95, C3=101.0)
Market Direction: PE
✅ Market direction CONFIRMS momentum → proceeding with order.
➡️ Placing auto order: {'symbol': 'NIFTY25D1625900PE', 'ltp': 102.35, 'lots': 14, 'book_profit': 1050.0, 'lot_size': 75, 'side': 'BUY'} ====== [2025-12-11 13:01:22]
🔹 Auto order => NIFTY25D1625900PE, qty=1050, book@1050.0 ====== [2025-12-11 13:01:23]
💰 LTP for NSE_NIFTY25D1625900PE: ₹100.2 ====== [2025-12-11 13:01:24]
✅ Auto Buy placed: :{'groww_order_id': 'GMKFO251211130124JBGF6IYLTXOP', 'order_status': 'NEW', 'order_reference_id': '52083356', 'remark': None} ======= [2025-12-11 13:01:24]
✅ Auto Target SELL @ 101.2 placed: {'groww_order_id': 'GLTFO2512111301255CLKV0Q4ZIFO', 'order_status': 'NEW', 'order_reference_id': '79314065', 'remark': None} ====== [2025-12-11 13:01:25]
💰💰💰💰💰💰 PROFIT BOOKED 💰💰💰💰💰
Waiting for 1 min to get another data.
🔍 Detecting best option between CE and PE for NIFTY 2025-12-16…
➡️  Searching CE between 80-130
➡️  Searching PE between 80-130
⚙️ Checking momentum for top 1 CE candidates...

🧭 Checking momentum for NIFTY25D1625950CE (5 samples, every 1s):
⚙️ Checking momentum for top 1 PE candidates...

🧭 Checking momentum for NIFTY25D1625900PE (5 samples, every 1s):
[NIFTY25D1625950CE] ⏱ Sample 1/5: LTP = ₹95.90
[NIFTY25D1625900PE] ⏱ Sample 1/5: LTP = ₹98.60
[NIFTY25D1625950CE] ⏱ Sample 2/5: LTP = ₹96.85
[NIFTY25D1625900PE] ⏱ Sample 2/5: LTP = ₹98.85
[NIFTY25D1625950CE] ⏱ Sample 3/5: LTP = ₹97.50
[NIFTY25D1625900PE] ⏱ Sample 3/5: LTP = ₹98.05
[NIFTY25D1625950CE] ⏱ Sample 4/5: LTP = ₹97.55
[NIFTY25D1625900PE] ⏱ Sample 4/5: LTP = ₹98.10
[NIFTY25D1625950CE] ⏱ Sample 5/5: LTP = ₹96.80
[NIFTY25D1625900PE] ⏱ Sample 5/5: LTP = ₹98.65
[NIFTY25D1625950CE] 📊 Avg Δ = 0.276%, Consistency = 50.0% → FLAT
[NIFTY25D1625950CE] 📈 Range ₹95.90 → ₹96.80

⚠️ No strong momentum found for CE (>0.25%, consistency >70%)
📊 Running momentum check for CE (NIFTY25D1625950CE)

🧭 Checking momentum for NIFTY25D1625950CE (5 samples, every 1s):
[NIFTY25D1625950CE] ⏱ Sample 1/5: LTP = ₹96.45
[NIFTY25D1625900PE] 📊 Avg Δ = -0.119%, Consistency = 100.0% → FLAT
[NIFTY25D1625900PE] 📈 Range ₹98.60 → ₹98.65

⚠️ No strong momentum found for PE (>0.3%, consistency >70%)
📊 Running momentum check for PE (NIFTY25D1625900PE)

🧭 Checking momentum for NIFTY25D1625900PE (5 samples, every 1s):
[NIFTY25D1625900PE] ⏱ Sample 1/5: LTP = ₹99.15
[NIFTY25D1625950CE] ⏱ Sample 2/5: LTP = ₹95.95
[NIFTY25D1625900PE] ⏱ Sample 2/5: LTP = ₹100.40
[NIFTY25D1625950CE] ⏱ Sample 3/5: LTP = ₹95.25
[NIFTY25D1625900PE] ⏱ Sample 3/5: LTP = ₹100.30
[NIFTY25D1625950CE] ⏱ Sample 4/5: LTP = ₹94.70
[NIFTY25D1625900PE] ⏱ Sample 4/5: LTP = ₹100.30
[NIFTY25D1625950CE] ⏱ Sample 5/5: LTP = ₹95.25
[NIFTY25D1625900PE] ⏱ Sample 5/5: LTP = ₹100.10
[NIFTY25D1625950CE] 📊 Avg Δ = -0.427%, Consistency = 100.0% → DOWN
[NIFTY25D1625950CE] 📈 Range ₹96.45 → ₹95.25

✅ Momentum for CE: {'symbol': 'NIFTY25D1625950CE', 'avg_change': np.float64(-0.427), 'consistency': np.float64(100.0), 'direction': 'DOWN'}
🧩 Finished CE: NIFTY25D1625950CE, momentum={'symbol': 'NIFTY25D1625950CE', 'avg_change': np.float64(-0.427), 'consistency': np.float64(100.0), 'direction': 'DOWN'}
[NIFTY25D1625900PE] 📊 Avg Δ = 0.142%, Consistency = 50.0% → FLAT
[NIFTY25D1625900PE] 📈 Range ₹99.15 → ₹100.10

✅ Momentum for PE: {'symbol': 'NIFTY25D1625900PE', 'avg_change': np.float64(0.142), 'consistency': np.float64(50.0), 'direction': 'FLAT'}
🧩 Finished PE: NIFTY25D1625900PE, momentum={'symbol': 'NIFTY25D1625900PE', 'avg_change': np.float64(0.142), 'consistency': np.float64(50.0), 'direction': 'FLAT'}
🧮 Comparing CE vs PE momentum...
📈 CE momentum: -0.427% (DOWN, 100.0%)
📉 PE momentum: 0.142% (FLAT, 50.0%)
✅ Selected PE (stronger momentum)
✅ Selected: NIFTY25D1625900PE (PE) | LTP=99.75 | lot_size=75 | groww_symbol=NSE-NIFTY-16Dec25-25900-PE

🌀 Generated cURL for Groww Candle API:
curl --location 'https://api.groww.in/v1/historical/candles?exchange=NSE&segment=FNO&groww_symbol=NSE-NIFTY-16Dec25-25900-PE&start_time=2025-12-11 13:00:20&end_time=2025-12-11 13:03:20&candle_interval=1minute' \
  --header 'Accept: application/json' \
  --header 'Authorization: Bearer eyJraWQiOiJaTUtjVXciLCJhbGciOiJFUzI1NiJ9.eyJleHAiOjE3NjU0OTk0MDAsImlhdCI6MTc2NTQzNzM1NiwibmJmIjoxNzY1NDM3MzU2LCJzdWIiOiJ7XCJ0b2tlblJlZklkXCI6XCJhMTFiM2Y4MS00NjcxLTQzMmEtYTJmYS05NjY3MTA1NjBjZWRcIixcInZlbmRvckludGVncmF0aW9uS2V5XCI6XCJlMzFmZjIzYjA4NmI0MDZjODg3NGIyZjZkODQ5NTMxM1wiLFwidXNlckFjY291bnRJZFwiOlwiMmVlMjYyMjItN2MwNS00Y2IwLWIwM2MtNzAzYWRmNWVmN2RkXCIsXCJkZXZpY2VJZFwiOlwiNWQwYzdjODgtMGI1OS01MDU0LTk5ZTYtYWU5MzY5OTc2ZmRiXCIsXCJzZXNzaW9uSWRcIjpcIjlhNzM4MTg1LTgzZjMtNDczMC1hZGJhLThmZDBkZjYzMzcyN1wiLFwiYWRkaXRpb25hbERhdGFcIjpcIno1NC9NZzltdjE2WXdmb0gvS0EwYktvMDZXRlpjc241VUNmTWF5aERtNGxSTkczdTlLa2pWZDNoWjU1ZStNZERhWXBOVi9UOUxIRmtQejFFQisybTdRPT1cIixcInJvbGVcIjpcIm9yZGVyLWJhc2ljLGxpdmVfZGF0YS1iYXNpYyxub25fdHJhZGluZy1iYXNpYyxvcmRlcl9yZWFkX29ubHktYmFzaWMsYmFja190ZXN0XCIsXCJzb3VyY2VJcEFkZHJlc3NcIjpudWxsLFwidHdvRmFFeHBpcnlUc1wiOjE3NjU0OTk0MDAwMDB9IiwiaXNzIjoiYXBleC1hdXRoLXByb2QtYXBwIn0.-GfiyW-zy8TC-txOaMS4A0PesnmF3raApdklINyCLNhHphbr5Qb7t-UGXGBwqXhdR8Zakly9_e09SyiB6Ffz6w' \
  --header 'X-API-VERSION: 1.0'

📊 3-min candle trend → CE (O1=103.15, C3=100.3)
Market Direction: CE
❌ Skipping trade — market direction conflicts with momentum.
Waiting for 3 mins to get another data.
🔍 Detecting best option between CE and PE for NIFTY 2025-12-16…
➡️  Searching CE between 80-130
➡️  Searching PE between 80-130
⚙️ Checking momentum for top 2 CE candidates...

🧭 Checking momentum for NIFTY25D1625900CE (5 samples, every 1s):

🧭 Checking momentum for NIFTY25D1625950CE (5 samples, every 1s):
⚙️ Checking momentum for top 2 PE candidates...

🧭 Checking momentum for NIFTY25D1625900PE (5 samples, every 1s):

🧭 Checking momentum for NIFTY25D1625850PE (5 samples, every 1s):
[NIFTY25D1625900CE] ⏱ Sample 1/5: LTP = ₹111.70
[NIFTY25D1625950CE] ⏱ Sample 1/5: LTP = ₹86.85
[NIFTY25D1625900PE] ⏱ Sample 1/5: LTP = ₹106.20
[NIFTY25D1625850PE] ⏱ Sample 1/5: LTP = ₹83.95
[NIFTY25D1625900CE] ⏱ Sample 2/5: LTP = ₹111.10
[NIFTY25D1625950CE] ⏱ Sample 2/5: LTP = ₹87.05
[NIFTY25D1625900PE] ⏱ Sample 2/5: LTP = ₹106.70
[NIFTY25D1625850PE] ⏱ Sample 2/5: LTP = ₹84.80
[NIFTY25D1625900CE] ⏱ Sample 3/5: LTP = ₹110.70
[NIFTY25D1625950CE] ⏱ Sample 3/5: LTP = ₹85.50
[NIFTY25D1625900PE] ⏱ Sample 3/5: LTP = ₹107.25
[NIFTY25D1625850PE] ⏱ Sample 3/5: LTP = ₹85.00
[NIFTY25D1625900CE] ⏱ Sample 4/5: LTP = ₹110.90
[NIFTY25D1625950CE] ⏱ Sample 4/5: LTP = ₹86.60
[NIFTY25D1625900PE] ⏱ Sample 4/5: LTP = ₹107.20
[NIFTY25D1625850PE] ⏱ Sample 4/5: LTP = ₹84.70
[NIFTY25D1625900CE] ⏱ Sample 5/5: LTP = ₹110.70
[NIFTY25D1625950CE] ⏱ Sample 5/5: LTP = ₹86.60
[NIFTY25D1625900CE] 📊 Avg Δ = -0.180%, Consistency = 100.0% → FLAT
[NIFTY25D1625900CE] 📈 Range ₹111.70 → ₹110.70

[NIFTY25D1625900PE] ⏱ Sample 5/5: LTP = ₹107.00
[NIFTY25D1625950CE] 📊 Avg Δ = -0.135%, Consistency = 100.0% → FLAT
[NIFTY25D1625950CE] 📈 Range ₹86.85 → ₹86.60

⚠️ No strong momentum found for CE (>0.25%, consistency >70%)
📊 Running momentum check for CE (NIFTY25D1625900CE)

🧭 Checking momentum for NIFTY25D1625900CE (5 samples, every 1s):
[NIFTY25D1625850PE] ⏱ Sample 5/5: LTP = ₹84.80
[NIFTY25D1625900PE] 📊 Avg Δ = 0.203%, Consistency = 100.0% → FLAT
[NIFTY25D1625900PE] 📈 Range ₹106.20 → ₹107.00

[NIFTY25D1625900CE] ⏱ Sample 1/5: LTP = ₹110.50
[NIFTY25D1625850PE] 📊 Avg Δ = 0.148%, Consistency = 50.0% → FLAT
[NIFTY25D1625850PE] 📈 Range ₹83.95 → ₹84.80

⚠️ No strong momentum found for PE (>0.3%, consistency >70%)
📊 Running momentum check for PE (NIFTY25D1625900PE)

🧭 Checking momentum for NIFTY25D1625900PE (5 samples, every 1s):
[NIFTY25D1625900PE] ⏱ Sample 1/5: LTP = ₹107.90
[NIFTY25D1625900CE] ⏱ Sample 2/5: LTP = ₹109.90
[NIFTY25D1625900PE] ⏱ Sample 2/5: LTP = ₹107.45
[NIFTY25D1625900CE] ⏱ Sample 3/5: LTP = ₹110.70
[NIFTY25D1625900PE] ⏱ Sample 3/5: LTP = ₹107.90
[NIFTY25D1625900CE] ⏱ Sample 4/5: LTP = ₹109.50
[NIFTY25D1625900PE] ⏱ Sample 4/5: LTP = ₹110.10
[NIFTY25D1625900CE] ⏱ Sample 5/5: LTP = ₹107.80
[NIFTY25D1625900PE] ⏱ Sample 5/5: LTP = ₹110.05
[NIFTY25D1625900CE] 📊 Avg Δ = -0.469%, Consistency = 100.0% → DOWN
[NIFTY25D1625900CE] 📈 Range ₹110.50 → ₹107.80

✅ Momentum for CE: {'symbol': 'NIFTY25D1625900CE', 'avg_change': np.float64(-0.469), 'consistency': np.float64(100.0), 'direction': 'DOWN'}
🧩 Finished CE: NIFTY25D1625900CE, momentum={'symbol': 'NIFTY25D1625900CE', 'avg_change': np.float64(-0.469), 'consistency': np.float64(100.0), 'direction': 'DOWN'}
[NIFTY25D1625900PE] 📊 Avg Δ = 0.740%, Consistency = 100.0% → UP
[NIFTY25D1625900PE] 📈 Range ₹107.90 → ₹110.05

✅ Momentum for PE: {'symbol': 'NIFTY25D1625900PE', 'avg_change': np.float64(0.74), 'consistency': np.float64(100.0), 'direction': 'UP'}
🧩 Finished PE: NIFTY25D1625900PE, momentum={'symbol': 'NIFTY25D1625900PE', 'avg_change': np.float64(0.74), 'consistency': np.float64(100.0), 'direction': 'UP'}
🧮 Comparing CE vs PE momentum...
📈 CE momentum: -0.469% (DOWN, 100.0%)
📉 PE momentum: 0.740% (UP, 100.0%)
✅ Selected PE (stronger momentum)
✅ Selected: NIFTY25D1625900PE (PE) | LTP=105.45 | lot_size=75 | groww_symbol=NSE-NIFTY-16Dec25-25900-PE

🌀 Generated cURL for Groww Candle API:
curl --location 'https://api.groww.in/v1/historical/candles?exchange=NSE&segment=FNO&groww_symbol=NSE-NIFTY-16Dec25-25900-PE&start_time=2025-12-11 13:04:12&end_time=2025-12-11 13:07:12&candle_interval=1minute' \
  --header 'Accept: application/json' \
  --header 'Authorization: Bearer eyJraWQiOiJaTUtjVXciLCJhbGciOiJFUzI1NiJ9.eyJleHAiOjE3NjU0OTk0MDAsImlhdCI6MTc2NTQzNzM1NiwibmJmIjoxNzY1NDM3MzU2LCJzdWIiOiJ7XCJ0b2tlblJlZklkXCI6XCJhMTFiM2Y4MS00NjcxLTQzMmEtYTJmYS05NjY3MTA1NjBjZWRcIixcInZlbmRvckludGVncmF0aW9uS2V5XCI6XCJlMzFmZjIzYjA4NmI0MDZjODg3NGIyZjZkODQ5NTMxM1wiLFwidXNlckFjY291bnRJZFwiOlwiMmVlMjYyMjItN2MwNS00Y2IwLWIwM2MtNzAzYWRmNWVmN2RkXCIsXCJkZXZpY2VJZFwiOlwiNWQwYzdjODgtMGI1OS01MDU0LTk5ZTYtYWU5MzY5OTc2ZmRiXCIsXCJzZXNzaW9uSWRcIjpcIjlhNzM4MTg1LTgzZjMtNDczMC1hZGJhLThmZDBkZjYzMzcyN1wiLFwiYWRkaXRpb25hbERhdGFcIjpcIno1NC9NZzltdjE2WXdmb0gvS0EwYktvMDZXRlpjc241VUNmTWF5aERtNGxSTkczdTlLa2pWZDNoWjU1ZStNZERhWXBOVi9UOUxIRmtQejFFQisybTdRPT1cIixcInJvbGVcIjpcIm9yZGVyLWJhc2ljLGxpdmVfZGF0YS1iYXNpYyxub25fdHJhZGluZy1iYXNpYyxvcmRlcl9yZWFkX29ubHktYmFzaWMsYmFja190ZXN0XCIsXCJzb3VyY2VJcEFkZHJlc3NcIjpudWxsLFwidHdvRmFFeHBpcnlUc1wiOjE3NjU0OTk0MDAwMDB9IiwiaXNzIjoiYXBleC1hdXRoLXByb2QtYXBwIn0.-GfiyW-zy8TC-txOaMS4A0PesnmF3raApdklINyCLNhHphbr5Qb7t-UGXGBwqXhdR8Zakly9_e09SyiB6Ffz6w' \
  --header 'X-API-VERSION: 1.0'

📊 3-min candle trend → PE (O1=108.35, C3=109.6)
Market Direction: PE
✅ Market direction CONFIRMS momentum → proceeding with order.
➡️ Placing auto order: {'symbol': 'NIFTY25D1625900PE', 'ltp': 105.45, 'lots': 14, 'book_profit': 1050.0, 'lot_size': 75, 'side': 'BUY'} ====== [2025-12-11 13:07:13]
🔹 Auto order => NIFTY25D1625900PE, qty=1050, book@1050.0 ====== [2025-12-11 13:07:14]
💰 LTP for NSE_NIFTY25D1625900PE: ₹109.2 ====== [2025-12-11 13:07:14]
✅ Auto Buy placed: :{'groww_order_id': 'GMKFO251211130715WY9HW63M5QXP', 'order_status': 'NEW', 'order_reference_id': '56309661', 'remark': None} ======= [2025-12-11 13:07:15]
✅ Auto Target SELL @ 110.2 placed: {'groww_order_id': 'GLTFO251211130715RWD6RS0FOX6F', 'order_status': 'NEW', 'order_reference_id': '15210094', 'remark': None} ====== [2025-12-11 13:07:16]
💰💰💰💰💰💰 PROFIT BOOKED 💰💰💰💰💰
Waiting for 1 min to get another data.
🔍 Detecting best option between CE and PE for NIFTY 2025-12-16…
➡️  Searching CE between 80-130
➡️  Searching PE between 80-130
⚙️ Checking momentum for top 2 CE candidates...

🧭 Checking momentum for NIFTY25D1625900CE (5 samples, every 1s):

🧭 Checking momentum for NIFTY25D1625950CE (5 samples, every 1s):
⚙️ Checking momentum for top 1 PE candidates...

🧭 Checking momentum for NIFTY25D1625850PE (5 samples, every 1s):
[NIFTY25D1625900CE] ⏱ Sample 1/5: LTP = ₹102.50
[NIFTY25D1625950CE] ⏱ Sample 1/5: LTP = ₹80.10
[NIFTY25D1625850PE] ⏱ Sample 1/5: LTP = ₹88.30
[NIFTY25D1625900CE] ⏱ Sample 2/5: LTP = ₹104.70
[NIFTY25D1625950CE] ⏱ Sample 2/5: LTP = ₹81.20
[NIFTY25D1625850PE] ⏱ Sample 2/5: LTP = ₹88.20
[NIFTY25D1625900CE] ⏱ Sample 3/5: LTP = ₹103.70
[NIFTY25D1625950CE] ⏱ Sample 3/5: LTP = ₹80.25
[NIFTY25D1625850PE] ⏱ Sample 3/5: LTP = ₹89.00
[NIFTY25D1625900CE] ⏱ Sample 4/5: LTP = ₹103.60
[NIFTY25D1625950CE] ⏱ Sample 4/5: LTP = ₹80.45
[NIFTY25D1625850PE] ⏱ Sample 4/5: LTP = ₹89.30
[NIFTY25D1625900CE] ⏱ Sample 5/5: LTP = ₹103.35
[NIFTY25D1625950CE] ⏱ Sample 5/5: LTP = ₹80.75
[NIFTY25D1625900CE] 📊 Avg Δ = -0.039%, Consistency = 50.0% → FLAT
[NIFTY25D1625900CE] 📈 Range ₹102.50 → ₹103.35

[NIFTY25D1625850PE] ⏱ Sample 5/5: LTP = ₹88.85
[NIFTY25D1625950CE] 📊 Avg Δ = -0.021%, Consistency = 50.0% → FLAT
[NIFTY25D1625950CE] 📈 Range ₹80.10 → ₹80.75

⚠️ No strong momentum found for CE (>0.25%, consistency >70%)
📊 Running momentum check for CE (NIFTY25D1625900CE)

🧭 Checking momentum for NIFTY25D1625900CE (5 samples, every 1s):
[NIFTY25D1625850PE] 📊 Avg Δ = 0.310%, Consistency = 100.0% → UP
[NIFTY25D1625850PE] 📈 Range ₹88.30 → ₹88.85

🏆 Selected PE: NIFTY25D1625850PE (UP | 0.31% | Consistency 100.0%)
📊 Running momentum check for PE (NIFTY25D1625850PE)

🧭 Checking momentum for NIFTY25D1625850PE (5 samples, every 1s):
[NIFTY25D1625900CE] ⏱ Sample 1/5: LTP = ₹104.05
[NIFTY25D1625850PE] ⏱ Sample 1/5: LTP = ₹88.95
[NIFTY25D1625900CE] ⏱ Sample 2/5: LTP = ₹103.90
[NIFTY25D1625850PE] ⏱ Sample 2/5: LTP = ₹88.40
[NIFTY25D1625900CE] ⏱ Sample 3/5: LTP = ₹104.80
[NIFTY25D1625850PE] ⏱ Sample 3/5: LTP = ₹87.80
[NIFTY25D1625900CE] ⏱ Sample 4/5: LTP = ₹104.70
[NIFTY25D1625850PE] ⏱ Sample 4/5: LTP = ₹87.80
[NIFTY25D1625900CE] ⏱ Sample 5/5: LTP = ₹104.70
[NIFTY25D1625850PE] ⏱ Sample 5/5: LTP = ₹88.00
[NIFTY25D1625900CE] 📊 Avg Δ = 0.232%, Consistency = 100.0% → FLAT
[NIFTY25D1625900CE] 📈 Range ₹104.05 → ₹104.70

✅ Momentum for CE: {'symbol': 'NIFTY25D1625900CE', 'avg_change': np.float64(0.232), 'consistency': np.float64(100.0), 'direction': 'FLAT'}
🧩 Finished CE: NIFTY25D1625900CE, momentum={'symbol': 'NIFTY25D1625900CE', 'avg_change': np.float64(0.232), 'consistency': np.float64(100.0), 'direction': 'FLAT'}
[NIFTY25D1625850PE] 📊 Avg Δ = -0.293%, Consistency = 100.0% → DOWN
[NIFTY25D1625850PE] 📈 Range ₹88.95 → ₹88.00

✅ Momentum for PE: {'symbol': 'NIFTY25D1625850PE', 'avg_change': np.float64(-0.293), 'consistency': np.float64(100.0), 'direction': 'DOWN'}
🧩 Finished PE: NIFTY25D1625850PE, momentum={'symbol': 'NIFTY25D1625850PE', 'avg_change': np.float64(-0.293), 'consistency': np.float64(100.0), 'direction': 'DOWN'}
🧮 Comparing CE vs PE momentum...
📈 CE momentum: 0.232% (FLAT, 100.0%)
📉 PE momentum: -0.293% (DOWN, 100.0%)
✅ Selected CE (stronger momentum)
✅ Selected: NIFTY25D1625900CE (CE) | LTP=103.0 | lot_size=75 | groww_symbol=NSE-NIFTY-16Dec25-25900-CE

🌀 Generated cURL for Groww Candle API:
curl --location 'https://api.groww.in/v1/historical/candles?exchange=NSE&segment=FNO&groww_symbol=NSE-NIFTY-16Dec25-25900-CE&start_time=2025-12-11 13:06:14&end_time=2025-12-11 13:09:14&candle_interval=1minute' \
  --header 'Accept: application/json' \
  --header 'Authorization: Bearer eyJraWQiOiJaTUtjVXciLCJhbGciOiJFUzI1NiJ9.eyJleHAiOjE3NjU0OTk0MDAsImlhdCI6MTc2NTQzNzM1NiwibmJmIjoxNzY1NDM3MzU2LCJzdWIiOiJ7XCJ0b2tlblJlZklkXCI6XCJhMTFiM2Y4MS00NjcxLTQzMmEtYTJmYS05NjY3MTA1NjBjZWRcIixcInZlbmRvckludGVncmF0aW9uS2V5XCI6XCJlMzFmZjIzYjA4NmI0MDZjODg3NGIyZjZkODQ5NTMxM1wiLFwidXNlckFjY291bnRJZFwiOlwiMmVlMjYyMjItN2MwNS00Y2IwLWIwM2MtNzAzYWRmNWVmN2RkXCIsXCJkZXZpY2VJZFwiOlwiNWQwYzdjODgtMGI1OS01MDU0LTk5ZTYtYWU5MzY5OTc2ZmRiXCIsXCJzZXNzaW9uSWRcIjpcIjlhNzM4MTg1LTgzZjMtNDczMC1hZGJhLThmZDBkZjYzMzcyN1wiLFwiYWRkaXRpb25hbERhdGFcIjpcIno1NC9NZzltdjE2WXdmb0gvS0EwYktvMDZXRlpjc241VUNmTWF5aERtNGxSTkczdTlLa2pWZDNoWjU1ZStNZERhWXBOVi9UOUxIRmtQejFFQisybTdRPT1cIixcInJvbGVcIjpcIm9yZGVyLWJhc2ljLGxpdmVfZGF0YS1iYXNpYyxub25fdHJhZGluZy1iYXNpYyxvcmRlcl9yZWFkX29ubHktYmFzaWMsYmFja190ZXN0XCIsXCJzb3VyY2VJcEFkZHJlc3NcIjpudWxsLFwidHdvRmFFeHBpcnlUc1wiOjE3NjU0OTk0MDAwMDB9IiwiaXNzIjoiYXBleC1hdXRoLXByb2QtYXBwIn0.-GfiyW-zy8TC-txOaMS4A0PesnmF3raApdklINyCLNhHphbr5Qb7t-UGXGBwqXhdR8Zakly9_e09SyiB6Ffz6w' \
  --header 'X-API-VERSION: 1.0'

📊 3-min candle trend → PE (O1=110.5, C3=105.0)
Market Direction: PE
❌ Skipping trade — market direction conflicts with momentum.
Waiting for 3 mins to get another data.
🔍 Detecting best option between CE and PE for NIFTY 2025-12-16…
➡️  Searching CE between 80-130
➡️  Searching PE between 80-130
⚙️ Checking momentum for top 1 CE candidates...

🧭 Checking momentum for NIFTY25D1625900CE (5 samples, every 1s):
⚙️ Checking momentum for top 1 PE candidates...

🧭 Checking momentum for NIFTY25D1625850PE (5 samples, every 1s):
[NIFTY25D1625900CE] ⏱ Sample 1/5: LTP = ₹96.10
[NIFTY25D1625850PE] ⏱ Sample 1/5: LTP = ₹93.80
[NIFTY25D1625900CE] ⏱ Sample 2/5: LTP = ₹95.70
[NIFTY25D1625850PE] ⏱ Sample 2/5: LTP = ₹94.00
[NIFTY25D1625900CE] ⏱ Sample 3/5: LTP = ₹95.25
[NIFTY25D1625850PE] ⏱ Sample 3/5: LTP = ₹94.20
[NIFTY25D1625900CE] ⏱ Sample 4/5: LTP = ₹95.50
[NIFTY25D1625850PE] ⏱ Sample 4/5: LTP = ₹94.50
[NIFTY25D1625900CE] ⏱ Sample 5/5: LTP = ₹95.40
[NIFTY25D1625850PE] ⏱ Sample 5/5: LTP = ₹93.95
[NIFTY25D1625900CE] 📊 Avg Δ = -0.157%, Consistency = 100.0% → FLAT
[NIFTY25D1625900CE] 📈 Range ₹96.10 → ₹95.40

⚠️ No strong momentum found for CE (>0.25%, consistency >70%)
📊 Running momentum check for CE (NIFTY25D1625900CE)

🧭 Checking momentum for NIFTY25D1625900CE (5 samples, every 1s):
[NIFTY25D1625900CE] ⏱ Sample 1/5: LTP = ₹97.10
[NIFTY25D1625850PE] 📊 Avg Δ = 0.115%, Consistency = 50.0% → FLAT
[NIFTY25D1625850PE] 📈 Range ₹93.80 → ₹93.95

⚠️ No strong momentum found for PE (>0.3%, consistency >70%)
📊 Running momentum check for PE (NIFTY25D1625850PE)

🧭 Checking momentum for NIFTY25D1625850PE (5 samples, every 1s):
[NIFTY25D1625850PE] ⏱ Sample 1/5: LTP = ₹92.60
[NIFTY25D1625900CE] ⏱ Sample 2/5: LTP = ₹97.30
[NIFTY25D1625850PE] ⏱ Sample 2/5: LTP = ₹92.70
[NIFTY25D1625900CE] ⏱ Sample 3/5: LTP = ₹97.80
[NIFTY25D1625850PE] ⏱ Sample 3/5: LTP = ₹92.80
[NIFTY25D1625900CE] ⏱ Sample 4/5: LTP = ₹96.70
[NIFTY25D1625850PE] ⏱ Sample 4/5: LTP = ₹93.15
[NIFTY25D1625900CE] ⏱ Sample 5/5: LTP = ₹96.50
[NIFTY25D1625850PE] ⏱ Sample 5/5: LTP = ₹93.40
[NIFTY25D1625900CE] 📊 Avg Δ = -0.206%, Consistency = 100.0% → FLAT
[NIFTY25D1625900CE] 📈 Range ₹97.10 → ₹96.50

✅ Momentum for CE: {'symbol': 'NIFTY25D1625900CE', 'avg_change': np.float64(-0.206), 'consistency': np.float64(100.0), 'direction': 'FLAT'}
🧩 Finished CE: NIFTY25D1625900CE, momentum={'symbol': 'NIFTY25D1625900CE', 'avg_change': np.float64(-0.206), 'consistency': np.float64(100.0), 'direction': 'FLAT'}
[NIFTY25D1625850PE] 📊 Avg Δ = 0.224%, Consistency = 100.0% → FLAT
[NIFTY25D1625850PE] 📈 Range ₹92.60 → ₹93.40

✅ Momentum for PE: {'symbol': 'NIFTY25D1625850PE', 'avg_change': np.float64(0.224), 'consistency': np.float64(100.0), 'direction': 'FLAT'}
🧩 Finished PE: NIFTY25D1625850PE, momentum={'symbol': 'NIFTY25D1625850PE', 'avg_change': np.float64(0.224), 'consistency': np.float64(100.0), 'direction': 'FLAT'}
🧮 Comparing CE vs PE momentum...
📈 CE momentum: -0.206% (FLAT, 100.0%)
📉 PE momentum: 0.224% (FLAT, 100.0%)
✅ Selected PE (stronger momentum)
✅ Selected: NIFTY25D1625850PE (PE) | LTP=92.7 | lot_size=75 | groww_symbol=NSE-NIFTY-16Dec25-25850-PE

🌀 Generated cURL for Groww Candle API:
curl --location 'https://api.groww.in/v1/historical/candles?exchange=NSE&segment=FNO&groww_symbol=NSE-NIFTY-16Dec25-25850-PE&start_time=2025-12-11 13:10:01&end_time=2025-12-11 13:13:01&candle_interval=1minute' \
  --header 'Accept: application/json' \
  --header 'Authorization: Bearer eyJraWQiOiJaTUtjVXciLCJhbGciOiJFUzI1NiJ9.eyJleHAiOjE3NjU0OTk0MDAsImlhdCI6MTc2NTQzNzM1NiwibmJmIjoxNzY1NDM3MzU2LCJzdWIiOiJ7XCJ0b2tlblJlZklkXCI6XCJhMTFiM2Y4MS00NjcxLTQzMmEtYTJmYS05NjY3MTA1NjBjZWRcIixcInZlbmRvckludGVncmF0aW9uS2V5XCI6XCJlMzFmZjIzYjA4NmI0MDZjODg3NGIyZjZkODQ5NTMxM1wiLFwidXNlckFjY291bnRJZFwiOlwiMmVlMjYyMjItN2MwNS00Y2IwLWIwM2MtNzAzYWRmNWVmN2RkXCIsXCJkZXZpY2VJZFwiOlwiNWQwYzdjODgtMGI1OS01MDU0LTk5ZTYtYWU5MzY5OTc2ZmRiXCIsXCJzZXNzaW9uSWRcIjpcIjlhNzM4MTg1LTgzZjMtNDczMC1hZGJhLThmZDBkZjYzMzcyN1wiLFwiYWRkaXRpb25hbERhdGFcIjpcIno1NC9NZzltdjE2WXdmb0gvS0EwYktvMDZXRlpjc241VUNmTWF5aERtNGxSTkczdTlLa2pWZDNoWjU1ZStNZERhWXBOVi9UOUxIRmtQejFFQisybTdRPT1cIixcInJvbGVcIjpcIm9yZGVyLWJhc2ljLGxpdmVfZGF0YS1iYXNpYyxub25fdHJhZGluZy1iYXNpYyxvcmRlcl9yZWFkX29ubHktYmFzaWMsYmFja190ZXN0XCIsXCJzb3VyY2VJcEFkZHJlc3NcIjpudWxsLFwidHdvRmFFeHBpcnlUc1wiOjE3NjU0OTk0MDAwMDB9IiwiaXNzIjoiYXBleC1hdXRoLXByb2QtYXBwIn0.-GfiyW-zy8TC-txOaMS4A0PesnmF3raApdklINyCLNhHphbr5Qb7t-UGXGBwqXhdR8Zakly9_e09SyiB6Ffz6w' \
  --header 'X-API-VERSION: 1.0'

📊 3-min candle trend → PE (O1=90.35, C3=94.0)
Market Direction: PE
✅ Market direction CONFIRMS momentum → proceeding with order.
➡️ Placing auto order: {'symbol': 'NIFTY25D1625850PE', 'ltp': 92.7, 'lots': 14, 'book_profit': 1050.0, 'lot_size': 75, 'side': 'BUY'} ====== [2025-12-11 13:13:02]
🔹 Auto order => NIFTY25D1625850PE, qty=1050, book@1050.0 ====== [2025-12-11 13:13:03]
💰 LTP for NSE_NIFTY25D1625850PE: ₹93.5 ====== [2025-12-11 13:13:03]
✅ Auto Buy placed: :{'groww_order_id': 'GMKFO251211131303C0F57GWUJAX6', 'order_status': 'NEW', 'order_reference_id': '71205475', 'remark': None} ======= [2025-12-11 13:13:04]
✅ Auto Target SELL @ 94.5 placed: {'groww_order_id': 'GLTFO251211131304RMR9U9FOA44F', 'order_status': 'NEW', 'order_reference_id': '20290868', 'remark': None} ====== [2025-12-11 13:13:05]
Traceback (most recent call last):
  File "C:\Users\HITS\eclipse-workspace\Groww_Python_Trading_Bot\test_groww_option_trading_final_bot.py", line 1254, in <module>
    if mode in ["m", "manual"]:
        ^^^^^^^^^^^^^^^^^^
  File "C:\Users\HITS\eclipse-workspace\Groww_Python_Trading_Bot\test_groww_option_trading_final_bot.py", line 1234, in auto_mode_runner
    print("❌ Skipping trade — market direction conflicts with momentum.")
    ^^^^^^^^^^^^^^^^^^^^^^^^^^^^^^^^^^^^^^^^
  File "C:\Users\HITS\eclipse-workspace\Groww_Python_Trading_Bot\test_groww_option_trading_final_bot.py", line 1068, in place_cp_order
    
KeyboardInterrupt
