📝 Logging started. Log file: C:\Users\HITS\eclipse-workspace\Groww_Python_Trading_Bot\logs\Groww_Bot_2025-12-15_13-55-04.log
C:\Users\HITS\eclipse-workspace\Groww_Python_Trading_Bot\instrument.csv
Ready to Groww!
eyJraWQiOiJaTUtjVXciLCJhbGciOiJFUzI1NiJ9.eyJleHAiOjE3NjU4NDUwMDAsImlhdCI6MTc2NTc4NzEwNCwibmJmIjoxNzY1Nzg3MTA0LCJzdWIiOiJ7XCJ0b2tlblJlZklkXCI6XCI0YTcwMGRmMC1mZjYxLTRlYzAtOTJiZS0xN2M0MmExMDk3ZjhcIixcInZlbmRvckludGVncmF0aW9uS2V5XCI6XCJlMzFmZjIzYjA4NmI0MDZjODg3NGIyZjZkODQ5NTMxM1wiLFwidXNlckFjY291bnRJZFwiOlwiMmVlMjYyMjItN2MwNS00Y2IwLWIwM2MtNzAzYWRmNWVmN2RkXCIsXCJkZXZpY2VJZFwiOlwiNWQwYzdjODgtMGI1OS01MDU0LTk5ZTYtYWU5MzY5OTc2ZmRiXCIsXCJzZXNzaW9uSWRcIjpcIjRhYmQxNmY5LTIyNGYtNDk0MS04NGM5LTI4NWQ5OWM2MDIwN1wiLFwiYWRkaXRpb25hbERhdGFcIjpcIno1NC9NZzltdjE2WXdmb0gvS0EwYktvMDZXRlpjc241VUNmTWF5aERtNGxSTkczdTlLa2pWZDNoWjU1ZStNZERhWXBOVi9UOUxIRmtQejFFQisybTdRPT1cIixcInJvbGVcIjpcIm9yZGVyLWJhc2ljLGxpdmVfZGF0YS1iYXNpYyxub25fdHJhZGluZy1iYXNpYyxvcmRlcl9yZWFkX29ubHktYmFzaWMsYmFja190ZXN0XCIsXCJzb3VyY2VJcEFkZHJlc3NcIjpudWxsLFwidHdvRmFFeHBpcnlUc1wiOjE3NjU4NDUwMDAwMDB9IiwiaXNzIjoiYXBleC1hdXRoLXByb2QtYXBwIn0.Dbc7sDoeYaQPTsXHfNSrKr131NHsDhy03C6L5NstuZraYLXoPyz3GBEYgy0c_swpz8uNutPSXQ4uutG0V1gvag
✅ Groww API Initialized Successfully
✅ Converted 'C:\Users\HITS\eclipse-workspace\Groww_Python_Trading_Bot\instrument.csv' → 'C:\Users\HITS\eclipse-workspace\Groww_Python_Trading_Bot\instrument.json'
📊 Live NIFTY Spot: 26030.45
✅ Converted 'C:\Users\HITS\eclipse-workspace\Groww_Python_Trading_Bot\instrument.csv' → 'C:\Users\HITS\eclipse-workspace\Groww_Python_Trading_Bot\instrument.json'
🎯 Filtering NIFTY 2025-12-16 instruments between 25550–26550 (Spot=26030.45)
✅ Loaded 316 filtered instruments (out of 149250)

✨ Groww NIFTY CP Bot Ready (Groww backend)
You can run in MANUAL or AUTO mode.
Manual example: Buy 14 NIFTY04NOV2525950CE at CP and Book at 1050

Choose mode: (m)anual / (a)uto / (q)uit: 
--- AUTO MODE (momentum + premium) ---
🔍 Detecting best option between CE and PE for NIFTY 2025-12-16…
➡️  Searching CE between 80-130
➡️  Searching PE between 80-130
⚙️ Checking momentum for top 1 CE candidates...

🧭 Checking momentum for NIFTY25D1625950CE (5 samples, every 1s):
[NIFTY25D1625950CE] ⏱ Sample 1/5: LTP = ₹110.15
[NIFTY25D1625950CE] ⏱ Sample 2/5: LTP = ₹110.35
[NIFTY25D1625950CE] ⏱ Sample 3/5: LTP = ₹110.00
⚙️ Checking momentum for top 1 PE candidates...

🧭 Checking momentum for NIFTY25D1626100PE (5 samples, every 1s):
[NIFTY25D1626100PE] ⏱ Sample 1/5: LTP = ₹105.55
[NIFTY25D1625950CE] ⏱ Sample 4/5: LTP = ₹109.85
[NIFTY25D1626100PE] ⏱ Sample 2/5: LTP = ₹105.60
[NIFTY25D1625950CE] ⏱ Sample 5/5: LTP = ₹110.40
[NIFTY25D1625950CE] 📊 Avg Δ = -0.038%, Consistency = 50.0% → FLAT
[NIFTY25D1625950CE] 📈 Range ₹110.15 → ₹110.40

⚠️ No strong momentum found for CE (>0.25%, consistency >70%)
📊 Running momentum check for CE (NIFTY25D1625950CE)

🧭 Checking momentum for NIFTY25D1625950CE (5 samples, every 1s):
[NIFTY25D1626100PE] ⏱ Sample 3/5: LTP = ₹105.30
[NIFTY25D1625950CE] ⏱ Sample 1/5: LTP = ₹110.40
[NIFTY25D1626100PE] ⏱ Sample 4/5: LTP = ₹105.50
[NIFTY25D1625950CE] ⏱ Sample 2/5: LTP = ₹109.55
[NIFTY25D1626100PE] ⏱ Sample 5/5: LTP = ₹106.45
[NIFTY25D1625950CE] ⏱ Sample 3/5: LTP = ₹109.00
[NIFTY25D1626100PE] 📊 Avg Δ = 0.126%, Consistency = 50.0% → FLAT
[NIFTY25D1626100PE] 📈 Range ₹105.55 → ₹106.45

⚠️ No strong momentum found for PE (>0.3%, consistency >70%)
📊 Running momentum check for PE (NIFTY25D1626100PE)

🧭 Checking momentum for NIFTY25D1626100PE (5 samples, every 1s):
[NIFTY25D1626100PE] ⏱ Sample 1/5: LTP = ₹106.25
[NIFTY25D1625950CE] ⏱ Sample 4/5: LTP = ₹109.90
[NIFTY25D1626100PE] ⏱ Sample 2/5: LTP = ₹106.15
[NIFTY25D1625950CE] ⏱ Sample 5/5: LTP = ₹110.40
[NIFTY25D1625950CE] 📊 Avg Δ = 0.053%, Consistency = 50.0% → FLAT
[NIFTY25D1625950CE] 📈 Range ₹110.40 → ₹110.40

✅ Momentum for CE: {'symbol': 'NIFTY25D1625950CE', 'avg_change': np.float64(0.053), 'consistency': np.float64(50.0), 'direction': 'FLAT'}
🧩 Finished CE: NIFTY25D1625950CE, momentum={'symbol': 'NIFTY25D1625950CE', 'avg_change': np.float64(0.053), 'consistency': np.float64(50.0), 'direction': 'FLAT'}
[NIFTY25D1626100PE] ⏱ Sample 3/5: LTP = ₹105.65
[NIFTY25D1626100PE] ⏱ Sample 4/5: LTP = ₹105.70
[NIFTY25D1626100PE] ⏱ Sample 5/5: LTP = ₹105.55
[NIFTY25D1626100PE] 📊 Avg Δ = -0.181%, Consistency = 100.0% → FLAT
[NIFTY25D1626100PE] 📈 Range ₹106.25 → ₹105.55

✅ Momentum for PE: {'symbol': 'NIFTY25D1626100PE', 'avg_change': np.float64(-0.181), 'consistency': np.float64(100.0), 'direction': 'FLAT'}
🧩 Finished PE: NIFTY25D1626100PE, momentum={'symbol': 'NIFTY25D1626100PE', 'avg_change': np.float64(-0.181), 'consistency': np.float64(100.0), 'direction': 'FLAT'}
🧮 Comparing CE vs PE momentum...
📈 CE momentum: 0.053% (FLAT, 50.0%)
📉 PE momentum: -0.181% (FLAT, 100.0%)
⚖️  Momentum similar — choosing CE fallback
✅ Selected: NIFTY25D1625950CE (CE) | LTP=110.35 | lot_size=75 | groww_symbol=NSE-NIFTY-16Dec25-25950-CE

🌀 Generated cURL for Groww Candle API:
curl --location 'https://api.groww.in/v1/historical/candles?exchange=NSE&segment=FNO&groww_symbol=NSE-NIFTY-16Dec25-25950-CE&start_time=2025-12-15 13:54:23&end_time=2025-12-15 13:57:23&candle_interval=1minute' \
  --header 'Accept: application/json' \
  --header 'Authorization: Bearer eyJraWQiOiJaTUtjVXciLCJhbGciOiJFUzI1NiJ9.eyJleHAiOjE3NjU4NDUwMDAsImlhdCI6MTc2NTc4NzEwNCwibmJmIjoxNzY1Nzg3MTA0LCJzdWIiOiJ7XCJ0b2tlblJlZklkXCI6XCI0YTcwMGRmMC1mZjYxLTRlYzAtOTJiZS0xN2M0MmExMDk3ZjhcIixcInZlbmRvckludGVncmF0aW9uS2V5XCI6XCJlMzFmZjIzYjA4NmI0MDZjODg3NGIyZjZkODQ5NTMxM1wiLFwidXNlckFjY291bnRJZFwiOlwiMmVlMjYyMjItN2MwNS00Y2IwLWIwM2MtNzAzYWRmNWVmN2RkXCIsXCJkZXZpY2VJZFwiOlwiNWQwYzdjODgtMGI1OS01MDU0LTk5ZTYtYWU5MzY5OTc2ZmRiXCIsXCJzZXNzaW9uSWRcIjpcIjRhYmQxNmY5LTIyNGYtNDk0MS04NGM5LTI4NWQ5OWM2MDIwN1wiLFwiYWRkaXRpb25hbERhdGFcIjpcIno1NC9NZzltdjE2WXdmb0gvS0EwYktvMDZXRlpjc241VUNmTWF5aERtNGxSTkczdTlLa2pWZDNoWjU1ZStNZERhWXBOVi9UOUxIRmtQejFFQisybTdRPT1cIixcInJvbGVcIjpcIm9yZGVyLWJhc2ljLGxpdmVfZGF0YS1iYXNpYyxub25fdHJhZGluZy1iYXNpYyxvcmRlcl9yZWFkX29ubHktYmFzaWMsYmFja190ZXN0XCIsXCJzb3VyY2VJcEFkZHJlc3NcIjpudWxsLFwidHdvRmFFeHBpcnlUc1wiOjE3NjU4NDUwMDAwMDB9IiwiaXNzIjoiYXBleC1hdXRoLXByb2QtYXBwIn0.Dbc7sDoeYaQPTsXHfNSrKr131NHsDhy03C6L5NstuZraYLXoPyz3GBEYgy0c_swpz8uNutPSXQ4uutG0V1gvag' \
  --header 'X-API-VERSION: 1.0'

📊 3-min candle trend → PE (O1=115.95, C3=109.55)
Market Direction: PE
❌ Skipping trade — market direction conflicts with momentum.
Waiting for 3 mins to get another data.
🔍 Detecting best option between CE and PE for NIFTY 2025-12-16…
➡️  Searching CE between 80-130
➡️  Searching PE between 80-130
⚙️ Checking momentum for top 1 CE candidates...

🧭 Checking momentum for NIFTY25D1625950CE (5 samples, every 1s):
⚙️ Checking momentum for top 1 PE candidates...

🧭 Checking momentum for NIFTY25D1626100PE (5 samples, every 1s):
[NIFTY25D1625950CE] ⏱ Sample 1/5: LTP = ₹105.55
[NIFTY25D1626100PE] ⏱ Sample 1/5: LTP = ₹109.60
[NIFTY25D1625950CE] ⏱ Sample 2/5: LTP = ₹105.90
[NIFTY25D1626100PE] ⏱ Sample 2/5: LTP = ₹109.30
[NIFTY25D1625950CE] ⏱ Sample 3/5: LTP = ₹106.10
[NIFTY25D1626100PE] ⏱ Sample 3/5: LTP = ₹109.35
[NIFTY25D1625950CE] ⏱ Sample 4/5: LTP = ₹106.05
[NIFTY25D1626100PE] ⏱ Sample 4/5: LTP = ₹109.30
[NIFTY25D1625950CE] ⏱ Sample 5/5: LTP = ₹106.25
[NIFTY25D1626100PE] ⏱ Sample 5/5: LTP = ₹109.30
[NIFTY25D1625950CE] 📊 Avg Δ = 0.134%, Consistency = 100.0% → FLAT
[NIFTY25D1625950CE] 📈 Range ₹105.55 → ₹106.25

⚠️ No strong momentum found for CE (>0.25%, consistency >70%)
📊 Running momentum check for CE (NIFTY25D1625950CE)

🧭 Checking momentum for NIFTY25D1625950CE (5 samples, every 1s):
[NIFTY25D1626100PE] 📊 Avg Δ = -0.046%, Consistency = 50.0% → FLAT
[NIFTY25D1626100PE] 📈 Range ₹109.60 → ₹109.30

⚠️ No strong momentum found for PE (>0.3%, consistency >70%)
📊 Running momentum check for PE (NIFTY25D1626100PE)

🧭 Checking momentum for NIFTY25D1626100PE (5 samples, every 1s):
[NIFTY25D1625950CE] ⏱ Sample 1/5: LTP = ₹106.20
[NIFTY25D1626100PE] ⏱ Sample 1/5: LTP = ₹109.35
[NIFTY25D1625950CE] ⏱ Sample 2/5: LTP = ₹106.40
[NIFTY25D1626100PE] ⏱ Sample 2/5: LTP = ₹109.00
[NIFTY25D1625950CE] ⏱ Sample 3/5: LTP = ₹106.45
[NIFTY25D1626100PE] ⏱ Sample 3/5: LTP = ₹109.25
[NIFTY25D1625950CE] ⏱ Sample 4/5: LTP = ₹106.55
[NIFTY25D1626100PE] ⏱ Sample 4/5: LTP = ₹108.85
[NIFTY25D1625950CE] ⏱ Sample 5/5: LTP = ₹106.60
[NIFTY25D1626100PE] ⏱ Sample 5/5: LTP = ₹108.35
[NIFTY25D1625950CE] 📊 Avg Δ = 0.086%, Consistency = 100.0% → FLAT
[NIFTY25D1625950CE] 📈 Range ₹106.20 → ₹106.60

✅ Momentum for CE: {'symbol': 'NIFTY25D1625950CE', 'avg_change': np.float64(0.086), 'consistency': np.float64(100.0), 'direction': 'FLAT'}
🧩 Finished CE: NIFTY25D1625950CE, momentum={'symbol': 'NIFTY25D1625950CE', 'avg_change': np.float64(0.086), 'consistency': np.float64(100.0), 'direction': 'FLAT'}
[NIFTY25D1626100PE] 📊 Avg Δ = -0.176%, Consistency = 100.0% → FLAT
[NIFTY25D1626100PE] 📈 Range ₹109.35 → ₹108.35

✅ Momentum for PE: {'symbol': 'NIFTY25D1626100PE', 'avg_change': np.float64(-0.176), 'consistency': np.float64(100.0), 'direction': 'FLAT'}
🧩 Finished PE: NIFTY25D1626100PE, momentum={'symbol': 'NIFTY25D1626100PE', 'avg_change': np.float64(-0.176), 'consistency': np.float64(100.0), 'direction': 'FLAT'}
🧮 Comparing CE vs PE momentum...
📈 CE momentum: 0.086% (FLAT, 100.0%)
📉 PE momentum: -0.176% (FLAT, 100.0%)
⚖️  Momentum similar — choosing CE fallback
✅ Selected: NIFTY25D1625950CE (CE) | LTP=107.2 | lot_size=75 | groww_symbol=NSE-NIFTY-16Dec25-25950-CE

🌀 Generated cURL for Groww Candle API:
curl --location 'https://api.groww.in/v1/historical/candles?exchange=NSE&segment=FNO&groww_symbol=NSE-NIFTY-16Dec25-25950-CE&start_time=2025-12-15 13:58:12&end_time=2025-12-15 14:01:12&candle_interval=1minute' \
  --header 'Accept: application/json' \
  --header 'Authorization: Bearer eyJraWQiOiJaTUtjVXciLCJhbGciOiJFUzI1NiJ9.eyJleHAiOjE3NjU4NDUwMDAsImlhdCI6MTc2NTc4NzEwNCwibmJmIjoxNzY1Nzg3MTA0LCJzdWIiOiJ7XCJ0b2tlblJlZklkXCI6XCI0YTcwMGRmMC1mZjYxLTRlYzAtOTJiZS0xN2M0MmExMDk3ZjhcIixcInZlbmRvckludGVncmF0aW9uS2V5XCI6XCJlMzFmZjIzYjA4NmI0MDZjODg3NGIyZjZkODQ5NTMxM1wiLFwidXNlckFjY291bnRJZFwiOlwiMmVlMjYyMjItN2MwNS00Y2IwLWIwM2MtNzAzYWRmNWVmN2RkXCIsXCJkZXZpY2VJZFwiOlwiNWQwYzdjODgtMGI1OS01MDU0LTk5ZTYtYWU5MzY5OTc2ZmRiXCIsXCJzZXNzaW9uSWRcIjpcIjRhYmQxNmY5LTIyNGYtNDk0MS04NGM5LTI4NWQ5OWM2MDIwN1wiLFwiYWRkaXRpb25hbERhdGFcIjpcIno1NC9NZzltdjE2WXdmb0gvS0EwYktvMDZXRlpjc241VUNmTWF5aERtNGxSTkczdTlLa2pWZDNoWjU1ZStNZERhWXBOVi9UOUxIRmtQejFFQisybTdRPT1cIixcInJvbGVcIjpcIm9yZGVyLWJhc2ljLGxpdmVfZGF0YS1iYXNpYyxub25fdHJhZGluZy1iYXNpYyxvcmRlcl9yZWFkX29ubHktYmFzaWMsYmFja190ZXN0XCIsXCJzb3VyY2VJcEFkZHJlc3NcIjpudWxsLFwidHdvRmFFeHBpcnlUc1wiOjE3NjU4NDUwMDAwMDB9IiwiaXNzIjoiYXBleC1hdXRoLXByb2QtYXBwIn0.Dbc7sDoeYaQPTsXHfNSrKr131NHsDhy03C6L5NstuZraYLXoPyz3GBEYgy0c_swpz8uNutPSXQ4uutG0V1gvag' \
  --header 'X-API-VERSION: 1.0'

📊 3-min candle trend → CE (O1=105.75, C3=107.1)
Market Direction: CE
✅ Market direction CONFIRMS momentum → proceeding with order.
➡️ Placing auto order: {'symbol': 'NIFTY25D1625950CE', 'ltp': 107.2, 'lots': 14, 'book_profit': 1050.0, 'lot_size': 75, 'side': 'BUY'} ====== [2025-12-15 14:01:13]
🔹 Auto order => NIFTY25D1625950CE, qty=1050, book@1050.0 ====== [2025-12-15 14:01:14]
💰 LTP for NSE_NIFTY25D1625950CE: ₹107.45 ====== [2025-12-15 14:01:15]
✅ Auto Buy placed: :{'groww_order_id': 'GMKFO251215140115LY9FAJ0YT90P', 'order_status': 'NEW', 'order_reference_id': '52776063', 'remark': None} ======= [2025-12-15 14:01:15]
📈 Trailing started...
🔼 New High: ₹108.0
🔼 New High: ₹108.3
🔼 New High: ₹109.25
📉 Trail Active | LTP=109.25 | Exit=108.5
🔼 New High: ₹109.45
📉 Trail Active | LTP=109.45 | Exit=108.7
📉 Trail Active | LTP=108.55 | Exit=108.7
🔻 Trailing HIT @ 108.55
Waiting for 1 min to get another data.
🔍 Detecting best option between CE and PE for NIFTY 2025-12-16…
➡️  Searching CE between 80-130
➡️  Searching PE between 80-130
⚙️ Checking momentum for top 1 CE candidates...

🧭 Checking momentum for NIFTY25D1626000CE (5 samples, every 1s):
[NIFTY25D1626000CE] ⏱ Sample 1/5: LTP = ₹83.35
⚙️ Checking momentum for top 1 PE candidates...

🧭 Checking momentum for NIFTY25D1626100PE (5 samples, every 1s):
[NIFTY25D1626100PE] ⏱ Sample 1/5: LTP = ₹97.15
[NIFTY25D1626000CE] ⏱ Sample 2/5: LTP = ₹83.75
[NIFTY25D1626100PE] ⏱ Sample 2/5: LTP = ₹97.40
[NIFTY25D1626000CE] ⏱ Sample 3/5: LTP = ₹83.55
[NIFTY25D1626100PE] ⏱ Sample 3/5: LTP = ₹97.35
[NIFTY25D1626000CE] ⏱ Sample 4/5: LTP = ₹83.85
[NIFTY25D1626100PE] ⏱ Sample 4/5: LTP = ₹97.25
[NIFTY25D1626000CE] ⏱ Sample 5/5: LTP = ₹84.05
[NIFTY25D1626100PE] ⏱ Sample 5/5: LTP = ₹97.40
[NIFTY25D1626000CE] 📊 Avg Δ = 0.159%, Consistency = 100.0% → FLAT
[NIFTY25D1626000CE] 📈 Range ₹83.35 → ₹84.05

⚠️ No strong momentum found for CE (>0.25%, consistency >70%)
📊 Running momentum check for CE (NIFTY25D1626000CE)

🧭 Checking momentum for NIFTY25D1626000CE (5 samples, every 1s):
[NIFTY25D1626000CE] ⏱ Sample 1/5: LTP = ₹83.90
[NIFTY25D1626100PE] 📊 Avg Δ = 0.017%, Consistency = 100.0% → FLAT
[NIFTY25D1626100PE] 📈 Range ₹97.15 → ₹97.40

⚠️ No strong momentum found for PE (>0.3%, consistency >70%)
📊 Running momentum check for PE (NIFTY25D1626100PE)

🧭 Checking momentum for NIFTY25D1626100PE (5 samples, every 1s):
[NIFTY25D1626100PE] ⏱ Sample 1/5: LTP = ₹97.15
[NIFTY25D1626000CE] ⏱ Sample 2/5: LTP = ₹84.30
[NIFTY25D1626100PE] ⏱ Sample 2/5: LTP = ₹97.10
[NIFTY25D1626000CE] ⏱ Sample 3/5: LTP = ₹84.50
[NIFTY25D1626100PE] ⏱ Sample 3/5: LTP = ₹96.55
[NIFTY25D1626000CE] ⏱ Sample 4/5: LTP = ₹84.80
[NIFTY25D1626100PE] ⏱ Sample 4/5: LTP = ₹97.00
[NIFTY25D1626000CE] ⏱ Sample 5/5: LTP = ₹84.25
[NIFTY25D1626000CE] 📊 Avg Δ = 0.168%, Consistency = 50.0% → FLAT
[NIFTY25D1626000CE] 📈 Range ₹83.90 → ₹84.25

✅ Momentum for CE: {'symbol': 'NIFTY25D1626000CE', 'avg_change': np.float64(0.168), 'consistency': np.float64(50.0), 'direction': 'FLAT'}
🧩 Finished CE: NIFTY25D1626000CE, momentum={'symbol': 'NIFTY25D1626000CE', 'avg_change': np.float64(0.168), 'consistency': np.float64(50.0), 'direction': 'FLAT'}
[NIFTY25D1626100PE] ⏱ Sample 5/5: LTP = ₹97.00
[NIFTY25D1626100PE] 📊 Avg Δ = -0.043%, Consistency = 100.0% → FLAT
[NIFTY25D1626100PE] 📈 Range ₹97.15 → ₹97.00

✅ Momentum for PE: {'symbol': 'NIFTY25D1626100PE', 'avg_change': np.float64(-0.043), 'consistency': np.float64(100.0), 'direction': 'FLAT'}
🧩 Finished PE: NIFTY25D1626100PE, momentum={'symbol': 'NIFTY25D1626100PE', 'avg_change': np.float64(-0.043), 'consistency': np.float64(100.0), 'direction': 'FLAT'}
🧮 Comparing CE vs PE momentum...
📈 CE momentum: 0.168% (FLAT, 50.0%)
📉 PE momentum: -0.043% (FLAT, 100.0%)
⚖️  Momentum similar — choosing CE fallback
✅ Selected: NIFTY25D1626000CE (CE) | LTP=83.55 | lot_size=75 | groww_symbol=NSE-NIFTY-16Dec25-26000-CE

🌀 Generated cURL for Groww Candle API:
curl --location 'https://api.groww.in/v1/historical/candles?exchange=NSE&segment=FNO&groww_symbol=NSE-NIFTY-16Dec25-26000-CE&start_time=2025-12-15 14:00:23&end_time=2025-12-15 14:03:23&candle_interval=1minute' \
  --header 'Accept: application/json' \
  --header 'Authorization: Bearer eyJraWQiOiJaTUtjVXciLCJhbGciOiJFUzI1NiJ9.eyJleHAiOjE3NjU4NDUwMDAsImlhdCI6MTc2NTc4NzEwNCwibmJmIjoxNzY1Nzg3MTA0LCJzdWIiOiJ7XCJ0b2tlblJlZklkXCI6XCI0YTcwMGRmMC1mZjYxLTRlYzAtOTJiZS0xN2M0MmExMDk3ZjhcIixcInZlbmRvckludGVncmF0aW9uS2V5XCI6XCJlMzFmZjIzYjA4NmI0MDZjODg3NGIyZjZkODQ5NTMxM1wiLFwidXNlckFjY291bnRJZFwiOlwiMmVlMjYyMjItN2MwNS00Y2IwLWIwM2MtNzAzYWRmNWVmN2RkXCIsXCJkZXZpY2VJZFwiOlwiNWQwYzdjODgtMGI1OS01MDU0LTk5ZTYtYWU5MzY5OTc2ZmRiXCIsXCJzZXNzaW9uSWRcIjpcIjRhYmQxNmY5LTIyNGYtNDk0MS04NGM5LTI4NWQ5OWM2MDIwN1wiLFwiYWRkaXRpb25hbERhdGFcIjpcIno1NC9NZzltdjE2WXdmb0gvS0EwYktvMDZXRlpjc241VUNmTWF5aERtNGxSTkczdTlLa2pWZDNoWjU1ZStNZERhWXBOVi9UOUxIRmtQejFFQisybTdRPT1cIixcInJvbGVcIjpcIm9yZGVyLWJhc2ljLGxpdmVfZGF0YS1iYXNpYyxub25fdHJhZGluZy1iYXNpYyxvcmRlcl9yZWFkX29ubHktYmFzaWMsYmFja190ZXN0XCIsXCJzb3VyY2VJcEFkZHJlc3NcIjpudWxsLFwidHdvRmFFeHBpcnlUc1wiOjE3NjU4NDUwMDAwMDB9IiwiaXNzIjoiYXBleC1hdXRoLXByb2QtYXBwIn0.Dbc7sDoeYaQPTsXHfNSrKr131NHsDhy03C6L5NstuZraYLXoPyz3GBEYgy0c_swpz8uNutPSXQ4uutG0V1gvag' \
  --header 'X-API-VERSION: 1.0'

📊 3-min candle trend → CE (O1=74.35, C3=85.15)
Market Direction: CE
✅ Market direction CONFIRMS momentum → proceeding with order.
➡️ Placing auto order: {'symbol': 'NIFTY25D1626000CE', 'ltp': 83.55, 'lots': 14, 'book_profit': 1050.0, 'lot_size': 75, 'side': 'BUY'} ====== [2025-12-15 14:03:24]
🔹 Auto order => NIFTY25D1626000CE, qty=1050, book@1050.0 ====== [2025-12-15 14:03:25]
💰 LTP for NSE_NIFTY25D1626000CE: ₹85.0 ====== [2025-12-15 14:03:25]
✅ Auto Buy placed: :{'groww_order_id': 'GMKFO251215140325GER5P35LQ0R1', 'order_status': 'NEW', 'order_reference_id': '78814027', 'remark': None} ======= [2025-12-15 14:03:26]
📈 Trailing started...
🔼 New High: ₹85.15
🔼 New High: ₹86.3
📉 Trail Active | LTP=86.3 | Exit=85.55
📉 Trail Active | LTP=86.15 | Exit=85.55
📉 Trail Active | LTP=85.8 | Exit=85.55
🔼 New High: ₹86.75
📉 Trail Active | LTP=86.75 | Exit=86.0
🔼 New High: ₹86.9
📉 Trail Active | LTP=86.9 | Exit=86.15
🔼 New High: ₹87.05
📉 Trail Active | LTP=87.05 | Exit=86.3
📉 Trail Active | LTP=86.8 | Exit=86.3
📉 Trail Active | LTP=86.3 | Exit=86.3
🔻 Trailing HIT @ 86.3
Waiting for 1 min to get another data.
🔍 Detecting best option between CE and PE for NIFTY 2025-12-16…
➡️  Searching CE between 80-130
➡️  Searching PE between 80-130
⚙️ Checking momentum for top 1 CE candidates...

🧭 Checking momentum for NIFTY25D1626000CE (5 samples, every 1s):
⚙️ Checking momentum for top 1 PE candidates...

🧭 Checking momentum for NIFTY25D1626100PE (5 samples, every 1s):
[NIFTY25D1626000CE] ⏱ Sample 1/5: LTP = ₹81.70
[NIFTY25D1626100PE] ⏱ Sample 1/5: LTP = ₹99.50
[NIFTY25D1626000CE] ⏱ Sample 2/5: LTP = ₹81.40
[NIFTY25D1626100PE] ⏱ Sample 2/5: LTP = ₹99.95
[NIFTY25D1626000CE] ⏱ Sample 3/5: LTP = ₹81.20
[NIFTY25D1626100PE] ⏱ Sample 3/5: LTP = ₹100.55
[NIFTY25D1626000CE] ⏱ Sample 4/5: LTP = ₹80.75
[NIFTY25D1626100PE] ⏱ Sample 4/5: LTP = ₹100.35
[NIFTY25D1626000CE] ⏱ Sample 5/5: LTP = ₹80.70
[NIFTY25D1626100PE] ⏱ Sample 5/5: LTP = ₹100.45
[NIFTY25D1626000CE] 📊 Avg Δ = -0.338%, Consistency = 100.0% → DOWN
[NIFTY25D1626000CE] 📈 Range ₹81.70 → ₹80.70

🏆 Selected CE: NIFTY25D1626000CE (DOWN | -0.34% | Consistency 100.0%)
📊 Running momentum check for CE (NIFTY25D1626000CE)

🧭 Checking momentum for NIFTY25D1626000CE (5 samples, every 1s):
[NIFTY25D1626000CE] ⏱ Sample 1/5: LTP = ₹80.90
[NIFTY25D1626100PE] 📊 Avg Δ = 0.225%, Consistency = 100.0% → FLAT
[NIFTY25D1626100PE] 📈 Range ₹99.50 → ₹100.45

⚠️ No strong momentum found for PE (>0.3%, consistency >70%)
📊 Running momentum check for PE (NIFTY25D1626100PE)

🧭 Checking momentum for NIFTY25D1626100PE (5 samples, every 1s):
[NIFTY25D1626100PE] ⏱ Sample 1/5: LTP = ₹100.60
[NIFTY25D1626000CE] ⏱ Sample 2/5: LTP = ₹80.75
[NIFTY25D1626100PE] ⏱ Sample 2/5: LTP = ₹100.75
[NIFTY25D1626000CE] ⏱ Sample 3/5: LTP = ₹80.60
[NIFTY25D1626100PE] ⏱ Sample 3/5: LTP = ₹100.90
[NIFTY25D1626000CE] ⏱ Sample 4/5: LTP = ₹80.75
[NIFTY25D1626100PE] ⏱ Sample 4/5: LTP = ₹100.55
[NIFTY25D1626000CE] ⏱ Sample 5/5: LTP = ₹80.40
[NIFTY25D1626100PE] ⏱ Sample 5/5: LTP = ₹101.25
[NIFTY25D1626000CE] 📊 Avg Δ = -0.103%, Consistency = 100.0% → FLAT
[NIFTY25D1626000CE] 📈 Range ₹80.90 → ₹80.40

✅ Momentum for CE: {'symbol': 'NIFTY25D1626000CE', 'avg_change': np.float64(-0.103), 'consistency': np.float64(100.0), 'direction': 'FLAT'}
🧩 Finished CE: NIFTY25D1626000CE, momentum={'symbol': 'NIFTY25D1626000CE', 'avg_change': np.float64(-0.103), 'consistency': np.float64(100.0), 'direction': 'FLAT'}
[NIFTY25D1626100PE] 📊 Avg Δ = 0.074%, Consistency = 50.0% → FLAT
[NIFTY25D1626100PE] 📈 Range ₹100.60 → ₹101.25

✅ Momentum for PE: {'symbol': 'NIFTY25D1626100PE', 'avg_change': np.float64(0.074), 'consistency': np.float64(50.0), 'direction': 'FLAT'}
🧩 Finished PE: NIFTY25D1626100PE, momentum={'symbol': 'NIFTY25D1626100PE', 'avg_change': np.float64(0.074), 'consistency': np.float64(50.0), 'direction': 'FLAT'}
🧮 Comparing CE vs PE momentum...
📈 CE momentum: -0.103% (FLAT, 100.0%)
📉 PE momentum: 0.074% (FLAT, 50.0%)
⚖️  Momentum similar — choosing PE fallback
✅ Selected: NIFTY25D1626100PE (PE) | LTP=101.55 | lot_size=75 | groww_symbol=NSE-NIFTY-16Dec25-26100-PE

🌀 Generated cURL for Groww Candle API:
curl --location 'https://api.groww.in/v1/historical/candles?exchange=NSE&segment=FNO&groww_symbol=NSE-NIFTY-16Dec25-26100-PE&start_time=2025-12-15 14:02:43&end_time=2025-12-15 14:05:43&candle_interval=1minute' \
  --header 'Accept: application/json' \
  --header 'Authorization: Bearer eyJraWQiOiJaTUtjVXciLCJhbGciOiJFUzI1NiJ9.eyJleHAiOjE3NjU4NDUwMDAsImlhdCI6MTc2NTc4NzEwNCwibmJmIjoxNzY1Nzg3MTA0LCJzdWIiOiJ7XCJ0b2tlblJlZklkXCI6XCI0YTcwMGRmMC1mZjYxLTRlYzAtOTJiZS0xN2M0MmExMDk3ZjhcIixcInZlbmRvckludGVncmF0aW9uS2V5XCI6XCJlMzFmZjIzYjA4NmI0MDZjODg3NGIyZjZkODQ5NTMxM1wiLFwidXNlckFjY291bnRJZFwiOlwiMmVlMjYyMjItN2MwNS00Y2IwLWIwM2MtNzAzYWRmNWVmN2RkXCIsXCJkZXZpY2VJZFwiOlwiNWQwYzdjODgtMGI1OS01MDU0LTk5ZTYtYWU5MzY5OTc2ZmRiXCIsXCJzZXNzaW9uSWRcIjpcIjRhYmQxNmY5LTIyNGYtNDk0MS04NGM5LTI4NWQ5OWM2MDIwN1wiLFwiYWRkaXRpb25hbERhdGFcIjpcIno1NC9NZzltdjE2WXdmb0gvS0EwYktvMDZXRlpjc241VUNmTWF5aERtNGxSTkczdTlLa2pWZDNoWjU1ZStNZERhWXBOVi9UOUxIRmtQejFFQisybTdRPT1cIixcInJvbGVcIjpcIm9yZGVyLWJhc2ljLGxpdmVfZGF0YS1iYXNpYyxub25fdHJhZGluZy1iYXNpYyxvcmRlcl9yZWFkX29ubHktYmFzaWMsYmFja190ZXN0XCIsXCJzb3VyY2VJcEFkZHJlc3NcIjpudWxsLFwidHdvRmFFeHBpcnlUc1wiOjE3NjU4NDUwMDAwMDB9IiwiaXNzIjoiYXBleC1hdXRoLXByb2QtYXBwIn0.Dbc7sDoeYaQPTsXHfNSrKr131NHsDhy03C6L5NstuZraYLXoPyz3GBEYgy0c_swpz8uNutPSXQ4uutG0V1gvag' \
  --header 'X-API-VERSION: 1.0'

📊 3-min candle trend → PE (O1=98.0, C3=101.2)
Market Direction: PE
✅ Market direction CONFIRMS momentum → proceeding with order.
➡️ Placing auto order: {'symbol': 'NIFTY25D1626100PE', 'ltp': 101.55, 'lots': 14, 'book_profit': 1050.0, 'lot_size': 75, 'side': 'BUY'} ====== [2025-12-15 14:05:44]
🔹 Auto order => NIFTY25D1626100PE, qty=1050, book@1050.0 ====== [2025-12-15 14:05:45]
💰 LTP for NSE_NIFTY25D1626100PE: ₹101.15 ====== [2025-12-15 14:05:45]
✅ Auto Buy placed: :{'groww_order_id': 'GMKFO251215140545ACJBAPOTB6RB', 'order_status': 'NEW', 'order_reference_id': '23534831', 'remark': None} ======= [2025-12-15 14:05:46]
📈 Trailing started...
🔼 New High: ₹101.4
🔼 New High: ₹102.7
📉 Trail Active | LTP=102.7 | Exit=101.95
📉 Trail Active | LTP=102.7 | Exit=101.95
🔼 New High: ₹102.9
📉 Trail Active | LTP=102.9 | Exit=102.15
📉 Trail Active | LTP=101.8 | Exit=102.15
🔻 Trailing HIT @ 101.8
Waiting for 1 min to get another data.
🔍 Detecting best option between CE and PE for NIFTY 2025-12-16…
➡️  Searching CE between 80-130
➡️  Searching PE between 80-130
⚙️ Checking momentum for top 1 PE candidates...

🧭 Checking momentum for NIFTY25D1626100PE (5 samples, every 1s):
⚙️ Checking momentum for top 1 CE candidates...

🧭 Checking momentum for NIFTY25D1626000CE (5 samples, every 1s):
[NIFTY25D1626100PE] ⏱ Sample 1/5: LTP = ₹100.30
[NIFTY25D1626000CE] ⏱ Sample 1/5: LTP = ₹80.20
[NIFTY25D1626100PE] ⏱ Sample 2/5: LTP = ₹100.35
[NIFTY25D1626000CE] ⏱ Sample 2/5: LTP = ₹79.40
[NIFTY25D1626100PE] ⏱ Sample 3/5: LTP = ₹101.15
[NIFTY25D1626000CE] ⏱ Sample 3/5: LTP = ₹79.10
[NIFTY25D1626100PE] ⏱ Sample 4/5: LTP = ₹101.50
[NIFTY25D1626000CE] ⏱ Sample 4/5: LTP = ₹78.90
[NIFTY25D1626100PE] ⏱ Sample 5/5: LTP = ₹101.65
[NIFTY25D1626000CE] ⏱ Sample 5/5: LTP = ₹78.60
[NIFTY25D1626100PE] 📊 Avg Δ = 0.413%, Consistency = 100.0% → UP
[NIFTY25D1626100PE] 📈 Range ₹100.30 → ₹101.65

🏆 Selected PE: NIFTY25D1626100PE (UP | 0.41% | Consistency 100.0%)
📊 Running momentum check for PE (NIFTY25D1626100PE)

🧭 Checking momentum for NIFTY25D1626100PE (5 samples, every 1s):
[NIFTY25D1626100PE] ⏱ Sample 1/5: LTP = ₹101.75
[NIFTY25D1626000CE] 📊 Avg Δ = -0.441%, Consistency = 100.0% → DOWN
[NIFTY25D1626000CE] 📈 Range ₹80.20 → ₹78.60

🏆 Selected CE: NIFTY25D1626000CE (DOWN | -0.44% | Consistency 100.0%)
📊 Running momentum check for CE (NIFTY25D1626000CE)

🧭 Checking momentum for NIFTY25D1626000CE (5 samples, every 1s):
[NIFTY25D1626000CE] ⏱ Sample 1/5: LTP = ₹78.80
[NIFTY25D1626100PE] ⏱ Sample 2/5: LTP = ₹101.70
[NIFTY25D1626000CE] ⏱ Sample 2/5: LTP = ₹78.45
[NIFTY25D1626100PE] ⏱ Sample 3/5: LTP = ₹102.05
[NIFTY25D1626000CE] ⏱ Sample 3/5: LTP = ₹76.50
[NIFTY25D1626100PE] ⏱ Sample 4/5: LTP = ₹105.00
[NIFTY25D1626000CE] ⏱ Sample 4/5: LTP = ₹75.10
[NIFTY25D1626100PE] ⏱ Sample 5/5: LTP = ₹105.65
[NIFTY25D1626000CE] ⏱ Sample 5/5: LTP = ₹75.50
[NIFTY25D1626100PE] 📊 Avg Δ = 1.172%, Consistency = 100.0% → UP
[NIFTY25D1626100PE] 📈 Range ₹101.75 → ₹105.65

✅ Momentum for PE: {'symbol': 'NIFTY25D1626100PE', 'avg_change': np.float64(1.172), 'consistency': np.float64(100.0), 'direction': 'UP'}
🧩 Finished PE: NIFTY25D1626100PE, momentum={'symbol': 'NIFTY25D1626100PE', 'avg_change': np.float64(1.172), 'consistency': np.float64(100.0), 'direction': 'UP'}
[NIFTY25D1626000CE] 📊 Avg Δ = -1.433%, Consistency = 100.0% → DOWN
[NIFTY25D1626000CE] 📈 Range ₹78.80 → ₹75.50

✅ Momentum for CE: {'symbol': 'NIFTY25D1626000CE', 'avg_change': np.float64(-1.433), 'consistency': np.float64(100.0), 'direction': 'DOWN'}
🧩 Finished CE: NIFTY25D1626000CE, momentum={'symbol': 'NIFTY25D1626000CE', 'avg_change': np.float64(-1.433), 'consistency': np.float64(100.0), 'direction': 'DOWN'}
🧮 Comparing CE vs PE momentum...
📈 CE momentum: -1.433% (DOWN, 100.0%)
📉 PE momentum: 1.172% (UP, 100.0%)
✅ Selected PE (stronger momentum)
✅ Selected: NIFTY25D1626100PE (PE) | LTP=99.3 | lot_size=75 | groww_symbol=NSE-NIFTY-16Dec25-26100-PE

🌀 Generated cURL for Groww Candle API:
curl --location 'https://api.groww.in/v1/historical/candles?exchange=NSE&segment=FNO&groww_symbol=NSE-NIFTY-16Dec25-26100-PE&start_time=2025-12-15 14:05:00&end_time=2025-12-15 14:08:00&candle_interval=1minute' \
  --header 'Accept: application/json' \
  --header 'Authorization: Bearer eyJraWQiOiJaTUtjVXciLCJhbGciOiJFUzI1NiJ9.eyJleHAiOjE3NjU4NDUwMDAsImlhdCI6MTc2NTc4NzEwNCwibmJmIjoxNzY1Nzg3MTA0LCJzdWIiOiJ7XCJ0b2tlblJlZklkXCI6XCI0YTcwMGRmMC1mZjYxLTRlYzAtOTJiZS0xN2M0MmExMDk3ZjhcIixcInZlbmRvckludGVncmF0aW9uS2V5XCI6XCJlMzFmZjIzYjA4NmI0MDZjODg3NGIyZjZkODQ5NTMxM1wiLFwidXNlckFjY291bnRJZFwiOlwiMmVlMjYyMjItN2MwNS00Y2IwLWIwM2MtNzAzYWRmNWVmN2RkXCIsXCJkZXZpY2VJZFwiOlwiNWQwYzdjODgtMGI1OS01MDU0LTk5ZTYtYWU5MzY5OTc2ZmRiXCIsXCJzZXNzaW9uSWRcIjpcIjRhYmQxNmY5LTIyNGYtNDk0MS04NGM5LTI4NWQ5OWM2MDIwN1wiLFwiYWRkaXRpb25hbERhdGFcIjpcIno1NC9NZzltdjE2WXdmb0gvS0EwYktvMDZXRlpjc241VUNmTWF5aERtNGxSTkczdTlLa2pWZDNoWjU1ZStNZERhWXBOVi9UOUxIRmtQejFFQisybTdRPT1cIixcInJvbGVcIjpcIm9yZGVyLWJhc2ljLGxpdmVfZGF0YS1iYXNpYyxub25fdHJhZGluZy1iYXNpYyxvcmRlcl9yZWFkX29ubHktYmFzaWMsYmFja190ZXN0XCIsXCJzb3VyY2VJcEFkZHJlc3NcIjpudWxsLFwidHdvRmFFeHBpcnlUc1wiOjE3NjU4NDUwMDAwMDB9IiwiaXNzIjoiYXBleC1hdXRoLXByb2QtYXBwIn0.Dbc7sDoeYaQPTsXHfNSrKr131NHsDhy03C6L5NstuZraYLXoPyz3GBEYgy0c_swpz8uNutPSXQ4uutG0V1gvag' \
  --header 'X-API-VERSION: 1.0'

📊 3-min candle trend → PE (O1=102.3, C3=106.4)
Market Direction: PE
✅ Market direction CONFIRMS momentum → proceeding with order.
➡️ Placing auto order: {'symbol': 'NIFTY25D1626100PE', 'ltp': 99.3, 'lots': 14, 'book_profit': 1050.0, 'lot_size': 75, 'side': 'BUY'} ====== [2025-12-15 14:08:01]
🔹 Auto order => NIFTY25D1626100PE, qty=1050, book@1050.0 ====== [2025-12-15 14:08:01]
💰 LTP for NSE_NIFTY25D1626100PE: ₹106.8 ====== [2025-12-15 14:08:02]
✅ Auto Buy placed: :{'groww_order_id': 'GMKFO251215140802F9E71AM848R1', 'order_status': 'NEW', 'order_reference_id': '64719696', 'remark': None} ======= [2025-12-15 14:08:03]
📈 Trailing started...
🔼 New High: ₹107.95
🔼 New High: ₹108.45
📉 Trail Active | LTP=108.45 | Exit=107.7
🔼 New High: ₹108.55
📉 Trail Active | LTP=108.55 | Exit=107.8
🔼 New High: ₹108.65
📉 Trail Active | LTP=108.65 | Exit=107.9
📉 Trail Active | LTP=108.35 | Exit=107.9
🔼 New High: ₹109.45
📉 Trail Active | LTP=109.45 | Exit=108.7
🔼 New High: ₹109.6
📉 Trail Active | LTP=109.6 | Exit=108.85
📉 Trail Active | LTP=109.4 | Exit=108.85
🔼 New High: ₹109.9
📉 Trail Active | LTP=109.9 | Exit=109.15
📉 Trail Active | LTP=109.45 | Exit=109.15
🔼 New High: ₹110.05
📉 Trail Active | LTP=110.05 | Exit=109.3
🔼 New High: ₹110.2
📉 Trail Active | LTP=110.2 | Exit=109.45
🔼 New High: ₹110.6
📉 Trail Active | LTP=110.6 | Exit=109.85
📉 Trail Active | LTP=109.7 | Exit=109.85
🔻 Trailing HIT @ 109.7
Waiting for 1 min to get another data.
🔍 Detecting best option between CE and PE for NIFTY 2025-12-16…
➡️  Searching CE between 80-130
➡️  Searching PE between 80-130
⚙️ Checking momentum for top 1 PE candidates...

🧭 Checking momentum for NIFTY25D1626050PE (5 samples, every 1s):
⚙️ Checking momentum for top 1 CE candidates...

🧭 Checking momentum for NIFTY25D1625950CE (5 samples, every 1s):
[NIFTY25D1626050PE] ⏱ Sample 1/5: LTP = ₹83.40
[NIFTY25D1625950CE] ⏱ Sample 1/5: LTP = ₹96.90
[NIFTY25D1626050PE] ⏱ Sample 2/5: LTP = ₹83.35
[NIFTY25D1625950CE] ⏱ Sample 2/5: LTP = ₹97.15
[NIFTY25D1626050PE] ⏱ Sample 3/5: LTP = ₹83.20
[NIFTY25D1625950CE] ⏱ Sample 3/5: LTP = ₹96.85
[NIFTY25D1626050PE] ⏱ Sample 4/5: LTP = ₹83.30
[NIFTY25D1625950CE] ⏱ Sample 4/5: LTP = ₹97.00
[NIFTY25D1626050PE] ⏱ Sample 5/5: LTP = ₹83.35
[NIFTY25D1626050PE] 📊 Avg Δ = -0.020%, Consistency = 50.0% → FLAT
[NIFTY25D1626050PE] 📈 Range ₹83.40 → ₹83.35

⚠️ No strong momentum found for PE (>0.3%, consistency >70%)
📊 Running momentum check for PE (NIFTY25D1626050PE)

🧭 Checking momentum for NIFTY25D1626050PE (5 samples, every 1s):
[NIFTY25D1625950CE] ⏱ Sample 5/5: LTP = ₹97.25
[NIFTY25D1626050PE] ⏱ Sample 1/5: LTP = ₹83.10
[NIFTY25D1625950CE] 📊 Avg Δ = 0.034%, Consistency = 100.0% → FLAT
[NIFTY25D1625950CE] 📈 Range ₹96.90 → ₹97.25

⚠️ No strong momentum found for CE (>0.25%, consistency >70%)
📊 Running momentum check for CE (NIFTY25D1625950CE)

🧭 Checking momentum for NIFTY25D1625950CE (5 samples, every 1s):
[NIFTY25D1625950CE] ⏱ Sample 1/5: LTP = ₹97.25
[NIFTY25D1626050PE] ⏱ Sample 2/5: LTP = ₹82.70
[NIFTY25D1625950CE] ⏱ Sample 2/5: LTP = ₹97.50
[NIFTY25D1626050PE] ⏱ Sample 3/5: LTP = ₹83.00
[NIFTY25D1625950CE] ⏱ Sample 3/5: LTP = ₹96.90
[NIFTY25D1626050PE] ⏱ Sample 4/5: LTP = ₹83.40
[NIFTY25D1625950CE] ⏱ Sample 4/5: LTP = ₹96.75
[NIFTY25D1626050PE] ⏱ Sample 5/5: LTP = ₹83.70
[NIFTY25D1626050PE] 📊 Avg Δ = 0.261%, Consistency = 100.0% → UP
[NIFTY25D1626050PE] 📈 Range ₹83.10 → ₹83.70

✅ Momentum for PE: {'symbol': 'NIFTY25D1626050PE', 'avg_change': np.float64(0.261), 'consistency': np.float64(100.0), 'direction': 'UP'}
🧩 Finished PE: NIFTY25D1626050PE, momentum={'symbol': 'NIFTY25D1626050PE', 'avg_change': np.float64(0.261), 'consistency': np.float64(100.0), 'direction': 'UP'}
[NIFTY25D1625950CE] ⏱ Sample 5/5: LTP = ₹97.00
[NIFTY25D1625950CE] 📊 Avg Δ = -0.172%, Consistency = 100.0% → FLAT
[NIFTY25D1625950CE] 📈 Range ₹97.25 → ₹97.00

✅ Momentum for CE: {'symbol': 'NIFTY25D1625950CE', 'avg_change': np.float64(-0.172), 'consistency': np.float64(100.0), 'direction': 'FLAT'}
🧩 Finished CE: NIFTY25D1625950CE, momentum={'symbol': 'NIFTY25D1625950CE', 'avg_change': np.float64(-0.172), 'consistency': np.float64(100.0), 'direction': 'FLAT'}
🧮 Comparing CE vs PE momentum...
📈 CE momentum: -0.172% (FLAT, 100.0%)
📉 PE momentum: 0.261% (UP, 100.0%)
✅ Selected PE (stronger momentum)
✅ Selected: NIFTY25D1626050PE (PE) | LTP=83.5 | lot_size=75 | groww_symbol=NSE-NIFTY-16Dec25-26050-PE

🌀 Generated cURL for Groww Candle API:
curl --location 'https://api.groww.in/v1/historical/candles?exchange=NSE&segment=FNO&groww_symbol=NSE-NIFTY-16Dec25-26050-PE&start_time=2025-12-15 14:07:36&end_time=2025-12-15 14:10:36&candle_interval=1minute' \
  --header 'Accept: application/json' \
  --header 'Authorization: Bearer eyJraWQiOiJaTUtjVXciLCJhbGciOiJFUzI1NiJ9.eyJleHAiOjE3NjU4NDUwMDAsImlhdCI6MTc2NTc4NzEwNCwibmJmIjoxNzY1Nzg3MTA0LCJzdWIiOiJ7XCJ0b2tlblJlZklkXCI6XCI0YTcwMGRmMC1mZjYxLTRlYzAtOTJiZS0xN2M0MmExMDk3ZjhcIixcInZlbmRvckludGVncmF0aW9uS2V5XCI6XCJlMzFmZjIzYjA4NmI0MDZjODg3NGIyZjZkODQ5NTMxM1wiLFwidXNlckFjY291bnRJZFwiOlwiMmVlMjYyMjItN2MwNS00Y2IwLWIwM2MtNzAzYWRmNWVmN2RkXCIsXCJkZXZpY2VJZFwiOlwiNWQwYzdjODgtMGI1OS01MDU0LTk5ZTYtYWU5MzY5OTc2ZmRiXCIsXCJzZXNzaW9uSWRcIjpcIjRhYmQxNmY5LTIyNGYtNDk0MS04NGM5LTI4NWQ5OWM2MDIwN1wiLFwiYWRkaXRpb25hbERhdGFcIjpcIno1NC9NZzltdjE2WXdmb0gvS0EwYktvMDZXRlpjc241VUNmTWF5aERtNGxSTkczdTlLa2pWZDNoWjU1ZStNZERhWXBOVi9UOUxIRmtQejFFQisybTdRPT1cIixcInJvbGVcIjpcIm9yZGVyLWJhc2ljLGxpdmVfZGF0YS1iYXNpYyxub25fdHJhZGluZy1iYXNpYyxvcmRlcl9yZWFkX29ubHktYmFzaWMsYmFja190ZXN0XCIsXCJzb3VyY2VJcEFkZHJlc3NcIjpudWxsLFwidHdvRmFFeHBpcnlUc1wiOjE3NjU4NDUwMDAwMDB9IiwiaXNzIjoiYXBleC1hdXRoLXByb2QtYXBwIn0.Dbc7sDoeYaQPTsXHfNSrKr131NHsDhy03C6L5NstuZraYLXoPyz3GBEYgy0c_swpz8uNutPSXQ4uutG0V1gvag' \
  --header 'X-API-VERSION: 1.0'

📊 3-min candle trend → PE (O1=75.45, C3=83.7)
Market Direction: PE
✅ Market direction CONFIRMS momentum → proceeding with order.
➡️ Placing auto order: {'symbol': 'NIFTY25D1626050PE', 'ltp': 83.5, 'lots': 14, 'book_profit': 1050.0, 'lot_size': 75, 'side': 'BUY'} ====== [2025-12-15 14:10:37]
🔹 Auto order => NIFTY25D1626050PE, qty=1050, book@1050.0 ====== [2025-12-15 14:10:37]
💰 LTP for NSE_NIFTY25D1626050PE: ₹83.9 ====== [2025-12-15 14:10:38]
✅ Auto Buy placed: :{'groww_order_id': 'GMKFO251215141038DD6QU0F6L2DH', 'order_status': 'NEW', 'order_reference_id': '94044855', 'remark': None} ======= [2025-12-15 14:10:39]
📈 Trailing started...
🔼 New High: ₹84.4
🔼 New High: ₹84.7
🔼 New High: ₹84.8
🔼 New High: ₹84.85
🔼 New High: ₹85.4
📉 Trail Active | LTP=85.4 | Exit=84.65
🔼 New High: ₹86.45
📉 Trail Active | LTP=86.45 | Exit=85.7
🔼 New High: ₹86.5
📉 Trail Active | LTP=86.5 | Exit=85.75
📉 Trail Active | LTP=86.05 | Exit=85.75
🔼 New High: ₹87.0
📉 Trail Active | LTP=87.0 | Exit=86.25
📉 Trail Active | LTP=86.6 | Exit=86.25
🔼 New High: ₹87.05
📉 Trail Active | LTP=87.05 | Exit=86.3
🔼 New High: ₹87.35
📉 Trail Active | LTP=87.35 | Exit=86.6
📉 Trail Active | LTP=87.05 | Exit=86.6
📉 Trail Active | LTP=85.65 | Exit=86.6
🔻 Trailing HIT @ 85.65
Waiting for 1 min to get another data.
🔍 Detecting best option between CE and PE for NIFTY 2025-12-16…
➡️  Searching CE between 80-130
➡️  Searching PE between 80-130
⚙️ Checking momentum for top 1 CE candidates...

🧭 Checking momentum for NIFTY25D1625950CE (5 samples, every 1s):
[NIFTY25D1625950CE] ⏱ Sample 1/5: LTP = ₹97.00
⚙️ Checking momentum for top 1 PE candidates...

🧭 Checking momentum for NIFTY25D1626050PE (5 samples, every 1s):
[NIFTY25D1626050PE] ⏱ Sample 1/5: LTP = ₹82.55
[NIFTY25D1625950CE] ⏱ Sample 2/5: LTP = ₹97.95
[NIFTY25D1626050PE] ⏱ Sample 2/5: LTP = ₹82.00
[NIFTY25D1625950CE] ⏱ Sample 3/5: LTP = ₹97.65
[NIFTY25D1626050PE] ⏱ Sample 3/5: LTP = ₹81.80
[NIFTY25D1625950CE] ⏱ Sample 4/5: LTP = ₹97.60
[NIFTY25D1626050PE] ⏱ Sample 4/5: LTP = ₹81.95
[NIFTY25D1625950CE] ⏱ Sample 5/5: LTP = ₹97.85
[NIFTY25D1626050PE] ⏱ Sample 5/5: LTP = ₹81.80
[NIFTY25D1625950CE] 📊 Avg Δ = 0.085%, Consistency = 50.0% → FLAT
[NIFTY25D1625950CE] 📈 Range ₹97.00 → ₹97.85

⚠️ No strong momentum found for CE (>0.25%, consistency >70%)
📊 Running momentum check for CE (NIFTY25D1625950CE)

🧭 Checking momentum for NIFTY25D1625950CE (5 samples, every 1s):
[NIFTY25D1625950CE] ⏱ Sample 1/5: LTP = ₹97.75
[NIFTY25D1626050PE] 📊 Avg Δ = -0.162%, Consistency = 100.0% → FLAT
[NIFTY25D1626050PE] 📈 Range ₹82.55 → ₹81.80

⚠️ No strong momentum found for PE (>0.3%, consistency >70%)
📊 Running momentum check for PE (NIFTY25D1626050PE)

🧭 Checking momentum for NIFTY25D1626050PE (5 samples, every 1s):
[NIFTY25D1626050PE] ⏱ Sample 1/5: LTP = ₹82.00
[NIFTY25D1625950CE] ⏱ Sample 2/5: LTP = ₹97.65
[NIFTY25D1626050PE] ⏱ Sample 2/5: LTP = ₹82.00
[NIFTY25D1625950CE] ⏱ Sample 3/5: LTP = ₹98.90
[NIFTY25D1626050PE] ⏱ Sample 3/5: LTP = ₹80.80
[NIFTY25D1625950CE] ⏱ Sample 4/5: LTP = ₹99.00
[NIFTY25D1626050PE] ⏱ Sample 4/5: LTP = ₹80.85
[NIFTY25D1625950CE] ⏱ Sample 5/5: LTP = ₹98.90
[NIFTY25D1626050PE] ⏱ Sample 5/5: LTP = ₹80.80
[NIFTY25D1625950CE] 📊 Avg Δ = 0.424%, Consistency = 100.0% → UP
[NIFTY25D1625950CE] 📈 Range ₹97.75 → ₹98.90

✅ Momentum for CE: {'symbol': 'NIFTY25D1625950CE', 'avg_change': np.float64(0.424), 'consistency': np.float64(100.0), 'direction': 'UP'}
🧩 Finished CE: NIFTY25D1625950CE, momentum={'symbol': 'NIFTY25D1625950CE', 'avg_change': np.float64(0.424), 'consistency': np.float64(100.0), 'direction': 'UP'}
[NIFTY25D1626050PE] 📊 Avg Δ = -0.481%, Consistency = 100.0% → DOWN
[NIFTY25D1626050PE] 📈 Range ₹82.00 → ₹80.80

✅ Momentum for PE: {'symbol': 'NIFTY25D1626050PE', 'avg_change': np.float64(-0.481), 'consistency': np.float64(100.0), 'direction': 'DOWN'}
🧩 Finished PE: NIFTY25D1626050PE, momentum={'symbol': 'NIFTY25D1626050PE', 'avg_change': np.float64(-0.481), 'consistency': np.float64(100.0), 'direction': 'DOWN'}
🧮 Comparing CE vs PE momentum...
📈 CE momentum: 0.424% (UP, 100.0%)
📉 PE momentum: -0.481% (DOWN, 100.0%)
✅ Selected CE (stronger momentum)
✅ Selected: NIFTY25D1625950CE (CE) | LTP=98.6 | lot_size=75 | groww_symbol=NSE-NIFTY-16Dec25-25950-CE

🌀 Generated cURL for Groww Candle API:
curl --location 'https://api.groww.in/v1/historical/candles?exchange=NSE&segment=FNO&groww_symbol=NSE-NIFTY-16Dec25-25950-CE&start_time=2025-12-15 14:10:48&end_time=2025-12-15 14:13:48&candle_interval=1minute' \
  --header 'Accept: application/json' \
  --header 'Authorization: Bearer eyJraWQiOiJaTUtjVXciLCJhbGciOiJFUzI1NiJ9.eyJleHAiOjE3NjU4NDUwMDAsImlhdCI6MTc2NTc4NzEwNCwibmJmIjoxNzY1Nzg3MTA0LCJzdWIiOiJ7XCJ0b2tlblJlZklkXCI6XCI0YTcwMGRmMC1mZjYxLTRlYzAtOTJiZS0xN2M0MmExMDk3ZjhcIixcInZlbmRvckludGVncmF0aW9uS2V5XCI6XCJlMzFmZjIzYjA4NmI0MDZjODg3NGIyZjZkODQ5NTMxM1wiLFwidXNlckFjY291bnRJZFwiOlwiMmVlMjYyMjItN2MwNS00Y2IwLWIwM2MtNzAzYWRmNWVmN2RkXCIsXCJkZXZpY2VJZFwiOlwiNWQwYzdjODgtMGI1OS01MDU0LTk5ZTYtYWU5MzY5OTc2ZmRiXCIsXCJzZXNzaW9uSWRcIjpcIjRhYmQxNmY5LTIyNGYtNDk0MS04NGM5LTI4NWQ5OWM2MDIwN1wiLFwiYWRkaXRpb25hbERhdGFcIjpcIno1NC9NZzltdjE2WXdmb0gvS0EwYktvMDZXRlpjc241VUNmTWF5aERtNGxSTkczdTlLa2pWZDNoWjU1ZStNZERhWXBOVi9UOUxIRmtQejFFQisybTdRPT1cIixcInJvbGVcIjpcIm9yZGVyLWJhc2ljLGxpdmVfZGF0YS1iYXNpYyxub25fdHJhZGluZy1iYXNpYyxvcmRlcl9yZWFkX29ubHktYmFzaWMsYmFja190ZXN0XCIsXCJzb3VyY2VJcEFkZHJlc3NcIjpudWxsLFwidHdvRmFFeHBpcnlUc1wiOjE3NjU4NDUwMDAwMDB9IiwiaXNzIjoiYXBleC1hdXRoLXByb2QtYXBwIn0.Dbc7sDoeYaQPTsXHfNSrKr131NHsDhy03C6L5NstuZraYLXoPyz3GBEYgy0c_swpz8uNutPSXQ4uutG0V1gvag' \
  --header 'X-API-VERSION: 1.0'

📊 3-min candle trend → CE (O1=97.9, C3=99.8)
Market Direction: CE
✅ Market direction CONFIRMS momentum → proceeding with order.
➡️ Placing auto order: {'symbol': 'NIFTY25D1625950CE', 'ltp': 98.6, 'lots': 14, 'book_profit': 1050.0, 'lot_size': 75, 'side': 'BUY'} ====== [2025-12-15 14:13:49]
🔹 Auto order => NIFTY25D1625950CE, qty=1050, book@1050.0 ====== [2025-12-15 14:13:50]
💰 LTP for NSE_NIFTY25D1625950CE: ₹100.3 ====== [2025-12-15 14:13:50]
✅ Auto Buy placed: :{'groww_order_id': 'GMKFO251215141350J3JRAEISGAA0', 'order_status': 'NEW', 'order_reference_id': '97783107', 'remark': None} ======= [2025-12-15 14:13:51]
📈 Trailing started...
🔼 New High: ₹100.85
🔼 New High: ₹101.25
🔼 New High: ₹101.75
📉 Trail Active | LTP=101.75 | Exit=101.0
📉 Trail Active | LTP=101.75 | Exit=101.0
📉 Trail Active | LTP=101.45 | Exit=101.0
📉 Trail Active | LTP=100.9 | Exit=101.0
🔻 Trailing HIT @ 100.9
Waiting for 1 min to get another data.
🔍 Detecting best option between CE and PE for NIFTY 2025-12-16…
➡️  Searching CE between 80-130
➡️  Searching PE between 80-130
⚙️ Checking momentum for top 1 CE candidates...

🧭 Checking momentum for NIFTY25D1625950CE (5 samples, every 1s):
⚙️ Checking momentum for top 1 PE candidates...

🧭 Checking momentum for NIFTY25D1626050PE (5 samples, every 1s):
[NIFTY25D1625950CE] ⏱ Sample 1/5: LTP = ₹100.30
[NIFTY25D1626050PE] ⏱ Sample 1/5: LTP = ₹80.80
[NIFTY25D1625950CE] ⏱ Sample 2/5: LTP = ₹99.85
[NIFTY25D1626050PE] ⏱ Sample 2/5: LTP = ₹80.75
[NIFTY25D1625950CE] ⏱ Sample 3/5: LTP = ₹99.90
[NIFTY25D1626050PE] ⏱ Sample 3/5: LTP = ₹80.50
[NIFTY25D1625950CE] ⏱ Sample 4/5: LTP = ₹100.30
[NIFTY25D1626050PE] ⏱ Sample 4/5: LTP = ₹80.85
[NIFTY25D1625950CE] ⏱ Sample 5/5: LTP = ₹99.70
[NIFTY25D1626050PE] ⏱ Sample 5/5: LTP = ₹80.65
[NIFTY25D1625950CE] 📊 Avg Δ = -0.025%, Consistency = 100.0% → FLAT
[NIFTY25D1625950CE] 📈 Range ₹100.30 → ₹99.70

⚠️ No strong momentum found for CE (>0.25%, consistency >70%)
📊 Running momentum check for CE (NIFTY25D1625950CE)

🧭 Checking momentum for NIFTY25D1625950CE (5 samples, every 1s):
[NIFTY25D1625950CE] ⏱ Sample 1/5: LTP = ₹100.85
[NIFTY25D1626050PE] 📊 Avg Δ = -0.010%, Consistency = 50.0% → FLAT
[NIFTY25D1626050PE] 📈 Range ₹80.80 → ₹80.65

⚠️ No strong momentum found for PE (>0.3%, consistency >70%)
📊 Running momentum check for PE (NIFTY25D1626050PE)

🧭 Checking momentum for NIFTY25D1626050PE (5 samples, every 1s):
[NIFTY25D1626050PE] ⏱ Sample 1/5: LTP = ₹79.35
[NIFTY25D1625950CE] ⏱ Sample 2/5: LTP = ₹100.50
[NIFTY25D1626050PE] ⏱ Sample 2/5: LTP = ₹80.05
[NIFTY25D1625950CE] ⏱ Sample 3/5: LTP = ₹100.60
[NIFTY25D1626050PE] ⏱ Sample 3/5: LTP = ₹80.15
[NIFTY25D1625950CE] ⏱ Sample 4/5: LTP = ₹101.40
[NIFTY25D1626050PE] ⏱ Sample 4/5: LTP = ₹79.10
[NIFTY25D1625950CE] ⏱ Sample 5/5: LTP = ₹101.65
[NIFTY25D1626050PE] ⏱ Sample 5/5: LTP = ₹78.95
[NIFTY25D1625950CE] 📊 Avg Δ = 0.281%, Consistency = 100.0% → UP
[NIFTY25D1625950CE] 📈 Range ₹100.85 → ₹101.65

✅ Momentum for CE: {'symbol': 'NIFTY25D1625950CE', 'avg_change': np.float64(0.281), 'consistency': np.float64(100.0), 'direction': 'UP'}
🧩 Finished CE: NIFTY25D1625950CE, momentum={'symbol': 'NIFTY25D1625950CE', 'avg_change': np.float64(0.281), 'consistency': np.float64(100.0), 'direction': 'UP'}
[NIFTY25D1626050PE] 📊 Avg Δ = -0.282%, Consistency = 100.0% → DOWN
[NIFTY25D1626050PE] 📈 Range ₹79.35 → ₹78.95

✅ Momentum for PE: {'symbol': 'NIFTY25D1626050PE', 'avg_change': np.float64(-0.282), 'consistency': np.float64(100.0), 'direction': 'DOWN'}
🧩 Finished PE: NIFTY25D1626050PE, momentum={'symbol': 'NIFTY25D1626050PE', 'avg_change': np.float64(-0.282), 'consistency': np.float64(100.0), 'direction': 'DOWN'}
🧮 Comparing CE vs PE momentum...
📈 CE momentum: 0.281% (UP, 100.0%)
📉 PE momentum: -0.282% (DOWN, 100.0%)
✅ Selected CE (stronger momentum)
✅ Selected: NIFTY25D1625950CE (CE) | LTP=101.0 | lot_size=75 | groww_symbol=NSE-NIFTY-16Dec25-25950-CE

🌀 Generated cURL for Groww Candle API:
curl --location 'https://api.groww.in/v1/historical/candles?exchange=NSE&segment=FNO&groww_symbol=NSE-NIFTY-16Dec25-25950-CE&start_time=2025-12-15 14:13:06&end_time=2025-12-15 14:16:06&candle_interval=1minute' \
  --header 'Accept: application/json' \
  --header 'Authorization: Bearer eyJraWQiOiJaTUtjVXciLCJhbGciOiJFUzI1NiJ9.eyJleHAiOjE3NjU4NDUwMDAsImlhdCI6MTc2NTc4NzEwNCwibmJmIjoxNzY1Nzg3MTA0LCJzdWIiOiJ7XCJ0b2tlblJlZklkXCI6XCI0YTcwMGRmMC1mZjYxLTRlYzAtOTJiZS0xN2M0MmExMDk3ZjhcIixcInZlbmRvckludGVncmF0aW9uS2V5XCI6XCJlMzFmZjIzYjA4NmI0MDZjODg3NGIyZjZkODQ5NTMxM1wiLFwidXNlckFjY291bnRJZFwiOlwiMmVlMjYyMjItN2MwNS00Y2IwLWIwM2MtNzAzYWRmNWVmN2RkXCIsXCJkZXZpY2VJZFwiOlwiNWQwYzdjODgtMGI1OS01MDU0LTk5ZTYtYWU5MzY5OTc2ZmRiXCIsXCJzZXNzaW9uSWRcIjpcIjRhYmQxNmY5LTIyNGYtNDk0MS04NGM5LTI4NWQ5OWM2MDIwN1wiLFwiYWRkaXRpb25hbERhdGFcIjpcIno1NC9NZzltdjE2WXdmb0gvS0EwYktvMDZXRlpjc241VUNmTWF5aERtNGxSTkczdTlLa2pWZDNoWjU1ZStNZERhWXBOVi9UOUxIRmtQejFFQisybTdRPT1cIixcInJvbGVcIjpcIm9yZGVyLWJhc2ljLGxpdmVfZGF0YS1iYXNpYyxub25fdHJhZGluZy1iYXNpYyxvcmRlcl9yZWFkX29ubHktYmFzaWMsYmFja190ZXN0XCIsXCJzb3VyY2VJcEFkZHJlc3NcIjpudWxsLFwidHdvRmFFeHBpcnlUc1wiOjE3NjU4NDUwMDAwMDB9IiwiaXNzIjoiYXBleC1hdXRoLXByb2QtYXBwIn0.Dbc7sDoeYaQPTsXHfNSrKr131NHsDhy03C6L5NstuZraYLXoPyz3GBEYgy0c_swpz8uNutPSXQ4uutG0V1gvag' \
  --header 'X-API-VERSION: 1.0'

📊 3-min candle trend → PE (O1=101.4, C3=101.25)
Market Direction: PE
❌ Skipping trade — market direction conflicts with momentum.
Waiting for 3 mins to get another data.
🔍 Detecting best option between CE and PE for NIFTY 2025-12-16…
➡️  Searching CE between 80-130
➡️  Searching PE between 80-130
⚙️ Checking momentum for top 1 PE candidates...

🧭 Checking momentum for NIFTY25D1626100PE (5 samples, every 1s):
⚙️ Checking momentum for top 1 CE candidates...

🧭 Checking momentum for NIFTY25D1625950CE (5 samples, every 1s):
[NIFTY25D1626100PE] ⏱ Sample 1/5: LTP = ₹114.75
[NIFTY25D1625950CE] ⏱ Sample 1/5: LTP = ₹97.70
[NIFTY25D1626100PE] ⏱ Sample 2/5: LTP = ₹113.95
[NIFTY25D1625950CE] ⏱ Sample 2/5: LTP = ₹98.50
[NIFTY25D1626100PE] ⏱ Sample 3/5: LTP = ₹113.50
[NIFTY25D1625950CE] ⏱ Sample 3/5: LTP = ₹98.55
[NIFTY25D1626100PE] ⏱ Sample 4/5: LTP = ₹113.55
[NIFTY25D1625950CE] ⏱ Sample 4/5: LTP = ₹99.00
[NIFTY25D1626100PE] ⏱ Sample 5/5: LTP = ₹113.35
[NIFTY25D1625950CE] ⏱ Sample 5/5: LTP = ₹99.00
[NIFTY25D1626100PE] 📊 Avg Δ = -0.263%, Consistency = 100.0% → DOWN
[NIFTY25D1626100PE] 📈 Range ₹114.75 → ₹113.35

⚠️ No strong momentum found for PE (>0.3%, consistency >70%)
📊 Running momentum check for PE (NIFTY25D1626100PE)

🧭 Checking momentum for NIFTY25D1626100PE (5 samples, every 1s):
[NIFTY25D1625950CE] 📊 Avg Δ = 0.305%, Consistency = 100.0% → UP
[NIFTY25D1625950CE] 📈 Range ₹97.70 → ₹99.00

🏆 Selected CE: NIFTY25D1625950CE (UP | 0.30% | Consistency 100.0%)
📊 Running momentum check for CE (NIFTY25D1625950CE)

🧭 Checking momentum for NIFTY25D1625950CE (5 samples, every 1s):
[NIFTY25D1626100PE] ⏱ Sample 1/5: LTP = ₹113.50
[NIFTY25D1625950CE] ⏱ Sample 1/5: LTP = ₹98.85
[NIFTY25D1626100PE] ⏱ Sample 2/5: LTP = ₹113.50
[NIFTY25D1625950CE] ⏱ Sample 2/5: LTP = ₹99.20
[NIFTY25D1626100PE] ⏱ Sample 3/5: LTP = ₹113.20
[NIFTY25D1625950CE] ⏱ Sample 3/5: LTP = ₹99.40
[NIFTY25D1626100PE] ⏱ Sample 4/5: LTP = ₹113.25
[NIFTY25D1625950CE] ⏱ Sample 4/5: LTP = ₹99.60
[NIFTY25D1626100PE] ⏱ Sample 5/5: LTP = ₹113.00
[NIFTY25D1625950CE] ⏱ Sample 5/5: LTP = ₹99.50
[NIFTY25D1626100PE] 📊 Avg Δ = -0.110%, Consistency = 100.0% → FLAT
[NIFTY25D1626100PE] 📈 Range ₹113.50 → ₹113.00

✅ Momentum for PE: {'symbol': 'NIFTY25D1626100PE', 'avg_change': np.float64(-0.11), 'consistency': np.float64(100.0), 'direction': 'FLAT'}
🧩 Finished PE: NIFTY25D1626100PE, momentum={'symbol': 'NIFTY25D1626100PE', 'avg_change': np.float64(-0.11), 'consistency': np.float64(100.0), 'direction': 'FLAT'}
[NIFTY25D1625950CE] 📊 Avg Δ = 0.176%, Consistency = 100.0% → FLAT
[NIFTY25D1625950CE] 📈 Range ₹98.85 → ₹99.50

✅ Momentum for CE: {'symbol': 'NIFTY25D1625950CE', 'avg_change': np.float64(0.176), 'consistency': np.float64(100.0), 'direction': 'FLAT'}
🧩 Finished CE: NIFTY25D1625950CE, momentum={'symbol': 'NIFTY25D1625950CE', 'avg_change': np.float64(0.176), 'consistency': np.float64(100.0), 'direction': 'FLAT'}
🧮 Comparing CE vs PE momentum...
📈 CE momentum: 0.176% (FLAT, 100.0%)
📉 PE momentum: -0.110% (FLAT, 100.0%)
✅ Selected CE (stronger momentum)
✅ Selected: NIFTY25D1625950CE (CE) | LTP=99.9 | lot_size=75 | groww_symbol=NSE-NIFTY-16Dec25-25950-CE

🌀 Generated cURL for Groww Candle API:
curl --location 'https://api.groww.in/v1/historical/candles?exchange=NSE&segment=FNO&groww_symbol=NSE-NIFTY-16Dec25-25950-CE&start_time=2025-12-15 14:16:56&end_time=2025-12-15 14:19:56&candle_interval=1minute' \
  --header 'Accept: application/json' \
  --header 'Authorization: Bearer eyJraWQiOiJaTUtjVXciLCJhbGciOiJFUzI1NiJ9.eyJleHAiOjE3NjU4NDUwMDAsImlhdCI6MTc2NTc4NzEwNCwibmJmIjoxNzY1Nzg3MTA0LCJzdWIiOiJ7XCJ0b2tlblJlZklkXCI6XCI0YTcwMGRmMC1mZjYxLTRlYzAtOTJiZS0xN2M0MmExMDk3ZjhcIixcInZlbmRvckludGVncmF0aW9uS2V5XCI6XCJlMzFmZjIzYjA4NmI0MDZjODg3NGIyZjZkODQ5NTMxM1wiLFwidXNlckFjY291bnRJZFwiOlwiMmVlMjYyMjItN2MwNS00Y2IwLWIwM2MtNzAzYWRmNWVmN2RkXCIsXCJkZXZpY2VJZFwiOlwiNWQwYzdjODgtMGI1OS01MDU0LTk5ZTYtYWU5MzY5OTc2ZmRiXCIsXCJzZXNzaW9uSWRcIjpcIjRhYmQxNmY5LTIyNGYtNDk0MS04NGM5LTI4NWQ5OWM2MDIwN1wiLFwiYWRkaXRpb25hbERhdGFcIjpcIno1NC9NZzltdjE2WXdmb0gvS0EwYktvMDZXRlpjc241VUNmTWF5aERtNGxSTkczdTlLa2pWZDNoWjU1ZStNZERhWXBOVi9UOUxIRmtQejFFQisybTdRPT1cIixcInJvbGVcIjpcIm9yZGVyLWJhc2ljLGxpdmVfZGF0YS1iYXNpYyxub25fdHJhZGluZy1iYXNpYyxvcmRlcl9yZWFkX29ubHktYmFzaWMsYmFja190ZXN0XCIsXCJzb3VyY2VJcEFkZHJlc3NcIjpudWxsLFwidHdvRmFFeHBpcnlUc1wiOjE3NjU4NDUwMDAwMDB9IiwiaXNzIjoiYXBleC1hdXRoLXByb2QtYXBwIn0.Dbc7sDoeYaQPTsXHfNSrKr131NHsDhy03C6L5NstuZraYLXoPyz3GBEYgy0c_swpz8uNutPSXQ4uutG0V1gvag' \
  --header 'X-API-VERSION: 1.0'

📊 3-min candle trend → PE (O1=99.8, C3=99.3)
Market Direction: PE
❌ Skipping trade — market direction conflicts with momentum.
Waiting for 3 mins to get another data.
🔍 Detecting best option between CE and PE for NIFTY 2025-12-16…
➡️  Searching CE between 80-130
➡️  Searching PE between 80-130
⚙️ Checking momentum for top 1 CE candidates...

🧭 Checking momentum for NIFTY25D1625950CE (5 samples, every 1s):
⚠️ No affordable instruments for NIFTY 2025-12-16 PE
⚠️ No instrument found for PE
🧩 Finished PE: None, momentum=None
[NIFTY25D1625950CE] ⏱ Sample 1/5: LTP = ₹100.60
[NIFTY25D1625950CE] ⏱ Sample 2/5: LTP = ₹100.55
[NIFTY25D1625950CE] ⏱ Sample 3/5: LTP = ₹100.30
[NIFTY25D1625950CE] ⏱ Sample 4/5: LTP = ₹101.15
[NIFTY25D1625950CE] ⏱ Sample 5/5: LTP = ₹101.45
[NIFTY25D1625950CE] 📊 Avg Δ = 0.240%, Consistency = 100.0% → FLAT
[NIFTY25D1625950CE] 📈 Range ₹100.60 → ₹101.45

⚠️ No strong momentum found for CE (>0.25%, consistency >70%)
📊 Running momentum check for CE (NIFTY25D1625950CE)

🧭 Checking momentum for NIFTY25D1625950CE (5 samples, every 1s):
[NIFTY25D1625950CE] ⏱ Sample 1/5: LTP = ₹101.45
[NIFTY25D1625950CE] ⏱ Sample 2/5: LTP = ₹101.20
[NIFTY25D1625950CE] ⏱ Sample 3/5: LTP = ₹99.25
[NIFTY25D1625950CE] ⏱ Sample 4/5: LTP = ₹99.20
[NIFTY25D1625950CE] ⏱ Sample 5/5: LTP = ₹98.40
[NIFTY25D1625950CE] 📊 Avg Δ = -0.840%, Consistency = 100.0% → DOWN
[NIFTY25D1625950CE] 📈 Range ₹101.45 → ₹98.40

✅ Momentum for CE: {'symbol': 'NIFTY25D1625950CE', 'avg_change': np.float64(-0.84), 'consistency': np.float64(100.0), 'direction': 'DOWN'}
🧩 Finished CE: NIFTY25D1625950CE, momentum={'symbol': 'NIFTY25D1625950CE', 'avg_change': np.float64(-0.84), 'consistency': np.float64(100.0), 'direction': 'DOWN'}
🧮 Comparing CE vs PE momentum...
✅ Selected: NIFTY25D1625950CE (CE) | LTP=100.6 | lot_size=75 | groww_symbol=NSE-NIFTY-16Dec25-25950-CE

🌀 Generated cURL for Groww Candle API:
curl --location 'https://api.groww.in/v1/historical/candles?exchange=NSE&segment=FNO&groww_symbol=NSE-NIFTY-16Dec25-25950-CE&start_time=2025-12-15 14:20:45&end_time=2025-12-15 14:23:45&candle_interval=1minute' \
  --header 'Accept: application/json' \
  --header 'Authorization: Bearer eyJraWQiOiJaTUtjVXciLCJhbGciOiJFUzI1NiJ9.eyJleHAiOjE3NjU4NDUwMDAsImlhdCI6MTc2NTc4NzEwNCwibmJmIjoxNzY1Nzg3MTA0LCJzdWIiOiJ7XCJ0b2tlblJlZklkXCI6XCI0YTcwMGRmMC1mZjYxLTRlYzAtOTJiZS0xN2M0MmExMDk3ZjhcIixcInZlbmRvckludGVncmF0aW9uS2V5XCI6XCJlMzFmZjIzYjA4NmI0MDZjODg3NGIyZjZkODQ5NTMxM1wiLFwidXNlckFjY291bnRJZFwiOlwiMmVlMjYyMjItN2MwNS00Y2IwLWIwM2MtNzAzYWRmNWVmN2RkXCIsXCJkZXZpY2VJZFwiOlwiNWQwYzdjODgtMGI1OS01MDU0LTk5ZTYtYWU5MzY5OTc2ZmRiXCIsXCJzZXNzaW9uSWRcIjpcIjRhYmQxNmY5LTIyNGYtNDk0MS04NGM5LTI4NWQ5OWM2MDIwN1wiLFwiYWRkaXRpb25hbERhdGFcIjpcIno1NC9NZzltdjE2WXdmb0gvS0EwYktvMDZXRlpjc241VUNmTWF5aERtNGxSTkczdTlLa2pWZDNoWjU1ZStNZERhWXBOVi9UOUxIRmtQejFFQisybTdRPT1cIixcInJvbGVcIjpcIm9yZGVyLWJhc2ljLGxpdmVfZGF0YS1iYXNpYyxub25fdHJhZGluZy1iYXNpYyxvcmRlcl9yZWFkX29ubHktYmFzaWMsYmFja190ZXN0XCIsXCJzb3VyY2VJcEFkZHJlc3NcIjpudWxsLFwidHdvRmFFeHBpcnlUc1wiOjE3NjU4NDUwMDAwMDB9IiwiaXNzIjoiYXBleC1hdXRoLXByb2QtYXBwIn0.Dbc7sDoeYaQPTsXHfNSrKr131NHsDhy03C6L5NstuZraYLXoPyz3GBEYgy0c_swpz8uNutPSXQ4uutG0V1gvag' \
  --header 'X-API-VERSION: 1.0'

📊 3-min candle trend → PE (O1=102.35, C3=97.5)
Market Direction: PE
❌ Skipping trade — market direction conflicts with momentum.
Waiting for 3 mins to get another data.
🔍 Detecting best option between CE and PE for NIFTY 2025-12-16…
➡️  Searching CE between 80-130
➡️  Searching PE between 80-130
⚙️ Checking momentum for top 1 CE candidates...

🧭 Checking momentum for NIFTY25D1625950CE (5 samples, every 1s):
⚙️ Checking momentum for top 1 PE candidates...

🧭 Checking momentum for NIFTY25D1626100PE (5 samples, every 1s):
[NIFTY25D1625950CE] ⏱ Sample 1/5: LTP = ₹102.05
[NIFTY25D1626100PE] ⏱ Sample 1/5: LTP = ₹108.60
[NIFTY25D1625950CE] ⏱ Sample 2/5: LTP = ₹102.60
[NIFTY25D1626100PE] ⏱ Sample 2/5: LTP = ₹108.35
[NIFTY25D1625950CE] ⏱ Sample 3/5: LTP = ₹102.40
[NIFTY25D1626100PE] ⏱ Sample 3/5: LTP = ₹108.10
[NIFTY25D1625950CE] ⏱ Sample 4/5: LTP = ₹102.05
[NIFTY25D1626100PE] ⏱ Sample 4/5: LTP = ₹108.45
[NIFTY25D1625950CE] ⏱ Sample 5/5: LTP = ₹102.55
[NIFTY25D1626100PE] ⏱ Sample 5/5: LTP = ₹108.55
[NIFTY25D1625950CE] 📊 Avg Δ = -0.008%, Consistency = 50.0% → FLAT
[NIFTY25D1625950CE] 📈 Range ₹102.05 → ₹102.55

⚠️ No strong momentum found for CE (>0.25%, consistency >70%)
📊 Running momentum check for CE (NIFTY25D1625950CE)

🧭 Checking momentum for NIFTY25D1625950CE (5 samples, every 1s):
[NIFTY25D1625950CE] ⏱ Sample 1/5: LTP = ₹102.30
[NIFTY25D1626100PE] 📊 Avg Δ = 0.008%, Consistency = 50.0% → FLAT
[NIFTY25D1626100PE] 📈 Range ₹108.60 → ₹108.55

⚠️ No strong momentum found for PE (>0.3%, consistency >70%)
📊 Running momentum check for PE (NIFTY25D1626100PE)

🧭 Checking momentum for NIFTY25D1626100PE (5 samples, every 1s):
[NIFTY25D1626100PE] ⏱ Sample 1/5: LTP = ₹108.75
[NIFTY25D1625950CE] ⏱ Sample 2/5: LTP = ₹101.55
[NIFTY25D1626100PE] ⏱ Sample 2/5: LTP = ₹109.85
[NIFTY25D1625950CE] ⏱ Sample 3/5: LTP = ₹100.95
[NIFTY25D1626100PE] ⏱ Sample 3/5: LTP = ₹110.50
[NIFTY25D1625950CE] ⏱ Sample 4/5: LTP = ₹100.95
[NIFTY25D1626100PE] ⏱ Sample 4/5: LTP = ₹110.30
[NIFTY25D1625950CE] ⏱ Sample 5/5: LTP = ₹101.10
[NIFTY25D1626100PE] ⏱ Sample 5/5: LTP = ₹110.30
[NIFTY25D1625950CE] 📊 Avg Δ = -0.296%, Consistency = 100.0% → DOWN
[NIFTY25D1625950CE] 📈 Range ₹102.30 → ₹101.10

✅ Momentum for CE: {'symbol': 'NIFTY25D1625950CE', 'avg_change': np.float64(-0.296), 'consistency': np.float64(100.0), 'direction': 'DOWN'}
🧩 Finished CE: NIFTY25D1625950CE, momentum={'symbol': 'NIFTY25D1625950CE', 'avg_change': np.float64(-0.296), 'consistency': np.float64(100.0), 'direction': 'DOWN'}
[NIFTY25D1626100PE] 📊 Avg Δ = 0.304%, Consistency = 100.0% → UP
[NIFTY25D1626100PE] 📈 Range ₹108.75 → ₹110.30

✅ Momentum for PE: {'symbol': 'NIFTY25D1626100PE', 'avg_change': np.float64(0.304), 'consistency': np.float64(100.0), 'direction': 'UP'}
🧩 Finished PE: NIFTY25D1626100PE, momentum={'symbol': 'NIFTY25D1626100PE', 'avg_change': np.float64(0.304), 'consistency': np.float64(100.0), 'direction': 'UP'}
🧮 Comparing CE vs PE momentum...
📈 CE momentum: -0.296% (DOWN, 100.0%)
📉 PE momentum: 0.304% (UP, 100.0%)
✅ Selected PE (stronger momentum)
✅ Selected: NIFTY25D1626100PE (PE) | LTP=110.9 | lot_size=75 | groww_symbol=NSE-NIFTY-16Dec25-26100-PE

🌀 Generated cURL for Groww Candle API:
curl --location 'https://api.groww.in/v1/historical/candles?exchange=NSE&segment=FNO&groww_symbol=NSE-NIFTY-16Dec25-26100-PE&start_time=2025-12-15 14:24:35&end_time=2025-12-15 14:27:35&candle_interval=1minute' \
  --header 'Accept: application/json' \
  --header 'Authorization: Bearer eyJraWQiOiJaTUtjVXciLCJhbGciOiJFUzI1NiJ9.eyJleHAiOjE3NjU4NDUwMDAsImlhdCI6MTc2NTc4NzEwNCwibmJmIjoxNzY1Nzg3MTA0LCJzdWIiOiJ7XCJ0b2tlblJlZklkXCI6XCI0YTcwMGRmMC1mZjYxLTRlYzAtOTJiZS0xN2M0MmExMDk3ZjhcIixcInZlbmRvckludGVncmF0aW9uS2V5XCI6XCJlMzFmZjIzYjA4NmI0MDZjODg3NGIyZjZkODQ5NTMxM1wiLFwidXNlckFjY291bnRJZFwiOlwiMmVlMjYyMjItN2MwNS00Y2IwLWIwM2MtNzAzYWRmNWVmN2RkXCIsXCJkZXZpY2VJZFwiOlwiNWQwYzdjODgtMGI1OS01MDU0LTk5ZTYtYWU5MzY5OTc2ZmRiXCIsXCJzZXNzaW9uSWRcIjpcIjRhYmQxNmY5LTIyNGYtNDk0MS04NGM5LTI4NWQ5OWM2MDIwN1wiLFwiYWRkaXRpb25hbERhdGFcIjpcIno1NC9NZzltdjE2WXdmb0gvS0EwYktvMDZXRlpjc241VUNmTWF5aERtNGxSTkczdTlLa2pWZDNoWjU1ZStNZERhWXBOVi9UOUxIRmtQejFFQisybTdRPT1cIixcInJvbGVcIjpcIm9yZGVyLWJhc2ljLGxpdmVfZGF0YS1iYXNpYyxub25fdHJhZGluZy1iYXNpYyxvcmRlcl9yZWFkX29ubHktYmFzaWMsYmFja190ZXN0XCIsXCJzb3VyY2VJcEFkZHJlc3NcIjpudWxsLFwidHdvRmFFeHBpcnlUc1wiOjE3NjU4NDUwMDAwMDB9IiwiaXNzIjoiYXBleC1hdXRoLXByb2QtYXBwIn0.Dbc7sDoeYaQPTsXHfNSrKr131NHsDhy03C6L5NstuZraYLXoPyz3GBEYgy0c_swpz8uNutPSXQ4uutG0V1gvag' \
  --header 'X-API-VERSION: 1.0'

📊 3-min candle trend → CE (O1=111.9, C3=110.05)
Market Direction: CE
❌ Skipping trade — market direction conflicts with momentum.
Waiting for 3 mins to get another data.
🔍 Detecting best option between CE and PE for NIFTY 2025-12-16…
➡️  Searching CE between 80-130
➡️  Searching PE between 80-130
⚙️ Checking momentum for top 1 CE candidates...

🧭 Checking momentum for NIFTY25D1625950CE (5 samples, every 1s):
⚙️ Checking momentum for top 1 PE candidates...

🧭 Checking momentum for NIFTY25D1626100PE (5 samples, every 1s):
[NIFTY25D1625950CE] ⏱ Sample 1/5: LTP = ₹100.55
[NIFTY25D1626100PE] ⏱ Sample 1/5: LTP = ₹110.65
[NIFTY25D1625950CE] ⏱ Sample 2/5: LTP = ₹100.85
[NIFTY25D1626100PE] ⏱ Sample 2/5: LTP = ₹110.40
[NIFTY25D1625950CE] ⏱ Sample 3/5: LTP = ₹100.60
[NIFTY25D1626100PE] ⏱ Sample 3/5: LTP = ₹111.10
[NIFTY25D1625950CE] ⏱ Sample 4/5: LTP = ₹101.10
[NIFTY25D1626100PE] ⏱ Sample 4/5: LTP = ₹110.00
[NIFTY25D1625950CE] ⏱ Sample 5/5: LTP = ₹101.60
[NIFTY25D1626100PE] ⏱ Sample 5/5: LTP = ₹110.20
[NIFTY25D1625950CE] 📊 Avg Δ = 0.215%, Consistency = 100.0% → FLAT
[NIFTY25D1625950CE] 📈 Range ₹100.55 → ₹101.60

⚠️ No strong momentum found for CE (>0.25%, consistency >70%)
📊 Running momentum check for CE (NIFTY25D1625950CE)

🧭 Checking momentum for NIFTY25D1625950CE (5 samples, every 1s):
[NIFTY25D1626100PE] 📊 Avg Δ = -0.128%, Consistency = 100.0% → FLAT
[NIFTY25D1626100PE] 📈 Range ₹110.65 → ₹110.20

⚠️ No strong momentum found for PE (>0.3%, consistency >70%)
📊 Running momentum check for PE (NIFTY25D1626100PE)

🧭 Checking momentum for NIFTY25D1626100PE (5 samples, every 1s):
[NIFTY25D1625950CE] ⏱ Sample 1/5: LTP = ₹100.90
[NIFTY25D1626100PE] ⏱ Sample 1/5: LTP = ₹110.00
[NIFTY25D1625950CE] ⏱ Sample 2/5: LTP = ₹101.65
[NIFTY25D1626100PE] ⏱ Sample 2/5: LTP = ₹109.15
[NIFTY25D1625950CE] ⏱ Sample 3/5: LTP = ₹100.95
[NIFTY25D1626100PE] ⏱ Sample 3/5: LTP = ₹110.00
[NIFTY25D1625950CE] ⏱ Sample 4/5: LTP = ₹100.95
[NIFTY25D1626100PE] ⏱ Sample 4/5: LTP = ₹110.30
[NIFTY25D1625950CE] ⏱ Sample 5/5: LTP = ₹101.10
[NIFTY25D1626100PE] ⏱ Sample 5/5: LTP = ₹110.25
[NIFTY25D1625950CE] 📊 Avg Δ = -0.082%, Consistency = 50.0% → FLAT
[NIFTY25D1625950CE] 📈 Range ₹100.90 → ₹101.10

✅ Momentum for CE: {'symbol': 'NIFTY25D1625950CE', 'avg_change': np.float64(-0.082), 'consistency': np.float64(50.0), 'direction': 'FLAT'}
🧩 Finished CE: NIFTY25D1625950CE, momentum={'symbol': 'NIFTY25D1625950CE', 'avg_change': np.float64(-0.082), 'consistency': np.float64(50.0), 'direction': 'FLAT'}
[NIFTY25D1626100PE] 📊 Avg Δ = 0.213%, Consistency = 100.0% → FLAT
[NIFTY25D1626100PE] 📈 Range ₹110.00 → ₹110.25

✅ Momentum for PE: {'symbol': 'NIFTY25D1626100PE', 'avg_change': np.float64(0.213), 'consistency': np.float64(100.0), 'direction': 'FLAT'}
🧩 Finished PE: NIFTY25D1626100PE, momentum={'symbol': 'NIFTY25D1626100PE', 'avg_change': np.float64(0.213), 'consistency': np.float64(100.0), 'direction': 'FLAT'}
🧮 Comparing CE vs PE momentum...
📈 CE momentum: -0.082% (FLAT, 50.0%)
📉 PE momentum: 0.213% (FLAT, 100.0%)
✅ Selected PE (stronger momentum)
✅ Selected: NIFTY25D1626100PE (PE) | LTP=110.7 | lot_size=75 | groww_symbol=NSE-NIFTY-16Dec25-26100-PE

🌀 Generated cURL for Groww Candle API:
curl --location 'https://api.groww.in/v1/historical/candles?exchange=NSE&segment=FNO&groww_symbol=NSE-NIFTY-16Dec25-26100-PE&start_time=2025-12-15 14:28:26&end_time=2025-12-15 14:31:26&candle_interval=1minute' \
  --header 'Accept: application/json' \
  --header 'Authorization: Bearer eyJraWQiOiJaTUtjVXciLCJhbGciOiJFUzI1NiJ9.eyJleHAiOjE3NjU4NDUwMDAsImlhdCI6MTc2NTc4NzEwNCwibmJmIjoxNzY1Nzg3MTA0LCJzdWIiOiJ7XCJ0b2tlblJlZklkXCI6XCI0YTcwMGRmMC1mZjYxLTRlYzAtOTJiZS0xN2M0MmExMDk3ZjhcIixcInZlbmRvckludGVncmF0aW9uS2V5XCI6XCJlMzFmZjIzYjA4NmI0MDZjODg3NGIyZjZkODQ5NTMxM1wiLFwidXNlckFjY291bnRJZFwiOlwiMmVlMjYyMjItN2MwNS00Y2IwLWIwM2MtNzAzYWRmNWVmN2RkXCIsXCJkZXZpY2VJZFwiOlwiNWQwYzdjODgtMGI1OS01MDU0LTk5ZTYtYWU5MzY5OTc2ZmRiXCIsXCJzZXNzaW9uSWRcIjpcIjRhYmQxNmY5LTIyNGYtNDk0MS04NGM5LTI4NWQ5OWM2MDIwN1wiLFwiYWRkaXRpb25hbERhdGFcIjpcIno1NC9NZzltdjE2WXdmb0gvS0EwYktvMDZXRlpjc241VUNmTWF5aERtNGxSTkczdTlLa2pWZDNoWjU1ZStNZERhWXBOVi9UOUxIRmtQejFFQisybTdRPT1cIixcInJvbGVcIjpcIm9yZGVyLWJhc2ljLGxpdmVfZGF0YS1iYXNpYyxub25fdHJhZGluZy1iYXNpYyxvcmRlcl9yZWFkX29ubHktYmFzaWMsYmFja190ZXN0XCIsXCJzb3VyY2VJcEFkZHJlc3NcIjpudWxsLFwidHdvRmFFeHBpcnlUc1wiOjE3NjU4NDUwMDAwMDB9IiwiaXNzIjoiYXBleC1hdXRoLXByb2QtYXBwIn0.Dbc7sDoeYaQPTsXHfNSrKr131NHsDhy03C6L5NstuZraYLXoPyz3GBEYgy0c_swpz8uNutPSXQ4uutG0V1gvag' \
  --header 'X-API-VERSION: 1.0'

📊 3-min candle trend → CE (O1=112.15, C3=110.25)
Market Direction: CE
❌ Skipping trade — market direction conflicts with momentum.
Waiting for 3 mins to get another data.
🔍 Detecting best option between CE and PE for NIFTY 2025-12-16…
➡️  Searching CE between 80-130
➡️  Searching PE between 80-130
⚙️ Checking momentum for top 1 CE candidates...

🧭 Checking momentum for NIFTY25D1625950CE (5 samples, every 1s):
⚙️ Checking momentum for top 1 PE candidates...

🧭 Checking momentum for NIFTY25D1626100PE (5 samples, every 1s):
[NIFTY25D1625950CE] ⏱ Sample 1/5: LTP = ₹100.70
[NIFTY25D1626100PE] ⏱ Sample 1/5: LTP = ₹110.00
[NIFTY25D1625950CE] ⏱ Sample 2/5: LTP = ₹101.10
[NIFTY25D1626100PE] ⏱ Sample 2/5: LTP = ₹109.75
[NIFTY25D1625950CE] ⏱ Sample 3/5: LTP = ₹101.00
[NIFTY25D1626100PE] ⏱ Sample 3/5: LTP = ₹109.80
[NIFTY25D1625950CE] ⏱ Sample 4/5: LTP = ₹101.00
[NIFTY25D1626100PE] ⏱ Sample 4/5: LTP = ₹109.75
[NIFTY25D1625950CE] ⏱ Sample 5/5: LTP = ₹100.55
[NIFTY25D1626100PE] ⏱ Sample 5/5: LTP = ₹110.00
[NIFTY25D1625950CE] 📊 Avg Δ = -0.041%, Consistency = 50.0% → FLAT
[NIFTY25D1625950CE] 📈 Range ₹100.70 → ₹100.55

⚠️ No strong momentum found for CE (>0.25%, consistency >70%)
📊 Running momentum check for CE (NIFTY25D1625950CE)

🧭 Checking momentum for NIFTY25D1625950CE (5 samples, every 1s):
[NIFTY25D1625950CE] ⏱ Sample 1/5: LTP = ₹100.45
[NIFTY25D1626100PE] 📊 Avg Δ = 0.000%, Consistency = 50.0% → FLAT
[NIFTY25D1626100PE] 📈 Range ₹110.00 → ₹110.00

⚠️ No strong momentum found for PE (>0.3%, consistency >70%)
📊 Running momentum check for PE (NIFTY25D1626100PE)

🧭 Checking momentum for NIFTY25D1626100PE (5 samples, every 1s):
[NIFTY25D1626100PE] ⏱ Sample 1/5: LTP = ₹110.10
[NIFTY25D1625950CE] ⏱ Sample 2/5: LTP = ₹100.85
[NIFTY25D1626100PE] ⏱ Sample 2/5: LTP = ₹110.00
[NIFTY25D1625950CE] ⏱ Sample 3/5: LTP = ₹100.65
[NIFTY25D1626100PE] ⏱ Sample 3/5: LTP = ₹110.00
[NIFTY25D1625950CE] ⏱ Sample 4/5: LTP = ₹100.45
[NIFTY25D1626100PE] ⏱ Sample 4/5: LTP = ₹109.95
[NIFTY25D1625950CE] ⏱ Sample 5/5: LTP = ₹100.95
[NIFTY25D1626100PE] ⏱ Sample 5/5: LTP = ₹109.80
[NIFTY25D1625950CE] 📊 Avg Δ = 0.017%, Consistency = 50.0% → FLAT
[NIFTY25D1625950CE] 📈 Range ₹100.45 → ₹100.95

✅ Momentum for CE: {'symbol': 'NIFTY25D1625950CE', 'avg_change': np.float64(0.017), 'consistency': np.float64(50.0), 'direction': 'FLAT'}
🧩 Finished CE: NIFTY25D1625950CE, momentum={'symbol': 'NIFTY25D1625950CE', 'avg_change': np.float64(0.017), 'consistency': np.float64(50.0), 'direction': 'FLAT'}
[NIFTY25D1626100PE] 📊 Avg Δ = -0.053%, Consistency = 100.0% → FLAT
[NIFTY25D1626100PE] 📈 Range ₹110.10 → ₹109.80

✅ Momentum for PE: {'symbol': 'NIFTY25D1626100PE', 'avg_change': np.float64(-0.053), 'consistency': np.float64(100.0), 'direction': 'FLAT'}
🧩 Finished PE: NIFTY25D1626100PE, momentum={'symbol': 'NIFTY25D1626100PE', 'avg_change': np.float64(-0.053), 'consistency': np.float64(100.0), 'direction': 'FLAT'}
🧮 Comparing CE vs PE momentum...
📈 CE momentum: 0.017% (FLAT, 50.0%)
📉 PE momentum: -0.053% (FLAT, 100.0%)
⚖️  Momentum similar — choosing CE fallback
✅ Selected: NIFTY25D1625950CE (CE) | LTP=100.6 | lot_size=75 | groww_symbol=NSE-NIFTY-16Dec25-25950-CE

🌀 Generated cURL for Groww Candle API:
curl --location 'https://api.groww.in/v1/historical/candles?exchange=NSE&segment=FNO&groww_symbol=NSE-NIFTY-16Dec25-25950-CE&start_time=2025-12-15 14:32:16&end_time=2025-12-15 14:35:16&candle_interval=1minute' \
  --header 'Accept: application/json' \
  --header 'Authorization: Bearer eyJraWQiOiJaTUtjVXciLCJhbGciOiJFUzI1NiJ9.eyJleHAiOjE3NjU4NDUwMDAsImlhdCI6MTc2NTc4NzEwNCwibmJmIjoxNzY1Nzg3MTA0LCJzdWIiOiJ7XCJ0b2tlblJlZklkXCI6XCI0YTcwMGRmMC1mZjYxLTRlYzAtOTJiZS0xN2M0MmExMDk3ZjhcIixcInZlbmRvckludGVncmF0aW9uS2V5XCI6XCJlMzFmZjIzYjA4NmI0MDZjODg3NGIyZjZkODQ5NTMxM1wiLFwidXNlckFjY291bnRJZFwiOlwiMmVlMjYyMjItN2MwNS00Y2IwLWIwM2MtNzAzYWRmNWVmN2RkXCIsXCJkZXZpY2VJZFwiOlwiNWQwYzdjODgtMGI1OS01MDU0LTk5ZTYtYWU5MzY5OTc2ZmRiXCIsXCJzZXNzaW9uSWRcIjpcIjRhYmQxNmY5LTIyNGYtNDk0MS04NGM5LTI4NWQ5OWM2MDIwN1wiLFwiYWRkaXRpb25hbERhdGFcIjpcIno1NC9NZzltdjE2WXdmb0gvS0EwYktvMDZXRlpjc241VUNmTWF5aERtNGxSTkczdTlLa2pWZDNoWjU1ZStNZERhWXBOVi9UOUxIRmtQejFFQisybTdRPT1cIixcInJvbGVcIjpcIm9yZGVyLWJhc2ljLGxpdmVfZGF0YS1iYXNpYyxub25fdHJhZGluZy1iYXNpYyxvcmRlcl9yZWFkX29ubHktYmFzaWMsYmFja190ZXN0XCIsXCJzb3VyY2VJcEFkZHJlc3NcIjpudWxsLFwidHdvRmFFeHBpcnlUc1wiOjE3NjU4NDUwMDAwMDB9IiwiaXNzIjoiYXBleC1hdXRoLXByb2QtYXBwIn0.Dbc7sDoeYaQPTsXHfNSrKr131NHsDhy03C6L5NstuZraYLXoPyz3GBEYgy0c_swpz8uNutPSXQ4uutG0V1gvag' \
  --header 'X-API-VERSION: 1.0'

📊 3-min candle trend → CE (O1=99.25, C3=101.0)
Market Direction: CE
✅ Market direction CONFIRMS momentum → proceeding with order.
➡️ Placing auto order: {'symbol': 'NIFTY25D1625950CE', 'ltp': 100.6, 'lots': 14, 'book_profit': 1050.0, 'lot_size': 75, 'side': 'BUY'} ====== [2025-12-15 14:35:17]
🔹 Auto order => NIFTY25D1625950CE, qty=1050, book@1050.0 ====== [2025-12-15 14:35:18]
💰 LTP for NSE_NIFTY25D1625950CE: ₹100.8 ====== [2025-12-15 14:35:19]
✅ Auto Buy placed: :{'groww_order_id': 'GMKFO251215143519U4X1RXI3P0ZQ', 'order_status': 'NEW', 'order_reference_id': '74958852', 'remark': None} ======= [2025-12-15 14:35:20]
📈 Trailing started...
🔼 New High: ₹101.15
🔼 New High: ₹101.35
🔼 New High: ₹103.35
📉 Trail Active | LTP=103.35 | Exit=102.6
🔼 New High: ₹104.35
📉 Trail Active | LTP=104.35 | Exit=103.6
📉 Trail Active | LTP=103.95 | Exit=103.6
📉 Trail Active | LTP=102.5 | Exit=103.6
🔻 Trailing HIT @ 102.5
Waiting for 1 min to get another data.
🔍 Detecting best option between CE and PE for NIFTY 2025-12-16…
➡️  Searching CE between 80-130
➡️  Searching PE between 80-130
⚙️ Checking momentum for top 1 CE candidates...

🧭 Checking momentum for NIFTY25D1625950CE (5 samples, every 1s):
[NIFTY25D1625950CE] ⏱ Sample 1/5: LTP = ₹97.95
⚙️ Checking momentum for top 1 PE candidates...

🧭 Checking momentum for NIFTY25D1626100PE (5 samples, every 1s):
[NIFTY25D1626100PE] ⏱ Sample 1/5: LTP = ₹111.95
[NIFTY25D1625950CE] ⏱ Sample 2/5: LTP = ₹98.05
[NIFTY25D1626100PE] ⏱ Sample 2/5: LTP = ₹110.80
[NIFTY25D1625950CE] ⏱ Sample 3/5: LTP = ₹98.95
[NIFTY25D1626100PE] ⏱ Sample 3/5: LTP = ₹110.85
[NIFTY25D1625950CE] ⏱ Sample 4/5: LTP = ₹98.35
[NIFTY25D1626100PE] ⏱ Sample 4/5: LTP = ₹111.00
[NIFTY25D1625950CE] ⏱ Sample 5/5: LTP = ₹98.85
[NIFTY25D1626100PE] ⏱ Sample 5/5: LTP = ₹111.05
[NIFTY25D1625950CE] 📊 Avg Δ = 0.203%, Consistency = 100.0% → FLAT
[NIFTY25D1625950CE] 📈 Range ₹97.95 → ₹98.85

⚠️ No strong momentum found for CE (>0.25%, consistency >70%)
📊 Running momentum check for CE (NIFTY25D1625950CE)

🧭 Checking momentum for NIFTY25D1625950CE (5 samples, every 1s):
[NIFTY25D1625950CE] ⏱ Sample 1/5: LTP = ₹98.15
[NIFTY25D1626100PE] 📊 Avg Δ = -0.105%, Consistency = 50.0% → FLAT
[NIFTY25D1626100PE] 📈 Range ₹111.95 → ₹111.05

⚠️ No strong momentum found for PE (>0.3%, consistency >70%)
📊 Running momentum check for PE (NIFTY25D1626100PE)

🧭 Checking momentum for NIFTY25D1626100PE (5 samples, every 1s):
[NIFTY25D1626100PE] ⏱ Sample 1/5: LTP = ₹111.60
[NIFTY25D1625950CE] ⏱ Sample 2/5: LTP = ₹98.05
[NIFTY25D1626100PE] ⏱ Sample 2/5: LTP = ₹111.90
[NIFTY25D1625950CE] ⏱ Sample 3/5: LTP = ₹99.00
[NIFTY25D1626100PE] ⏱ Sample 3/5: LTP = ₹110.80
[NIFTY25D1625950CE] ⏱ Sample 4/5: LTP = ₹99.00
[NIFTY25D1626100PE] ⏱ Sample 4/5: LTP = ₹110.90
[NIFTY25D1625950CE] ⏱ Sample 5/5: LTP = ₹98.65
[NIFTY25D1626100PE] ⏱ Sample 5/5: LTP = ₹110.90
[NIFTY25D1625950CE] 📊 Avg Δ = 0.245%, Consistency = 100.0% → FLAT
[NIFTY25D1625950CE] 📈 Range ₹98.15 → ₹98.65

✅ Momentum for CE: {'symbol': 'NIFTY25D1625950CE', 'avg_change': np.float64(0.245), 'consistency': np.float64(100.0), 'direction': 'FLAT'}
🧩 Finished CE: NIFTY25D1625950CE, momentum={'symbol': 'NIFTY25D1625950CE', 'avg_change': np.float64(0.245), 'consistency': np.float64(100.0), 'direction': 'FLAT'}
[NIFTY25D1626100PE] 📊 Avg Δ = -0.255%, Consistency = 100.0% → DOWN
[NIFTY25D1626100PE] 📈 Range ₹111.60 → ₹110.90

✅ Momentum for PE: {'symbol': 'NIFTY25D1626100PE', 'avg_change': np.float64(-0.255), 'consistency': np.float64(100.0), 'direction': 'DOWN'}
🧩 Finished PE: NIFTY25D1626100PE, momentum={'symbol': 'NIFTY25D1626100PE', 'avg_change': np.float64(-0.255), 'consistency': np.float64(100.0), 'direction': 'DOWN'}
🧮 Comparing CE vs PE momentum...
📈 CE momentum: 0.245% (FLAT, 100.0%)
📉 PE momentum: -0.255% (DOWN, 100.0%)
✅ Selected CE (stronger momentum)
✅ Selected: NIFTY25D1625950CE (CE) | LTP=97.85 | lot_size=75 | groww_symbol=NSE-NIFTY-16Dec25-25950-CE

🌀 Generated cURL for Groww Candle API:
curl --location 'https://api.groww.in/v1/historical/candles?exchange=NSE&segment=FNO&groww_symbol=NSE-NIFTY-16Dec25-25950-CE&start_time=2025-12-15 14:35:28&end_time=2025-12-15 14:38:28&candle_interval=1minute' \
  --header 'Accept: application/json' \
  --header 'Authorization: Bearer eyJraWQiOiJaTUtjVXciLCJhbGciOiJFUzI1NiJ9.eyJleHAiOjE3NjU4NDUwMDAsImlhdCI6MTc2NTc4NzEwNCwibmJmIjoxNzY1Nzg3MTA0LCJzdWIiOiJ7XCJ0b2tlblJlZklkXCI6XCI0YTcwMGRmMC1mZjYxLTRlYzAtOTJiZS0xN2M0MmExMDk3ZjhcIixcInZlbmRvckludGVncmF0aW9uS2V5XCI6XCJlMzFmZjIzYjA4NmI0MDZjODg3NGIyZjZkODQ5NTMxM1wiLFwidXNlckFjY291bnRJZFwiOlwiMmVlMjYyMjItN2MwNS00Y2IwLWIwM2MtNzAzYWRmNWVmN2RkXCIsXCJkZXZpY2VJZFwiOlwiNWQwYzdjODgtMGI1OS01MDU0LTk5ZTYtYWU5MzY5OTc2ZmRiXCIsXCJzZXNzaW9uSWRcIjpcIjRhYmQxNmY5LTIyNGYtNDk0MS04NGM5LTI4NWQ5OWM2MDIwN1wiLFwiYWRkaXRpb25hbERhdGFcIjpcIno1NC9NZzltdjE2WXdmb0gvS0EwYktvMDZXRlpjc241VUNmTWF5aERtNGxSTkczdTlLa2pWZDNoWjU1ZStNZERhWXBOVi9UOUxIRmtQejFFQisybTdRPT1cIixcInJvbGVcIjpcIm9yZGVyLWJhc2ljLGxpdmVfZGF0YS1iYXNpYyxub25fdHJhZGluZy1iYXNpYyxvcmRlcl9yZWFkX29ubHktYmFzaWMsYmFja190ZXN0XCIsXCJzb3VyY2VJcEFkZHJlc3NcIjpudWxsLFwidHdvRmFFeHBpcnlUc1wiOjE3NjU4NDUwMDAwMDB9IiwiaXNzIjoiYXBleC1hdXRoLXByb2QtYXBwIn0.Dbc7sDoeYaQPTsXHfNSrKr131NHsDhy03C6L5NstuZraYLXoPyz3GBEYgy0c_swpz8uNutPSXQ4uutG0V1gvag' \
  --header 'X-API-VERSION: 1.0'

📊 3-min candle trend → PE (O1=100.65, C3=98.9)
Market Direction: PE
❌ Skipping trade — market direction conflicts with momentum.
Waiting for 3 mins to get another data.
🔍 Detecting best option between CE and PE for NIFTY 2025-12-16…
➡️  Searching CE between 80-130
➡️  Searching PE between 80-130
⚙️ Checking momentum for top 1 CE candidates...

🧭 Checking momentum for NIFTY25D1625950CE (5 samples, every 1s):
⚙️ Checking momentum for top 1 PE candidates...

🧭 Checking momentum for NIFTY25D1626100PE (5 samples, every 1s):
[NIFTY25D1625950CE] ⏱ Sample 1/5: LTP = ₹104.20
[NIFTY25D1626100PE] ⏱ Sample 1/5: LTP = ₹105.45
[NIFTY25D1625950CE] ⏱ Sample 2/5: LTP = ₹103.55
[NIFTY25D1626100PE] ⏱ Sample 2/5: LTP = ₹105.70
[NIFTY25D1625950CE] ⏱ Sample 3/5: LTP = ₹102.75
[NIFTY25D1626100PE] ⏱ Sample 3/5: LTP = ₹106.40
[NIFTY25D1625950CE] ⏱ Sample 4/5: LTP = ₹103.40
[NIFTY25D1626100PE] ⏱ Sample 4/5: LTP = ₹105.85
[NIFTY25D1625950CE] ⏱ Sample 5/5: LTP = ₹104.00
[NIFTY25D1626100PE] ⏱ Sample 5/5: LTP = ₹105.55
[NIFTY25D1625950CE] 📊 Avg Δ = -0.056%, Consistency = 50.0% → FLAT
[NIFTY25D1625950CE] 📈 Range ₹104.20 → ₹104.00

⚠️ No strong momentum found for CE (>0.25%, consistency >70%)
📊 Running momentum check for CE (NIFTY25D1625950CE)

🧭 Checking momentum for NIFTY25D1625950CE (5 samples, every 1s):
[NIFTY25D1625950CE] ⏱ Sample 1/5: LTP = ₹103.80
[NIFTY25D1626100PE] 📊 Avg Δ = 0.039%, Consistency = 50.0% → FLAT
[NIFTY25D1626100PE] 📈 Range ₹105.45 → ₹105.55

⚠️ No strong momentum found for PE (>0.3%, consistency >70%)
📊 Running momentum check for PE (NIFTY25D1626100PE)

🧭 Checking momentum for NIFTY25D1626100PE (5 samples, every 1s):
[NIFTY25D1626100PE] ⏱ Sample 1/5: LTP = ₹105.55
[NIFTY25D1625950CE] ⏱ Sample 2/5: LTP = ₹104.45
[NIFTY25D1626100PE] ⏱ Sample 2/5: LTP = ₹104.65
[NIFTY25D1625950CE] ⏱ Sample 3/5: LTP = ₹104.30
[NIFTY25D1626100PE] ⏱ Sample 3/5: LTP = ₹104.35
[NIFTY25D1625950CE] ⏱ Sample 4/5: LTP = ₹105.00
[NIFTY25D1626100PE] ⏱ Sample 4/5: LTP = ₹104.25
[NIFTY25D1625950CE] ⏱ Sample 5/5: LTP = ₹105.00
[NIFTY25D1626100PE] ⏱ Sample 5/5: LTP = ₹103.85
[NIFTY25D1625950CE] 📊 Avg Δ = 0.280%, Consistency = 100.0% → UP
[NIFTY25D1625950CE] 📈 Range ₹103.80 → ₹105.00

✅ Momentum for CE: {'symbol': 'NIFTY25D1625950CE', 'avg_change': np.float64(0.28), 'consistency': np.float64(100.0), 'direction': 'UP'}
🧩 Finished CE: NIFTY25D1625950CE, momentum={'symbol': 'NIFTY25D1625950CE', 'avg_change': np.float64(0.28), 'consistency': np.float64(100.0), 'direction': 'UP'}
[NIFTY25D1626100PE] 📊 Avg Δ = -0.334%, Consistency = 100.0% → DOWN
[NIFTY25D1626100PE] 📈 Range ₹105.55 → ₹103.85

✅ Momentum for PE: {'symbol': 'NIFTY25D1626100PE', 'avg_change': np.float64(-0.334), 'consistency': np.float64(100.0), 'direction': 'DOWN'}
🧩 Finished PE: NIFTY25D1626100PE, momentum={'symbol': 'NIFTY25D1626100PE', 'avg_change': np.float64(-0.334), 'consistency': np.float64(100.0), 'direction': 'DOWN'}
🧮 Comparing CE vs PE momentum...
📈 CE momentum: 0.280% (UP, 100.0%)
📉 PE momentum: -0.334% (DOWN, 100.0%)
✅ Selected CE (stronger momentum)
✅ Selected: NIFTY25D1625950CE (CE) | LTP=104.2 | lot_size=75 | groww_symbol=NSE-NIFTY-16Dec25-25950-CE

🌀 Generated cURL for Groww Candle API:
curl --location 'https://api.groww.in/v1/historical/candles?exchange=NSE&segment=FNO&groww_symbol=NSE-NIFTY-16Dec25-25950-CE&start_time=2025-12-15 14:39:18&end_time=2025-12-15 14:42:18&candle_interval=1minute' \
  --header 'Accept: application/json' \
  --header 'Authorization: Bearer eyJraWQiOiJaTUtjVXciLCJhbGciOiJFUzI1NiJ9.eyJleHAiOjE3NjU4NDUwMDAsImlhdCI6MTc2NTc4NzEwNCwibmJmIjoxNzY1Nzg3MTA0LCJzdWIiOiJ7XCJ0b2tlblJlZklkXCI6XCI0YTcwMGRmMC1mZjYxLTRlYzAtOTJiZS0xN2M0MmExMDk3ZjhcIixcInZlbmRvckludGVncmF0aW9uS2V5XCI6XCJlMzFmZjIzYjA4NmI0MDZjODg3NGIyZjZkODQ5NTMxM1wiLFwidXNlckFjY291bnRJZFwiOlwiMmVlMjYyMjItN2MwNS00Y2IwLWIwM2MtNzAzYWRmNWVmN2RkXCIsXCJkZXZpY2VJZFwiOlwiNWQwYzdjODgtMGI1OS01MDU0LTk5ZTYtYWU5MzY5OTc2ZmRiXCIsXCJzZXNzaW9uSWRcIjpcIjRhYmQxNmY5LTIyNGYtNDk0MS04NGM5LTI4NWQ5OWM2MDIwN1wiLFwiYWRkaXRpb25hbERhdGFcIjpcIno1NC9NZzltdjE2WXdmb0gvS0EwYktvMDZXRlpjc241VUNmTWF5aERtNGxSTkczdTlLa2pWZDNoWjU1ZStNZERhWXBOVi9UOUxIRmtQejFFQisybTdRPT1cIixcInJvbGVcIjpcIm9yZGVyLWJhc2ljLGxpdmVfZGF0YS1iYXNpYyxub25fdHJhZGluZy1iYXNpYyxvcmRlcl9yZWFkX29ubHktYmFzaWMsYmFja190ZXN0XCIsXCJzb3VyY2VJcEFkZHJlc3NcIjpudWxsLFwidHdvRmFFeHBpcnlUc1wiOjE3NjU4NDUwMDAwMDB9IiwiaXNzIjoiYXBleC1hdXRoLXByb2QtYXBwIn0.Dbc7sDoeYaQPTsXHfNSrKr131NHsDhy03C6L5NstuZraYLXoPyz3GBEYgy0c_swpz8uNutPSXQ4uutG0V1gvag' \
  --header 'X-API-VERSION: 1.0'

📊 3-min candle trend → CE (O1=98.55, C3=106.65)
Market Direction: CE
✅ Market direction CONFIRMS momentum → proceeding with order.
➡️ Placing auto order: {'symbol': 'NIFTY25D1625950CE', 'ltp': 104.2, 'lots': 14, 'book_profit': 1050.0, 'lot_size': 75, 'side': 'BUY'} ====== [2025-12-15 14:42:19]
🔹 Auto order => NIFTY25D1625950CE, qty=1050, book@1050.0 ====== [2025-12-15 14:42:19]
💰 LTP for NSE_NIFTY25D1625950CE: ₹106.9 ====== [2025-12-15 14:42:20]
✅ Auto Buy placed: :{'groww_order_id': 'GMKFO251215144220D4BGL6FDH7UY', 'order_status': 'NEW', 'order_reference_id': '77116627', 'remark': None} ======= [2025-12-15 14:42:21]
📈 Trailing started...
🔼 New High: ₹107.85
🔼 New High: ₹107.9
🔼 New High: ₹108.1
🔼 New High: ₹108.2
📉 Trail Active | LTP=108.2 | Exit=107.45
📉 Trail Active | LTP=108.0 | Exit=107.45
📉 Trail Active | LTP=107.25 | Exit=107.45
🔻 Trailing HIT @ 107.25
Waiting for 1 min to get another data.
🔍 Detecting best option between CE and PE for NIFTY 2025-12-16…
➡️  Searching CE between 80-130
➡️  Searching PE between 80-130
⚙️ Checking momentum for top 1 CE candidates...

🧭 Checking momentum for NIFTY25D1626000CE (5 samples, every 1s):
⚙️ Checking momentum for top 1 PE candidates...

🧭 Checking momentum for NIFTY25D1626100PE (5 samples, every 1s):
[NIFTY25D1626000CE] ⏱ Sample 1/5: LTP = ₹80.00
[NIFTY25D1626100PE] ⏱ Sample 1/5: LTP = ₹96.20
[NIFTY25D1626000CE] ⏱ Sample 2/5: LTP = ₹80.45
[NIFTY25D1626100PE] ⏱ Sample 2/5: LTP = ₹96.35
[NIFTY25D1626000CE] ⏱ Sample 3/5: LTP = ₹80.70
[NIFTY25D1626100PE] ⏱ Sample 3/5: LTP = ₹96.40
[NIFTY25D1626000CE] ⏱ Sample 4/5: LTP = ₹81.00
[NIFTY25D1626100PE] ⏱ Sample 4/5: LTP = ₹95.70
[NIFTY25D1626000CE] ⏱ Sample 5/5: LTP = ₹81.60
[NIFTY25D1626100PE] ⏱ Sample 5/5: LTP = ₹95.50
[NIFTY25D1626000CE] 📊 Avg Δ = 0.445%, Consistency = 100.0% → UP
[NIFTY25D1626000CE] 📈 Range ₹80.00 → ₹81.60

🏆 Selected CE: NIFTY25D1626000CE (UP | 0.45% | Consistency 100.0%)
📊 Running momentum check for CE (NIFTY25D1626000CE)

🧭 Checking momentum for NIFTY25D1626000CE (5 samples, every 1s):
[NIFTY25D1626000CE] ⏱ Sample 1/5: LTP = ₹81.80
[NIFTY25D1626100PE] 📊 Avg Δ = -0.234%, Consistency = 100.0% → FLAT
[NIFTY25D1626100PE] 📈 Range ₹96.20 → ₹95.50

⚠️ No strong momentum found for PE (>0.3%, consistency >70%)
📊 Running momentum check for PE (NIFTY25D1626100PE)

🧭 Checking momentum for NIFTY25D1626100PE (5 samples, every 1s):
[NIFTY25D1626100PE] ⏱ Sample 1/5: LTP = ₹95.60
[NIFTY25D1626000CE] ⏱ Sample 2/5: LTP = ₹81.75
[NIFTY25D1626100PE] ⏱ Sample 2/5: LTP = ₹95.10
[NIFTY25D1626000CE] ⏱ Sample 3/5: LTP = ₹82.85
[NIFTY25D1626100PE] ⏱ Sample 3/5: LTP = ₹94.60
[NIFTY25D1626000CE] ⏱ Sample 4/5: LTP = ₹82.85
[NIFTY25D1626100PE] ⏱ Sample 4/5: LTP = ₹94.80
[NIFTY25D1626000CE] ⏱ Sample 5/5: LTP = ₹82.60
[NIFTY25D1626100PE] ⏱ Sample 5/5: LTP = ₹94.70
[NIFTY25D1626000CE] 📊 Avg Δ = 0.385%, Consistency = 100.0% → UP
[NIFTY25D1626000CE] 📈 Range ₹81.80 → ₹82.60

✅ Momentum for CE: {'symbol': 'NIFTY25D1626000CE', 'avg_change': np.float64(0.385), 'consistency': np.float64(100.0), 'direction': 'UP'}
🧩 Finished CE: NIFTY25D1626000CE, momentum={'symbol': 'NIFTY25D1626000CE', 'avg_change': np.float64(0.385), 'consistency': np.float64(100.0), 'direction': 'UP'}
[NIFTY25D1626100PE] 📊 Avg Δ = -0.211%, Consistency = 100.0% → FLAT
[NIFTY25D1626100PE] 📈 Range ₹95.60 → ₹94.70

✅ Momentum for PE: {'symbol': 'NIFTY25D1626100PE', 'avg_change': np.float64(-0.211), 'consistency': np.float64(100.0), 'direction': 'FLAT'}
🧩 Finished PE: NIFTY25D1626100PE, momentum={'symbol': 'NIFTY25D1626100PE', 'avg_change': np.float64(-0.211), 'consistency': np.float64(100.0), 'direction': 'FLAT'}
🧮 Comparing CE vs PE momentum...
📈 CE momentum: 0.385% (UP, 100.0%)
📉 PE momentum: -0.211% (FLAT, 100.0%)
✅ Selected CE (stronger momentum)
✅ Selected: NIFTY25D1626000CE (CE) | LTP=80.55 | lot_size=75 | groww_symbol=NSE-NIFTY-16Dec25-26000-CE

🌀 Generated cURL for Groww Candle API:
curl --location 'https://api.groww.in/v1/historical/candles?exchange=NSE&segment=FNO&groww_symbol=NSE-NIFTY-16Dec25-26000-CE&start_time=2025-12-15 14:42:20&end_time=2025-12-15 14:45:20&candle_interval=1minute' \
  --header 'Accept: application/json' \
  --header 'Authorization: Bearer eyJraWQiOiJaTUtjVXciLCJhbGciOiJFUzI1NiJ9.eyJleHAiOjE3NjU4NDUwMDAsImlhdCI6MTc2NTc4NzEwNCwibmJmIjoxNzY1Nzg3MTA0LCJzdWIiOiJ7XCJ0b2tlblJlZklkXCI6XCI0YTcwMGRmMC1mZjYxLTRlYzAtOTJiZS0xN2M0MmExMDk3ZjhcIixcInZlbmRvckludGVncmF0aW9uS2V5XCI6XCJlMzFmZjIzYjA4NmI0MDZjODg3NGIyZjZkODQ5NTMxM1wiLFwidXNlckFjY291bnRJZFwiOlwiMmVlMjYyMjItN2MwNS00Y2IwLWIwM2MtNzAzYWRmNWVmN2RkXCIsXCJkZXZpY2VJZFwiOlwiNWQwYzdjODgtMGI1OS01MDU0LTk5ZTYtYWU5MzY5OTc2ZmRiXCIsXCJzZXNzaW9uSWRcIjpcIjRhYmQxNmY5LTIyNGYtNDk0MS04NGM5LTI4NWQ5OWM2MDIwN1wiLFwiYWRkaXRpb25hbERhdGFcIjpcIno1NC9NZzltdjE2WXdmb0gvS0EwYktvMDZXRlpjc241VUNmTWF5aERtNGxSTkczdTlLa2pWZDNoWjU1ZStNZERhWXBOVi9UOUxIRmtQejFFQisybTdRPT1cIixcInJvbGVcIjpcIm9yZGVyLWJhc2ljLGxpdmVfZGF0YS1iYXNpYyxub25fdHJhZGluZy1iYXNpYyxvcmRlcl9yZWFkX29ubHktYmFzaWMsYmFja190ZXN0XCIsXCJzb3VyY2VJcEFkZHJlc3NcIjpudWxsLFwidHdvRmFFeHBpcnlUc1wiOjE3NjU4NDUwMDAwMDB9IiwiaXNzIjoiYXBleC1hdXRoLXByb2QtYXBwIn0.Dbc7sDoeYaQPTsXHfNSrKr131NHsDhy03C6L5NstuZraYLXoPyz3GBEYgy0c_swpz8uNutPSXQ4uutG0V1gvag' \
  --header 'X-API-VERSION: 1.0'

📊 3-min candle trend → CE (O1=74.35, C3=83.15)
Market Direction: CE
✅ Market direction CONFIRMS momentum → proceeding with order.
➡️ Placing auto order: {'symbol': 'NIFTY25D1626000CE', 'ltp': 80.55, 'lots': 14, 'book_profit': 1050.0, 'lot_size': 75, 'side': 'BUY'} ====== [2025-12-15 14:45:21]
🔹 Auto order => NIFTY25D1626000CE, qty=1050, book@1050.0 ====== [2025-12-15 14:45:22]
💰 LTP for NSE_NIFTY25D1626000CE: ₹82.9 ====== [2025-12-15 14:45:23]
✅ Auto Buy placed: :{'groww_order_id': 'GMKFO251215144523OXYMA6F00JQW', 'order_status': 'NEW', 'order_reference_id': '19159631', 'remark': None} ======= [2025-12-15 14:45:24]
📈 Trailing started...
🔼 New High: ₹83.15
🔼 New High: ₹83.35
🔼 New High: ₹84.1
🛑 HARD SL HIT @ 76.8
Waiting for 1 min to get another data.
🔍 Detecting best option between CE and PE for NIFTY 2025-12-16…
➡️  Searching CE between 80-130
➡️  Searching PE between 80-130
⚙️ Checking momentum for top 1 CE candidates...

🧭 Checking momentum for NIFTY25D1625950CE (5 samples, every 1s):
⚙️ Checking momentum for top 1 PE candidates...

🧭 Checking momentum for NIFTY25D1626100PE (5 samples, every 1s):
[NIFTY25D1625950CE] ⏱ Sample 1/5: LTP = ₹109.70
[NIFTY25D1626100PE] ⏱ Sample 1/5: LTP = ₹99.75
[NIFTY25D1625950CE] ⏱ Sample 2/5: LTP = ₹109.80
[NIFTY25D1626100PE] ⏱ Sample 2/5: LTP = ₹99.70
[NIFTY25D1625950CE] ⏱ Sample 3/5: LTP = ₹110.70
[NIFTY25D1626100PE] ⏱ Sample 3/5: LTP = ₹99.40
[NIFTY25D1625950CE] ⏱ Sample 4/5: LTP = ₹110.60
[NIFTY25D1626100PE] ⏱ Sample 4/5: LTP = ₹99.60
[NIFTY25D1625950CE] ⏱ Sample 5/5: LTP = ₹110.10
[NIFTY25D1626100PE] ⏱ Sample 5/5: LTP = ₹99.80
[NIFTY25D1625950CE] 📊 Avg Δ = 0.182%, Consistency = 100.0% → FLAT
[NIFTY25D1625950CE] 📈 Range ₹109.70 → ₹110.10

⚠️ No strong momentum found for CE (>0.25%, consistency >70%)
📊 Running momentum check for CE (NIFTY25D1625950CE)

🧭 Checking momentum for NIFTY25D1625950CE (5 samples, every 1s):
[NIFTY25D1625950CE] ⏱ Sample 1/5: LTP = ₹110.95
[NIFTY25D1626100PE] 📊 Avg Δ = -0.008%, Consistency = 50.0% → FLAT
[NIFTY25D1626100PE] 📈 Range ₹99.75 → ₹99.80

⚠️ No strong momentum found for PE (>0.3%, consistency >70%)
📊 Running momentum check for PE (NIFTY25D1626100PE)

🧭 Checking momentum for NIFTY25D1626100PE (5 samples, every 1s):
[NIFTY25D1626100PE] ⏱ Sample 1/5: LTP = ₹99.65
[NIFTY25D1625950CE] ⏱ Sample 2/5: LTP = ₹110.55
[NIFTY25D1626100PE] ⏱ Sample 2/5: LTP = ₹99.40
[NIFTY25D1625950CE] ⏱ Sample 3/5: LTP = ₹110.15
[NIFTY25D1626100PE] ⏱ Sample 3/5: LTP = ₹100.00
[NIFTY25D1625950CE] ⏱ Sample 4/5: LTP = ₹109.85
[NIFTY25D1626100PE] ⏱ Sample 4/5: LTP = ₹99.85
[NIFTY25D1625950CE] ⏱ Sample 5/5: LTP = ₹110.20
[NIFTY25D1626100PE] ⏱ Sample 5/5: LTP = ₹100.00
[NIFTY25D1625950CE] 📊 Avg Δ = -0.219%, Consistency = 100.0% → FLAT
[NIFTY25D1625950CE] 📈 Range ₹110.95 → ₹110.20

✅ Momentum for CE: {'symbol': 'NIFTY25D1625950CE', 'avg_change': np.float64(-0.219), 'consistency': np.float64(100.0), 'direction': 'FLAT'}
🧩 Finished CE: NIFTY25D1625950CE, momentum={'symbol': 'NIFTY25D1625950CE', 'avg_change': np.float64(-0.219), 'consistency': np.float64(100.0), 'direction': 'FLAT'}
[NIFTY25D1626100PE] 📊 Avg Δ = 0.134%, Consistency = 100.0% → FLAT
[NIFTY25D1626100PE] 📈 Range ₹99.65 → ₹100.00

✅ Momentum for PE: {'symbol': 'NIFTY25D1626100PE', 'avg_change': np.float64(0.134), 'consistency': np.float64(100.0), 'direction': 'FLAT'}
🧩 Finished PE: NIFTY25D1626100PE, momentum={'symbol': 'NIFTY25D1626100PE', 'avg_change': np.float64(0.134), 'consistency': np.float64(100.0), 'direction': 'FLAT'}
🧮 Comparing CE vs PE momentum...
📈 CE momentum: -0.219% (FLAT, 100.0%)
📉 PE momentum: 0.134% (FLAT, 100.0%)
✅ Selected PE (stronger momentum)
✅ Selected: NIFTY25D1626100PE (PE) | LTP=100.9 | lot_size=75 | groww_symbol=NSE-NIFTY-16Dec25-26100-PE

🌀 Generated cURL for Groww Candle API:
curl --location 'https://api.groww.in/v1/historical/candles?exchange=NSE&segment=FNO&groww_symbol=NSE-NIFTY-16Dec25-26100-PE&start_time=2025-12-15 14:47:55&end_time=2025-12-15 14:50:55&candle_interval=1minute' \
  --header 'Accept: application/json' \
  --header 'Authorization: Bearer eyJraWQiOiJaTUtjVXciLCJhbGciOiJFUzI1NiJ9.eyJleHAiOjE3NjU4NDUwMDAsImlhdCI6MTc2NTc4NzEwNCwibmJmIjoxNzY1Nzg3MTA0LCJzdWIiOiJ7XCJ0b2tlblJlZklkXCI6XCI0YTcwMGRmMC1mZjYxLTRlYzAtOTJiZS0xN2M0MmExMDk3ZjhcIixcInZlbmRvckludGVncmF0aW9uS2V5XCI6XCJlMzFmZjIzYjA4NmI0MDZjODg3NGIyZjZkODQ5NTMxM1wiLFwidXNlckFjY291bnRJZFwiOlwiMmVlMjYyMjItN2MwNS00Y2IwLWIwM2MtNzAzYWRmNWVmN2RkXCIsXCJkZXZpY2VJZFwiOlwiNWQwYzdjODgtMGI1OS01MDU0LTk5ZTYtYWU5MzY5OTc2ZmRiXCIsXCJzZXNzaW9uSWRcIjpcIjRhYmQxNmY5LTIyNGYtNDk0MS04NGM5LTI4NWQ5OWM2MDIwN1wiLFwiYWRkaXRpb25hbERhdGFcIjpcIno1NC9NZzltdjE2WXdmb0gvS0EwYktvMDZXRlpjc241VUNmTWF5aERtNGxSTkczdTlLa2pWZDNoWjU1ZStNZERhWXBOVi9UOUxIRmtQejFFQisybTdRPT1cIixcInJvbGVcIjpcIm9yZGVyLWJhc2ljLGxpdmVfZGF0YS1iYXNpYyxub25fdHJhZGluZy1iYXNpYyxvcmRlcl9yZWFkX29ubHktYmFzaWMsYmFja190ZXN0XCIsXCJzb3VyY2VJcEFkZHJlc3NcIjpudWxsLFwidHdvRmFFeHBpcnlUc1wiOjE3NjU4NDUwMDAwMDB9IiwiaXNzIjoiYXBleC1hdXRoLXByb2QtYXBwIn0.Dbc7sDoeYaQPTsXHfNSrKr131NHsDhy03C6L5NstuZraYLXoPyz3GBEYgy0c_swpz8uNutPSXQ4uutG0V1gvag' \
  --header 'X-API-VERSION: 1.0'

📊 3-min candle trend → PE (O1=94.45, C3=100.0)
Market Direction: PE
✅ Market direction CONFIRMS momentum → proceeding with order.
➡️ Placing auto order: {'symbol': 'NIFTY25D1626100PE', 'ltp': 100.9, 'lots': 14, 'book_profit': 1050.0, 'lot_size': 75, 'side': 'BUY'} ====== [2025-12-15 14:50:55]
🔹 Auto order => NIFTY25D1626100PE, qty=1050, book@1050.0 ====== [2025-12-15 14:50:56]
💰 LTP for NSE_NIFTY25D1626100PE: ₹100.35 ====== [2025-12-15 14:50:57]
✅ Auto Buy placed: :{'groww_order_id': 'GMKFO251215145057IMOGWSRHPD05', 'order_status': 'NEW', 'order_reference_id': '82447688', 'remark': None} ======= [2025-12-15 14:50:58]
📈 Trailing started...
🔼 New High: ₹100.9
Traceback (most recent call last):
  File "C:\Users\HITS\eclipse-workspace\Groww_Python_Trading_Bot\QA_env_sample_test_groww_option_trading_final_bot.py", line 1301, in <module>
    auto_mode_runner()
  File "C:\Users\HITS\eclipse-workspace\Groww_Python_Trading_Bot\QA_env_sample_test_groww_option_trading_final_bot.py", line 1281, in auto_mode_runner
    place_cp_order(order_details, is_auto=True)
  File "C:\Users\HITS\eclipse-workspace\Groww_Python_Trading_Bot\QA_env_sample_test_groww_option_trading_final_bot.py", line 1089, in place_cp_order
    time.sleep(poll)
KeyboardInterrupt
