📝 Logging started. Log file: C:\Users\HITS\eclipse-workspace\Groww_Python_Trading_Bot\logs\Groww_Bot_2025-12-18_14-50-22.log
C:\Users\HITS\eclipse-workspace\Groww_Python_Trading_Bot\instrument.csv
Ready to Groww!
eyJraWQiOiJaTUtjVXciLCJhbGciOiJFUzI1NiJ9.eyJleHAiOjE3NjYxMDQyMDAsImlhdCI6MTc2NjA0OTYyNCwibmJmIjoxNzY2MDQ5NjI0LCJzdWIiOiJ7XCJ0b2tlblJlZklkXCI6XCJjOTBmMzlkOS0yNGM4LTRhMzctODY3MC03MGZjMzBiMjU3NWZcIixcInZlbmRvckludGVncmF0aW9uS2V5XCI6XCJlMzFmZjIzYjA4NmI0MDZjODg3NGIyZjZkODQ5NTMxM1wiLFwidXNlckFjY291bnRJZFwiOlwiMmVlMjYyMjItN2MwNS00Y2IwLWIwM2MtNzAzYWRmNWVmN2RkXCIsXCJkZXZpY2VJZFwiOlwiNWQwYzdjODgtMGI1OS01MDU0LTk5ZTYtYWU5MzY5OTc2ZmRiXCIsXCJzZXNzaW9uSWRcIjpcIjY2MjA1YjkxLWY2YTktNDcxMi1hOTYzLThjZmJhZTc2NGRmZlwiLFwiYWRkaXRpb25hbERhdGFcIjpcIno1NC9NZzltdjE2WXdmb0gvS0EwYktvMDZXRlpjc241VUNmTWF5aERtNGxSTkczdTlLa2pWZDNoWjU1ZStNZERhWXBOVi9UOUxIRmtQejFFQisybTdRPT1cIixcInJvbGVcIjpcIm9yZGVyLWJhc2ljLGxpdmVfZGF0YS1iYXNpYyxub25fdHJhZGluZy1iYXNpYyxvcmRlcl9yZWFkX29ubHktYmFzaWMsYmFja190ZXN0XCIsXCJzb3VyY2VJcEFkZHJlc3NcIjpudWxsLFwidHdvRmFFeHBpcnlUc1wiOjE3NjYxMDQyMDAwMDB9IiwiaXNzIjoiYXBleC1hdXRoLXByb2QtYXBwIn0.W0kQOlzebVNL0xkhMCR2iQg5sm-Q5UkeTTGpsFziocyrwiSb6Def6Lse-iV99Bm8-qX3TtuvBFcBKcLYzfX_oA
✅ Groww API Initialized Successfully
✅ Converted 'C:\Users\HITS\eclipse-workspace\Groww_Python_Trading_Bot\instrument.csv' → 'C:\Users\HITS\eclipse-workspace\Groww_Python_Trading_Bot\instrument.json'
📊 Live NIFTY Spot: 25793.25
✅ Converted 'C:\Users\HITS\eclipse-workspace\Groww_Python_Trading_Bot\instrument.csv' → 'C:\Users\HITS\eclipse-workspace\Groww_Python_Trading_Bot\instrument.json'
🎯 Filtering NIFTY 2025-12-23 instruments between 25300–26300 (Spot=25793.25)
✅ Loaded 316 filtered instruments (out of 149250)

✨ Groww NIFTY CP Bot Ready (Groww backend)
You can run in MANUAL or AUTO mode.
Manual example: Buy 14 NIFTY04NOV2525950CE at CP and Book at 1050

Choose mode: (m)anual / (a)uto / (q)uit: 
--- AUTO MODE (momentum + premium) ---
🔍 Detecting best option between CE and PE for NIFTY 2025-12-23…
➡️  Searching CE between 80-130
➡️  Searching PE between 80-130
⚙️ Checking momentum for top 2 CE candidates...

🧭 Checking momentum for NIFTY25D2325800CE (5 samples, every 1s):

🧭 Checking momentum for NIFTY25D2325850CE (5 samples, every 1s):
⚙️ Checking momentum for top 2 PE candidates...

🧭 Checking momentum for NIFTY25D2325850PE (5 samples, every 1s):

🧭 Checking momentum for NIFTY25D2325800PE (5 samples, every 1s):
[NIFTY25D2325800CE] ⏱ Sample 1/5: LTP = ₹110.05
[NIFTY25D2325850CE] ⏱ Sample 1/5: LTP = ₹85.10
[NIFTY25D2325850PE] ⏱ Sample 1/5: LTP = ₹111.60
[NIFTY25D2325800PE] ⏱ Sample 1/5: LTP = ₹86.90
[NIFTY25D2325800CE] ⏱ Sample 2/5: LTP = ₹110.00
[NIFTY25D2325850CE] ⏱ Sample 2/5: LTP = ₹86.00
[NIFTY25D2325850PE] ⏱ Sample 2/5: LTP = ₹110.65
[NIFTY25D2325800PE] ⏱ Sample 2/5: LTP = ₹86.00
[NIFTY25D2325800CE] ⏱ Sample 3/5: LTP = ₹110.70
[NIFTY25D2325850CE] ⏱ Sample 3/5: LTP = ₹85.65
[NIFTY25D2325850PE] ⏱ Sample 3/5: LTP = ₹111.15
[NIFTY25D2325800PE] ⏱ Sample 3/5: LTP = ₹86.60
[NIFTY25D2325800CE] ⏱ Sample 4/5: LTP = ₹110.25
[NIFTY25D2325850CE] ⏱ Sample 4/5: LTP = ₹85.65
[NIFTY25D2325850PE] ⏱ Sample 4/5: LTP = ₹111.20
[NIFTY25D2325800PE] ⏱ Sample 4/5: LTP = ₹86.50
[NIFTY25D2325800CE] ⏱ Sample 5/5: LTP = ₹110.55
[NIFTY25D2325850CE] ⏱ Sample 5/5: LTP = ₹85.55
[NIFTY25D2325800CE] 📊 Avg Δ = 0.113%, Consistency = 100.0% → FLAT
[NIFTY25D2325800CE] 📈 Range ₹110.05 → ₹110.55

[NIFTY25D2325850PE] ⏱ Sample 5/5: LTP = ₹111.25
[NIFTY25D2325850CE] 📊 Avg Δ = 0.020%, Consistency = 50.0% → FLAT
[NIFTY25D2325850CE] 📈 Range ₹85.10 → ₹85.55

⚠️ No strong momentum found for CE (>0.25%, consistency >70%)
📊 Running momentum check for CE (NIFTY25D2325800CE)

🧭 Checking momentum for NIFTY25D2325800CE (5 samples, every 1s):
[NIFTY25D2325800PE] ⏱ Sample 5/5: LTP = ₹86.00
[NIFTY25D2325850PE] 📊 Avg Δ = 0.030%, Consistency = 50.0% → FLAT
[NIFTY25D2325850PE] 📈 Range ₹111.60 → ₹111.25

[NIFTY25D2325800CE] ⏱ Sample 1/5: LTP = ₹110.60
[NIFTY25D2325800PE] 📊 Avg Δ = -0.077%, Consistency = 50.0% → FLAT
[NIFTY25D2325800PE] 📈 Range ₹86.90 → ₹86.00

⚠️ No strong momentum found for PE (>0.3%, consistency >70%)
📊 Running momentum check for PE (NIFTY25D2325850PE)

🧭 Checking momentum for NIFTY25D2325850PE (5 samples, every 1s):
[NIFTY25D2325850PE] ⏱ Sample 1/5: LTP = ₹110.65
[NIFTY25D2325800CE] ⏱ Sample 2/5: LTP = ₹110.60
[NIFTY25D2325850PE] ⏱ Sample 2/5: LTP = ₹110.70
[NIFTY25D2325800CE] ⏱ Sample 3/5: LTP = ₹110.60
[NIFTY25D2325850PE] ⏱ Sample 3/5: LTP = ₹111.30
[NIFTY25D2325800CE] ⏱ Sample 4/5: LTP = ₹110.10
[NIFTY25D2325850PE] ⏱ Sample 4/5: LTP = ₹111.40
[NIFTY25D2325800CE] ⏱ Sample 5/5: LTP = ₹110.45
[NIFTY25D2325850PE] ⏱ Sample 5/5: LTP = ₹111.20
[NIFTY25D2325800CE] 📊 Avg Δ = -0.098%, Consistency = 100.0% → FLAT
[NIFTY25D2325800CE] 📈 Range ₹110.60 → ₹110.45

✅ Momentum for CE: {'symbol': 'NIFTY25D2325800CE', 'avg_change': np.float64(-0.098), 'consistency': np.float64(100.0), 'direction': 'FLAT'}
🧩 Finished CE: NIFTY25D2325800CE, momentum={'symbol': 'NIFTY25D2325800CE', 'avg_change': np.float64(-0.098), 'consistency': np.float64(100.0), 'direction': 'FLAT'}
[NIFTY25D2325850PE] 📊 Avg Δ = 0.188%, Consistency = 100.0% → FLAT
[NIFTY25D2325850PE] 📈 Range ₹110.65 → ₹111.20

✅ Momentum for PE: {'symbol': 'NIFTY25D2325850PE', 'avg_change': np.float64(0.188), 'consistency': np.float64(100.0), 'direction': 'FLAT'}
🧩 Finished PE: NIFTY25D2325850PE, momentum={'symbol': 'NIFTY25D2325850PE', 'avg_change': np.float64(0.188), 'consistency': np.float64(100.0), 'direction': 'FLAT'}
🧮 Comparing CE vs PE momentum...
📈 CE momentum: -0.098% (FLAT, 100.0%)
📉 PE momentum: 0.188% (FLAT, 100.0%)
✅ Selected PE (stronger momentum)
✅ Selected: NIFTY25D2325850PE (PE) | LTP=111.15 | lot_size=75 | groww_symbol=NSE-NIFTY-23Dec25-25850-PE

🌀 Generated cURL for Groww Candle API:
curl --location 'https://api.groww.in/v1/historical/candles?exchange=NSE&segment=FNO&groww_symbol=NSE-NIFTY-23Dec25-25850-PE&start_time=2025-12-18 14:49:03&end_time=2025-12-18 14:52:03&candle_interval=1minute' \
  --header 'Accept: application/json' \
  --header 'Authorization: Bearer eyJraWQiOiJaTUtjVXciLCJhbGciOiJFUzI1NiJ9.eyJleHAiOjE3NjYxMDQyMDAsImlhdCI6MTc2NjA0OTYyNCwibmJmIjoxNzY2MDQ5NjI0LCJzdWIiOiJ7XCJ0b2tlblJlZklkXCI6XCJjOTBmMzlkOS0yNGM4LTRhMzctODY3MC03MGZjMzBiMjU3NWZcIixcInZlbmRvckludGVncmF0aW9uS2V5XCI6XCJlMzFmZjIzYjA4NmI0MDZjODg3NGIyZjZkODQ5NTMxM1wiLFwidXNlckFjY291bnRJZFwiOlwiMmVlMjYyMjItN2MwNS00Y2IwLWIwM2MtNzAzYWRmNWVmN2RkXCIsXCJkZXZpY2VJZFwiOlwiNWQwYzdjODgtMGI1OS01MDU0LTk5ZTYtYWU5MzY5OTc2ZmRiXCIsXCJzZXNzaW9uSWRcIjpcIjY2MjA1YjkxLWY2YTktNDcxMi1hOTYzLThjZmJhZTc2NGRmZlwiLFwiYWRkaXRpb25hbERhdGFcIjpcIno1NC9NZzltdjE2WXdmb0gvS0EwYktvMDZXRlpjc241VUNmTWF5aERtNGxSTkczdTlLa2pWZDNoWjU1ZStNZERhWXBOVi9UOUxIRmtQejFFQisybTdRPT1cIixcInJvbGVcIjpcIm9yZGVyLWJhc2ljLGxpdmVfZGF0YS1iYXNpYyxub25fdHJhZGluZy1iYXNpYyxvcmRlcl9yZWFkX29ubHktYmFzaWMsYmFja190ZXN0XCIsXCJzb3VyY2VJcEFkZHJlc3NcIjpudWxsLFwidHdvRmFFeHBpcnlUc1wiOjE3NjYxMDQyMDAwMDB9IiwiaXNzIjoiYXBleC1hdXRoLXByb2QtYXBwIn0.W0kQOlzebVNL0xkhMCR2iQg5sm-Q5UkeTTGpsFziocyrwiSb6Def6Lse-iV99Bm8-qX3TtuvBFcBKcLYzfX_oA' \
  --header 'X-API-VERSION: 1.0'

📊 3-min candle trend → PE (O1=108.65, C3=111.6)
Market Direction: PE
✅ Market direction CONFIRMS momentum PE → proceeding with order.
user_confirmation_needed : False
➡️ Placing auto order: {'symbol': 'NIFTY25D2325850PE', 'ltp': 111.15, 'lots': 14, 'book_profit': 1050.0, 'lot_size': 75, 'side': 'BUY'} ====== [2025-12-18 14:52:04]
🔹 Auto order => NIFTY25D2325850PE, qty=1050, book@1050.0 ====== [2025-12-18 14:52:05]
💰 LTP for NSE_NIFTY25D2325850PE: ₹111.65 ====== [2025-12-18 14:52:05]
✅ Auto Buy placed: :{'groww_order_id': 'GMKFO2512181452057O3YD5CMI2MY', 'order_status': 'NEW', 'order_reference_id': '49200409', 'remark': None} ======= [2025-12-18 14:52:06]
📈 Trailing started...
🔼 New High: ₹111.7
🔼 New High: ₹112.0
🔼 New High: ₹113.0
📉 Trail Active | LTP=113.0 | Exit=112.25
🔼 New High: ₹113.15
📉 Trail Active | LTP=113.15 | Exit=112.4
🔼 New High: ₹113.2
📉 Trail Active | LTP=113.2 | Exit=112.45
🔼 New High: ₹114.2
📉 Trail Active | LTP=114.2 | Exit=113.45
🔼 New High: ₹115.1
📉 Trail Active | LTP=115.1 | Exit=114.35
🔼 New High: ₹115.8
📉 Trail Active | LTP=115.8 | Exit=115.05
📉 Trail Active | LTP=115.25 | Exit=115.05
📉 Trail Active | LTP=115.45 | Exit=115.05
📉 Trail Active | LTP=115.15 | Exit=115.05
📉 Trail Active | LTP=114.85 | Exit=115.05
🔻 Trailing HIT @ 114.85
Waiting for 1 min to get another data.
🔍 Detecting best option between CE and PE for NIFTY 2025-12-23…
➡️  Searching CE between 80-130
➡️  Searching PE between 80-130
⚙️ Checking momentum for top 1 CE candidates...

🧭 Checking momentum for NIFTY25D2325800CE (5 samples, every 1s):
⚙️ Checking momentum for top 1 PE candidates...

🧭 Checking momentum for NIFTY25D2325800PE (5 samples, every 1s):
[NIFTY25D2325800CE] ⏱ Sample 1/5: LTP = ₹103.80
[NIFTY25D2325800PE] ⏱ Sample 1/5: LTP = ₹90.80
[NIFTY25D2325800CE] ⏱ Sample 2/5: LTP = ₹104.30
[NIFTY25D2325800PE] ⏱ Sample 2/5: LTP = ₹90.65
[NIFTY25D2325800CE] ⏱ Sample 3/5: LTP = ₹104.50
[NIFTY25D2325800PE] ⏱ Sample 3/5: LTP = ₹90.65
[NIFTY25D2325800CE] ⏱ Sample 4/5: LTP = ₹104.70
[NIFTY25D2325800PE] ⏱ Sample 4/5: LTP = ₹90.40
[NIFTY25D2325800CE] ⏱ Sample 5/5: LTP = ₹104.85
[NIFTY25D2325800PE] ⏱ Sample 5/5: LTP = ₹90.70
[NIFTY25D2325800CE] 📊 Avg Δ = 0.232%, Consistency = 100.0% → FLAT
[NIFTY25D2325800CE] 📈 Range ₹103.80 → ₹104.85

⚠️ No strong momentum found for CE (>0.25%, consistency >70%)
📊 Running momentum check for CE (NIFTY25D2325800CE)

🧭 Checking momentum for NIFTY25D2325800CE (5 samples, every 1s):
[NIFTY25D2325800CE] ⏱ Sample 1/5: LTP = ₹104.40
[NIFTY25D2325800PE] 📊 Avg Δ = -0.064%, Consistency = 50.0% → FLAT
[NIFTY25D2325800PE] 📈 Range ₹90.80 → ₹90.70

⚠️ No strong momentum found for PE (>0.3%, consistency >70%)
📊 Running momentum check for PE (NIFTY25D2325800PE)

🧭 Checking momentum for NIFTY25D2325800PE (5 samples, every 1s):
[NIFTY25D2325800PE] ⏱ Sample 1/5: LTP = ₹90.60
[NIFTY25D2325800CE] ⏱ Sample 2/5: LTP = ₹105.50
[NIFTY25D2325800PE] ⏱ Sample 2/5: LTP = ₹89.10
[NIFTY25D2325800CE] ⏱ Sample 3/5: LTP = ₹106.15
[NIFTY25D2325800PE] ⏱ Sample 3/5: LTP = ₹88.95
[NIFTY25D2325800CE] ⏱ Sample 4/5: LTP = ₹106.50
[NIFTY25D2325800PE] ⏱ Sample 4/5: LTP = ₹88.65
[NIFTY25D2325800CE] ⏱ Sample 5/5: LTP = ₹106.80
[NIFTY25D2325800PE] ⏱ Sample 5/5: LTP = ₹87.40
[NIFTY25D2325800CE] 📊 Avg Δ = 0.537%, Consistency = 100.0% → UP
[NIFTY25D2325800CE] 📈 Range ₹104.40 → ₹106.80

✅ Momentum for CE: {'symbol': 'NIFTY25D2325800CE', 'avg_change': np.float64(0.537), 'consistency': np.float64(100.0), 'direction': 'UP'}
🧩 Finished CE: NIFTY25D2325800CE, momentum={'symbol': 'NIFTY25D2325800CE', 'avg_change': np.float64(0.537), 'consistency': np.float64(100.0), 'direction': 'UP'}
[NIFTY25D2325800PE] 📊 Avg Δ = -0.682%, Consistency = 100.0% → DOWN
[NIFTY25D2325800PE] 📈 Range ₹90.60 → ₹87.40

✅ Momentum for PE: {'symbol': 'NIFTY25D2325800PE', 'avg_change': np.float64(-0.682), 'consistency': np.float64(100.0), 'direction': 'DOWN'}
🧩 Finished PE: NIFTY25D2325800PE, momentum={'symbol': 'NIFTY25D2325800PE', 'avg_change': np.float64(-0.682), 'consistency': np.float64(100.0), 'direction': 'DOWN'}
🧮 Comparing CE vs PE momentum...
📈 CE momentum: 0.537% (UP, 100.0%)
📉 PE momentum: -0.682% (DOWN, 100.0%)
✅ Selected CE (stronger momentum)
✅ Selected: NIFTY25D2325800CE (CE) | LTP=103.35 | lot_size=75 | groww_symbol=NSE-NIFTY-23Dec25-25800-CE

🌀 Generated cURL for Groww Candle API:
curl --location 'https://api.groww.in/v1/historical/candles?exchange=NSE&segment=FNO&groww_symbol=NSE-NIFTY-23Dec25-25800-CE&start_time=2025-12-18 14:51:32&end_time=2025-12-18 14:54:32&candle_interval=1minute' \
  --header 'Accept: application/json' \
  --header 'Authorization: Bearer eyJraWQiOiJaTUtjVXciLCJhbGciOiJFUzI1NiJ9.eyJleHAiOjE3NjYxMDQyMDAsImlhdCI6MTc2NjA0OTYyNCwibmJmIjoxNzY2MDQ5NjI0LCJzdWIiOiJ7XCJ0b2tlblJlZklkXCI6XCJjOTBmMzlkOS0yNGM4LTRhMzctODY3MC03MGZjMzBiMjU3NWZcIixcInZlbmRvckludGVncmF0aW9uS2V5XCI6XCJlMzFmZjIzYjA4NmI0MDZjODg3NGIyZjZkODQ5NTMxM1wiLFwidXNlckFjY291bnRJZFwiOlwiMmVlMjYyMjItN2MwNS00Y2IwLWIwM2MtNzAzYWRmNWVmN2RkXCIsXCJkZXZpY2VJZFwiOlwiNWQwYzdjODgtMGI1OS01MDU0LTk5ZTYtYWU5MzY5OTc2ZmRiXCIsXCJzZXNzaW9uSWRcIjpcIjY2MjA1YjkxLWY2YTktNDcxMi1hOTYzLThjZmJhZTc2NGRmZlwiLFwiYWRkaXRpb25hbERhdGFcIjpcIno1NC9NZzltdjE2WXdmb0gvS0EwYktvMDZXRlpjc241VUNmTWF5aERtNGxSTkczdTlLa2pWZDNoWjU1ZStNZERhWXBOVi9UOUxIRmtQejFFQisybTdRPT1cIixcInJvbGVcIjpcIm9yZGVyLWJhc2ljLGxpdmVfZGF0YS1iYXNpYyxub25fdHJhZGluZy1iYXNpYyxvcmRlcl9yZWFkX29ubHktYmFzaWMsYmFja190ZXN0XCIsXCJzb3VyY2VJcEFkZHJlc3NcIjpudWxsLFwidHdvRmFFeHBpcnlUc1wiOjE3NjYxMDQyMDAwMDB9IiwiaXNzIjoiYXBleC1hdXRoLXByb2QtYXBwIn0.W0kQOlzebVNL0xkhMCR2iQg5sm-Q5UkeTTGpsFziocyrwiSb6Def6Lse-iV99Bm8-qX3TtuvBFcBKcLYzfX_oA' \
  --header 'X-API-VERSION: 1.0'

📊 3-min candle trend → PE (O1=110.5, C3=108.5)
Market Direction: PE
❌ Skipping trade — market direction conflicts with momentum.
Waiting for 3 mins to get another data.
Traceback (most recent call last):
  File "C:\Users\HITS\eclipse-workspace\Groww_Python_Trading_Bot\QA_env_sample_test_groww_option_trading_final_bot.py", line 1325, in <module>
    auto_mode_runner()
  File "C:\Users\HITS\eclipse-workspace\Groww_Python_Trading_Bot\QA_env_sample_test_groww_option_trading_final_bot.py", line 1309, in auto_mode_runner
    time.sleep(180)
KeyboardInterrupt
