📝 Logging started. Log file: C:\Users\HITS\eclipse-workspace\Groww_Python_Trading_Bot\logs\Groww_Bot_2025-12-16_09-40-07.log
C:\Users\HITS\eclipse-workspace\Groww_Python_Trading_Bot\instrument.csv
Ready to Groww!
eyJraWQiOiJaTUtjVXciLCJhbGciOiJFUzI1NiJ9.eyJleHAiOjE3NjU5MzE0MDAsImlhdCI6MTc2NTg1ODIwNywibmJmIjoxNzY1ODU4MjA3LCJzdWIiOiJ7XCJ0b2tlblJlZklkXCI6XCIwYjllOGZlYS04MjU5LTRmNDItYjJkZi05NzFjNzg4ZGRiZjRcIixcInZlbmRvckludGVncmF0aW9uS2V5XCI6XCJlMzFmZjIzYjA4NmI0MDZjODg3NGIyZjZkODQ5NTMxM1wiLFwidXNlckFjY291bnRJZFwiOlwiMmVlMjYyMjItN2MwNS00Y2IwLWIwM2MtNzAzYWRmNWVmN2RkXCIsXCJkZXZpY2VJZFwiOlwiNWQwYzdjODgtMGI1OS01MDU0LTk5ZTYtYWU5MzY5OTc2ZmRiXCIsXCJzZXNzaW9uSWRcIjpcIjcyMmIwOTU2LWQyNTEtNGE3ZS05OTdhLTcyNDBiMWM5MTZjMFwiLFwiYWRkaXRpb25hbERhdGFcIjpcIno1NC9NZzltdjE2WXdmb0gvS0EwYktvMDZXRlpjc241VUNmTWF5aERtNGxSTkczdTlLa2pWZDNoWjU1ZStNZERhWXBOVi9UOUxIRmtQejFFQisybTdRPT1cIixcInJvbGVcIjpcIm9yZGVyLWJhc2ljLGxpdmVfZGF0YS1iYXNpYyxub25fdHJhZGluZy1iYXNpYyxvcmRlcl9yZWFkX29ubHktYmFzaWMsYmFja190ZXN0XCIsXCJzb3VyY2VJcEFkZHJlc3NcIjpudWxsLFwidHdvRmFFeHBpcnlUc1wiOjE3NjU5MzE0MDAwMDB9IiwiaXNzIjoiYXBleC1hdXRoLXByb2QtYXBwIn0.i4quKcJEh42pZlcqJ-VH_cT3gLulGM6k035pFS9KtZGgvFulPrrj_MdO4F-n5MWEeKulZn_YeabeUGXtdaY3-A
✅ Groww API Initialized Successfully
✅ Converted 'C:\Users\HITS\eclipse-workspace\Groww_Python_Trading_Bot\instrument.csv' → 'C:\Users\HITS\eclipse-workspace\Groww_Python_Trading_Bot\instrument.json'
📊 Live NIFTY Spot: 25913.35
✅ Converted 'C:\Users\HITS\eclipse-workspace\Groww_Python_Trading_Bot\instrument.csv' → 'C:\Users\HITS\eclipse-workspace\Groww_Python_Trading_Bot\instrument.json'
🎯 Filtering NIFTY 2025-12-23 instruments between 25400–26400 (Spot=25913.35)
✅ Loaded 316 filtered instruments (out of 149250)

✨ Groww NIFTY CP Bot Ready (Groww backend)
You can run in MANUAL or AUTO mode.
Manual example: Buy 14 NIFTY04NOV2525950CE at CP and Book at 1050

Choose mode: (m)anual / (a)uto / (q)uit: 
--- AUTO MODE (momentum + premium) ---
🔍 Detecting best option between CE and PE for NIFTY 2025-12-23…
➡️  Searching CE between 80-130
➡️  Searching PE between 80-130
⚙️ Checking momentum for top 2 CE candidates...

🧭 Checking momentum for NIFTY25D2326050CE (5 samples, every 1s):

🧭 Checking momentum for NIFTY25D2326100CE (5 samples, every 1s):
[NIFTY25D2326050CE] ⏱ Sample 1/5: LTP = ₹101.70
[NIFTY25D2326100CE] ⏱ Sample 1/5: LTP = ₹81.30
[NIFTY25D2326050CE] ⏱ Sample 2/5: LTP = ₹102.25
⚙️ Checking momentum for top 2 PE candidates...

🧭 Checking momentum for NIFTY25D2325900PE (5 samples, every 1s):

🧭 Checking momentum for NIFTY25D2325850PE (5 samples, every 1s):
[NIFTY25D2326100CE] ⏱ Sample 2/5: LTP = ₹81.55
[NIFTY25D2325900PE] ⏱ Sample 1/5: LTP = ₹106.95
[NIFTY25D2325850PE] ⏱ Sample 1/5: LTP = ₹88.10
[NIFTY25D2326050CE] ⏱ Sample 3/5: LTP = ₹102.00
[NIFTY25D2326100CE] ⏱ Sample 3/5: LTP = ₹81.60
[NIFTY25D2325900PE] ⏱ Sample 2/5: LTP = ₹106.95
[NIFTY25D2325850PE] ⏱ Sample 2/5: LTP = ₹88.60
[NIFTY25D2326050CE] ⏱ Sample 4/5: LTP = ₹101.50
[NIFTY25D2326100CE] ⏱ Sample 4/5: LTP = ₹81.20
[NIFTY25D2325900PE] ⏱ Sample 3/5: LTP = ₹107.60
[NIFTY25D2325850PE] ⏱ Sample 3/5: LTP = ₹89.10
[NIFTY25D2326050CE] ⏱ Sample 5/5: LTP = ₹101.30
[NIFTY25D2326050CE] 📊 Avg Δ = -0.188%, Consistency = 100.0% → FLAT
[NIFTY25D2326050CE] 📈 Range ₹101.70 → ₹101.30

[NIFTY25D2326100CE] ⏱ Sample 5/5: LTP = ₹80.95
[NIFTY25D2325900PE] ⏱ Sample 4/5: LTP = ₹107.60
[NIFTY25D2326100CE] 📊 Avg Δ = -0.143%, Consistency = 100.0% → FLAT
[NIFTY25D2326100CE] 📈 Range ₹81.30 → ₹80.95

⚠️ No strong momentum found for CE (>0.25%, consistency >70%)
📊 Running momentum check for CE (NIFTY25D2326050CE)

🧭 Checking momentum for NIFTY25D2326050CE (5 samples, every 1s):
[NIFTY25D2325850PE] ⏱ Sample 4/5: LTP = ₹89.10
[NIFTY25D2326050CE] ⏱ Sample 1/5: LTP = ₹101.60
[NIFTY25D2325900PE] ⏱ Sample 5/5: LTP = ₹106.95
[NIFTY25D2325850PE] ⏱ Sample 5/5: LTP = ₹88.50
[NIFTY25D2325900PE] 📊 Avg Δ = 0.101%, Consistency = 100.0% → FLAT
[NIFTY25D2325900PE] 📈 Range ₹106.95 → ₹106.95

[NIFTY25D2326050CE] ⏱ Sample 2/5: LTP = ₹101.85
[NIFTY25D2325850PE] 📊 Avg Δ = 0.169%, Consistency = 50.0% → FLAT
[NIFTY25D2325850PE] 📈 Range ₹88.10 → ₹88.50

⚠️ No strong momentum found for PE (>0.3%, consistency >70%)
📊 Running momentum check for PE (NIFTY25D2325900PE)

🧭 Checking momentum for NIFTY25D2325900PE (5 samples, every 1s):
[NIFTY25D2325900PE] ⏱ Sample 1/5: LTP = ₹106.85
[NIFTY25D2326050CE] ⏱ Sample 3/5: LTP = ₹101.30
[NIFTY25D2325900PE] ⏱ Sample 2/5: LTP = ₹107.45
[NIFTY25D2326050CE] ⏱ Sample 4/5: LTP = ₹101.40
[NIFTY25D2325900PE] ⏱ Sample 3/5: LTP = ₹108.00
[NIFTY25D2326050CE] ⏱ Sample 5/5: LTP = ₹101.15
[NIFTY25D2325900PE] ⏱ Sample 4/5: LTP = ₹108.10
[NIFTY25D2326050CE] 📊 Avg Δ = -0.148%, Consistency = 100.0% → FLAT
[NIFTY25D2326050CE] 📈 Range ₹101.60 → ₹101.15

✅ Momentum for CE: {'symbol': 'NIFTY25D2326050CE', 'avg_change': np.float64(-0.148), 'consistency': np.float64(100.0), 'direction': 'FLAT'}
🧩 Finished CE: NIFTY25D2326050CE, momentum={'symbol': 'NIFTY25D2326050CE', 'avg_change': np.float64(-0.148), 'consistency': np.float64(100.0), 'direction': 'FLAT'}
[NIFTY25D2325900PE] ⏱ Sample 5/5: LTP = ₹107.50
[NIFTY25D2325900PE] 📊 Avg Δ = 0.202%, Consistency = 100.0% → FLAT
[NIFTY25D2325900PE] 📈 Range ₹106.85 → ₹107.50

✅ Momentum for PE: {'symbol': 'NIFTY25D2325900PE', 'avg_change': np.float64(0.202), 'consistency': np.float64(100.0), 'direction': 'FLAT'}
🧩 Finished PE: NIFTY25D2325900PE, momentum={'symbol': 'NIFTY25D2325900PE', 'avg_change': np.float64(0.202), 'consistency': np.float64(100.0), 'direction': 'FLAT'}
🧮 Comparing CE vs PE momentum...
📈 CE momentum: -0.148% (FLAT, 100.0%)
📉 PE momentum: 0.202% (FLAT, 100.0%)
✅ Selected PE (stronger momentum)
✅ Selected: NIFTY25D2325900PE (PE) | LTP=107.8 | lot_size=75 | groww_symbol=NSE-NIFTY-23Dec25-25900-PE

🌀 Generated cURL for Groww Candle API:
curl --location 'https://api.groww.in/v1/historical/candles?exchange=NSE&segment=FNO&groww_symbol=NSE-NIFTY-23Dec25-25900-PE&start_time=2025-12-16 09:38:22&end_time=2025-12-16 09:41:22&candle_interval=1minute' \
  --header 'Accept: application/json' \
  --header 'Authorization: Bearer eyJraWQiOiJaTUtjVXciLCJhbGciOiJFUzI1NiJ9.eyJleHAiOjE3NjU5MzE0MDAsImlhdCI6MTc2NTg1ODIwNywibmJmIjoxNzY1ODU4MjA3LCJzdWIiOiJ7XCJ0b2tlblJlZklkXCI6XCIwYjllOGZlYS04MjU5LTRmNDItYjJkZi05NzFjNzg4ZGRiZjRcIixcInZlbmRvckludGVncmF0aW9uS2V5XCI6XCJlMzFmZjIzYjA4NmI0MDZjODg3NGIyZjZkODQ5NTMxM1wiLFwidXNlckFjY291bnRJZFwiOlwiMmVlMjYyMjItN2MwNS00Y2IwLWIwM2MtNzAzYWRmNWVmN2RkXCIsXCJkZXZpY2VJZFwiOlwiNWQwYzdjODgtMGI1OS01MDU0LTk5ZTYtYWU5MzY5OTc2ZmRiXCIsXCJzZXNzaW9uSWRcIjpcIjcyMmIwOTU2LWQyNTEtNGE3ZS05OTdhLTcyNDBiMWM5MTZjMFwiLFwiYWRkaXRpb25hbERhdGFcIjpcIno1NC9NZzltdjE2WXdmb0gvS0EwYktvMDZXRlpjc241VUNmTWF5aERtNGxSTkczdTlLa2pWZDNoWjU1ZStNZERhWXBOVi9UOUxIRmtQejFFQisybTdRPT1cIixcInJvbGVcIjpcIm9yZGVyLWJhc2ljLGxpdmVfZGF0YS1iYXNpYyxub25fdHJhZGluZy1iYXNpYyxvcmRlcl9yZWFkX29ubHktYmFzaWMsYmFja190ZXN0XCIsXCJzb3VyY2VJcEFkZHJlc3NcIjpudWxsLFwidHdvRmFFeHBpcnlUc1wiOjE3NjU5MzE0MDAwMDB9IiwiaXNzIjoiYXBleC1hdXRoLXByb2QtYXBwIn0.i4quKcJEh42pZlcqJ-VH_cT3gLulGM6k035pFS9KtZGgvFulPrrj_MdO4F-n5MWEeKulZn_YeabeUGXtdaY3-A' \
  --header 'X-API-VERSION: 1.0'

📊 3-min candle trend → CE (O1=111.5, C3=107.1)
Market Direction: CE
❌ Skipping trade — market direction conflicts with momentum.
Waiting for 3 mins to get another data.
🔍 Detecting best option between CE and PE for NIFTY 2025-12-23…
➡️  Searching CE between 80-130
➡️  Searching PE between 80-130
⚙️ Checking momentum for top 2 CE candidates...

🧭 Checking momentum for NIFTY25D2326050CE (5 samples, every 1s):

🧭 Checking momentum for NIFTY25D2326100CE (5 samples, every 1s):
⚙️ Checking momentum for top 2 PE candidates...

🧭 Checking momentum for NIFTY25D2325900PE (5 samples, every 1s):

🧭 Checking momentum for NIFTY25D2325850PE (5 samples, every 1s):
[NIFTY25D2326050CE] ⏱ Sample 1/5: LTP = ₹102.20
[NIFTY25D2326100CE] ⏱ Sample 1/5: LTP = ₹81.95
[NIFTY25D2325900PE] ⏱ Sample 1/5: LTP = ₹106.55
[NIFTY25D2325850PE] ⏱ Sample 1/5: LTP = ₹87.65
[NIFTY25D2326050CE] ⏱ Sample 2/5: LTP = ₹102.70
[NIFTY25D2326100CE] ⏱ Sample 2/5: LTP = ₹82.25
[NIFTY25D2325900PE] ⏱ Sample 2/5: LTP = ₹106.40
[NIFTY25D2325850PE] ⏱ Sample 2/5: LTP = ₹88.45
[NIFTY25D2326050CE] ⏱ Sample 3/5: LTP = ₹102.20
[NIFTY25D2326100CE] ⏱ Sample 3/5: LTP = ₹81.75
[NIFTY25D2325900PE] ⏱ Sample 3/5: LTP = ₹107.30
[NIFTY25D2325850PE] ⏱ Sample 3/5: LTP = ₹89.20
[NIFTY25D2326050CE] ⏱ Sample 4/5: LTP = ₹102.00
[NIFTY25D2326100CE] ⏱ Sample 4/5: LTP = ₹81.75
[NIFTY25D2325900PE] ⏱ Sample 4/5: LTP = ₹107.05
[NIFTY25D2325850PE] ⏱ Sample 4/5: LTP = ₹88.40
[NIFTY25D2326050CE] ⏱ Sample 5/5: LTP = ₹102.60
[NIFTY25D2326100CE] ⏱ Sample 5/5: LTP = ₹81.70
[NIFTY25D2326050CE] 📊 Avg Δ = -0.049%, Consistency = 100.0% → FLAT
[NIFTY25D2326050CE] 📈 Range ₹102.20 → ₹102.60

[NIFTY25D2325900PE] ⏱ Sample 5/5: LTP = ₹107.55
[NIFTY25D2326100CE] 📊 Avg Δ = -0.153%, Consistency = 100.0% → FLAT
[NIFTY25D2326100CE] 📈 Range ₹81.95 → ₹81.70

⚠️ No strong momentum found for CE (>0.25%, consistency >70%)
📊 Running momentum check for CE (NIFTY25D2326050CE)

🧭 Checking momentum for NIFTY25D2326050CE (5 samples, every 1s):
[NIFTY25D2325850PE] ⏱ Sample 5/5: LTP = ₹89.25
[NIFTY25D2325900PE] 📊 Avg Δ = 0.257%, Consistency = 100.0% → UP
[NIFTY25D2325900PE] 📈 Range ₹106.55 → ₹107.55

[NIFTY25D2326050CE] ⏱ Sample 1/5: LTP = ₹102.00
[NIFTY25D2325850PE] 📊 Avg Δ = 0.292%, Consistency = 100.0% → UP
[NIFTY25D2325850PE] 📈 Range ₹87.65 → ₹89.25

⚠️ No strong momentum found for PE (>0.3%, consistency >70%)
📊 Running momentum check for PE (NIFTY25D2325900PE)

🧭 Checking momentum for NIFTY25D2325900PE (5 samples, every 1s):
[NIFTY25D2325900PE] ⏱ Sample 1/5: LTP = ₹107.85
[NIFTY25D2326050CE] ⏱ Sample 2/5: LTP = ₹102.25
[NIFTY25D2325900PE] ⏱ Sample 2/5: LTP = ₹107.85
[NIFTY25D2326050CE] ⏱ Sample 3/5: LTP = ₹101.95
[NIFTY25D2325900PE] ⏱ Sample 3/5: LTP = ₹107.45
[NIFTY25D2326050CE] ⏱ Sample 4/5: LTP = ₹101.90
[NIFTY25D2325900PE] ⏱ Sample 4/5: LTP = ₹108.90
[NIFTY25D2326050CE] ⏱ Sample 5/5: LTP = ₹101.10
[NIFTY25D2326050CE] 📊 Avg Δ = -0.204%, Consistency = 100.0% → FLAT
[NIFTY25D2326050CE] 📈 Range ₹102.00 → ₹101.10

✅ Momentum for CE: {'symbol': 'NIFTY25D2326050CE', 'avg_change': np.float64(-0.204), 'consistency': np.float64(100.0), 'direction': 'FLAT'}
🧩 Finished CE: NIFTY25D2326050CE, momentum={'symbol': 'NIFTY25D2326050CE', 'avg_change': np.float64(-0.204), 'consistency': np.float64(100.0), 'direction': 'FLAT'}
[NIFTY25D2325900PE] ⏱ Sample 5/5: LTP = ₹108.85
[NIFTY25D2325900PE] 📊 Avg Δ = 0.317%, Consistency = 100.0% → UP
[NIFTY25D2325900PE] 📈 Range ₹107.85 → ₹108.85

✅ Momentum for PE: {'symbol': 'NIFTY25D2325900PE', 'avg_change': np.float64(0.317), 'consistency': np.float64(100.0), 'direction': 'UP'}
🧩 Finished PE: NIFTY25D2325900PE, momentum={'symbol': 'NIFTY25D2325900PE', 'avg_change': np.float64(0.317), 'consistency': np.float64(100.0), 'direction': 'UP'}
🧮 Comparing CE vs PE momentum...
📈 CE momentum: -0.204% (FLAT, 100.0%)
📉 PE momentum: 0.317% (UP, 100.0%)
✅ Selected PE (stronger momentum)
✅ Selected: NIFTY25D2325900PE (PE) | LTP=109.05 | lot_size=75 | groww_symbol=NSE-NIFTY-23Dec25-25900-PE

🌀 Generated cURL for Groww Candle API:
curl --location 'https://api.groww.in/v1/historical/candles?exchange=NSE&segment=FNO&groww_symbol=NSE-NIFTY-23Dec25-25900-PE&start_time=2025-12-16 09:42:17&end_time=2025-12-16 09:45:17&candle_interval=1minute' \
  --header 'Accept: application/json' \
  --header 'Authorization: Bearer eyJraWQiOiJaTUtjVXciLCJhbGciOiJFUzI1NiJ9.eyJleHAiOjE3NjU5MzE0MDAsImlhdCI6MTc2NTg1ODIwNywibmJmIjoxNzY1ODU4MjA3LCJzdWIiOiJ7XCJ0b2tlblJlZklkXCI6XCIwYjllOGZlYS04MjU5LTRmNDItYjJkZi05NzFjNzg4ZGRiZjRcIixcInZlbmRvckludGVncmF0aW9uS2V5XCI6XCJlMzFmZjIzYjA4NmI0MDZjODg3NGIyZjZkODQ5NTMxM1wiLFwidXNlckFjY291bnRJZFwiOlwiMmVlMjYyMjItN2MwNS00Y2IwLWIwM2MtNzAzYWRmNWVmN2RkXCIsXCJkZXZpY2VJZFwiOlwiNWQwYzdjODgtMGI1OS01MDU0LTk5ZTYtYWU5MzY5OTc2ZmRiXCIsXCJzZXNzaW9uSWRcIjpcIjcyMmIwOTU2LWQyNTEtNGE3ZS05OTdhLTcyNDBiMWM5MTZjMFwiLFwiYWRkaXRpb25hbERhdGFcIjpcIno1NC9NZzltdjE2WXdmb0gvS0EwYktvMDZXRlpjc241VUNmTWF5aERtNGxSTkczdTlLa2pWZDNoWjU1ZStNZERhWXBOVi9UOUxIRmtQejFFQisybTdRPT1cIixcInJvbGVcIjpcIm9yZGVyLWJhc2ljLGxpdmVfZGF0YS1iYXNpYyxub25fdHJhZGluZy1iYXNpYyxvcmRlcl9yZWFkX29ubHktYmFzaWMsYmFja190ZXN0XCIsXCJzb3VyY2VJcEFkZHJlc3NcIjpudWxsLFwidHdvRmFFeHBpcnlUc1wiOjE3NjU5MzE0MDAwMDB9IiwiaXNzIjoiYXBleC1hdXRoLXByb2QtYXBwIn0.i4quKcJEh42pZlcqJ-VH_cT3gLulGM6k035pFS9KtZGgvFulPrrj_MdO4F-n5MWEeKulZn_YeabeUGXtdaY3-A' \
  --header 'X-API-VERSION: 1.0'

📊 3-min candle trend → PE (O1=105.4, C3=108.95)
Market Direction: PE
✅ Market direction CONFIRMS momentum → proceeding with order.
➡️ Placing auto order: {'symbol': 'NIFTY25D2325900PE', 'ltp': 109.05, 'lots': 14, 'book_profit': 1050.0, 'lot_size': 75, 'side': 'BUY'} ====== [2025-12-16 09:45:18]
🔹 Auto order => NIFTY25D2325900PE, qty=1050, book@1050.0 ====== [2025-12-16 09:45:18]
💰 LTP for NSE_NIFTY25D2325900PE: ₹108.8 ====== [2025-12-16 09:45:19]
✅ Auto Buy placed: :{'groww_order_id': 'GMKFO251216094518J79MKW30FYX9', 'order_status': 'NEW', 'order_reference_id': '32891929', 'remark': None} ======= [2025-12-16 09:45:20]
📈 Trailing started...
🔼 New High: ₹109.15
🔼 New High: ₹109.45
🛑 HARD SL HIT @ 101.55
Waiting for 1 min to get another data.
🔍 Detecting best option between CE and PE for NIFTY 2025-12-23…
➡️  Searching CE between 80-130
➡️  Searching PE between 80-130
⚙️ Checking momentum for top 2 CE candidates...

🧭 Checking momentum for NIFTY25D2326050CE (5 samples, every 1s):

🧭 Checking momentum for NIFTY25D2326100CE (5 samples, every 1s):
⚙️ Checking momentum for top 2 PE candidates...

🧭 Checking momentum for NIFTY25D2325900PE (5 samples, every 1s):

🧭 Checking momentum for NIFTY25D2325850PE (5 samples, every 1s):
[NIFTY25D2326050CE] ⏱ Sample 1/5: LTP = ₹103.80
[NIFTY25D2326100CE] ⏱ Sample 1/5: LTP = ₹82.70
[NIFTY25D2325900PE] ⏱ Sample 1/5: LTP = ₹103.90
[NIFTY25D2325850PE] ⏱ Sample 1/5: LTP = ₹85.80
[NIFTY25D2326050CE] ⏱ Sample 2/5: LTP = ₹103.70
[NIFTY25D2326100CE] ⏱ Sample 2/5: LTP = ₹83.10
[NIFTY25D2325900PE] ⏱ Sample 2/5: LTP = ₹103.80
[NIFTY25D2325850PE] ⏱ Sample 2/5: LTP = ₹85.80
[NIFTY25D2326050CE] ⏱ Sample 3/5: LTP = ₹103.85
[NIFTY25D2326100CE] ⏱ Sample 3/5: LTP = ₹83.00
[NIFTY25D2325900PE] ⏱ Sample 3/5: LTP = ₹104.00
[NIFTY25D2325850PE] ⏱ Sample 3/5: LTP = ₹85.90
[NIFTY25D2326050CE] ⏱ Sample 4/5: LTP = ₹103.90
[NIFTY25D2326100CE] ⏱ Sample 4/5: LTP = ₹83.35
[NIFTY25D2325900PE] ⏱ Sample 4/5: LTP = ₹103.60
[NIFTY25D2325850PE] ⏱ Sample 4/5: LTP = ₹85.75
[NIFTY25D2326050CE] ⏱ Sample 5/5: LTP = ₹103.85
[NIFTY25D2326100CE] ⏱ Sample 5/5: LTP = ₹83.30
[NIFTY25D2326050CE] 📊 Avg Δ = 0.040%, Consistency = 100.0% → FLAT
[NIFTY25D2326050CE] 📈 Range ₹103.80 → ₹103.85

[NIFTY25D2325900PE] ⏱ Sample 5/5: LTP = ₹103.20
[NIFTY25D2326100CE] 📊 Avg Δ = 0.171%, Consistency = 100.0% → FLAT
[NIFTY25D2326100CE] 📈 Range ₹82.70 → ₹83.30

⚠️ No strong momentum found for CE (>0.25%, consistency >70%)
📊 Running momentum check for CE (NIFTY25D2326050CE)

🧭 Checking momentum for NIFTY25D2326050CE (5 samples, every 1s):
[NIFTY25D2325850PE] ⏱ Sample 5/5: LTP = ₹85.25
[NIFTY25D2325900PE] 📊 Avg Δ = -0.144%, Consistency = 100.0% → FLAT
[NIFTY25D2325900PE] 📈 Range ₹103.90 → ₹103.20

[NIFTY25D2326050CE] ⏱ Sample 1/5: LTP = ₹103.80
[NIFTY25D2325850PE] 📊 Avg Δ = -0.117%, Consistency = 100.0% → FLAT
[NIFTY25D2325850PE] 📈 Range ₹85.80 → ₹85.25

⚠️ No strong momentum found for PE (>0.3%, consistency >70%)
📊 Running momentum check for PE (NIFTY25D2325900PE)

🧭 Checking momentum for NIFTY25D2325900PE (5 samples, every 1s):
[NIFTY25D2325900PE] ⏱ Sample 1/5: LTP = ₹103.30
[NIFTY25D2326050CE] ⏱ Sample 2/5: LTP = ₹103.95
[NIFTY25D2325900PE] ⏱ Sample 2/5: LTP = ₹103.50
[NIFTY25D2326050CE] ⏱ Sample 3/5: LTP = ₹103.95
[NIFTY25D2325900PE] ⏱ Sample 3/5: LTP = ₹103.40
[NIFTY25D2326050CE] ⏱ Sample 4/5: LTP = ₹104.10
[NIFTY25D2325900PE] ⏱ Sample 4/5: LTP = ₹103.30
[NIFTY25D2326050CE] ⏱ Sample 5/5: LTP = ₹104.00
[NIFTY25D2325900PE] ⏱ Sample 5/5: LTP = ₹103.50
[NIFTY25D2326050CE] 📊 Avg Δ = 0.056%, Consistency = 100.0% → FLAT
[NIFTY25D2326050CE] 📈 Range ₹103.80 → ₹104.00

✅ Momentum for CE: {'symbol': 'NIFTY25D2326050CE', 'avg_change': np.float64(0.056), 'consistency': np.float64(100.0), 'direction': 'FLAT'}
🧩 Finished CE: NIFTY25D2326050CE, momentum={'symbol': 'NIFTY25D2326050CE', 'avg_change': np.float64(0.056), 'consistency': np.float64(100.0), 'direction': 'FLAT'}
[NIFTY25D2325900PE] ⚠️ Too noisy for reliable momentum reading
✅ Momentum for PE: None
🧩 Finished PE: NIFTY25D2325900PE, momentum=None
🧮 Comparing CE vs PE momentum...
✅ Selected: NIFTY25D2326050CE (CE) | LTP=103.25 | lot_size=75 | groww_symbol=NSE-NIFTY-23Dec25-26050-CE

🌀 Generated cURL for Groww Candle API:
curl --location 'https://api.groww.in/v1/historical/candles?exchange=NSE&segment=FNO&groww_symbol=NSE-NIFTY-23Dec25-26050-CE&start_time=2025-12-16 09:47:50&end_time=2025-12-16 09:50:50&candle_interval=1minute' \
  --header 'Accept: application/json' \
  --header 'Authorization: Bearer eyJraWQiOiJaTUtjVXciLCJhbGciOiJFUzI1NiJ9.eyJleHAiOjE3NjU5MzE0MDAsImlhdCI6MTc2NTg1ODIwNywibmJmIjoxNzY1ODU4MjA3LCJzdWIiOiJ7XCJ0b2tlblJlZklkXCI6XCIwYjllOGZlYS04MjU5LTRmNDItYjJkZi05NzFjNzg4ZGRiZjRcIixcInZlbmRvckludGVncmF0aW9uS2V5XCI6XCJlMzFmZjIzYjA4NmI0MDZjODg3NGIyZjZkODQ5NTMxM1wiLFwidXNlckFjY291bnRJZFwiOlwiMmVlMjYyMjItN2MwNS00Y2IwLWIwM2MtNzAzYWRmNWVmN2RkXCIsXCJkZXZpY2VJZFwiOlwiNWQwYzdjODgtMGI1OS01MDU0LTk5ZTYtYWU5MzY5OTc2ZmRiXCIsXCJzZXNzaW9uSWRcIjpcIjcyMmIwOTU2LWQyNTEtNGE3ZS05OTdhLTcyNDBiMWM5MTZjMFwiLFwiYWRkaXRpb25hbERhdGFcIjpcIno1NC9NZzltdjE2WXdmb0gvS0EwYktvMDZXRlpjc241VUNmTWF5aERtNGxSTkczdTlLa2pWZDNoWjU1ZStNZERhWXBOVi9UOUxIRmtQejFFQisybTdRPT1cIixcInJvbGVcIjpcIm9yZGVyLWJhc2ljLGxpdmVfZGF0YS1iYXNpYyxub25fdHJhZGluZy1iYXNpYyxvcmRlcl9yZWFkX29ubHktYmFzaWMsYmFja190ZXN0XCIsXCJzb3VyY2VJcEFkZHJlc3NcIjpudWxsLFwidHdvRmFFeHBpcnlUc1wiOjE3NjU5MzE0MDAwMDB9IiwiaXNzIjoiYXBleC1hdXRoLXByb2QtYXBwIn0.i4quKcJEh42pZlcqJ-VH_cT3gLulGM6k035pFS9KtZGgvFulPrrj_MdO4F-n5MWEeKulZn_YeabeUGXtdaY3-A' \
  --header 'X-API-VERSION: 1.0'

📊 3-min candle trend → CE (O1=102.2, C3=103.5)
Market Direction: CE
✅ Market direction CONFIRMS momentum → proceeding with order.
➡️ Placing auto order: {'symbol': 'NIFTY25D2326050CE', 'ltp': 103.25, 'lots': 14, 'book_profit': 1050.0, 'lot_size': 75, 'side': 'BUY'} ====== [2025-12-16 09:50:51]
🔹 Auto order => NIFTY25D2326050CE, qty=1050, book@1050.0 ====== [2025-12-16 09:50:51]
💰 LTP for NSE_NIFTY25D2326050CE: ₹103.45 ====== [2025-12-16 09:50:53]
✅ Auto Buy placed: :{'groww_order_id': 'GMKFO2512160950526HQRVDV5LIKF', 'order_status': 'NEW', 'order_reference_id': '35853105', 'remark': None} ======= [2025-12-16 09:50:54]
📈 Trailing started...
🔼 New High: ₹103.55
🔼 New High: ₹103.65
🔼 New High: ₹103.85
🔼 New High: ₹104.05
🔼 New High: ₹104.2
🔼 New High: ₹104.35
🔼 New High: ₹104.5
🔼 New High: ₹104.55
🔼 New High: ₹104.8
📉 Trail Active | LTP=104.8 | Exit=104.05
🔼 New High: ₹105.0
📉 Trail Active | LTP=105.0 | Exit=104.25
📉 Trail Active | LTP=105.0 | Exit=104.25
🔼 New High: ₹105.35
📉 Trail Active | LTP=105.35 | Exit=104.6
📉 Trail Active | LTP=105.05 | Exit=104.6
📉 Trail Active | LTP=105.05 | Exit=104.6
📉 Trail Active | LTP=105.25 | Exit=104.6
📉 Trail Active | LTP=105.1 | Exit=104.6
📉 Trail Active | LTP=105.25 | Exit=104.6
📉 Trail Active | LTP=105.1 | Exit=104.6
📉 Trail Active | LTP=105.05 | Exit=104.6
📉 Trail Active | LTP=105.05 | Exit=104.6
🔼 New High: ₹105.4
📉 Trail Active | LTP=105.4 | Exit=104.65
🔼 New High: ₹105.5
📉 Trail Active | LTP=105.5 | Exit=104.75
📉 Trail Active | LTP=105.15 | Exit=104.75
📉 Trail Active | LTP=105.1 | Exit=104.75
📉 Trail Active | LTP=105.1 | Exit=104.75
📉 Trail Active | LTP=105.25 | Exit=104.75
📉 Trail Active | LTP=105.35 | Exit=104.75
📉 Trail Active | LTP=105.2 | Exit=104.75
📉 Trail Active | LTP=105.45 | Exit=104.75
📉 Trail Active | LTP=105.45 | Exit=104.75
📉 Trail Active | LTP=104.5 | Exit=104.75
🔻 Trailing HIT @ 104.5
Waiting for 1 min to get another data.
🔍 Detecting best option between CE and PE for NIFTY 2025-12-23…
➡️  Searching CE between 80-130
➡️  Searching PE between 80-130
⚙️ Checking momentum for top 2 CE candidates...

🧭 Checking momentum for NIFTY25D2326050CE (5 samples, every 1s):

🧭 Checking momentum for NIFTY25D2326100CE (5 samples, every 1s):
⚙️ Checking momentum for top 2 PE candidates...

🧭 Checking momentum for NIFTY25D2325900PE (5 samples, every 1s):

🧭 Checking momentum for NIFTY25D2325850PE (5 samples, every 1s):
[NIFTY25D2326050CE] ⏱ Sample 1/5: LTP = ₹99.40
[NIFTY25D2326100CE] ⏱ Sample 1/5: LTP = ₹79.55
[NIFTY25D2325900PE] ⏱ Sample 1/5: LTP = ₹108.25
[NIFTY25D2325850PE] ⏱ Sample 1/5: LTP = ₹89.50
[NIFTY25D2326050CE] ⏱ Sample 2/5: LTP = ₹100.00
[NIFTY25D2326100CE] ⏱ Sample 2/5: LTP = ₹80.00
[NIFTY25D2325900PE] ⏱ Sample 2/5: LTP = ₹108.25
[NIFTY25D2325850PE] ⏱ Sample 2/5: LTP = ₹89.75
[NIFTY25D2326050CE] ⏱ Sample 3/5: LTP = ₹99.85
[NIFTY25D2326100CE] ⏱ Sample 3/5: LTP = ₹79.50
[NIFTY25D2325900PE] ⏱ Sample 3/5: LTP = ₹108.90
[NIFTY25D2325850PE] ⏱ Sample 3/5: LTP = ₹90.05
[NIFTY25D2326050CE] ⏱ Sample 4/5: LTP = ₹99.80
[NIFTY25D2326100CE] ⏱ Sample 4/5: LTP = ₹80.10
[NIFTY25D2325900PE] ⏱ Sample 4/5: LTP = ₹108.45
[NIFTY25D2325850PE] ⏱ Sample 4/5: LTP = ₹89.70
[NIFTY25D2326050CE] ⏱ Sample 5/5: LTP = ₹100.00
[NIFTY25D2326100CE] ⏱ Sample 5/5: LTP = ₹79.75
[NIFTY25D2326050CE] 📊 Avg Δ = 0.067%, Consistency = 50.0% → FLAT
[NIFTY25D2326050CE] 📈 Range ₹99.40 → ₹100.00

[NIFTY25D2325900PE] ⏱ Sample 5/5: LTP = ₹108.70
[NIFTY25D2326100CE] 📊 Avg Δ = 0.063%, Consistency = 50.0% → FLAT
[NIFTY25D2326100CE] 📈 Range ₹79.55 → ₹79.75

⚠️ No strong momentum found for CE (>0.25%, consistency >70%)
📊 Running momentum check for CE (NIFTY25D2326050CE)

🧭 Checking momentum for NIFTY25D2326050CE (5 samples, every 1s):
[NIFTY25D2325850PE] ⏱ Sample 5/5: LTP = ₹90.15
[NIFTY25D2325900PE] 📊 Avg Δ = 0.100%, Consistency = 100.0% → FLAT
[NIFTY25D2325900PE] 📈 Range ₹108.25 → ₹108.70

[NIFTY25D2326050CE] ⏱ Sample 1/5: LTP = ₹99.90
[NIFTY25D2325850PE] 📊 Avg Δ = 0.111%, Consistency = 100.0% → FLAT
[NIFTY25D2325850PE] 📈 Range ₹89.50 → ₹90.15

⚠️ No strong momentum found for PE (>0.3%, consistency >70%)
📊 Running momentum check for PE (NIFTY25D2325900PE)

🧭 Checking momentum for NIFTY25D2325900PE (5 samples, every 1s):
[NIFTY25D2325900PE] ⏱ Sample 1/5: LTP = ₹109.15
[NIFTY25D2326050CE] ⏱ Sample 2/5: LTP = ₹99.55
[NIFTY25D2325900PE] ⏱ Sample 2/5: LTP = ₹109.90
[NIFTY25D2326050CE] ⏱ Sample 3/5: LTP = ₹99.20
[NIFTY25D2325900PE] ⏱ Sample 3/5: LTP = ₹109.65
[NIFTY25D2326050CE] ⏱ Sample 4/5: LTP = ₹99.00
[NIFTY25D2325900PE] ⏱ Sample 4/5: LTP = ₹109.60
[NIFTY25D2326050CE] ⏱ Sample 5/5: LTP = ₹99.30
[NIFTY25D2325900PE] ⏱ Sample 5/5: LTP = ₹109.40
[NIFTY25D2326050CE] 📊 Avg Δ = -0.193%, Consistency = 100.0% → FLAT
[NIFTY25D2326050CE] 📈 Range ₹99.90 → ₹99.30

✅ Momentum for CE: {'symbol': 'NIFTY25D2326050CE', 'avg_change': np.float64(-0.193), 'consistency': np.float64(100.0), 'direction': 'FLAT'}
🧩 Finished CE: NIFTY25D2326050CE, momentum={'symbol': 'NIFTY25D2326050CE', 'avg_change': np.float64(-0.193), 'consistency': np.float64(100.0), 'direction': 'FLAT'}
[NIFTY25D2325900PE] 📊 Avg Δ = -0.008%, Consistency = 50.0% → FLAT
[NIFTY25D2325900PE] 📈 Range ₹109.15 → ₹109.40

✅ Momentum for PE: {'symbol': 'NIFTY25D2325900PE', 'avg_change': np.float64(-0.008), 'consistency': np.float64(50.0), 'direction': 'FLAT'}
🧩 Finished PE: NIFTY25D2325900PE, momentum={'symbol': 'NIFTY25D2325900PE', 'avg_change': np.float64(-0.008), 'consistency': np.float64(50.0), 'direction': 'FLAT'}
🧮 Comparing CE vs PE momentum...
📈 CE momentum: -0.193% (FLAT, 100.0%)
📉 PE momentum: -0.008% (FLAT, 50.0%)
⚖️  Momentum similar — choosing PE fallback
✅ Selected: NIFTY25D2325900PE (PE) | LTP=106.9 | lot_size=75 | groww_symbol=NSE-NIFTY-23Dec25-25900-PE

🌀 Generated cURL for Groww Candle API:
curl --location 'https://api.groww.in/v1/historical/candles?exchange=NSE&segment=FNO&groww_symbol=NSE-NIFTY-23Dec25-25900-PE&start_time=2025-12-16 09:53:23&end_time=2025-12-16 09:56:23&candle_interval=1minute' \
  --header 'Accept: application/json' \
  --header 'Authorization: Bearer eyJraWQiOiJaTUtjVXciLCJhbGciOiJFUzI1NiJ9.eyJleHAiOjE3NjU5MzE0MDAsImlhdCI6MTc2NTg1ODIwNywibmJmIjoxNzY1ODU4MjA3LCJzdWIiOiJ7XCJ0b2tlblJlZklkXCI6XCIwYjllOGZlYS04MjU5LTRmNDItYjJkZi05NzFjNzg4ZGRiZjRcIixcInZlbmRvckludGVncmF0aW9uS2V5XCI6XCJlMzFmZjIzYjA4NmI0MDZjODg3NGIyZjZkODQ5NTMxM1wiLFwidXNlckFjY291bnRJZFwiOlwiMmVlMjYyMjItN2MwNS00Y2IwLWIwM2MtNzAzYWRmNWVmN2RkXCIsXCJkZXZpY2VJZFwiOlwiNWQwYzdjODgtMGI1OS01MDU0LTk5ZTYtYWU5MzY5OTc2ZmRiXCIsXCJzZXNzaW9uSWRcIjpcIjcyMmIwOTU2LWQyNTEtNGE3ZS05OTdhLTcyNDBiMWM5MTZjMFwiLFwiYWRkaXRpb25hbERhdGFcIjpcIno1NC9NZzltdjE2WXdmb0gvS0EwYktvMDZXRlpjc241VUNmTWF5aERtNGxSTkczdTlLa2pWZDNoWjU1ZStNZERhWXBOVi9UOUxIRmtQejFFQisybTdRPT1cIixcInJvbGVcIjpcIm9yZGVyLWJhc2ljLGxpdmVfZGF0YS1iYXNpYyxub25fdHJhZGluZy1iYXNpYyxvcmRlcl9yZWFkX29ubHktYmFzaWMsYmFja190ZXN0XCIsXCJzb3VyY2VJcEFkZHJlc3NcIjpudWxsLFwidHdvRmFFeHBpcnlUc1wiOjE3NjU5MzE0MDAwMDB9IiwiaXNzIjoiYXBleC1hdXRoLXByb2QtYXBwIn0.i4quKcJEh42pZlcqJ-VH_cT3gLulGM6k035pFS9KtZGgvFulPrrj_MdO4F-n5MWEeKulZn_YeabeUGXtdaY3-A' \
  --header 'X-API-VERSION: 1.0'

📊 3-min candle trend → PE (O1=102.25, C3=109.15)
Market Direction: PE
✅ Market direction CONFIRMS momentum → proceeding with order.
➡️ Placing auto order: {'symbol': 'NIFTY25D2325900PE', 'ltp': 106.9, 'lots': 14, 'book_profit': 1050.0, 'lot_size': 75, 'side': 'BUY'} ====== [2025-12-16 09:56:24]
🔹 Auto order => NIFTY25D2325900PE, qty=1050, book@1050.0 ====== [2025-12-16 09:56:24]
💰 LTP for NSE_NIFTY25D2325900PE: ₹109.7 ====== [2025-12-16 09:56:25]
✅ Auto Buy placed: :{'groww_order_id': 'GMKFO251216095624YJPM169ABDLH', 'order_status': 'NEW', 'order_reference_id': '64385484', 'remark': None} ======= [2025-12-16 09:56:26]
📈 Trailing started...
🔼 New High: ₹110.0
🔼 New High: ₹110.35
🔼 New High: ₹110.5
🔼 New High: ₹110.8
🔼 New High: ₹111.15
📉 Trail Active | LTP=111.15 | Exit=110.4
🔼 New High: ₹113.4
📉 Trail Active | LTP=113.4 | Exit=112.65
🔼 New High: ₹114.6
📉 Trail Active | LTP=114.6 | Exit=113.85
📉 Trail Active | LTP=112.95 | Exit=113.85
🔻 Trailing HIT @ 112.95
Waiting for 1 min to get another data.
🔍 Detecting best option between CE and PE for NIFTY 2025-12-23…
➡️  Searching CE between 80-130
➡️  Searching PE between 80-130
⚙️ Checking momentum for top 2 PE candidates...

🧭 Checking momentum for NIFTY25D2325850PE (5 samples, every 1s):

🧭 Checking momentum for NIFTY25D2325800PE (5 samples, every 1s):
⚙️ Checking momentum for top 1 CE candidates...

🧭 Checking momentum for NIFTY25D2326050CE (5 samples, every 1s):
[NIFTY25D2325850PE] ⏱ Sample 1/5: LTP = ₹98.60
[NIFTY25D2325800PE] ⏱ Sample 1/5: LTP = ₹81.30
[NIFTY25D2326050CE] ⏱ Sample 1/5: LTP = ₹92.45
[NIFTY25D2325850PE] ⏱ Sample 2/5: LTP = ₹98.75
[NIFTY25D2325800PE] ⏱ Sample 2/5: LTP = ₹81.00
[NIFTY25D2326050CE] ⏱ Sample 2/5: LTP = ₹92.55
[NIFTY25D2325850PE] ⏱ Sample 3/5: LTP = ₹97.85
[NIFTY25D2325800PE] ⏱ Sample 3/5: LTP = ₹80.30
[NIFTY25D2326050CE] ⏱ Sample 3/5: LTP = ₹93.80
[NIFTY25D2325850PE] ⏱ Sample 4/5: LTP = ₹96.85
[NIFTY25D2325800PE] ⏱ Sample 4/5: LTP = ₹79.40
[NIFTY25D2326050CE] ⏱ Sample 4/5: LTP = ₹93.70
[NIFTY25D2325850PE] ⏱ Sample 5/5: LTP = ₹97.05
[NIFTY25D2325800PE] ⏱ Sample 5/5: LTP = ₹79.70
[NIFTY25D2325850PE] 📊 Avg Δ = -0.586%, Consistency = 100.0% → DOWN
[NIFTY25D2325850PE] 📈 Range ₹98.60 → ₹97.05

[NIFTY25D2326050CE] ⏱ Sample 5/5: LTP = ₹93.40
[NIFTY25D2325800PE] 📊 Avg Δ = -0.662%, Consistency = 100.0% → DOWN
[NIFTY25D2325800PE] 📈 Range ₹81.30 → ₹79.70

🏆 Selected PE: NIFTY25D2325850PE (DOWN | -0.59% | Consistency 100.0%)
📊 Running momentum check for PE (NIFTY25D2325850PE)

🧭 Checking momentum for NIFTY25D2325850PE (5 samples, every 1s):
[NIFTY25D2326050CE] 📊 Avg Δ = 0.376%, Consistency = 100.0% → UP
[NIFTY25D2326050CE] 📈 Range ₹92.45 → ₹93.40

🏆 Selected CE: NIFTY25D2326050CE (UP | 0.38% | Consistency 100.0%)
📊 Running momentum check for CE (NIFTY25D2326050CE)

🧭 Checking momentum for NIFTY25D2326050CE (5 samples, every 1s):
[NIFTY25D2325850PE] ⏱ Sample 1/5: LTP = ₹97.65
[NIFTY25D2326050CE] ⏱ Sample 1/5: LTP = ₹92.90
[NIFTY25D2325850PE] ⏱ Sample 2/5: LTP = ₹97.95
[NIFTY25D2326050CE] ⏱ Sample 2/5: LTP = ₹92.75
[NIFTY25D2325850PE] ⏱ Sample 3/5: LTP = ₹97.80
[NIFTY25D2326050CE] ⏱ Sample 3/5: LTP = ₹93.15
[NIFTY25D2325850PE] ⏱ Sample 4/5: LTP = ₹97.05
[NIFTY25D2326050CE] ⏱ Sample 4/5: LTP = ₹93.25
[NIFTY25D2325850PE] ⏱ Sample 5/5: LTP = ₹97.05
[NIFTY25D2326050CE] ⏱ Sample 5/5: LTP = ₹93.60
[NIFTY25D2325850PE] 📊 Avg Δ = -0.256%, Consistency = 100.0% → DOWN
[NIFTY25D2325850PE] 📈 Range ₹97.65 → ₹97.05

✅ Momentum for PE: {'symbol': 'NIFTY25D2325850PE', 'avg_change': np.float64(-0.256), 'consistency': np.float64(100.0), 'direction': 'DOWN'}
🧩 Finished PE: NIFTY25D2325850PE, momentum={'symbol': 'NIFTY25D2325850PE', 'avg_change': np.float64(-0.256), 'consistency': np.float64(100.0), 'direction': 'DOWN'}
[NIFTY25D2326050CE] 📊 Avg Δ = 0.215%, Consistency = 100.0% → FLAT
[NIFTY25D2326050CE] 📈 Range ₹92.90 → ₹93.60

✅ Momentum for CE: {'symbol': 'NIFTY25D2326050CE', 'avg_change': np.float64(0.215), 'consistency': np.float64(100.0), 'direction': 'FLAT'}
🧩 Finished CE: NIFTY25D2326050CE, momentum={'symbol': 'NIFTY25D2326050CE', 'avg_change': np.float64(0.215), 'consistency': np.float64(100.0), 'direction': 'FLAT'}
🧮 Comparing CE vs PE momentum...
📈 CE momentum: 0.215% (FLAT, 100.0%)
📉 PE momentum: -0.256% (DOWN, 100.0%)
✅ Selected CE (stronger momentum)
✅ Selected: NIFTY25D2326050CE (CE) | LTP=92.2 | lot_size=75 | groww_symbol=NSE-NIFTY-23Dec25-26050-CE

🌀 Generated cURL for Groww Candle API:
curl --location 'https://api.groww.in/v1/historical/candles?exchange=NSE&segment=FNO&groww_symbol=NSE-NIFTY-23Dec25-26050-CE&start_time=2025-12-16 09:57:44&end_time=2025-12-16 10:00:44&candle_interval=1minute' \
  --header 'Accept: application/json' \
  --header 'Authorization: Bearer eyJraWQiOiJaTUtjVXciLCJhbGciOiJFUzI1NiJ9.eyJleHAiOjE3NjU5MzE0MDAsImlhdCI6MTc2NTg1ODIwNywibmJmIjoxNzY1ODU4MjA3LCJzdWIiOiJ7XCJ0b2tlblJlZklkXCI6XCIwYjllOGZlYS04MjU5LTRmNDItYjJkZi05NzFjNzg4ZGRiZjRcIixcInZlbmRvckludGVncmF0aW9uS2V5XCI6XCJlMzFmZjIzYjA4NmI0MDZjODg3NGIyZjZkODQ5NTMxM1wiLFwidXNlckFjY291bnRJZFwiOlwiMmVlMjYyMjItN2MwNS00Y2IwLWIwM2MtNzAzYWRmNWVmN2RkXCIsXCJkZXZpY2VJZFwiOlwiNWQwYzdjODgtMGI1OS01MDU0LTk5ZTYtYWU5MzY5OTc2ZmRiXCIsXCJzZXNzaW9uSWRcIjpcIjcyMmIwOTU2LWQyNTEtNGE3ZS05OTdhLTcyNDBiMWM5MTZjMFwiLFwiYWRkaXRpb25hbERhdGFcIjpcIno1NC9NZzltdjE2WXdmb0gvS0EwYktvMDZXRlpjc241VUNmTWF5aERtNGxSTkczdTlLa2pWZDNoWjU1ZStNZERhWXBOVi9UOUxIRmtQejFFQisybTdRPT1cIixcInJvbGVcIjpcIm9yZGVyLWJhc2ljLGxpdmVfZGF0YS1iYXNpYyxub25fdHJhZGluZy1iYXNpYyxvcmRlcl9yZWFkX29ubHktYmFzaWMsYmFja190ZXN0XCIsXCJzb3VyY2VJcEFkZHJlc3NcIjpudWxsLFwidHdvRmFFeHBpcnlUc1wiOjE3NjU5MzE0MDAwMDB9IiwiaXNzIjoiYXBleC1hdXRoLXByb2QtYXBwIn0.i4quKcJEh42pZlcqJ-VH_cT3gLulGM6k035pFS9KtZGgvFulPrrj_MdO4F-n5MWEeKulZn_YeabeUGXtdaY3-A' \
  --header 'X-API-VERSION: 1.0'

📊 3-min candle trend → PE (O1=99.7, C3=93.35)
Market Direction: PE
❌ Skipping trade — market direction conflicts with momentum.
Waiting for 3 mins to get another data.
🔍 Detecting best option between CE and PE for NIFTY 2025-12-23…
➡️  Searching CE between 80-130
➡️  Searching PE between 80-130
⚙️ Checking momentum for top 2 CE candidates...

🧭 Checking momentum for NIFTY25D2326000CE (5 samples, every 1s):

🧭 Checking momentum for NIFTY25D2326050CE (5 samples, every 1s):
⚙️ Checking momentum for top 2 PE candidates...

🧭 Checking momentum for NIFTY25D2325850PE (5 samples, every 1s):

🧭 Checking momentum for NIFTY25D2325800PE (5 samples, every 1s):
[NIFTY25D2326050CE] ⏱ Sample 1/5: LTP = ₹88.65
[NIFTY25D2326000CE] ⏱ Sample 1/5: LTP = ₹108.85
[NIFTY25D2325850PE] ⏱ Sample 1/5: LTP = ₹104.40
[NIFTY25D2325800PE] ⏱ Sample 1/5: LTP = ₹86.35
[NIFTY25D2326050CE] ⏱ Sample 2/5: LTP = ₹88.70
[NIFTY25D2326000CE] ⏱ Sample 2/5: LTP = ₹109.15
[NIFTY25D2325850PE] ⏱ Sample 2/5: LTP = ₹104.00
[NIFTY25D2325800PE] ⏱ Sample 2/5: LTP = ₹85.85
[NIFTY25D2326050CE] ⏱ Sample 3/5: LTP = ₹89.00
[NIFTY25D2326000CE] ⏱ Sample 3/5: LTP = ₹109.25
[NIFTY25D2325850PE] ⏱ Sample 3/5: LTP = ₹104.30
[NIFTY25D2325800PE] ⏱ Sample 3/5: LTP = ₹86.15
[NIFTY25D2326050CE] ⏱ Sample 4/5: LTP = ₹89.00
[NIFTY25D2326000CE] ⏱ Sample 4/5: LTP = ₹109.25
[NIFTY25D2325850PE] ⏱ Sample 4/5: LTP = ₹103.95
[NIFTY25D2325800PE] ⏱ Sample 4/5: LTP = ₹85.85
[NIFTY25D2326050CE] ⏱ Sample 5/5: LTP = ₹89.50
[NIFTY25D2326000CE] ⏱ Sample 5/5: LTP = ₹109.80
[NIFTY25D2326050CE] 📊 Avg Δ = 0.216%, Consistency = 100.0% → FLAT
[NIFTY25D2326050CE] 📈 Range ₹88.65 → ₹89.50

[NIFTY25D2325850PE] ⏱ Sample 5/5: LTP = ₹103.40
[NIFTY25D2326000CE] 📊 Avg Δ = 0.160%, Consistency = 100.0% → FLAT
[NIFTY25D2326000CE] 📈 Range ₹108.85 → ₹109.80

⚠️ No strong momentum found for CE (>0.25%, consistency >70%)
📊 Running momentum check for CE (NIFTY25D2326000CE)

🧭 Checking momentum for NIFTY25D2326000CE (5 samples, every 1s):
[NIFTY25D2325800PE] ⏱ Sample 5/5: LTP = ₹84.80
[NIFTY25D2325850PE] 📊 Avg Δ = -0.168%, Consistency = 100.0% → FLAT
[NIFTY25D2325850PE] 📈 Range ₹104.40 → ₹103.40

[NIFTY25D2326000CE] ⏱ Sample 1/5: LTP = ₹109.75
[NIFTY25D2325800PE] 📊 Avg Δ = -0.300%, Consistency = 100.0% → DOWN
[NIFTY25D2325800PE] 📈 Range ₹86.35 → ₹84.80

🏆 Selected PE: NIFTY25D2325800PE (DOWN | -0.30% | Consistency 100.0%)
📊 Running momentum check for PE (NIFTY25D2325800PE)

🧭 Checking momentum for NIFTY25D2325800PE (5 samples, every 1s):
[NIFTY25D2325800PE] ⏱ Sample 1/5: LTP = ₹85.40
[NIFTY25D2326000CE] ⏱ Sample 2/5: LTP = ₹109.85
[NIFTY25D2325800PE] ⏱ Sample 2/5: LTP = ₹85.35
[NIFTY25D2326000CE] ⏱ Sample 3/5: LTP = ₹109.65
[NIFTY25D2325800PE] ⏱ Sample 3/5: LTP = ₹85.30
[NIFTY25D2326000CE] ⏱ Sample 4/5: LTP = ₹109.80
[NIFTY25D2325800PE] ⏱ Sample 4/5: LTP = ₹85.10
[NIFTY25D2326000CE] ⏱ Sample 5/5: LTP = ₹109.40
[NIFTY25D2325800PE] ⏱ Sample 5/5: LTP = ₹85.25
[NIFTY25D2326000CE] 📊 Avg Δ = -0.061%, Consistency = 50.0% → FLAT
[NIFTY25D2326000CE] 📈 Range ₹109.75 → ₹109.40

✅ Momentum for CE: {'symbol': 'NIFTY25D2326000CE', 'avg_change': np.float64(-0.061), 'consistency': np.float64(50.0), 'direction': 'FLAT'}
🧩 Finished CE: NIFTY25D2326000CE, momentum={'symbol': 'NIFTY25D2326000CE', 'avg_change': np.float64(-0.061), 'consistency': np.float64(50.0), 'direction': 'FLAT'}
[NIFTY25D2325800PE] 📊 Avg Δ = -0.078%, Consistency = 100.0% → FLAT
[NIFTY25D2325800PE] 📈 Range ₹85.40 → ₹85.25

✅ Momentum for PE: {'symbol': 'NIFTY25D2325800PE', 'avg_change': np.float64(-0.078), 'consistency': np.float64(100.0), 'direction': 'FLAT'}
🧩 Finished PE: NIFTY25D2325800PE, momentum={'symbol': 'NIFTY25D2325800PE', 'avg_change': np.float64(-0.078), 'consistency': np.float64(100.0), 'direction': 'FLAT'}
🧮 Comparing CE vs PE momentum...
📈 CE momentum: -0.061% (FLAT, 50.0%)
📉 PE momentum: -0.078% (FLAT, 100.0%)
⚖️  Momentum similar — choosing CE fallback
✅ Selected: NIFTY25D2326000CE (CE) | LTP=107.6 | lot_size=75 | groww_symbol=NSE-NIFTY-23Dec25-26000-CE

🌀 Generated cURL for Groww Candle API:
curl --location 'https://api.groww.in/v1/historical/candles?exchange=NSE&segment=FNO&groww_symbol=NSE-NIFTY-23Dec25-26000-CE&start_time=2025-12-16 10:01:38&end_time=2025-12-16 10:04:38&candle_interval=1minute' \
  --header 'Accept: application/json' \
  --header 'Authorization: Bearer eyJraWQiOiJaTUtjVXciLCJhbGciOiJFUzI1NiJ9.eyJleHAiOjE3NjU5MzE0MDAsImlhdCI6MTc2NTg1ODIwNywibmJmIjoxNzY1ODU4MjA3LCJzdWIiOiJ7XCJ0b2tlblJlZklkXCI6XCIwYjllOGZlYS04MjU5LTRmNDItYjJkZi05NzFjNzg4ZGRiZjRcIixcInZlbmRvckludGVncmF0aW9uS2V5XCI6XCJlMzFmZjIzYjA4NmI0MDZjODg3NGIyZjZkODQ5NTMxM1wiLFwidXNlckFjY291bnRJZFwiOlwiMmVlMjYyMjItN2MwNS00Y2IwLWIwM2MtNzAzYWRmNWVmN2RkXCIsXCJkZXZpY2VJZFwiOlwiNWQwYzdjODgtMGI1OS01MDU0LTk5ZTYtYWU5MzY5OTc2ZmRiXCIsXCJzZXNzaW9uSWRcIjpcIjcyMmIwOTU2LWQyNTEtNGE3ZS05OTdhLTcyNDBiMWM5MTZjMFwiLFwiYWRkaXRpb25hbERhdGFcIjpcIno1NC9NZzltdjE2WXdmb0gvS0EwYktvMDZXRlpjc241VUNmTWF5aERtNGxSTkczdTlLa2pWZDNoWjU1ZStNZERhWXBOVi9UOUxIRmtQejFFQisybTdRPT1cIixcInJvbGVcIjpcIm9yZGVyLWJhc2ljLGxpdmVfZGF0YS1iYXNpYyxub25fdHJhZGluZy1iYXNpYyxvcmRlcl9yZWFkX29ubHktYmFzaWMsYmFja190ZXN0XCIsXCJzb3VyY2VJcEFkZHJlc3NcIjpudWxsLFwidHdvRmFFeHBpcnlUc1wiOjE3NjU5MzE0MDAwMDB9IiwiaXNzIjoiYXBleC1hdXRoLXByb2QtYXBwIn0.i4quKcJEh42pZlcqJ-VH_cT3gLulGM6k035pFS9KtZGgvFulPrrj_MdO4F-n5MWEeKulZn_YeabeUGXtdaY3-A' \
  --header 'X-API-VERSION: 1.0'

📊 3-min candle trend → PE (O1=110.0, C3=110.0)
Market Direction: PE
❌ Skipping trade — market direction conflicts with momentum.
Waiting for 3 mins to get another data.
🔍 Detecting best option between CE and PE for NIFTY 2025-12-23…
➡️  Searching CE between 80-130
➡️  Searching PE between 80-130
⚙️ Checking momentum for top 1 CE candidates...

🧭 Checking momentum for NIFTY25D2326050CE (5 samples, every 1s):
⚙️ Checking momentum for top 2 PE candidates...

🧭 Checking momentum for NIFTY25D2325850PE (5 samples, every 1s):

🧭 Checking momentum for NIFTY25D2325800PE (5 samples, every 1s):
[NIFTY25D2326050CE] ⏱ Sample 1/5: LTP = ₹91.60
[NIFTY25D2325850PE] ⏱ Sample 1/5: LTP = ₹101.80
[NIFTY25D2325800PE] ⏱ Sample 1/5: LTP = ₹84.45
[NIFTY25D2326050CE] ⏱ Sample 2/5: LTP = ₹91.05
[NIFTY25D2325850PE] ⏱ Sample 2/5: LTP = ₹102.15
[NIFTY25D2325800PE] ⏱ Sample 2/5: LTP = ₹84.00
[NIFTY25D2326050CE] ⏱ Sample 3/5: LTP = ₹91.45
[NIFTY25D2325850PE] ⏱ Sample 3/5: LTP = ₹101.70
[NIFTY25D2325800PE] ⏱ Sample 3/5: LTP = ₹84.10
[NIFTY25D2326050CE] ⏱ Sample 4/5: LTP = ₹91.50
[NIFTY25D2325850PE] ⏱ Sample 4/5: LTP = ₹102.05
[NIFTY25D2325800PE] ⏱ Sample 4/5: LTP = ₹84.00
[NIFTY25D2326050CE] ⏱ Sample 5/5: LTP = ₹91.25
[NIFTY25D2325850PE] ⏱ Sample 5/5: LTP = ₹102.00
[NIFTY25D2326050CE] 📊 Avg Δ = 0.018%, Consistency = 50.0% → FLAT
[NIFTY25D2326050CE] 📈 Range ₹91.60 → ₹91.25

⚠️ No strong momentum found for CE (>0.25%, consistency >70%)
📊 Running momentum check for CE (NIFTY25D2326050CE)

🧭 Checking momentum for NIFTY25D2326050CE (5 samples, every 1s):
[NIFTY25D2325800PE] ⏱ Sample 5/5: LTP = ₹84.40
[NIFTY25D2325850PE] 📊 Avg Δ = 0.016%, Consistency = 50.0% → FLAT
[NIFTY25D2325850PE] 📈 Range ₹101.80 → ₹102.00

[NIFTY25D2326050CE] ⏱ Sample 1/5: LTP = ₹91.25
[NIFTY25D2325800PE] 📊 Avg Δ = -0.010%, Consistency = 50.0% → FLAT
[NIFTY25D2325800PE] 📈 Range ₹84.45 → ₹84.40

⚠️ No strong momentum found for PE (>0.3%, consistency >70%)
📊 Running momentum check for PE (NIFTY25D2325850PE)

🧭 Checking momentum for NIFTY25D2325850PE (5 samples, every 1s):
[NIFTY25D2325850PE] ⏱ Sample 1/5: LTP = ₹101.95
[NIFTY25D2326050CE] ⏱ Sample 2/5: LTP = ₹91.15
[NIFTY25D2325850PE] ⏱ Sample 2/5: LTP = ₹102.00
[NIFTY25D2326050CE] ⏱ Sample 3/5: LTP = ₹91.40
[NIFTY25D2325850PE] ⏱ Sample 3/5: LTP = ₹101.95
[NIFTY25D2326050CE] ⏱ Sample 4/5: LTP = ₹91.55
[NIFTY25D2325850PE] ⏱ Sample 4/5: LTP = ₹101.60
[NIFTY25D2326050CE] ⏱ Sample 5/5: LTP = ₹91.55
[NIFTY25D2326050CE] 📊 Avg Δ = 0.128%, Consistency = 100.0% → FLAT
[NIFTY25D2326050CE] 📈 Range ₹91.25 → ₹91.55

✅ Momentum for CE: {'symbol': 'NIFTY25D2326050CE', 'avg_change': np.float64(0.128), 'consistency': np.float64(100.0), 'direction': 'FLAT'}
🧩 Finished CE: NIFTY25D2326050CE, momentum={'symbol': 'NIFTY25D2326050CE', 'avg_change': np.float64(0.128), 'consistency': np.float64(100.0), 'direction': 'FLAT'}
[NIFTY25D2325850PE] ⏱ Sample 5/5: LTP = ₹101.70
[NIFTY25D2325850PE] 📊 Avg Δ = -0.106%, Consistency = 100.0% → FLAT
[NIFTY25D2325850PE] 📈 Range ₹101.95 → ₹101.70

✅ Momentum for PE: {'symbol': 'NIFTY25D2325850PE', 'avg_change': np.float64(-0.106), 'consistency': np.float64(100.0), 'direction': 'FLAT'}
🧩 Finished PE: NIFTY25D2325850PE, momentum={'symbol': 'NIFTY25D2325850PE', 'avg_change': np.float64(-0.106), 'consistency': np.float64(100.0), 'direction': 'FLAT'}
🧮 Comparing CE vs PE momentum...
📈 CE momentum: 0.128% (FLAT, 100.0%)
📉 PE momentum: -0.106% (FLAT, 100.0%)
⚖️  Momentum similar — choosing CE fallback
✅ Selected: NIFTY25D2326050CE (CE) | LTP=91.8 | lot_size=75 | groww_symbol=NSE-NIFTY-23Dec25-26050-CE

🌀 Generated cURL for Groww Candle API:
curl --location 'https://api.groww.in/v1/historical/candles?exchange=NSE&segment=FNO&groww_symbol=NSE-NIFTY-23Dec25-26050-CE&start_time=2025-12-16 10:05:28&end_time=2025-12-16 10:08:28&candle_interval=1minute' \
  --header 'Accept: application/json' \
  --header 'Authorization: Bearer eyJraWQiOiJaTUtjVXciLCJhbGciOiJFUzI1NiJ9.eyJleHAiOjE3NjU5MzE0MDAsImlhdCI6MTc2NTg1ODIwNywibmJmIjoxNzY1ODU4MjA3LCJzdWIiOiJ7XCJ0b2tlblJlZklkXCI6XCIwYjllOGZlYS04MjU5LTRmNDItYjJkZi05NzFjNzg4ZGRiZjRcIixcInZlbmRvckludGVncmF0aW9uS2V5XCI6XCJlMzFmZjIzYjA4NmI0MDZjODg3NGIyZjZkODQ5NTMxM1wiLFwidXNlckFjY291bnRJZFwiOlwiMmVlMjYyMjItN2MwNS00Y2IwLWIwM2MtNzAzYWRmNWVmN2RkXCIsXCJkZXZpY2VJZFwiOlwiNWQwYzdjODgtMGI1OS01MDU0LTk5ZTYtYWU5MzY5OTc2ZmRiXCIsXCJzZXNzaW9uSWRcIjpcIjcyMmIwOTU2LWQyNTEtNGE3ZS05OTdhLTcyNDBiMWM5MTZjMFwiLFwiYWRkaXRpb25hbERhdGFcIjpcIno1NC9NZzltdjE2WXdmb0gvS0EwYktvMDZXRlpjc241VUNmTWF5aERtNGxSTkczdTlLa2pWZDNoWjU1ZStNZERhWXBOVi9UOUxIRmtQejFFQisybTdRPT1cIixcInJvbGVcIjpcIm9yZGVyLWJhc2ljLGxpdmVfZGF0YS1iYXNpYyxub25fdHJhZGluZy1iYXNpYyxvcmRlcl9yZWFkX29ubHktYmFzaWMsYmFja190ZXN0XCIsXCJzb3VyY2VJcEFkZHJlc3NcIjpudWxsLFwidHdvRmFFeHBpcnlUc1wiOjE3NjU5MzE0MDAwMDB9IiwiaXNzIjoiYXBleC1hdXRoLXByb2QtYXBwIn0.i4quKcJEh42pZlcqJ-VH_cT3gLulGM6k035pFS9KtZGgvFulPrrj_MdO4F-n5MWEeKulZn_YeabeUGXtdaY3-A' \
  --header 'X-API-VERSION: 1.0'

📊 3-min candle trend → CE (O1=90.6, C3=91.4)
Market Direction: CE
✅ Market direction CONFIRMS momentum → proceeding with order.
➡️ Placing auto order: {'symbol': 'NIFTY25D2326050CE', 'ltp': 91.8, 'lots': 14, 'book_profit': 1050.0, 'lot_size': 75, 'side': 'BUY'} ====== [2025-12-16 10:08:29]
🔹 Auto order => NIFTY25D2326050CE, qty=1050, book@1050.0 ====== [2025-12-16 10:08:30]
💰 LTP for NSE_NIFTY25D2326050CE: ₹91.25 ====== [2025-12-16 10:08:30]
✅ Auto Buy placed: :{'groww_order_id': 'GMKFO251216100830UWII6J3JFIZ9', 'order_status': 'NEW', 'order_reference_id': '86234317', 'remark': None} ======= [2025-12-16 10:08:31]
📈 Trailing started...
🔼 New High: ₹91.3
🔼 New High: ₹91.35
🔼 New High: ₹91.4
🔼 New High: ₹91.45
🔼 New High: ₹92.15
🔼 New High: ₹92.2
🔼 New High: ₹92.25
🔼 New High: ₹92.35
🔼 New High: ₹92.65
📉 Trail Active | LTP=92.65 | Exit=91.9
📉 Trail Active | LTP=92.2 | Exit=91.9
📉 Trail Active | LTP=92.3 | Exit=91.9
📉 Trail Active | LTP=92.45 | Exit=91.9
📉 Trail Active | LTP=92.2 | Exit=91.9
📉 Trail Active | LTP=92.25 | Exit=91.9
📉 Trail Active | LTP=92.3 | Exit=91.9
📉 Trail Active | LTP=92.3 | Exit=91.9
📉 Trail Active | LTP=92.25 | Exit=91.9
📉 Trail Active | LTP=92.45 | Exit=91.9
📉 Trail Active | LTP=92.45 | Exit=91.9
📉 Trail Active | LTP=92.45 | Exit=91.9
🔼 New High: ₹92.8
📉 Trail Active | LTP=92.8 | Exit=92.05
📉 Trail Active | LTP=92.65 | Exit=92.05
🔼 New High: ₹92.85
📉 Trail Active | LTP=92.85 | Exit=92.1
📉 Trail Active | LTP=92.8 | Exit=92.1
📉 Trail Active | LTP=92.7 | Exit=92.1
📉 Trail Active | LTP=92.25 | Exit=92.1
🔼 New High: ₹93.45
📉 Trail Active | LTP=93.45 | Exit=92.7
🔼 New High: ₹93.5
📉 Trail Active | LTP=93.5 | Exit=92.75
🔼 New High: ₹94.25
📉 Trail Active | LTP=94.25 | Exit=93.5
📉 Trail Active | LTP=94.1 | Exit=93.5
📉 Trail Active | LTP=94.05 | Exit=93.5
🔼 New High: ₹94.3
📉 Trail Active | LTP=94.3 | Exit=93.55
🔼 New High: ₹94.35
📉 Trail Active | LTP=94.35 | Exit=93.6
🔼 New High: ₹94.65
📉 Trail Active | LTP=94.65 | Exit=93.9
🔼 New High: ₹95.25
📉 Trail Active | LTP=95.25 | Exit=94.5
📉 Trail Active | LTP=94.65 | Exit=94.5
📉 Trail Active | LTP=94.25 | Exit=94.5
🔻 Trailing HIT @ 94.25
Waiting for 1 min to get another data.
🔍 Detecting best option between CE and PE for NIFTY 2025-12-23…
➡️  Searching CE between 80-130
➡️  Searching PE between 80-130
⚙️ Checking momentum for top 1 PE candidates...

🧭 Checking momentum for NIFTY25D2325850PE (5 samples, every 1s):
[NIFTY25D2325850PE] ⏱ Sample 1/5: LTP = ₹97.20
[NIFTY25D2325850PE] ⏱ Sample 2/5: LTP = ₹97.20
[NIFTY25D2325850PE] ⏱ Sample 3/5: LTP = ₹97.60
[NIFTY25D2325850PE] ⏱ Sample 4/5: LTP = ₹96.95
[NIFTY25D2325850PE] ⏱ Sample 5/5: LTP = ₹96.30
[NIFTY25D2325850PE] 📊 Avg Δ = -0.197%, Consistency = 100.0% → FLAT
[NIFTY25D2325850PE] 📈 Range ₹97.20 → ₹96.30

⚠️ No strong momentum found for PE (>0.3%, consistency >70%)
📊 Running momentum check for PE (NIFTY25D2325850PE)

🧭 Checking momentum for NIFTY25D2325850PE (5 samples, every 1s):
⚙️ Checking momentum for top 1 CE candidates...

🧭 Checking momentum for NIFTY25D2326050CE (5 samples, every 1s):
[NIFTY25D2325850PE] ⏱ Sample 1/5: LTP = ₹96.45
[NIFTY25D2326050CE] ⏱ Sample 1/5: LTP = ₹94.15
[NIFTY25D2325850PE] ⏱ Sample 2/5: LTP = ₹96.60
[NIFTY25D2326050CE] ⏱ Sample 2/5: LTP = ₹94.15
[NIFTY25D2325850PE] ⏱ Sample 3/5: LTP = ₹96.70
[NIFTY25D2326050CE] ⏱ Sample 3/5: LTP = ₹94.20
[NIFTY25D2325850PE] ⏱ Sample 4/5: LTP = ₹96.50
[NIFTY25D2326050CE] ⏱ Sample 4/5: LTP = ₹94.15
[NIFTY25D2325850PE] ⏱ Sample 5/5: LTP = ₹96.50
[NIFTY25D2326050CE] ⏱ Sample 5/5: LTP = ₹94.15[NIFTY25D2325850PE] 📊 Avg Δ = -0.009%, Consistency = 50.0% → FLAT

[NIFTY25D2325850PE] 📈 Range ₹96.45 → ₹96.50

✅ Momentum for PE: {'symbol': 'NIFTY25D2325850PE', 'avg_change': np.float64(-0.009), 'consistency': np.float64(50.0), 'direction': 'FLAT'}
🧩 Finished PE: NIFTY25D2325850PE, momentum={'symbol': 'NIFTY25D2325850PE', 'avg_change': np.float64(-0.009), 'consistency': np.float64(50.0), 'direction': 'FLAT'}
[NIFTY25D2326050CE] ⚠️ Too noisy for reliable momentum reading
⚠️ No strong momentum found for CE (>0.25%, consistency >70%)
📊 Running momentum check for CE (NIFTY25D2326050CE)

🧭 Checking momentum for NIFTY25D2326050CE (5 samples, every 1s):
[NIFTY25D2326050CE] ⏱ Sample 1/5: LTP = ₹93.85
[NIFTY25D2326050CE] ⏱ Sample 2/5: LTP = ₹93.85
[NIFTY25D2326050CE] ⏱ Sample 3/5: LTP = ₹93.85
[NIFTY25D2326050CE] ⏱ Sample 4/5: LTP = ₹93.90
[NIFTY25D2326050CE] ⏱ Sample 5/5: LTP = ₹93.95
[NIFTY25D2326050CE] 📊 Avg Δ = 0.027%, Consistency = 100.0% → FLAT
[NIFTY25D2326050CE] 📈 Range ₹93.85 → ₹93.95

✅ Momentum for CE: {'symbol': 'NIFTY25D2326050CE', 'avg_change': np.float64(0.027), 'consistency': np.float64(100.0), 'direction': 'FLAT'}
🧩 Finished CE: NIFTY25D2326050CE, momentum={'symbol': 'NIFTY25D2326050CE', 'avg_change': np.float64(0.027), 'consistency': np.float64(100.0), 'direction': 'FLAT'}
🧮 Comparing CE vs PE momentum...
📈 CE momentum: 0.027% (FLAT, 100.0%)
📉 PE momentum: -0.009% (FLAT, 50.0%)
⚖️  Momentum similar — choosing CE fallback
✅ Selected: NIFTY25D2326050CE (CE) | LTP=93.4 | lot_size=75 | groww_symbol=NSE-NIFTY-23Dec25-26050-CE

🌀 Generated cURL for Groww Candle API:
curl --location 'https://api.groww.in/v1/historical/candles?exchange=NSE&segment=FNO&groww_symbol=NSE-NIFTY-23Dec25-26050-CE&start_time=2025-12-16 10:18:23&end_time=2025-12-16 10:21:23&candle_interval=1minute' \
  --header 'Accept: application/json' \
  --header 'Authorization: Bearer eyJraWQiOiJaTUtjVXciLCJhbGciOiJFUzI1NiJ9.eyJleHAiOjE3NjU5MzE0MDAsImlhdCI6MTc2NTg1ODIwNywibmJmIjoxNzY1ODU4MjA3LCJzdWIiOiJ7XCJ0b2tlblJlZklkXCI6XCIwYjllOGZlYS04MjU5LTRmNDItYjJkZi05NzFjNzg4ZGRiZjRcIixcInZlbmRvckludGVncmF0aW9uS2V5XCI6XCJlMzFmZjIzYjA4NmI0MDZjODg3NGIyZjZkODQ5NTMxM1wiLFwidXNlckFjY291bnRJZFwiOlwiMmVlMjYyMjItN2MwNS00Y2IwLWIwM2MtNzAzYWRmNWVmN2RkXCIsXCJkZXZpY2VJZFwiOlwiNWQwYzdjODgtMGI1OS01MDU0LTk5ZTYtYWU5MzY5OTc2ZmRiXCIsXCJzZXNzaW9uSWRcIjpcIjcyMmIwOTU2LWQyNTEtNGE3ZS05OTdhLTcyNDBiMWM5MTZjMFwiLFwiYWRkaXRpb25hbERhdGFcIjpcIno1NC9NZzltdjE2WXdmb0gvS0EwYktvMDZXRlpjc241VUNmTWF5aERtNGxSTkczdTlLa2pWZDNoWjU1ZStNZERhWXBOVi9UOUxIRmtQejFFQisybTdRPT1cIixcInJvbGVcIjpcIm9yZGVyLWJhc2ljLGxpdmVfZGF0YS1iYXNpYyxub25fdHJhZGluZy1iYXNpYyxvcmRlcl9yZWFkX29ubHktYmFzaWMsYmFja190ZXN0XCIsXCJzb3VyY2VJcEFkZHJlc3NcIjpudWxsLFwidHdvRmFFeHBpcnlUc1wiOjE3NjU5MzE0MDAwMDB9IiwiaXNzIjoiYXBleC1hdXRoLXByb2QtYXBwIn0.i4quKcJEh42pZlcqJ-VH_cT3gLulGM6k035pFS9KtZGgvFulPrrj_MdO4F-n5MWEeKulZn_YeabeUGXtdaY3-A' \
  --header 'X-API-VERSION: 1.0'

📊 3-min candle trend → PE (O1=94.0, C3=93.95)
Market Direction: PE
❌ Skipping trade — market direction conflicts with momentum.
Waiting for 3 mins to get another data.
🔍 Detecting best option between CE and PE for NIFTY 2025-12-23…
➡️  Searching CE between 80-130
➡️  Searching PE between 80-130
⚙️ Checking momentum for top 1 CE candidates...

🧭 Checking momentum for NIFTY25D2326050CE (5 samples, every 1s):
⚙️ Checking momentum for top 1 PE candidates...

🧭 Checking momentum for NIFTY25D2325850PE (5 samples, every 1s):
[NIFTY25D2326050CE] ⏱ Sample 1/5: LTP = ₹93.45
[NIFTY25D2325850PE] ⏱ Sample 1/5: LTP = ₹97.00
[NIFTY25D2326050CE] ⏱ Sample 2/5: LTP = ₹93.55
[NIFTY25D2325850PE] ⏱ Sample 2/5: LTP = ₹96.55
[NIFTY25D2326050CE] ⏱ Sample 3/5: LTP = ₹94.00
[NIFTY25D2325850PE] ⏱ Sample 3/5: LTP = ₹96.55
[NIFTY25D2326050CE] ⏱ Sample 4/5: LTP = ₹94.35
[NIFTY25D2325850PE] ⏱ Sample 4/5: LTP = ₹96.15
[NIFTY25D2326050CE] ⏱ Sample 5/5: LTP = ₹94.15
[NIFTY25D2325850PE] ⏱ Sample 5/5: LTP = ₹96.10
[NIFTY25D2326050CE] 📊 Avg Δ = 0.267%, Consistency = 100.0% → UP
[NIFTY25D2326050CE] 📈 Range ₹93.45 → ₹94.15

🏆 Selected CE: NIFTY25D2326050CE (UP | 0.27% | Consistency 100.0%)
📊 Running momentum check for CE (NIFTY25D2326050CE)

🧭 Checking momentum for NIFTY25D2326050CE (5 samples, every 1s):
[NIFTY25D2325850PE] 📊 Avg Δ = -0.224%, Consistency = 100.0% → FLAT
[NIFTY25D2325850PE] 📈 Range ₹97.00 → ₹96.10

⚠️ No strong momentum found for PE (>0.3%, consistency >70%)
📊 Running momentum check for PE (NIFTY25D2325850PE)

🧭 Checking momentum for NIFTY25D2325850PE (5 samples, every 1s):
[NIFTY25D2326050CE] ⏱ Sample 1/5: LTP = ₹94.30
[NIFTY25D2325850PE] ⏱ Sample 1/5: LTP = ₹96.20
[NIFTY25D2326050CE] ⏱ Sample 2/5: LTP = ₹93.80
[NIFTY25D2325850PE] ⏱ Sample 2/5: LTP = ₹96.20
[NIFTY25D2326050CE] ⏱ Sample 3/5: LTP = ₹94.10
[NIFTY25D2325850PE] ⏱ Sample 3/5: LTP = ₹96.60
[NIFTY25D2326050CE] ⏱ Sample 4/5: LTP = ₹94.15
[NIFTY25D2325850PE] ⏱ Sample 4/5: LTP = ₹96.40
[NIFTY25D2326050CE] ⏱ Sample 5/5: LTP = ₹94.10
[NIFTY25D2325850PE] ⏱ Sample 5/5: LTP = ₹96.40
[NIFTY25D2326050CE] 📊 Avg Δ = 0.027%, Consistency = 50.0% → FLAT
[NIFTY25D2326050CE] 📈 Range ₹94.30 → ₹94.10

✅ Momentum for CE: {'symbol': 'NIFTY25D2326050CE', 'avg_change': np.float64(0.027), 'consistency': np.float64(50.0), 'direction': 'FLAT'}
🧩 Finished CE: NIFTY25D2326050CE, momentum={'symbol': 'NIFTY25D2326050CE', 'avg_change': np.float64(0.027), 'consistency': np.float64(50.0), 'direction': 'FLAT'}
[NIFTY25D2325850PE] 📊 Avg Δ = 0.069%, Consistency = 100.0% → FLAT
[NIFTY25D2325850PE] 📈 Range ₹96.20 → ₹96.40

✅ Momentum for PE: {'symbol': 'NIFTY25D2325850PE', 'avg_change': np.float64(0.069), 'consistency': np.float64(100.0), 'direction': 'FLAT'}
🧩 Finished PE: NIFTY25D2325850PE, momentum={'symbol': 'NIFTY25D2325850PE', 'avg_change': np.float64(0.069), 'consistency': np.float64(100.0), 'direction': 'FLAT'}
🧮 Comparing CE vs PE momentum...
📈 CE momentum: 0.027% (FLAT, 50.0%)
📉 PE momentum: 0.069% (FLAT, 100.0%)
⚖️  Momentum similar — choosing PE fallback
✅ Selected: NIFTY25D2325850PE (PE) | LTP=96.4 | lot_size=75 | groww_symbol=NSE-NIFTY-23Dec25-25850-PE

🌀 Generated cURL for Groww Candle API:
curl --location 'https://api.groww.in/v1/historical/candles?exchange=NSE&segment=FNO&groww_symbol=NSE-NIFTY-23Dec25-25850-PE&start_time=2025-12-16 10:22:11&end_time=2025-12-16 10:25:11&candle_interval=1minute' \
  --header 'Accept: application/json' \
  --header 'Authorization: Bearer eyJraWQiOiJaTUtjVXciLCJhbGciOiJFUzI1NiJ9.eyJleHAiOjE3NjU5MzE0MDAsImlhdCI6MTc2NTg1ODIwNywibmJmIjoxNzY1ODU4MjA3LCJzdWIiOiJ7XCJ0b2tlblJlZklkXCI6XCIwYjllOGZlYS04MjU5LTRmNDItYjJkZi05NzFjNzg4ZGRiZjRcIixcInZlbmRvckludGVncmF0aW9uS2V5XCI6XCJlMzFmZjIzYjA4NmI0MDZjODg3NGIyZjZkODQ5NTMxM1wiLFwidXNlckFjY291bnRJZFwiOlwiMmVlMjYyMjItN2MwNS00Y2IwLWIwM2MtNzAzYWRmNWVmN2RkXCIsXCJkZXZpY2VJZFwiOlwiNWQwYzdjODgtMGI1OS01MDU0LTk5ZTYtYWU5MzY5OTc2ZmRiXCIsXCJzZXNzaW9uSWRcIjpcIjcyMmIwOTU2LWQyNTEtNGE3ZS05OTdhLTcyNDBiMWM5MTZjMFwiLFwiYWRkaXRpb25hbERhdGFcIjpcIno1NC9NZzltdjE2WXdmb0gvS0EwYktvMDZXRlpjc241VUNmTWF5aERtNGxSTkczdTlLa2pWZDNoWjU1ZStNZERhWXBOVi9UOUxIRmtQejFFQisybTdRPT1cIixcInJvbGVcIjpcIm9yZGVyLWJhc2ljLGxpdmVfZGF0YS1iYXNpYyxub25fdHJhZGluZy1iYXNpYyxvcmRlcl9yZWFkX29ubHktYmFzaWMsYmFja190ZXN0XCIsXCJzb3VyY2VJcEFkZHJlc3NcIjpudWxsLFwidHdvRmFFeHBpcnlUc1wiOjE3NjU5MzE0MDAwMDB9IiwiaXNzIjoiYXBleC1hdXRoLXByb2QtYXBwIn0.i4quKcJEh42pZlcqJ-VH_cT3gLulGM6k035pFS9KtZGgvFulPrrj_MdO4F-n5MWEeKulZn_YeabeUGXtdaY3-A' \
  --header 'X-API-VERSION: 1.0'

📊 3-min candle trend → CE (O1=97.05, C3=96.6)
Market Direction: CE
❌ Skipping trade — market direction conflicts with momentum.
Waiting for 3 mins to get another data.
🔍 Detecting best option between CE and PE for NIFTY 2025-12-23…
➡️  Searching CE between 80-130
➡️  Searching PE between 80-130
⚙️ Checking momentum for top 1 CE candidates...

🧭 Checking momentum for NIFTY25D2326050CE (5 samples, every 1s):
⚙️ Checking momentum for top 1 PE candidates...

🧭 Checking momentum for NIFTY25D2325850PE (5 samples, every 1s):
[NIFTY25D2326050CE] ⏱ Sample 1/5: LTP = ₹94.55
[NIFTY25D2325850PE] ⏱ Sample 1/5: LTP = ₹95.60
[NIFTY25D2326050CE] ⏱ Sample 2/5: LTP = ₹94.55
[NIFTY25D2325850PE] ⏱ Sample 2/5: LTP = ₹95.65
[NIFTY25D2326050CE] ⏱ Sample 3/5: LTP = ₹94.80
[NIFTY25D2325850PE] ⏱ Sample 3/5: LTP = ₹95.00
[NIFTY25D2326050CE] ⏱ Sample 4/5: LTP = ₹94.80
[NIFTY25D2325850PE] ⏱ Sample 4/5: LTP = ₹95.00
[NIFTY25D2326050CE] ⏱ Sample 5/5: LTP = ₹95.05
[NIFTY25D2325850PE] ⏱ Sample 5/5: LTP = ₹95.45
[NIFTY25D2326050CE] 📊 Avg Δ = 0.132%, Consistency = 100.0% → FLAT
[NIFTY25D2326050CE] 📈 Range ₹94.55 → ₹95.05

⚠️ No strong momentum found for CE (>0.25%, consistency >70%)
📊 Running momentum check for CE (NIFTY25D2326050CE)

🧭 Checking momentum for NIFTY25D2326050CE (5 samples, every 1s):
[NIFTY25D2326050CE] ⏱ Sample 1/5: LTP = ₹94.90
[NIFTY25D2325850PE] 📊 Avg Δ = -0.140%, Consistency = 100.0% → FLAT
[NIFTY25D2325850PE] 📈 Range ₹95.60 → ₹95.45

⚠️ No strong momentum found for PE (>0.3%, consistency >70%)
📊 Running momentum check for PE (NIFTY25D2325850PE)

🧭 Checking momentum for NIFTY25D2325850PE (5 samples, every 1s):
[NIFTY25D2325850PE] ⏱ Sample 1/5: LTP = ₹95.45
[NIFTY25D2326050CE] ⏱ Sample 2/5: LTP = ₹94.85
[NIFTY25D2325850PE] ⏱ Sample 2/5: LTP = ₹95.60
[NIFTY25D2326050CE] ⏱ Sample 3/5: LTP = ₹94.85
[NIFTY25D2325850PE] ⏱ Sample 3/5: LTP = ₹95.25
[NIFTY25D2326050CE] ⏱ Sample 4/5: LTP = ₹94.85
[NIFTY25D2325850PE] ⏱ Sample 4/5: LTP = ₹95.25
[NIFTY25D2326050CE] ⏱ Sample 5/5: LTP = ₹94.95
[NIFTY25D2325850PE] ⏱ Sample 5/5: LTP = ₹95.30
[NIFTY25D2326050CE] 📊 Avg Δ = 0.009%, Consistency = 50.0% → FLAT
[NIFTY25D2326050CE] 📈 Range ₹94.90 → ₹94.95

✅ Momentum for CE: {'symbol': 'NIFTY25D2326050CE', 'avg_change': np.float64(0.009), 'consistency': np.float64(50.0), 'direction': 'FLAT'}
🧩 Finished CE: NIFTY25D2326050CE, momentum={'symbol': 'NIFTY25D2326050CE', 'avg_change': np.float64(0.009), 'consistency': np.float64(50.0), 'direction': 'FLAT'}
[NIFTY25D2325850PE] 📊 Avg Δ = -0.087%, Consistency = 100.0% → FLAT
[NIFTY25D2325850PE] 📈 Range ₹95.45 → ₹95.30

✅ Momentum for PE: {'symbol': 'NIFTY25D2325850PE', 'avg_change': np.float64(-0.087), 'consistency': np.float64(100.0), 'direction': 'FLAT'}
🧩 Finished PE: NIFTY25D2325850PE, momentum={'symbol': 'NIFTY25D2325850PE', 'avg_change': np.float64(-0.087), 'consistency': np.float64(100.0), 'direction': 'FLAT'}
🧮 Comparing CE vs PE momentum...
📈 CE momentum: 0.009% (FLAT, 50.0%)
📉 PE momentum: -0.087% (FLAT, 100.0%)
⚖️  Momentum similar — choosing CE fallback
✅ Selected: NIFTY25D2326050CE (CE) | LTP=94.55 | lot_size=75 | groww_symbol=NSE-NIFTY-23Dec25-26050-CE

🌀 Generated cURL for Groww Candle API:
curl --location 'https://api.groww.in/v1/historical/candles?exchange=NSE&segment=FNO&groww_symbol=NSE-NIFTY-23Dec25-26050-CE&start_time=2025-12-16 10:25:59&end_time=2025-12-16 10:28:59&candle_interval=1minute' \
  --header 'Accept: application/json' \
  --header 'Authorization: Bearer eyJraWQiOiJaTUtjVXciLCJhbGciOiJFUzI1NiJ9.eyJleHAiOjE3NjU5MzE0MDAsImlhdCI6MTc2NTg1ODIwNywibmJmIjoxNzY1ODU4MjA3LCJzdWIiOiJ7XCJ0b2tlblJlZklkXCI6XCIwYjllOGZlYS04MjU5LTRmNDItYjJkZi05NzFjNzg4ZGRiZjRcIixcInZlbmRvckludGVncmF0aW9uS2V5XCI6XCJlMzFmZjIzYjA4NmI0MDZjODg3NGIyZjZkODQ5NTMxM1wiLFwidXNlckFjY291bnRJZFwiOlwiMmVlMjYyMjItN2MwNS00Y2IwLWIwM2MtNzAzYWRmNWVmN2RkXCIsXCJkZXZpY2VJZFwiOlwiNWQwYzdjODgtMGI1OS01MDU0LTk5ZTYtYWU5MzY5OTc2ZmRiXCIsXCJzZXNzaW9uSWRcIjpcIjcyMmIwOTU2LWQyNTEtNGE3ZS05OTdhLTcyNDBiMWM5MTZjMFwiLFwiYWRkaXRpb25hbERhdGFcIjpcIno1NC9NZzltdjE2WXdmb0gvS0EwYktvMDZXRlpjc241VUNmTWF5aERtNGxSTkczdTlLa2pWZDNoWjU1ZStNZERhWXBOVi9UOUxIRmtQejFFQisybTdRPT1cIixcInJvbGVcIjpcIm9yZGVyLWJhc2ljLGxpdmVfZGF0YS1iYXNpYyxub25fdHJhZGluZy1iYXNpYyxvcmRlcl9yZWFkX29ubHktYmFzaWMsYmFja190ZXN0XCIsXCJzb3VyY2VJcEFkZHJlc3NcIjpudWxsLFwidHdvRmFFeHBpcnlUc1wiOjE3NjU5MzE0MDAwMDB9IiwiaXNzIjoiYXBleC1hdXRoLXByb2QtYXBwIn0.i4quKcJEh42pZlcqJ-VH_cT3gLulGM6k035pFS9KtZGgvFulPrrj_MdO4F-n5MWEeKulZn_YeabeUGXtdaY3-A' \
  --header 'X-API-VERSION: 1.0'

📊 3-min candle trend → CE (O1=94.25, C3=94.5)
Market Direction: CE
✅ Market direction CONFIRMS momentum → proceeding with order.
➡️ Placing auto order: {'symbol': 'NIFTY25D2326050CE', 'ltp': 94.55, 'lots': 14, 'book_profit': 1050.0, 'lot_size': 75, 'side': 'BUY'} ====== [2025-12-16 10:29:00]
🔹 Auto order => NIFTY25D2326050CE, qty=1050, book@1050.0 ====== [2025-12-16 10:29:01]
💰 LTP for NSE_NIFTY25D2326050CE: ₹94.5 ====== [2025-12-16 10:29:01]
✅ Auto Buy placed: :{'groww_order_id': 'GMKFO251216102901JSV6A6A3Q57H', 'order_status': 'NEW', 'order_reference_id': '81774271', 'remark': None} ======= [2025-12-16 10:29:02]
📈 Trailing started...
🔼 New High: ₹94.6
🔼 New High: ₹94.7
🔼 New High: ₹94.8
🔼 New High: ₹94.95
🔼 New High: ₹95.0
🔼 New High: ₹95.2
🔼 New High: ₹95.3
🔼 New High: ₹95.45
🔼 New High: ₹95.65
🔼 New High: ₹95.75
📉 Trail Active | LTP=95.75 | Exit=95.0
📉 Trail Active | LTP=95.55 | Exit=95.0
🔼 New High: ₹96.05
📉 Trail Active | LTP=96.05 | Exit=95.3
🔼 New High: ₹96.45
📉 Trail Active | LTP=96.45 | Exit=95.7
🔼 New High: ₹96.85
📉 Trail Active | LTP=96.85 | Exit=96.1
🔼 New High: ₹97.35
📉 Trail Active | LTP=97.35 | Exit=96.6
📉 Trail Active | LTP=97.1 | Exit=96.6
📉 Trail Active | LTP=97.1 | Exit=96.6
📉 Trail Active | LTP=96.8 | Exit=96.6
📉 Trail Active | LTP=96.8 | Exit=96.6
📉 Trail Active | LTP=96.85 | Exit=96.6
📉 Trail Active | LTP=97.05 | Exit=96.6
📉 Trail Active | LTP=96.75 | Exit=96.6
📉 Trail Active | LTP=97.1 | Exit=96.6
📉 Trail Active | LTP=96.7 | Exit=96.6
📉 Trail Active | LTP=96.65 | Exit=96.6
📉 Trail Active | LTP=96.75 | Exit=96.6
📉 Trail Active | LTP=96.35 | Exit=96.6
🔻 Trailing HIT @ 96.35
Waiting for 1 min to get another data.
🔍 Detecting best option between CE and PE for NIFTY 2025-12-23…
➡️  Searching CE between 80-130
➡️  Searching PE between 80-130
⚙️ Checking momentum for top 1 CE candidates...

🧭 Checking momentum for NIFTY25D2326050CE (5 samples, every 1s):
⚙️ Checking momentum for top 1 PE candidates...

🧭 Checking momentum for NIFTY25D2325850PE (5 samples, every 1s):
[NIFTY25D2326050CE] ⏱ Sample 1/5: LTP = ₹95.45
[NIFTY25D2325850PE] ⏱ Sample 1/5: LTP = ₹94.25
[NIFTY25D2326050CE] ⏱ Sample 2/5: LTP = ₹95.45
[NIFTY25D2325850PE] ⏱ Sample 2/5: LTP = ₹94.50
[NIFTY25D2326050CE] ⏱ Sample 3/5: LTP = ₹95.25
[NIFTY25D2325850PE] ⏱ Sample 3/5: LTP = ₹94.50
[NIFTY25D2326050CE] ⏱ Sample 4/5: LTP = ₹95.00
[NIFTY25D2325850PE] ⏱ Sample 4/5: LTP = ₹94.75
[NIFTY25D2326050CE] ⏱ Sample 5/5: LTP = ₹95.00
[NIFTY25D2325850PE] ⏱ Sample 5/5: LTP = ₹94.60
[NIFTY25D2326050CE] 📊 Avg Δ = -0.157%, Consistency = 100.0% → FLAT
[NIFTY25D2326050CE] 📈 Range ₹95.45 → ₹95.00

⚠️ No strong momentum found for CE (>0.25%, consistency >70%)
📊 Running momentum check for CE (NIFTY25D2326050CE)

🧭 Checking momentum for NIFTY25D2326050CE (5 samples, every 1s):
[NIFTY25D2326050CE] ⏱ Sample 1/5: LTP = ₹94.90
[NIFTY25D2325850PE] 📊 Avg Δ = 0.106%, Consistency = 100.0% → FLAT
[NIFTY25D2325850PE] 📈 Range ₹94.25 → ₹94.60

⚠️ No strong momentum found for PE (>0.3%, consistency >70%)
📊 Running momentum check for PE (NIFTY25D2325850PE)

🧭 Checking momentum for NIFTY25D2325850PE (5 samples, every 1s):
[NIFTY25D2325850PE] ⏱ Sample 1/5: LTP = ₹94.85
[NIFTY25D2326050CE] ⏱ Sample 2/5: LTP = ₹94.85
[NIFTY25D2325850PE] ⏱ Sample 2/5: LTP = ₹94.60
[NIFTY25D2326050CE] ⏱ Sample 3/5: LTP = ₹95.10
[NIFTY25D2325850PE] ⏱ Sample 3/5: LTP = ₹94.60
[NIFTY25D2326050CE] ⏱ Sample 4/5: LTP = ₹95.10
[NIFTY25D2325850PE] ⏱ Sample 4/5: LTP = ₹94.75
[NIFTY25D2326050CE] ⏱ Sample 5/5: LTP = ₹95.45
[NIFTY25D2325850PE] ⏱ Sample 5/5: LTP = ₹94.35
[NIFTY25D2326050CE] 📊 Avg Δ = 0.140%, Consistency = 100.0% → FLAT
[NIFTY25D2326050CE] 📈 Range ₹94.90 → ₹95.45

✅ Momentum for CE: {'symbol': 'NIFTY25D2326050CE', 'avg_change': np.float64(0.14), 'consistency': np.float64(100.0), 'direction': 'FLAT'}
🧩 Finished CE: NIFTY25D2326050CE, momentum={'symbol': 'NIFTY25D2326050CE', 'avg_change': np.float64(0.14), 'consistency': np.float64(100.0), 'direction': 'FLAT'}
[NIFTY25D2325850PE] 📊 Avg Δ = -0.062%, Consistency = 100.0% → FLAT
[NIFTY25D2325850PE] 📈 Range ₹94.85 → ₹94.35

✅ Momentum for PE: {'symbol': 'NIFTY25D2325850PE', 'avg_change': np.float64(-0.062), 'consistency': np.float64(100.0), 'direction': 'FLAT'}
🧩 Finished PE: NIFTY25D2325850PE, momentum={'symbol': 'NIFTY25D2325850PE', 'avg_change': np.float64(-0.062), 'consistency': np.float64(100.0), 'direction': 'FLAT'}
🧮 Comparing CE vs PE momentum...
📈 CE momentum: 0.140% (FLAT, 100.0%)
📉 PE momentum: -0.062% (FLAT, 100.0%)
⚖️  Momentum similar — choosing CE fallback
✅ Selected: NIFTY25D2326050CE (CE) | LTP=95.8 | lot_size=75 | groww_symbol=NSE-NIFTY-23Dec25-26050-CE

🌀 Generated cURL for Groww Candle API:
curl --location 'https://api.groww.in/v1/historical/candles?exchange=NSE&segment=FNO&groww_symbol=NSE-NIFTY-23Dec25-26050-CE&start_time=2025-12-16 10:30:28&end_time=2025-12-16 10:33:28&candle_interval=1minute' \
  --header 'Accept: application/json' \
  --header 'Authorization: Bearer eyJraWQiOiJaTUtjVXciLCJhbGciOiJFUzI1NiJ9.eyJleHAiOjE3NjU5MzE0MDAsImlhdCI6MTc2NTg1ODIwNywibmJmIjoxNzY1ODU4MjA3LCJzdWIiOiJ7XCJ0b2tlblJlZklkXCI6XCIwYjllOGZlYS04MjU5LTRmNDItYjJkZi05NzFjNzg4ZGRiZjRcIixcInZlbmRvckludGVncmF0aW9uS2V5XCI6XCJlMzFmZjIzYjA4NmI0MDZjODg3NGIyZjZkODQ5NTMxM1wiLFwidXNlckFjY291bnRJZFwiOlwiMmVlMjYyMjItN2MwNS00Y2IwLWIwM2MtNzAzYWRmNWVmN2RkXCIsXCJkZXZpY2VJZFwiOlwiNWQwYzdjODgtMGI1OS01MDU0LTk5ZTYtYWU5MzY5OTc2ZmRiXCIsXCJzZXNzaW9uSWRcIjpcIjcyMmIwOTU2LWQyNTEtNGE3ZS05OTdhLTcyNDBiMWM5MTZjMFwiLFwiYWRkaXRpb25hbERhdGFcIjpcIno1NC9NZzltdjE2WXdmb0gvS0EwYktvMDZXRlpjc241VUNmTWF5aERtNGxSTkczdTlLa2pWZDNoWjU1ZStNZERhWXBOVi9UOUxIRmtQejFFQisybTdRPT1cIixcInJvbGVcIjpcIm9yZGVyLWJhc2ljLGxpdmVfZGF0YS1iYXNpYyxub25fdHJhZGluZy1iYXNpYyxvcmRlcl9yZWFkX29ubHktYmFzaWMsYmFja190ZXN0XCIsXCJzb3VyY2VJcEFkZHJlc3NcIjpudWxsLFwidHdvRmFFeHBpcnlUc1wiOjE3NjU5MzE0MDAwMDB9IiwiaXNzIjoiYXBleC1hdXRoLXByb2QtYXBwIn0.i4quKcJEh42pZlcqJ-VH_cT3gLulGM6k035pFS9KtZGgvFulPrrj_MdO4F-n5MWEeKulZn_YeabeUGXtdaY3-A' \
  --header 'X-API-VERSION: 1.0'

📊 3-min candle trend → PE (O1=96.35, C3=95.45)
Market Direction: PE
❌ Skipping trade — market direction conflicts with momentum.
Waiting for 3 mins to get another data.
🔍 Detecting best option between CE and PE for NIFTY 2025-12-23…
➡️  Searching CE between 80-130
➡️  Searching PE between 80-130
⚙️ Checking momentum for top 1 CE candidates...

🧭 Checking momentum for NIFTY25D2326050CE (5 samples, every 1s):
⚙️ Checking momentum for top 2 PE candidates...

🧭 Checking momentum for NIFTY25D2325850PE (5 samples, every 1s):

🧭 Checking momentum for NIFTY25D2325800PE (5 samples, every 1s):
[NIFTY25D2326050CE] ⏱ Sample 1/5: LTP = ₹92.15
[NIFTY25D2325850PE] ⏱ Sample 1/5: LTP = ₹99.50
[NIFTY25D2325800PE] ⏱ Sample 1/5: LTP = ₹81.85
[NIFTY25D2326050CE] ⏱ Sample 2/5: LTP = ₹92.00
[NIFTY25D2325850PE] ⏱ Sample 2/5: LTP = ₹99.45
[NIFTY25D2325800PE] ⏱ Sample 2/5: LTP = ₹81.80
[NIFTY25D2326050CE] ⏱ Sample 3/5: LTP = ₹92.05
[NIFTY25D2325850PE] ⏱ Sample 3/5: LTP = ₹99.20
[NIFTY25D2325800PE] ⏱ Sample 3/5: LTP = ₹81.65
[NIFTY25D2326050CE] ⏱ Sample 4/5: LTP = ₹92.15
[NIFTY25D2325850PE] ⏱ Sample 4/5: LTP = ₹99.50
[NIFTY25D2325800PE] ⏱ Sample 4/5: LTP = ₹81.90
[NIFTY25D2326050CE] ⏱ Sample 5/5: LTP = ₹92.15
[NIFTY25D2325850PE] ⏱ Sample 5/5: LTP = ₹99.55
[NIFTY25D2326050CE] 📊 Avg Δ = 0.027%, Consistency = 50.0% → FLAT
[NIFTY25D2326050CE] 📈 Range ₹92.15 → ₹92.15

⚠️ No strong momentum found for CE (>0.25%, consistency >70%)
📊 Running momentum check for CE (NIFTY25D2326050CE)

🧭 Checking momentum for NIFTY25D2326050CE (5 samples, every 1s):
[NIFTY25D2325800PE] ⏱ Sample 5/5: LTP = ₹81.95
[NIFTY25D2325850PE] 📊 Avg Δ = 0.017%, Consistency = 50.0% → FLAT
[NIFTY25D2325850PE] 📈 Range ₹99.50 → ₹99.55

[NIFTY25D2326050CE] ⏱ Sample 1/5: LTP = ₹91.70
[NIFTY25D2325800PE] 📊 Avg Δ = 0.041%, Consistency = 100.0% → FLAT
[NIFTY25D2325800PE] 📈 Range ₹81.85 → ₹81.95

⚠️ No strong momentum found for PE (>0.3%, consistency >70%)
📊 Running momentum check for PE (NIFTY25D2325850PE)

🧭 Checking momentum for NIFTY25D2325850PE (5 samples, every 1s):
[NIFTY25D2325850PE] ⏱ Sample 1/5: LTP = ₹99.90
[NIFTY25D2326050CE] ⏱ Sample 2/5: LTP = ₹91.90
[NIFTY25D2325850PE] ⏱ Sample 2/5: LTP = ₹99.85
[NIFTY25D2326050CE] ⏱ Sample 3/5: LTP = ₹91.90
[NIFTY25D2325850PE] ⏱ Sample 3/5: LTP = ₹99.50
[NIFTY25D2326050CE] ⏱ Sample 4/5: LTP = ₹91.75
[NIFTY25D2325850PE] ⏱ Sample 4/5: LTP = ₹99.60
[NIFTY25D2326050CE] ⏱ Sample 5/5: LTP = ₹91.60
[NIFTY25D2325850PE] ⏱ Sample 5/5: LTP = ₹99.70
[NIFTY25D2326050CE] 📊 Avg Δ = -0.045%, Consistency = 50.0% → FLAT
[NIFTY25D2326050CE] 📈 Range ₹91.70 → ₹91.60

✅ Momentum for CE: {'symbol': 'NIFTY25D2326050CE', 'avg_change': np.float64(-0.045), 'consistency': np.float64(50.0), 'direction': 'FLAT'}
🧩 Finished CE: NIFTY25D2326050CE, momentum={'symbol': 'NIFTY25D2326050CE', 'avg_change': np.float64(-0.045), 'consistency': np.float64(50.0), 'direction': 'FLAT'}
[NIFTY25D2325850PE] 📊 Avg Δ = -0.075%, Consistency = 100.0% → FLAT
[NIFTY25D2325850PE] 📈 Range ₹99.90 → ₹99.70

✅ Momentum for PE: {'symbol': 'NIFTY25D2325850PE', 'avg_change': np.float64(-0.075), 'consistency': np.float64(100.0), 'direction': 'FLAT'}
🧩 Finished PE: NIFTY25D2325850PE, momentum={'symbol': 'NIFTY25D2325850PE', 'avg_change': np.float64(-0.075), 'consistency': np.float64(100.0), 'direction': 'FLAT'}
🧮 Comparing CE vs PE momentum...
📈 CE momentum: -0.045% (FLAT, 50.0%)
📉 PE momentum: -0.075% (FLAT, 100.0%)
⚖️  Momentum similar — choosing CE fallback
✅ Selected: NIFTY25D2326050CE (CE) | LTP=93.65 | lot_size=75 | groww_symbol=NSE-NIFTY-23Dec25-26050-CE

🌀 Generated cURL for Groww Candle API:
curl --location 'https://api.groww.in/v1/historical/candles?exchange=NSE&segment=FNO&groww_symbol=NSE-NIFTY-23Dec25-26050-CE&start_time=2025-12-16 10:34:18&end_time=2025-12-16 10:37:18&candle_interval=1minute' \
  --header 'Accept: application/json' \
  --header 'Authorization: Bearer eyJraWQiOiJaTUtjVXciLCJhbGciOiJFUzI1NiJ9.eyJleHAiOjE3NjU5MzE0MDAsImlhdCI6MTc2NTg1ODIwNywibmJmIjoxNzY1ODU4MjA3LCJzdWIiOiJ7XCJ0b2tlblJlZklkXCI6XCIwYjllOGZlYS04MjU5LTRmNDItYjJkZi05NzFjNzg4ZGRiZjRcIixcInZlbmRvckludGVncmF0aW9uS2V5XCI6XCJlMzFmZjIzYjA4NmI0MDZjODg3NGIyZjZkODQ5NTMxM1wiLFwidXNlckFjY291bnRJZFwiOlwiMmVlMjYyMjItN2MwNS00Y2IwLWIwM2MtNzAzYWRmNWVmN2RkXCIsXCJkZXZpY2VJZFwiOlwiNWQwYzdjODgtMGI1OS01MDU0LTk5ZTYtYWU5MzY5OTc2ZmRiXCIsXCJzZXNzaW9uSWRcIjpcIjcyMmIwOTU2LWQyNTEtNGE3ZS05OTdhLTcyNDBiMWM5MTZjMFwiLFwiYWRkaXRpb25hbERhdGFcIjpcIno1NC9NZzltdjE2WXdmb0gvS0EwYktvMDZXRlpjc241VUNmTWF5aERtNGxSTkczdTlLa2pWZDNoWjU1ZStNZERhWXBOVi9UOUxIRmtQejFFQisybTdRPT1cIixcInJvbGVcIjpcIm9yZGVyLWJhc2ljLGxpdmVfZGF0YS1iYXNpYyxub25fdHJhZGluZy1iYXNpYyxvcmRlcl9yZWFkX29ubHktYmFzaWMsYmFja190ZXN0XCIsXCJzb3VyY2VJcEFkZHJlc3NcIjpudWxsLFwidHdvRmFFeHBpcnlUc1wiOjE3NjU5MzE0MDAwMDB9IiwiaXNzIjoiYXBleC1hdXRoLXByb2QtYXBwIn0.i4quKcJEh42pZlcqJ-VH_cT3gLulGM6k035pFS9KtZGgvFulPrrj_MdO4F-n5MWEeKulZn_YeabeUGXtdaY3-A' \
  --header 'X-API-VERSION: 1.0'

📊 3-min candle trend → PE (O1=94.85, C3=91.7)
Market Direction: PE
❌ Skipping trade — market direction conflicts with momentum.
Waiting for 3 mins to get another data.
🔍 Detecting best option between CE and PE for NIFTY 2025-12-23…
➡️  Searching CE between 80-130
➡️  Searching PE between 80-130
⚙️ Checking momentum for top 2 PE candidates...

🧭 Checking momentum for NIFTY25D2325850PE (5 samples, every 1s):

🧭 Checking momentum for NIFTY25D2325800PE (5 samples, every 1s):
[NIFTY25D2325850PE] ⏱ Sample 1/5: LTP = ₹98.95
[NIFTY25D2325800PE] ⏱ Sample 1/5: LTP = ₹81.60
[NIFTY25D2325850PE] ⏱ Sample 2/5: LTP = ₹99.30
[NIFTY25D2325800PE] ⏱ Sample 2/5: LTP = ₹82.10
⚙️ Checking momentum for top 1 CE candidates...

🧭 Checking momentum for NIFTY25D2326050CE (5 samples, every 1s):
[NIFTY25D2326050CE] ⏱ Sample 1/5: LTP = ₹91.70
[NIFTY25D2325800PE] ⏱ Sample 3/5: LTP = ₹82.00
[NIFTY25D2325850PE] ⏱ Sample 3/5: LTP = ₹99.45
[NIFTY25D2326050CE] ⏱ Sample 2/5: LTP = ₹91.95
[NIFTY25D2325800PE] ⏱ Sample 4/5: LTP = ₹81.70
[NIFTY25D2325850PE] ⏱ Sample 4/5: LTP = ₹99.55
[NIFTY25D2326050CE] ⏱ Sample 3/5: LTP = ₹92.00
[NIFTY25D2325800PE] ⏱ Sample 5/5: LTP = ₹81.90
[NIFTY25D2325850PE] ⏱ Sample 5/5: LTP = ₹99.00
[NIFTY25D2325800PE] 📊 Avg Δ = -0.020%, Consistency = 50.0% → FLAT
[NIFTY25D2325800PE] 📈 Range ₹81.60 → ₹81.90

[NIFTY25D2326050CE] ⏱ Sample 4/5: LTP = ₹92.20
[NIFTY25D2325850PE] 📊 Avg Δ = 0.050%, Consistency = 50.0% → FLAT
[NIFTY25D2325850PE] 📈 Range ₹98.95 → ₹99.00

⚠️ No strong momentum found for PE (>0.3%, consistency >70%)
📊 Running momentum check for PE (NIFTY25D2325850PE)

🧭 Checking momentum for NIFTY25D2325850PE (5 samples, every 1s):
[NIFTY25D2325850PE] ⏱ Sample 1/5: LTP = ₹98.75
[NIFTY25D2326050CE] ⏱ Sample 5/5: LTP = ₹92.40
[NIFTY25D2325850PE] ⏱ Sample 2/5: LTP = ₹98.75
[NIFTY25D2326050CE] 📊 Avg Δ = 0.172%, Consistency = 100.0% → FLAT
[NIFTY25D2326050CE] 📈 Range ₹91.70 → ₹92.40

⚠️ No strong momentum found for CE (>0.25%, consistency >70%)
📊 Running momentum check for CE (NIFTY25D2326050CE)

🧭 Checking momentum for NIFTY25D2326050CE (5 samples, every 1s):
[NIFTY25D2326050CE] ⏱ Sample 1/5: LTP = ₹92.40
[NIFTY25D2325850PE] ⏱ Sample 3/5: LTP = ₹98.80
[NIFTY25D2326050CE] ⏱ Sample 2/5: LTP = ₹92.40
[NIFTY25D2325850PE] ⏱ Sample 4/5: LTP = ₹98.95
[NIFTY25D2326050CE] ⏱ Sample 3/5: LTP = ₹92.90
[NIFTY25D2325850PE] ⏱ Sample 5/5: LTP = ₹98.20
[NIFTY25D2326050CE] ⏱ Sample 4/5: LTP = ₹93.20
[NIFTY25D2325850PE] 📊 Avg Δ = -0.059%, Consistency = 50.0% → FLAT
[NIFTY25D2325850PE] 📈 Range ₹98.75 → ₹98.20

✅ Momentum for PE: {'symbol': 'NIFTY25D2325850PE', 'avg_change': np.float64(-0.059), 'consistency': np.float64(50.0), 'direction': 'FLAT'}
🧩 Finished PE: NIFTY25D2325850PE, momentum={'symbol': 'NIFTY25D2325850PE', 'avg_change': np.float64(-0.059), 'consistency': np.float64(50.0), 'direction': 'FLAT'}
[NIFTY25D2326050CE] ⏱ Sample 5/5: LTP = ₹93.10
[NIFTY25D2326050CE] 📊 Avg Δ = 0.270%, Consistency = 100.0% → UP
[NIFTY25D2326050CE] 📈 Range ₹92.40 → ₹93.10

✅ Momentum for CE: {'symbol': 'NIFTY25D2326050CE', 'avg_change': np.float64(0.27), 'consistency': np.float64(100.0), 'direction': 'UP'}
🧩 Finished CE: NIFTY25D2326050CE, momentum={'symbol': 'NIFTY25D2326050CE', 'avg_change': np.float64(0.27), 'consistency': np.float64(100.0), 'direction': 'UP'}
🧮 Comparing CE vs PE momentum...
📈 CE momentum: 0.270% (UP, 100.0%)
📉 PE momentum: -0.059% (FLAT, 50.0%)
✅ Selected CE (stronger momentum)
✅ Selected: NIFTY25D2326050CE (CE) | LTP=92.05 | lot_size=75 | groww_symbol=NSE-NIFTY-23Dec25-26050-CE

🌀 Generated cURL for Groww Candle API:
curl --location 'https://api.groww.in/v1/historical/candles?exchange=NSE&segment=FNO&groww_symbol=NSE-NIFTY-23Dec25-26050-CE&start_time=2025-12-16 10:38:11&end_time=2025-12-16 10:41:11&candle_interval=1minute' \
  --header 'Accept: application/json' \
  --header 'Authorization: Bearer eyJraWQiOiJaTUtjVXciLCJhbGciOiJFUzI1NiJ9.eyJleHAiOjE3NjU5MzE0MDAsImlhdCI6MTc2NTg1ODIwNywibmJmIjoxNzY1ODU4MjA3LCJzdWIiOiJ7XCJ0b2tlblJlZklkXCI6XCIwYjllOGZlYS04MjU5LTRmNDItYjJkZi05NzFjNzg4ZGRiZjRcIixcInZlbmRvckludGVncmF0aW9uS2V5XCI6XCJlMzFmZjIzYjA4NmI0MDZjODg3NGIyZjZkODQ5NTMxM1wiLFwidXNlckFjY291bnRJZFwiOlwiMmVlMjYyMjItN2MwNS00Y2IwLWIwM2MtNzAzYWRmNWVmN2RkXCIsXCJkZXZpY2VJZFwiOlwiNWQwYzdjODgtMGI1OS01MDU0LTk5ZTYtYWU5MzY5OTc2ZmRiXCIsXCJzZXNzaW9uSWRcIjpcIjcyMmIwOTU2LWQyNTEtNGE3ZS05OTdhLTcyNDBiMWM5MTZjMFwiLFwiYWRkaXRpb25hbERhdGFcIjpcIno1NC9NZzltdjE2WXdmb0gvS0EwYktvMDZXRlpjc241VUNmTWF5aERtNGxSTkczdTlLa2pWZDNoWjU1ZStNZERhWXBOVi9UOUxIRmtQejFFQisybTdRPT1cIixcInJvbGVcIjpcIm9yZGVyLWJhc2ljLGxpdmVfZGF0YS1iYXNpYyxub25fdHJhZGluZy1iYXNpYyxvcmRlcl9yZWFkX29ubHktYmFzaWMsYmFja190ZXN0XCIsXCJzb3VyY2VJcEFkZHJlc3NcIjpudWxsLFwidHdvRmFFeHBpcnlUc1wiOjE3NjU5MzE0MDAwMDB9IiwiaXNzIjoiYXBleC1hdXRoLXByb2QtYXBwIn0.i4quKcJEh42pZlcqJ-VH_cT3gLulGM6k035pFS9KtZGgvFulPrrj_MdO4F-n5MWEeKulZn_YeabeUGXtdaY3-A' \
  --header 'X-API-VERSION: 1.0'

📊 3-min candle trend → PE (O1=95.35, C3=92.95)
Market Direction: PE
❌ Skipping trade — market direction conflicts with momentum.
Waiting for 3 mins to get another data.
🔍 Detecting best option between CE and PE for NIFTY 2025-12-23…
➡️  Searching CE between 80-130
➡️  Searching PE between 80-130
⚙️ Checking momentum for top 1 PE candidates...

🧭 Checking momentum for NIFTY25D2325850PE (5 samples, every 1s):
⚙️ Checking momentum for top 1 CE candidates...

🧭 Checking momentum for NIFTY25D2326050CE (5 samples, every 1s):
[NIFTY25D2325850PE] ⏱ Sample 1/5: LTP = ₹98.00
[NIFTY25D2326050CE] ⏱ Sample 1/5: LTP = ₹93.25
[NIFTY25D2325850PE] ⏱ Sample 2/5: LTP = ₹97.75
[NIFTY25D2326050CE] ⏱ Sample 2/5: LTP = ₹93.25
[NIFTY25D2325850PE] ⏱ Sample 3/5: LTP = ₹98.40
[NIFTY25D2326050CE] ⏱ Sample 3/5: LTP = ₹93.25
[NIFTY25D2325850PE] ⏱ Sample 4/5: LTP = ₹98.40
[NIFTY25D2326050CE] ⏱ Sample 4/5: LTP = ₹93.25
[NIFTY25D2325850PE] ⏱ Sample 5/5: LTP = ₹98.60
[NIFTY25D2326050CE] ⏱ Sample 5/5: LTP = ₹93.00
[NIFTY25D2325850PE] 📊 Avg Δ = 0.212%, Consistency = 100.0% → FLAT
[NIFTY25D2325850PE] 📈 Range ₹98.00 → ₹98.60

⚠️ No strong momentum found for PE (>0.3%, consistency >70%)
📊 Running momentum check for PE (NIFTY25D2325850PE)

🧭 Checking momentum for NIFTY25D2325850PE (5 samples, every 1s):
[NIFTY25D2325850PE] ⏱ Sample 1/5: LTP = ₹98.60
[NIFTY25D2326050CE] 📊 Avg Δ = -0.045%, Consistency = 50.0% → FLAT
[NIFTY25D2326050CE] 📈 Range ₹93.25 → ₹93.00

⚠️ No strong momentum found for CE (>0.25%, consistency >70%)
📊 Running momentum check for CE (NIFTY25D2326050CE)

🧭 Checking momentum for NIFTY25D2326050CE (5 samples, every 1s):
[NIFTY25D2326050CE] ⏱ Sample 1/5: LTP = ₹92.75
[NIFTY25D2325850PE] ⏱ Sample 2/5: LTP = ₹98.55
[NIFTY25D2326050CE] ⏱ Sample 2/5: LTP = ₹92.75
[NIFTY25D2325850PE] ⏱ Sample 3/5: LTP = ₹98.40
[NIFTY25D2326050CE] ⏱ Sample 3/5: LTP = ₹92.50
[NIFTY25D2325850PE] ⏱ Sample 4/5: LTP = ₹98.45
[NIFTY25D2326050CE] ⏱ Sample 4/5: LTP = ₹92.50
[NIFTY25D2325850PE] ⏱ Sample 5/5: LTP = ₹98.45
[NIFTY25D2326050CE] ⏱ Sample 5/5: LTP = ₹92.50
[NIFTY25D2325850PE] 📊 Avg Δ = -0.042%, Consistency = 100.0% → FLAT
[NIFTY25D2325850PE] 📈 Range ₹98.60 → ₹98.45

✅ Momentum for PE: {'symbol': 'NIFTY25D2325850PE', 'avg_change': np.float64(-0.042), 'consistency': np.float64(100.0), 'direction': 'FLAT'}
🧩 Finished PE: NIFTY25D2325850PE, momentum={'symbol': 'NIFTY25D2325850PE', 'avg_change': np.float64(-0.042), 'consistency': np.float64(100.0), 'direction': 'FLAT'}
[NIFTY25D2326050CE] 📊 Avg Δ = -0.090%, Consistency = 100.0% → FLAT
[NIFTY25D2326050CE] 📈 Range ₹92.75 → ₹92.50

✅ Momentum for CE: {'symbol': 'NIFTY25D2326050CE', 'avg_change': np.float64(-0.09), 'consistency': np.float64(100.0), 'direction': 'FLAT'}
🧩 Finished CE: NIFTY25D2326050CE, momentum={'symbol': 'NIFTY25D2326050CE', 'avg_change': np.float64(-0.09), 'consistency': np.float64(100.0), 'direction': 'FLAT'}
🧮 Comparing CE vs PE momentum...
📈 CE momentum: -0.090% (FLAT, 100.0%)
📉 PE momentum: -0.042% (FLAT, 100.0%)
⚖️  Momentum similar — choosing PE fallback
✅ Selected: NIFTY25D2325850PE (PE) | LTP=97.1 | lot_size=75 | groww_symbol=NSE-NIFTY-23Dec25-25850-PE

🌀 Generated cURL for Groww Candle API:
curl --location 'https://api.groww.in/v1/historical/candles?exchange=NSE&segment=FNO&groww_symbol=NSE-NIFTY-23Dec25-25850-PE&start_time=2025-12-16 10:41:59&end_time=2025-12-16 10:44:59&candle_interval=1minute' \
  --header 'Accept: application/json' \
  --header 'Authorization: Bearer eyJraWQiOiJaTUtjVXciLCJhbGciOiJFUzI1NiJ9.eyJleHAiOjE3NjU5MzE0MDAsImlhdCI6MTc2NTg1ODIwNywibmJmIjoxNzY1ODU4MjA3LCJzdWIiOiJ7XCJ0b2tlblJlZklkXCI6XCIwYjllOGZlYS04MjU5LTRmNDItYjJkZi05NzFjNzg4ZGRiZjRcIixcInZlbmRvckludGVncmF0aW9uS2V5XCI6XCJlMzFmZjIzYjA4NmI0MDZjODg3NGIyZjZkODQ5NTMxM1wiLFwidXNlckFjY291bnRJZFwiOlwiMmVlMjYyMjItN2MwNS00Y2IwLWIwM2MtNzAzYWRmNWVmN2RkXCIsXCJkZXZpY2VJZFwiOlwiNWQwYzdjODgtMGI1OS01MDU0LTk5ZTYtYWU5MzY5OTc2ZmRiXCIsXCJzZXNzaW9uSWRcIjpcIjcyMmIwOTU2LWQyNTEtNGE3ZS05OTdhLTcyNDBiMWM5MTZjMFwiLFwiYWRkaXRpb25hbERhdGFcIjpcIno1NC9NZzltdjE2WXdmb0gvS0EwYktvMDZXRlpjc241VUNmTWF5aERtNGxSTkczdTlLa2pWZDNoWjU1ZStNZERhWXBOVi9UOUxIRmtQejFFQisybTdRPT1cIixcInJvbGVcIjpcIm9yZGVyLWJhc2ljLGxpdmVfZGF0YS1iYXNpYyxub25fdHJhZGluZy1iYXNpYyxvcmRlcl9yZWFkX29ubHktYmFzaWMsYmFja190ZXN0XCIsXCJzb3VyY2VJcEFkZHJlc3NcIjpudWxsLFwidHdvRmFFeHBpcnlUc1wiOjE3NjU5MzE0MDAwMDB9IiwiaXNzIjoiYXBleC1hdXRoLXByb2QtYXBwIn0.i4quKcJEh42pZlcqJ-VH_cT3gLulGM6k035pFS9KtZGgvFulPrrj_MdO4F-n5MWEeKulZn_YeabeUGXtdaY3-A' \
  --header 'X-API-VERSION: 1.0'

📊 3-min candle trend → PE (O1=97.35, C3=98.45)
Market Direction: PE
✅ Market direction CONFIRMS momentum → proceeding with order.
➡️ Placing auto order: {'symbol': 'NIFTY25D2325850PE', 'ltp': 97.1, 'lots': 14, 'book_profit': 1050.0, 'lot_size': 75, 'side': 'BUY'} ====== [2025-12-16 10:45:00]
🔹 Auto order => NIFTY25D2325850PE, qty=1050, book@1050.0 ====== [2025-12-16 10:45:01]
💰 LTP for NSE_NIFTY25D2325850PE: ₹98.3 ====== [2025-12-16 10:45:01]
✅ Auto Buy placed: :{'groww_order_id': 'GMKFO251216104500VIF08MGSB8EU', 'order_status': 'NEW', 'order_reference_id': '29041472', 'remark': None} ======= [2025-12-16 10:45:02]
📈 Trailing started...
🔼 New High: ₹98.5
🔼 New High: ₹98.75
🔼 New High: ₹99.0
🔼 New High: ₹99.2
🔼 New High: ₹99.65
📉 Trail Active | LTP=99.65 | Exit=98.9
🔼 New High: ₹99.8
📉 Trail Active | LTP=99.8 | Exit=99.05
🔼 New High: ₹100.15
📉 Trail Active | LTP=100.15 | Exit=99.4
📉 Trail Active | LTP=100.15 | Exit=99.4
🔼 New High: ₹100.45
📉 Trail Active | LTP=100.45 | Exit=99.7
📉 Trail Active | LTP=100.45 | Exit=99.7
📉 Trail Active | LTP=100.0 | Exit=99.7
📉 Trail Active | LTP=99.95 | Exit=99.7
📉 Trail Active | LTP=99.95 | Exit=99.7
📉 Trail Active | LTP=100.25 | Exit=99.7
📉 Trail Active | LTP=100.15 | Exit=99.7
📉 Trail Active | LTP=100.0 | Exit=99.7
📉 Trail Active | LTP=99.95 | Exit=99.7
📉 Trail Active | LTP=99.95 | Exit=99.7
📉 Trail Active | LTP=100.0 | Exit=99.7
📉 Trail Active | LTP=100.3 | Exit=99.7
🔼 New High: ₹100.55
📉 Trail Active | LTP=100.55 | Exit=99.8
📉 Trail Active | LTP=100.25 | Exit=99.8
📉 Trail Active | LTP=100.2 | Exit=99.8
📉 Trail Active | LTP=99.65 | Exit=99.8
🔻 Trailing HIT @ 99.65
Waiting for 1 min to get another data.
🔍 Detecting best option between CE and PE for NIFTY 2025-12-23…
➡️  Searching CE between 80-130
➡️  Searching PE between 80-130
⚙️ Checking momentum for top 1 CE candidates...

🧭 Checking momentum for NIFTY25D2326050CE (5 samples, every 1s):
⚙️ Checking momentum for top 2 PE candidates...

🧭 Checking momentum for NIFTY25D2325850PE (5 samples, every 1s):

🧭 Checking momentum for NIFTY25D2325800PE (5 samples, every 1s):
[NIFTY25D2326050CE] ⏱ Sample 1/5: LTP = ₹92.80
[NIFTY25D2325850PE] ⏱ Sample 1/5: LTP = ₹97.55
[NIFTY25D2325800PE] ⏱ Sample 1/5: LTP = ₹80.55
[NIFTY25D2326050CE] ⏱ Sample 2/5: LTP = ₹92.65
[NIFTY25D2325850PE] ⏱ Sample 2/5: LTP = ₹97.65
[NIFTY25D2325800PE] ⏱ Sample 2/5: LTP = ₹80.45
[NIFTY25D2326050CE] ⏱ Sample 3/5: LTP = ₹92.55
[NIFTY25D2325850PE] ⏱ Sample 3/5: LTP = ₹97.65
[NIFTY25D2325800PE] ⏱ Sample 3/5: LTP = ₹80.90
[NIFTY25D2326050CE] ⏱ Sample 4/5: LTP = ₹92.55
[NIFTY25D2325850PE] ⏱ Sample 4/5: LTP = ₹97.65
[NIFTY25D2325800PE] ⏱ Sample 4/5: LTP = ₹80.90
[NIFTY25D2326050CE] ⏱ Sample 5/5: LTP = ₹92.25
[NIFTY25D2325850PE] ⏱ Sample 5/5: LTP = ₹97.65
[NIFTY25D2326050CE] 📊 Avg Δ = -0.117%, Consistency = 100.0% → FLAT
[NIFTY25D2326050CE] 📈 Range ₹92.80 → ₹92.25

⚠️ No strong momentum found for CE (>0.25%, consistency >70%)
📊 Running momentum check for CE (NIFTY25D2326050CE)

🧭 Checking momentum for NIFTY25D2326050CE (5 samples, every 1s):
[NIFTY25D2325800PE] ⏱ Sample 5/5: LTP = ₹81.05
[NIFTY25D2325850PE] 📊 Avg Δ = 0.017%, Consistency = 50.0% → FLAT
[NIFTY25D2325850PE] 📈 Range ₹97.55 → ₹97.65

[NIFTY25D2326050CE] ⏱ Sample 1/5: LTP = ₹91.95
[NIFTY25D2325800PE] 📊 Avg Δ = 0.196%, Consistency = 100.0% → FLAT
[NIFTY25D2325800PE] 📈 Range ₹80.55 → ₹81.05

⚠️ No strong momentum found for PE (>0.3%, consistency >70%)
📊 Running momentum check for PE (NIFTY25D2325850PE)

🧭 Checking momentum for NIFTY25D2325850PE (5 samples, every 1s):
[NIFTY25D2325850PE] ⏱ Sample 1/5: LTP = ₹98.90
[NIFTY25D2326050CE] ⏱ Sample 2/5: LTP = ₹91.95
[NIFTY25D2325850PE] ⏱ Sample 2/5: LTP = ₹98.65
[NIFTY25D2326050CE] ⏱ Sample 3/5: LTP = ₹92.00
[NIFTY25D2325850PE] ⏱ Sample 3/5: LTP = ₹99.00
[NIFTY25D2326050CE] ⏱ Sample 4/5: LTP = ₹92.10
[NIFTY25D2325850PE] ⏱ Sample 4/5: LTP = ₹99.50
[NIFTY25D2326050CE] ⏱ Sample 5/5: LTP = ₹91.50
[NIFTY25D2326050CE] 📊 Avg Δ = -0.054%, Consistency = 50.0% → FLAT
[NIFTY25D2326050CE] 📈 Range ₹91.95 → ₹91.50

✅ Momentum for CE: {'symbol': 'NIFTY25D2326050CE', 'avg_change': np.float64(-0.054), 'consistency': np.float64(50.0), 'direction': 'FLAT'}
🧩 Finished CE: NIFTY25D2326050CE, momentum={'symbol': 'NIFTY25D2326050CE', 'avg_change': np.float64(-0.054), 'consistency': np.float64(50.0), 'direction': 'FLAT'}
[NIFTY25D2325850PE] ⏱ Sample 5/5: LTP = ₹99.45
[NIFTY25D2325850PE] 📊 Avg Δ = 0.236%, Consistency = 100.0% → FLAT
[NIFTY25D2325850PE] 📈 Range ₹98.90 → ₹99.45

✅ Momentum for PE: {'symbol': 'NIFTY25D2325850PE', 'avg_change': np.float64(0.236), 'consistency': np.float64(100.0), 'direction': 'FLAT'}
🧩 Finished PE: NIFTY25D2325850PE, momentum={'symbol': 'NIFTY25D2325850PE', 'avg_change': np.float64(0.236), 'consistency': np.float64(100.0), 'direction': 'FLAT'}
🧮 Comparing CE vs PE momentum...
📈 CE momentum: -0.054% (FLAT, 50.0%)
📉 PE momentum: 0.236% (FLAT, 100.0%)
✅ Selected PE (stronger momentum)
✅ Selected: NIFTY25D2325850PE (PE) | LTP=98.7 | lot_size=75 | groww_symbol=NSE-NIFTY-23Dec25-25850-PE

🌀 Generated cURL for Groww Candle API:
curl --location 'https://api.groww.in/v1/historical/candles?exchange=NSE&segment=FNO&groww_symbol=NSE-NIFTY-23Dec25-25850-PE&start_time=2025-12-16 10:45:19&end_time=2025-12-16 10:48:19&candle_interval=1minute' \
  --header 'Accept: application/json' \
  --header 'Authorization: Bearer eyJraWQiOiJaTUtjVXciLCJhbGciOiJFUzI1NiJ9.eyJleHAiOjE3NjU5MzE0MDAsImlhdCI6MTc2NTg1ODIwNywibmJmIjoxNzY1ODU4MjA3LCJzdWIiOiJ7XCJ0b2tlblJlZklkXCI6XCIwYjllOGZlYS04MjU5LTRmNDItYjJkZi05NzFjNzg4ZGRiZjRcIixcInZlbmRvckludGVncmF0aW9uS2V5XCI6XCJlMzFmZjIzYjA4NmI0MDZjODg3NGIyZjZkODQ5NTMxM1wiLFwidXNlckFjY291bnRJZFwiOlwiMmVlMjYyMjItN2MwNS00Y2IwLWIwM2MtNzAzYWRmNWVmN2RkXCIsXCJkZXZpY2VJZFwiOlwiNWQwYzdjODgtMGI1OS01MDU0LTk5ZTYtYWU5MzY5OTc2ZmRiXCIsXCJzZXNzaW9uSWRcIjpcIjcyMmIwOTU2LWQyNTEtNGE3ZS05OTdhLTcyNDBiMWM5MTZjMFwiLFwiYWRkaXRpb25hbERhdGFcIjpcIno1NC9NZzltdjE2WXdmb0gvS0EwYktvMDZXRlpjc241VUNmTWF5aERtNGxSTkczdTlLa2pWZDNoWjU1ZStNZERhWXBOVi9UOUxIRmtQejFFQisybTdRPT1cIixcInJvbGVcIjpcIm9yZGVyLWJhc2ljLGxpdmVfZGF0YS1iYXNpYyxub25fdHJhZGluZy1iYXNpYyxvcmRlcl9yZWFkX29ubHktYmFzaWMsYmFja190ZXN0XCIsXCJzb3VyY2VJcEFkZHJlc3NcIjpudWxsLFwidHdvRmFFeHBpcnlUc1wiOjE3NjU5MzE0MDAwMDB9IiwiaXNzIjoiYXBleC1hdXRoLXByb2QtYXBwIn0.i4quKcJEh42pZlcqJ-VH_cT3gLulGM6k035pFS9KtZGgvFulPrrj_MdO4F-n5MWEeKulZn_YeabeUGXtdaY3-A' \
  --header 'X-API-VERSION: 1.0'

📊 3-min candle trend → CE (O1=99.95, C3=99.6)
Market Direction: CE
❌ Skipping trade — market direction conflicts with momentum.
Waiting for 3 mins to get another data.
🔍 Detecting best option between CE and PE for NIFTY 2025-12-23…
➡️  Searching CE between 80-130
➡️  Searching PE between 80-130
⚙️ Checking momentum for top 1 CE candidates...

🧭 Checking momentum for NIFTY25D2326050CE (5 samples, every 1s):
⚙️ Checking momentum for top 2 PE candidates...

🧭 Checking momentum for NIFTY25D2325850PE (5 samples, every 1s):

🧭 Checking momentum for NIFTY25D2325800PE (5 samples, every 1s):
[NIFTY25D2326050CE] ⏱ Sample 1/5: LTP = ₹92.00
[NIFTY25D2325850PE] ⏱ Sample 1/5: LTP = ₹99.00
[NIFTY25D2325800PE] ⏱ Sample 1/5: LTP = ₹81.45
[NIFTY25D2326050CE] ⏱ Sample 2/5: LTP = ₹92.25
[NIFTY25D2325850PE] ⏱ Sample 2/5: LTP = ₹98.70
[NIFTY25D2325800PE] ⏱ Sample 2/5: LTP = ₹81.55
[NIFTY25D2326050CE] ⏱ Sample 3/5: LTP = ₹92.05
[NIFTY25D2325850PE] ⏱ Sample 3/5: LTP = ₹99.00
[NIFTY25D2325800PE] ⏱ Sample 3/5: LTP = ₹81.30
[NIFTY25D2326050CE] ⏱ Sample 4/5: LTP = ₹92.20
[NIFTY25D2325850PE] ⏱ Sample 4/5: LTP = ₹99.00
[NIFTY25D2325800PE] ⏱ Sample 4/5: LTP = ₹81.35
[NIFTY25D2326050CE] ⏱ Sample 5/5: LTP = ₹92.15
[NIFTY25D2325850PE] ⏱ Sample 5/5: LTP = ₹98.60
[NIFTY25D2326050CE] 📊 Avg Δ = 0.018%, Consistency = 50.0% → FLAT
[NIFTY25D2326050CE] 📈 Range ₹92.00 → ₹92.15

⚠️ No strong momentum found for CE (>0.25%, consistency >70%)
📊 Running momentum check for CE (NIFTY25D2326050CE)

🧭 Checking momentum for NIFTY25D2326050CE (5 samples, every 1s):
[NIFTY25D2325800PE] ⏱ Sample 5/5: LTP = ₹81.40
[NIFTY25D2325850PE] 📊 Avg Δ = -0.017%, Consistency = 50.0% → FLAT
[NIFTY25D2325850PE] 📈 Range ₹99.00 → ₹98.60

[NIFTY25D2326050CE] ⏱ Sample 1/5: LTP = ₹92.30
[NIFTY25D2325800PE] 📊 Avg Δ = -0.051%, Consistency = 100.0% → FLAT
[NIFTY25D2325800PE] 📈 Range ₹81.45 → ₹81.40

⚠️ No strong momentum found for PE (>0.3%, consistency >70%)
📊 Running momentum check for PE (NIFTY25D2325850PE)

🧭 Checking momentum for NIFTY25D2325850PE (5 samples, every 1s):
[NIFTY25D2325850PE] ⏱ Sample 1/5: LTP = ₹98.65
[NIFTY25D2326050CE] ⏱ Sample 2/5: LTP = ₹92.65
[NIFTY25D2325850PE] ⏱ Sample 2/5: LTP = ₹98.50
[NIFTY25D2326050CE] ⏱ Sample 3/5: LTP = ₹92.50
[NIFTY25D2325850PE] ⏱ Sample 3/5: LTP = ₹98.50
[NIFTY25D2326050CE] ⏱ Sample 4/5: LTP = ₹92.50
[NIFTY25D2325850PE] ⏱ Sample 4/5: LTP = ₹98.40
[NIFTY25D2326050CE] ⏱ Sample 5/5: LTP = ₹92.70
[NIFTY25D2326050CE] 📊 Avg Δ = 0.045%, Consistency = 100.0% → FLAT
[NIFTY25D2326050CE] 📈 Range ₹92.30 → ₹92.70

✅ Momentum for CE: {'symbol': 'NIFTY25D2326050CE', 'avg_change': np.float64(0.045), 'consistency': np.float64(100.0), 'direction': 'FLAT'}
🧩 Finished CE: NIFTY25D2326050CE, momentum={'symbol': 'NIFTY25D2326050CE', 'avg_change': np.float64(0.045), 'consistency': np.float64(100.0), 'direction': 'FLAT'}
[NIFTY25D2325850PE] ⏱ Sample 5/5: LTP = ₹98.25
[NIFTY25D2325850PE] 📊 Avg Δ = -0.085%, Consistency = 100.0% → FLAT
[NIFTY25D2325850PE] 📈 Range ₹98.65 → ₹98.25

✅ Momentum for PE: {'symbol': 'NIFTY25D2325850PE', 'avg_change': np.float64(-0.085), 'consistency': np.float64(100.0), 'direction': 'FLAT'}
🧩 Finished PE: NIFTY25D2325850PE, momentum={'symbol': 'NIFTY25D2325850PE', 'avg_change': np.float64(-0.085), 'consistency': np.float64(100.0), 'direction': 'FLAT'}
🧮 Comparing CE vs PE momentum...
📈 CE momentum: 0.045% (FLAT, 100.0%)
📉 PE momentum: -0.085% (FLAT, 100.0%)
⚖️  Momentum similar — choosing CE fallback
✅ Selected: NIFTY25D2326050CE (CE) | LTP=91.55 | lot_size=75 | groww_symbol=NSE-NIFTY-23Dec25-26050-CE

🌀 Generated cURL for Groww Candle API:
curl --location 'https://api.groww.in/v1/historical/candles?exchange=NSE&segment=FNO&groww_symbol=NSE-NIFTY-23Dec25-26050-CE&start_time=2025-12-16 10:49:09&end_time=2025-12-16 10:52:09&candle_interval=1minute' \
  --header 'Accept: application/json' \
  --header 'Authorization: Bearer eyJraWQiOiJaTUtjVXciLCJhbGciOiJFUzI1NiJ9.eyJleHAiOjE3NjU5MzE0MDAsImlhdCI6MTc2NTg1ODIwNywibmJmIjoxNzY1ODU4MjA3LCJzdWIiOiJ7XCJ0b2tlblJlZklkXCI6XCIwYjllOGZlYS04MjU5LTRmNDItYjJkZi05NzFjNzg4ZGRiZjRcIixcInZlbmRvckludGVncmF0aW9uS2V5XCI6XCJlMzFmZjIzYjA4NmI0MDZjODg3NGIyZjZkODQ5NTMxM1wiLFwidXNlckFjY291bnRJZFwiOlwiMmVlMjYyMjItN2MwNS00Y2IwLWIwM2MtNzAzYWRmNWVmN2RkXCIsXCJkZXZpY2VJZFwiOlwiNWQwYzdjODgtMGI1OS01MDU0LTk5ZTYtYWU5MzY5OTc2ZmRiXCIsXCJzZXNzaW9uSWRcIjpcIjcyMmIwOTU2LWQyNTEtNGE3ZS05OTdhLTcyNDBiMWM5MTZjMFwiLFwiYWRkaXRpb25hbERhdGFcIjpcIno1NC9NZzltdjE2WXdmb0gvS0EwYktvMDZXRlpjc241VUNmTWF5aERtNGxSTkczdTlLa2pWZDNoWjU1ZStNZERhWXBOVi9UOUxIRmtQejFFQisybTdRPT1cIixcInJvbGVcIjpcIm9yZGVyLWJhc2ljLGxpdmVfZGF0YS1iYXNpYyxub25fdHJhZGluZy1iYXNpYyxvcmRlcl9yZWFkX29ubHktYmFzaWMsYmFja190ZXN0XCIsXCJzb3VyY2VJcEFkZHJlc3NcIjpudWxsLFwidHdvRmFFeHBpcnlUc1wiOjE3NjU5MzE0MDAwMDB9IiwiaXNzIjoiYXBleC1hdXRoLXByb2QtYXBwIn0.i4quKcJEh42pZlcqJ-VH_cT3gLulGM6k035pFS9KtZGgvFulPrrj_MdO4F-n5MWEeKulZn_YeabeUGXtdaY3-A' \
  --header 'X-API-VERSION: 1.0'

📊 3-min candle trend → CE (O1=91.8, C3=92.9)
Market Direction: CE
✅ Market direction CONFIRMS momentum → proceeding with order.
➡️ Placing auto order: {'symbol': 'NIFTY25D2326050CE', 'ltp': 91.55, 'lots': 14, 'book_profit': 1050.0, 'lot_size': 75, 'side': 'BUY'} ====== [2025-12-16 10:52:10]
🔹 Auto order => NIFTY25D2326050CE, qty=1050, book@1050.0 ====== [2025-12-16 10:52:11]
💰 LTP for NSE_NIFTY25D2326050CE: ₹92.9 ====== [2025-12-16 10:52:11]
✅ Auto Buy placed: :{'groww_order_id': 'GMKFO251216105211UISYC1Y1585J', 'order_status': 'NEW', 'order_reference_id': '86014278', 'remark': None} ======= [2025-12-16 10:52:12]
📈 Trailing started...
🔼 New High: ₹93.1
🔼 New High: ₹93.2
🔼 New High: ₹93.45
🔼 New High: ₹93.5
🔼 New High: ₹93.55
Traceback (most recent call last):
  File "C:\Users\HITS\eclipse-workspace\Groww_Python_Trading_Bot\QA_env_sample_test_groww_option_trading_final_bot.py", line 1301, in <module>
    auto_mode_runner()
  File "C:\Users\HITS\eclipse-workspace\Groww_Python_Trading_Bot\QA_env_sample_test_groww_option_trading_final_bot.py", line 1281, in auto_mode_runner
    place_cp_order(order_details, is_auto=True)
  File "C:\Users\HITS\eclipse-workspace\Groww_Python_Trading_Bot\QA_env_sample_test_groww_option_trading_final_bot.py", line 1089, in place_cp_order
    time.sleep(poll)
KeyboardInterrupt
