📝 Logging started. Log file: C:\Users\HITS\eclipse-workspace\Groww_Python_Trading_Bot\logs\Groww_Bot_2025-10-30_15-20-17.log
eyJraWQiOiJaTUtjVXciLCJhbGciOiJFUzI1NiJ9.eyJleHAiOjE3NjE4NzA2MDAsImlhdCI6MTc2MTgxNzgxOSwibmJmIjoxNzYxODE3ODE5LCJzdWIiOiJ7XCJ0b2tlblJlZklkXCI6XCJlYzZhYTViYi1jMWE4LTQwMjQtODVlNC00MTBkOWRmMTFlZTlcIixcInZlbmRvckludGVncmF0aW9uS2V5XCI6XCJlMzFmZjIzYjA4NmI0MDZjODg3NGIyZjZkODQ5NTMxM1wiLFwidXNlckFjY291bnRJZFwiOlwiMmVlMjYyMjItN2MwNS00Y2IwLWIwM2MtNzAzYWRmNWVmN2RkXCIsXCJkZXZpY2VJZFwiOlwiNWQwYzdjODgtMGI1OS01MDU0LTk5ZTYtYWU5MzY5OTc2ZmRiXCIsXCJzZXNzaW9uSWRcIjpcImNlNWM1Y2EyLTk5MWUtNGE5MC05MTAwLWFmYjNhZDI1NmNjMVwiLFwiYWRkaXRpb25hbERhdGFcIjpcIno1NC9NZzltdjE2WXdmb0gvS0EwYktvMDZXRlpjc241VUNmTWF5aERtNGxSTkczdTlLa2pWZDNoWjU1ZStNZERhWXBOVi9UOUxIRmtQejFFQisybTdRPT1cIixcInJvbGVcIjpcIm9yZGVyLWJhc2ljLGxpdmVfZGF0YS1iYXNpYyxub25fdHJhZGluZy1iYXNpYyxvcmRlcl9yZWFkX29ubHktYmFzaWMsYmFja190ZXN0XCIsXCJzb3VyY2VJcEFkZHJlc3NcIjpudWxsLFwidHdvRmFFeHBpcnlUc1wiOjE3NjE4NzA2MDAwMDB9IiwiaXNzIjoiYXBleC1hdXRoLXByb2QtYXBwIn0.XL4gGzziIVH9k56HwEF5YhX-sZlmOWIfgVsuIe1i7D4Y6j_DRkncWdbU8Uh96uJUlps6PvboLjCRlFTfjJNljg
Ready to Groww!
✅ Groww API Initialized Successfully
✅ Converted 'C:\Users\HITS\Downloads\instrument (1).csv' → 'C:\Users\HITS\Downloads\instrument (1).json'
🎯 Filtering NIFTY 04/11/2025 instruments between 25450–26450 (Spot=25950)
✅ Loaded 316 filtered instruments (out of 105971)

✨ Groww NIFTY CP Bot Ready (Groww backend)
Manual example: Buy 14 NIFTY04NOV2525950CE at CP and Book at 1050

Choose mode: (m)anual / (a)uto / (q)uit: 
--- AUTO MODE (momentum + premium) ---
🔍 Detecting best option between CE and PE for NIFTY 04/11/2025…
➡️  Searching CE between 80-130
➡️  Searching PE between 80-130
⚙️ Checking momentum for top 2 PE candidates...

🧭 Checking momentum for NIFTY25N0425900PE (5 samples, every 1s):

🧭 Checking momentum for NIFTY25N0425950PE (5 samples, every 1s):
[NIFTY25N0425900PE] ⏱ Sample 1/5: LTP = ₹96.15
⚙️ Checking momentum for top 2 CE candidates...

🧭 Checking momentum for NIFTY25N0426000CE (5 samples, every 1s):

🧭 Checking momentum for NIFTY25N0425950CE (5 samples, every 1s):
[NIFTY25N0425950PE] ⏱ Sample 1/5: LTP = ₹119.60
[NIFTY25N0425900PE] ⏱ Sample 2/5: LTP = ₹96.00
[NIFTY25N0426000CE] ⏱ Sample 1/5: LTP = ₹96.55
[NIFTY25N0425950CE] ⏱ Sample 1/5: LTP = ₹120.00
[NIFTY25N0425950PE] ⏱ Sample 2/5: LTP = ₹119.40
[NIFTY25N0425900PE] ⏱ Sample 3/5: LTP = ₹96.75
[NIFTY25N0426000CE] ⏱ Sample 2/5: LTP = ₹97.00
[NIFTY25N0425950CE] ⏱ Sample 2/5: LTP = ₹119.95
[NIFTY25N0425950PE] ⏱ Sample 3/5: LTP = ₹119.90
[NIFTY25N0425900PE] ⏱ Sample 4/5: LTP = ₹96.65
[NIFTY25N0426000CE] ⏱ Sample 3/5: LTP = ₹96.85
[NIFTY25N0425950CE] ⏱ Sample 3/5: LTP = ₹120.20
[NIFTY25N0425950PE] ⏱ Sample 4/5: LTP = ₹120.00
[NIFTY25N0425900PE] ⏱ Sample 5/5: LTP = ₹96.65
[NIFTY25N0426000CE] ⏱ Sample 4/5: LTP = ₹96.95
[NIFTY25N0425900PE] 📊 Avg Δ = 0.199%, Consistency = 100.0% → FLAT
[NIFTY25N0425900PE] 📈 Range ₹96.15 → ₹96.65

[NIFTY25N0425950CE] ⏱ Sample 4/5: LTP = ₹119.85
[NIFTY25N0425950PE] ⏱ Sample 5/5: LTP = ₹119.90
[NIFTY25N0426000CE] ⏱ Sample 5/5: LTP = ₹96.95
[NIFTY25N0425950PE] 📊 Avg Δ = 0.125%, Consistency = 100.0% → FLAT
[NIFTY25N0425950PE] 📈 Range ₹119.60 → ₹119.90

⚠️ No strong momentum found for PE (>0.3%, consistency >70%)
📊 Running momentum check for PE (NIFTY25N0425900PE)

🧭 Checking momentum for NIFTY25N0425900PE (5 samples, every 1s):
[NIFTY25N0425950CE] ⏱ Sample 5/5: LTP = ₹120.00
[NIFTY25N0426000CE] 📊 Avg Δ = 0.060%, Consistency = 50.0% → FLAT
[NIFTY25N0426000CE] 📈 Range ₹96.55 → ₹96.95

[NIFTY25N0425900PE] ⏱ Sample 1/5: LTP = ₹96.30
[NIFTY25N0425950CE] 📊 Avg Δ = -0.014%, Consistency = 50.0% → FLAT
[NIFTY25N0425950CE] 📈 Range ₹120.00 → ₹120.00

⚠️ No strong momentum found for CE (>0.25%, consistency >70%)
📊 Running momentum check for CE (NIFTY25N0426000CE)

🧭 Checking momentum for NIFTY25N0426000CE (5 samples, every 1s):
[NIFTY25N0426000CE] ⏱ Sample 1/5: LTP = ₹96.50
[NIFTY25N0425900PE] ⏱ Sample 2/5: LTP = ₹96.40
[NIFTY25N0426000CE] ⏱ Sample 2/5: LTP = ₹96.45
[NIFTY25N0425900PE] ⏱ Sample 3/5: LTP = ₹96.45
[NIFTY25N0426000CE] ⏱ Sample 3/5: LTP = ₹96.65
[NIFTY25N0425900PE] ⏱ Sample 4/5: LTP = ₹96.45
[NIFTY25N0426000CE] ⏱ Sample 4/5: LTP = ₹96.75
[NIFTY25N0425900PE] ⏱ Sample 5/5: LTP = ₹96.50
[NIFTY25N0426000CE] ⏱ Sample 5/5: LTP = ₹96.10
[NIFTY25N0425900PE] 📊 Avg Δ = 0.043%, Consistency = 100.0% → FLAT
[NIFTY25N0425900PE] 📈 Range ₹96.30 → ₹96.50

✅ Momentum for PE: {'symbol': 'NIFTY25N0425900PE', 'avg_change': np.float64(0.043), 'consistency': np.float64(100.0), 'direction': 'FLAT'}
🧩 Finished PE: NIFTY25N0425900PE, momentum={'symbol': 'NIFTY25N0425900PE', 'avg_change': np.float64(0.043), 'consistency': np.float64(100.0), 'direction': 'FLAT'}
[NIFTY25N0426000CE] 📊 Avg Δ = -0.017%, Consistency = 50.0% → FLAT
[NIFTY25N0426000CE] 📈 Range ₹96.50 → ₹96.10

✅ Momentum for CE: {'symbol': 'NIFTY25N0426000CE', 'avg_change': np.float64(-0.017), 'consistency': np.float64(50.0), 'direction': 'FLAT'}
🧩 Finished CE: NIFTY25N0426000CE, momentum={'symbol': 'NIFTY25N0426000CE', 'avg_change': np.float64(-0.017), 'consistency': np.float64(50.0), 'direction': 'FLAT'}
🧮 Comparing CE vs PE momentum...
📈 CE momentum: -0.017% (FLAT, 50.0%)
📉 PE momentum: 0.043% (FLAT, 100.0%)
⚖️  Momentum similar — choosing PE fallback
✅ Selected: NIFTY25N0425900PE | LTP=99.2 | lot_size=75
➡️ Placing auto order: {'symbol': 'NIFTY25N0425900PE', 'ltp': 99.2, 'lots': 1, 'book_profit': 75.0, 'lot_size': 75, 'side': 'BUY'}
🔹 Auto order => NIFTY25N0425900PE, qty=75, book@75.0
💰 LTP for NSE_NIFTY25N0425900PE: ₹97.6
✅ Auto Buy placed: {'groww_order_id': 'GMKFO251030152124OGLKC7ZD8EWO', 'order_status': 'NEW', 'order_reference_id': '36215531', 'remark': None}
✅ Auto Target SELL @ 98.6 placed: {'groww_order_id': 'GLTFO251030152124W3ZR5DUCZBYZ', 'order_status': 'NEW', 'order_reference_id': '29180746', 'remark': None}
💰💰💰💰💰💰 PROFIT BOOKED 💰💰💰💰💰
🔍 Detecting best option between CE and PE for NIFTY 04/11/2025…
➡️  Searching CE between 80-130
➡️  Searching PE between 80-130
⚙️ Checking momentum for top 2 PE candidates...

🧭 Checking momentum for NIFTY25N0425900PE (5 samples, every 1s):

🧭 Checking momentum for NIFTY25N0425950PE (5 samples, every 1s):
⚙️ Checking momentum for top 2 CE candidates...

🧭 Checking momentum for NIFTY25N0426000CE (5 samples, every 1s):

🧭 Checking momentum for NIFTY25N0425950CE (5 samples, every 1s):
[NIFTY25N0425900PE] ⏱ Sample 1/5: LTP = ₹100.05
[NIFTY25N0425950PE] ⏱ Sample 1/5: LTP = ₹123.90
[NIFTY25N0426000CE] ⏱ Sample 1/5: LTP = ₹95.65
[NIFTY25N0425950CE] ⏱ Sample 1/5: LTP = ₹118.55
[NIFTY25N0425900PE] ⏱ Sample 2/5: LTP = ₹99.95
[NIFTY25N0425950PE] ⏱ Sample 2/5: LTP = ₹123.60
[NIFTY25N0426000CE] ⏱ Sample 2/5: LTP = ₹95.85
[NIFTY25N0425950CE] ⏱ Sample 2/5: LTP = ₹118.95
[NIFTY25N0425900PE] ⏱ Sample 3/5: LTP = ₹100.50
[NIFTY25N0425950PE] ⏱ Sample 3/5: LTP = ₹124.10
[NIFTY25N0426000CE] ⏱ Sample 3/5: LTP = ₹96.25
[NIFTY25N0425950CE] ⏱ Sample 3/5: LTP = ₹119.15
[NIFTY25N0425900PE] ⏱ Sample 4/5: LTP = ₹100.50
[NIFTY25N0425950PE] ⏱ Sample 4/5: LTP = ₹124.30
[NIFTY25N0426000CE] ⏱ Sample 4/5: LTP = ₹96.15
[NIFTY25N0425950CE] ⏱ Sample 4/5: LTP = ₹119.25
[NIFTY25N0425900PE] ⏱ Sample 5/5: LTP = ₹100.80
[NIFTY25N0425950PE] ⏱ Sample 5/5: LTP = ₹124.45
[NIFTY25N0425900PE] 📊 Avg Δ = 0.216%, Consistency = 100.0% → FLAT
[NIFTY25N0425900PE] 📈 Range ₹100.05 → ₹100.80

[NIFTY25N0426000CE] ⏱ Sample 5/5: LTP = ₹96.10
[NIFTY25N0425950PE] 📊 Avg Δ = 0.168%, Consistency = 100.0% → FLAT
[NIFTY25N0425950PE] 📈 Range ₹123.90 → ₹124.45

⚠️ No strong momentum found for PE (>0.3%, consistency >70%)
📊 Running momentum check for PE (NIFTY25N0425900PE)

🧭 Checking momentum for NIFTY25N0425900PE (5 samples, every 1s):
[NIFTY25N0425950CE] ⏱ Sample 5/5: LTP = ₹119.25
[NIFTY25N0426000CE] 📊 Avg Δ = 0.130%, Consistency = 100.0% → FLAT
[NIFTY25N0426000CE] 📈 Range ₹95.65 → ₹96.10

[NIFTY25N0425900PE] ⏱ Sample 1/5: LTP = ₹101.30
[NIFTY25N0425950CE] 📊 Avg Δ = 0.140%, Consistency = 100.0% → FLAT
[NIFTY25N0425950CE] 📈 Range ₹118.55 → ₹119.25

⚠️ No strong momentum found for CE (>0.25%, consistency >70%)
📊 Running momentum check for CE (NIFTY25N0426000CE)

🧭 Checking momentum for NIFTY25N0426000CE (5 samples, every 1s):
[NIFTY25N0426000CE] ⏱ Sample 1/5: LTP = ₹96.50
[NIFTY25N0425900PE] ⏱ Sample 2/5: LTP = ₹100.95
[NIFTY25N0426000CE] ⏱ Sample 2/5: LTP = ₹96.30
[NIFTY25N0425900PE] ⏱ Sample 3/5: LTP = ₹100.55
[NIFTY25N0426000CE] ⏱ Sample 3/5: LTP = ₹96.20
[NIFTY25N0425900PE] ⏱ Sample 4/5: LTP = ₹100.85
[NIFTY25N0426000CE] ⏱ Sample 4/5: LTP = ₹96.25
[NIFTY25N0425900PE] ⏱ Sample 5/5: LTP = ₹101.00
[NIFTY25N0426000CE] ⏱ Sample 5/5: LTP = ₹95.95
[NIFTY25N0425900PE] 📊 Avg Δ = -0.066%, Consistency = 50.0% → FLAT
[NIFTY25N0425900PE] 📈 Range ₹101.30 → ₹101.00

✅ Momentum for PE: {'symbol': 'NIFTY25N0425900PE', 'avg_change': np.float64(-0.066), 'consistency': np.float64(50.0), 'direction': 'FLAT'}
🧩 Finished PE: NIFTY25N0425900PE, momentum={'symbol': 'NIFTY25N0425900PE', 'avg_change': np.float64(-0.066), 'consistency': np.float64(50.0), 'direction': 'FLAT'}
[NIFTY25N0426000CE] 📊 Avg Δ = -0.104%, Consistency = 100.0% → FLAT
[NIFTY25N0426000CE] 📈 Range ₹96.50 → ₹95.95

✅ Momentum for CE: {'symbol': 'NIFTY25N0426000CE', 'avg_change': np.float64(-0.104), 'consistency': np.float64(100.0), 'direction': 'FLAT'}
🧩 Finished CE: NIFTY25N0426000CE, momentum={'symbol': 'NIFTY25N0426000CE', 'avg_change': np.float64(-0.104), 'consistency': np.float64(100.0), 'direction': 'FLAT'}
🧮 Comparing CE vs PE momentum...
📈 CE momentum: -0.104% (FLAT, 100.0%)
📉 PE momentum: -0.066% (FLAT, 50.0%)
⚖️  Momentum similar — choosing PE fallback
✅ Selected: NIFTY25N0425900PE | LTP=99.3 | lot_size=75
➡️ Placing auto order: {'symbol': 'NIFTY25N0425900PE', 'ltp': 99.3, 'lots': 1, 'book_profit': 75.0, 'lot_size': 75, 'side': 'BUY'}
🔹 Auto order => NIFTY25N0425900PE, qty=75, book@75.0
💰 LTP for NSE_NIFTY25N0425900PE: ₹100.75
✅ Auto Buy placed: {'groww_order_id': 'GMKFO251030152232LM5R4730Y5Y6', 'order_status': 'NEW', 'order_reference_id': '90528708', 'remark': None}
✅ Auto Target SELL @ 101.75 placed: {'groww_order_id': 'GLTFO251030152232GQBIBCLZR0XX', 'order_status': 'NEW', 'order_reference_id': '43104849', 'remark': None}
💰💰💰💰💰💰 PROFIT BOOKED 💰💰💰💰💰
🔍 Detecting best option between CE and PE for NIFTY 04/11/2025…
➡️  Searching CE between 80-130
➡️  Searching PE between 80-130
⚙️ Checking momentum for top 2 CE candidates...

🧭 Checking momentum for NIFTY25N0426000CE (5 samples, every 1s):

🧭 Checking momentum for NIFTY25N0425950CE (5 samples, every 1s):
⚙️ Checking momentum for top 3 PE candidates...

🧭 Checking momentum for NIFTY25N0425900PE (5 samples, every 1s):

🧭 Checking momentum for NIFTY25N0425950PE (5 samples, every 1s):

🧭 Checking momentum for NIFTY25N0425850PE (5 samples, every 1s):
[NIFTY25N0426000CE] ⏱ Sample 1/5: LTP = ₹95.05
[NIFTY25N0425950CE] ⏱ Sample 1/5: LTP = ₹118.05
[NIFTY25N0425900PE] ⏱ Sample 1/5: LTP = ₹100.80
[NIFTY25N0425950PE] ⏱ Sample 1/5: LTP = ₹124.15
[NIFTY25N0425850PE] ⏱ Sample 1/5: LTP = ₹81.00
[NIFTY25N0426000CE] ⏱ Sample 2/5: LTP = ₹95.15
[NIFTY25N0425950CE] ⏱ Sample 2/5: LTP = ₹118.00
[NIFTY25N0425900PE] ⏱ Sample 2/5: LTP = ₹101.00
[NIFTY25N0425950PE] ⏱ Sample 2/5: LTP = ₹124.50
[NIFTY25N0425850PE] ⏱ Sample 2/5: LTP = ₹81.10
[NIFTY25N0426000CE] ⏱ Sample 3/5: LTP = ₹95.00
[NIFTY25N0425950CE] ⏱ Sample 3/5: LTP = ₹118.00
[NIFTY25N0425900PE] ⏱ Sample 3/5: LTP = ₹100.95
[NIFTY25N0425950PE] ⏱ Sample 3/5: LTP = ₹124.85
[NIFTY25N0425850PE] ⏱ Sample 3/5: LTP = ₹81.30
[NIFTY25N0426000CE] ⏱ Sample 4/5: LTP = ₹94.35
[NIFTY25N0425950CE] ⏱ Sample 4/5: LTP = ₹117.40
[NIFTY25N0425900PE] ⏱ Sample 4/5: LTP = ₹100.85
[NIFTY25N0425950PE] ⏱ Sample 4/5: LTP = ₹124.65
[NIFTY25N0425850PE] ⏱ Sample 4/5: LTP = ₹81.35
[NIFTY25N0426000CE] ⏱ Sample 5/5: LTP = ₹94.50
[NIFTY25N0425950CE] ⏱ Sample 5/5: LTP = ₹117.40
[NIFTY25N0426000CE] 📊 Avg Δ = -0.237%, Consistency = 100.0% → FLAT
[NIFTY25N0426000CE] 📈 Range ₹95.05 → ₹94.50

[NIFTY25N0425900PE] ⏱ Sample 5/5: LTP = ₹101.15
[NIFTY25N0425950CE] 📊 Avg Δ = -0.177%, Consistency = 100.0% → FLAT
[NIFTY25N0425950CE] 📈 Range ₹118.05 → ₹117.40

⚠️ No strong momentum found for CE (>0.25%, consistency >70%)
📊 Running momentum check for CE (NIFTY25N0426000CE)

🧭 Checking momentum for NIFTY25N0426000CE (5 samples, every 1s):
[NIFTY25N0425950PE] ⏱ Sample 5/5: LTP = ₹125.00
[NIFTY25N0425900PE] 📊 Avg Δ = 0.033%, Consistency = 100.0% → FLAT
[NIFTY25N0425900PE] 📈 Range ₹100.80 → ₹101.15

[NIFTY25N0425850PE] ⏱ Sample 5/5: LTP = ₹81.60
[NIFTY25N0425950PE] 📊 Avg Δ = 0.134%, Consistency = 100.0% → FLAT
[NIFTY25N0425950PE] 📈 Range ₹124.15 → ₹125.00

[NIFTY25N0426000CE] ⏱ Sample 1/5: LTP = ₹94.45
[NIFTY25N0425850PE] 📊 Avg Δ = 0.174%, Consistency = 100.0% → FLAT
[NIFTY25N0425850PE] 📈 Range ₹81.00 → ₹81.60

⚠️ No strong momentum found for PE (>0.3%, consistency >70%)
📊 Running momentum check for PE (NIFTY25N0425900PE)

🧭 Checking momentum for NIFTY25N0425900PE (5 samples, every 1s):
[NIFTY25N0425900PE] ⏱ Sample 1/5: LTP = ₹101.10
[NIFTY25N0426000CE] ⏱ Sample 2/5: LTP = ₹94.55
[NIFTY25N0425900PE] ⏱ Sample 2/5: LTP = ₹101.20
[NIFTY25N0426000CE] ⏱ Sample 3/5: LTP = ₹94.65
[NIFTY25N0425900PE] ⏱ Sample 3/5: LTP = ₹101.30
[NIFTY25N0426000CE] ⏱ Sample 4/5: LTP = ₹94.80
[NIFTY25N0425900PE] ⏱ Sample 4/5: LTP = ₹101.35
[NIFTY25N0426000CE] ⏱ Sample 5/5: LTP = ₹94.55
[NIFTY25N0425900PE] ⏱ Sample 5/5: LTP = ₹100.85
[NIFTY25N0426000CE] 📊 Avg Δ = 0.062%, Consistency = 50.0% → FLAT
[NIFTY25N0426000CE] 📈 Range ₹94.45 → ₹94.55

✅ Momentum for CE: {'symbol': 'NIFTY25N0426000CE', 'avg_change': np.float64(0.062), 'consistency': np.float64(50.0), 'direction': 'FLAT'}
🧩 Finished CE: NIFTY25N0426000CE, momentum={'symbol': 'NIFTY25N0426000CE', 'avg_change': np.float64(0.062), 'consistency': np.float64(50.0), 'direction': 'FLAT'}
[NIFTY25N0425900PE] 📊 Avg Δ = -0.016%, Consistency = 50.0% → FLAT
[NIFTY25N0425900PE] 📈 Range ₹101.10 → ₹100.85

✅ Momentum for PE: {'symbol': 'NIFTY25N0425900PE', 'avg_change': np.float64(-0.016), 'consistency': np.float64(50.0), 'direction': 'FLAT'}
🧩 Finished PE: NIFTY25N0425900PE, momentum={'symbol': 'NIFTY25N0425900PE', 'avg_change': np.float64(-0.016), 'consistency': np.float64(50.0), 'direction': 'FLAT'}
🧮 Comparing CE vs PE momentum...
📈 CE momentum: 0.062% (FLAT, 50.0%)
📉 PE momentum: -0.016% (FLAT, 50.0%)
⚖️  Momentum similar — choosing CE fallback
✅ Selected: NIFTY25N0426000CE | LTP=94.55 | lot_size=75
➡️ Placing auto order: {'symbol': 'NIFTY25N0426000CE', 'ltp': 94.55, 'lots': 1, 'book_profit': 75.0, 'lot_size': 75, 'side': 'BUY'}
🔹 Auto order => NIFTY25N0426000CE, qty=75, book@75.0
💰 LTP for NSE_NIFTY25N0426000CE: ₹94.7
✅ Auto Buy placed: {'groww_order_id': 'GMKFO251030152500BD76OK8ODQ8H', 'order_status': 'NEW', 'order_reference_id': '96737075', 'remark': None}
✅ Auto Target SELL @ 95.7 placed: {'groww_order_id': 'GLTFO2510301525016949FWZ5PXKX', 'order_status': 'NEW', 'order_reference_id': '74016445', 'remark': None}
💰💰💰💰💰💰 PROFIT BOOKED 💰💰💰💰💰
🔍 Detecting best option between CE and PE for NIFTY 04/11/2025…
➡️  Searching CE between 80-130
➡️  Searching PE between 80-130
⚙️ Checking momentum for top 2 CE candidates...

🧭 Checking momentum for NIFTY25N0426000CE (5 samples, every 1s):

🧭 Checking momentum for NIFTY25N0425950CE (5 samples, every 1s):
⚙️ Checking momentum for top 3 PE candidates...

🧭 Checking momentum for NIFTY25N0425900PE (5 samples, every 1s):

🧭 Checking momentum for NIFTY25N0425950PE (5 samples, every 1s):

🧭 Checking momentum for NIFTY25N0425850PE (5 samples, every 1s):
[NIFTY25N0426000CE] ⏱ Sample 1/5: LTP = ₹96.00
[NIFTY25N0425950CE] ⏱ Sample 1/5: LTP = ₹119.45
[NIFTY25N0425900PE] ⏱ Sample 1/5: LTP = ₹99.75
[NIFTY25N0425950PE] ⏱ Sample 1/5: LTP = ₹123.30
[NIFTY25N0425850PE] ⏱ Sample 1/5: LTP = ₹80.50
[NIFTY25N0426000CE] ⏱ Sample 2/5: LTP = ₹96.15
[NIFTY25N0425950CE] ⏱ Sample 2/5: LTP = ₹119.50
[NIFTY25N0425900PE] ⏱ Sample 2/5: LTP = ₹99.80
[NIFTY25N0425950PE] ⏱ Sample 2/5: LTP = ₹123.20
[NIFTY25N0425850PE] ⏱ Sample 2/5: LTP = ₹80.35
[NIFTY25N0426000CE] ⏱ Sample 3/5: LTP = ₹96.50
[NIFTY25N0425950CE] ⏱ Sample 3/5: LTP = ₹119.70
[NIFTY25N0425900PE] ⏱ Sample 3/5: LTP = ₹99.95
[NIFTY25N0425950PE] ⏱ Sample 3/5: LTP = ₹123.55
[NIFTY25N0425850PE] ⏱ Sample 3/5: LTP = ₹80.25
[NIFTY25N0426000CE] ⏱ Sample 4/5: LTP = ₹96.40
[NIFTY25N0425950CE] ⏱ Sample 4/5: LTP = ₹119.70
[NIFTY25N0425900PE] ⏱ Sample 4/5: LTP = ₹100.25
[NIFTY25N0425950PE] ⏱ Sample 4/5: LTP = ₹123.80
[NIFTY25N0425850PE] ⏱ Sample 4/5: LTP = ₹80.45
[NIFTY25N0426000CE] ⏱ Sample 5/5: LTP = ₹95.95
[NIFTY25N0425950CE] ⏱ Sample 5/5: LTP = ₹119.30
[NIFTY25N0426000CE] 📊 Avg Δ = 0.035%, Consistency = 50.0% → FLAT
[NIFTY25N0426000CE] 📈 Range ₹96.00 → ₹95.95

[NIFTY25N0425900PE] ⏱ Sample 5/5: LTP = ₹99.95
[NIFTY25N0425950CE] 📊 Avg Δ = 0.007%, Consistency = 50.0% → FLAT
[NIFTY25N0425950CE] 📈 Range ₹119.45 → ₹119.30

⚠️ No strong momentum found for CE (>0.25%, consistency >70%)
📊 Running momentum check for CE (NIFTY25N0426000CE)

🧭 Checking momentum for NIFTY25N0426000CE (5 samples, every 1s):
[NIFTY25N0425950PE] ⏱ Sample 5/5: LTP = ₹123.40
[NIFTY25N0425900PE] 📊 Avg Δ = 0.108%, Consistency = 100.0% → FLAT
[NIFTY25N0425900PE] 📈 Range ₹99.75 → ₹99.95

[NIFTY25N0425850PE] ⏱ Sample 5/5: LTP = ₹80.30
[NIFTY25N0425950PE] 📊 Avg Δ = 0.095%, Consistency = 100.0% → FLAT
[NIFTY25N0425950PE] 📈 Range ₹123.30 → ₹123.40

[NIFTY25N0426000CE] ⏱ Sample 1/5: LTP = ₹96.00
[NIFTY25N0425850PE] 📊 Avg Δ = -0.021%, Consistency = 100.0% → FLAT
[NIFTY25N0425850PE] 📈 Range ₹80.50 → ₹80.30

⚠️ No strong momentum found for PE (>0.3%, consistency >70%)
📊 Running momentum check for PE (NIFTY25N0425900PE)

🧭 Checking momentum for NIFTY25N0425900PE (5 samples, every 1s):
[NIFTY25N0425900PE] ⏱ Sample 1/5: LTP = ₹99.55
[NIFTY25N0426000CE] ⏱ Sample 2/5: LTP = ₹96.25
[NIFTY25N0425900PE] ⏱ Sample 2/5: LTP = ₹99.90
[NIFTY25N0426000CE] ⏱ Sample 3/5: LTP = ₹96.25
[NIFTY25N0425900PE] ⏱ Sample 3/5: LTP = ₹99.85
[NIFTY25N0426000CE] ⏱ Sample 4/5: LTP = ₹95.90
[NIFTY25N0425900PE] ⏱ Sample 4/5: LTP = ₹99.90
[NIFTY25N0426000CE] ⏱ Sample 5/5: LTP = ₹95.85
[NIFTY25N0425900PE] ⏱ Sample 5/5: LTP = ₹99.95
[NIFTY25N0426000CE] 📊 Avg Δ = -0.087%, Consistency = 100.0% → FLAT
[NIFTY25N0426000CE] 📈 Range ₹96.00 → ₹95.85

✅ Momentum for CE: {'symbol': 'NIFTY25N0426000CE', 'avg_change': np.float64(-0.087), 'consistency': np.float64(100.0), 'direction': 'FLAT'}
🧩 Finished CE: NIFTY25N0426000CE, momentum={'symbol': 'NIFTY25N0426000CE', 'avg_change': np.float64(-0.087), 'consistency': np.float64(100.0), 'direction': 'FLAT'}
[NIFTY25N0425900PE] 📊 Avg Δ = 0.067%, Consistency = 100.0% → FLAT
[NIFTY25N0425900PE] 📈 Range ₹99.55 → ₹99.95

✅ Momentum for PE: {'symbol': 'NIFTY25N0425900PE', 'avg_change': np.float64(0.067), 'consistency': np.float64(100.0), 'direction': 'FLAT'}
🧩 Finished PE: NIFTY25N0425900PE, momentum={'symbol': 'NIFTY25N0425900PE', 'avg_change': np.float64(0.067), 'consistency': np.float64(100.0), 'direction': 'FLAT'}
🧮 Comparing CE vs PE momentum...
📈 CE momentum: -0.087% (FLAT, 100.0%)
📉 PE momentum: 0.067% (FLAT, 100.0%)
⚖️  Momentum similar — choosing PE fallback
✅ Selected: NIFTY25N0425900PE | LTP=99.75 | lot_size=75
➡️ Placing auto order: {'symbol': 'NIFTY25N0425900PE', 'ltp': 99.75, 'lots': 1, 'book_profit': 75.0, 'lot_size': 75, 'side': 'BUY'}
🔹 Auto order => NIFTY25N0425900PE, qty=75, book@75.0
💰 LTP for NSE_NIFTY25N0425900PE: ₹100.15
✅ Auto Buy placed: {'groww_order_id': 'GMKFO2510301526223GEHQ8T8V27C', 'order_status': 'NEW', 'order_reference_id': '94022517', 'remark': None}
✅ Auto Target SELL @ 101.15 placed: {'groww_order_id': 'GLTFO2510301526224YORFDFZ140L', 'order_status': 'NEW', 'order_reference_id': '57324954', 'remark': None}
💰💰💰💰💰💰 PROFIT BOOKED 💰💰💰💰💰
🔍 Detecting best option between CE and PE for NIFTY 04/11/2025…
➡️  Searching CE between 80-130
➡️  Searching PE between 80-130
⚙️ Checking momentum for top 2 CE candidates...

🧭 Checking momentum for NIFTY25N0426000CE (5 samples, every 1s):

🧭 Checking momentum for NIFTY25N0425950CE (5 samples, every 1s):
[NIFTY25N0426000CE] ⏱ Sample 1/5: LTP = ₹91.55
[NIFTY25N0425950CE] ⏱ Sample 1/5: LTP = ₹114.40
[NIFTY25N0426000CE] ⏱ Sample 2/5: LTP = ₹91.65
⚙️ Checking momentum for top 3 PE candidates...

🧭 Checking momentum for NIFTY25N0425900PE (5 samples, every 1s):

🧭 Checking momentum for NIFTY25N0425950PE (5 samples, every 1s):

🧭 Checking momentum for NIFTY25N0425850PE (5 samples, every 1s):
[NIFTY25N0425950CE] ⏱ Sample 2/5: LTP = ₹115.00
[NIFTY25N0425900PE] ⏱ Sample 1/5: LTP = ₹100.85
[NIFTY25N0425950PE] ⏱ Sample 1/5: LTP = ₹124.45
[NIFTY25N0425850PE] ⏱ Sample 1/5: LTP = ₹80.60
[NIFTY25N0426000CE] ⏱ Sample 3/5: LTP = ₹91.70
[NIFTY25N0425950CE] ⏱ Sample 3/5: LTP = ₹114.95
[NIFTY25N0425900PE] ⏱ Sample 2/5: LTP = ₹100.95
[NIFTY25N0425950PE] ⏱ Sample 2/5: LTP = ₹124.40
[NIFTY25N0425850PE] ⏱ Sample 2/5: LTP = ₹80.85
[NIFTY25N0426000CE] ⏱ Sample 4/5: LTP = ₹91.75
[NIFTY25N0425950CE] ⏱ Sample 4/5: LTP = ₹114.80
[NIFTY25N0425900PE] ⏱ Sample 3/5: LTP = ₹100.90
[NIFTY25N0425950PE] ⏱ Sample 3/5: LTP = ₹124.80
[NIFTY25N0425850PE] ⏱ Sample 3/5: LTP = ₹80.90
[NIFTY25N0426000CE] ⏱ Sample 5/5: LTP = ₹91.65
[NIFTY25N0425950CE] ⏱ Sample 5/5: LTP = ₹114.65
[NIFTY25N0426000CE] 📊 Avg Δ = 0.036%, Consistency = 50.0% → FLAT
[NIFTY25N0426000CE] 📈 Range ₹91.55 → ₹91.65

[NIFTY25N0425900PE] ⏱ Sample 4/5: LTP = ₹100.80
[NIFTY25N0425950CE] 📊 Avg Δ = 0.007%, Consistency = 50.0% → FLAT
[NIFTY25N0425950CE] 📈 Range ₹114.40 → ₹114.65

⚠️ No strong momentum found for CE (>0.25%, consistency >70%)
📊 Running momentum check for CE (NIFTY25N0426000CE)

🧭 Checking momentum for NIFTY25N0426000CE (5 samples, every 1s):
[NIFTY25N0425950PE] ⏱ Sample 4/5: LTP = ₹124.65
[NIFTY25N0425850PE] ⏱ Sample 4/5: LTP = ₹80.65
[NIFTY25N0426000CE] ⏱ Sample 1/5: LTP = ₹92.00
[NIFTY25N0425900PE] ⏱ Sample 5/5: LTP = ₹101.15
[NIFTY25N0425950PE] ⏱ Sample 5/5: LTP = ₹124.55
[NIFTY25N0425900PE] 📊 Avg Δ = 0.025%, Consistency = 50.0% → FLAT
[NIFTY25N0425900PE] 📈 Range ₹100.85 → ₹101.15

[NIFTY25N0425850PE] ⏱ Sample 5/5: LTP = ₹81.00
[NIFTY25N0425950PE] 📊 Avg Δ = 0.047%, Consistency = 100.0% → FLAT
[NIFTY25N0425950PE] 📈 Range ₹124.45 → ₹124.55

[NIFTY25N0426000CE] ⏱ Sample 2/5: LTP = ₹91.90
[NIFTY25N0425850PE] 📊 Avg Δ = 0.041%, Consistency = 100.0% → FLAT
[NIFTY25N0425850PE] 📈 Range ₹80.60 → ₹81.00

⚠️ No strong momentum found for PE (>0.3%, consistency >70%)
📊 Running momentum check for PE (NIFTY25N0425900PE)

🧭 Checking momentum for NIFTY25N0425900PE (5 samples, every 1s):
[NIFTY25N0425900PE] ⏱ Sample 1/5: LTP = ₹100.95
[NIFTY25N0426000CE] ⏱ Sample 3/5: LTP = ₹91.75
[NIFTY25N0425900PE] ⏱ Sample 2/5: LTP = ₹101.05
[NIFTY25N0426000CE] ⏱ Sample 4/5: LTP = ₹91.75
[NIFTY25N0425900PE] ⏱ Sample 3/5: LTP = ₹101.00
[NIFTY25N0426000CE] ⏱ Sample 5/5: LTP = ₹91.75
[NIFTY25N0425900PE] ⏱ Sample 4/5: LTP = ₹100.85
[NIFTY25N0426000CE] 📊 Avg Δ = -0.073%, Consistency = 100.0% → FLAT
[NIFTY25N0426000CE] 📈 Range ₹92.00 → ₹91.75

✅ Momentum for CE: {'symbol': 'NIFTY25N0426000CE', 'avg_change': np.float64(-0.073), 'consistency': np.float64(100.0), 'direction': 'FLAT'}
[NIFTY25N0425900PE] ⏱ Sample 5/5: LTP = ₹101.30
[NIFTY25N0425900PE] 📊 Avg Δ = 0.025%, Consistency = 50.0% → FLAT
[NIFTY25N0425900PE] 📈 Range ₹100.95 → ₹101.30

✅ Momentum for PE: {'symbol': 'NIFTY25N0425900PE', 'avg_change': np.float64(0.025), 'consistency': np.float64(50.0), 'direction': 'FLAT'}
Traceback (most recent call last):
  File "C:\Users\HITS\eclipse-workspace\Groww_Python_Trading_Bot\groww_option_trading_final_bot.py", line 1067, in <module>
    auto_mode_runner()
  File "C:\Users\HITS\eclipse-workspace\Groww_Python_Trading_Bot\groww_option_trading_final_bot.py", line 1022, in auto_mode_runner
    opt_result = detect_option_type_parallel(index, expiry, min_p, max_p, lots)
                 ^^^^^^^^^^^^^^^^^^^^^^^^^^^^^^^^^^^^^^^^^^^^^^^^^^^^^^^^^^^^^^
  File "C:\Users\HITS\eclipse-workspace\Groww_Python_Trading_Bot\groww_option_trading_final_bot.py", line 723, in detect_option_type_parallel
    for future in as_completed(futures):
  File "C:\Program Files\Python312\Lib\concurrent\futures\_base.py", line 243, in as_completed
    waiter.event.wait(wait_timeout)
  File "C:\Program Files\Python312\Lib\threading.py", line 655, in wait
    signaled = self._cond.wait(timeout)
               ^^^^^^^^^^^^^^^^^^^^^^^^
  File "C:\Program Files\Python312\Lib\threading.py", line 355, in wait
    waiter.acquire()
KeyboardInterrupt
