📝 Logging started. Log file: C:\Users\HITS\eclipse-workspace\Groww_Python_Trading_Bot\logs\Groww_Bot_2025-12-17_13-27-04.log
C:\Users\HITS\eclipse-workspace\Groww_Python_Trading_Bot\instrument.csv
Ready to Groww!
eyJraWQiOiJaTUtjVXciLCJhbGciOiJFUzI1NiJ9.eyJleHAiOjE3NjYwMTc4MDAsImlhdCI6MTc2NTk1ODIyNSwibmJmIjoxNzY1OTU4MjI1LCJzdWIiOiJ7XCJ0b2tlblJlZklkXCI6XCJkN2E3OThjNS0wMjlkLTQ0OTYtOTQ4MC0xNTE0NjJhZWZhM2ZcIixcInZlbmRvckludGVncmF0aW9uS2V5XCI6XCJlMzFmZjIzYjA4NmI0MDZjODg3NGIyZjZkODQ5NTMxM1wiLFwidXNlckFjY291bnRJZFwiOlwiMmVlMjYyMjItN2MwNS00Y2IwLWIwM2MtNzAzYWRmNWVmN2RkXCIsXCJkZXZpY2VJZFwiOlwiNWQwYzdjODgtMGI1OS01MDU0LTk5ZTYtYWU5MzY5OTc2ZmRiXCIsXCJzZXNzaW9uSWRcIjpcIjZlYzMwODRjLThiMDQtNGNlNS05ODllLTMzYWQwZmVmYWVkZFwiLFwiYWRkaXRpb25hbERhdGFcIjpcIno1NC9NZzltdjE2WXdmb0gvS0EwYktvMDZXRlpjc241VUNmTWF5aERtNGxSTkczdTlLa2pWZDNoWjU1ZStNZERhWXBOVi9UOUxIRmtQejFFQisybTdRPT1cIixcInJvbGVcIjpcIm9yZGVyLWJhc2ljLGxpdmVfZGF0YS1iYXNpYyxub25fdHJhZGluZy1iYXNpYyxvcmRlcl9yZWFkX29ubHktYmFzaWMsYmFja190ZXN0XCIsXCJzb3VyY2VJcEFkZHJlc3NcIjpudWxsLFwidHdvRmFFeHBpcnlUc1wiOjE3NjYwMTc4MDAwMDB9IiwiaXNzIjoiYXBleC1hdXRoLXByb2QtYXBwIn0.bYHTtXmx2w_tDPkPjGhZtxXllvgcyeb1G0oVy6nOKT_QRGXbMelGL-BeePm-r0ps-wSXbYBCdn3TzBB9bURgGQ
✅ Groww API Initialized Successfully
✅ Converted 'C:\Users\HITS\eclipse-workspace\Groww_Python_Trading_Bot\instrument.csv' → 'C:\Users\HITS\eclipse-workspace\Groww_Python_Trading_Bot\instrument.json'
📊 Live NIFTY Spot: 25819.7
✅ Converted 'C:\Users\HITS\eclipse-workspace\Groww_Python_Trading_Bot\instrument.csv' → 'C:\Users\HITS\eclipse-workspace\Groww_Python_Trading_Bot\instrument.json'
🎯 Filtering NIFTY 2025-12-23 instruments between 25300–26300 (Spot=25819.7)
✅ Loaded 316 filtered instruments (out of 149250)

✨ Groww NIFTY CP Bot Ready (Groww backend)
You can run in MANUAL or AUTO mode.
Manual example: Buy 14 NIFTY04NOV2525950CE at CP and Book at 1050

Choose mode: (m)anual / (a)uto / (q)uit: 
--- AUTO MODE (momentum + premium) ---
🔍 Detecting best option between CE and PE for NIFTY 2025-12-23…
➡️  Searching CE between 80-130
➡️  Searching PE between 80-130
⚙️ Checking momentum for top 1 CE candidates...

🧭 Checking momentum for NIFTY25D2325900CE (5 samples, every 1s):
⚙️ Checking momentum for top 1 PE candidates...

🧭 Checking momentum for NIFTY25D2325800PE (5 samples, every 1s):
[NIFTY25D2325900CE] ⏱ Sample 1/5: LTP = ₹93.25
[NIFTY25D2325800PE] ⏱ Sample 1/5: LTP = ₹92.40
[NIFTY25D2325900CE] ⏱ Sample 2/5: LTP = ₹92.90
[NIFTY25D2325800PE] ⏱ Sample 2/5: LTP = ₹92.40
[NIFTY25D2325900CE] ⏱ Sample 3/5: LTP = ₹93.15
[NIFTY25D2325800PE] ⏱ Sample 3/5: LTP = ₹92.65
[NIFTY25D2325900CE] ⏱ Sample 4/5: LTP = ₹92.90
[NIFTY25D2325800PE] ⏱ Sample 4/5: LTP = ₹92.55
[NIFTY25D2325900CE] ⏱ Sample 5/5: LTP = ₹92.90
[NIFTY25D2325800PE] ⏱ Sample 5/5: LTP = ₹92.80
[NIFTY25D2325900CE] 📊 Avg Δ = -0.063%, Consistency = 50.0% → FLAT
[NIFTY25D2325900CE] 📈 Range ₹93.25 → ₹92.90

⚠️ No strong momentum found for CE (>0.25%, consistency >70%)
📊 Running momentum check for CE (NIFTY25D2325900CE)

🧭 Checking momentum for NIFTY25D2325900CE (5 samples, every 1s):
[NIFTY25D2325900CE] ⏱ Sample 1/5: LTP = ₹92.45
[NIFTY25D2325800PE] 📊 Avg Δ = 0.099%, Consistency = 100.0% → FLAT
[NIFTY25D2325800PE] 📈 Range ₹92.40 → ₹92.80

⚠️ No strong momentum found for PE (>0.3%, consistency >70%)
📊 Running momentum check for PE (NIFTY25D2325800PE)

🧭 Checking momentum for NIFTY25D2325800PE (5 samples, every 1s):
[NIFTY25D2325800PE] ⏱ Sample 1/5: LTP = ₹93.00
[NIFTY25D2325900CE] ⏱ Sample 2/5: LTP = ₹93.15
[NIFTY25D2325800PE] ⏱ Sample 2/5: LTP = ₹92.60
[NIFTY25D2325900CE] ⏱ Sample 3/5: LTP = ₹92.90
[NIFTY25D2325800PE] ⏱ Sample 3/5: LTP = ₹92.70
[NIFTY25D2325900CE] ⏱ Sample 4/5: LTP = ₹93.30
[NIFTY25D2325800PE] ⏱ Sample 4/5: LTP = ₹92.55
[NIFTY25D2325900CE] ⏱ Sample 5/5: LTP = ₹93.45
[NIFTY25D2325800PE] ⏱ Sample 5/5: LTP = ₹92.35
[NIFTY25D2325900CE] 📊 Avg Δ = 0.206%, Consistency = 100.0% → FLAT
[NIFTY25D2325900CE] 📈 Range ₹92.45 → ₹93.45

✅ Momentum for CE: {'symbol': 'NIFTY25D2325900CE', 'avg_change': np.float64(0.206), 'consistency': np.float64(100.0), 'direction': 'FLAT'}
🧩 Finished CE: NIFTY25D2325900CE, momentum={'symbol': 'NIFTY25D2325900CE', 'avg_change': np.float64(0.206), 'consistency': np.float64(100.0), 'direction': 'FLAT'}
[NIFTY25D2325800PE] 📊 Avg Δ = -0.126%, Consistency = 100.0% → FLAT
[NIFTY25D2325800PE] 📈 Range ₹93.00 → ₹92.35

✅ Momentum for PE: {'symbol': 'NIFTY25D2325800PE', 'avg_change': np.float64(-0.126), 'consistency': np.float64(100.0), 'direction': 'FLAT'}
🧩 Finished PE: NIFTY25D2325800PE, momentum={'symbol': 'NIFTY25D2325800PE', 'avg_change': np.float64(-0.126), 'consistency': np.float64(100.0), 'direction': 'FLAT'}
🧮 Comparing CE vs PE momentum...
📈 CE momentum: 0.206% (FLAT, 100.0%)
📉 PE momentum: -0.126% (FLAT, 100.0%)
✅ Selected CE (stronger momentum)
✅ Selected: NIFTY25D2325900CE (CE) | LTP=93.8 | lot_size=75 | groww_symbol=NSE-NIFTY-23Dec25-25900-CE

🌀 Generated cURL for Groww Candle API:
curl --location 'https://api.groww.in/v1/historical/candles?exchange=NSE&segment=FNO&groww_symbol=NSE-NIFTY-23Dec25-25900-CE&start_time=2025-12-17 13:25:12&end_time=2025-12-17 13:28:12&candle_interval=1minute' \
  --header 'Accept: application/json' \
  --header 'Authorization: Bearer eyJraWQiOiJaTUtjVXciLCJhbGciOiJFUzI1NiJ9.eyJleHAiOjE3NjYwMTc4MDAsImlhdCI6MTc2NTk1ODIyNSwibmJmIjoxNzY1OTU4MjI1LCJzdWIiOiJ7XCJ0b2tlblJlZklkXCI6XCJkN2E3OThjNS0wMjlkLTQ0OTYtOTQ4MC0xNTE0NjJhZWZhM2ZcIixcInZlbmRvckludGVncmF0aW9uS2V5XCI6XCJlMzFmZjIzYjA4NmI0MDZjODg3NGIyZjZkODQ5NTMxM1wiLFwidXNlckFjY291bnRJZFwiOlwiMmVlMjYyMjItN2MwNS00Y2IwLWIwM2MtNzAzYWRmNWVmN2RkXCIsXCJkZXZpY2VJZFwiOlwiNWQwYzdjODgtMGI1OS01MDU0LTk5ZTYtYWU5MzY5OTc2ZmRiXCIsXCJzZXNzaW9uSWRcIjpcIjZlYzMwODRjLThiMDQtNGNlNS05ODllLTMzYWQwZmVmYWVkZFwiLFwiYWRkaXRpb25hbERhdGFcIjpcIno1NC9NZzltdjE2WXdmb0gvS0EwYktvMDZXRlpjc241VUNmTWF5aERtNGxSTkczdTlLa2pWZDNoWjU1ZStNZERhWXBOVi9UOUxIRmtQejFFQisybTdRPT1cIixcInJvbGVcIjpcIm9yZGVyLWJhc2ljLGxpdmVfZGF0YS1iYXNpYyxub25fdHJhZGluZy1iYXNpYyxvcmRlcl9yZWFkX29ubHktYmFzaWMsYmFja190ZXN0XCIsXCJzb3VyY2VJcEFkZHJlc3NcIjpudWxsLFwidHdvRmFFeHBpcnlUc1wiOjE3NjYwMTc4MDAwMDB9IiwiaXNzIjoiYXBleC1hdXRoLXByb2QtYXBwIn0.bYHTtXmx2w_tDPkPjGhZtxXllvgcyeb1G0oVy6nOKT_QRGXbMelGL-BeePm-r0ps-wSXbYBCdn3TzBB9bURgGQ' \
  --header 'X-API-VERSION: 1.0'

📊 3-min candle trend → CE (O1=93.55, C3=93.6)
Market Direction: CE
✅ Market direction CONFIRMS momentum CE → proceeding with order.
user_confirmation_needed : True
Confirm trade for CE? Type Y/Yes to proceed, anything else to skip: ❌ Trade skipped by user confirmation.
🔍 Detecting best option between CE and PE for NIFTY 2025-12-23…
➡️  Searching CE between 80-130
➡️  Searching PE between 80-130
⚙️ Checking momentum for top 1 CE candidates...

🧭 Checking momentum for NIFTY25D2325900CE (5 samples, every 1s):
⚙️ Checking momentum for top 1 PE candidates...

🧭 Checking momentum for NIFTY25D2325800PE (5 samples, every 1s):
[NIFTY25D2325900CE] ⏱ Sample 1/5: LTP = ₹93.25
[NIFTY25D2325800PE] ⏱ Sample 1/5: LTP = ₹93.50
[NIFTY25D2325900CE] ⏱ Sample 2/5: LTP = ₹92.75
[NIFTY25D2325800PE] ⏱ Sample 2/5: LTP = ₹93.90
[NIFTY25D2325900CE] ⏱ Sample 3/5: LTP = ₹92.45
[NIFTY25D2325800PE] ⏱ Sample 3/5: LTP = ₹93.80
[NIFTY25D2325900CE] ⏱ Sample 4/5: LTP = ₹92.65
[NIFTY25D2325800PE] ⏱ Sample 4/5: LTP = ₹93.85
[NIFTY25D2325900CE] ⏱ Sample 5/5: LTP = ₹92.15
[NIFTY25D2325800PE] ⏱ Sample 5/5: LTP = ₹94.50
[NIFTY25D2325900CE] 📊 Avg Δ = -0.216%, Consistency = 100.0% → FLAT
[NIFTY25D2325900CE] 📈 Range ₹93.25 → ₹92.15

⚠️ No strong momentum found for CE (>0.25%, consistency >70%)
📊 Running momentum check for CE (NIFTY25D2325900CE)

🧭 Checking momentum for NIFTY25D2325900CE (5 samples, every 1s):
[NIFTY25D2325900CE] ⏱ Sample 1/5: LTP = ₹91.70
[NIFTY25D2325800PE] 📊 Avg Δ = 0.169%, Consistency = 100.0% → FLAT
[NIFTY25D2325800PE] 📈 Range ₹93.50 → ₹94.50

⚠️ No strong momentum found for PE (>0.3%, consistency >70%)
📊 Running momentum check for PE (NIFTY25D2325800PE)

🧭 Checking momentum for NIFTY25D2325800PE (5 samples, every 1s):
[NIFTY25D2325800PE] ⏱ Sample 1/5: LTP = ₹94.60
[NIFTY25D2325900CE] ⏱ Sample 2/5: LTP = ₹90.90
[NIFTY25D2325800PE] ⏱ Sample 2/5: LTP = ₹95.25
[NIFTY25D2325900CE] ⏱ Sample 3/5: LTP = ₹91.20
[NIFTY25D2325800PE] ⏱ Sample 3/5: LTP = ₹95.00
[NIFTY25D2325900CE] ⏱ Sample 4/5: LTP = ₹91.20
[NIFTY25D2325800PE] ⏱ Sample 4/5: LTP = ₹95.00
[NIFTY25D2325900CE] ⏱ Sample 5/5: LTP = ₹92.15
[NIFTY25D2325800PE] ⏱ Sample 5/5: LTP = ₹94.30
[NIFTY25D2325900CE] 📊 Avg Δ = 0.137%, Consistency = 50.0% → FLAT
[NIFTY25D2325900CE] 📈 Range ₹91.70 → ₹92.15

✅ Momentum for CE: {'symbol': 'NIFTY25D2325900CE', 'avg_change': np.float64(0.137), 'consistency': np.float64(50.0), 'direction': 'FLAT'}
🧩 Finished CE: NIFTY25D2325900CE, momentum={'symbol': 'NIFTY25D2325900CE', 'avg_change': np.float64(0.137), 'consistency': np.float64(50.0), 'direction': 'FLAT'}
[NIFTY25D2325800PE] 📊 Avg Δ = -0.096%, Consistency = 50.0% → FLAT
[NIFTY25D2325800PE] 📈 Range ₹94.60 → ₹94.30

✅ Momentum for PE: {'symbol': 'NIFTY25D2325800PE', 'avg_change': np.float64(-0.096), 'consistency': np.float64(50.0), 'direction': 'FLAT'}
🧩 Finished PE: NIFTY25D2325800PE, momentum={'symbol': 'NIFTY25D2325800PE', 'avg_change': np.float64(-0.096), 'consistency': np.float64(50.0), 'direction': 'FLAT'}
🧮 Comparing CE vs PE momentum...
📈 CE momentum: 0.137% (FLAT, 50.0%)
📉 PE momentum: -0.096% (FLAT, 50.0%)
⚖️  Momentum similar — choosing CE fallback
✅ Selected: NIFTY25D2325900CE (CE) | LTP=94.05 | lot_size=75 | groww_symbol=NSE-NIFTY-23Dec25-25900-CE

🌀 Generated cURL for Groww Candle API:
curl --location 'https://api.groww.in/v1/historical/candles?exchange=NSE&segment=FNO&groww_symbol=NSE-NIFTY-23Dec25-25900-CE&start_time=2025-12-17 13:26:11&end_time=2025-12-17 13:29:11&candle_interval=1minute' \
  --header 'Accept: application/json' \
  --header 'Authorization: Bearer eyJraWQiOiJaTUtjVXciLCJhbGciOiJFUzI1NiJ9.eyJleHAiOjE3NjYwMTc4MDAsImlhdCI6MTc2NTk1ODIyNSwibmJmIjoxNzY1OTU4MjI1LCJzdWIiOiJ7XCJ0b2tlblJlZklkXCI6XCJkN2E3OThjNS0wMjlkLTQ0OTYtOTQ4MC0xNTE0NjJhZWZhM2ZcIixcInZlbmRvckludGVncmF0aW9uS2V5XCI6XCJlMzFmZjIzYjA4NmI0MDZjODg3NGIyZjZkODQ5NTMxM1wiLFwidXNlckFjY291bnRJZFwiOlwiMmVlMjYyMjItN2MwNS00Y2IwLWIwM2MtNzAzYWRmNWVmN2RkXCIsXCJkZXZpY2VJZFwiOlwiNWQwYzdjODgtMGI1OS01MDU0LTk5ZTYtYWU5MzY5OTc2ZmRiXCIsXCJzZXNzaW9uSWRcIjpcIjZlYzMwODRjLThiMDQtNGNlNS05ODllLTMzYWQwZmVmYWVkZFwiLFwiYWRkaXRpb25hbERhdGFcIjpcIno1NC9NZzltdjE2WXdmb0gvS0EwYktvMDZXRlpjc241VUNmTWF5aERtNGxSTkczdTlLa2pWZDNoWjU1ZStNZERhWXBOVi9UOUxIRmtQejFFQisybTdRPT1cIixcInJvbGVcIjpcIm9yZGVyLWJhc2ljLGxpdmVfZGF0YS1iYXNpYyxub25fdHJhZGluZy1iYXNpYyxvcmRlcl9yZWFkX29ubHktYmFzaWMsYmFja190ZXN0XCIsXCJzb3VyY2VJcEFkZHJlc3NcIjpudWxsLFwidHdvRmFFeHBpcnlUc1wiOjE3NjYwMTc4MDAwMDB9IiwiaXNzIjoiYXBleC1hdXRoLXByb2QtYXBwIn0.bYHTtXmx2w_tDPkPjGhZtxXllvgcyeb1G0oVy6nOKT_QRGXbMelGL-BeePm-r0ps-wSXbYBCdn3TzBB9bURgGQ' \
  --header 'X-API-VERSION: 1.0'

📊 3-min candle trend → PE (O1=93.6, C3=92.4)
Market Direction: PE
❌ Skipping trade — market direction conflicts with momentum.
Waiting for 3 mins to get another data.
Traceback (most recent call last):
  File "C:\Users\HITS\eclipse-workspace\Groww_Python_Trading_Bot\QA_env_sample_test_groww_option_trading_final_bot.py", line 1320, in <module>
    auto_mode_runner()
  File "C:\Users\HITS\eclipse-workspace\Groww_Python_Trading_Bot\QA_env_sample_test_groww_option_trading_final_bot.py", line 1304, in auto_mode_runner
    time.sleep(180)
KeyboardInterrupt
