📝 Logging started. Log file: C:\Users\HITS\eclipse-workspace\Groww_Python_Trading_Bot\logs\Groww_Bot_2025-12-15_23-23-26.log
C:\Users\HITS\eclipse-workspace\Groww_Python_Trading_Bot\instrument.csv
Ready to Groww!
eyJraWQiOiJaTUtjVXciLCJhbGciOiJFUzI1NiJ9.eyJleHAiOjE3NjU4NDUwMDAsImlhdCI6MTc2NTgyMTIwOCwibmJmIjoxNzY1ODIxMjA4LCJzdWIiOiJ7XCJ0b2tlblJlZklkXCI6XCJmZmRhMmE3Yi0zMTBmLTQ5N2EtODZmNi1hYzVjZWY5OTk0NzlcIixcInZlbmRvckludGVncmF0aW9uS2V5XCI6XCJlMzFmZjIzYjA4NmI0MDZjODg3NGIyZjZkODQ5NTMxM1wiLFwidXNlckFjY291bnRJZFwiOlwiMmVlMjYyMjItN2MwNS00Y2IwLWIwM2MtNzAzYWRmNWVmN2RkXCIsXCJkZXZpY2VJZFwiOlwiNWQwYzdjODgtMGI1OS01MDU0LTk5ZTYtYWU5MzY5OTc2ZmRiXCIsXCJzZXNzaW9uSWRcIjpcIjRhYmQxNmY5LTIyNGYtNDk0MS04NGM5LTI4NWQ5OWM2MDIwN1wiLFwiYWRkaXRpb25hbERhdGFcIjpcIno1NC9NZzltdjE2WXdmb0gvS0EwYktvMDZXRlpjc241VUNmTWF5aERtNGxSTkczdTlLa2pWZDNoWjU1ZStNZERhWXBOVi9UOUxIRmtQejFFQisybTdRPT1cIixcInJvbGVcIjpcIm9yZGVyLWJhc2ljLGxpdmVfZGF0YS1iYXNpYyxub25fdHJhZGluZy1iYXNpYyxvcmRlcl9yZWFkX29ubHktYmFzaWMsYmFja190ZXN0XCIsXCJzb3VyY2VJcEFkZHJlc3NcIjpudWxsLFwidHdvRmFFeHBpcnlUc1wiOjE3NjU4NDUwMDAwMDB9IiwiaXNzIjoiYXBleC1hdXRoLXByb2QtYXBwIn0.s1n5cgGV2i7X0B9J4YwLfmEcmUc88bH8jhYjwEEqo396nqHNKSu7LodNUvn0nogcEMFSXaTludyRZtrFpytqBA
✅ Groww API Initialized Successfully
✅ Converted 'C:\Users\HITS\eclipse-workspace\Groww_Python_Trading_Bot\instrument.csv' → 'C:\Users\HITS\eclipse-workspace\Groww_Python_Trading_Bot\instrument.json'
📊 Live NIFTY Spot: 26027.3
✅ Converted 'C:\Users\HITS\eclipse-workspace\Groww_Python_Trading_Bot\instrument.csv' → 'C:\Users\HITS\eclipse-workspace\Groww_Python_Trading_Bot\instrument.json'
🎯 Filtering NIFTY 2025-12-16 instruments between 25550–26550 (Spot=26027.3)
✅ Loaded 316 filtered instruments (out of 149250)

✨ Groww NIFTY CP Bot Ready (Groww backend)
You can run in MANUAL or AUTO mode.
Manual example: Buy 14 NIFTY04NOV2525950CE at CP and Book at 1050

Choose mode: (m)anual / (a)uto / (q)uit: 
--- AUTO MODE (momentum + premium) ---
🔍 Detecting best option between CE and PE for NIFTY 2025-12-16…
➡️  Searching CE between 80-130
➡️  Searching PE between 80-130
⚙️ Checking momentum for top 1 CE candidates...

🧭 Checking momentum for NIFTY25D1625950CE (5 samples, every 1s):
⚙️ Checking momentum for top 1 PE candidates...

🧭 Checking momentum for NIFTY25D1626100PE (5 samples, every 1s):
[NIFTY25D1625950CE] ⏱ Sample 1/5: LTP = ₹105.55
[NIFTY25D1626100PE] ⏱ Sample 1/5: LTP = ₹101.40
[NIFTY25D1625950CE] ⏱ Sample 2/5: LTP = ₹105.55
[NIFTY25D1626100PE] ⏱ Sample 2/5: LTP = ₹101.40
[NIFTY25D1625950CE] ⏱ Sample 3/5: LTP = ₹105.55
[NIFTY25D1626100PE] ⏱ Sample 3/5: LTP = ₹101.40
[NIFTY25D1625950CE] ⏱ Sample 4/5: LTP = ₹105.55
[NIFTY25D1626100PE] ⏱ Sample 4/5: LTP = ₹101.40
[NIFTY25D1625950CE] ⏱ Sample 5/5: LTP = ₹105.55
[NIFTY25D1626100PE] ⏱ Sample 5/5: LTP = ₹101.40
[NIFTY25D1625950CE] ⚠️ Too noisy for reliable momentum reading
⚠️ No strong momentum found for CE (>0.25%, consistency >70%)
📊 Running momentum check for CE (NIFTY25D1625950CE)

🧭 Checking momentum for NIFTY25D1625950CE (5 samples, every 1s):
[NIFTY25D1625950CE] ⏱ Sample 1/5: LTP = ₹105.55
[NIFTY25D1626100PE] ⚠️ Too noisy for reliable momentum reading
⚠️ No strong momentum found for PE (>0.3%, consistency >70%)
📊 Running momentum check for PE (NIFTY25D1626100PE)

🧭 Checking momentum for NIFTY25D1626100PE (5 samples, every 1s):
[NIFTY25D1626100PE] ⏱ Sample 1/5: LTP = ₹101.40
[NIFTY25D1625950CE] ⏱ Sample 2/5: LTP = ₹105.55
[NIFTY25D1626100PE] ⏱ Sample 2/5: LTP = ₹101.40
[NIFTY25D1625950CE] ⏱ Sample 3/5: LTP = ₹105.55
[NIFTY25D1626100PE] ⏱ Sample 3/5: LTP = ₹101.40
[NIFTY25D1625950CE] ⏱ Sample 4/5: LTP = ₹105.55
[NIFTY25D1626100PE] ⏱ Sample 4/5: LTP = ₹101.40
[NIFTY25D1625950CE] ⏱ Sample 5/5: LTP = ₹105.55
[NIFTY25D1626100PE] ⏱ Sample 5/5: LTP = ₹101.40
[NIFTY25D1625950CE] ⚠️ Too noisy for reliable momentum reading
✅ Momentum for CE: None
🧩 Finished CE: NIFTY25D1625950CE, momentum=None
[NIFTY25D1626100PE] ⚠️ Too noisy for reliable momentum reading
✅ Momentum for PE: None
🧩 Finished PE: NIFTY25D1626100PE, momentum=None
🧮 Comparing CE vs PE momentum...
❌ No momentum data found for CE or PE.
❌ Could not determine CE/PE momentum side. Retrying in 3 minutes...
Traceback (most recent call last):
  File "C:\Users\HITS\eclipse-workspace\Groww_Python_Trading_Bot\QA_env_sample_test_groww_option_trading_final_bot.py", line 1301, in <module>
    auto_mode_runner()
  File "C:\Users\HITS\eclipse-workspace\Groww_Python_Trading_Bot\QA_env_sample_test_groww_option_trading_final_bot.py", line 1247, in auto_mode_runner
    time.sleep(180)
KeyboardInterrupt
