📝 Logging started. Log file: C:\Users\HITS\eclipse-workspace\Groww_Python_Trading_Bot\logs\Groww_Bot_2025-12-15_09-45-35.log
C:\Users\HITS\eclipse-workspace\Groww_Python_Trading_Bot\instrument.csv
Ready to Groww!
eyJraWQiOiJaTUtjVXciLCJhbGciOiJFUzI1NiJ9.eyJleHAiOjE3NjU4NDUwMDAsImlhdCI6MTc2NTc3MjEzNiwibmJmIjoxNzY1NzcyMTM2LCJzdWIiOiJ7XCJ0b2tlblJlZklkXCI6XCI4NjFhZDMwOC0wYzE3LTQ3ODktYmU5OS0yOTZhMjYxMjJkNjFcIixcInZlbmRvckludGVncmF0aW9uS2V5XCI6XCJlMzFmZjIzYjA4NmI0MDZjODg3NGIyZjZkODQ5NTMxM1wiLFwidXNlckFjY291bnRJZFwiOlwiMmVlMjYyMjItN2MwNS00Y2IwLWIwM2MtNzAzYWRmNWVmN2RkXCIsXCJkZXZpY2VJZFwiOlwiNWQwYzdjODgtMGI1OS01MDU0LTk5ZTYtYWU5MzY5OTc2ZmRiXCIsXCJzZXNzaW9uSWRcIjpcIjRhYmQxNmY5LTIyNGYtNDk0MS04NGM5LTI4NWQ5OWM2MDIwN1wiLFwiYWRkaXRpb25hbERhdGFcIjpcIno1NC9NZzltdjE2WXdmb0gvS0EwYktvMDZXRlpjc241VUNmTWF5aERtNGxSTkczdTlLa2pWZDNoWjU1ZStNZERhWXBOVi9UOUxIRmtQejFFQisybTdRPT1cIixcInJvbGVcIjpcIm9yZGVyLWJhc2ljLGxpdmVfZGF0YS1iYXNpYyxub25fdHJhZGluZy1iYXNpYyxvcmRlcl9yZWFkX29ubHktYmFzaWMsYmFja190ZXN0XCIsXCJzb3VyY2VJcEFkZHJlc3NcIjpudWxsLFwidHdvRmFFeHBpcnlUc1wiOjE3NjU4NDUwMDAwMDB9IiwiaXNzIjoiYXBleC1hdXRoLXByb2QtYXBwIn0.NprBEe0KGEEp0bijMVqDhoyA2OD0kZDGLi2bvdA49sfTVdZoeJNnMnrVsZ2oingnyOCTyYs-uouHnXfP1Tt7Bg
✅ Groww API Initialized Successfully
✅ Converted 'C:\Users\HITS\eclipse-workspace\Groww_Python_Trading_Bot\instrument.csv' → 'C:\Users\HITS\eclipse-workspace\Groww_Python_Trading_Bot\instrument.json'
📊 Live NIFTY Spot: 25908.35
✅ Converted 'C:\Users\HITS\eclipse-workspace\Groww_Python_Trading_Bot\instrument.csv' → 'C:\Users\HITS\eclipse-workspace\Groww_Python_Trading_Bot\instrument.json'
🎯 Filtering NIFTY 2025-12-16 instruments between 25400–26400 (Spot=25908.35)
✅ Loaded 316 filtered instruments (out of 149250)

✨ Groww NIFTY CP Bot Ready (Groww backend)
You can run in MANUAL or AUTO mode.
Manual example: Buy 14 NIFTY04NOV2525950CE at CP and Book at 1050

Choose mode: (m)anual / (a)uto / (q)uit: 
--- AUTO MODE (momentum + premium) ---
🔍 Detecting best option between CE and PE for NIFTY 2025-12-16…
➡️  Searching CE between 80-130
➡️  Searching PE between 80-130
⚙️ Checking momentum for top 1 CE candidates...

🧭 Checking momentum for NIFTY25D1625900CE (5 samples, every 1s):
⚙️ Checking momentum for top 1 PE candidates...

🧭 Checking momentum for NIFTY25D1625950PE (5 samples, every 1s):
[NIFTY25D1625900CE] ⏱ Sample 1/5: LTP = ₹93.30
[NIFTY25D1625950PE] ⏱ Sample 1/5: LTP = ₹80.55
[NIFTY25D1625900CE] ⏱ Sample 2/5: LTP = ₹94.95
[NIFTY25D1625950PE] ⏱ Sample 2/5: LTP = ₹81.55
[NIFTY25D1625900CE] ⏱ Sample 3/5: LTP = ₹94.65
[NIFTY25D1625950PE] ⏱ Sample 3/5: LTP = ₹81.15
[NIFTY25D1625900CE] ⏱ Sample 4/5: LTP = ₹94.65
[NIFTY25D1625950PE] ⏱ Sample 4/5: LTP = ₹80.20
[NIFTY25D1625900CE] ⏱ Sample 5/5: LTP = ₹96.25
[NIFTY25D1625950PE] ⏱ Sample 5/5: LTP = ₹79.25
[NIFTY25D1625900CE] 📊 Avg Δ = 0.467%, Consistency = 100.0% → UP
[NIFTY25D1625900CE] 📈 Range ₹93.30 → ₹96.25

🏆 Selected CE: NIFTY25D1625900CE (UP | 0.47% | Consistency 100.0%)
📊 Running momentum check for CE (NIFTY25D1625900CE)

🧭 Checking momentum for NIFTY25D1625900CE (5 samples, every 1s):
[NIFTY25D1625900CE] ⏱ Sample 1/5: LTP = ₹96.65
[NIFTY25D1625950PE] 📊 Avg Δ = -0.545%, Consistency = 100.0% → DOWN
[NIFTY25D1625950PE] 📈 Range ₹80.55 → ₹79.25

🏆 Selected PE: NIFTY25D1625950PE (DOWN | -0.55% | Consistency 100.0%)
📊 Running momentum check for PE (NIFTY25D1625950PE)

🧭 Checking momentum for NIFTY25D1625950PE (5 samples, every 1s):
[NIFTY25D1625950PE] ⏱ Sample 1/5: LTP = ₹79.00
[NIFTY25D1625900CE] ⏱ Sample 2/5: LTP = ₹97.05
[NIFTY25D1625950PE] ⏱ Sample 2/5: LTP = ₹79.40
[NIFTY25D1625900CE] ⏱ Sample 3/5: LTP = ₹96.80
[NIFTY25D1625950PE] ⏱ Sample 3/5: LTP = ₹78.80
[NIFTY25D1625900CE] ⏱ Sample 4/5: LTP = ₹97.35
[NIFTY25D1625950PE] ⏱ Sample 4/5: LTP = ₹78.85
[NIFTY25D1625900CE] ⏱ Sample 5/5: LTP = ₹97.50
[NIFTY25D1625900CE] 📊 Avg Δ = 0.198%, Consistency = 100.0% → FLAT[NIFTY25D1625950PE] ⏱ Sample 5/5: LTP = ₹78.95

[NIFTY25D1625900CE] 📈 Range ₹96.65 → ₹97.50

✅ Momentum for CE: {'symbol': 'NIFTY25D1625900CE', 'avg_change': np.float64(0.198), 'consistency': np.float64(100.0), 'direction': 'FLAT'}
🧩 Finished CE: NIFTY25D1625900CE, momentum={'symbol': 'NIFTY25D1625900CE', 'avg_change': np.float64(0.198), 'consistency': np.float64(100.0), 'direction': 'FLAT'}
[NIFTY25D1625950PE] 📊 Avg Δ = -0.127%, Consistency = 100.0% → FLAT
[NIFTY25D1625950PE] 📈 Range ₹79.00 → ₹78.95

✅ Momentum for PE: {'symbol': 'NIFTY25D1625950PE', 'avg_change': np.float64(-0.127), 'consistency': np.float64(100.0), 'direction': 'FLAT'}
🧩 Finished PE: NIFTY25D1625950PE, momentum={'symbol': 'NIFTY25D1625950PE', 'avg_change': np.float64(-0.127), 'consistency': np.float64(100.0), 'direction': 'FLAT'}
🧮 Comparing CE vs PE momentum...
📈 CE momentum: 0.198% (FLAT, 100.0%)
📉 PE momentum: -0.127% (FLAT, 100.0%)
✅ Selected CE (stronger momentum)
✅ Selected: NIFTY25D1625900CE (CE) | LTP=90.35 | lot_size=75 | groww_symbol=NSE-NIFTY-16Dec25-25900-CE

🌀 Generated cURL for Groww Candle API:
curl --location 'https://api.groww.in/v1/historical/candles?exchange=NSE&segment=FNO&groww_symbol=NSE-NIFTY-16Dec25-25900-CE&start_time=2025-12-15 09:44:53&end_time=2025-12-15 09:47:53&candle_interval=1minute' \
  --header 'Accept: application/json' \
  --header 'Authorization: Bearer eyJraWQiOiJaTUtjVXciLCJhbGciOiJFUzI1NiJ9.eyJleHAiOjE3NjU4NDUwMDAsImlhdCI6MTc2NTc3MjEzNiwibmJmIjoxNzY1NzcyMTM2LCJzdWIiOiJ7XCJ0b2tlblJlZklkXCI6XCI4NjFhZDMwOC0wYzE3LTQ3ODktYmU5OS0yOTZhMjYxMjJkNjFcIixcInZlbmRvckludGVncmF0aW9uS2V5XCI6XCJlMzFmZjIzYjA4NmI0MDZjODg3NGIyZjZkODQ5NTMxM1wiLFwidXNlckFjY291bnRJZFwiOlwiMmVlMjYyMjItN2MwNS00Y2IwLWIwM2MtNzAzYWRmNWVmN2RkXCIsXCJkZXZpY2VJZFwiOlwiNWQwYzdjODgtMGI1OS01MDU0LTk5ZTYtYWU5MzY5OTc2ZmRiXCIsXCJzZXNzaW9uSWRcIjpcIjRhYmQxNmY5LTIyNGYtNDk0MS04NGM5LTI4NWQ5OWM2MDIwN1wiLFwiYWRkaXRpb25hbERhdGFcIjpcIno1NC9NZzltdjE2WXdmb0gvS0EwYktvMDZXRlpjc241VUNmTWF5aERtNGxSTkczdTlLa2pWZDNoWjU1ZStNZERhWXBOVi9UOUxIRmtQejFFQisybTdRPT1cIixcInJvbGVcIjpcIm9yZGVyLWJhc2ljLGxpdmVfZGF0YS1iYXNpYyxub25fdHJhZGluZy1iYXNpYyxvcmRlcl9yZWFkX29ubHktYmFzaWMsYmFja190ZXN0XCIsXCJzb3VyY2VJcEFkZHJlc3NcIjpudWxsLFwidHdvRmFFeHBpcnlUc1wiOjE3NjU4NDUwMDAwMDB9IiwiaXNzIjoiYXBleC1hdXRoLXByb2QtYXBwIn0.NprBEe0KGEEp0bijMVqDhoyA2OD0kZDGLi2bvdA49sfTVdZoeJNnMnrVsZ2oingnyOCTyYs-uouHnXfP1Tt7Bg' \
  --header 'X-API-VERSION: 1.0'

📊 3-min candle trend → CE (O1=86.7, C3=97.2)
Market Direction: CE
✅ Market direction CONFIRMS momentum → proceeding with order.
➡️ Placing auto order: {'symbol': 'NIFTY25D1625900CE', 'ltp': 90.35, 'lots': 14, 'book_profit': 1050.0, 'lot_size': 75, 'side': 'BUY'} ====== [2025-12-15 09:47:54]
🔹 Auto order => NIFTY25D1625900CE, qty=1050, book@1050.0 ====== [2025-12-15 09:47:54]
💰 LTP for NSE_NIFTY25D1625900CE: ₹97.65 ====== [2025-12-15 09:47:55]
✅ Auto Buy placed: :{'groww_order_id': 'GMKFO251215094755QW2M9H79CVQR', 'order_status': 'NEW', 'order_reference_id': '48701608', 'remark': None} ======= [2025-12-15 09:47:56]
📈 Trailing started...
🔼 New High: ₹97.7
🔼 New High: ₹98.15
🔼 New High: ₹98.9
🔼 New High: ₹98.95
🔼 New High: ₹99.35
📉 Trail Active | LTP=99.35 | Exit=98.6
🔼 New High: ₹99.95
📉 Trail Active | LTP=99.95 | Exit=99.2
🔼 New High: ₹100.5
📉 Trail Active | LTP=100.5 | Exit=99.75
📉 Trail Active | LTP=100.3 | Exit=99.75
📉 Trail Active | LTP=100.15 | Exit=99.75
📉 Trail Active | LTP=99.8 | Exit=99.75
📉 Trail Active | LTP=99.8 | Exit=99.75
📉 Trail Active | LTP=99.8 | Exit=99.75
📉 Trail Active | LTP=98.45 | Exit=99.75
🔻 Trailing HIT @ 98.45
Waiting for 1 min to get another data.
🔍 Detecting best option between CE and PE for NIFTY 2025-12-16…
➡️  Searching CE between 80-130
➡️  Searching PE between 80-130
⚙️ Checking momentum for top 1 PE candidates...

🧭 Checking momentum for NIFTY25D1626000PE (5 samples, every 1s):
[NIFTY25D1626000PE] ⏱ Sample 1/5: LTP = ₹103.85
⚙️ Checking momentum for top 1 CE candidates...

🧭 Checking momentum for NIFTY25D1625900CE (5 samples, every 1s):
[NIFTY25D1625900CE] ⏱ Sample 1/5: LTP = ₹100.70
[NIFTY25D1626000PE] ⏱ Sample 2/5: LTP = ₹102.30
[NIFTY25D1625900CE] ⏱ Sample 2/5: LTP = ₹101.50
[NIFTY25D1626000PE] ⏱ Sample 3/5: LTP = ₹102.80
[NIFTY25D1625900CE] ⏱ Sample 3/5: LTP = ₹100.75
[NIFTY25D1626000PE] ⏱ Sample 4/5: LTP = ₹105.25
[NIFTY25D1625900CE] ⏱ Sample 4/5: LTP = ₹98.70
[NIFTY25D1626000PE] ⏱ Sample 5/5: LTP = ₹106.25
[NIFTY25D1625900CE] ⏱ Sample 5/5: LTP = ₹98.60
[NIFTY25D1626000PE] 📊 Avg Δ = 0.863%, Consistency = 100.0% → UP
[NIFTY25D1626000PE] 📈 Range ₹103.85 → ₹106.25

🏆 Selected PE: NIFTY25D1626000PE (UP | 0.86% | Consistency 100.0%)
📊 Running momentum check for PE (NIFTY25D1626000PE)

🧭 Checking momentum for NIFTY25D1626000PE (5 samples, every 1s):
[NIFTY25D1626000PE] ⏱ Sample 1/5: LTP = ₹105.65
[NIFTY25D1625900CE] 📊 Avg Δ = -0.812%, Consistency = 100.0% → DOWN
[NIFTY25D1625900CE] 📈 Range ₹100.70 → ₹98.60

🏆 Selected CE: NIFTY25D1625900CE (DOWN | -0.81% | Consistency 100.0%)
📊 Running momentum check for CE (NIFTY25D1625900CE)

🧭 Checking momentum for NIFTY25D1625900CE (5 samples, every 1s):
[NIFTY25D1625900CE] ⏱ Sample 1/5: LTP = ₹98.40
[NIFTY25D1626000PE] ⏱ Sample 2/5: LTP = ₹105.45
[NIFTY25D1625900CE] ⏱ Sample 2/5: LTP = ₹98.20
[NIFTY25D1626000PE] ⏱ Sample 3/5: LTP = ₹105.50
[NIFTY25D1625900CE] ⏱ Sample 3/5: LTP = ₹99.05
[NIFTY25D1626000PE] ⏱ Sample 4/5: LTP = ₹105.40
[NIFTY25D1625900CE] ⏱ Sample 4/5: LTP = ₹99.50
[NIFTY25D1626000PE] ⏱ Sample 5/5: LTP = ₹104.80
[NIFTY25D1625900CE] ⏱ Sample 5/5: LTP = ₹100.30
[NIFTY25D1626000PE] 📊 Avg Δ = -0.142%, Consistency = 100.0% → FLAT
[NIFTY25D1626000PE] 📈 Range ₹105.65 → ₹104.80

✅ Momentum for PE: {'symbol': 'NIFTY25D1626000PE', 'avg_change': np.float64(-0.142), 'consistency': np.float64(100.0), 'direction': 'FLAT'}
🧩 Finished PE: NIFTY25D1626000PE, momentum={'symbol': 'NIFTY25D1626000PE', 'avg_change': np.float64(-0.142), 'consistency': np.float64(100.0), 'direction': 'FLAT'}
[NIFTY25D1625900CE] 📊 Avg Δ = 0.540%, Consistency = 100.0% → UP
[NIFTY25D1625900CE] 📈 Range ₹98.40 → ₹100.30

✅ Momentum for CE: {'symbol': 'NIFTY25D1625900CE', 'avg_change': np.float64(0.54), 'consistency': np.float64(100.0), 'direction': 'UP'}
🧩 Finished CE: NIFTY25D1625900CE, momentum={'symbol': 'NIFTY25D1625900CE', 'avg_change': np.float64(0.54), 'consistency': np.float64(100.0), 'direction': 'UP'}
🧮 Comparing CE vs PE momentum...
📈 CE momentum: 0.540% (UP, 100.0%)
📉 PE momentum: -0.142% (FLAT, 100.0%)
✅ Selected CE (stronger momentum)
✅ Selected: NIFTY25D1625900CE (CE) | LTP=101.3 | lot_size=75 | groww_symbol=NSE-NIFTY-16Dec25-25900-CE

🌀 Generated cURL for Groww Candle API:
curl --location 'https://api.groww.in/v1/historical/candles?exchange=NSE&segment=FNO&groww_symbol=NSE-NIFTY-16Dec25-25900-CE&start_time=2025-12-15 09:48:46&end_time=2025-12-15 09:51:46&candle_interval=1minute' \
  --header 'Accept: application/json' \
  --header 'Authorization: Bearer eyJraWQiOiJaTUtjVXciLCJhbGciOiJFUzI1NiJ9.eyJleHAiOjE3NjU4NDUwMDAsImlhdCI6MTc2NTc3MjEzNiwibmJmIjoxNzY1NzcyMTM2LCJzdWIiOiJ7XCJ0b2tlblJlZklkXCI6XCI4NjFhZDMwOC0wYzE3LTQ3ODktYmU5OS0yOTZhMjYxMjJkNjFcIixcInZlbmRvckludGVncmF0aW9uS2V5XCI6XCJlMzFmZjIzYjA4NmI0MDZjODg3NGIyZjZkODQ5NTMxM1wiLFwidXNlckFjY291bnRJZFwiOlwiMmVlMjYyMjItN2MwNS00Y2IwLWIwM2MtNzAzYWRmNWVmN2RkXCIsXCJkZXZpY2VJZFwiOlwiNWQwYzdjODgtMGI1OS01MDU0LTk5ZTYtYWU5MzY5OTc2ZmRiXCIsXCJzZXNzaW9uSWRcIjpcIjRhYmQxNmY5LTIyNGYtNDk0MS04NGM5LTI4NWQ5OWM2MDIwN1wiLFwiYWRkaXRpb25hbERhdGFcIjpcIno1NC9NZzltdjE2WXdmb0gvS0EwYktvMDZXRlpjc241VUNmTWF5aERtNGxSTkczdTlLa2pWZDNoWjU1ZStNZERhWXBOVi9UOUxIRmtQejFFQisybTdRPT1cIixcInJvbGVcIjpcIm9yZGVyLWJhc2ljLGxpdmVfZGF0YS1iYXNpYyxub25fdHJhZGluZy1iYXNpYyxvcmRlcl9yZWFkX29ubHktYmFzaWMsYmFja190ZXN0XCIsXCJzb3VyY2VJcEFkZHJlc3NcIjpudWxsLFwidHdvRmFFeHBpcnlUc1wiOjE3NjU4NDUwMDAwMDB9IiwiaXNzIjoiYXBleC1hdXRoLXByb2QtYXBwIn0.NprBEe0KGEEp0bijMVqDhoyA2OD0kZDGLi2bvdA49sfTVdZoeJNnMnrVsZ2oingnyOCTyYs-uouHnXfP1Tt7Bg' \
  --header 'X-API-VERSION: 1.0'

📊 3-min candle trend → CE (O1=98.0, C3=99.55)
Market Direction: CE
✅ Market direction CONFIRMS momentum → proceeding with order.
➡️ Placing auto order: {'symbol': 'NIFTY25D1625900CE', 'ltp': 101.3, 'lots': 14, 'book_profit': 1050.0, 'lot_size': 75, 'side': 'BUY'} ====== [2025-12-15 09:51:47]
🔹 Auto order => NIFTY25D1625900CE, qty=1050, book@1050.0 ====== [2025-12-15 09:51:47]
💰 LTP for NSE_NIFTY25D1625900CE: ₹99.25 ====== [2025-12-15 09:51:48]
✅ Auto Buy placed: :{'groww_order_id': 'GMKFO251215095148FSCCZORE3OPE', 'order_status': 'NEW', 'order_reference_id': '32415840', 'remark': None} ======= [2025-12-15 09:51:49]
📈 Trailing started...
🔼 New High: ₹99.4
🔼 New High: ₹99.7
🔼 New High: ₹99.95
🔼 New High: ₹100.2
🔼 New High: ₹100.55
🔼 New High: ₹100.7
🔼 New High: ₹100.8
📉 Trail Active | LTP=100.8 | Exit=100.05
📉 Trail Active | LTP=100.1 | Exit=100.05
📉 Trail Active | LTP=99.5 | Exit=100.05
🔻 Trailing HIT @ 99.5
Waiting for 1 min to get another data.
🔍 Detecting best option between CE and PE for NIFTY 2025-12-16…
➡️  Searching CE between 80-130
➡️  Searching PE between 80-130
⚙️ Checking momentum for top 1 CE candidates...

🧭 Checking momentum for NIFTY25D1625900CE (5 samples, every 1s):
⚙️ Checking momentum for top 1 PE candidates...

🧭 Checking momentum for NIFTY25D1626000PE (5 samples, every 1s):
[NIFTY25D1625900CE] ⏱ Sample 1/5: LTP = ₹100.90
[NIFTY25D1626000PE] ⏱ Sample 1/5: LTP = ₹102.70
[NIFTY25D1625900CE] ⏱ Sample 2/5: LTP = ₹100.85
[NIFTY25D1626000PE] ⏱ Sample 2/5: LTP = ₹102.45
[NIFTY25D1625900CE] ⏱ Sample 3/5: LTP = ₹101.40
[NIFTY25D1626000PE] ⏱ Sample 3/5: LTP = ₹102.20
[NIFTY25D1625900CE] ⏱ Sample 4/5: LTP = ₹101.60
[NIFTY25D1626000PE] ⏱ Sample 4/5: LTP = ₹101.95
[NIFTY25D1625900CE] ⏱ Sample 5/5: LTP = ₹101.20
[NIFTY25D1626000PE] ⏱ Sample 5/5: LTP = ₹101.75
[NIFTY25D1625900CE] 📊 Avg Δ = 0.173%, Consistency = 100.0% → FLAT
[NIFTY25D1625900CE] 📈 Range ₹100.90 → ₹101.20

⚠️ No strong momentum found for CE (>0.25%, consistency >70%)
📊 Running momentum check for CE (NIFTY25D1625900CE)

🧭 Checking momentum for NIFTY25D1625900CE (5 samples, every 1s):
[NIFTY25D1625900CE] ⏱ Sample 1/5: LTP = ₹101.65
[NIFTY25D1626000PE] 📊 Avg Δ = -0.236%, Consistency = 100.0% → FLAT
[NIFTY25D1626000PE] 📈 Range ₹102.70 → ₹101.75

⚠️ No strong momentum found for PE (>0.3%, consistency >70%)
📊 Running momentum check for PE (NIFTY25D1626000PE)

🧭 Checking momentum for NIFTY25D1626000PE (5 samples, every 1s):
[NIFTY25D1626000PE] ⏱ Sample 1/5: LTP = ₹101.25
[NIFTY25D1625900CE] ⏱ Sample 2/5: LTP = ₹101.20
[NIFTY25D1626000PE] ⏱ Sample 2/5: LTP = ₹101.25
[NIFTY25D1625900CE] ⏱ Sample 3/5: LTP = ₹101.85
[NIFTY25D1626000PE] ⏱ Sample 3/5: LTP = ₹102.30
[NIFTY25D1625900CE] ⏱ Sample 4/5: LTP = ₹100.90
[NIFTY25D1626000PE] ⏱ Sample 4/5: LTP = ₹102.45
[NIFTY25D1625900CE] ⏱ Sample 5/5: LTP = ₹101.65
[NIFTY25D1626000PE] ⏱ Sample 5/5: LTP = ₹101.55
[NIFTY25D1625900CE] 📊 Avg Δ = -0.049%, Consistency = 50.0% → FLAT
[NIFTY25D1625900CE] 📈 Range ₹101.65 → ₹101.65

✅ Momentum for CE: {'symbol': 'NIFTY25D1625900CE', 'avg_change': np.float64(-0.049), 'consistency': np.float64(50.0), 'direction': 'FLAT'}
🧩 Finished CE: NIFTY25D1625900CE, momentum={'symbol': 'NIFTY25D1625900CE', 'avg_change': np.float64(-0.049), 'consistency': np.float64(50.0), 'direction': 'FLAT'}
[NIFTY25D1626000PE] 📊 Avg Δ = 0.246%, Consistency = 100.0% → FLAT
[NIFTY25D1626000PE] 📈 Range ₹101.25 → ₹101.55

✅ Momentum for PE: {'symbol': 'NIFTY25D1626000PE', 'avg_change': np.float64(0.246), 'consistency': np.float64(100.0), 'direction': 'FLAT'}
🧩 Finished PE: NIFTY25D1626000PE, momentum={'symbol': 'NIFTY25D1626000PE', 'avg_change': np.float64(0.246), 'consistency': np.float64(100.0), 'direction': 'FLAT'}
🧮 Comparing CE vs PE momentum...
📈 CE momentum: -0.049% (FLAT, 50.0%)
📉 PE momentum: 0.246% (FLAT, 100.0%)
✅ Selected PE (stronger momentum)
✅ Selected: NIFTY25D1626000PE (PE) | LTP=101.9 | lot_size=75 | groww_symbol=NSE-NIFTY-16Dec25-26000-PE

🌀 Generated cURL for Groww Candle API:
curl --location 'https://api.groww.in/v1/historical/candles?exchange=NSE&segment=FNO&groww_symbol=NSE-NIFTY-16Dec25-26000-PE&start_time=2025-12-15 09:51:35&end_time=2025-12-15 09:54:35&candle_interval=1minute' \
  --header 'Accept: application/json' \
  --header 'Authorization: Bearer eyJraWQiOiJaTUtjVXciLCJhbGciOiJFUzI1NiJ9.eyJleHAiOjE3NjU4NDUwMDAsImlhdCI6MTc2NTc3MjEzNiwibmJmIjoxNzY1NzcyMTM2LCJzdWIiOiJ7XCJ0b2tlblJlZklkXCI6XCI4NjFhZDMwOC0wYzE3LTQ3ODktYmU5OS0yOTZhMjYxMjJkNjFcIixcInZlbmRvckludGVncmF0aW9uS2V5XCI6XCJlMzFmZjIzYjA4NmI0MDZjODg3NGIyZjZkODQ5NTMxM1wiLFwidXNlckFjY291bnRJZFwiOlwiMmVlMjYyMjItN2MwNS00Y2IwLWIwM2MtNzAzYWRmNWVmN2RkXCIsXCJkZXZpY2VJZFwiOlwiNWQwYzdjODgtMGI1OS01MDU0LTk5ZTYtYWU5MzY5OTc2ZmRiXCIsXCJzZXNzaW9uSWRcIjpcIjRhYmQxNmY5LTIyNGYtNDk0MS04NGM5LTI4NWQ5OWM2MDIwN1wiLFwiYWRkaXRpb25hbERhdGFcIjpcIno1NC9NZzltdjE2WXdmb0gvS0EwYktvMDZXRlpjc241VUNmTWF5aERtNGxSTkczdTlLa2pWZDNoWjU1ZStNZERhWXBOVi9UOUxIRmtQejFFQisybTdRPT1cIixcInJvbGVcIjpcIm9yZGVyLWJhc2ljLGxpdmVfZGF0YS1iYXNpYyxub25fdHJhZGluZy1iYXNpYyxvcmRlcl9yZWFkX29ubHktYmFzaWMsYmFja190ZXN0XCIsXCJzb3VyY2VJcEFkZHJlc3NcIjpudWxsLFwidHdvRmFFeHBpcnlUc1wiOjE3NjU4NDUwMDAwMDB9IiwiaXNzIjoiYXBleC1hdXRoLXByb2QtYXBwIn0.NprBEe0KGEEp0bijMVqDhoyA2OD0kZDGLi2bvdA49sfTVdZoeJNnMnrVsZ2oingnyOCTyYs-uouHnXfP1Tt7Bg' \
  --header 'X-API-VERSION: 1.0'

📊 3-min candle trend → CE (O1=106.55, C3=105.55)
Market Direction: CE
❌ Skipping trade — market direction conflicts with momentum.
Waiting for 3 mins to get another data.
Traceback (most recent call last):
  File "C:\Users\HITS\eclipse-workspace\Groww_Python_Trading_Bot\QA_env_sample_test_groww_option_trading_final_bot.py", line 1300, in <module>
    auto_mode_runner()
  File "C:\Users\HITS\eclipse-workspace\Groww_Python_Trading_Bot\QA_env_sample_test_groww_option_trading_final_bot.py", line 1284, in auto_mode_runner
    time.sleep(180)
KeyboardInterrupt
