📝 Logging started. Log file: C:\Users\HITS\eclipse-workspace\Groww_Python_Trading_Bot\logs\Groww_Bot_2025-10-30_16-34-47.log
Ready to Groww!
✅ Groww API Initialized Successfully
✅ Converted 'C:\Users\HITS\Downloads\instrument (1).csv' → 'C:\Users\HITS\Downloads\instrument (1).json'
📊 Live NIFTY Spot: 25877.85
✅ Converted 'C:\Users\HITS\Downloads\instrument (1).csv' → 'C:\Users\HITS\Downloads\instrument (1).json'
🎯 Filtering NIFTY 04/11/2025 instruments between 25400–26400 (Spot=25877.85)
✅ Loaded 316 filtered instruments (out of 105971)

✨ Groww NIFTY CP Bot Ready (Groww backend)
Manual example: Buy 14 NIFTY04NOV2525950CE at CP and Book at 1050

Choose mode: (m)anual / (a)uto / (q)uit: 
--- AUTO MODE (momentum + premium) ---
🔍 Detecting best option between CE and PE for NIFTY 04/11/2025…
➡️  Searching CE between 80-130
➡️  Searching PE between 80-130
⚙️ Checking momentum for top 2 CE candidates...

🧭 Checking momentum for NIFTY25N0425950CE (5 samples, every 1s):

🧭 Checking momentum for NIFTY25N0426000CE (5 samples, every 1s):
⚙️ Checking momentum for top 3 PE candidates...

🧭 Checking momentum for NIFTY25N0425900PE (5 samples, every 1s):

🧭 Checking momentum for NIFTY25N0425950PE (5 samples, every 1s):

🧭 Checking momentum for NIFTY25N0425850PE (5 samples, every 1s):
[NIFTY25N0425950CE] ⏱ Sample 1/5: LTP = ₹114.20
[NIFTY25N0426000CE] ⏱ Sample 1/5: LTP = ₹91.60
[NIFTY25N0425900PE] ⏱ Sample 1/5: LTP = ₹100.60
[NIFTY25N0425950PE] ⏱ Sample 1/5: LTP = ₹124.00
[NIFTY25N0425850PE] ⏱ Sample 1/5: LTP = ₹80.40
[NIFTY25N0425950CE] ⏱ Sample 2/5: LTP = ₹114.20
[NIFTY25N0426000CE] ⏱ Sample 2/5: LTP = ₹91.60
[NIFTY25N0425900PE] ⏱ Sample 2/5: LTP = ₹100.60
[NIFTY25N0425950PE] ⏱ Sample 2/5: LTP = ₹124.00
[NIFTY25N0425850PE] ⏱ Sample 2/5: LTP = ₹80.40
[NIFTY25N0425950CE] ⏱ Sample 3/5: LTP = ₹114.20
[NIFTY25N0426000CE] ⏱ Sample 3/5: LTP = ₹91.60
[NIFTY25N0425900PE] ⏱ Sample 3/5: LTP = ₹100.60
[NIFTY25N0425950PE] ⏱ Sample 3/5: LTP = ₹124.00
[NIFTY25N0425850PE] ⏱ Sample 3/5: LTP = ₹80.40
[NIFTY25N0425950CE] ⏱ Sample 4/5: LTP = ₹114.20
[NIFTY25N0426000CE] ⏱ Sample 4/5: LTP = ₹91.60
[NIFTY25N0425900PE] ⏱ Sample 4/5: LTP = ₹100.60
[NIFTY25N0425950PE] ⏱ Sample 4/5: LTP = ₹124.00
[NIFTY25N0425850PE] ⏱ Sample 4/5: LTP = ₹80.40
[NIFTY25N0425950CE] ⏱ Sample 5/5: LTP = ₹114.20
[NIFTY25N0426000CE] ⏱ Sample 5/5: LTP = ₹91.60
[NIFTY25N0425950CE] ⚠️ Too noisy for reliable momentum reading
[NIFTY25N0425900PE] ⏱ Sample 5/5: LTP = ₹100.60
[NIFTY25N0426000CE] ⚠️ Too noisy for reliable momentum reading
⚠️ No strong momentum found for CE (>0.25%, consistency >70%)
📊 Running momentum check for CE (NIFTY25N0425950CE)

🧭 Checking momentum for NIFTY25N0425950CE (5 samples, every 1s):
[NIFTY25N0425950PE] ⏱ Sample 5/5: LTP = ₹124.00
[NIFTY25N0425900PE] ⚠️ Too noisy for reliable momentum reading
[NIFTY25N0425850PE] ⏱ Sample 5/5: LTP = ₹80.40
[NIFTY25N0425950PE] ⚠️ Too noisy for reliable momentum reading
[NIFTY25N0425950CE] ⏱ Sample 1/5: LTP = ₹114.20
[NIFTY25N0425850PE] ⚠️ Too noisy for reliable momentum reading
⚠️ No strong momentum found for PE (>0.3%, consistency >70%)
📊 Running momentum check for PE (NIFTY25N0425900PE)

🧭 Checking momentum for NIFTY25N0425900PE (5 samples, every 1s):
[NIFTY25N0425900PE] ⏱ Sample 1/5: LTP = ₹100.60
[NIFTY25N0425950CE] ⏱ Sample 2/5: LTP = ₹114.20
[NIFTY25N0425900PE] ⏱ Sample 2/5: LTP = ₹100.60
[NIFTY25N0425950CE] ⏱ Sample 3/5: LTP = ₹114.20
[NIFTY25N0425900PE] ⏱ Sample 3/5: LTP = ₹100.60
[NIFTY25N0425950CE] ⏱ Sample 4/5: LTP = ₹114.20
[NIFTY25N0425900PE] ⏱ Sample 4/5: LTP = ₹100.60
[NIFTY25N0425950CE] ⏱ Sample 5/5: LTP = ₹114.20
[NIFTY25N0425900PE] ⏱ Sample 5/5: LTP = ₹100.60
[NIFTY25N0425950CE] ⚠️ Too noisy for reliable momentum reading
✅ Momentum for CE: None
🧩 Finished CE: NIFTY25N0425950CE, momentum=None
[NIFTY25N0425900PE] ⚠️ Too noisy for reliable momentum reading
✅ Momentum for PE: None
🧩 Finished PE: NIFTY25N0425900PE, momentum=None
🧮 Comparing CE vs PE momentum...
❌ No momentum data found for CE or PE.
❌ Could not determine CE/PE momentum side. Retrying in 3 minutes...
🔍 Detecting best option between CE and PE for NIFTY 04/11/2025…
➡️  Searching CE between 80-130
➡️  Searching PE between 80-130
⚠️ Error fetching LTP for NIFTY25N0426400CE: HTTPSConnectionPool(host='api.groww.in', port=443): Read timed out. (read timeout=10)
⚙️ Checking momentum for top 2 CE candidates...

🧭 Checking momentum for NIFTY25N0425950CE (5 samples, every 1s):

🧭 Checking momentum for NIFTY25N0426000CE (5 samples, every 1s):
⚙️ Checking momentum for top 3 PE candidates...

🧭 Checking momentum for NIFTY25N0425900PE (5 samples, every 1s):

🧭 Checking momentum for NIFTY25N0425950PE (5 samples, every 1s):

🧭 Checking momentum for NIFTY25N0425850PE (5 samples, every 1s):
[NIFTY25N0425950CE] ⏱ Sample 1/5: LTP = ₹114.20
[NIFTY25N0426000CE] ⏱ Sample 1/5: LTP = ₹91.60
[NIFTY25N0425900PE] ⏱ Sample 1/5: LTP = ₹100.60
[NIFTY25N0425950PE] ⏱ Sample 1/5: LTP = ₹124.00
[NIFTY25N0425850PE] ⏱ Sample 1/5: LTP = ₹80.40
[NIFTY25N0425950CE] ⏱ Sample 2/5: LTP = ₹114.20
[NIFTY25N0426000CE] ⏱ Sample 2/5: LTP = ₹91.60
[NIFTY25N0425900PE] ⏱ Sample 2/5: LTP = ₹100.60
[NIFTY25N0425950PE] ⏱ Sample 2/5: LTP = ₹124.00
[NIFTY25N0425850PE] ⏱ Sample 2/5: LTP = ₹80.40
[NIFTY25N0425950CE] ⏱ Sample 3/5: LTP = ₹114.20
[NIFTY25N0426000CE] ⏱ Sample 3/5: LTP = ₹91.60
[NIFTY25N0425900PE] ⏱ Sample 3/5: LTP = ₹100.60
[NIFTY25N0425950PE] ⏱ Sample 3/5: LTP = ₹124.00
[NIFTY25N0425850PE] ⏱ Sample 3/5: LTP = ₹80.40
[NIFTY25N0425950CE] ⏱ Sample 4/5: LTP = ₹114.20
[NIFTY25N0426000CE] ⏱ Sample 4/5: LTP = ₹91.60
[NIFTY25N0425900PE] ⏱ Sample 4/5: LTP = ₹100.60
[NIFTY25N0425950PE] ⏱ Sample 4/5: LTP = ₹124.00
[NIFTY25N0425850PE] ⏱ Sample 4/5: LTP = ₹80.40
[NIFTY25N0425950CE] ⏱ Sample 5/5: LTP = ₹114.20
[NIFTY25N0426000CE] ⏱ Sample 5/5: LTP = ₹91.60
[NIFTY25N0425950CE] ⚠️ Too noisy for reliable momentum reading
[NIFTY25N0425900PE] ⏱ Sample 5/5: LTP = ₹100.60
[NIFTY25N0426000CE] ⚠️ Too noisy for reliable momentum reading
⚠️ No strong momentum found for CE (>0.25%, consistency >70%)
📊 Running momentum check for CE (NIFTY25N0425950CE)

🧭 Checking momentum for NIFTY25N0425950CE (5 samples, every 1s):
[NIFTY25N0425950PE] ⏱ Sample 5/5: LTP = ₹124.00
[NIFTY25N0425900PE] ⚠️ Too noisy for reliable momentum reading
[NIFTY25N0425850PE] ⏱ Sample 5/5: LTP = ₹80.40
[NIFTY25N0425950PE] ⚠️ Too noisy for reliable momentum reading
[NIFTY25N0425950CE] ⏱ Sample 1/5: LTP = ₹114.20
[NIFTY25N0425850PE] ⚠️ Too noisy for reliable momentum reading
⚠️ No strong momentum found for PE (>0.3%, consistency >70%)
📊 Running momentum check for PE (NIFTY25N0425900PE)

🧭 Checking momentum for NIFTY25N0425900PE (5 samples, every 1s):
[NIFTY25N0425900PE] ⏱ Sample 1/5: LTP = ₹100.60
[NIFTY25N0425950CE] ⏱ Sample 2/5: LTP = ₹114.20
[NIFTY25N0425900PE] ⏱ Sample 2/5: LTP = ₹100.60
[NIFTY25N0425950CE] ⏱ Sample 3/5: LTP = ₹114.20
[NIFTY25N0425900PE] ⏱ Sample 3/5: LTP = ₹100.60
[NIFTY25N0425950CE] ⏱ Sample 4/5: LTP = ₹114.20
[NIFTY25N0425900PE] ⏱ Sample 4/5: LTP = ₹100.60
[NIFTY25N0425950CE] ⏱ Sample 5/5: LTP = ₹114.20
[NIFTY25N0425900PE] ⏱ Sample 5/5: LTP = ₹100.60
[NIFTY25N0425950CE] ⚠️ Too noisy for reliable momentum reading
✅ Momentum for CE: None
🧩 Finished CE: NIFTY25N0425950CE, momentum=None
[NIFTY25N0425900PE] ⚠️ Too noisy for reliable momentum reading
✅ Momentum for PE: None
🧩 Finished PE: NIFTY25N0425900PE, momentum=None
🧮 Comparing CE vs PE momentum...
❌ No momentum data found for CE or PE.
❌ Could not determine CE/PE momentum side. Retrying in 3 minutes...
🔍 Detecting best option between CE and PE for NIFTY 04/11/2025…
➡️  Searching CE between 80-130
➡️  Searching PE between 80-130
⚙️ Checking momentum for top 2 CE candidates...

🧭 Checking momentum for NIFTY25N0425950CE (5 samples, every 1s):

🧭 Checking momentum for NIFTY25N0426000CE (5 samples, every 1s):
⚙️ Checking momentum for top 3 PE candidates...

🧭 Checking momentum for NIFTY25N0425900PE (5 samples, every 1s):

🧭 Checking momentum for NIFTY25N0425950PE (5 samples, every 1s):

🧭 Checking momentum for NIFTY25N0425850PE (5 samples, every 1s):
[NIFTY25N0425950CE] ⏱ Sample 1/5: LTP = ₹114.20
[NIFTY25N0426000CE] ⏱ Sample 1/5: LTP = ₹91.60
[NIFTY25N0425900PE] ⏱ Sample 1/5: LTP = ₹100.60
[NIFTY25N0425950PE] ⏱ Sample 1/5: LTP = ₹124.00
[NIFTY25N0425850PE] ⏱ Sample 1/5: LTP = ₹80.40
[NIFTY25N0425950CE] ⏱ Sample 2/5: LTP = ₹114.20
[NIFTY25N0426000CE] ⏱ Sample 2/5: LTP = ₹91.60
[NIFTY25N0425900PE] ⏱ Sample 2/5: LTP = ₹100.60
[NIFTY25N0425950PE] ⏱ Sample 2/5: LTP = ₹124.00
[NIFTY25N0425850PE] ⏱ Sample 2/5: LTP = ₹80.40
[NIFTY25N0425950CE] ⏱ Sample 3/5: LTP = ₹114.20
[NIFTY25N0426000CE] ⏱ Sample 3/5: LTP = ₹91.60
[NIFTY25N0425900PE] ⏱ Sample 3/5: LTP = ₹100.60
[NIFTY25N0425950PE] ⏱ Sample 3/5: LTP = ₹124.00
[NIFTY25N0425850PE] ⏱ Sample 3/5: LTP = ₹80.40
[NIFTY25N0425950CE] ⏱ Sample 4/5: LTP = ₹114.20
[NIFTY25N0426000CE] ⏱ Sample 4/5: LTP = ₹91.60
[NIFTY25N0425900PE] ⏱ Sample 4/5: LTP = ₹100.60
[NIFTY25N0425950PE] ⏱ Sample 4/5: LTP = ₹124.00
[NIFTY25N0425850PE] ⏱ Sample 4/5: LTP = ₹80.40
[NIFTY25N0425950CE] ⏱ Sample 5/5: LTP = ₹114.20
[NIFTY25N0426000CE] ⏱ Sample 5/5: LTP = ₹91.60
[NIFTY25N0425950CE] ⚠️ Too noisy for reliable momentum reading
[NIFTY25N0425900PE] ⏱ Sample 5/5: LTP = ₹100.60
[NIFTY25N0426000CE] ⚠️ Too noisy for reliable momentum reading
⚠️ No strong momentum found for CE (>0.25%, consistency >70%)
📊 Running momentum check for CE (NIFTY25N0425950CE)

🧭 Checking momentum for NIFTY25N0425950CE (5 samples, every 1s):
[NIFTY25N0425950PE] ⏱ Sample 5/5: LTP = ₹124.00
[NIFTY25N0425900PE] ⚠️ Too noisy for reliable momentum reading
[NIFTY25N0425850PE] ⏱ Sample 5/5: LTP = ₹80.40
[NIFTY25N0425950PE] ⚠️ Too noisy for reliable momentum reading
[NIFTY25N0425950CE] ⏱ Sample 1/5: LTP = ₹114.20
[NIFTY25N0425850PE] ⚠️ Too noisy for reliable momentum reading
⚠️ No strong momentum found for PE (>0.3%, consistency >70%)
📊 Running momentum check for PE (NIFTY25N0425900PE)

🧭 Checking momentum for NIFTY25N0425900PE (5 samples, every 1s):
[NIFTY25N0425900PE] ⏱ Sample 1/5: LTP = ₹100.60
[NIFTY25N0425950CE] ⏱ Sample 2/5: LTP = ₹114.20
[NIFTY25N0425900PE] ⏱ Sample 2/5: LTP = ₹100.60
[NIFTY25N0425950CE] ⏱ Sample 3/5: LTP = ₹114.20
[NIFTY25N0425900PE] ⏱ Sample 3/5: LTP = ₹100.60
[NIFTY25N0425950CE] ⏱ Sample 4/5: LTP = ₹114.20
[NIFTY25N0425900PE] ⏱ Sample 4/5: LTP = ₹100.60
[NIFTY25N0425950CE] ⏱ Sample 5/5: LTP = ₹114.20
[NIFTY25N0425900PE] ⏱ Sample 5/5: LTP = ₹100.60
[NIFTY25N0425950CE] ⚠️ Too noisy for reliable momentum reading
✅ Momentum for CE: None
🧩 Finished CE: NIFTY25N0425950CE, momentum=None
[NIFTY25N0425900PE] ⚠️ Too noisy for reliable momentum reading
✅ Momentum for PE: None
🧩 Finished PE: NIFTY25N0425900PE, momentum=None
🧮 Comparing CE vs PE momentum...
❌ No momentum data found for CE or PE.
❌ Could not determine CE/PE momentum side. Retrying in 3 minutes...
🔍 Detecting best option between CE and PE for NIFTY 04/11/2025…
➡️  Searching CE between 80-130
➡️  Searching PE between 80-130
⚙️ Checking momentum for top 2 CE candidates...

🧭 Checking momentum for NIFTY25N0425950CE (5 samples, every 1s):

🧭 Checking momentum for NIFTY25N0426000CE (5 samples, every 1s):
[NIFTY25N0425950CE] ⏱ Sample 1/5: LTP = ₹114.20
[NIFTY25N0426000CE] ⏱ Sample 1/5: LTP = ₹91.60
⚙️ Checking momentum for top 3 PE candidates...[NIFTY25N0426000CE] ⏱ Sample 2/5: LTP = ₹91.60


🧭 Checking momentum for NIFTY25N0425950PE (5 samples, every 1s):
🧭 Checking momentum for NIFTY25N0425900PE (5 samples, every 1s):
🧭 Checking momentum for NIFTY25N0425850PE (5 samples, every 1s):


[NIFTY25N0425950CE] ⏱ Sample 2/5: LTP = ₹114.20
[NIFTY25N0425950PE] ⏱ Sample 1/5: LTP = ₹124.00
[NIFTY25N0425850PE] ⏱ Sample 1/5: LTP = ₹80.40
[NIFTY25N0425900PE] ⏱ Sample 1/5: LTP = ₹100.60
[NIFTY25N0426000CE] ⏱ Sample 3/5: LTP = ₹91.60
[NIFTY25N0425950CE] ⏱ Sample 3/5: LTP = ₹114.20
[NIFTY25N0425950PE] ⏱ Sample 2/5: LTP = ₹124.00
[NIFTY25N0425850PE] ⏱ Sample 2/5: LTP = ₹80.40
[NIFTY25N0425900PE] ⏱ Sample 2/5: LTP = ₹100.60
[NIFTY25N0426000CE] ⏱ Sample 4/5: LTP = ₹91.60
[NIFTY25N0425950CE] ⏱ Sample 4/5: LTP = ₹114.20
[NIFTY25N0425950PE] ⏱ Sample 3/5: LTP = ₹124.00
[NIFTY25N0425850PE] ⏱ Sample 3/5: LTP = ₹80.40
[NIFTY25N0425900PE] ⏱ Sample 3/5: LTP = ₹100.60
[NIFTY25N0426000CE] ⏱ Sample 5/5: LTP = ₹91.60
[NIFTY25N0425950CE] ⏱ Sample 5/5: LTP = ₹114.20
[NIFTY25N0426000CE] ⚠️ Too noisy for reliable momentum reading
[NIFTY25N0425950PE] ⏱ Sample 4/5: LTP = ₹124.00
[NIFTY25N0425950CE] ⚠️ Too noisy for reliable momentum reading[NIFTY25N0425850PE] ⏱ Sample 4/5: LTP = ₹80.40

⚠️ No strong momentum found for CE (>0.25%, consistency >70%)
📊 Running momentum check for CE (NIFTY25N0425950CE)

🧭 Checking momentum for NIFTY25N0425950CE (5 samples, every 1s):[NIFTY25N0425900PE] ⏱ Sample 4/5: LTP = ₹100.60

[NIFTY25N0425950PE] ⏱ Sample 5/5: LTP = ₹124.00
[NIFTY25N0425950CE] ⏱ Sample 1/5: LTP = ₹114.20
[NIFTY25N0425950PE] ⚠️ Too noisy for reliable momentum reading[NIFTY25N0425850PE] ⏱ Sample 5/5: LTP = ₹80.40

[NIFTY25N0425850PE] ⚠️ Too noisy for reliable momentum reading
[NIFTY25N0425900PE] ⏱ Sample 5/5: LTP = ₹100.60
[NIFTY25N0425950CE] ⏱ Sample 2/5: LTP = ₹114.20
[NIFTY25N0425900PE] ⚠️ Too noisy for reliable momentum reading
⚠️ No strong momentum found for PE (>0.3%, consistency >70%)
📊 Running momentum check for PE (NIFTY25N0425900PE)

🧭 Checking momentum for NIFTY25N0425900PE (5 samples, every 1s):
[NIFTY25N0425950CE] ⏱ Sample 3/5: LTP = ₹114.20
[NIFTY25N0425900PE] ⏱ Sample 1/5: LTP = ₹100.60
[NIFTY25N0425950CE] ⏱ Sample 4/5: LTP = ₹114.20
[NIFTY25N0425900PE] ⏱ Sample 2/5: LTP = ₹100.60
[NIFTY25N0425950CE] ⏱ Sample 5/5: LTP = ₹114.20
[NIFTY25N0425900PE] ⏱ Sample 3/5: LTP = ₹100.60
[NIFTY25N0425950CE] ⚠️ Too noisy for reliable momentum reading
✅ Momentum for CE: None
[NIFTY25N0425900PE] ⏱ Sample 4/5: LTP = ₹100.60
[NIFTY25N0425900PE] ⏱ Sample 5/5: LTP = ₹100.60
[NIFTY25N0425900PE] ⚠️ Too noisy for reliable momentum reading
✅ Momentum for PE: None
Traceback (most recent call last):
  File "C:\Users\HITS\eclipse-workspace\Groww_Python_Trading_Bot\groww_option_trading_final_bot.py", line 1115, in <module>
    auto_mode_runner()
  File "C:\Users\HITS\eclipse-workspace\Groww_Python_Trading_Bot\groww_option_trading_final_bot.py", line 1070, in auto_mode_runner
    opt_result = detect_option_type_parallel(index, expiry, min_p, max_p, lots)
                 ^^^^^^^^^^^^^^^^^^^^^^^^^^^^^^^^^^^^^^^^^^^^^^^^^^^^^^^^^^^^^^
  File "C:\Users\HITS\eclipse-workspace\Groww_Python_Trading_Bot\groww_option_trading_final_bot.py", line 771, in detect_option_type_parallel
    for future in as_completed(futures):
  File "C:\Program Files\Python312\Lib\concurrent\futures\_base.py", line 243, in as_completed
    waiter.event.wait(wait_timeout)
  File "C:\Program Files\Python312\Lib\threading.py", line 655, in wait
    signaled = self._cond.wait(timeout)
               ^^^^^^^^^^^^^^^^^^^^^^^^
  File "C:\Program Files\Python312\Lib\threading.py", line 355, in wait
    waiter.acquire()
KeyboardInterrupt
