📝 Logging started. Log file: C:\Users\HITS\eclipse-workspace\Groww_Python_Trading_Bot\logs\Groww_Bot_2025-12-22_09-27-12.log
C:\Users\HITS\eclipse-workspace\Groww_Python_Trading_Bot\instrument.csv
Ready to Groww!
eyJraWQiOiJaTUtjVXciLCJhbGciOiJFUzI1NiJ9.eyJleHAiOjE3NjY0NDk4MDAsImlhdCI6MTc2NjM3NTgzMiwibmJmIjoxNzY2Mzc1ODMyLCJzdWIiOiJ7XCJ0b2tlblJlZklkXCI6XCJjYjZhYTA2OC01MzI5LTRlNzctYWNjYS0zYTA1YWY2OTU5NGVcIixcInZlbmRvckludGVncmF0aW9uS2V5XCI6XCJlMzFmZjIzYjA4NmI0MDZjODg3NGIyZjZkODQ5NTMxM1wiLFwidXNlckFjY291bnRJZFwiOlwiMmVlMjYyMjItN2MwNS00Y2IwLWIwM2MtNzAzYWRmNWVmN2RkXCIsXCJkZXZpY2VJZFwiOlwiNWQwYzdjODgtMGI1OS01MDU0LTk5ZTYtYWU5MzY5OTc2ZmRiXCIsXCJzZXNzaW9uSWRcIjpcIjE3ZmU1MzRlLTRkN2QtNDc3ZS05ZWIyLWY0NTNiNzQyNmVmMFwiLFwiYWRkaXRpb25hbERhdGFcIjpcIno1NC9NZzltdjE2WXdmb0gvS0EwYktvMDZXRlpjc241VUNmTWF5aERtNGxSTkczdTlLa2pWZDNoWjU1ZStNZERhWXBOVi9UOUxIRmtQejFFQisybTdRPT1cIixcInJvbGVcIjpcIm9yZGVyLWJhc2ljLGxpdmVfZGF0YS1iYXNpYyxub25fdHJhZGluZy1iYXNpYyxvcmRlcl9yZWFkX29ubHktYmFzaWMsYmFja190ZXN0XCIsXCJzb3VyY2VJcEFkZHJlc3NcIjpudWxsLFwidHdvRmFFeHBpcnlUc1wiOjE3NjY0NDk4MDAwMDB9IiwiaXNzIjoiYXBleC1hdXRoLXByb2QtYXBwIn0.rN3-UsKKMD6MdmgBDFc1XzfOCNBbfsOVqs8oxUCNCWg-_sIi-GG0OpoiSR1KtFBYpbzuODolOLU17gWQjhpftA
✅ Groww API Initialized Successfully
✅ Converted 'C:\Users\HITS\eclipse-workspace\Groww_Python_Trading_Bot\instrument.csv' → 'C:\Users\HITS\eclipse-workspace\Groww_Python_Trading_Bot\instrument.json'
📊 Live NIFTY Spot: 26128.9
✅ Converted 'C:\Users\HITS\eclipse-workspace\Groww_Python_Trading_Bot\instrument.csv' → 'C:\Users\HITS\eclipse-workspace\Groww_Python_Trading_Bot\instrument.json'
🎯 Filtering NIFTY 2025-12-23 instruments between 25650–26650 (Spot=26128.9)
✅ Loaded 316 filtered instruments (out of 149250)

✨ Groww NIFTY CP Bot Ready (Groww backend)
You can run in MANUAL or AUTO mode.
Manual example: Buy 14 NIFTY04NOV2525950CE at CP and Book at 1050

Choose mode: (m)anual / (a)uto / (q)uit: 
--- AUTO MODE (momentum + premium) ---
🔍 Detecting best option between CE and PE for NIFTY 2025-12-23…
➡️  Searching CE between 80-130
➡️  Searching PE between 80-130
⚙️ Checking momentum for top 1 PE candidates...

🧭 Checking momentum for NIFTY25D2326200PE (5 samples, every 1s):
delta = -0.6622, theta = -23.8596,  iv = 10.6813,  gamma = 0.0022,  vega = 5.5906,  rho = -0.5963, open_interest = 52676, ltp = 106.4
[NIFTY25D2326200PE] ⏱ Sample 1/5: LTP = ₹106.50
⚙️ Checking momentum for top 1 CE candidates...

🧭 Checking momentum for NIFTY25D2326100CE (5 samples, every 1s):
delta = 0.5735, theta = -26.7432,  iv = 11.159,  gamma = 0.0023,  vega = 5.9981,  rho = 0.5104, open_interest = 173998, ltp = 86.25
[NIFTY25D2326200PE] ⏱ Sample 2/5: LTP = ₹104.40
[NIFTY25D2326100CE] ⏱ Sample 1/5: LTP = ₹86.05
[NIFTY25D2326200PE] ⏱ Sample 3/5: LTP = ₹104.55
[NIFTY25D2326100CE] ⏱ Sample 2/5: LTP = ₹85.60
[NIFTY25D2326200PE] ⏱ Sample 4/5: LTP = ₹104.95
[NIFTY25D2326100CE] ⏱ Sample 3/5: LTP = ₹85.60
[NIFTY25D2326200PE] ⏱ Sample 5/5: LTP = ₹104.90
[NIFTY25D2326100CE] ⏱ Sample 4/5: LTP = ₹85.50
[NIFTY25D2326200PE] 📊 Avg Δ = -0.166%, Consistency = 50.0% → FLAT
[NIFTY25D2326200PE] 📈 Range ₹106.50 → ₹104.90

⚠️ No strong momentum found for PE (>0.3%, consistency >70%)
📊 Running momentum check for PE (NIFTY25D2326200PE)

🧭 Checking momentum for NIFTY25D2326200PE (5 samples, every 1s):
delta = -0.6622, theta = -23.8596,  iv = 10.6813,  gamma = 0.0022,  vega = 5.5906,  rho = -0.5963, open_interest = 52676, ltp = 104.9
[NIFTY25D2326200PE] ⏱ Sample 1/5: LTP = ₹104.55
[NIFTY25D2326100CE] ⏱ Sample 5/5: LTP = ₹86.20
[NIFTY25D2326200PE] ⏱ Sample 2/5: LTP = ₹104.30
[NIFTY25D2326100CE] 📊 Avg Δ = 0.010%, Consistency = 50.0% → FLAT
[NIFTY25D2326100CE] 📈 Range ₹86.05 → ₹86.20

⚠️ No strong momentum found for CE (>0.25%, consistency >70%)
📊 Running momentum check for CE (NIFTY25D2326100CE)

🧭 Checking momentum for NIFTY25D2326100CE (5 samples, every 1s):
delta = 0.5765, theta = -26.7707,  iv = 11.1827,  gamma = 0.0023,  vega = 5.9882,  rho = 0.5128, open_interest = 173998, ltp = 86.25
[NIFTY25D2326100CE] ⏱ Sample 1/5: LTP = ₹86.25
[NIFTY25D2326200PE] ⏱ Sample 3/5: LTP = ₹104.50
[NIFTY25D2326100CE] ⏱ Sample 2/5: LTP = ₹85.75
[NIFTY25D2326200PE] ⏱ Sample 4/5: LTP = ₹104.80
[NIFTY25D2326100CE] ⏱ Sample 3/5: LTP = ₹85.90
[NIFTY25D2326200PE] ⏱ Sample 5/5: LTP = ₹105.05
[NIFTY25D2326100CE] ⏱ Sample 4/5: LTP = ₹85.95
[NIFTY25D2326200PE] 📊 Avg Δ = 0.159%, Consistency = 100.0% → FLAT
[NIFTY25D2326200PE] 📈 Range ₹104.55 → ₹105.05

✅ Momentum for PE: {'symbol': 'NIFTY25D2326200PE', 'avg_change': np.float64(0.159), 'consistency': np.float64(100.0), 'direction': 'FLAT'}
🧩 Finished PE: NIFTY25D2326200PE, momentum={'symbol': 'NIFTY25D2326200PE', 'avg_change': np.float64(0.159), 'consistency': np.float64(100.0), 'direction': 'FLAT'}
[NIFTY25D2326100CE] ⏱ Sample 5/5: LTP = ₹85.40
[NIFTY25D2326100CE] 📊 Avg Δ = -0.126%, Consistency = 100.0% → FLAT
[NIFTY25D2326100CE] 📈 Range ₹86.25 → ₹85.40

✅ Momentum for CE: {'symbol': 'NIFTY25D2326100CE', 'avg_change': np.float64(-0.126), 'consistency': np.float64(100.0), 'direction': 'FLAT'}
🧩 Finished CE: NIFTY25D2326100CE, momentum={'symbol': 'NIFTY25D2326100CE', 'avg_change': np.float64(-0.126), 'consistency': np.float64(100.0), 'direction': 'FLAT'}
🧮 Comparing CE vs PE momentum...
📈 CE momentum: -0.126% (FLAT, 100.0%)
📉 PE momentum: 0.159% (FLAT, 100.0%)
✅ Selected PE (stronger momentum)
✅ Selected: NIFTY25D2326200PE (PE) | LTP=105.9 | lot_size=75
🚫 Rejected: NIFTY25D2326100CE (CE)

🌀 Generated cURL for Groww Candle API:
curl --location 'https://api.groww.in/v1/historical/candles?exchange=NSE&segment=FNO&groww_symbol=NSE-NIFTY-23Dec25-26200-PE&start_time=2025-12-22 09:25:19&end_time=2025-12-22 09:28:19&candle_interval=1minute' \
  --header 'Accept: application/json' \
  --header 'Authorization: Bearer eyJraWQiOiJaTUtjVXciLCJhbGciOiJFUzI1NiJ9.eyJleHAiOjE3NjY0NDk4MDAsImlhdCI6MTc2NjM3NTgzMiwibmJmIjoxNzY2Mzc1ODMyLCJzdWIiOiJ7XCJ0b2tlblJlZklkXCI6XCJjYjZhYTA2OC01MzI5LTRlNzctYWNjYS0zYTA1YWY2OTU5NGVcIixcInZlbmRvckludGVncmF0aW9uS2V5XCI6XCJlMzFmZjIzYjA4NmI0MDZjODg3NGIyZjZkODQ5NTMxM1wiLFwidXNlckFjY291bnRJZFwiOlwiMmVlMjYyMjItN2MwNS00Y2IwLWIwM2MtNzAzYWRmNWVmN2RkXCIsXCJkZXZpY2VJZFwiOlwiNWQwYzdjODgtMGI1OS01MDU0LTk5ZTYtYWU5MzY5OTc2ZmRiXCIsXCJzZXNzaW9uSWRcIjpcIjE3ZmU1MzRlLTRkN2QtNDc3ZS05ZWIyLWY0NTNiNzQyNmVmMFwiLFwiYWRkaXRpb25hbERhdGFcIjpcIno1NC9NZzltdjE2WXdmb0gvS0EwYktvMDZXRlpjc241VUNmTWF5aERtNGxSTkczdTlLa2pWZDNoWjU1ZStNZERhWXBOVi9UOUxIRmtQejFFQisybTdRPT1cIixcInJvbGVcIjpcIm9yZGVyLWJhc2ljLGxpdmVfZGF0YS1iYXNpYyxub25fdHJhZGluZy1iYXNpYyxvcmRlcl9yZWFkX29ubHktYmFzaWMsYmFja190ZXN0XCIsXCJzb3VyY2VJcEFkZHJlc3NcIjpudWxsLFwidHdvRmFFeHBpcnlUc1wiOjE3NjY0NDk4MDAwMDB9IiwiaXNzIjoiYXBleC1hdXRoLXByb2QtYXBwIn0.rN3-UsKKMD6MdmgBDFc1XzfOCNBbfsOVqs8oxUCNCWg-_sIi-GG0OpoiSR1KtFBYpbzuODolOLU17gWQjhpftA' \
  --header 'X-API-VERSION: 1.0'

📊 3-min candle trend → CE (O1=108.25, C3=105.65)
📊 Market Direction: CE
❌ Skipping — market direction conflicts with momentum.
Traceback (most recent call last):
  File "C:\Users\HITS\eclipse-workspace\Groww_Python_Trading_Bot\workingCopyOf_QA_env_sample_test_groww_option_trading_final_bot.py", line 1588, in <module>
    auto_mode_runner()
  File "C:\Users\HITS\eclipse-workspace\Groww_Python_Trading_Bot\workingCopyOf_QA_env_sample_test_groww_option_trading_final_bot.py", line 1487, in auto_mode_runner
    time.sleep(10)
KeyboardInterrupt
