📝 Logging started. Log file: C:\Users\HITS\eclipse-workspace\Groww_Python_Trading_Bot\logs\Groww_Bot_2025-12-17_11-19-47.log
C:\Users\HITS\eclipse-workspace\Groww_Python_Trading_Bot\instrument.csv
Ready to Groww!
eyJraWQiOiJaTUtjVXciLCJhbGciOiJFUzI1NiJ9.eyJleHAiOjE3NjYwMTc4MDAsImlhdCI6MTc2NTk1MDU4NywibmJmIjoxNzY1OTUwNTg3LCJzdWIiOiJ7XCJ0b2tlblJlZklkXCI6XCJmMzJhZTM2Ny0wOTAwLTQ0ZTUtYTQ4NS1jMGE2NmVkYzFhMzhcIixcInZlbmRvckludGVncmF0aW9uS2V5XCI6XCJlMzFmZjIzYjA4NmI0MDZjODg3NGIyZjZkODQ5NTMxM1wiLFwidXNlckFjY291bnRJZFwiOlwiMmVlMjYyMjItN2MwNS00Y2IwLWIwM2MtNzAzYWRmNWVmN2RkXCIsXCJkZXZpY2VJZFwiOlwiNWQwYzdjODgtMGI1OS01MDU0LTk5ZTYtYWU5MzY5OTc2ZmRiXCIsXCJzZXNzaW9uSWRcIjpcIjZlYzMwODRjLThiMDQtNGNlNS05ODllLTMzYWQwZmVmYWVkZFwiLFwiYWRkaXRpb25hbERhdGFcIjpcIno1NC9NZzltdjE2WXdmb0gvS0EwYktvMDZXRlpjc241VUNmTWF5aERtNGxSTkczdTlLa2pWZDNoWjU1ZStNZERhWXBOVi9UOUxIRmtQejFFQisybTdRPT1cIixcInJvbGVcIjpcIm9yZGVyLWJhc2ljLGxpdmVfZGF0YS1iYXNpYyxub25fdHJhZGluZy1iYXNpYyxvcmRlcl9yZWFkX29ubHktYmFzaWMsYmFja190ZXN0XCIsXCJzb3VyY2VJcEFkZHJlc3NcIjpudWxsLFwidHdvRmFFeHBpcnlUc1wiOjE3NjYwMTc4MDAwMDB9IiwiaXNzIjoiYXBleC1hdXRoLXByb2QtYXBwIn0.WcLplsNzQNx2mgXPl3KrZATFozwGCg5n-SCRt8XuaXFn9iShrh47Bxu5u6SuXyphw_Vlrb4wYdLbUptmfVox8A
✅ Groww API Initialized Successfully
✅ Converted 'C:\Users\HITS\eclipse-workspace\Groww_Python_Trading_Bot\instrument.csv' → 'C:\Users\HITS\eclipse-workspace\Groww_Python_Trading_Bot\instrument.json'
📊 Live NIFTY Spot: 25839.1
✅ Converted 'C:\Users\HITS\eclipse-workspace\Groww_Python_Trading_Bot\instrument.csv' → 'C:\Users\HITS\eclipse-workspace\Groww_Python_Trading_Bot\instrument.json'
🎯 Filtering NIFTY 2025-12-23 instruments between 25350–26350 (Spot=25839.1)
✅ Loaded 316 filtered instruments (out of 149250)

✨ Groww NIFTY CP Bot Ready (Groww backend)
You can run in MANUAL or AUTO mode.
Manual example: Buy 14 NIFTY04NOV2525950CE at CP and Book at 1050

Choose mode: (m)anual / (a)uto / (q)uit: 
--- AUTO MODE (momentum + premium) ---
🔍 Detecting best option between CE and PE for NIFTY 2025-12-23…
➡️  Searching CE between 80-130
➡️  Searching PE between 80-130
⚙️ Checking momentum for top 2 CE candidates...

🧭 Checking momentum for NIFTY25D2325900CE (5 samples, every 1s):

🧭 Checking momentum for NIFTY25D2325950CE (5 samples, every 1s):
⚙️ Checking momentum for top 2 PE candidates...

🧭 Checking momentum for NIFTY25D2325850PE (5 samples, every 1s):

🧭 Checking momentum for NIFTY25D2325800PE (5 samples, every 1s):
[NIFTY25D2325900CE] ⏱ Sample 1/5: LTP = ₹105.25
[NIFTY25D2325950CE] ⏱ Sample 1/5: LTP = ₹83.55
[NIFTY25D2325850PE] ⏱ Sample 1/5: LTP = ₹111.80
[NIFTY25D2325800PE] ⏱ Sample 1/5: LTP = ₹90.25
[NIFTY25D2325900CE] ⏱ Sample 2/5: LTP = ₹104.50
[NIFTY25D2325950CE] ⏱ Sample 2/5: LTP = ₹83.15
[NIFTY25D2325850PE] ⏱ Sample 2/5: LTP = ₹111.90
[NIFTY25D2325800PE] ⏱ Sample 2/5: LTP = ₹90.45
[NIFTY25D2325900CE] ⏱ Sample 3/5: LTP = ₹104.15
[NIFTY25D2325950CE] ⏱ Sample 3/5: LTP = ₹82.85
[NIFTY25D2325850PE] ⏱ Sample 3/5: LTP = ₹112.65
[NIFTY25D2325800PE] ⏱ Sample 3/5: LTP = ₹91.15
[NIFTY25D2325900CE] ⏱ Sample 4/5: LTP = ₹103.90
[NIFTY25D2325950CE] ⏱ Sample 4/5: LTP = ₹82.80
[NIFTY25D2325850PE] ⏱ Sample 4/5: LTP = ₹112.90
[NIFTY25D2325800PE] ⏱ Sample 4/5: LTP = ₹91.30
[NIFTY25D2325900CE] ⏱ Sample 5/5: LTP = ₹104.00
[NIFTY25D2325950CE] ⏱ Sample 5/5: LTP = ₹82.75
[NIFTY25D2325900CE] 📊 Avg Δ = -0.295%, Consistency = 100.0% → DOWN
[NIFTY25D2325900CE] 📈 Range ₹105.25 → ₹104.00

[NIFTY25D2325850PE] ⏱ Sample 5/5: LTP = ₹112.55
[NIFTY25D2325950CE] 📊 Avg Δ = -0.231%, Consistency = 100.0% → FLAT
[NIFTY25D2325950CE] 📈 Range ₹83.55 → ₹82.75

🏆 Selected CE: NIFTY25D2325900CE (DOWN | -0.29% | Consistency 100.0%)
📊 Running momentum check for CE (NIFTY25D2325900CE)

🧭 Checking momentum for NIFTY25D2325900CE (5 samples, every 1s):
[NIFTY25D2325800PE] ⏱ Sample 5/5: LTP = ₹91.15
[NIFTY25D2325850PE] 📊 Avg Δ = 0.260%, Consistency = 100.0% → UP
[NIFTY25D2325850PE] 📈 Range ₹111.80 → ₹112.55

[NIFTY25D2325900CE] ⏱ Sample 1/5: LTP = ₹103.75
[NIFTY25D2325800PE] 📊 Avg Δ = 0.321%, Consistency = 100.0% → UP
[NIFTY25D2325800PE] 📈 Range ₹90.25 → ₹91.15

🏆 Selected PE: NIFTY25D2325800PE (UP | 0.32% | Consistency 100.0%)
📊 Running momentum check for PE (NIFTY25D2325800PE)

🧭 Checking momentum for NIFTY25D2325800PE (5 samples, every 1s):
[NIFTY25D2325800PE] ⏱ Sample 1/5: LTP = ₹91.50
[NIFTY25D2325900CE] ⏱ Sample 2/5: LTP = ₹103.40
[NIFTY25D2325800PE] ⏱ Sample 2/5: LTP = ₹91.45
[NIFTY25D2325900CE] ⏱ Sample 3/5: LTP = ₹103.95
[NIFTY25D2325800PE] ⏱ Sample 3/5: LTP = ₹90.80
[NIFTY25D2325900CE] ⏱ Sample 4/5: LTP = ₹104.10
[NIFTY25D2325800PE] ⏱ Sample 4/5: LTP = ₹90.70
[NIFTY25D2325900CE] ⏱ Sample 5/5: LTP = ₹104.10
[NIFTY25D2325800PE] ⏱ Sample 5/5: LTP = ₹90.45
[NIFTY25D2325900CE] 📊 Avg Δ = 0.169%, Consistency = 100.0% → FLAT
[NIFTY25D2325900CE] 📈 Range ₹103.75 → ₹104.10

✅ Momentum for CE: {'symbol': 'NIFTY25D2325900CE', 'avg_change': np.float64(0.169), 'consistency': np.float64(100.0), 'direction': 'FLAT'}
🧩 Finished CE: NIFTY25D2325900CE, momentum={'symbol': 'NIFTY25D2325900CE', 'avg_change': np.float64(0.169), 'consistency': np.float64(100.0), 'direction': 'FLAT'}
[NIFTY25D2325800PE] 📊 Avg Δ = -0.329%, Consistency = 100.0% → DOWN
[NIFTY25D2325800PE] 📈 Range ₹91.50 → ₹90.45

✅ Momentum for PE: {'symbol': 'NIFTY25D2325800PE', 'avg_change': np.float64(-0.329), 'consistency': np.float64(100.0), 'direction': 'DOWN'}
🧩 Finished PE: NIFTY25D2325800PE, momentum={'symbol': 'NIFTY25D2325800PE', 'avg_change': np.float64(-0.329), 'consistency': np.float64(100.0), 'direction': 'DOWN'}
🧮 Comparing CE vs PE momentum...
📈 CE momentum: 0.169% (FLAT, 100.0%)
📉 PE momentum: -0.329% (DOWN, 100.0%)
✅ Selected CE (stronger momentum)
✅ Selected: NIFTY25D2325900CE (CE) | LTP=106.0 | lot_size=75 | groww_symbol=NSE-NIFTY-23Dec25-25900-CE

🌀 Generated cURL for Groww Candle API:
curl --location 'https://api.groww.in/v1/historical/candles?exchange=NSE&segment=FNO&groww_symbol=NSE-NIFTY-23Dec25-25900-CE&start_time=2025-12-17 11:17:48&end_time=2025-12-17 11:20:48&candle_interval=1minute' \
  --header 'Accept: application/json' \
  --header 'Authorization: Bearer eyJraWQiOiJaTUtjVXciLCJhbGciOiJFUzI1NiJ9.eyJleHAiOjE3NjYwMTc4MDAsImlhdCI6MTc2NTk1MDU4NywibmJmIjoxNzY1OTUwNTg3LCJzdWIiOiJ7XCJ0b2tlblJlZklkXCI6XCJmMzJhZTM2Ny0wOTAwLTQ0ZTUtYTQ4NS1jMGE2NmVkYzFhMzhcIixcInZlbmRvckludGVncmF0aW9uS2V5XCI6XCJlMzFmZjIzYjA4NmI0MDZjODg3NGIyZjZkODQ5NTMxM1wiLFwidXNlckFjY291bnRJZFwiOlwiMmVlMjYyMjItN2MwNS00Y2IwLWIwM2MtNzAzYWRmNWVmN2RkXCIsXCJkZXZpY2VJZFwiOlwiNWQwYzdjODgtMGI1OS01MDU0LTk5ZTYtYWU5MzY5OTc2ZmRiXCIsXCJzZXNzaW9uSWRcIjpcIjZlYzMwODRjLThiMDQtNGNlNS05ODllLTMzYWQwZmVmYWVkZFwiLFwiYWRkaXRpb25hbERhdGFcIjpcIno1NC9NZzltdjE2WXdmb0gvS0EwYktvMDZXRlpjc241VUNmTWF5aERtNGxSTkczdTlLa2pWZDNoWjU1ZStNZERhWXBOVi9UOUxIRmtQejFFQisybTdRPT1cIixcInJvbGVcIjpcIm9yZGVyLWJhc2ljLGxpdmVfZGF0YS1iYXNpYyxub25fdHJhZGluZy1iYXNpYyxvcmRlcl9yZWFkX29ubHktYmFzaWMsYmFja190ZXN0XCIsXCJzb3VyY2VJcEFkZHJlc3NcIjpudWxsLFwidHdvRmFFeHBpcnlUc1wiOjE3NjYwMTc4MDAwMDB9IiwiaXNzIjoiYXBleC1hdXRoLXByb2QtYXBwIn0.WcLplsNzQNx2mgXPl3KrZATFozwGCg5n-SCRt8XuaXFn9iShrh47Bxu5u6SuXyphw_Vlrb4wYdLbUptmfVox8A' \
  --header 'X-API-VERSION: 1.0'

📊 3-min candle trend → PE (O1=110.35, C3=104.0)
Market Direction: PE
❌ Skipping trade — market direction conflicts with momentum.
Waiting for 3 mins to get another data.
Traceback (most recent call last):
  File "C:\Users\HITS\eclipse-workspace\Groww_Python_Trading_Bot\QA_env_sample_test_groww_option_trading_final_bot.py", line 1301, in <module>
    auto_mode_runner()
  File "C:\Users\HITS\eclipse-workspace\Groww_Python_Trading_Bot\QA_env_sample_test_groww_option_trading_final_bot.py", line 1285, in auto_mode_runner
    time.sleep(180)
KeyboardInterrupt
