📝 Logging started. Log file: C:\Users\HITS\eclipse-workspace\Groww_Python_Trading_Bot\logs\Groww_Bot_2025-12-17_13-30-55.log
C:\Users\HITS\eclipse-workspace\Groww_Python_Trading_Bot\instrument.csv
Ready to Groww!
eyJraWQiOiJaTUtjVXciLCJhbGciOiJFUzI1NiJ9.eyJleHAiOjE3NjYwMTc4MDAsImlhdCI6MTc2NTk1ODQ1NSwibmJmIjoxNzY1OTU4NDU1LCJzdWIiOiJ7XCJ0b2tlblJlZklkXCI6XCJiMDg0MWRiNS0xNzQ1LTQzNDMtYTViMS1hM2Q3ZTc2NjBkNzNcIixcInZlbmRvckludGVncmF0aW9uS2V5XCI6XCJlMzFmZjIzYjA4NmI0MDZjODg3NGIyZjZkODQ5NTMxM1wiLFwidXNlckFjY291bnRJZFwiOlwiMmVlMjYyMjItN2MwNS00Y2IwLWIwM2MtNzAzYWRmNWVmN2RkXCIsXCJkZXZpY2VJZFwiOlwiNWQwYzdjODgtMGI1OS01MDU0LTk5ZTYtYWU5MzY5OTc2ZmRiXCIsXCJzZXNzaW9uSWRcIjpcIjZlYzMwODRjLThiMDQtNGNlNS05ODllLTMzYWQwZmVmYWVkZFwiLFwiYWRkaXRpb25hbERhdGFcIjpcIno1NC9NZzltdjE2WXdmb0gvS0EwYktvMDZXRlpjc241VUNmTWF5aERtNGxSTkczdTlLa2pWZDNoWjU1ZStNZERhWXBOVi9UOUxIRmtQejFFQisybTdRPT1cIixcInJvbGVcIjpcIm9yZGVyLWJhc2ljLGxpdmVfZGF0YS1iYXNpYyxub25fdHJhZGluZy1iYXNpYyxvcmRlcl9yZWFkX29ubHktYmFzaWMsYmFja190ZXN0XCIsXCJzb3VyY2VJcEFkZHJlc3NcIjpudWxsLFwidHdvRmFFeHBpcnlUc1wiOjE3NjYwMTc4MDAwMDB9IiwiaXNzIjoiYXBleC1hdXRoLXByb2QtYXBwIn0.QDlgmmOh-7Egnq982CT4kwDdW929Bnte3LBdIy4LWjPh52o_TBHBraPnAnosknY1v32QR_cZaeJwZCPHcBI1Jg
✅ Groww API Initialized Successfully
✅ Converted 'C:\Users\HITS\eclipse-workspace\Groww_Python_Trading_Bot\instrument.csv' → 'C:\Users\HITS\eclipse-workspace\Groww_Python_Trading_Bot\instrument.json'
📊 Live NIFTY Spot: 25807.6
✅ Converted 'C:\Users\HITS\eclipse-workspace\Groww_Python_Trading_Bot\instrument.csv' → 'C:\Users\HITS\eclipse-workspace\Groww_Python_Trading_Bot\instrument.json'
🎯 Filtering NIFTY 2025-12-23 instruments between 25300–26300 (Spot=25807.6)
✅ Loaded 316 filtered instruments (out of 149250)

✨ Groww NIFTY CP Bot Ready (Groww backend)
You can run in MANUAL or AUTO mode.
Manual example: Buy 14 NIFTY04NOV2525950CE at CP and Book at 1050

Choose mode: (m)anual / (a)uto / (q)uit: 
--- AUTO MODE (momentum + premium) ---
🔍 Detecting best option between CE and PE for NIFTY 2025-12-23…
➡️  Searching CE between 80-130
➡️  Searching PE between 80-130
⚙️ Checking momentum for top 2 CE candidates...

🧭 Checking momentum for NIFTY25D2325850CE (5 samples, every 1s):

🧭 Checking momentum for NIFTY25D2325900CE (5 samples, every 1s):
⚙️ Checking momentum for top 1 PE candidates...

🧭 Checking momentum for NIFTY25D2325800PE (5 samples, every 1s):
[NIFTY25D2325850CE] ⏱ Sample 1/5: LTP = ₹111.60
[NIFTY25D2325900CE] ⏱ Sample 1/5: LTP = ₹89.15
[NIFTY25D2325800PE] ⏱ Sample 1/5: LTP = ₹97.15
[NIFTY25D2325850CE] ⏱ Sample 2/5: LTP = ₹111.45
[NIFTY25D2325900CE] ⏱ Sample 2/5: LTP = ₹88.90
[NIFTY25D2325800PE] ⏱ Sample 2/5: LTP = ₹96.95
[NIFTY25D2325850CE] ⏱ Sample 3/5: LTP = ₹111.70
[NIFTY25D2325900CE] ⏱ Sample 3/5: LTP = ₹89.60
[NIFTY25D2325800PE] ⏱ Sample 3/5: LTP = ₹96.85
[NIFTY25D2325850CE] ⏱ Sample 4/5: LTP = ₹112.20
[NIFTY25D2325900CE] ⏱ Sample 4/5: LTP = ₹89.20
[NIFTY25D2325800PE] ⏱ Sample 4/5: LTP = ₹96.20
[NIFTY25D2325850CE] ⏱ Sample 5/5: LTP = ₹112.90
[NIFTY25D2325900CE] ⏱ Sample 5/5: LTP = ₹90.00
[NIFTY25D2325850CE] 📊 Avg Δ = 0.306%, Consistency = 100.0% → UP
[NIFTY25D2325850CE] 📈 Range ₹111.60 → ₹112.90

[NIFTY25D2325800PE] ⏱ Sample 5/5: LTP = ₹95.90
[NIFTY25D2325900CE] 📊 Avg Δ = 0.215%, Consistency = 100.0% → FLAT
[NIFTY25D2325900CE] 📈 Range ₹89.15 → ₹90.00

🏆 Selected CE: NIFTY25D2325850CE (UP | 0.31% | Consistency 100.0%)
📊 Running momentum check for CE (NIFTY25D2325850CE)

🧭 Checking momentum for NIFTY25D2325850CE (5 samples, every 1s):
[NIFTY25D2325850CE] ⏱ Sample 1/5: LTP = ₹112.85
[NIFTY25D2325800PE] 📊 Avg Δ = -0.344%, Consistency = 100.0% → DOWN
[NIFTY25D2325800PE] 📈 Range ₹97.15 → ₹95.90

🏆 Selected PE: NIFTY25D2325800PE (DOWN | -0.34% | Consistency 100.0%)
📊 Running momentum check for PE (NIFTY25D2325800PE)

🧭 Checking momentum for NIFTY25D2325800PE (5 samples, every 1s):
[NIFTY25D2325800PE] ⏱ Sample 1/5: LTP = ₹95.90
[NIFTY25D2325850CE] ⏱ Sample 2/5: LTP = ₹112.45
[NIFTY25D2325800PE] ⏱ Sample 2/5: LTP = ₹96.50
[NIFTY25D2325850CE] ⏱ Sample 3/5: LTP = ₹112.60
[NIFTY25D2325800PE] ⏱ Sample 3/5: LTP = ₹96.45
[NIFTY25D2325850CE] ⏱ Sample 4/5: LTP = ₹112.65
[NIFTY25D2325800PE] ⏱ Sample 4/5: LTP = ₹96.15
[NIFTY25D2325850CE] ⏱ Sample 5/5: LTP = ₹113.20
[NIFTY25D2325800PE] ⏱ Sample 5/5: LTP = ₹96.05
[NIFTY25D2325850CE] 📊 Avg Δ = 0.081%, Consistency = 50.0% → FLAT
[NIFTY25D2325850CE] 📈 Range ₹112.85 → ₹113.20

✅ Momentum for CE: {'symbol': 'NIFTY25D2325850CE', 'avg_change': np.float64(0.081), 'consistency': np.float64(50.0), 'direction': 'FLAT'}
🧩 Finished CE: NIFTY25D2325850CE, momentum={'symbol': 'NIFTY25D2325850CE', 'avg_change': np.float64(0.081), 'consistency': np.float64(50.0), 'direction': 'FLAT'}
[NIFTY25D2325800PE] 📊 Avg Δ = -0.035%, Consistency = 50.0% → FLAT
[NIFTY25D2325800PE] 📈 Range ₹95.90 → ₹96.05

✅ Momentum for PE: {'symbol': 'NIFTY25D2325800PE', 'avg_change': np.float64(-0.035), 'consistency': np.float64(50.0), 'direction': 'FLAT'}
🧩 Finished PE: NIFTY25D2325800PE, momentum={'symbol': 'NIFTY25D2325800PE', 'avg_change': np.float64(-0.035), 'consistency': np.float64(50.0), 'direction': 'FLAT'}
🧮 Comparing CE vs PE momentum...
📈 CE momentum: 0.081% (FLAT, 50.0%)
📉 PE momentum: -0.035% (FLAT, 50.0%)
⚖️  Momentum similar — choosing CE fallback
✅ Selected: NIFTY25D2325850CE (CE) | LTP=111.25 | lot_size=75 | groww_symbol=NSE-NIFTY-23Dec25-25850-CE

🌀 Generated cURL for Groww Candle API:
curl --location 'https://api.groww.in/v1/historical/candles?exchange=NSE&segment=FNO&groww_symbol=NSE-NIFTY-23Dec25-25850-CE&start_time=2025-12-17 13:29:02&end_time=2025-12-17 13:32:02&candle_interval=1minute' \
  --header 'Accept: application/json' \
  --header 'Authorization: Bearer eyJraWQiOiJaTUtjVXciLCJhbGciOiJFUzI1NiJ9.eyJleHAiOjE3NjYwMTc4MDAsImlhdCI6MTc2NTk1ODQ1NSwibmJmIjoxNzY1OTU4NDU1LCJzdWIiOiJ7XCJ0b2tlblJlZklkXCI6XCJiMDg0MWRiNS0xNzQ1LTQzNDMtYTViMS1hM2Q3ZTc2NjBkNzNcIixcInZlbmRvckludGVncmF0aW9uS2V5XCI6XCJlMzFmZjIzYjA4NmI0MDZjODg3NGIyZjZkODQ5NTMxM1wiLFwidXNlckFjY291bnRJZFwiOlwiMmVlMjYyMjItN2MwNS00Y2IwLWIwM2MtNzAzYWRmNWVmN2RkXCIsXCJkZXZpY2VJZFwiOlwiNWQwYzdjODgtMGI1OS01MDU0LTk5ZTYtYWU5MzY5OTc2ZmRiXCIsXCJzZXNzaW9uSWRcIjpcIjZlYzMwODRjLThiMDQtNGNlNS05ODllLTMzYWQwZmVmYWVkZFwiLFwiYWRkaXRpb25hbERhdGFcIjpcIno1NC9NZzltdjE2WXdmb0gvS0EwYktvMDZXRlpjc241VUNmTWF5aERtNGxSTkczdTlLa2pWZDNoWjU1ZStNZERhWXBOVi9UOUxIRmtQejFFQisybTdRPT1cIixcInJvbGVcIjpcIm9yZGVyLWJhc2ljLGxpdmVfZGF0YS1iYXNpYyxub25fdHJhZGluZy1iYXNpYyxvcmRlcl9yZWFkX29ubHktYmFzaWMsYmFja190ZXN0XCIsXCJzb3VyY2VJcEFkZHJlc3NcIjpudWxsLFwidHdvRmFFeHBpcnlUc1wiOjE3NjYwMTc4MDAwMDB9IiwiaXNzIjoiYXBleC1hdXRoLXByb2QtYXBwIn0.QDlgmmOh-7Egnq982CT4kwDdW929Bnte3LBdIy4LWjPh52o_TBHBraPnAnosknY1v32QR_cZaeJwZCPHcBI1Jg' \
  --header 'X-API-VERSION: 1.0'

📊 3-min candle trend → PE (O1=113.5, C3=112.45)
Market Direction: PE
❌ Skipping trade — market direction conflicts with momentum.
Waiting for 3 mins to get another data.
Traceback (most recent call last):
  File "C:\Users\HITS\eclipse-workspace\Groww_Python_Trading_Bot\QA_env_sample_test_groww_option_trading_final_bot.py", line 1320, in <module>
    auto_mode_runner()
  File "C:\Users\HITS\eclipse-workspace\Groww_Python_Trading_Bot\QA_env_sample_test_groww_option_trading_final_bot.py", line 1304, in auto_mode_runner
    time.sleep(180)
KeyboardInterrupt
