📝 Logging started. Log file: C:\Users\HITS\eclipse-workspace\Groww_Python_Trading_Bot\logs\Groww_Bot_2025-12-17_10-39-52.log
C:\Users\HITS\eclipse-workspace\Groww_Python_Trading_Bot\instrument.csv
Ready to Groww!
eyJraWQiOiJaTUtjVXciLCJhbGciOiJFUzI1NiJ9.eyJleHAiOjE3NjYwMTc4MDAsImlhdCI6MTc2NTk0ODE5MywibmJmIjoxNzY1OTQ4MTkzLCJzdWIiOiJ7XCJ0b2tlblJlZklkXCI6XCI1NmRkZTczNS05Y2JmLTQwNWYtYTE4Mi1hOGFhOTc4Mzk5NWFcIixcInZlbmRvckludGVncmF0aW9uS2V5XCI6XCJlMzFmZjIzYjA4NmI0MDZjODg3NGIyZjZkODQ5NTMxM1wiLFwidXNlckFjY291bnRJZFwiOlwiMmVlMjYyMjItN2MwNS00Y2IwLWIwM2MtNzAzYWRmNWVmN2RkXCIsXCJkZXZpY2VJZFwiOlwiNWQwYzdjODgtMGI1OS01MDU0LTk5ZTYtYWU5MzY5OTc2ZmRiXCIsXCJzZXNzaW9uSWRcIjpcIjZlYzMwODRjLThiMDQtNGNlNS05ODllLTMzYWQwZmVmYWVkZFwiLFwiYWRkaXRpb25hbERhdGFcIjpcIno1NC9NZzltdjE2WXdmb0gvS0EwYktvMDZXRlpjc241VUNmTWF5aERtNGxSTkczdTlLa2pWZDNoWjU1ZStNZERhWXBOVi9UOUxIRmtQejFFQisybTdRPT1cIixcInJvbGVcIjpcIm9yZGVyLWJhc2ljLGxpdmVfZGF0YS1iYXNpYyxub25fdHJhZGluZy1iYXNpYyxvcmRlcl9yZWFkX29ubHktYmFzaWMsYmFja190ZXN0XCIsXCJzb3VyY2VJcEFkZHJlc3NcIjpudWxsLFwidHdvRmFFeHBpcnlUc1wiOjE3NjYwMTc4MDAwMDB9IiwiaXNzIjoiYXBleC1hdXRoLXByb2QtYXBwIn0.aV_4T0mHhem2Bp5bw9I8YdQjdzFNWm6XpN6Z5KXMsE88IcLKh1GYEDu6vdPCEBJjZwIY4ADulmMchZdFralzng
✅ Groww API Initialized Successfully
✅ Converted 'C:\Users\HITS\eclipse-workspace\Groww_Python_Trading_Bot\instrument.csv' → 'C:\Users\HITS\eclipse-workspace\Groww_Python_Trading_Bot\instrument.json'
📊 Live NIFTY Spot: 25815.45
✅ Converted 'C:\Users\HITS\eclipse-workspace\Groww_Python_Trading_Bot\instrument.csv' → 'C:\Users\HITS\eclipse-workspace\Groww_Python_Trading_Bot\instrument.json'
🎯 Filtering NIFTY 2025-12-23 instruments between 25300–26300 (Spot=25815.45)
✅ Loaded 316 filtered instruments (out of 149250)

✨ Groww NIFTY CP Bot Ready (Groww backend)
You can run in MANUAL or AUTO mode.
Manual example: Buy 14 NIFTY04NOV2525950CE at CP and Book at 1050

Choose mode: (m)anual / (a)uto / (q)uit: 
--- AUTO MODE (momentum + premium) ---
🔍 Detecting best option between CE and PE for NIFTY 2025-12-23…
➡️  Searching CE between 80-130➡️  Searching PE between 80-130

⚙️ Checking momentum for top 2 CE candidates...

🧭 Checking momentum for NIFTY25D2325900CE (5 samples, every 1s):

🧭 Checking momentum for NIFTY25D2325950CE (5 samples, every 1s):
⚙️ Checking momentum for top 2 PE candidates...

🧭 Checking momentum for NIFTY25D2325800PE (5 samples, every 1s):

🧭 Checking momentum for NIFTY25D2325750PE (5 samples, every 1s):
[NIFTY25D2325900CE] ⏱ Sample 1/5: LTP = ₹100.45
[NIFTY25D2325950CE] ⏱ Sample 1/5: LTP = ₹80.00
[NIFTY25D2325800PE] ⏱ Sample 1/5: LTP = ₹100.50
[NIFTY25D2325750PE] ⏱ Sample 1/5: LTP = ₹80.55
[NIFTY25D2325900CE] ⏱ Sample 2/5: LTP = ₹100.40
[NIFTY25D2325950CE] ⏱ Sample 2/5: LTP = ₹80.15
[NIFTY25D2325800PE] ⏱ Sample 2/5: LTP = ₹100.10
[NIFTY25D2325750PE] ⏱ Sample 2/5: LTP = ₹80.45
[NIFTY25D2325900CE] ⏱ Sample 3/5: LTP = ₹100.70
[NIFTY25D2325950CE] ⏱ Sample 3/5: LTP = ₹80.10
[NIFTY25D2325800PE] ⏱ Sample 3/5: LTP = ₹100.05
[NIFTY25D2325750PE] ⏱ Sample 3/5: LTP = ₹79.55
[NIFTY25D2325900CE] ⏱ Sample 4/5: LTP = ₹101.10
[NIFTY25D2325950CE] ⏱ Sample 4/5: LTP = ₹80.35
[NIFTY25D2325800PE] ⏱ Sample 4/5: LTP = ₹99.70
[NIFTY25D2325750PE] ⏱ Sample 4/5: LTP = ₹80.40
[NIFTY25D2325900CE] ⏱ Sample 5/5: LTP = ₹100.35
[NIFTY25D2325950CE] ⏱ Sample 5/5: LTP = ₹80.00
[NIFTY25D2325900CE] 📊 Avg Δ = 0.100%, Consistency = 50.0% → FLAT
[NIFTY25D2325900CE] 📈 Range ₹100.45 → ₹100.35

[NIFTY25D2325800PE] ⏱ Sample 5/5: LTP = ₹100.15
[NIFTY25D2325950CE] 📊 Avg Δ = 0.042%, Consistency = 50.0% → FLAT
[NIFTY25D2325950CE] 📈 Range ₹80.00 → ₹80.00

⚠️ No strong momentum found for CE (>0.25%, consistency >70%)
📊 Running momentum check for CE (NIFTY25D2325900CE)

🧭 Checking momentum for NIFTY25D2325900CE (5 samples, every 1s):
[NIFTY25D2325750PE] ⏱ Sample 5/5: LTP = ₹80.45
[NIFTY25D2325800PE] 📊 Avg Δ = -0.125%, Consistency = 50.0% → FLAT
[NIFTY25D2325800PE] 📈 Range ₹100.50 → ₹100.15

[NIFTY25D2325900CE] ⏱ Sample 1/5: LTP = ₹100.60
[NIFTY25D2325750PE] 📊 Avg Δ = -0.031%, Consistency = 50.0% → FLAT
[NIFTY25D2325750PE] 📈 Range ₹80.55 → ₹80.45

⚠️ No strong momentum found for PE (>0.3%, consistency >70%)
📊 Running momentum check for PE (NIFTY25D2325800PE)

🧭 Checking momentum for NIFTY25D2325800PE (5 samples, every 1s):
[NIFTY25D2325800PE] ⏱ Sample 1/5: LTP = ₹100.00
[NIFTY25D2325900CE] ⏱ Sample 2/5: LTP = ₹100.55
[NIFTY25D2325800PE] ⏱ Sample 2/5: LTP = ₹99.85
[NIFTY25D2325900CE] ⏱ Sample 3/5: LTP = ₹100.70
[NIFTY25D2325800PE] ⏱ Sample 3/5: LTP = ₹99.65
[NIFTY25D2325900CE] ⏱ Sample 4/5: LTP = ₹100.85
[NIFTY25D2325800PE] ⏱ Sample 4/5: LTP = ₹100.00
[NIFTY25D2325900CE] ⏱ Sample 5/5: LTP = ₹100.55
[NIFTY25D2325800PE] ⏱ Sample 5/5: LTP = ₹99.90
[NIFTY25D2325900CE] 📊 Avg Δ = 0.041%, Consistency = 50.0% → FLAT
[NIFTY25D2325900CE] 📈 Range ₹100.60 → ₹100.55

✅ Momentum for CE: {'symbol': 'NIFTY25D2325900CE', 'avg_change': np.float64(0.041), 'consistency': np.float64(50.0), 'direction': 'FLAT'}
🧩 Finished CE: NIFTY25D2325900CE, momentum={'symbol': 'NIFTY25D2325900CE', 'avg_change': np.float64(0.041), 'consistency': np.float64(50.0), 'direction': 'FLAT'}
[NIFTY25D2325800PE] 📊 Avg Δ = 0.008%, Consistency = 50.0% → FLAT
[NIFTY25D2325800PE] 📈 Range ₹100.00 → ₹99.90

✅ Momentum for PE: {'symbol': 'NIFTY25D2325800PE', 'avg_change': np.float64(0.008), 'consistency': np.float64(50.0), 'direction': 'FLAT'}
🧩 Finished PE: NIFTY25D2325800PE, momentum={'symbol': 'NIFTY25D2325800PE', 'avg_change': np.float64(0.008), 'consistency': np.float64(50.0), 'direction': 'FLAT'}
🧮 Comparing CE vs PE momentum...
📈 CE momentum: 0.041% (FLAT, 50.0%)
📉 PE momentum: 0.008% (FLAT, 50.0%)
⚖️  Momentum similar — choosing CE fallback
✅ Selected: NIFTY25D2325900CE (CE) | LTP=100.75 | lot_size=75 | groww_symbol=NSE-NIFTY-23Dec25-25900-CE

🌀 Generated cURL for Groww Candle API:
curl --location 'https://api.groww.in/v1/historical/candles?exchange=NSE&segment=FNO&groww_symbol=NSE-NIFTY-23Dec25-25900-CE&start_time=2025-12-17 10:38:08&end_time=2025-12-17 10:41:08&candle_interval=1minute' \
  --header 'Accept: application/json' \
  --header 'Authorization: Bearer eyJraWQiOiJaTUtjVXciLCJhbGciOiJFUzI1NiJ9.eyJleHAiOjE3NjYwMTc4MDAsImlhdCI6MTc2NTk0ODE5MywibmJmIjoxNzY1OTQ4MTkzLCJzdWIiOiJ7XCJ0b2tlblJlZklkXCI6XCI1NmRkZTczNS05Y2JmLTQwNWYtYTE4Mi1hOGFhOTc4Mzk5NWFcIixcInZlbmRvckludGVncmF0aW9uS2V5XCI6XCJlMzFmZjIzYjA4NmI0MDZjODg3NGIyZjZkODQ5NTMxM1wiLFwidXNlckFjY291bnRJZFwiOlwiMmVlMjYyMjItN2MwNS00Y2IwLWIwM2MtNzAzYWRmNWVmN2RkXCIsXCJkZXZpY2VJZFwiOlwiNWQwYzdjODgtMGI1OS01MDU0LTk5ZTYtYWU5MzY5OTc2ZmRiXCIsXCJzZXNzaW9uSWRcIjpcIjZlYzMwODRjLThiMDQtNGNlNS05ODllLTMzYWQwZmVmYWVkZFwiLFwiYWRkaXRpb25hbERhdGFcIjpcIno1NC9NZzltdjE2WXdmb0gvS0EwYktvMDZXRlpjc241VUNmTWF5aERtNGxSTkczdTlLa2pWZDNoWjU1ZStNZERhWXBOVi9UOUxIRmtQejFFQisybTdRPT1cIixcInJvbGVcIjpcIm9yZGVyLWJhc2ljLGxpdmVfZGF0YS1iYXNpYyxub25fdHJhZGluZy1iYXNpYyxvcmRlcl9yZWFkX29ubHktYmFzaWMsYmFja190ZXN0XCIsXCJzb3VyY2VJcEFkZHJlc3NcIjpudWxsLFwidHdvRmFFeHBpcnlUc1wiOjE3NjYwMTc4MDAwMDB9IiwiaXNzIjoiYXBleC1hdXRoLXByb2QtYXBwIn0.aV_4T0mHhem2Bp5bw9I8YdQjdzFNWm6XpN6Z5KXMsE88IcLKh1GYEDu6vdPCEBJjZwIY4ADulmMchZdFralzng' \
  --header 'X-API-VERSION: 1.0'

📊 3-min candle trend → CE (O1=100.65, C3=101.4)
Market Direction: CE
✅ Market direction CONFIRMS momentum → proceeding with order.
➡️ Placing auto order: {'symbol': 'NIFTY25D2325900CE', 'ltp': 100.75, 'lots': 14, 'book_profit': 1050.0, 'lot_size': 75, 'side': 'BUY'} ====== [2025-12-17 10:41:09]
🔹 Auto order => NIFTY25D2325900CE, qty=1050, book@1050.0 ====== [2025-12-17 10:41:10]
💰 LTP for NSE_NIFTY25D2325900CE: ₹101.1 ====== [2025-12-17 10:41:11]
✅ Auto Buy placed: :{'groww_order_id': 'GMKFO251217104111GH359FUZQZ5Z', 'order_status': 'NEW', 'order_reference_id': '34365249', 'remark': None} ======= [2025-12-17 10:41:12]
📈 Trailing started...
🔼 New High: ₹101.4
🔼 New High: ₹101.85
🔼 New High: ₹102.05
🔼 New High: ₹102.2
🔼 New High: ₹103.1
📉 Trail Active | LTP=103.1 | Exit=102.35
📉 Trail Active | LTP=102.75 | Exit=102.35
📉 Trail Active | LTP=102.65 | Exit=102.35
📉 Trail Active | LTP=103.0 | Exit=102.35
📉 Trail Active | LTP=102.3 | Exit=102.35
🔻 Trailing HIT @ 102.3
Waiting for 1 min to get another data.
🔍 Detecting best option between CE and PE for NIFTY 2025-12-23…
➡️  Searching CE between 80-130
➡️  Searching PE between 80-130
⚙️ Checking momentum for top 2 CE candidates...

🧭 Checking momentum for NIFTY25D2325900CE (5 samples, every 1s):

🧭 Checking momentum for NIFTY25D2325950CE (5 samples, every 1s):
⚙️ Checking momentum for top 1 PE candidates...

🧭 Checking momentum for NIFTY25D2325800PE (5 samples, every 1s):
[NIFTY25D2325900CE] ⏱ Sample 1/5: LTP = ₹105.00
[NIFTY25D2325950CE] ⏱ Sample 1/5: LTP = ₹83.40
[NIFTY25D2325800PE] ⏱ Sample 1/5: LTP = ₹95.15
[NIFTY25D2325900CE] ⏱ Sample 2/5: LTP = ₹104.85
[NIFTY25D2325950CE] ⏱ Sample 2/5: LTP = ₹83.65
[NIFTY25D2325800PE] ⏱ Sample 2/5: LTP = ₹95.65
[NIFTY25D2325900CE] ⏱ Sample 3/5: LTP = ₹104.20
[NIFTY25D2325950CE] ⏱ Sample 3/5: LTP = ₹83.00
[NIFTY25D2325800PE] ⏱ Sample 3/5: LTP = ₹95.85
[NIFTY25D2325900CE] ⏱ Sample 4/5: LTP = ₹104.05
[NIFTY25D2325950CE] ⏱ Sample 4/5: LTP = ₹83.15
[NIFTY25D2325800PE] ⏱ Sample 4/5: LTP = ₹95.80
[NIFTY25D2325900CE] ⏱ Sample 5/5: LTP = ₹104.15
[NIFTY25D2325950CE] ⏱ Sample 5/5: LTP = ₹83.05
[NIFTY25D2325900CE] 📊 Avg Δ = -0.263%, Consistency = 100.0% → DOWN
[NIFTY25D2325900CE] 📈 Range ₹105.00 → ₹104.15

[NIFTY25D2325800PE] ⏱ Sample 5/5: LTP = ₹96.20
[NIFTY25D2325950CE] 📊 Avg Δ = -0.170%, Consistency = 100.0% → FLAT
[NIFTY25D2325950CE] 📈 Range ₹83.40 → ₹83.05

🏆 Selected CE: NIFTY25D2325900CE (DOWN | -0.26% | Consistency 100.0%)
📊 Running momentum check for CE (NIFTY25D2325900CE)

🧭 Checking momentum for NIFTY25D2325900CE (5 samples, every 1s):
[NIFTY25D2325800PE] 📊 Avg Δ = 0.209%, Consistency = 100.0% → FLAT
[NIFTY25D2325800PE] 📈 Range ₹95.15 → ₹96.20

⚠️ No strong momentum found for PE (>0.3%, consistency >70%)
📊 Running momentum check for PE (NIFTY25D2325800PE)

🧭 Checking momentum for NIFTY25D2325800PE (5 samples, every 1s):
[NIFTY25D2325900CE] ⏱ Sample 1/5: LTP = ₹103.95
[NIFTY25D2325800PE] ⏱ Sample 1/5: LTP = ₹97.15
[NIFTY25D2325900CE] ⏱ Sample 2/5: LTP = ₹102.75
[NIFTY25D2325800PE] ⏱ Sample 2/5: LTP = ₹97.45
[NIFTY25D2325900CE] ⏱ Sample 3/5: LTP = ₹103.05
[NIFTY25D2325800PE] ⏱ Sample 3/5: LTP = ₹97.25
[NIFTY25D2325900CE] ⏱ Sample 4/5: LTP = ₹102.75
[NIFTY25D2325800PE] ⏱ Sample 4/5: LTP = ₹97.25
[NIFTY25D2325900CE] ⏱ Sample 5/5: LTP = ₹102.65
[NIFTY25D2325800PE] ⏱ Sample 5/5: LTP = ₹98.00
[NIFTY25D2325900CE] 📊 Avg Δ = -0.210%, Consistency = 100.0% → FLAT
[NIFTY25D2325900CE] 📈 Range ₹103.95 → ₹102.65

✅ Momentum for CE: {'symbol': 'NIFTY25D2325900CE', 'avg_change': np.float64(-0.21), 'consistency': np.float64(100.0), 'direction': 'FLAT'}
🧩 Finished CE: NIFTY25D2325900CE, momentum={'symbol': 'NIFTY25D2325900CE', 'avg_change': np.float64(-0.21), 'consistency': np.float64(100.0), 'direction': 'FLAT'}
[NIFTY25D2325800PE] 📊 Avg Δ = 0.111%, Consistency = 100.0% → FLAT
[NIFTY25D2325800PE] 📈 Range ₹97.15 → ₹98.00

✅ Momentum for PE: {'symbol': 'NIFTY25D2325800PE', 'avg_change': np.float64(0.111), 'consistency': np.float64(100.0), 'direction': 'FLAT'}
🧩 Finished PE: NIFTY25D2325800PE, momentum={'symbol': 'NIFTY25D2325800PE', 'avg_change': np.float64(0.111), 'consistency': np.float64(100.0), 'direction': 'FLAT'}
🧮 Comparing CE vs PE momentum...
📈 CE momentum: -0.210% (FLAT, 100.0%)
📉 PE momentum: 0.111% (FLAT, 100.0%)
✅ Selected PE (stronger momentum)
✅ Selected: NIFTY25D2325800PE (PE) | LTP=95.35 | lot_size=75 | groww_symbol=NSE-NIFTY-23Dec25-25800-PE

🌀 Generated cURL for Groww Candle API:
curl --location 'https://api.groww.in/v1/historical/candles?exchange=NSE&segment=FNO&groww_symbol=NSE-NIFTY-23Dec25-25800-PE&start_time=2025-12-17 10:41:08&end_time=2025-12-17 10:44:08&candle_interval=1minute' \
  --header 'Accept: application/json' \
  --header 'Authorization: Bearer eyJraWQiOiJaTUtjVXciLCJhbGciOiJFUzI1NiJ9.eyJleHAiOjE3NjYwMTc4MDAsImlhdCI6MTc2NTk0ODE5MywibmJmIjoxNzY1OTQ4MTkzLCJzdWIiOiJ7XCJ0b2tlblJlZklkXCI6XCI1NmRkZTczNS05Y2JmLTQwNWYtYTE4Mi1hOGFhOTc4Mzk5NWFcIixcInZlbmRvckludGVncmF0aW9uS2V5XCI6XCJlMzFmZjIzYjA4NmI0MDZjODg3NGIyZjZkODQ5NTMxM1wiLFwidXNlckFjY291bnRJZFwiOlwiMmVlMjYyMjItN2MwNS00Y2IwLWIwM2MtNzAzYWRmNWVmN2RkXCIsXCJkZXZpY2VJZFwiOlwiNWQwYzdjODgtMGI1OS01MDU0LTk5ZTYtYWU5MzY5OTc2ZmRiXCIsXCJzZXNzaW9uSWRcIjpcIjZlYzMwODRjLThiMDQtNGNlNS05ODllLTMzYWQwZmVmYWVkZFwiLFwiYWRkaXRpb25hbERhdGFcIjpcIno1NC9NZzltdjE2WXdmb0gvS0EwYktvMDZXRlpjc241VUNmTWF5aERtNGxSTkczdTlLa2pWZDNoWjU1ZStNZERhWXBOVi9UOUxIRmtQejFFQisybTdRPT1cIixcInJvbGVcIjpcIm9yZGVyLWJhc2ljLGxpdmVfZGF0YS1iYXNpYyxub25fdHJhZGluZy1iYXNpYyxvcmRlcl9yZWFkX29ubHktYmFzaWMsYmFja190ZXN0XCIsXCJzb3VyY2VJcEFkZHJlc3NcIjpudWxsLFwidHdvRmFFeHBpcnlUc1wiOjE3NjYwMTc4MDAwMDB9IiwiaXNzIjoiYXBleC1hdXRoLXByb2QtYXBwIn0.aV_4T0mHhem2Bp5bw9I8YdQjdzFNWm6XpN6Z5KXMsE88IcLKh1GYEDu6vdPCEBJjZwIY4ADulmMchZdFralzng' \
  --header 'X-API-VERSION: 1.0'

📊 3-min candle trend → CE (O1=98.3, C3=97.9)
Market Direction: CE
❌ Skipping trade — market direction conflicts with momentum.
Waiting for 3 mins to get another data.
