📝 Logging started. Log file: C:\Users\HITS\eclipse-workspace\Groww_Python_Trading_Bot\logs\Groww_Bot_2025-12-17_11-22-39.log
C:\Users\HITS\eclipse-workspace\Groww_Python_Trading_Bot\instrument.csv
Ready to Groww!
eyJraWQiOiJaTUtjVXciLCJhbGciOiJFUzI1NiJ9.eyJleHAiOjE3NjYwMTc4MDAsImlhdCI6MTc2NTk1MDc1OSwibmJmIjoxNzY1OTUwNzU5LCJzdWIiOiJ7XCJ0b2tlblJlZklkXCI6XCJmNzI4ZmIzYi0wNDZjLTQyZTYtYjYxMy01MzIzNzZmNGU4NDRcIixcInZlbmRvckludGVncmF0aW9uS2V5XCI6XCJlMzFmZjIzYjA4NmI0MDZjODg3NGIyZjZkODQ5NTMxM1wiLFwidXNlckFjY291bnRJZFwiOlwiMmVlMjYyMjItN2MwNS00Y2IwLWIwM2MtNzAzYWRmNWVmN2RkXCIsXCJkZXZpY2VJZFwiOlwiNWQwYzdjODgtMGI1OS01MDU0LTk5ZTYtYWU5MzY5OTc2ZmRiXCIsXCJzZXNzaW9uSWRcIjpcIjZlYzMwODRjLThiMDQtNGNlNS05ODllLTMzYWQwZmVmYWVkZFwiLFwiYWRkaXRpb25hbERhdGFcIjpcIno1NC9NZzltdjE2WXdmb0gvS0EwYktvMDZXRlpjc241VUNmTWF5aERtNGxSTkczdTlLa2pWZDNoWjU1ZStNZERhWXBOVi9UOUxIRmtQejFFQisybTdRPT1cIixcInJvbGVcIjpcIm9yZGVyLWJhc2ljLGxpdmVfZGF0YS1iYXNpYyxub25fdHJhZGluZy1iYXNpYyxvcmRlcl9yZWFkX29ubHktYmFzaWMsYmFja190ZXN0XCIsXCJzb3VyY2VJcEFkZHJlc3NcIjpudWxsLFwidHdvRmFFeHBpcnlUc1wiOjE3NjYwMTc4MDAwMDB9IiwiaXNzIjoiYXBleC1hdXRoLXByb2QtYXBwIn0.Ic17XMFGiNOzAMDYLmSYSKuph6MToKBhWJJBI0WSd0cvORMMrT8bbyj-Pt20pwVNgjZaKgHbUs7_8cTSxaigSw
✅ Groww API Initialized Successfully
✅ Converted 'C:\Users\HITS\eclipse-workspace\Groww_Python_Trading_Bot\instrument.csv' → 'C:\Users\HITS\eclipse-workspace\Groww_Python_Trading_Bot\instrument.json'
📊 Live NIFTY Spot: 25835.15
✅ Converted 'C:\Users\HITS\eclipse-workspace\Groww_Python_Trading_Bot\instrument.csv' → 'C:\Users\HITS\eclipse-workspace\Groww_Python_Trading_Bot\instrument.json'
🎯 Filtering NIFTY 2025-12-23 instruments between 25350–26350 (Spot=25835.15)
✅ Loaded 316 filtered instruments (out of 149250)

✨ Groww NIFTY CP Bot Ready (Groww backend)
You can run in MANUAL or AUTO mode.
Manual example: Buy 14 NIFTY04NOV2525950CE at CP and Book at 1050

Choose mode: (m)anual / (a)uto / (q)uit: 
--- AUTO MODE (momentum + premium) ---
🔍 Detecting best option between CE and PE for NIFTY 2025-12-23…
➡️  Searching CE between 80-130
➡️  Searching PE between 80-130
⚙️ Checking momentum for top 2 CE candidates...

🧭 Checking momentum for NIFTY25D2325900CE (5 samples, every 1s):

🧭 Checking momentum for NIFTY25D2325950CE (5 samples, every 1s):
⚙️ Checking momentum for top 1 PE candidates...

🧭 Checking momentum for NIFTY25D2325800PE (5 samples, every 1s):
[NIFTY25D2325900CE] ⏱ Sample 1/5: LTP = ₹102.85
[NIFTY25D2325950CE] ⏱ Sample 1/5: LTP = ₹82.35
[NIFTY25D2325800PE] ⏱ Sample 1/5: LTP = ₹91.55
[NIFTY25D2325900CE] ⏱ Sample 2/5: LTP = ₹103.40
[NIFTY25D2325950CE] ⏱ Sample 2/5: LTP = ₹82.15
[NIFTY25D2325800PE] ⏱ Sample 2/5: LTP = ₹91.75
[NIFTY25D2325900CE] ⏱ Sample 3/5: LTP = ₹103.20
[NIFTY25D2325950CE] ⏱ Sample 3/5: LTP = ₹82.00
[NIFTY25D2325800PE] ⏱ Sample 3/5: LTP = ₹91.70
[NIFTY25D2325900CE] ⏱ Sample 4/5: LTP = ₹103.30
[NIFTY25D2325950CE] ⏱ Sample 4/5: LTP = ₹82.25
[NIFTY25D2325800PE] ⏱ Sample 4/5: LTP = ₹91.20
[NIFTY25D2325900CE] ⏱ Sample 5/5: LTP = ₹103.60
[NIFTY25D2325950CE] ⏱ Sample 5/5: LTP = ₹82.50
[NIFTY25D2325900CE] 📊 Avg Δ = 0.105%, Consistency = 100.0% → FLAT
[NIFTY25D2325900CE] 📈 Range ₹102.85 → ₹103.60

[NIFTY25D2325800PE] ⏱ Sample 5/5: LTP = ₹91.10
[NIFTY25D2325950CE] 📊 Avg Δ = 0.051%, Consistency = 50.0% → FLAT
[NIFTY25D2325950CE] 📈 Range ₹82.35 → ₹82.50

⚠️ No strong momentum found for CE (>0.25%, consistency >70%)
📊 Running momentum check for CE (NIFTY25D2325900CE)

🧭 Checking momentum for NIFTY25D2325900CE (5 samples, every 1s):
[NIFTY25D2325900CE] ⏱ Sample 1/5: LTP = ₹103.55
[NIFTY25D2325800PE] 📊 Avg Δ = -0.182%, Consistency = 100.0% → FLAT
[NIFTY25D2325800PE] 📈 Range ₹91.55 → ₹91.10

⚠️ No strong momentum found for PE (>0.3%, consistency >70%)
📊 Running momentum check for PE (NIFTY25D2325800PE)

🧭 Checking momentum for NIFTY25D2325800PE (5 samples, every 1s):
[NIFTY25D2325800PE] ⏱ Sample 1/5: LTP = ₹90.85
[NIFTY25D2325900CE] ⏱ Sample 2/5: LTP = ₹103.10
[NIFTY25D2325800PE] ⏱ Sample 2/5: LTP = ₹91.45
[NIFTY25D2325900CE] ⏱ Sample 3/5: LTP = ₹103.20
[NIFTY25D2325800PE] ⏱ Sample 3/5: LTP = ₹91.35
[NIFTY25D2325900CE] ⏱ Sample 4/5: LTP = ₹103.25
[NIFTY25D2325800PE] ⏱ Sample 4/5: LTP = ₹91.80
[NIFTY25D2325900CE] ⏱ Sample 5/5: LTP = ₹103.20
[NIFTY25D2325800PE] ⏱ Sample 5/5: LTP = ₹91.45
[NIFTY25D2325900CE] 📊 Avg Δ = -0.032%, Consistency = 50.0% → FLAT
[NIFTY25D2325900CE] 📈 Range ₹103.55 → ₹103.20

✅ Momentum for CE: {'symbol': 'NIFTY25D2325900CE', 'avg_change': np.float64(-0.032), 'consistency': np.float64(50.0), 'direction': 'FLAT'}
🧩 Finished CE: NIFTY25D2325900CE, momentum={'symbol': 'NIFTY25D2325900CE', 'avg_change': np.float64(-0.032), 'consistency': np.float64(50.0), 'direction': 'FLAT'}
[NIFTY25D2325800PE] 📊 Avg Δ = 0.174%, Consistency = 50.0% → FLAT
[NIFTY25D2325800PE] 📈 Range ₹90.85 → ₹91.45

✅ Momentum for PE: {'symbol': 'NIFTY25D2325800PE', 'avg_change': np.float64(0.174), 'consistency': np.float64(50.0), 'direction': 'FLAT'}
🧩 Finished PE: NIFTY25D2325800PE, momentum={'symbol': 'NIFTY25D2325800PE', 'avg_change': np.float64(0.174), 'consistency': np.float64(50.0), 'direction': 'FLAT'}
🧮 Comparing CE vs PE momentum...
📈 CE momentum: -0.032% (FLAT, 50.0%)
📉 PE momentum: 0.174% (FLAT, 50.0%)
⚖️  Momentum similar — choosing PE fallback
✅ Selected: NIFTY25D2325800PE (PE) | LTP=91.8 | lot_size=75 | groww_symbol=NSE-NIFTY-23Dec25-25800-PE

🌀 Generated cURL for Groww Candle API:
curl --location 'https://api.groww.in/v1/historical/candles?exchange=NSE&segment=FNO&groww_symbol=NSE-NIFTY-23Dec25-25800-PE&start_time=2025-12-17 11:22:01&end_time=2025-12-17 11:25:01&candle_interval=1minute' \
  --header 'Accept: application/json' \
  --header 'Authorization: Bearer eyJraWQiOiJaTUtjVXciLCJhbGciOiJFUzI1NiJ9.eyJleHAiOjE3NjYwMTc4MDAsImlhdCI6MTc2NTk1MDc1OSwibmJmIjoxNzY1OTUwNzU5LCJzdWIiOiJ7XCJ0b2tlblJlZklkXCI6XCJmNzI4ZmIzYi0wNDZjLTQyZTYtYjYxMy01MzIzNzZmNGU4NDRcIixcInZlbmRvckludGVncmF0aW9uS2V5XCI6XCJlMzFmZjIzYjA4NmI0MDZjODg3NGIyZjZkODQ5NTMxM1wiLFwidXNlckFjY291bnRJZFwiOlwiMmVlMjYyMjItN2MwNS00Y2IwLWIwM2MtNzAzYWRmNWVmN2RkXCIsXCJkZXZpY2VJZFwiOlwiNWQwYzdjODgtMGI1OS01MDU0LTk5ZTYtYWU5MzY5OTc2ZmRiXCIsXCJzZXNzaW9uSWRcIjpcIjZlYzMwODRjLThiMDQtNGNlNS05ODllLTMzYWQwZmVmYWVkZFwiLFwiYWRkaXRpb25hbERhdGFcIjpcIno1NC9NZzltdjE2WXdmb0gvS0EwYktvMDZXRlpjc241VUNmTWF5aERtNGxSTkczdTlLa2pWZDNoWjU1ZStNZERhWXBOVi9UOUxIRmtQejFFQisybTdRPT1cIixcInJvbGVcIjpcIm9yZGVyLWJhc2ljLGxpdmVfZGF0YS1iYXNpYyxub25fdHJhZGluZy1iYXNpYyxvcmRlcl9yZWFkX29ubHktYmFzaWMsYmFja190ZXN0XCIsXCJzb3VyY2VJcEFkZHJlc3NcIjpudWxsLFwidHdvRmFFeHBpcnlUc1wiOjE3NjYwMTc4MDAwMDB9IiwiaXNzIjoiYXBleC1hdXRoLXByb2QtYXBwIn0.Ic17XMFGiNOzAMDYLmSYSKuph6MToKBhWJJBI0WSd0cvORMMrT8bbyj-Pt20pwVNgjZaKgHbUs7_8cTSxaigSw' \
  --header 'X-API-VERSION: 1.0'

📊 3-min candle trend → PE (O1=89.3, C3=91.35)
Market Direction: PE
✅ Market direction CONFIRMS momentum → proceeding with order.
➡️ Placing auto order: {'symbol': 'NIFTY25D2325800PE', 'ltp': 91.8, 'lots': 14, 'book_profit': 1050.0, 'lot_size': 75, 'side': 'BUY'} ====== [2025-12-17 11:25:02]
🔹 Auto order => NIFTY25D2325800PE, qty=1050, book@1050.0 ====== [2025-12-17 11:25:03]
💰 LTP for NSE_NIFTY25D2325800PE: ₹90.8 ====== [2025-12-17 11:25:04]
✅ Auto Buy placed: :{'groww_order_id': 'GMKFO251217112504GA46EFE52T21', 'order_status': 'NEW', 'order_reference_id': '15771020', 'remark': None} ======= [2025-12-17 11:25:05]
📈 Trailing started...
🔼 New High: ₹91.85
🔼 New High: ₹92.0
🔼 New High: ₹92.25
📉 Trail Active | LTP=92.25 | Exit=91.5
📉 Trail Active | LTP=92.25 | Exit=91.5
📉 Trail Active | LTP=91.9 | Exit=91.5
📉 Trail Active | LTP=92.25 | Exit=91.5
📉 Trail Active | LTP=92.15 | Exit=91.5
🔼 New High: ₹92.3
📉 Trail Active | LTP=92.3 | Exit=91.55
🔼 New High: ₹93.25
📉 Trail Active | LTP=93.25 | Exit=92.5
📉 Trail Active | LTP=93.15 | Exit=92.5
🔼 New High: ₹93.75
📉 Trail Active | LTP=93.75 | Exit=93.0
🔼 New High: ₹94.3
📉 Trail Active | LTP=94.3 | Exit=93.55
📉 Trail Active | LTP=93.9 | Exit=93.55
📉 Trail Active | LTP=94.2 | Exit=93.55
📉 Trail Active | LTP=94.0 | Exit=93.55
🔼 New High: ₹94.5
📉 Trail Active | LTP=94.5 | Exit=93.75
🔼 New High: ₹94.55
📉 Trail Active | LTP=94.55 | Exit=93.8
📉 Trail Active | LTP=94.0 | Exit=93.8
📉 Trail Active | LTP=94.15 | Exit=93.8
📉 Trail Active | LTP=93.85 | Exit=93.8
📉 Trail Active | LTP=93.75 | Exit=93.8
🔻 Trailing HIT @ 93.75
Waiting for 1 min to get another data.
🔍 Detecting best option between CE and PE for NIFTY 2025-12-23…
➡️  Searching CE between 80-130
➡️  Searching PE between 80-130
⚙️ Checking momentum for top 1 CE candidates...

🧭 Checking momentum for NIFTY25D2325900CE (5 samples, every 1s):
⚙️ Checking momentum for top 1 PE candidates...

🧭 Checking momentum for NIFTY25D2325800PE (5 samples, every 1s):
[NIFTY25D2325900CE] ⏱ Sample 1/5: LTP = ₹98.75
[NIFTY25D2325800PE] ⏱ Sample 1/5: LTP = ₹95.25
[NIFTY25D2325900CE] ⏱ Sample 2/5: LTP = ₹98.45
[NIFTY25D2325800PE] ⏱ Sample 2/5: LTP = ₹95.65
[NIFTY25D2325900CE] ⏱ Sample 3/5: LTP = ₹98.40
[NIFTY25D2325800PE] ⏱ Sample 3/5: LTP = ₹95.65
[NIFTY25D2325900CE] ⏱ Sample 4/5: LTP = ₹98.40
[NIFTY25D2325800PE] ⏱ Sample 4/5: LTP = ₹95.65
[NIFTY25D2325900CE] ⏱ Sample 5/5: LTP = ₹98.65
[NIFTY25D2325800PE] ⏱ Sample 5/5: LTP = ₹95.40
[NIFTY25D2325900CE] 📊 Avg Δ = -0.025%, Consistency = 50.0% → FLAT
[NIFTY25D2325900CE] 📈 Range ₹98.75 → ₹98.65

⚠️ No strong momentum found for CE (>0.25%, consistency >70%)
📊 Running momentum check for CE (NIFTY25D2325900CE)

🧭 Checking momentum for NIFTY25D2325900CE (5 samples, every 1s):
[NIFTY25D2325800PE] 📊 Avg Δ = 0.026%, Consistency = 50.0% → FLAT
[NIFTY25D2325800PE] 📈 Range ₹95.25 → ₹95.40

⚠️ No strong momentum found for PE (>0.3%, consistency >70%)
📊 Running momentum check for PE (NIFTY25D2325800PE)

🧭 Checking momentum for NIFTY25D2325800PE (5 samples, every 1s):
[NIFTY25D2325900CE] ⏱ Sample 1/5: LTP = ₹98.70
[NIFTY25D2325800PE] ⏱ Sample 1/5: LTP = ₹94.85
[NIFTY25D2325900CE] ⏱ Sample 2/5: LTP = ₹98.75
[NIFTY25D2325800PE] ⏱ Sample 2/5: LTP = ₹95.10
[NIFTY25D2325900CE] ⏱ Sample 3/5: LTP = ₹98.45
[NIFTY25D2325800PE] ⏱ Sample 3/5: LTP = ₹95.95
[NIFTY25D2325900CE] ⏱ Sample 4/5: LTP = ₹98.10
[NIFTY25D2325800PE] ⏱ Sample 4/5: LTP = ₹95.70
[NIFTY25D2325900CE] ⏱ Sample 5/5: LTP = ₹98.45
[NIFTY25D2325800PE] ⏱ Sample 5/5: LTP = ₹95.80
[NIFTY25D2325900CE] 📊 Avg Δ = -0.152%, Consistency = 100.0% → FLAT
[NIFTY25D2325900CE] 📈 Range ₹98.70 → ₹98.45

✅ Momentum for CE: {'symbol': 'NIFTY25D2325900CE', 'avg_change': np.float64(-0.152), 'consistency': np.float64(100.0), 'direction': 'FLAT'}
🧩 Finished CE: NIFTY25D2325900CE, momentum={'symbol': 'NIFTY25D2325900CE', 'avg_change': np.float64(-0.152), 'consistency': np.float64(100.0), 'direction': 'FLAT'}
[NIFTY25D2325800PE] 📊 Avg Δ = 0.271%, Consistency = 100.0% → UP
[NIFTY25D2325800PE] 📈 Range ₹94.85 → ₹95.80

✅ Momentum for PE: {'symbol': 'NIFTY25D2325800PE', 'avg_change': np.float64(0.271), 'consistency': np.float64(100.0), 'direction': 'UP'}
🧩 Finished PE: NIFTY25D2325800PE, momentum={'symbol': 'NIFTY25D2325800PE', 'avg_change': np.float64(0.271), 'consistency': np.float64(100.0), 'direction': 'UP'}
🧮 Comparing CE vs PE momentum...
📈 CE momentum: -0.152% (FLAT, 100.0%)
📉 PE momentum: 0.271% (UP, 100.0%)
✅ Selected PE (stronger momentum)
✅ Selected: NIFTY25D2325800PE (PE) | LTP=94.9 | lot_size=75 | groww_symbol=NSE-NIFTY-23Dec25-25800-PE

🌀 Generated cURL for Groww Candle API:
curl --location 'https://api.groww.in/v1/historical/candles?exchange=NSE&segment=FNO&groww_symbol=NSE-NIFTY-23Dec25-25800-PE&start_time=2025-12-17 11:25:12&end_time=2025-12-17 11:28:12&candle_interval=1minute' \
  --header 'Accept: application/json' \
  --header 'Authorization: Bearer eyJraWQiOiJaTUtjVXciLCJhbGciOiJFUzI1NiJ9.eyJleHAiOjE3NjYwMTc4MDAsImlhdCI6MTc2NTk1MDc1OSwibmJmIjoxNzY1OTUwNzU5LCJzdWIiOiJ7XCJ0b2tlblJlZklkXCI6XCJmNzI4ZmIzYi0wNDZjLTQyZTYtYjYxMy01MzIzNzZmNGU4NDRcIixcInZlbmRvckludGVncmF0aW9uS2V5XCI6XCJlMzFmZjIzYjA4NmI0MDZjODg3NGIyZjZkODQ5NTMxM1wiLFwidXNlckFjY291bnRJZFwiOlwiMmVlMjYyMjItN2MwNS00Y2IwLWIwM2MtNzAzYWRmNWVmN2RkXCIsXCJkZXZpY2VJZFwiOlwiNWQwYzdjODgtMGI1OS01MDU0LTk5ZTYtYWU5MzY5OTc2ZmRiXCIsXCJzZXNzaW9uSWRcIjpcIjZlYzMwODRjLThiMDQtNGNlNS05ODllLTMzYWQwZmVmYWVkZFwiLFwiYWRkaXRpb25hbERhdGFcIjpcIno1NC9NZzltdjE2WXdmb0gvS0EwYktvMDZXRlpjc241VUNmTWF5aERtNGxSTkczdTlLa2pWZDNoWjU1ZStNZERhWXBOVi9UOUxIRmtQejFFQisybTdRPT1cIixcInJvbGVcIjpcIm9yZGVyLWJhc2ljLGxpdmVfZGF0YS1iYXNpYyxub25fdHJhZGluZy1iYXNpYyxvcmRlcl9yZWFkX29ubHktYmFzaWMsYmFja190ZXN0XCIsXCJzb3VyY2VJcEFkZHJlc3NcIjpudWxsLFwidHdvRmFFeHBpcnlUc1wiOjE3NjYwMTc4MDAwMDB9IiwiaXNzIjoiYXBleC1hdXRoLXByb2QtYXBwIn0.Ic17XMFGiNOzAMDYLmSYSKuph6MToKBhWJJBI0WSd0cvORMMrT8bbyj-Pt20pwVNgjZaKgHbUs7_8cTSxaigSw' \
  --header 'X-API-VERSION: 1.0'

📊 3-min candle trend → PE (O1=94.2, C3=95.3)
Market Direction: PE
✅ Market direction CONFIRMS momentum → proceeding with order.
➡️ Placing auto order: {'symbol': 'NIFTY25D2325800PE', 'ltp': 94.9, 'lots': 14, 'book_profit': 1050.0, 'lot_size': 75, 'side': 'BUY'} ====== [2025-12-17 11:28:13]
🔹 Auto order => NIFTY25D2325800PE, qty=1050, book@1050.0 ====== [2025-12-17 11:28:14]
💰 LTP for NSE_NIFTY25D2325800PE: ₹95.85 ====== [2025-12-17 11:28:15]
✅ Auto Buy placed: :{'groww_order_id': 'GMKFO251217112815XUK3TW2GRYXI', 'order_status': 'NEW', 'order_reference_id': '79746395', 'remark': None} ======= [2025-12-17 11:28:16]
📈 Trailing started...
🔼 New High: ₹96.2
🔼 New High: ₹96.9
🔼 New High: ₹97.3
📉 Trail Active | LTP=97.3 | Exit=96.55
🔼 New High: ₹98.1
📉 Trail Active | LTP=98.1 | Exit=97.35
📉 Trail Active | LTP=97.95 | Exit=97.35
🔼 New High: ₹98.15
📉 Trail Active | LTP=98.15 | Exit=97.4
📉 Trail Active | LTP=98.1 | Exit=97.4
📉 Trail Active | LTP=97.5 | Exit=97.4
📉 Trail Active | LTP=97.5 | Exit=97.4
📉 Trail Active | LTP=97.85 | Exit=97.4
🔼 New High: ₹98.55
📉 Trail Active | LTP=98.55 | Exit=97.8
📉 Trail Active | LTP=98.5 | Exit=97.8
📉 Trail Active | LTP=98.3 | Exit=97.8
📉 Trail Active | LTP=98.3 | Exit=97.8
📉 Trail Active | LTP=98.05 | Exit=97.8
📉 Trail Active | LTP=98.35 | Exit=97.8
🔼 New High: ₹98.75
📉 Trail Active | LTP=98.75 | Exit=98.0
📉 Trail Active | LTP=98.6 | Exit=98.0
📉 Trail Active | LTP=98.65 | Exit=98.0
📉 Trail Active | LTP=98.5 | Exit=98.0
📉 Trail Active | LTP=98.6 | Exit=98.0
📉 Trail Active | LTP=98.15 | Exit=98.0
📉 Trail Active | LTP=97.2 | Exit=98.0
🔻 Trailing HIT @ 97.2
Waiting for 1 min to get another data.
🔍 Detecting best option between CE and PE for NIFTY 2025-12-23…
➡️  Searching CE between 80-130
➡️  Searching PE between 80-130
⚙️ Checking momentum for top 1 CE candidates...

🧭 Checking momentum for NIFTY25D2325900CE (5 samples, every 1s):
⚙️ Checking momentum for top 1 PE candidates...

🧭 Checking momentum for NIFTY25D2325800PE (5 samples, every 1s):
[NIFTY25D2325900CE] ⏱ Sample 1/5: LTP = ₹96.95
[NIFTY25D2325800PE] ⏱ Sample 1/5: LTP = ₹98.60
[NIFTY25D2325900CE] ⏱ Sample 2/5: LTP = ₹96.95
[NIFTY25D2325800PE] ⏱ Sample 2/5: LTP = ₹98.60
[NIFTY25D2325900CE] ⏱ Sample 3/5: LTP = ₹97.00
[NIFTY25D2325800PE] ⏱ Sample 3/5: LTP = ₹98.55
[NIFTY25D2325900CE] ⏱ Sample 4/5: LTP = ₹97.25
[NIFTY25D2325800PE] ⏱ Sample 4/5: LTP = ₹98.20
[NIFTY25D2325900CE] ⏱ Sample 5/5: LTP = ₹97.55
[NIFTY25D2325800PE] ⏱ Sample 5/5: LTP = ₹97.80
[NIFTY25D2325900CE] 📊 Avg Δ = 0.155%, Consistency = 100.0% → FLAT
[NIFTY25D2325900CE] 📈 Range ₹96.95 → ₹97.55

⚠️ No strong momentum found for CE (>0.25%, consistency >70%)
📊 Running momentum check for CE (NIFTY25D2325900CE)

🧭 Checking momentum for NIFTY25D2325900CE (5 samples, every 1s):
[NIFTY25D2325900CE] ⏱ Sample 1/5: LTP = ₹97.50
[NIFTY25D2325800PE] 📊 Avg Δ = -0.203%, Consistency = 100.0% → FLAT
[NIFTY25D2325800PE] 📈 Range ₹98.60 → ₹97.80

⚠️ No strong momentum found for PE (>0.3%, consistency >70%)
📊 Running momentum check for PE (NIFTY25D2325800PE)

🧭 Checking momentum for NIFTY25D2325800PE (5 samples, every 1s):
[NIFTY25D2325800PE] ⏱ Sample 1/5: LTP = ₹97.70
[NIFTY25D2325900CE] ⏱ Sample 2/5: LTP = ₹97.50
[NIFTY25D2325800PE] ⏱ Sample 2/5: LTP = ₹97.85
[NIFTY25D2325900CE] ⏱ Sample 3/5: LTP = ₹97.80
[NIFTY25D2325800PE] ⏱ Sample 3/5: LTP = ₹97.85
[NIFTY25D2325900CE] ⏱ Sample 4/5: LTP = ₹97.80
[NIFTY25D2325800PE] ⏱ Sample 4/5: LTP = ₹97.50
[NIFTY25D2325900CE] ⏱ Sample 5/5: LTP = ₹98.50
[NIFTY25D2325800PE] ⏱ Sample 5/5: LTP = ₹96.75
[NIFTY25D2325900CE] 📊 Avg Δ = 0.222%, Consistency = 100.0% → FLAT
[NIFTY25D2325900CE] 📈 Range ₹97.50 → ₹98.50

✅ Momentum for CE: {'symbol': 'NIFTY25D2325900CE', 'avg_change': np.float64(0.222), 'consistency': np.float64(100.0), 'direction': 'FLAT'}
🧩 Finished CE: NIFTY25D2325900CE, momentum={'symbol': 'NIFTY25D2325900CE', 'avg_change': np.float64(0.222), 'consistency': np.float64(100.0), 'direction': 'FLAT'}
[NIFTY25D2325800PE] 📊 Avg Δ = -0.222%, Consistency = 100.0% → FLAT
[NIFTY25D2325800PE] 📈 Range ₹97.70 → ₹96.75

✅ Momentum for PE: {'symbol': 'NIFTY25D2325800PE', 'avg_change': np.float64(-0.222), 'consistency': np.float64(100.0), 'direction': 'FLAT'}
🧩 Finished PE: NIFTY25D2325800PE, momentum={'symbol': 'NIFTY25D2325800PE', 'avg_change': np.float64(-0.222), 'consistency': np.float64(100.0), 'direction': 'FLAT'}
🧮 Comparing CE vs PE momentum...
📈 CE momentum: 0.222% (FLAT, 100.0%)
📉 PE momentum: -0.222% (FLAT, 100.0%)
✅ Selected CE (stronger momentum)
✅ Selected: NIFTY25D2325900CE (CE) | LTP=97.75 | lot_size=75 | groww_symbol=NSE-NIFTY-23Dec25-25900-CE

🌀 Generated cURL for Groww Candle API:
curl --location 'https://api.groww.in/v1/historical/candles?exchange=NSE&segment=FNO&groww_symbol=NSE-NIFTY-23Dec25-25900-CE&start_time=2025-12-17 11:28:11&end_time=2025-12-17 11:31:11&candle_interval=1minute' \
  --header 'Accept: application/json' \
  --header 'Authorization: Bearer eyJraWQiOiJaTUtjVXciLCJhbGciOiJFUzI1NiJ9.eyJleHAiOjE3NjYwMTc4MDAsImlhdCI6MTc2NTk1MDc1OSwibmJmIjoxNzY1OTUwNzU5LCJzdWIiOiJ7XCJ0b2tlblJlZklkXCI6XCJmNzI4ZmIzYi0wNDZjLTQyZTYtYjYxMy01MzIzNzZmNGU4NDRcIixcInZlbmRvckludGVncmF0aW9uS2V5XCI6XCJlMzFmZjIzYjA4NmI0MDZjODg3NGIyZjZkODQ5NTMxM1wiLFwidXNlckFjY291bnRJZFwiOlwiMmVlMjYyMjItN2MwNS00Y2IwLWIwM2MtNzAzYWRmNWVmN2RkXCIsXCJkZXZpY2VJZFwiOlwiNWQwYzdjODgtMGI1OS01MDU0LTk5ZTYtYWU5MzY5OTc2ZmRiXCIsXCJzZXNzaW9uSWRcIjpcIjZlYzMwODRjLThiMDQtNGNlNS05ODllLTMzYWQwZmVmYWVkZFwiLFwiYWRkaXRpb25hbERhdGFcIjpcIno1NC9NZzltdjE2WXdmb0gvS0EwYktvMDZXRlpjc241VUNmTWF5aERtNGxSTkczdTlLa2pWZDNoWjU1ZStNZERhWXBOVi9UOUxIRmtQejFFQisybTdRPT1cIixcInJvbGVcIjpcIm9yZGVyLWJhc2ljLGxpdmVfZGF0YS1iYXNpYyxub25fdHJhZGluZy1iYXNpYyxvcmRlcl9yZWFkX29ubHktYmFzaWMsYmFja190ZXN0XCIsXCJzb3VyY2VJcEFkZHJlc3NcIjpudWxsLFwidHdvRmFFeHBpcnlUc1wiOjE3NjYwMTc4MDAwMDB9IiwiaXNzIjoiYXBleC1hdXRoLXByb2QtYXBwIn0.Ic17XMFGiNOzAMDYLmSYSKuph6MToKBhWJJBI0WSd0cvORMMrT8bbyj-Pt20pwVNgjZaKgHbUs7_8cTSxaigSw' \
  --header 'X-API-VERSION: 1.0'

📊 3-min candle trend → CE (O1=97.35, C3=98.4)
Market Direction: CE
✅ Market direction CONFIRMS momentum → proceeding with order.
➡️ Placing auto order: {'symbol': 'NIFTY25D2325900CE', 'ltp': 97.75, 'lots': 14, 'book_profit': 1050.0, 'lot_size': 75, 'side': 'BUY'} ====== [2025-12-17 11:31:12]
🔹 Auto order => NIFTY25D2325900CE, qty=1050, book@1050.0 ====== [2025-12-17 11:31:14]
💰 LTP for NSE_NIFTY25D2325900CE: ₹98.85 ====== [2025-12-17 11:31:15]
✅ Auto Buy placed: :{'groww_order_id': 'GMKFO251217113115G0HQRBLGMQCA', 'order_status': 'NEW', 'order_reference_id': '78490164', 'remark': None} ======= [2025-12-17 11:31:15]
📈 Trailing started...
🔼 New High: ₹99.8
🔼 New High: ₹100.0
🔼 New High: ₹100.1
📉 Trail Active | LTP=100.1 | Exit=99.35
📉 Trail Active | LTP=100.0 | Exit=99.35
🔼 New High: ₹100.25
📉 Trail Active | LTP=100.25 | Exit=99.5
📉 Trail Active | LTP=99.6 | Exit=99.5
📉 Trail Active | LTP=99.4 | Exit=99.5
🔻 Trailing HIT @ 99.4
Waiting for 1 min to get another data.
🔍 Detecting best option between CE and PE for NIFTY 2025-12-23…
➡️  Searching CE between 80-130
➡️  Searching PE between 80-130
⚙️ Checking momentum for top 1 CE candidates...

🧭 Checking momentum for NIFTY25D2325900CE (5 samples, every 1s):
⚙️ Checking momentum for top 1 PE candidates...

🧭 Checking momentum for NIFTY25D2325800PE (5 samples, every 1s):
[NIFTY25D2325900CE] ⏱ Sample 1/5: LTP = ₹95.75
[NIFTY25D2325800PE] ⏱ Sample 1/5: LTP = ₹99.45
[NIFTY25D2325900CE] ⏱ Sample 2/5: LTP = ₹95.70
[NIFTY25D2325800PE] ⏱ Sample 2/5: LTP = ₹99.50
[NIFTY25D2325900CE] ⏱ Sample 3/5: LTP = ₹95.75
[NIFTY25D2325800PE] ⏱ Sample 3/5: LTP = ₹99.15
[NIFTY25D2325900CE] ⏱ Sample 4/5: LTP = ₹95.60
[NIFTY25D2325800PE] ⏱ Sample 4/5: LTP = ₹99.25
[NIFTY25D2325900CE] ⏱ Sample 5/5: LTP = ₹95.00
[NIFTY25D2325800PE] ⏱ Sample 5/5: LTP = ₹99.30
[NIFTY25D2325900CE] 📊 Avg Δ = -0.148%, Consistency = 100.0% → FLAT
[NIFTY25D2325900CE] 📈 Range ₹95.75 → ₹95.00

⚠️ No strong momentum found for CE (>0.25%, consistency >70%)
📊 Running momentum check for CE (NIFTY25D2325900CE)

🧭 Checking momentum for NIFTY25D2325900CE (5 samples, every 1s):
[NIFTY25D2325900CE] ⏱ Sample 1/5: LTP = ₹95.20
[NIFTY25D2325800PE] 📊 Avg Δ = -0.067%, Consistency = 100.0% → FLAT
[NIFTY25D2325800PE] 📈 Range ₹99.45 → ₹99.30

⚠️ No strong momentum found for PE (>0.3%, consistency >70%)
📊 Running momentum check for PE (NIFTY25D2325800PE)

🧭 Checking momentum for NIFTY25D2325800PE (5 samples, every 1s):
[NIFTY25D2325800PE] ⏱ Sample 1/5: LTP = ₹99.30
[NIFTY25D2325900CE] ⏱ Sample 2/5: LTP = ₹95.15
[NIFTY25D2325800PE] ⏱ Sample 2/5: LTP = ₹99.20
[NIFTY25D2325900CE] ⏱ Sample 3/5: LTP = ₹95.30
[NIFTY25D2325800PE] ⏱ Sample 3/5: LTP = ₹99.15
[NIFTY25D2325900CE] ⏱ Sample 4/5: LTP = ₹95.80
[NIFTY25D2325800PE] ⏱ Sample 4/5: LTP = ₹98.85
[NIFTY25D2325900CE] ⏱ Sample 5/5: LTP = ₹95.80
[NIFTY25D2325800PE] ⏱ Sample 5/5: LTP = ₹98.85
[NIFTY25D2325900CE] 📊 Avg Δ = 0.219%, Consistency = 100.0% → FLAT
[NIFTY25D2325900CE] 📈 Range ₹95.20 → ₹95.80

✅ Momentum for CE: {'symbol': 'NIFTY25D2325900CE', 'avg_change': np.float64(0.219), 'consistency': np.float64(100.0), 'direction': 'FLAT'}
🧩 Finished CE: NIFTY25D2325900CE, momentum={'symbol': 'NIFTY25D2325900CE', 'avg_change': np.float64(0.219), 'consistency': np.float64(100.0), 'direction': 'FLAT'}
[NIFTY25D2325800PE] 📊 Avg Δ = -0.134%, Consistency = 100.0% → FLAT
[NIFTY25D2325800PE] 📈 Range ₹99.30 → ₹98.85

✅ Momentum for PE: {'symbol': 'NIFTY25D2325800PE', 'avg_change': np.float64(-0.134), 'consistency': np.float64(100.0), 'direction': 'FLAT'}
🧩 Finished PE: NIFTY25D2325800PE, momentum={'symbol': 'NIFTY25D2325800PE', 'avg_change': np.float64(-0.134), 'consistency': np.float64(100.0), 'direction': 'FLAT'}
🧮 Comparing CE vs PE momentum...
📈 CE momentum: 0.219% (FLAT, 100.0%)
📉 PE momentum: -0.134% (FLAT, 100.0%)
✅ Selected CE (stronger momentum)
✅ Selected: NIFTY25D2325900CE (CE) | LTP=97.7 | lot_size=75 | groww_symbol=NSE-NIFTY-23Dec25-25900-CE

🌀 Generated cURL for Groww Candle API:
curl --location 'https://api.groww.in/v1/historical/candles?exchange=NSE&segment=FNO&groww_symbol=NSE-NIFTY-23Dec25-25900-CE&start_time=2025-12-17 11:30:26&end_time=2025-12-17 11:33:26&candle_interval=1minute' \
  --header 'Accept: application/json' \
  --header 'Authorization: Bearer eyJraWQiOiJaTUtjVXciLCJhbGciOiJFUzI1NiJ9.eyJleHAiOjE3NjYwMTc4MDAsImlhdCI6MTc2NTk1MDc1OSwibmJmIjoxNzY1OTUwNzU5LCJzdWIiOiJ7XCJ0b2tlblJlZklkXCI6XCJmNzI4ZmIzYi0wNDZjLTQyZTYtYjYxMy01MzIzNzZmNGU4NDRcIixcInZlbmRvckludGVncmF0aW9uS2V5XCI6XCJlMzFmZjIzYjA4NmI0MDZjODg3NGIyZjZkODQ5NTMxM1wiLFwidXNlckFjY291bnRJZFwiOlwiMmVlMjYyMjItN2MwNS00Y2IwLWIwM2MtNzAzYWRmNWVmN2RkXCIsXCJkZXZpY2VJZFwiOlwiNWQwYzdjODgtMGI1OS01MDU0LTk5ZTYtYWU5MzY5OTc2ZmRiXCIsXCJzZXNzaW9uSWRcIjpcIjZlYzMwODRjLThiMDQtNGNlNS05ODllLTMzYWQwZmVmYWVkZFwiLFwiYWRkaXRpb25hbERhdGFcIjpcIno1NC9NZzltdjE2WXdmb0gvS0EwYktvMDZXRlpjc241VUNmTWF5aERtNGxSTkczdTlLa2pWZDNoWjU1ZStNZERhWXBOVi9UOUxIRmtQejFFQisybTdRPT1cIixcInJvbGVcIjpcIm9yZGVyLWJhc2ljLGxpdmVfZGF0YS1iYXNpYyxub25fdHJhZGluZy1iYXNpYyxvcmRlcl9yZWFkX29ubHktYmFzaWMsYmFja190ZXN0XCIsXCJzb3VyY2VJcEFkZHJlc3NcIjpudWxsLFwidHdvRmFFeHBpcnlUc1wiOjE3NjYwMTc4MDAwMDB9IiwiaXNzIjoiYXBleC1hdXRoLXByb2QtYXBwIn0.Ic17XMFGiNOzAMDYLmSYSKuph6MToKBhWJJBI0WSd0cvORMMrT8bbyj-Pt20pwVNgjZaKgHbUs7_8cTSxaigSw' \
  --header 'X-API-VERSION: 1.0'

📊 3-min candle trend → PE (O1=97.5, C3=95.75)
Market Direction: PE
❌ Skipping trade — market direction conflicts with momentum.
Waiting for 3 mins to get another data.
🔍 Detecting best option between CE and PE for NIFTY 2025-12-23…
➡️  Searching CE between 80-130
➡️  Searching PE between 80-130
⚙️ Checking momentum for top 1 CE candidates...

🧭 Checking momentum for NIFTY25D2325900CE (5 samples, every 1s):
⚙️ Checking momentum for top 1 PE candidates...

🧭 Checking momentum for NIFTY25D2325800PE (5 samples, every 1s):
[NIFTY25D2325900CE] ⏱ Sample 1/5: LTP = ₹98.75
[NIFTY25D2325800PE] ⏱ Sample 1/5: LTP = ₹96.15
[NIFTY25D2325900CE] ⏱ Sample 2/5: LTP = ₹98.65
[NIFTY25D2325800PE] ⏱ Sample 2/5: LTP = ₹95.85
[NIFTY25D2325900CE] ⏱ Sample 3/5: LTP = ₹98.95
[NIFTY25D2325800PE] ⏱ Sample 3/5: LTP = ₹96.25
[NIFTY25D2325900CE] ⏱ Sample 4/5: LTP = ₹98.75
[NIFTY25D2325800PE] ⏱ Sample 4/5: LTP = ₹96.45
[NIFTY25D2325900CE] ⏱ Sample 5/5: LTP = ₹98.25
[NIFTY25D2325800PE] ⏱ Sample 5/5: LTP = ₹96.60
[NIFTY25D2325900CE] 📊 Avg Δ = -0.067%, Consistency = 50.0% → FLAT
[NIFTY25D2325900CE] 📈 Range ₹98.75 → ₹98.25

⚠️ No strong momentum found for CE (>0.25%, consistency >70%)
📊 Running momentum check for CE (NIFTY25D2325900CE)

🧭 Checking momentum for NIFTY25D2325900CE (5 samples, every 1s):
[NIFTY25D2325800PE] 📊 Avg Δ = 0.182%, Consistency = 100.0% → FLAT
[NIFTY25D2325800PE] 📈 Range ₹96.15 → ₹96.60

[NIFTY25D2325900CE] ⏱ Sample 1/5: LTP = ₹98.30
⚠️ No strong momentum found for PE (>0.3%, consistency >70%)
📊 Running momentum check for PE (NIFTY25D2325800PE)

🧭 Checking momentum for NIFTY25D2325800PE (5 samples, every 1s):
[NIFTY25D2325800PE] ⏱ Sample 1/5: LTP = ₹96.45
[NIFTY25D2325900CE] ⏱ Sample 2/5: LTP = ₹98.35
[NIFTY25D2325800PE] ⏱ Sample 2/5: LTP = ₹96.70
[NIFTY25D2325900CE] ⏱ Sample 3/5: LTP = ₹98.30
[NIFTY25D2325800PE] ⏱ Sample 3/5: LTP = ₹96.40
[NIFTY25D2325900CE] ⏱ Sample 4/5: LTP = ₹98.95
[NIFTY25D2325800PE] ⏱ Sample 4/5: LTP = ₹96.10
[NIFTY25D2325900CE] ⏱ Sample 5/5: LTP = ₹98.80
[NIFTY25D2325800PE] ⏱ Sample 5/5: LTP = ₹96.25
[NIFTY25D2325900CE] 📊 Avg Δ = 0.186%, Consistency = 100.0% → FLAT
[NIFTY25D2325900CE] 📈 Range ₹98.30 → ₹98.80

✅ Momentum for CE: {'symbol': 'NIFTY25D2325900CE', 'avg_change': np.float64(0.186), 'consistency': np.float64(100.0), 'direction': 'FLAT'}
🧩 Finished CE: NIFTY25D2325900CE, momentum={'symbol': 'NIFTY25D2325900CE', 'avg_change': np.float64(0.186), 'consistency': np.float64(100.0), 'direction': 'FLAT'}
[NIFTY25D2325800PE] 📊 Avg Δ = -0.138%, Consistency = 100.0% → FLAT
[NIFTY25D2325800PE] 📈 Range ₹96.45 → ₹96.25

✅ Momentum for PE: {'symbol': 'NIFTY25D2325800PE', 'avg_change': np.float64(-0.138), 'consistency': np.float64(100.0), 'direction': 'FLAT'}
🧩 Finished PE: NIFTY25D2325800PE, momentum={'symbol': 'NIFTY25D2325800PE', 'avg_change': np.float64(-0.138), 'consistency': np.float64(100.0), 'direction': 'FLAT'}
🧮 Comparing CE vs PE momentum...
📈 CE momentum: 0.186% (FLAT, 100.0%)
📉 PE momentum: -0.138% (FLAT, 100.0%)
✅ Selected CE (stronger momentum)
✅ Selected: NIFTY25D2325900CE (CE) | LTP=99.4 | lot_size=75 | groww_symbol=NSE-NIFTY-23Dec25-25900-CE

🌀 Generated cURL for Groww Candle API:
curl --location 'https://api.groww.in/v1/historical/candles?exchange=NSE&segment=FNO&groww_symbol=NSE-NIFTY-23Dec25-25900-CE&start_time=2025-12-17 11:34:15&end_time=2025-12-17 11:37:15&candle_interval=1minute' \
  --header 'Accept: application/json' \
  --header 'Authorization: Bearer eyJraWQiOiJaTUtjVXciLCJhbGciOiJFUzI1NiJ9.eyJleHAiOjE3NjYwMTc4MDAsImlhdCI6MTc2NTk1MDc1OSwibmJmIjoxNzY1OTUwNzU5LCJzdWIiOiJ7XCJ0b2tlblJlZklkXCI6XCJmNzI4ZmIzYi0wNDZjLTQyZTYtYjYxMy01MzIzNzZmNGU4NDRcIixcInZlbmRvckludGVncmF0aW9uS2V5XCI6XCJlMzFmZjIzYjA4NmI0MDZjODg3NGIyZjZkODQ5NTMxM1wiLFwidXNlckFjY291bnRJZFwiOlwiMmVlMjYyMjItN2MwNS00Y2IwLWIwM2MtNzAzYWRmNWVmN2RkXCIsXCJkZXZpY2VJZFwiOlwiNWQwYzdjODgtMGI1OS01MDU0LTk5ZTYtYWU5MzY5OTc2ZmRiXCIsXCJzZXNzaW9uSWRcIjpcIjZlYzMwODRjLThiMDQtNGNlNS05ODllLTMzYWQwZmVmYWVkZFwiLFwiYWRkaXRpb25hbERhdGFcIjpcIno1NC9NZzltdjE2WXdmb0gvS0EwYktvMDZXRlpjc241VUNmTWF5aERtNGxSTkczdTlLa2pWZDNoWjU1ZStNZERhWXBOVi9UOUxIRmtQejFFQisybTdRPT1cIixcInJvbGVcIjpcIm9yZGVyLWJhc2ljLGxpdmVfZGF0YS1iYXNpYyxub25fdHJhZGluZy1iYXNpYyxvcmRlcl9yZWFkX29ubHktYmFzaWMsYmFja190ZXN0XCIsXCJzb3VyY2VJcEFkZHJlc3NcIjpudWxsLFwidHdvRmFFeHBpcnlUc1wiOjE3NjYwMTc4MDAwMDB9IiwiaXNzIjoiYXBleC1hdXRoLXByb2QtYXBwIn0.Ic17XMFGiNOzAMDYLmSYSKuph6MToKBhWJJBI0WSd0cvORMMrT8bbyj-Pt20pwVNgjZaKgHbUs7_8cTSxaigSw' \
  --header 'X-API-VERSION: 1.0'

📊 3-min candle trend → CE (O1=98.0, C3=98.95)
Market Direction: CE
✅ Market direction CONFIRMS momentum → proceeding with order.
➡️ Placing auto order: {'symbol': 'NIFTY25D2325900CE', 'ltp': 99.4, 'lots': 14, 'book_profit': 1050.0, 'lot_size': 75, 'side': 'BUY'} ====== [2025-12-17 11:37:16]
🔹 Auto order => NIFTY25D2325900CE, qty=1050, book@1050.0 ====== [2025-12-17 11:37:16]
💰 LTP for NSE_NIFTY25D2325900CE: ₹99.05 ====== [2025-12-17 11:37:17]
✅ Auto Buy placed: :{'groww_order_id': 'GMKFO251217113718C8XRK56G7LX6', 'order_status': 'NEW', 'order_reference_id': '97484006', 'remark': None} ======= [2025-12-17 11:37:18]
📈 Trailing started...
🔼 New High: ₹99.2
🔼 New High: ₹99.3
🔼 New High: ₹99.5
🔼 New High: ₹99.6
🔼 New High: ₹99.7
🔼 New High: ₹99.85
🔼 New High: ₹100.4
📉 Trail Active | LTP=100.4 | Exit=99.65
📉 Trail Active | LTP=99.85 | Exit=99.65
📉 Trail Active | LTP=99.85 | Exit=99.65
📉 Trail Active | LTP=99.85 | Exit=99.65
📉 Trail Active | LTP=99.95 | Exit=99.65
📉 Trail Active | LTP=99.95 | Exit=99.65
📉 Trail Active | LTP=100.0 | Exit=99.65
📉 Trail Active | LTP=100.3 | Exit=99.65
📉 Trail Active | LTP=100.4 | Exit=99.65
🔼 New High: ₹100.6
📉 Trail Active | LTP=100.6 | Exit=99.85
📉 Trail Active | LTP=99.75 | Exit=99.85
🔻 Trailing HIT @ 99.75
Waiting for 1 min to get another data.
🔍 Detecting best option between CE and PE for NIFTY 2025-12-23…
➡️  Searching CE between 80-130
➡️  Searching PE between 80-130
⚙️ Checking momentum for top 2 CE candidates...

🧭 Checking momentum for NIFTY25D2325900CE (5 samples, every 1s):

🧭 Checking momentum for NIFTY25D2325950CE (5 samples, every 1s):
⚙️ Checking momentum for top 2 PE candidates...

🧭 Checking momentum for NIFTY25D2325850PE (5 samples, every 1s):

🧭 Checking momentum for NIFTY25D2325800PE (5 samples, every 1s):
[NIFTY25D2325900CE] ⏱ Sample 1/5: LTP = ₹103.50
[NIFTY25D2325950CE] ⏱ Sample 1/5: LTP = ₹82.35
[NIFTY25D2325850PE] ⏱ Sample 1/5: LTP = ₹111.00
[NIFTY25D2325800PE] ⏱ Sample 1/5: LTP = ₹89.55
[NIFTY25D2325900CE] ⏱ Sample 2/5: LTP = ₹103.40
[NIFTY25D2325950CE] ⏱ Sample 2/5: LTP = ₹82.10
[NIFTY25D2325850PE] ⏱ Sample 2/5: LTP = ₹111.20
[NIFTY25D2325800PE] ⏱ Sample 2/5: LTP = ₹89.45
[NIFTY25D2325900CE] ⏱ Sample 3/5: LTP = ₹103.35
[NIFTY25D2325950CE] ⏱ Sample 3/5: LTP = ₹82.45
[NIFTY25D2325850PE] ⏱ Sample 3/5: LTP = ₹111.05
[NIFTY25D2325800PE] ⏱ Sample 3/5: LTP = ₹89.25
[NIFTY25D2325900CE] ⏱ Sample 4/5: LTP = ₹103.60
[NIFTY25D2325950CE] ⏱ Sample 4/5: LTP = ₹82.80
[NIFTY25D2325850PE] ⏱ Sample 4/5: LTP = ₹109.95
[NIFTY25D2325800PE] ⏱ Sample 4/5: LTP = ₹88.55
[NIFTY25D2325900CE] ⏱ Sample 5/5: LTP = ₹104.50
[NIFTY25D2325950CE] ⏱ Sample 5/5: LTP = ₹82.85
[NIFTY25D2325900CE] 📊 Avg Δ = 0.193%, Consistency = 100.0% → FLAT
[NIFTY25D2325900CE] 📈 Range ₹103.50 → ₹104.50

[NIFTY25D2325850PE] ⏱ Sample 5/5: LTP = ₹110.30
[NIFTY25D2325950CE] 📊 Avg Δ = 0.243%, Consistency = 100.0% → FLAT
[NIFTY25D2325950CE] 📈 Range ₹82.35 → ₹82.85

⚠️ No strong momentum found for CE (>0.25%, consistency >70%)
📊 Running momentum check for CE (NIFTY25D2325900CE)

🧭 Checking momentum for NIFTY25D2325900CE (5 samples, every 1s):
[NIFTY25D2325800PE] ⏱ Sample 5/5: LTP = ₹88.90
[NIFTY25D2325850PE] 📊 Avg Δ = -0.293%, Consistency = 100.0% → DOWN
[NIFTY25D2325850PE] 📈 Range ₹111.00 → ₹110.30

[NIFTY25D2325900CE] ⏱ Sample 1/5: LTP = ₹104.40
[NIFTY25D2325800PE] 📊 Avg Δ = -0.289%, Consistency = 100.0% → DOWN
[NIFTY25D2325800PE] 📈 Range ₹89.55 → ₹88.90

⚠️ No strong momentum found for PE (>0.3%, consistency >70%)
📊 Running momentum check for PE (NIFTY25D2325850PE)

🧭 Checking momentum for NIFTY25D2325850PE (5 samples, every 1s):
[NIFTY25D2325850PE] ⏱ Sample 1/5: LTP = ₹109.90
[NIFTY25D2325900CE] ⏱ Sample 2/5: LTP = ₹104.40
[NIFTY25D2325850PE] ⏱ Sample 2/5: LTP = ₹110.05
[NIFTY25D2325900CE] ⏱ Sample 3/5: LTP = ₹104.20
[NIFTY25D2325850PE] ⏱ Sample 3/5: LTP = ₹110.35
[NIFTY25D2325900CE] ⏱ Sample 4/5: LTP = ₹103.80
[NIFTY25D2325850PE] ⏱ Sample 4/5: LTP = ₹110.00
[NIFTY25D2325900CE] ⏱ Sample 5/5: LTP = ₹104.00
[NIFTY25D2325850PE] ⏱ Sample 5/5: LTP = ₹110.55
[NIFTY25D2325900CE] 📊 Avg Δ = -0.160%, Consistency = 100.0% → FLAT
[NIFTY25D2325900CE] 📈 Range ₹104.40 → ₹104.00

✅ Momentum for CE: {'symbol': 'NIFTY25D2325900CE', 'avg_change': np.float64(-0.16), 'consistency': np.float64(100.0), 'direction': 'FLAT'}
🧩 Finished CE: NIFTY25D2325900CE, momentum={'symbol': 'NIFTY25D2325900CE', 'avg_change': np.float64(-0.16), 'consistency': np.float64(100.0), 'direction': 'FLAT'}
[NIFTY25D2325850PE] 📊 Avg Δ = 0.091%, Consistency = 100.0% → FLAT
[NIFTY25D2325850PE] 📈 Range ₹109.90 → ₹110.55

✅ Momentum for PE: {'symbol': 'NIFTY25D2325850PE', 'avg_change': np.float64(0.091), 'consistency': np.float64(100.0), 'direction': 'FLAT'}
🧩 Finished PE: NIFTY25D2325850PE, momentum={'symbol': 'NIFTY25D2325850PE', 'avg_change': np.float64(0.091), 'consistency': np.float64(100.0), 'direction': 'FLAT'}
🧮 Comparing CE vs PE momentum...
📈 CE momentum: -0.160% (FLAT, 100.0%)
📉 PE momentum: 0.091% (FLAT, 100.0%)
⚖️  Momentum similar — choosing PE fallback
✅ Selected: NIFTY25D2325850PE (PE) | LTP=110.35 | lot_size=75 | groww_symbol=NSE-NIFTY-23Dec25-25850-PE

🌀 Generated cURL for Groww Candle API:
curl --location 'https://api.groww.in/v1/historical/candles?exchange=NSE&segment=FNO&groww_symbol=NSE-NIFTY-23Dec25-25850-PE&start_time=2025-12-17 11:39:21&end_time=2025-12-17 11:42:21&candle_interval=1minute' \
  --header 'Accept: application/json' \
  --header 'Authorization: Bearer eyJraWQiOiJaTUtjVXciLCJhbGciOiJFUzI1NiJ9.eyJleHAiOjE3NjYwMTc4MDAsImlhdCI6MTc2NTk1MDc1OSwibmJmIjoxNzY1OTUwNzU5LCJzdWIiOiJ7XCJ0b2tlblJlZklkXCI6XCJmNzI4ZmIzYi0wNDZjLTQyZTYtYjYxMy01MzIzNzZmNGU4NDRcIixcInZlbmRvckludGVncmF0aW9uS2V5XCI6XCJlMzFmZjIzYjA4NmI0MDZjODg3NGIyZjZkODQ5NTMxM1wiLFwidXNlckFjY291bnRJZFwiOlwiMmVlMjYyMjItN2MwNS00Y2IwLWIwM2MtNzAzYWRmNWVmN2RkXCIsXCJkZXZpY2VJZFwiOlwiNWQwYzdjODgtMGI1OS01MDU0LTk5ZTYtYWU5MzY5OTc2ZmRiXCIsXCJzZXNzaW9uSWRcIjpcIjZlYzMwODRjLThiMDQtNGNlNS05ODllLTMzYWQwZmVmYWVkZFwiLFwiYWRkaXRpb25hbERhdGFcIjpcIno1NC9NZzltdjE2WXdmb0gvS0EwYktvMDZXRlpjc241VUNmTWF5aERtNGxSTkczdTlLa2pWZDNoWjU1ZStNZERhWXBOVi9UOUxIRmtQejFFQisybTdRPT1cIixcInJvbGVcIjpcIm9yZGVyLWJhc2ljLGxpdmVfZGF0YS1iYXNpYyxub25fdHJhZGluZy1iYXNpYyxvcmRlcl9yZWFkX29ubHktYmFzaWMsYmFja190ZXN0XCIsXCJzb3VyY2VJcEFkZHJlc3NcIjpudWxsLFwidHdvRmFFeHBpcnlUc1wiOjE3NjYwMTc4MDAwMDB9IiwiaXNzIjoiYXBleC1hdXRoLXByb2QtYXBwIn0.Ic17XMFGiNOzAMDYLmSYSKuph6MToKBhWJJBI0WSd0cvORMMrT8bbyj-Pt20pwVNgjZaKgHbUs7_8cTSxaigSw' \
  --header 'X-API-VERSION: 1.0'

📊 3-min candle trend → CE (O1=116.65, C3=109.55)
Market Direction: CE
❌ Skipping trade — market direction conflicts with momentum.
Waiting for 3 mins to get another data.
🔍 Detecting best option between CE and PE for NIFTY 2025-12-23…
➡️  Searching CE between 80-130
➡️  Searching PE between 80-130
⚙️ Checking momentum for top 2 CE candidates...

🧭 Checking momentum for NIFTY25D2325900CE (5 samples, every 1s):

🧭 Checking momentum for NIFTY25D2325950CE (5 samples, every 1s):
⚙️ Checking momentum for top 1 PE candidates...

🧭 Checking momentum for NIFTY25D2325800PE (5 samples, every 1s):
[NIFTY25D2325900CE] ⏱ Sample 1/5: LTP = ₹104.00
[NIFTY25D2325950CE] ⏱ Sample 1/5: LTP = ₹83.20
[NIFTY25D2325800PE] ⏱ Sample 1/5: LTP = ₹89.00
[NIFTY25D2325900CE] ⏱ Sample 2/5: LTP = ₹104.65
[NIFTY25D2325950CE] ⏱ Sample 2/5: LTP = ₹83.20
[NIFTY25D2325800PE] ⏱ Sample 2/5: LTP = ₹88.95
[NIFTY25D2325900CE] ⏱ Sample 3/5: LTP = ₹104.60
[NIFTY25D2325950CE] ⏱ Sample 3/5: LTP = ₹83.50
[NIFTY25D2325800PE] ⏱ Sample 3/5: LTP = ₹88.70
[NIFTY25D2325900CE] ⏱ Sample 4/5: LTP = ₹104.70
[NIFTY25D2325950CE] ⏱ Sample 4/5: LTP = ₹83.35
[NIFTY25D2325800PE] ⏱ Sample 4/5: LTP = ₹89.00
[NIFTY25D2325900CE] ⏱ Sample 5/5: LTP = ₹104.60
[NIFTY25D2325950CE] ⏱ Sample 5/5: LTP = ₹83.60
[NIFTY25D2325900CE] 📊 Avg Δ = 0.104%, Consistency = 50.0% → FLAT
[NIFTY25D2325900CE] 📈 Range ₹104.00 → ₹104.60

[NIFTY25D2325800PE] ⏱ Sample 5/5: LTP = ₹88.80
[NIFTY25D2325950CE] 📊 Avg Δ = 0.110%, Consistency = 100.0% → FLAT
[NIFTY25D2325950CE] 📈 Range ₹83.20 → ₹83.60

⚠️ No strong momentum found for CE (>0.25%, consistency >70%)
📊 Running momentum check for CE (NIFTY25D2325900CE)

🧭 Checking momentum for NIFTY25D2325900CE (5 samples, every 1s):
[NIFTY25D2325900CE] ⏱ Sample 1/5: LTP = ₹104.95
[NIFTY25D2325800PE] 📊 Avg Δ = -0.028%, Consistency = 50.0% → FLAT
[NIFTY25D2325800PE] 📈 Range ₹89.00 → ₹88.80

⚠️ No strong momentum found for PE (>0.3%, consistency >70%)
📊 Running momentum check for PE (NIFTY25D2325800PE)

🧭 Checking momentum for NIFTY25D2325800PE (5 samples, every 1s):
[NIFTY25D2325800PE] ⏱ Sample 1/5: LTP = ₹88.80
[NIFTY25D2325900CE] ⏱ Sample 2/5: LTP = ₹105.30
[NIFTY25D2325800PE] ⏱ Sample 2/5: LTP = ₹88.65
[NIFTY25D2325900CE] ⏱ Sample 3/5: LTP = ₹104.80
[NIFTY25D2325800PE] ⏱ Sample 3/5: LTP = ₹88.75
[NIFTY25D2325900CE] ⏱ Sample 4/5: LTP = ₹105.00
[NIFTY25D2325800PE] ⏱ Sample 4/5: LTP = ₹88.85
[NIFTY25D2325900CE] ⏱ Sample 5/5: LTP = ₹104.80
[NIFTY25D2325800PE] ⏱ Sample 5/5: LTP = ₹89.20
[NIFTY25D2325900CE] 📊 Avg Δ = -0.071%, Consistency = 50.0% → FLAT
[NIFTY25D2325900CE] 📈 Range ₹104.95 → ₹104.80

✅ Momentum for CE: {'symbol': 'NIFTY25D2325900CE', 'avg_change': np.float64(-0.071), 'consistency': np.float64(50.0), 'direction': 'FLAT'}
🧩 Finished CE: NIFTY25D2325900CE, momentum={'symbol': 'NIFTY25D2325900CE', 'avg_change': np.float64(-0.071), 'consistency': np.float64(50.0), 'direction': 'FLAT'}
[NIFTY25D2325800PE] 📊 Avg Δ = 0.113%, Consistency = 100.0% → FLAT
[NIFTY25D2325800PE] 📈 Range ₹88.80 → ₹89.20

✅ Momentum for PE: {'symbol': 'NIFTY25D2325800PE', 'avg_change': np.float64(0.113), 'consistency': np.float64(100.0), 'direction': 'FLAT'}
🧩 Finished PE: NIFTY25D2325800PE, momentum={'symbol': 'NIFTY25D2325800PE', 'avg_change': np.float64(0.113), 'consistency': np.float64(100.0), 'direction': 'FLAT'}
🧮 Comparing CE vs PE momentum...
📈 CE momentum: -0.071% (FLAT, 50.0%)
📉 PE momentum: 0.113% (FLAT, 100.0%)
⚖️  Momentum similar — choosing PE fallback
✅ Selected: NIFTY25D2325800PE (PE) | LTP=90.1 | lot_size=75 | groww_symbol=NSE-NIFTY-23Dec25-25800-PE

🌀 Generated cURL for Groww Candle API:
curl --location 'https://api.groww.in/v1/historical/candles?exchange=NSE&segment=FNO&groww_symbol=NSE-NIFTY-23Dec25-25800-PE&start_time=2025-12-17 11:43:13&end_time=2025-12-17 11:46:13&candle_interval=1minute' \
  --header 'Accept: application/json' \
  --header 'Authorization: Bearer eyJraWQiOiJaTUtjVXciLCJhbGciOiJFUzI1NiJ9.eyJleHAiOjE3NjYwMTc4MDAsImlhdCI6MTc2NTk1MDc1OSwibmJmIjoxNzY1OTUwNzU5LCJzdWIiOiJ7XCJ0b2tlblJlZklkXCI6XCJmNzI4ZmIzYi0wNDZjLTQyZTYtYjYxMy01MzIzNzZmNGU4NDRcIixcInZlbmRvckludGVncmF0aW9uS2V5XCI6XCJlMzFmZjIzYjA4NmI0MDZjODg3NGIyZjZkODQ5NTMxM1wiLFwidXNlckFjY291bnRJZFwiOlwiMmVlMjYyMjItN2MwNS00Y2IwLWIwM2MtNzAzYWRmNWVmN2RkXCIsXCJkZXZpY2VJZFwiOlwiNWQwYzdjODgtMGI1OS01MDU0LTk5ZTYtYWU5MzY5OTc2ZmRiXCIsXCJzZXNzaW9uSWRcIjpcIjZlYzMwODRjLThiMDQtNGNlNS05ODllLTMzYWQwZmVmYWVkZFwiLFwiYWRkaXRpb25hbERhdGFcIjpcIno1NC9NZzltdjE2WXdmb0gvS0EwYktvMDZXRlpjc241VUNmTWF5aERtNGxSTkczdTlLa2pWZDNoWjU1ZStNZERhWXBOVi9UOUxIRmtQejFFQisybTdRPT1cIixcInJvbGVcIjpcIm9yZGVyLWJhc2ljLGxpdmVfZGF0YS1iYXNpYyxub25fdHJhZGluZy1iYXNpYyxvcmRlcl9yZWFkX29ubHktYmFzaWMsYmFja190ZXN0XCIsXCJzb3VyY2VJcEFkZHJlc3NcIjpudWxsLFwidHdvRmFFeHBpcnlUc1wiOjE3NjYwMTc4MDAwMDB9IiwiaXNzIjoiYXBleC1hdXRoLXByb2QtYXBwIn0.Ic17XMFGiNOzAMDYLmSYSKuph6MToKBhWJJBI0WSd0cvORMMrT8bbyj-Pt20pwVNgjZaKgHbUs7_8cTSxaigSw' \
  --header 'X-API-VERSION: 1.0'

📊 3-min candle trend → PE (O1=88.05, C3=88.95)
Market Direction: PE
✅ Market direction CONFIRMS momentum → proceeding with order.
➡️ Placing auto order: {'symbol': 'NIFTY25D2325800PE', 'ltp': 90.1, 'lots': 14, 'book_profit': 1050.0, 'lot_size': 75, 'side': 'BUY'} ====== [2025-12-17 11:46:14]
🔹 Auto order => NIFTY25D2325800PE, qty=1050, book@1050.0 ====== [2025-12-17 11:46:15]
💰 LTP for NSE_NIFTY25D2325800PE: ₹88.85 ====== [2025-12-17 11:46:16]
✅ Auto Buy placed: :{'groww_order_id': 'GMKFO251217114616YP97X2PZCYG4', 'order_status': 'NEW', 'order_reference_id': '65225043', 'remark': None} ======= [2025-12-17 11:46:17]
📈 Trailing started...
🔼 New High: ₹89.25
🔼 New High: ₹89.4
🔼 New High: ₹89.9
🔼 New High: ₹90.4
📉 Trail Active | LTP=90.4 | Exit=89.65
🔼 New High: ₹90.6
📉 Trail Active | LTP=90.6 | Exit=89.85
📉 Trail Active | LTP=90.45 | Exit=89.85
📉 Trail Active | LTP=89.45 | Exit=89.85
🔻 Trailing HIT @ 89.45
Waiting for 1 min to get another data.
🔍 Detecting best option between CE and PE for NIFTY 2025-12-23…
➡️  Searching CE between 80-130
➡️  Searching PE between 80-130
⚙️ Checking momentum for top 2 PE candidates...

🧭 Checking momentum for NIFTY25D2325800PE (5 samples, every 1s):

🧭 Checking momentum for NIFTY25D2325850PE (5 samples, every 1s):
[NIFTY25D2325800PE] ⏱ Sample 1/5: LTP = ₹88.40
[NIFTY25D2325850PE] ⏱ Sample 1/5: LTP = ₹109.75
⚙️ Checking momentum for top 2 CE candidates...

🧭 Checking momentum for NIFTY25D2325900CE (5 samples, every 1s):

🧭 Checking momentum for NIFTY25D2325950CE (5 samples, every 1s):
[NIFTY25D2325800PE] ⏱ Sample 2/5: LTP = ₹88.60
[NIFTY25D2325850PE] ⏱ Sample 2/5: LTP = ₹109.85
[NIFTY25D2325900CE] ⏱ Sample 1/5: LTP = ₹104.85
[NIFTY25D2325950CE] ⏱ Sample 1/5: LTP = ₹83.50
[NIFTY25D2325800PE] ⏱ Sample 3/5: LTP = ₹88.00
[NIFTY25D2325850PE] ⏱ Sample 3/5: LTP = ₹109.25
[NIFTY25D2325900CE] ⏱ Sample 2/5: LTP = ₹105.20
[NIFTY25D2325950CE] ⏱ Sample 2/5: LTP = ₹83.70
[NIFTY25D2325800PE] ⏱ Sample 4/5: LTP = ₹87.65
[NIFTY25D2325850PE] ⏱ Sample 4/5: LTP = ₹109.25
[NIFTY25D2325900CE] ⏱ Sample 3/5: LTP = ₹104.90
[NIFTY25D2325950CE] ⏱ Sample 3/5: LTP = ₹83.55
[NIFTY25D2325800PE] ⏱ Sample 5/5: LTP = ₹88.00
[NIFTY25D2325850PE] ⏱ Sample 5/5: LTP = ₹109.50
[NIFTY25D2325800PE] 📊 Avg Δ = -0.255%, Consistency = 100.0% → DOWN
[NIFTY25D2325800PE] 📈 Range ₹88.40 → ₹88.00

[NIFTY25D2325900CE] ⏱ Sample 4/5: LTP = ₹104.70
[NIFTY25D2325850PE] 📊 Avg Δ = -0.129%, Consistency = 100.0% → FLAT
[NIFTY25D2325850PE] 📈 Range ₹109.75 → ₹109.50

⚠️ No strong momentum found for PE (>0.3%, consistency >70%)
📊 Running momentum check for PE (NIFTY25D2325850PE)

🧭 Checking momentum for NIFTY25D2325850PE (5 samples, every 1s):
[NIFTY25D2325950CE] ⏱ Sample 4/5: LTP = ₹83.40
[NIFTY25D2325850PE] ⏱ Sample 1/5: LTP = ₹109.65
[NIFTY25D2325900CE] ⏱ Sample 5/5: LTP = ₹104.20
[NIFTY25D2325950CE] ⏱ Sample 5/5: LTP = ₹82.50
[NIFTY25D2325900CE] 📊 Avg Δ = -0.183%, Consistency = 100.0% → FLAT
[NIFTY25D2325900CE] 📈 Range ₹104.85 → ₹104.20

[NIFTY25D2325850PE] ⏱ Sample 2/5: LTP = ₹110.50
[NIFTY25D2325950CE] 📊 Avg Δ = -0.259%, Consistency = 100.0% → DOWN
[NIFTY25D2325950CE] 📈 Range ₹83.50 → ₹82.50

🏆 Selected CE: NIFTY25D2325950CE (DOWN | -0.26% | Consistency 100.0%)
📊 Running momentum check for CE (NIFTY25D2325950CE)

🧭 Checking momentum for NIFTY25D2325950CE (5 samples, every 1s):
[NIFTY25D2325950CE] ⏱ Sample 1/5: LTP = ₹82.60
[NIFTY25D2325850PE] ⏱ Sample 3/5: LTP = ₹110.70
[NIFTY25D2325950CE] ⏱ Sample 2/5: LTP = ₹82.95
[NIFTY25D2325850PE] ⏱ Sample 4/5: LTP = ₹110.00
[NIFTY25D2325950CE] ⏱ Sample 3/5: LTP = ₹83.05
[NIFTY25D2325850PE] ⏱ Sample 5/5: LTP = ₹110.35
[NIFTY25D2325950CE] ⏱ Sample 4/5: LTP = ₹83.05
[NIFTY25D2325850PE] 📊 Avg Δ = 0.030%, Consistency = 50.0% → FLAT
[NIFTY25D2325850PE] 📈 Range ₹109.65 → ₹110.35

✅ Momentum for PE: {'symbol': 'NIFTY25D2325850PE', 'avg_change': np.float64(0.03), 'consistency': np.float64(50.0), 'direction': 'FLAT'}
🧩 Finished PE: NIFTY25D2325850PE, momentum={'symbol': 'NIFTY25D2325850PE', 'avg_change': np.float64(0.03), 'consistency': np.float64(50.0), 'direction': 'FLAT'}
[NIFTY25D2325950CE] ⏱ Sample 5/5: LTP = ₹82.85
[NIFTY25D2325950CE] 📊 Avg Δ = 0.070%, Consistency = 50.0% → FLAT
[NIFTY25D2325950CE] 📈 Range ₹82.60 → ₹82.85

✅ Momentum for CE: {'symbol': 'NIFTY25D2325950CE', 'avg_change': np.float64(0.07), 'consistency': np.float64(50.0), 'direction': 'FLAT'}
🧩 Finished CE: NIFTY25D2325950CE, momentum={'symbol': 'NIFTY25D2325950CE', 'avg_change': np.float64(0.07), 'consistency': np.float64(50.0), 'direction': 'FLAT'}
🧮 Comparing CE vs PE momentum...
📈 CE momentum: 0.070% (FLAT, 50.0%)
📉 PE momentum: 0.030% (FLAT, 50.0%)
⚖️  Momentum similar — choosing CE fallback
✅ Selected: NIFTY25D2325950CE (CE) | LTP=83.35 | lot_size=75 | groww_symbol=NSE-NIFTY-23Dec25-25950-CE

🌀 Generated cURL for Groww Candle API:
curl --location 'https://api.groww.in/v1/historical/candles?exchange=NSE&segment=FNO&groww_symbol=NSE-NIFTY-23Dec25-25950-CE&start_time=2025-12-17 11:52:00&end_time=2025-12-17 11:55:00&candle_interval=1minute' \
  --header 'Accept: application/json' \
  --header 'Authorization: Bearer eyJraWQiOiJaTUtjVXciLCJhbGciOiJFUzI1NiJ9.eyJleHAiOjE3NjYwMTc4MDAsImlhdCI6MTc2NTk1MDc1OSwibmJmIjoxNzY1OTUwNzU5LCJzdWIiOiJ7XCJ0b2tlblJlZklkXCI6XCJmNzI4ZmIzYi0wNDZjLTQyZTYtYjYxMy01MzIzNzZmNGU4NDRcIixcInZlbmRvckludGVncmF0aW9uS2V5XCI6XCJlMzFmZjIzYjA4NmI0MDZjODg3NGIyZjZkODQ5NTMxM1wiLFwidXNlckFjY291bnRJZFwiOlwiMmVlMjYyMjItN2MwNS00Y2IwLWIwM2MtNzAzYWRmNWVmN2RkXCIsXCJkZXZpY2VJZFwiOlwiNWQwYzdjODgtMGI1OS01MDU0LTk5ZTYtYWU5MzY5OTc2ZmRiXCIsXCJzZXNzaW9uSWRcIjpcIjZlYzMwODRjLThiMDQtNGNlNS05ODllLTMzYWQwZmVmYWVkZFwiLFwiYWRkaXRpb25hbERhdGFcIjpcIno1NC9NZzltdjE2WXdmb0gvS0EwYktvMDZXRlpjc241VUNmTWF5aERtNGxSTkczdTlLa2pWZDNoWjU1ZStNZERhWXBOVi9UOUxIRmtQejFFQisybTdRPT1cIixcInJvbGVcIjpcIm9yZGVyLWJhc2ljLGxpdmVfZGF0YS1iYXNpYyxub25fdHJhZGluZy1iYXNpYyxvcmRlcl9yZWFkX29ubHktYmFzaWMsYmFja190ZXN0XCIsXCJzb3VyY2VJcEFkZHJlc3NcIjpudWxsLFwidHdvRmFFeHBpcnlUc1wiOjE3NjYwMTc4MDAwMDB9IiwiaXNzIjoiYXBleC1hdXRoLXByb2QtYXBwIn0.Ic17XMFGiNOzAMDYLmSYSKuph6MToKBhWJJBI0WSd0cvORMMrT8bbyj-Pt20pwVNgjZaKgHbUs7_8cTSxaigSw' \
  --header 'X-API-VERSION: 1.0'

📊 3-min candle trend → PE (O1=83.25, C3=82.35)
Market Direction: PE
❌ Skipping trade — market direction conflicts with momentum.
Waiting for 3 mins to get another data.
🔍 Detecting best option between CE and PE for NIFTY 2025-12-23…
➡️  Searching CE between 80-130
➡️  Searching PE between 80-130
⚙️ Checking momentum for top 1 PE candidates...

🧭 Checking momentum for NIFTY25D2325800PE (5 samples, every 1s):
⚙️ Checking momentum for top 1 CE candidates...

🧭 Checking momentum for NIFTY25D2325900CE (5 samples, every 1s):
[NIFTY25D2325800PE] ⏱ Sample 1/5: LTP = ₹90.25
[NIFTY25D2325900CE] ⏱ Sample 1/5: LTP = ₹102.45
[NIFTY25D2325800PE] ⏱ Sample 2/5: LTP = ₹89.95
[NIFTY25D2325900CE] ⏱ Sample 2/5: LTP = ₹102.30
[NIFTY25D2325800PE] ⏱ Sample 3/5: LTP = ₹89.65
[NIFTY25D2325900CE] ⏱ Sample 3/5: LTP = ₹102.60
[NIFTY25D2325800PE] ⏱ Sample 4/5: LTP = ₹89.50
[NIFTY25D2325900CE] ⏱ Sample 4/5: LTP = ₹102.05
[NIFTY25D2325800PE] ⏱ Sample 5/5: LTP = ₹90.20
[NIFTY25D2325900CE] ⏱ Sample 5/5: LTP = ₹102.00
[NIFTY25D2325800PE] 📊 Avg Δ = -0.093%, Consistency = 50.0% → FLAT
[NIFTY25D2325800PE] 📈 Range ₹90.25 → ₹90.20

⚠️ No strong momentum found for PE (>0.3%, consistency >70%)
📊 Running momentum check for PE (NIFTY25D2325800PE)

🧭 Checking momentum for NIFTY25D2325800PE (5 samples, every 1s):
[NIFTY25D2325800PE] ⏱ Sample 1/5: LTP = ₹90.50
[NIFTY25D2325900CE] 📊 Avg Δ = -0.114%, Consistency = 100.0% → FLAT
[NIFTY25D2325900CE] 📈 Range ₹102.45 → ₹102.00

⚠️ No strong momentum found for CE (>0.25%, consistency >70%)
📊 Running momentum check for CE (NIFTY25D2325900CE)

🧭 Checking momentum for NIFTY25D2325900CE (5 samples, every 1s):
[NIFTY25D2325900CE] ⏱ Sample 1/5: LTP = ₹102.55
[NIFTY25D2325800PE] ⏱ Sample 2/5: LTP = ₹90.35
[NIFTY25D2325900CE] ⏱ Sample 2/5: LTP = ₹102.70
[NIFTY25D2325800PE] ⏱ Sample 3/5: LTP = ₹90.40
[NIFTY25D2325900CE] ⏱ Sample 3/5: LTP = ₹102.10
[NIFTY25D2325800PE] ⏱ Sample 4/5: LTP = ₹91.00
[NIFTY25D2325900CE] ⏱ Sample 4/5: LTP = ₹101.80
[NIFTY25D2325800PE] ⏱ Sample 5/5: LTP = ₹90.95
[NIFTY25D2325900CE] ⏱ Sample 5/5: LTP = ₹102.30
[NIFTY25D2325800PE] 📊 Avg Δ = 0.203%, Consistency = 100.0% → FLAT
[NIFTY25D2325800PE] 📈 Range ₹90.50 → ₹90.95

✅ Momentum for PE: {'symbol': 'NIFTY25D2325800PE', 'avg_change': np.float64(0.203), 'consistency': np.float64(100.0), 'direction': 'FLAT'}
🧩 Finished PE: NIFTY25D2325800PE, momentum={'symbol': 'NIFTY25D2325800PE', 'avg_change': np.float64(0.203), 'consistency': np.float64(100.0), 'direction': 'FLAT'}
[NIFTY25D2325900CE] 📊 Avg Δ = -0.187%, Consistency = 100.0% → FLAT
[NIFTY25D2325900CE] 📈 Range ₹102.55 → ₹102.30

✅ Momentum for CE: {'symbol': 'NIFTY25D2325900CE', 'avg_change': np.float64(-0.187), 'consistency': np.float64(100.0), 'direction': 'FLAT'}
🧩 Finished CE: NIFTY25D2325900CE, momentum={'symbol': 'NIFTY25D2325900CE', 'avg_change': np.float64(-0.187), 'consistency': np.float64(100.0), 'direction': 'FLAT'}
🧮 Comparing CE vs PE momentum...
📈 CE momentum: -0.187% (FLAT, 100.0%)
📉 PE momentum: 0.203% (FLAT, 100.0%)
✅ Selected PE (stronger momentum)
✅ Selected: NIFTY25D2325800PE (PE) | LTP=91.85 | lot_size=75 | groww_symbol=NSE-NIFTY-23Dec25-25800-PE

🌀 Generated cURL for Groww Candle API:
curl --location 'https://api.groww.in/v1/historical/candles?exchange=NSE&segment=FNO&groww_symbol=NSE-NIFTY-23Dec25-25800-PE&start_time=2025-12-17 11:55:51&end_time=2025-12-17 11:58:51&candle_interval=1minute' \
  --header 'Accept: application/json' \
  --header 'Authorization: Bearer eyJraWQiOiJaTUtjVXciLCJhbGciOiJFUzI1NiJ9.eyJleHAiOjE3NjYwMTc4MDAsImlhdCI6MTc2NTk1MDc1OSwibmJmIjoxNzY1OTUwNzU5LCJzdWIiOiJ7XCJ0b2tlblJlZklkXCI6XCJmNzI4ZmIzYi0wNDZjLTQyZTYtYjYxMy01MzIzNzZmNGU4NDRcIixcInZlbmRvckludGVncmF0aW9uS2V5XCI6XCJlMzFmZjIzYjA4NmI0MDZjODg3NGIyZjZkODQ5NTMxM1wiLFwidXNlckFjY291bnRJZFwiOlwiMmVlMjYyMjItN2MwNS00Y2IwLWIwM2MtNzAzYWRmNWVmN2RkXCIsXCJkZXZpY2VJZFwiOlwiNWQwYzdjODgtMGI1OS01MDU0LTk5ZTYtYWU5MzY5OTc2ZmRiXCIsXCJzZXNzaW9uSWRcIjpcIjZlYzMwODRjLThiMDQtNGNlNS05ODllLTMzYWQwZmVmYWVkZFwiLFwiYWRkaXRpb25hbERhdGFcIjpcIno1NC9NZzltdjE2WXdmb0gvS0EwYktvMDZXRlpjc241VUNmTWF5aERtNGxSTkczdTlLa2pWZDNoWjU1ZStNZERhWXBOVi9UOUxIRmtQejFFQisybTdRPT1cIixcInJvbGVcIjpcIm9yZGVyLWJhc2ljLGxpdmVfZGF0YS1iYXNpYyxub25fdHJhZGluZy1iYXNpYyxvcmRlcl9yZWFkX29ubHktYmFzaWMsYmFja190ZXN0XCIsXCJzb3VyY2VJcEFkZHJlc3NcIjpudWxsLFwidHdvRmFFeHBpcnlUc1wiOjE3NjYwMTc4MDAwMDB9IiwiaXNzIjoiYXBleC1hdXRoLXByb2QtYXBwIn0.Ic17XMFGiNOzAMDYLmSYSKuph6MToKBhWJJBI0WSd0cvORMMrT8bbyj-Pt20pwVNgjZaKgHbUs7_8cTSxaigSw' \
  --header 'X-API-VERSION: 1.0'

📊 3-min candle trend → PE (O1=88.6, C3=91.3)
Market Direction: PE
✅ Market direction CONFIRMS momentum → proceeding with order.
➡️ Placing auto order: {'symbol': 'NIFTY25D2325800PE', 'ltp': 91.85, 'lots': 14, 'book_profit': 1050.0, 'lot_size': 75, 'side': 'BUY'} ====== [2025-12-17 11:58:52]
🔹 Auto order => NIFTY25D2325800PE, qty=1050, book@1050.0 ====== [2025-12-17 11:58:53]
💰 LTP for NSE_NIFTY25D2325800PE: ₹91.6 ====== [2025-12-17 11:58:54]
✅ Auto Buy placed: :{'groww_order_id': 'GMKFO251217115854L8P9MIJRAII2', 'order_status': 'NEW', 'order_reference_id': '47713070', 'remark': None} ======= [2025-12-17 11:58:55]
📈 Trailing started...
🔼 New High: ₹92.15
🔼 New High: ₹92.95
📉 Trail Active | LTP=92.95 | Exit=92.2
🔼 New High: ₹93.55
📉 Trail Active | LTP=93.55 | Exit=92.8
🔼 New High: ₹93.7
📉 Trail Active | LTP=93.7 | Exit=92.95
🔼 New High: ₹93.85
📉 Trail Active | LTP=93.85 | Exit=93.1
🔼 New High: ₹94.45
📉 Trail Active | LTP=94.45 | Exit=93.7
📉 Trail Active | LTP=94.45 | Exit=93.7
📉 Trail Active | LTP=93.35 | Exit=93.7
🔻 Trailing HIT @ 93.35
Waiting for 1 min to get another data.
Traceback (most recent call last):
  File "C:\Users\HITS\eclipse-workspace\Groww_Python_Trading_Bot\QA_env_sample_test_groww_option_trading_final_bot.py", line 1301, in <module>
    auto_mode_runner()
  File "C:\Users\HITS\eclipse-workspace\Groww_Python_Trading_Bot\QA_env_sample_test_groww_option_trading_final_bot.py", line 1281, in auto_mode_runner
    place_cp_order(order_details, is_auto=True)
  File "C:\Users\HITS\eclipse-workspace\Groww_Python_Trading_Bot\QA_env_sample_test_groww_option_trading_final_bot.py", line 1092, in place_cp_order
    time.sleep(60)
KeyboardInterrupt
