📝 Logging started. Log file: C:\Users\HITS\eclipse-workspace\Groww_Python_Trading_Bot\logs\Groww_Bot_2025-12-16_09-37-03.log
C:\Users\HITS\eclipse-workspace\Groww_Python_Trading_Bot\instrument.csv
Ready to Groww!
eyJraWQiOiJaTUtjVXciLCJhbGciOiJFUzI1NiJ9.eyJleHAiOjE3NjU5MzE0MDAsImlhdCI6MTc2NTg1ODAyMywibmJmIjoxNzY1ODU4MDIzLCJzdWIiOiJ7XCJ0b2tlblJlZklkXCI6XCIwMDQzOWMyNi05YmM4LTQ1NGYtOTYxOS05MDZjYTRjMGM5MDVcIixcInZlbmRvckludGVncmF0aW9uS2V5XCI6XCJlMzFmZjIzYjA4NmI0MDZjODg3NGIyZjZkODQ5NTMxM1wiLFwidXNlckFjY291bnRJZFwiOlwiMmVlMjYyMjItN2MwNS00Y2IwLWIwM2MtNzAzYWRmNWVmN2RkXCIsXCJkZXZpY2VJZFwiOlwiNWQwYzdjODgtMGI1OS01MDU0LTk5ZTYtYWU5MzY5OTc2ZmRiXCIsXCJzZXNzaW9uSWRcIjpcIjcyMmIwOTU2LWQyNTEtNGE3ZS05OTdhLTcyNDBiMWM5MTZjMFwiLFwiYWRkaXRpb25hbERhdGFcIjpcIno1NC9NZzltdjE2WXdmb0gvS0EwYktvMDZXRlpjc241VUNmTWF5aERtNGxSTkczdTlLa2pWZDNoWjU1ZStNZERhWXBOVi9UOUxIRmtQejFFQisybTdRPT1cIixcInJvbGVcIjpcIm9yZGVyLWJhc2ljLGxpdmVfZGF0YS1iYXNpYyxub25fdHJhZGluZy1iYXNpYyxvcmRlcl9yZWFkX29ubHktYmFzaWMsYmFja190ZXN0XCIsXCJzb3VyY2VJcEFkZHJlc3NcIjpudWxsLFwidHdvRmFFeHBpcnlUc1wiOjE3NjU5MzE0MDAwMDB9IiwiaXNzIjoiYXBleC1hdXRoLXByb2QtYXBwIn0.hcm9UPpX1mguBKZYvKeBIaTQ_ZXgfXlfKdmmtrMZpBjiF-scBVdJrs9CvpD_Ak56nKVuvBsv3TBCQXSRvgaQ2w
✅ Groww API Initialized Successfully
✅ Converted 'C:\Users\HITS\eclipse-workspace\Groww_Python_Trading_Bot\instrument.csv' → 'C:\Users\HITS\eclipse-workspace\Groww_Python_Trading_Bot\instrument.json'
📊 Live NIFTY Spot: 25904.45
✅ Converted 'C:\Users\HITS\eclipse-workspace\Groww_Python_Trading_Bot\instrument.csv' → 'C:\Users\HITS\eclipse-workspace\Groww_Python_Trading_Bot\instrument.json'
🎯 Filtering NIFTY 2025-12-16 instruments between 25400–26400 (Spot=25904.45)
✅ Loaded 316 filtered instruments (out of 149250)

✨ Groww NIFTY CP Bot Ready (Groww backend)
You can run in MANUAL or AUTO mode.
Manual example: Buy 14 NIFTY04NOV2525950CE at CP and Book at 1050

Choose mode: (m)anual / (a)uto / (q)uit: 
--- AUTO MODE (momentum + premium) ---
🔍 Detecting best option between CE and PE for NIFTY 2025-12-16…
➡️  Searching CE between 80-130
➡️  Searching PE between 80-130
⚙️ Checking momentum for top 1 CE candidates...

🧭 Checking momentum for NIFTY25D1625850CE (5 samples, every 1s):
[NIFTY25D1625850CE] ⏱ Sample 1/5: LTP = ₹91.55
[NIFTY25D1625850CE] ⏱ Sample 2/5: LTP = ₹91.65
[NIFTY25D1625850CE] ⏱ Sample 3/5: LTP = ₹91.40
⚙️ Checking momentum for top 1 PE candidates...

🧭 Checking momentum for NIFTY25D1626000PE (5 samples, every 1s):
[NIFTY25D1626000PE] ⏱ Sample 1/5: LTP = ₹99.80
[NIFTY25D1625850CE] ⏱ Sample 4/5: LTP = ₹91.80
[NIFTY25D1626000PE] ⏱ Sample 2/5: LTP = ₹99.50
[NIFTY25D1625850CE] ⏱ Sample 5/5: LTP = ₹91.80
[NIFTY25D1626000PE] ⏱ Sample 3/5: LTP = ₹99.80
[NIFTY25D1625850CE] 📊 Avg Δ = 0.073%, Consistency = 100.0% → FLAT
[NIFTY25D1625850CE] 📈 Range ₹91.55 → ₹91.80

⚠️ No strong momentum found for CE (>0.25%, consistency >70%)
📊 Running momentum check for CE (NIFTY25D1625850CE)

🧭 Checking momentum for NIFTY25D1625850CE (5 samples, every 1s):
[NIFTY25D1625850CE] ⏱ Sample 1/5: LTP = ₹91.20
[NIFTY25D1626000PE] ⏱ Sample 4/5: LTP = ₹100.55
[NIFTY25D1625850CE] ⏱ Sample 2/5: LTP = ₹91.60
[NIFTY25D1626000PE] ⏱ Sample 5/5: LTP = ₹100.15
[NIFTY25D1625850CE] ⏱ Sample 3/5: LTP = ₹91.30
[NIFTY25D1626000PE] 📊 Avg Δ = 0.234%, Consistency = 100.0% → FLAT
[NIFTY25D1626000PE] 📈 Range ₹99.80 → ₹100.15

⚠️ No strong momentum found for PE (>0.3%, consistency >70%)
📊 Running momentum check for PE (NIFTY25D1626000PE)

🧭 Checking momentum for NIFTY25D1626000PE (5 samples, every 1s):
[NIFTY25D1626000PE] ⏱ Sample 1/5: LTP = ₹100.55
[NIFTY25D1625850CE] ⏱ Sample 4/5: LTP = ₹91.25
[NIFTY25D1626000PE] ⏱ Sample 2/5: LTP = ₹99.80
[NIFTY25D1625850CE] ⏱ Sample 5/5: LTP = ₹90.15
[NIFTY25D1626000PE] ⏱ Sample 3/5: LTP = ₹101.35
[NIFTY25D1625850CE] 📊 Avg Δ = -0.255%, Consistency = 50.0% → FLAT
[NIFTY25D1625850CE] 📈 Range ₹91.20 → ₹90.15

✅ Momentum for CE: {'symbol': 'NIFTY25D1625850CE', 'avg_change': np.float64(-0.255), 'consistency': np.float64(50.0), 'direction': 'FLAT'}
🧩 Finished CE: NIFTY25D1625850CE, momentum={'symbol': 'NIFTY25D1625850CE', 'avg_change': np.float64(-0.255), 'consistency': np.float64(50.0), 'direction': 'FLAT'}
[NIFTY25D1626000PE] ⏱ Sample 4/5: LTP = ₹101.70
[NIFTY25D1626000PE] ⏱ Sample 5/5: LTP = ₹101.60
[NIFTY25D1626000PE] 📊 Avg Δ = 0.488%, Consistency = 100.0% → UP
[NIFTY25D1626000PE] 📈 Range ₹100.55 → ₹101.60

✅ Momentum for PE: {'symbol': 'NIFTY25D1626000PE', 'avg_change': np.float64(0.488), 'consistency': np.float64(100.0), 'direction': 'UP'}
🧩 Finished PE: NIFTY25D1626000PE, momentum={'symbol': 'NIFTY25D1626000PE', 'avg_change': np.float64(0.488), 'consistency': np.float64(100.0), 'direction': 'UP'}
🧮 Comparing CE vs PE momentum...
📈 CE momentum: -0.255% (FLAT, 50.0%)
📉 PE momentum: 0.488% (UP, 100.0%)
✅ Selected PE (stronger momentum)
✅ Selected: NIFTY25D1626000PE (PE) | LTP=99.05 | lot_size=75 | groww_symbol=NSE-NIFTY-16Dec25-26000-PE

🌀 Generated cURL for Groww Candle API:
curl --location 'https://api.groww.in/v1/historical/candles?exchange=NSE&segment=FNO&groww_symbol=NSE-NIFTY-16Dec25-26000-PE&start_time=2025-12-16 09:35:02&end_time=2025-12-16 09:38:02&candle_interval=1minute' \
  --header 'Accept: application/json' \
  --header 'Authorization: Bearer eyJraWQiOiJaTUtjVXciLCJhbGciOiJFUzI1NiJ9.eyJleHAiOjE3NjU5MzE0MDAsImlhdCI6MTc2NTg1ODAyMywibmJmIjoxNzY1ODU4MDIzLCJzdWIiOiJ7XCJ0b2tlblJlZklkXCI6XCIwMDQzOWMyNi05YmM4LTQ1NGYtOTYxOS05MDZjYTRjMGM5MDVcIixcInZlbmRvckludGVncmF0aW9uS2V5XCI6XCJlMzFmZjIzYjA4NmI0MDZjODg3NGIyZjZkODQ5NTMxM1wiLFwidXNlckFjY291bnRJZFwiOlwiMmVlMjYyMjItN2MwNS00Y2IwLWIwM2MtNzAzYWRmNWVmN2RkXCIsXCJkZXZpY2VJZFwiOlwiNWQwYzdjODgtMGI1OS01MDU0LTk5ZTYtYWU5MzY5OTc2ZmRiXCIsXCJzZXNzaW9uSWRcIjpcIjcyMmIwOTU2LWQyNTEtNGE3ZS05OTdhLTcyNDBiMWM5MTZjMFwiLFwiYWRkaXRpb25hbERhdGFcIjpcIno1NC9NZzltdjE2WXdmb0gvS0EwYktvMDZXRlpjc241VUNmTWF5aERtNGxSTkczdTlLa2pWZDNoWjU1ZStNZERhWXBOVi9UOUxIRmtQejFFQisybTdRPT1cIixcInJvbGVcIjpcIm9yZGVyLWJhc2ljLGxpdmVfZGF0YS1iYXNpYyxub25fdHJhZGluZy1iYXNpYyxvcmRlcl9yZWFkX29ubHktYmFzaWMsYmFja190ZXN0XCIsXCJzb3VyY2VJcEFkZHJlc3NcIjpudWxsLFwidHdvRmFFeHBpcnlUc1wiOjE3NjU5MzE0MDAwMDB9IiwiaXNzIjoiYXBleC1hdXRoLXByb2QtYXBwIn0.hcm9UPpX1mguBKZYvKeBIaTQ_ZXgfXlfKdmmtrMZpBjiF-scBVdJrs9CvpD_Ak56nKVuvBsv3TBCQXSRvgaQ2w' \
  --header 'X-API-VERSION: 1.0'

📊 3-min candle trend → CE (O1=103.6, C3=100.35)
Market Direction: CE
❌ Skipping trade — market direction conflicts with momentum.
Waiting for 3 mins to get another data.
Traceback (most recent call last):
  File "C:\Users\HITS\eclipse-workspace\Groww_Python_Trading_Bot\PROD_working_trailling_profit_bot.py", line 1299, in <module>
    auto_mode_runner()
  File "C:\Users\HITS\eclipse-workspace\Groww_Python_Trading_Bot\PROD_working_trailling_profit_bot.py", line 1283, in auto_mode_runner
    time.sleep(180)
KeyboardInterrupt
