📝 Logging started. Log file: C:\Users\HITS\eclipse-workspace\Groww_Python_Trading_Bot\logs\Groww_Bot_2025-12-15_09-58-39.log
C:\Users\HITS\eclipse-workspace\Groww_Python_Trading_Bot\instrument.csv
Ready to Groww!
eyJraWQiOiJaTUtjVXciLCJhbGciOiJFUzI1NiJ9.eyJleHAiOjE3NjU4NDUwMDAsImlhdCI6MTc2NTc3MjkxOSwibmJmIjoxNzY1NzcyOTE5LCJzdWIiOiJ7XCJ0b2tlblJlZklkXCI6XCJiNmM4N2VjMy0yNjY2LTRiOWItODQ3OC1kMGYzNzQ2MmI0MWRcIixcInZlbmRvckludGVncmF0aW9uS2V5XCI6XCJlMzFmZjIzYjA4NmI0MDZjODg3NGIyZjZkODQ5NTMxM1wiLFwidXNlckFjY291bnRJZFwiOlwiMmVlMjYyMjItN2MwNS00Y2IwLWIwM2MtNzAzYWRmNWVmN2RkXCIsXCJkZXZpY2VJZFwiOlwiNWQwYzdjODgtMGI1OS01MDU0LTk5ZTYtYWU5MzY5OTc2ZmRiXCIsXCJzZXNzaW9uSWRcIjpcIjRhYmQxNmY5LTIyNGYtNDk0MS04NGM5LTI4NWQ5OWM2MDIwN1wiLFwiYWRkaXRpb25hbERhdGFcIjpcIno1NC9NZzltdjE2WXdmb0gvS0EwYktvMDZXRlpjc241VUNmTWF5aERtNGxSTkczdTlLa2pWZDNoWjU1ZStNZERhWXBOVi9UOUxIRmtQejFFQisybTdRPT1cIixcInJvbGVcIjpcIm9yZGVyLWJhc2ljLGxpdmVfZGF0YS1iYXNpYyxub25fdHJhZGluZy1iYXNpYyxvcmRlcl9yZWFkX29ubHktYmFzaWMsYmFja190ZXN0XCIsXCJzb3VyY2VJcEFkZHJlc3NcIjpudWxsLFwidHdvRmFFeHBpcnlUc1wiOjE3NjU4NDUwMDAwMDB9IiwiaXNzIjoiYXBleC1hdXRoLXByb2QtYXBwIn0.bvQPzQL9DdXuYjksytqy5P2fNd9mKUrjQQugk8rsmvMcq78Qg1rKmnFbHnDzXSDdXic5yPFbE8gNp_PC3yHAow
✅ Groww API Initialized Successfully
✅ Converted 'C:\Users\HITS\eclipse-workspace\Groww_Python_Trading_Bot\instrument.csv' → 'C:\Users\HITS\eclipse-workspace\Groww_Python_Trading_Bot\instrument.json'
📊 Live NIFTY Spot: 25947.15
✅ Converted 'C:\Users\HITS\eclipse-workspace\Groww_Python_Trading_Bot\instrument.csv' → 'C:\Users\HITS\eclipse-workspace\Groww_Python_Trading_Bot\instrument.json'
🎯 Filtering NIFTY 2025-12-16 instruments between 25450–26450 (Spot=25947.15)
✅ Loaded 316 filtered instruments (out of 149250)

✨ Groww NIFTY CP Bot Ready (Groww backend)
You can run in MANUAL or AUTO mode.
Manual example: Buy 14 NIFTY04NOV2525950CE at CP and Book at 1050

Choose mode: (m)anual / (a)uto / (q)uit: 
--- AUTO MODE (momentum + premium) ---
🔍 Detecting best option between CE and PE for NIFTY 2025-12-16…
➡️  Searching CE between 80-130
➡️  Searching PE between 80-130
⚙️ Checking momentum for top 1 CE candidates...

🧭 Checking momentum for NIFTY25D1625900CE (5 samples, every 1s):
⚙️ Checking momentum for top 2 PE candidates...

🧭 Checking momentum for NIFTY25D1626000PE (5 samples, every 1s):

🧭 Checking momentum for NIFTY25D1626050PE (5 samples, every 1s):
[NIFTY25D1625900CE] ⏱ Sample 1/5: LTP = ₹102.30
[NIFTY25D1626000PE] ⏱ Sample 1/5: LTP = ₹98.80
⚠️ Error fetching LTP for NIFTY25D1626050PE: HTTPSConnectionPool(host='api.groww.in', port=443): Read timed out. (read timeout=10)
[NIFTY25D1626050PE] ⚠️ Sample 1/5: Failed to fetch LTP
[NIFTY25D1625900CE] ⏱ Sample 2/5: LTP = ₹103.65
[NIFTY25D1626000PE] ⏱ Sample 2/5: LTP = ₹96.95
[NIFTY25D1626050PE] ⏱ Sample 2/5: LTP = ₹129.35
[NIFTY25D1625900CE] ⏱ Sample 3/5: LTP = ₹103.25
[NIFTY25D1626000PE] ⏱ Sample 3/5: LTP = ₹97.20
[NIFTY25D1626050PE] ⏱ Sample 3/5: LTP = ₹129.65
[NIFTY25D1625900CE] ⏱ Sample 4/5: LTP = ₹103.50
[NIFTY25D1626000PE] ⏱ Sample 4/5: LTP = ₹96.95
[NIFTY25D1626050PE] ⏱ Sample 4/5: LTP = ₹129.20
[NIFTY25D1625900CE] ⏱ Sample 5/5: LTP = ₹103.60
[NIFTY25D1626000PE] ⏱ Sample 5/5: LTP = ₹96.50
[NIFTY25D1625900CE] 📊 Avg Δ = 0.186%, Consistency = 50.0% → FLAT
[NIFTY25D1625900CE] 📈 Range ₹102.30 → ₹103.60

⚠️ No strong momentum found for CE (>0.25%, consistency >70%)
📊 Running momentum check for CE (NIFTY25D1625900CE)

🧭 Checking momentum for NIFTY25D1625900CE (5 samples, every 1s):
[NIFTY25D1626050PE] ⏱ Sample 5/5: LTP = ₹129.00
[NIFTY25D1626000PE] 📊 Avg Δ = -0.393%, Consistency = 100.0% → DOWN
[NIFTY25D1626000PE] 📈 Range ₹98.80 → ₹96.50

[NIFTY25D1625900CE] ⏱ Sample 1/5: LTP = ₹103.60
[NIFTY25D1626050PE] ⚠️ Too noisy for reliable momentum reading
🏆 Selected PE: NIFTY25D1626000PE (DOWN | -0.39% | Consistency 100.0%)
📊 Running momentum check for PE (NIFTY25D1626000PE)

🧭 Checking momentum for NIFTY25D1626000PE (5 samples, every 1s):
[NIFTY25D1626000PE] ⏱ Sample 1/5: LTP = ₹96.55
[NIFTY25D1625900CE] ⏱ Sample 2/5: LTP = ₹103.75
[NIFTY25D1626000PE] ⏱ Sample 2/5: LTP = ₹96.70
⚠️ Error fetching LTP for NIFTY25D1625900CE: HTTPSConnectionPool(host='api.groww.in', port=443): Read timed out. (read timeout=10)
[NIFTY25D1625900CE] ⚠️ Sample 3/5: Failed to fetch LTP
[NIFTY25D1626000PE] ⏱ Sample 3/5: LTP = ₹96.95
[NIFTY25D1625900CE] ⏱ Sample 4/5: LTP = ₹103.90
[NIFTY25D1626000PE] ⏱ Sample 4/5: LTP = ₹96.85
[NIFTY25D1625900CE] ⏱ Sample 5/5: LTP = ₹103.00
[NIFTY25D1625900CE] ⚠️ Too noisy for reliable momentum reading
✅ Momentum for CE: None
🧩 Finished CE: NIFTY25D1625900CE, momentum=None
[NIFTY25D1626000PE] ⏱ Sample 5/5: LTP = ₹98.10
[NIFTY25D1626000PE] 📊 Avg Δ = 0.293%, Consistency = 100.0% → UP
[NIFTY25D1626000PE] 📈 Range ₹96.55 → ₹98.10

✅ Momentum for PE: {'symbol': 'NIFTY25D1626000PE', 'avg_change': np.float64(0.293), 'consistency': np.float64(100.0), 'direction': 'UP'}
🧩 Finished PE: NIFTY25D1626000PE, momentum={'symbol': 'NIFTY25D1626000PE', 'avg_change': np.float64(0.293), 'consistency': np.float64(100.0), 'direction': 'UP'}
🧮 Comparing CE vs PE momentum...
✅ Selected: NIFTY25D1626000PE (PE) | LTP=98.3 | lot_size=75 | groww_symbol=NSE-NIFTY-16Dec25-26000-PE

🌀 Generated cURL for Groww Candle API:
curl --location 'https://api.groww.in/v1/historical/candles?exchange=NSE&segment=FNO&groww_symbol=NSE-NIFTY-16Dec25-26000-PE&start_time=2025-12-15 09:57:01&end_time=2025-12-15 10:00:01&candle_interval=1minute' \
  --header 'Accept: application/json' \
  --header 'Authorization: Bearer eyJraWQiOiJaTUtjVXciLCJhbGciOiJFUzI1NiJ9.eyJleHAiOjE3NjU4NDUwMDAsImlhdCI6MTc2NTc3MjkxOSwibmJmIjoxNzY1NzcyOTE5LCJzdWIiOiJ7XCJ0b2tlblJlZklkXCI6XCJiNmM4N2VjMy0yNjY2LTRiOWItODQ3OC1kMGYzNzQ2MmI0MWRcIixcInZlbmRvckludGVncmF0aW9uS2V5XCI6XCJlMzFmZjIzYjA4NmI0MDZjODg3NGIyZjZkODQ5NTMxM1wiLFwidXNlckFjY291bnRJZFwiOlwiMmVlMjYyMjItN2MwNS00Y2IwLWIwM2MtNzAzYWRmNWVmN2RkXCIsXCJkZXZpY2VJZFwiOlwiNWQwYzdjODgtMGI1OS01MDU0LTk5ZTYtYWU5MzY5OTc2ZmRiXCIsXCJzZXNzaW9uSWRcIjpcIjRhYmQxNmY5LTIyNGYtNDk0MS04NGM5LTI4NWQ5OWM2MDIwN1wiLFwiYWRkaXRpb25hbERhdGFcIjpcIno1NC9NZzltdjE2WXdmb0gvS0EwYktvMDZXRlpjc241VUNmTWF5aERtNGxSTkczdTlLa2pWZDNoWjU1ZStNZERhWXBOVi9UOUxIRmtQejFFQisybTdRPT1cIixcInJvbGVcIjpcIm9yZGVyLWJhc2ljLGxpdmVfZGF0YS1iYXNpYyxub25fdHJhZGluZy1iYXNpYyxvcmRlcl9yZWFkX29ubHktYmFzaWMsYmFja190ZXN0XCIsXCJzb3VyY2VJcEFkZHJlc3NcIjpudWxsLFwidHdvRmFFeHBpcnlUc1wiOjE3NjU4NDUwMDAwMDB9IiwiaXNzIjoiYXBleC1hdXRoLXByb2QtYXBwIn0.bvQPzQL9DdXuYjksytqy5P2fNd9mKUrjQQugk8rsmvMcq78Qg1rKmnFbHnDzXSDdXic5yPFbE8gNp_PC3yHAow' \
  --header 'X-API-VERSION: 1.0'

📊 3-min candle trend → CE (O1=104.35, C3=98.1)
Market Direction: CE
❌ Skipping trade — market direction conflicts with momentum.
Waiting for 3 mins to get another data.
Traceback (most recent call last):
  File "C:\Users\HITS\eclipse-workspace\Groww_Python_Trading_Bot\PROD_working_trailling_profit_bot.py", line 1295, in <module>
    auto_mode_runner()
  File "C:\Users\HITS\eclipse-workspace\Groww_Python_Trading_Bot\PROD_working_trailling_profit_bot.py", line 1279, in auto_mode_runner
    time.sleep(180)
KeyboardInterrupt
