📝 Logging started. Log file: C:\Users\HITS\eclipse-workspace\Groww_Python_Trading_Bot\logs\Groww_Bot_2025-12-18_14-32-22.log
C:\Users\HITS\eclipse-workspace\Groww_Python_Trading_Bot\instrument.csv
Ready to Groww!
eyJraWQiOiJaTUtjVXciLCJhbGciOiJFUzI1NiJ9.eyJleHAiOjE3NjYxMDQyMDAsImlhdCI6MTc2NjA0ODU0NiwibmJmIjoxNzY2MDQ4NTQ2LCJzdWIiOiJ7XCJ0b2tlblJlZklkXCI6XCI5MzRmNWFjMi1iZGEzLTRmZWYtYWM0Mi1kMGE1OTEyMzYzNzhcIixcInZlbmRvckludGVncmF0aW9uS2V5XCI6XCJlMzFmZjIzYjA4NmI0MDZjODg3NGIyZjZkODQ5NTMxM1wiLFwidXNlckFjY291bnRJZFwiOlwiMmVlMjYyMjItN2MwNS00Y2IwLWIwM2MtNzAzYWRmNWVmN2RkXCIsXCJkZXZpY2VJZFwiOlwiNWQwYzdjODgtMGI1OS01MDU0LTk5ZTYtYWU5MzY5OTc2ZmRiXCIsXCJzZXNzaW9uSWRcIjpcIjY2MjA1YjkxLWY2YTktNDcxMi1hOTYzLThjZmJhZTc2NGRmZlwiLFwiYWRkaXRpb25hbERhdGFcIjpcIno1NC9NZzltdjE2WXdmb0gvS0EwYktvMDZXRlpjc241VUNmTWF5aERtNGxSTkczdTlLa2pWZDNoWjU1ZStNZERhWXBOVi9UOUxIRmtQejFFQisybTdRPT1cIixcInJvbGVcIjpcIm9yZGVyLWJhc2ljLGxpdmVfZGF0YS1iYXNpYyxub25fdHJhZGluZy1iYXNpYyxvcmRlcl9yZWFkX29ubHktYmFzaWMsYmFja190ZXN0XCIsXCJzb3VyY2VJcEFkZHJlc3NcIjpudWxsLFwidHdvRmFFeHBpcnlUc1wiOjE3NjYxMDQyMDAwMDB9IiwiaXNzIjoiYXBleC1hdXRoLXByb2QtYXBwIn0.IwztPE59eBj4IdpDpKoVxvcDxK-Vrzw4lXyHjgfDWOs4CoV0dwVmjmYHrxyPOJa_IJdB01W2HasviOUXHE4ZEg
✅ Groww API Initialized Successfully
✅ Converted 'C:\Users\HITS\eclipse-workspace\Groww_Python_Trading_Bot\instrument.csv' → 'C:\Users\HITS\eclipse-workspace\Groww_Python_Trading_Bot\instrument.json'
📊 Live NIFTY Spot: 25819.35
✅ Converted 'C:\Users\HITS\eclipse-workspace\Groww_Python_Trading_Bot\instrument.csv' → 'C:\Users\HITS\eclipse-workspace\Groww_Python_Trading_Bot\instrument.json'
🎯 Filtering NIFTY 2025-12-23 instruments between 25300–26300 (Spot=25819.35)
✅ Loaded 316 filtered instruments (out of 149250)

✨ Groww NIFTY CP Bot Ready (Groww backend)
You can run in MANUAL or AUTO mode.
Manual example: Buy 14 NIFTY04NOV2525950CE at CP and Book at 1050

Choose mode: (m)anual / (a)uto / (q)uit: 
--- AUTO MODE (momentum + premium) ---
🔍 Detecting best option between CE and PE for NIFTY 2025-12-23…
➡️  Searching CE between 80-130
➡️  Searching PE between 80-130
⚙️ Checking momentum for top 1 CE candidates...

🧭 Checking momentum for NIFTY25D2325850CE (5 samples, every 1s):
[NIFTY25D2325850CE] ⏱ Sample 1/5: LTP = ₹96.45
⚙️ Checking momentum for top 1 PE candidates...

🧭 Checking momentum for NIFTY25D2325850PE (5 samples, every 1s):
[NIFTY25D2325850CE] ⏱ Sample 2/5: LTP = ₹96.65
[NIFTY25D2325850PE] ⏱ Sample 1/5: LTP = ₹99.05
[NIFTY25D2325850CE] ⏱ Sample 3/5: LTP = ₹96.15
[NIFTY25D2325850PE] ⏱ Sample 2/5: LTP = ₹99.60
[NIFTY25D2325850CE] ⏱ Sample 4/5: LTP = ₹95.90
[NIFTY25D2325850PE] ⏱ Sample 3/5: LTP = ₹100.05
[NIFTY25D2325850CE] ⏱ Sample 5/5: LTP = ₹96.10
[NIFTY25D2325850CE] 📊 Avg Δ = -0.190%, Consistency = 100.0% → FLAT
[NIFTY25D2325850CE] 📈 Range ₹96.45 → ₹96.10

⚠️ No strong momentum found for CE (>0.25%, consistency >70%)
📊 Running momentum check for CE (NIFTY25D2325850CE)

🧭 Checking momentum for NIFTY25D2325850CE (5 samples, every 1s):
[NIFTY25D2325850PE] ⏱ Sample 4/5: LTP = ₹100.95
[NIFTY25D2325850CE] ⏱ Sample 1/5: LTP = ₹94.80
[NIFTY25D2325850PE] ⏱ Sample 5/5: LTP = ₹100.60
[NIFTY25D2325850CE] ⏱ Sample 2/5: LTP = ₹95.05
[NIFTY25D2325850PE] 📊 Avg Δ = 0.484%, Consistency = 100.0% → UP
[NIFTY25D2325850PE] 📈 Range ₹99.05 → ₹100.60

🏆 Selected PE: NIFTY25D2325850PE (UP | 0.48% | Consistency 100.0%)
📊 Running momentum check for PE (NIFTY25D2325850PE)

🧭 Checking momentum for NIFTY25D2325850PE (5 samples, every 1s):
[NIFTY25D2325850PE] ⏱ Sample 1/5: LTP = ₹101.30
[NIFTY25D2325850CE] ⏱ Sample 3/5: LTP = ₹95.35
[NIFTY25D2325850PE] ⏱ Sample 2/5: LTP = ₹100.70
[NIFTY25D2325850CE] ⏱ Sample 4/5: LTP = ₹95.75
[NIFTY25D2325850PE] ⏱ Sample 3/5: LTP = ₹100.05
[NIFTY25D2325850CE] ⏱ Sample 5/5: LTP = ₹96.05
[NIFTY25D2325850CE] 📊 Avg Δ = 0.341%, Consistency = 100.0% → UP
[NIFTY25D2325850CE] 📈 Range ₹94.80 → ₹96.05

✅ Momentum for CE: {'symbol': 'NIFTY25D2325850CE', 'avg_change': np.float64(0.341), 'consistency': np.float64(100.0), 'direction': 'UP'}
🧩 Finished CE: NIFTY25D2325850CE, momentum={'symbol': 'NIFTY25D2325850CE', 'avg_change': np.float64(0.341), 'consistency': np.float64(100.0), 'direction': 'UP'}
[NIFTY25D2325850PE] ⏱ Sample 4/5: LTP = ₹100.15
[NIFTY25D2325850PE] ⏱ Sample 5/5: LTP = ₹99.90
[NIFTY25D2325850PE] 📊 Avg Δ = -0.323%, Consistency = 100.0% → DOWN
[NIFTY25D2325850PE] 📈 Range ₹101.30 → ₹99.90

✅ Momentum for PE: {'symbol': 'NIFTY25D2325850PE', 'avg_change': np.float64(-0.323), 'consistency': np.float64(100.0), 'direction': 'DOWN'}
🧩 Finished PE: NIFTY25D2325850PE, momentum={'symbol': 'NIFTY25D2325850PE', 'avg_change': np.float64(-0.323), 'consistency': np.float64(100.0), 'direction': 'DOWN'}
🧮 Comparing CE vs PE momentum...
📈 CE momentum: 0.341% (UP, 100.0%)
📉 PE momentum: -0.323% (DOWN, 100.0%)
✅ Selected CE (stronger momentum)
✅ Selected: NIFTY25D2325850CE (CE) | LTP=97.0 | lot_size=75 | groww_symbol=NSE-NIFTY-23Dec25-25850-CE

🌀 Generated cURL for Groww Candle API:
curl --location 'https://api.groww.in/v1/historical/candles?exchange=NSE&segment=FNO&groww_symbol=NSE-NIFTY-23Dec25-25850-CE&start_time=2025-12-18 14:31:16&end_time=2025-12-18 14:34:16&candle_interval=1minute' \
  --header 'Accept: application/json' \
  --header 'Authorization: Bearer eyJraWQiOiJaTUtjVXciLCJhbGciOiJFUzI1NiJ9.eyJleHAiOjE3NjYxMDQyMDAsImlhdCI6MTc2NjA0ODU0NiwibmJmIjoxNzY2MDQ4NTQ2LCJzdWIiOiJ7XCJ0b2tlblJlZklkXCI6XCI5MzRmNWFjMi1iZGEzLTRmZWYtYWM0Mi1kMGE1OTEyMzYzNzhcIixcInZlbmRvckludGVncmF0aW9uS2V5XCI6XCJlMzFmZjIzYjA4NmI0MDZjODg3NGIyZjZkODQ5NTMxM1wiLFwidXNlckFjY291bnRJZFwiOlwiMmVlMjYyMjItN2MwNS00Y2IwLWIwM2MtNzAzYWRmNWVmN2RkXCIsXCJkZXZpY2VJZFwiOlwiNWQwYzdjODgtMGI1OS01MDU0LTk5ZTYtYWU5MzY5OTc2ZmRiXCIsXCJzZXNzaW9uSWRcIjpcIjY2MjA1YjkxLWY2YTktNDcxMi1hOTYzLThjZmJhZTc2NGRmZlwiLFwiYWRkaXRpb25hbERhdGFcIjpcIno1NC9NZzltdjE2WXdmb0gvS0EwYktvMDZXRlpjc241VUNmTWF5aERtNGxSTkczdTlLa2pWZDNoWjU1ZStNZERhWXBOVi9UOUxIRmtQejFFQisybTdRPT1cIixcInJvbGVcIjpcIm9yZGVyLWJhc2ljLGxpdmVfZGF0YS1iYXNpYyxub25fdHJhZGluZy1iYXNpYyxvcmRlcl9yZWFkX29ubHktYmFzaWMsYmFja190ZXN0XCIsXCJzb3VyY2VJcEFkZHJlc3NcIjpudWxsLFwidHdvRmFFeHBpcnlUc1wiOjE3NjYxMDQyMDAwMDB9IiwiaXNzIjoiYXBleC1hdXRoLXByb2QtYXBwIn0.IwztPE59eBj4IdpDpKoVxvcDxK-Vrzw4lXyHjgfDWOs4CoV0dwVmjmYHrxyPOJa_IJdB01W2HasviOUXHE4ZEg' \
  --header 'X-API-VERSION: 1.0'

📊 3-min candle trend → CE (O1=93.15, C3=95.8)
Market Direction: CE
✅ Market direction CONFIRMS momentum CE → proceeding with order.
user_confirmation_needed : False
➡️ Placing auto order: {'symbol': 'NIFTY25D2325850CE', 'ltp': 97.0, 'lots': 14, 'book_profit': 1050.0, 'lot_size': 75, 'side': 'BUY'} ====== [2025-12-18 14:34:28]
⚠️ Telegram Error: ('Connection aborted.', ConnectionAbortedError(10053, 'An established connection was aborted by the software in your host machine', None, 10053, None))
🔹 Auto order => NIFTY25D2325850CE, qty=1050, book@1050.0 ====== [2025-12-18 14:34:44]
⚠️ Error fetching LTP for NIFTY25D2325850CE: HTTPSConnectionPool(host='api.groww.in', port=443): Max retries exceeded with url: /v1/live-data/ltp?segment=FNO&exchange_symbols=NSE_NIFTY25D2325850CE (Caused by NameResolutionError("<urllib3.connection.HTTPSConnection object at 0x0000012D8F4BB440>: Failed to resolve 'api.groww.in' ([Errno 11001] getaddrinfo failed)"))
❌ Could not fetch LTP before placing order.
🔍 Detecting best option between CE and PE for NIFTY 2025-12-23…
➡️  Searching CE between 80-130
➡️  Searching PE between 80-130
⚠️ Error fetching LTP for NIFTY25D2325300CE: HTTPSConnectionPool(host='api.groww.in', port=443): Max retries exceeded with url: /v1/live-data/ltp?segment=FNO&exchange_symbols=NSE_NIFTY25D2325300CE (Caused by NameResolutionError("<urllib3.connection.HTTPSConnection object at 0x0000012D8F4BBEC0>: Failed to resolve 'api.groww.in' ([Errno 11001] getaddrinfo failed)"))
⚠️ Error fetching LTP for NIFTY25D2326050PE: HTTPSConnectionPool(host='api.groww.in', port=443): Max retries exceeded with url: /v1/live-data/ltp?segment=FNO&exchange_symbols=NSE_NIFTY25D2326050PE (Caused by NameResolutionError("<urllib3.connection.HTTPSConnection object at 0x0000012D8F4B8800>: Failed to resolve 'api.groww.in' ([Errno 11001] getaddrinfo failed)"))
⚠️ Error fetching LTP for NIFTY25D2326100CE: HTTPSConnectionPool(host='api.groww.in', port=443): Max retries exceeded with url: /v1/live-data/ltp?segment=FNO&exchange_symbols=NSE_NIFTY25D2326100CE (Caused by NameResolutionError("<urllib3.connection.HTTPSConnection object at 0x0000012D8F4BB1D0>: Failed to resolve 'api.groww.in' ([Errno 11001] getaddrinfo failed)"))
⚠️ Error fetching LTP for NIFTY25D2325950PE: HTTPSConnectionPool(host='api.groww.in', port=443): Max retries exceeded with url: /v1/live-data/ltp?segment=FNO&exchange_symbols=NSE_NIFTY25D2325950PE (Caused by NameResolutionError("<urllib3.connection.HTTPSConnection object at 0x0000012D8FAEC470>: Failed to resolve 'api.groww.in' ([Errno 11001] getaddrinfo failed)"))
⚠️ Error fetching LTP for NIFTY25D2325700CE: HTTPSConnectionPool(host='api.groww.in', port=443): Max retries exceeded with url: /v1/live-data/ltp?segment=FNO&exchange_symbols=NSE_NIFTY25D2325700CE (Caused by NameResolutionError("<urllib3.connection.HTTPSConnection object at 0x0000012D8FAECE00>: Failed to resolve 'api.groww.in' ([Errno 11001] getaddrinfo failed)"))
⚠️ Error fetching LTP for NIFTY25D2326000PE: HTTPSConnectionPool(host='api.groww.in', port=443): Max retries exceeded with url: /v1/live-data/ltp?segment=FNO&exchange_symbols=NSE_NIFTY25D2326000PE (Caused by NameResolutionError("<urllib3.connection.HTTPSConnection object at 0x0000012D8FAED940>: Failed to resolve 'api.groww.in' ([Errno 11001] getaddrinfo failed)"))
⚠️ Error fetching LTP for NIFTY25D2325350CE: HTTPSConnectionPool(host='api.groww.in', port=443): Max retries exceeded with url: /v1/live-data/ltp?segment=FNO&exchange_symbols=NSE_NIFTY25D2325350CE (Caused by NameResolutionError("<urllib3.connection.HTTPSConnection object at 0x0000012D8F4BBDA0>: Failed to resolve 'api.groww.in' ([Errno 11001] getaddrinfo failed)"))
⚠️ Error fetching LTP for NIFTY25D2325600PE: HTTPSConnectionPool(host='api.groww.in', port=443): Max retries exceeded with url: /v1/live-data/ltp?segment=FNO&exchange_symbols=NSE_NIFTY25D2325600PE (Caused by NameResolutionError("<urllib3.connection.HTTPSConnection object at 0x0000012D8F4BB740>: Failed to resolve 'api.groww.in' ([Errno 11001] getaddrinfo failed)"))
⚠️ Error fetching LTP for NIFTY25D2326150CE: HTTPSConnectionPool(host='api.groww.in', port=443): Max retries exceeded with url: /v1/live-data/ltp?segment=FNO&exchange_symbols=NSE_NIFTY25D2326150CE (Caused by NameResolutionError("<urllib3.connection.HTTPSConnection object at 0x0000012D8FAED280>: Failed to resolve 'api.groww.in' ([Errno 11001] getaddrinfo failed)"))
⚠️ Error fetching LTP for NIFTY25D2325900PE: HTTPSConnectionPool(host='api.groww.in', port=443): Max retries exceeded with url: /v1/live-data/ltp?segment=FNO&exchange_symbols=NSE_NIFTY25D2325900PE (Caused by NameResolutionError("<urllib3.connection.HTTPSConnection object at 0x0000012D8FAEC7D0>: Failed to resolve 'api.groww.in' ([Errno 11001] getaddrinfo failed)"))
⚠️ Error fetching LTP for NIFTY25D2325750CE: HTTPSConnectionPool(host='api.groww.in', port=443): Max retries exceeded with url: /v1/live-data/ltp?segment=FNO&exchange_symbols=NSE_NIFTY25D2325750CE (Caused by NameResolutionError("<urllib3.connection.HTTPSConnection object at 0x0000012D8FAEC170>: Failed to resolve 'api.groww.in' ([Errno 11001] getaddrinfo failed)"))
⚠️ Error fetching LTP for NIFTY25D2325650PE: HTTPSConnectionPool(host='api.groww.in', port=443): Max retries exceeded with url: /v1/live-data/ltp?segment=FNO&exchange_symbols=NSE_NIFTY25D2325650PE (Caused by NameResolutionError("<urllib3.connection.HTTPSConnection object at 0x0000012D8FAEED80>: Failed to resolve 'api.groww.in' ([Errno 11001] getaddrinfo failed)"))
⚠️ Error fetching LTP for NIFTY25D2325400CE: HTTPSConnectionPool(host='api.groww.in', port=443): Max retries exceeded with url: /v1/live-data/ltp?segment=FNO&exchange_symbols=NSE_NIFTY25D2325400CE (Caused by NameResolutionError("<urllib3.connection.HTTPSConnection object at 0x0000012D8447B110>: Failed to resolve 'api.groww.in' ([Errno 11001] getaddrinfo failed)"))
⚠️ Error fetching LTP for NIFTY25D2326300PE: HTTPSConnectionPool(host='api.groww.in', port=443): Max retries exceeded with url: /v1/live-data/ltp?segment=FNO&exchange_symbols=NSE_NIFTY25D2326300PE (Caused by NameResolutionError("<urllib3.connection.HTTPSConnection object at 0x0000012D8F4BB500>: Failed to resolve 'api.groww.in' ([Errno 11001] getaddrinfo failed)"))
⚠️ Error fetching LTP for NIFTY25D2326000CE: HTTPSConnectionPool(host='api.groww.in', port=443): Max retries exceeded with url: /v1/live-data/ltp?segment=FNO&exchange_symbols=NSE_NIFTY25D2326000CE (Caused by NameResolutionError("<urllib3.connection.HTTPSConnection object at 0x0000012D8F4BB9E0>: Failed to resolve 'api.groww.in' ([Errno 11001] getaddrinfo failed)"))
⚠️ Error fetching LTP for NIFTY25D2325300PE: HTTPSConnectionPool(host='api.groww.in', port=443): Max retries exceeded with url: /v1/live-data/ltp?segment=FNO&exchange_symbols=NSE_NIFTY25D2325300PE (Caused by NameResolutionError("<urllib3.connection.HTTPSConnection object at 0x0000012D8FAEEBD0>: Failed to resolve 'api.groww.in' ([Errno 11001] getaddrinfo failed)"))
⚠️ Error fetching LTP for NIFTY25D2325950CE: HTTPSConnectionPool(host='api.groww.in', port=443): Max retries exceeded with url: /v1/live-data/ltp?segment=FNO&exchange_symbols=NSE_NIFTY25D2325950CE (Caused by NameResolutionError("<urllib3.connection.HTTPSConnection object at 0x0000012D8FAEC4A0>: Failed to resolve 'api.groww.in' ([Errno 11001] getaddrinfo failed)"))
⚠️ Error fetching LTP for NIFTY25D2325700PE: HTTPSConnectionPool(host='api.groww.in', port=443): Max retries exceeded with url: /v1/live-data/ltp?segment=FNO&exchange_symbols=NSE_NIFTY25D2325700PE (Caused by NameResolutionError("<urllib3.connection.HTTPSConnection object at 0x0000012D8FAEC830>: Failed to resolve 'api.groww.in' ([Errno 11001] getaddrinfo failed)"))
⚠️ Error fetching LTP for NIFTY25D2325450CE: HTTPSConnectionPool(host='api.groww.in', port=443): Max retries exceeded with url: /v1/live-data/ltp?segment=FNO&exchange_symbols=NSE_NIFTY25D2325450CE (Caused by NameResolutionError("<urllib3.connection.HTTPSConnection object at 0x0000012D8F4BBCE0>: Failed to resolve 'api.groww.in' ([Errno 11001] getaddrinfo failed)"))
⚠️ Error fetching LTP for NIFTY25D2325850PE: HTTPSConnectionPool(host='api.groww.in', port=443): Max retries exceeded with url: /v1/live-data/ltp?segment=FNO&exchange_symbols=NSE_NIFTY25D2325850PE (Caused by NameResolutionError("<urllib3.connection.HTTPSConnection object at 0x0000012D8F4B8C20>: Failed to resolve 'api.groww.in' ([Errno 11001] getaddrinfo failed)"))
⚠️ Error fetching LTP for NIFTY25D2325900CE: HTTPSConnectionPool(host='api.groww.in', port=443): Max retries exceeded with url: /v1/live-data/ltp?segment=FNO&exchange_symbols=NSE_NIFTY25D2325900CE (Caused by NameResolutionError("<urllib3.connection.HTTPSConnection object at 0x0000012D8F4B82F0>: Failed to resolve 'api.groww.in' ([Errno 11001] getaddrinfo failed)"))
⚠️ Error fetching LTP for NIFTY25D2325750PE: HTTPSConnectionPool(host='api.groww.in', port=443): Max retries exceeded with url: /v1/live-data/ltp?segment=FNO&exchange_symbols=NSE_NIFTY25D2325750PE (Caused by NameResolutionError("<urllib3.connection.HTTPSConnection object at 0x0000012D842D1190>: Failed to resolve 'api.groww.in' ([Errno 11001] getaddrinfo failed)"))
⚠️ Error fetching LTP for NIFTY25D2326050CE: HTTPSConnectionPool(host='api.groww.in', port=443): Max retries exceeded with url: /v1/live-data/ltp?segment=FNO&exchange_symbols=NSE_NIFTY25D2326050CE (Caused by NameResolutionError("<urllib3.connection.HTTPSConnection object at 0x0000012D8FAEC3B0>: Failed to resolve 'api.groww.in' ([Errno 11001] getaddrinfo failed)"))
⚠️ Error fetching LTP for NIFTY25D2325800PE: HTTPSConnectionPool(host='api.groww.in', port=443): Max retries exceeded with url: /v1/live-data/ltp?segment=FNO&exchange_symbols=NSE_NIFTY25D2325800PE (Caused by NameResolutionError("<urllib3.connection.HTTPSConnection object at 0x0000012D8FAED430>: Failed to resolve 'api.groww.in' ([Errno 11001] getaddrinfo failed)"))
⚠️ Error fetching LTP for NIFTY25D2325500CE: HTTPSConnectionPool(host='api.groww.in', port=443): Max retries exceeded with url: /v1/live-data/ltp?segment=FNO&exchange_symbols=NSE_NIFTY25D2325500CE (Caused by NameResolutionError("<urllib3.connection.HTTPSConnection object at 0x0000012D8FAEDA90>: Failed to resolve 'api.groww.in' ([Errno 11001] getaddrinfo failed)"))
⚠️ Error fetching LTP for NIFTY25D2325350PE: HTTPSConnectionPool(host='api.groww.in', port=443): Max retries exceeded with url: /v1/live-data/ltp?segment=FNO&exchange_symbols=NSE_NIFTY25D2325350PE (Caused by NameResolutionError("<urllib3.connection.HTTPSConnection object at 0x0000012D8F4BA960>: Failed to resolve 'api.groww.in' ([Errno 11001] getaddrinfo failed)"))
⚠️ Error fetching LTP for NIFTY25D2325850CE: HTTPSConnectionPool(host='api.groww.in', port=443): Max retries exceeded with url: /v1/live-data/ltp?segment=FNO&exchange_symbols=NSE_NIFTY25D2325850CE (Caused by NameResolutionError("<urllib3.connection.HTTPSConnection object at 0x0000012D8F4BA600>: Failed to resolve 'api.groww.in' ([Errno 11001] getaddrinfo failed)"))
⚠️ Error fetching LTP for NIFTY25D2326200PE: HTTPSConnectionPool(host='api.groww.in', port=443): Max retries exceeded with url: /v1/live-data/ltp?segment=FNO&exchange_symbols=NSE_NIFTY25D2326200PE (Caused by NameResolutionError("<urllib3.connection.HTTPSConnection object at 0x0000012D8F4B9520>: Failed to resolve 'api.groww.in' ([Errno 11001] getaddrinfo failed)"))
⚠️ Error fetching LTP for NIFTY25D2326300CE: HTTPSConnectionPool(host='api.groww.in', port=443): Max retries exceeded with url: /v1/live-data/ltp?segment=FNO&exchange_symbols=NSE_NIFTY25D2326300CE (Caused by NameResolutionError("<urllib3.connection.HTTPSConnection object at 0x0000012D8FAEF620>: Failed to resolve 'api.groww.in' ([Errno 11001] getaddrinfo failed)"))
⚠️ Error fetching LTP for NIFTY25D2325400PE: HTTPSConnectionPool(host='api.groww.in', port=443): Max retries exceeded with url: /v1/live-data/ltp?segment=FNO&exchange_symbols=NSE_NIFTY25D2325400PE (Caused by NameResolutionError("<urllib3.connection.HTTPSConnection object at 0x0000012D8FAED160>: Failed to resolve 'api.groww.in' ([Errno 11001] getaddrinfo failed)"))
⚠️ Error fetching LTP for NIFTY25D2325550CE: HTTPSConnectionPool(host='api.groww.in', port=443): Max retries exceeded with url: /v1/live-data/ltp?segment=FNO&exchange_symbols=NSE_NIFTY25D2325550CE (Caused by NameResolutionError("<urllib3.connection.HTTPSConnection object at 0x0000012D8FAED250>: Failed to resolve 'api.groww.in' ([Errno 11001] getaddrinfo failed)"))
⚠️ Error fetching LTP for NIFTY25D2326250PE: HTTPSConnectionPool(host='api.groww.in', port=443): Max retries exceeded with url: /v1/live-data/ltp?segment=FNO&exchange_symbols=NSE_NIFTY25D2326250PE (Caused by NameResolutionError("<urllib3.connection.HTTPSConnection object at 0x0000012D8F4BB9E0>: Failed to resolve 'api.groww.in' ([Errno 11001] getaddrinfo failed)"))
⚠️ Error fetching LTP for NIFTY25D2325800CE: HTTPSConnectionPool(host='api.groww.in', port=443): Max retries exceeded with url: /v1/live-data/ltp?segment=FNO&exchange_symbols=NSE_NIFTY25D2325800CE (Caused by NameResolutionError("<urllib3.connection.HTTPSConnection object at 0x0000012D8F4BB560>: Failed to resolve 'api.groww.in' ([Errno 11001] getaddrinfo failed)"))
⚠️ Error fetching LTP for NIFTY25D2325450PE: HTTPSConnectionPool(host='api.groww.in', port=443): Max retries exceeded with url: /v1/live-data/ltp?segment=FNO&exchange_symbols=NSE_NIFTY25D2325450PE (Caused by NameResolutionError("<urllib3.connection.HTTPSConnection object at 0x0000012D8F4B9B80>: Failed to resolve 'api.groww.in' ([Errno 11001] getaddrinfo failed)"))
⚠️ Error fetching LTP for NIFTY25D2325600CE: HTTPSConnectionPool(host='api.groww.in', port=443): Max retries exceeded with url: /v1/live-data/ltp?segment=FNO&exchange_symbols=NSE_NIFTY25D2325600CE (Caused by NameResolutionError("<urllib3.connection.HTTPSConnection object at 0x0000012D8FAEFCB0>: Failed to resolve 'api.groww.in' ([Errno 11001] getaddrinfo failed)"))
⚠️ Error fetching LTP for NIFTY25D2325500PE: HTTPSConnectionPool(host='api.groww.in', port=443): Max retries exceeded with url: /v1/live-data/ltp?segment=FNO&exchange_symbols=NSE_NIFTY25D2325500PE (Caused by NameResolutionError("<urllib3.connection.HTTPSConnection object at 0x0000012D8FAEF800>: Failed to resolve 'api.groww.in' ([Errno 11001] getaddrinfo failed)"))
⚠️ Error fetching LTP for NIFTY25D2326200CE: HTTPSConnectionPool(host='api.groww.in', port=443): Max retries exceeded with url: /v1/live-data/ltp?segment=FNO&exchange_symbols=NSE_NIFTY25D2326200CE (Caused by NameResolutionError("<urllib3.connection.HTTPSConnection object at 0x0000012D8FAF0230>: Failed to resolve 'api.groww.in' ([Errno 11001] getaddrinfo failed)"))
⚠️ Error fetching LTP for NIFTY25D2326150PE: HTTPSConnectionPool(host='api.groww.in', port=443): Max retries exceeded with url: /v1/live-data/ltp?segment=FNO&exchange_symbols=NSE_NIFTY25D2326150PE (Caused by NameResolutionError("<urllib3.connection.HTTPSConnection object at 0x0000012D8F4BAD20>: Failed to resolve 'api.groww.in' ([Errno 11001] getaddrinfo failed)"))
⚠️ Error fetching LTP for NIFTY25D2326250CE: HTTPSConnectionPool(host='api.groww.in', port=443): Max retries exceeded with url: /v1/live-data/ltp?segment=FNO&exchange_symbols=NSE_NIFTY25D2326250CE (Caused by NameResolutionError("<urllib3.connection.HTTPSConnection object at 0x0000012D8F4BAAE0>: Failed to resolve 'api.groww.in' ([Errno 11001] getaddrinfo failed)"))⚠️ Error fetching LTP for NIFTY25D2326100PE: HTTPSConnectionPool(host='api.groww.in', port=443): Max retries exceeded with url: /v1/live-data/ltp?segment=FNO&exchange_symbols=NSE_NIFTY25D2326100PE (Caused by NameResolutionError("<urllib3.connection.HTTPSConnection object at 0x0000012D8F4B8B00>: Failed to resolve 'api.groww.in' ([Errno 11001] getaddrinfo failed)"))

⚠️ Error fetching LTP for NIFTY25D2325550PE: HTTPSConnectionPool(host='api.groww.in', port=443): Max retries exceeded with url: /v1/live-data/ltp?segment=FNO&exchange_symbols=NSE_NIFTY25D2325550PE (Caused by NameResolutionError("<urllib3.connection.HTTPSConnection object at 0x0000012D8FAEEFF0>: Failed to resolve 'api.groww.in' ([Errno 11001] getaddrinfo failed)"))
⚠️ No instruments for NIFTY 2025-12-23 PE
⚠️ No instrument found for PE
🧩 Finished PE: None, momentum=None
⚠️ Error fetching LTP for NIFTY25D2325650CE: HTTPSConnectionPool(host='api.groww.in', port=443): Max retries exceeded with url: /v1/live-data/ltp?segment=FNO&exchange_symbols=NSE_NIFTY25D2325650CE (Caused by NameResolutionError("<urllib3.connection.HTTPSConnection object at 0x0000012D8FAEDE50>: Failed to resolve 'api.groww.in' ([Errno 11001] getaddrinfo failed)"))
⚠️ No instruments for NIFTY 2025-12-23 CE
⚠️ No instrument found for CE
🧩 Finished CE: None, momentum=None
🧮 Comparing CE vs PE momentum...
❌ No momentum data found for CE or PE.
❌ Could not determine CE/PE momentum side. Retrying in 3 minutes...
⚠️ Telegram Error: HTTPSConnectionPool(host='api.telegram.org', port=443): Max retries exceeded with url: /bot8226223419:AAGX5fKG21CfceF_0_WjPIrOMx6ON17pZMw/sendMessage (Caused by NameResolutionError("<urllib3.connection.HTTPSConnection object at 0x0000012D8FAF0B00>: Failed to resolve 'api.telegram.org' ([Errno 11001] getaddrinfo failed)"))
🔍 Detecting best option between CE and PE for NIFTY 2025-12-23…
➡️  Searching CE between 80-130
➡️  Searching PE between 80-130
⚙️ Checking momentum for top 1 CE candidates...

🧭 Checking momentum for NIFTY25D2325850CE (5 samples, every 1s):
⚙️ Checking momentum for top 2 PE candidates...

🧭 Checking momentum for NIFTY25D2325850PE (5 samples, every 1s):

🧭 Checking momentum for NIFTY25D2325800PE (5 samples, every 1s):
[NIFTY25D2325850CE] ⏱ Sample 1/5: LTP = ₹90.45
[NIFTY25D2325850PE] ⏱ Sample 1/5: LTP = ₹106.45
[NIFTY25D2325800PE] ⏱ Sample 1/5: LTP = ₹82.55
[NIFTY25D2325850CE] ⏱ Sample 2/5: LTP = ₹89.60
[NIFTY25D2325850PE] ⏱ Sample 2/5: LTP = ₹107.20
[NIFTY25D2325800PE] ⏱ Sample 2/5: LTP = ₹83.35
[NIFTY25D2325850CE] ⏱ Sample 3/5: LTP = ₹88.85
[NIFTY25D2325850PE] ⏱ Sample 3/5: LTP = ₹107.80
[NIFTY25D2325800PE] ⏱ Sample 3/5: LTP = ₹83.20
[NIFTY25D2325850CE] ⏱ Sample 4/5: LTP = ₹88.45
[NIFTY25D2325850PE] ⏱ Sample 4/5: LTP = ₹108.30
[NIFTY25D2325800PE] ⏱ Sample 4/5: LTP = ₹84.45
[NIFTY25D2325850CE] ⏱ Sample 5/5: LTP = ₹88.15
[NIFTY25D2325850PE] ⏱ Sample 5/5: LTP = ₹108.25
[NIFTY25D2325850CE] 📊 Avg Δ = -0.644%, Consistency = 100.0% → DOWN
[NIFTY25D2325850CE] 📈 Range ₹90.45 → ₹88.15

🏆 Selected CE: NIFTY25D2325850CE (DOWN | -0.64% | Consistency 100.0%)
📊 Running momentum check for CE (NIFTY25D2325850CE)

🧭 Checking momentum for NIFTY25D2325850CE (5 samples, every 1s):
[NIFTY25D2325800PE] ⏱ Sample 5/5: LTP = ₹83.75
[NIFTY25D2325850PE] 📊 Avg Δ = 0.450%, Consistency = 100.0% → UP
[NIFTY25D2325850PE] 📈 Range ₹106.45 → ₹108.25

[NIFTY25D2325850CE] ⏱ Sample 1/5: LTP = ₹88.45
[NIFTY25D2325800PE] 📊 Avg Δ = 0.461%, Consistency = 100.0% → UP
[NIFTY25D2325800PE] 📈 Range ₹82.55 → ₹83.75

🏆 Selected PE: NIFTY25D2325800PE (UP | 0.46% | Consistency 100.0%)
📊 Running momentum check for PE (NIFTY25D2325800PE)

🧭 Checking momentum for NIFTY25D2325800PE (5 samples, every 1s):
[NIFTY25D2325800PE] ⏱ Sample 1/5: LTP = ₹83.65
[NIFTY25D2325850CE] ⏱ Sample 2/5: LTP = ₹89.35
[NIFTY25D2325800PE] ⏱ Sample 2/5: LTP = ₹83.25
[NIFTY25D2325850CE] ⏱ Sample 3/5: LTP = ₹89.50
[NIFTY25D2325800PE] ⏱ Sample 3/5: LTP = ₹82.90
[NIFTY25D2325850CE] ⏱ Sample 4/5: LTP = ₹89.25
[NIFTY25D2325800PE] ⏱ Sample 4/5: LTP = ₹83.25
[NIFTY25D2325850CE] ⏱ Sample 5/5: LTP = ₹89.45
[NIFTY25D2325800PE] ⏱ Sample 5/5: LTP = ₹83.65
[NIFTY25D2325850CE] 📊 Avg Δ = 0.168%, Consistency = 100.0% → FLAT
[NIFTY25D2325850CE] 📈 Range ₹88.45 → ₹89.45

✅ Momentum for CE: {'symbol': 'NIFTY25D2325850CE', 'avg_change': np.float64(0.168), 'consistency': np.float64(100.0), 'direction': 'FLAT'}
🧩 Finished CE: NIFTY25D2325850CE, momentum={'symbol': 'NIFTY25D2325850CE', 'avg_change': np.float64(0.168), 'consistency': np.float64(100.0), 'direction': 'FLAT'}
[NIFTY25D2325800PE] 📊 Avg Δ = 0.000%, Consistency = 50.0% → FLAT
[NIFTY25D2325800PE] 📈 Range ₹83.65 → ₹83.65

✅ Momentum for PE: {'symbol': 'NIFTY25D2325800PE', 'avg_change': np.float64(0.0), 'consistency': np.float64(50.0), 'direction': 'FLAT'}
🧩 Finished PE: NIFTY25D2325800PE, momentum={'symbol': 'NIFTY25D2325800PE', 'avg_change': np.float64(0.0), 'consistency': np.float64(50.0), 'direction': 'FLAT'}
🧮 Comparing CE vs PE momentum...
📈 CE momentum: 0.168% (FLAT, 100.0%)
📉 PE momentum: 0.000% (FLAT, 50.0%)
⚖️  Momentum similar — choosing CE fallback
✅ Selected: NIFTY25D2325850CE (CE) | LTP=90.55 | lot_size=75 | groww_symbol=NSE-NIFTY-23Dec25-25850-CE

🌀 Generated cURL for Groww Candle API:
curl --location 'https://api.groww.in/v1/historical/candles?exchange=NSE&segment=FNO&groww_symbol=NSE-NIFTY-23Dec25-25850-CE&start_time=2025-12-18 14:35:34&end_time=2025-12-18 14:38:34&candle_interval=1minute' \
  --header 'Accept: application/json' \
  --header 'Authorization: Bearer eyJraWQiOiJaTUtjVXciLCJhbGciOiJFUzI1NiJ9.eyJleHAiOjE3NjYxMDQyMDAsImlhdCI6MTc2NjA0ODU0NiwibmJmIjoxNzY2MDQ4NTQ2LCJzdWIiOiJ7XCJ0b2tlblJlZklkXCI6XCI5MzRmNWFjMi1iZGEzLTRmZWYtYWM0Mi1kMGE1OTEyMzYzNzhcIixcInZlbmRvckludGVncmF0aW9uS2V5XCI6XCJlMzFmZjIzYjA4NmI0MDZjODg3NGIyZjZkODQ5NTMxM1wiLFwidXNlckFjY291bnRJZFwiOlwiMmVlMjYyMjItN2MwNS00Y2IwLWIwM2MtNzAzYWRmNWVmN2RkXCIsXCJkZXZpY2VJZFwiOlwiNWQwYzdjODgtMGI1OS01MDU0LTk5ZTYtYWU5MzY5OTc2ZmRiXCIsXCJzZXNzaW9uSWRcIjpcIjY2MjA1YjkxLWY2YTktNDcxMi1hOTYzLThjZmJhZTc2NGRmZlwiLFwiYWRkaXRpb25hbERhdGFcIjpcIno1NC9NZzltdjE2WXdmb0gvS0EwYktvMDZXRlpjc241VUNmTWF5aERtNGxSTkczdTlLa2pWZDNoWjU1ZStNZERhWXBOVi9UOUxIRmtQejFFQisybTdRPT1cIixcInJvbGVcIjpcIm9yZGVyLWJhc2ljLGxpdmVfZGF0YS1iYXNpYyxub25fdHJhZGluZy1iYXNpYyxvcmRlcl9yZWFkX29ubHktYmFzaWMsYmFja190ZXN0XCIsXCJzb3VyY2VJcEFkZHJlc3NcIjpudWxsLFwidHdvRmFFeHBpcnlUc1wiOjE3NjYxMDQyMDAwMDB9IiwiaXNzIjoiYXBleC1hdXRoLXByb2QtYXBwIn0.IwztPE59eBj4IdpDpKoVxvcDxK-Vrzw4lXyHjgfDWOs4CoV0dwVmjmYHrxyPOJa_IJdB01W2HasviOUXHE4ZEg' \
  --header 'X-API-VERSION: 1.0'

📊 3-min candle trend → PE (O1=91.2, C3=88.45)
Market Direction: PE
❌ Skipping trade — market direction conflicts with momentum.
Waiting for 3 mins to get another data.
🔍 Detecting best option between CE and PE for NIFTY 2025-12-23…
➡️  Searching CE between 80-130
➡️  Searching PE between 80-130
⚙️ Checking momentum for top 1 CE candidates...

🧭 Checking momentum for NIFTY25D2325850CE (5 samples, every 1s):
⚙️ Checking momentum for top 2 PE candidates...

🧭 Checking momentum for NIFTY25D2325850PE (5 samples, every 1s):

🧭 Checking momentum for NIFTY25D2325800PE (5 samples, every 1s):
[NIFTY25D2325850CE] ⏱ Sample 1/5: LTP = ₹88.80
[NIFTY25D2325850PE] ⏱ Sample 1/5: LTP = ₹108.80
[NIFTY25D2325800PE] ⏱ Sample 1/5: LTP = ₹84.15
[NIFTY25D2325850CE] ⏱ Sample 2/5: LTP = ₹88.30
[NIFTY25D2325850PE] ⏱ Sample 2/5: LTP = ₹108.45
[NIFTY25D2325800PE] ⏱ Sample 2/5: LTP = ₹84.25
[NIFTY25D2325850CE] ⏱ Sample 3/5: LTP = ₹88.40
[NIFTY25D2325850PE] ⏱ Sample 3/5: LTP = ₹108.45
[NIFTY25D2325800PE] ⏱ Sample 3/5: LTP = ₹84.25
[NIFTY25D2325850CE] ⏱ Sample 4/5: LTP = ₹88.20
[NIFTY25D2325850PE] ⏱ Sample 4/5: LTP = ₹108.65
[NIFTY25D2325800PE] ⏱ Sample 4/5: LTP = ₹84.30
[NIFTY25D2325850CE] ⏱ Sample 5/5: LTP = ₹88.40
[NIFTY25D2325850PE] ⏱ Sample 5/5: LTP = ₹108.50
[NIFTY25D2325850CE] 📊 Avg Δ = -0.094%, Consistency = 50.0% → FLAT
[NIFTY25D2325850CE] 📈 Range ₹88.80 → ₹88.40

⚠️ No strong momentum found for CE (>0.25%, consistency >70%)
📊 Running momentum check for CE (NIFTY25D2325850CE)

🧭 Checking momentum for NIFTY25D2325850CE (5 samples, every 1s):
[NIFTY25D2325800PE] ⏱ Sample 5/5: LTP = ₹84.20
[NIFTY25D2325850PE] 📊 Avg Δ = -0.015%, Consistency = 50.0% → FLAT
[NIFTY25D2325850PE] 📈 Range ₹108.80 → ₹108.50

[NIFTY25D2325850CE] ⏱ Sample 1/5: LTP = ₹88.60
[NIFTY25D2325800PE] 📊 Avg Δ = 0.020%, Consistency = 50.0% → FLAT
[NIFTY25D2325800PE] 📈 Range ₹84.15 → ₹84.20

⚠️ No strong momentum found for PE (>0.3%, consistency >70%)
📊 Running momentum check for PE (NIFTY25D2325850PE)

🧭 Checking momentum for NIFTY25D2325850PE (5 samples, every 1s):
[NIFTY25D2325850PE] ⏱ Sample 1/5: LTP = ₹108.65
[NIFTY25D2325850CE] ⏱ Sample 2/5: LTP = ₹88.35
[NIFTY25D2325850PE] ⏱ Sample 2/5: LTP = ₹108.75
[NIFTY25D2325850CE] ⏱ Sample 3/5: LTP = ₹88.60
[NIFTY25D2325850PE] ⏱ Sample 3/5: LTP = ₹108.35
[NIFTY25D2325850CE] ⏱ Sample 4/5: LTP = ₹88.85
[NIFTY25D2325850PE] ⏱ Sample 4/5: LTP = ₹108.10
[NIFTY25D2325850CE] ⏱ Sample 5/5: LTP = ₹88.60
[NIFTY25D2325850PE] ⏱ Sample 5/5: LTP = ₹108.20
[NIFTY25D2325850CE] 📊 Avg Δ = 0.094%, Consistency = 100.0% → FLAT
[NIFTY25D2325850CE] 📈 Range ₹88.60 → ₹88.60

✅ Momentum for CE: {'symbol': 'NIFTY25D2325850CE', 'avg_change': np.float64(0.094), 'consistency': np.float64(100.0), 'direction': 'FLAT'}
🧩 Finished CE: NIFTY25D2325850CE, momentum={'symbol': 'NIFTY25D2325850CE', 'avg_change': np.float64(0.094), 'consistency': np.float64(100.0), 'direction': 'FLAT'}
[NIFTY25D2325850PE] 📊 Avg Δ = -0.169%, Consistency = 100.0% → FLAT
[NIFTY25D2325850PE] 📈 Range ₹108.65 → ₹108.20

✅ Momentum for PE: {'symbol': 'NIFTY25D2325850PE', 'avg_change': np.float64(-0.169), 'consistency': np.float64(100.0), 'direction': 'FLAT'}
🧩 Finished PE: NIFTY25D2325850PE, momentum={'symbol': 'NIFTY25D2325850PE', 'avg_change': np.float64(-0.169), 'consistency': np.float64(100.0), 'direction': 'FLAT'}
🧮 Comparing CE vs PE momentum...
📈 CE momentum: 0.094% (FLAT, 100.0%)
📉 PE momentum: -0.169% (FLAT, 100.0%)
⚖️  Momentum similar — choosing CE fallback
✅ Selected: NIFTY25D2325850CE (CE) | LTP=87.8 | lot_size=75 | groww_symbol=NSE-NIFTY-23Dec25-25850-CE

🌀 Generated cURL for Groww Candle API:
curl --location 'https://api.groww.in/v1/historical/candles?exchange=NSE&segment=FNO&groww_symbol=NSE-NIFTY-23Dec25-25850-CE&start_time=2025-12-18 14:39:24&end_time=2025-12-18 14:42:24&candle_interval=1minute' \
  --header 'Accept: application/json' \
  --header 'Authorization: Bearer eyJraWQiOiJaTUtjVXciLCJhbGciOiJFUzI1NiJ9.eyJleHAiOjE3NjYxMDQyMDAsImlhdCI6MTc2NjA0ODU0NiwibmJmIjoxNzY2MDQ4NTQ2LCJzdWIiOiJ7XCJ0b2tlblJlZklkXCI6XCI5MzRmNWFjMi1iZGEzLTRmZWYtYWM0Mi1kMGE1OTEyMzYzNzhcIixcInZlbmRvckludGVncmF0aW9uS2V5XCI6XCJlMzFmZjIzYjA4NmI0MDZjODg3NGIyZjZkODQ5NTMxM1wiLFwidXNlckFjY291bnRJZFwiOlwiMmVlMjYyMjItN2MwNS00Y2IwLWIwM2MtNzAzYWRmNWVmN2RkXCIsXCJkZXZpY2VJZFwiOlwiNWQwYzdjODgtMGI1OS01MDU0LTk5ZTYtYWU5MzY5OTc2ZmRiXCIsXCJzZXNzaW9uSWRcIjpcIjY2MjA1YjkxLWY2YTktNDcxMi1hOTYzLThjZmJhZTc2NGRmZlwiLFwiYWRkaXRpb25hbERhdGFcIjpcIno1NC9NZzltdjE2WXdmb0gvS0EwYktvMDZXRlpjc241VUNmTWF5aERtNGxSTkczdTlLa2pWZDNoWjU1ZStNZERhWXBOVi9UOUxIRmtQejFFQisybTdRPT1cIixcInJvbGVcIjpcIm9yZGVyLWJhc2ljLGxpdmVfZGF0YS1iYXNpYyxub25fdHJhZGluZy1iYXNpYyxvcmRlcl9yZWFkX29ubHktYmFzaWMsYmFja190ZXN0XCIsXCJzb3VyY2VJcEFkZHJlc3NcIjpudWxsLFwidHdvRmFFeHBpcnlUc1wiOjE3NjYxMDQyMDAwMDB9IiwiaXNzIjoiYXBleC1hdXRoLXByb2QtYXBwIn0.IwztPE59eBj4IdpDpKoVxvcDxK-Vrzw4lXyHjgfDWOs4CoV0dwVmjmYHrxyPOJa_IJdB01W2HasviOUXHE4ZEg' \
  --header 'X-API-VERSION: 1.0'

📊 3-min candle trend → CE (O1=85.95, C3=88.8)
Market Direction: CE
✅ Market direction CONFIRMS momentum CE → proceeding with order.
user_confirmation_needed : False
➡️ Placing auto order: {'symbol': 'NIFTY25D2325850CE', 'ltp': 87.8, 'lots': 14, 'book_profit': 1050.0, 'lot_size': 75, 'side': 'BUY'} ====== [2025-12-18 14:42:25]
🔹 Auto order => NIFTY25D2325850CE, qty=1050, book@1050.0 ====== [2025-12-18 14:42:26]
💰 LTP for NSE_NIFTY25D2325850CE: ₹87.5 ====== [2025-12-18 14:42:26]
✅ Auto Buy placed: :{'groww_order_id': 'GMKFO251218144226MCJ6LPT5YRV5', 'order_status': 'NEW', 'order_reference_id': '50970275', 'remark': None} ======= [2025-12-18 14:42:27]
📈 Trailing started...
🔼 New High: ₹87.85
🔼 New High: ₹87.9
🔼 New High: ₹88.5
🔼 New High: ₹88.7
🔼 New High: ₹89.0
📉 Trail Active | LTP=89.0 | Exit=88.25
📉 Trail Active | LTP=88.35 | Exit=88.25
📉 Trail Active | LTP=87.75 | Exit=88.25
🔻 Trailing HIT @ 87.75
Waiting for 1 min to get another data.
🔍 Detecting best option between CE and PE for NIFTY 2025-12-23…
➡️  Searching CE between 80-130
➡️  Searching PE between 80-130
⚙️ Checking momentum for top 1 CE candidates...

🧭 Checking momentum for NIFTY25D2325850CE (5 samples, every 1s):
⚙️ Checking momentum for top 2 PE candidates...

🧭 Checking momentum for NIFTY25D2325850PE (5 samples, every 1s):

🧭 Checking momentum for NIFTY25D2325800PE (5 samples, every 1s):
[NIFTY25D2325850CE] ⏱ Sample 1/5: LTP = ₹87.45
[NIFTY25D2325850PE] ⏱ Sample 1/5: LTP = ₹109.90
[NIFTY25D2325800PE] ⏱ Sample 1/5: LTP = ₹85.20
[NIFTY25D2325850CE] ⏱ Sample 2/5: LTP = ₹87.10
[NIFTY25D2325850PE] ⏱ Sample 2/5: LTP = ₹110.00
[NIFTY25D2325800PE] ⏱ Sample 2/5: LTP = ₹85.65
[NIFTY25D2325850CE] ⏱ Sample 3/5: LTP = ₹87.00
[NIFTY25D2325850PE] ⏱ Sample 3/5: LTP = ₹110.25
[NIFTY25D2325800PE] ⏱ Sample 3/5: LTP = ₹85.35
[NIFTY25D2325850CE] ⏱ Sample 4/5: LTP = ₹87.20
[NIFTY25D2325850PE] ⏱ Sample 4/5: LTP = ₹110.30
[NIFTY25D2325800PE] ⏱ Sample 4/5: LTP = ₹85.70
[NIFTY25D2325850CE] ⏱ Sample 5/5: LTP = ₹87.25
[NIFTY25D2325850PE] ⏱ Sample 5/5: LTP = ₹109.95
[NIFTY25D2325850CE] 📊 Avg Δ = -0.019%, Consistency = 50.0% → FLAT
[NIFTY25D2325850CE] 📈 Range ₹87.45 → ₹87.25

⚠️ No strong momentum found for CE (>0.25%, consistency >70%)
📊 Running momentum check for CE (NIFTY25D2325850CE)

🧭 Checking momentum for NIFTY25D2325850CE (5 samples, every 1s):
[NIFTY25D2325800PE] ⏱ Sample 5/5: LTP = ₹85.50
[NIFTY25D2325850PE] 📊 Avg Δ = 0.053%, Consistency = 50.0% → FLAT
[NIFTY25D2325850PE] 📈 Range ₹109.90 → ₹109.95

[NIFTY25D2325850CE] ⏱ Sample 1/5: LTP = ₹87.35
[NIFTY25D2325800PE] 📊 Avg Δ = 0.068%, Consistency = 50.0% → FLAT
[NIFTY25D2325800PE] 📈 Range ₹85.20 → ₹85.50

⚠️ No strong momentum found for PE (>0.3%, consistency >70%)
📊 Running momentum check for PE (NIFTY25D2325850PE)

🧭 Checking momentum for NIFTY25D2325850PE (5 samples, every 1s):
[NIFTY25D2325850PE] ⏱ Sample 1/5: LTP = ₹109.85
[NIFTY25D2325850CE] ⏱ Sample 2/5: LTP = ₹87.35
[NIFTY25D2325850PE] ⏱ Sample 2/5: LTP = ₹109.75
[NIFTY25D2325850CE] ⏱ Sample 3/5: LTP = ₹87.95
[NIFTY25D2325850PE] ⏱ Sample 3/5: LTP = ₹109.55
[NIFTY25D2325850CE] ⏱ Sample 4/5: LTP = ₹87.55
[NIFTY25D2325850PE] ⏱ Sample 4/5: LTP = ₹108.60
[NIFTY25D2325850CE] ⏱ Sample 5/5: LTP = ₹88.30
[NIFTY25D2325850PE] ⏱ Sample 5/5: LTP = ₹108.60
[NIFTY25D2325850CE] 📊 Avg Δ = 0.219%, Consistency = 100.0% → FLAT
[NIFTY25D2325850CE] 📈 Range ₹87.35 → ₹88.30

✅ Momentum for CE: {'symbol': 'NIFTY25D2325850CE', 'avg_change': np.float64(0.219), 'consistency': np.float64(100.0), 'direction': 'FLAT'}
🧩 Finished CE: NIFTY25D2325850CE, momentum={'symbol': 'NIFTY25D2325850CE', 'avg_change': np.float64(0.219), 'consistency': np.float64(100.0), 'direction': 'FLAT'}
[NIFTY25D2325850PE] 📊 Avg Δ = -0.365%, Consistency = 100.0% → DOWN
[NIFTY25D2325850PE] 📈 Range ₹109.85 → ₹108.60

✅ Momentum for PE: {'symbol': 'NIFTY25D2325850PE', 'avg_change': np.float64(-0.365), 'consistency': np.float64(100.0), 'direction': 'DOWN'}
🧩 Finished PE: NIFTY25D2325850PE, momentum={'symbol': 'NIFTY25D2325850PE', 'avg_change': np.float64(-0.365), 'consistency': np.float64(100.0), 'direction': 'DOWN'}
🧮 Comparing CE vs PE momentum...
📈 CE momentum: 0.219% (FLAT, 100.0%)
📉 PE momentum: -0.365% (DOWN, 100.0%)
✅ Selected CE (stronger momentum)
✅ Selected: NIFTY25D2325850CE (CE) | LTP=87.75 | lot_size=75 | groww_symbol=NSE-NIFTY-23Dec25-25850-CE

🌀 Generated cURL for Groww Candle API:
curl --location 'https://api.groww.in/v1/historical/candles?exchange=NSE&segment=FNO&groww_symbol=NSE-NIFTY-23Dec25-25850-CE&start_time=2025-12-18 14:41:56&end_time=2025-12-18 14:44:56&candle_interval=1minute' \
  --header 'Accept: application/json' \
  --header 'Authorization: Bearer eyJraWQiOiJaTUtjVXciLCJhbGciOiJFUzI1NiJ9.eyJleHAiOjE3NjYxMDQyMDAsImlhdCI6MTc2NjA0ODU0NiwibmJmIjoxNzY2MDQ4NTQ2LCJzdWIiOiJ7XCJ0b2tlblJlZklkXCI6XCI5MzRmNWFjMi1iZGEzLTRmZWYtYWM0Mi1kMGE1OTEyMzYzNzhcIixcInZlbmRvckludGVncmF0aW9uS2V5XCI6XCJlMzFmZjIzYjA4NmI0MDZjODg3NGIyZjZkODQ5NTMxM1wiLFwidXNlckFjY291bnRJZFwiOlwiMmVlMjYyMjItN2MwNS00Y2IwLWIwM2MtNzAzYWRmNWVmN2RkXCIsXCJkZXZpY2VJZFwiOlwiNWQwYzdjODgtMGI1OS01MDU0LTk5ZTYtYWU5MzY5OTc2ZmRiXCIsXCJzZXNzaW9uSWRcIjpcIjY2MjA1YjkxLWY2YTktNDcxMi1hOTYzLThjZmJhZTc2NGRmZlwiLFwiYWRkaXRpb25hbERhdGFcIjpcIno1NC9NZzltdjE2WXdmb0gvS0EwYktvMDZXRlpjc241VUNmTWF5aERtNGxSTkczdTlLa2pWZDNoWjU1ZStNZERhWXBOVi9UOUxIRmtQejFFQisybTdRPT1cIixcInJvbGVcIjpcIm9yZGVyLWJhc2ljLGxpdmVfZGF0YS1iYXNpYyxub25fdHJhZGluZy1iYXNpYyxvcmRlcl9yZWFkX29ubHktYmFzaWMsYmFja190ZXN0XCIsXCJzb3VyY2VJcEFkZHJlc3NcIjpudWxsLFwidHdvRmFFeHBpcnlUc1wiOjE3NjYxMDQyMDAwMDB9IiwiaXNzIjoiYXBleC1hdXRoLXByb2QtYXBwIn0.IwztPE59eBj4IdpDpKoVxvcDxK-Vrzw4lXyHjgfDWOs4CoV0dwVmjmYHrxyPOJa_IJdB01W2HasviOUXHE4ZEg' \
  --header 'X-API-VERSION: 1.0'

📊 3-min candle trend → PE (O1=89.55, C3=87.4)
Market Direction: PE
❌ Skipping trade — market direction conflicts with momentum.
Waiting for 3 mins to get another data.
🔍 Detecting best option between CE and PE for NIFTY 2025-12-23…
➡️  Searching CE between 80-130
➡️  Searching PE between 80-130
⚙️ Checking momentum for top 1 CE candidates...

🧭 Checking momentum for NIFTY25D2325850CE (5 samples, every 1s):
⚙️ Checking momentum for top 2 PE candidates...

🧭 Checking momentum for NIFTY25D2325850PE (5 samples, every 1s):

🧭 Checking momentum for NIFTY25D2325800PE (5 samples, every 1s):
[NIFTY25D2325850CE] ⏱ Sample 1/5: LTP = ₹91.20
[NIFTY25D2325850PE] ⏱ Sample 1/5: LTP = ₹105.00
[NIFTY25D2325800PE] ⏱ Sample 1/5: LTP = ₹80.70
[NIFTY25D2325850CE] ⏱ Sample 2/5: LTP = ₹91.70
[NIFTY25D2325850PE] ⏱ Sample 2/5: LTP = ₹104.85
[NIFTY25D2325800PE] ⏱ Sample 2/5: LTP = ₹81.20
[NIFTY25D2325850CE] ⏱ Sample 3/5: LTP = ₹91.45
[NIFTY25D2325850PE] ⏱ Sample 3/5: LTP = ₹105.15
[NIFTY25D2325800PE] ⏱ Sample 3/5: LTP = ₹81.00
[NIFTY25D2325850CE] ⏱ Sample 4/5: LTP = ₹91.20
[NIFTY25D2325850PE] ⏱ Sample 4/5: LTP = ₹105.35
[NIFTY25D2325800PE] ⏱ Sample 4/5: LTP = ₹81.15
[NIFTY25D2325850CE] ⏱ Sample 5/5: LTP = ₹91.80
[NIFTY25D2325850PE] ⏱ Sample 5/5: LTP = ₹104.50
[NIFTY25D2325850CE] 📊 Avg Δ = 0.018%, Consistency = 50.0% → FLAT
[NIFTY25D2325850CE] 📈 Range ₹91.20 → ₹91.80

⚠️ No strong momentum found for CE (>0.25%, consistency >70%)
📊 Running momentum check for CE (NIFTY25D2325850CE)

🧭 Checking momentum for NIFTY25D2325850CE (5 samples, every 1s):
[NIFTY25D2325800PE] ⏱ Sample 5/5: LTP = ₹81.40
[NIFTY25D2325850PE] 📊 Avg Δ = 0.000%, Consistency = 50.0% → FLAT
[NIFTY25D2325850PE] 📈 Range ₹105.00 → ₹104.50

[NIFTY25D2325850CE] ⏱ Sample 1/5: LTP = ₹91.05
[NIFTY25D2325800PE] 📊 Avg Δ = 0.134%, Consistency = 100.0% → FLAT
[NIFTY25D2325800PE] 📈 Range ₹80.70 → ₹81.40

⚠️ No strong momentum found for PE (>0.3%, consistency >70%)
📊 Running momentum check for PE (NIFTY25D2325850PE)

🧭 Checking momentum for NIFTY25D2325850PE (5 samples, every 1s):
[NIFTY25D2325850PE] ⏱ Sample 1/5: LTP = ₹105.90
[NIFTY25D2325850CE] ⏱ Sample 2/5: LTP = ₹90.95
[NIFTY25D2325850PE] ⏱ Sample 2/5: LTP = ₹105.80
[NIFTY25D2325850CE] ⏱ Sample 3/5: LTP = ₹90.75
[NIFTY25D2325850PE] ⏱ Sample 3/5: LTP = ₹105.90
[NIFTY25D2325850CE] ⏱ Sample 4/5: LTP = ₹90.65
[NIFTY25D2325850PE] ⏱ Sample 4/5: LTP = ₹106.00
[NIFTY25D2325850CE] ⏱ Sample 5/5: LTP = ₹90.40
[NIFTY25D2325850PE] ⏱ Sample 5/5: LTP = ₹105.75
[NIFTY25D2325850CE] 📊 Avg Δ = -0.174%, Consistency = 100.0% → FLAT
[NIFTY25D2325850CE] 📈 Range ₹91.05 → ₹90.40

✅ Momentum for CE: {'symbol': 'NIFTY25D2325850CE', 'avg_change': np.float64(-0.174), 'consistency': np.float64(100.0), 'direction': 'FLAT'}
🧩 Finished CE: NIFTY25D2325850CE, momentum={'symbol': 'NIFTY25D2325850CE', 'avg_change': np.float64(-0.174), 'consistency': np.float64(100.0), 'direction': 'FLAT'}
[NIFTY25D2325850PE] 📊 Avg Δ = 0.008%, Consistency = 50.0% → FLAT
[NIFTY25D2325850PE] 📈 Range ₹105.90 → ₹105.75

✅ Momentum for PE: {'symbol': 'NIFTY25D2325850PE', 'avg_change': np.float64(0.008), 'consistency': np.float64(50.0), 'direction': 'FLAT'}
🧩 Finished PE: NIFTY25D2325850PE, momentum={'symbol': 'NIFTY25D2325850PE', 'avg_change': np.float64(0.008), 'consistency': np.float64(50.0), 'direction': 'FLAT'}
🧮 Comparing CE vs PE momentum...
📈 CE momentum: -0.174% (FLAT, 100.0%)
📉 PE momentum: 0.008% (FLAT, 50.0%)
⚖️  Momentum similar — choosing PE fallback
✅ Selected: NIFTY25D2325850PE (PE) | LTP=102.8 | lot_size=75 | groww_symbol=NSE-NIFTY-23Dec25-25850-PE

🌀 Generated cURL for Groww Candle API:
curl --location 'https://api.groww.in/v1/historical/candles?exchange=NSE&segment=FNO&groww_symbol=NSE-NIFTY-23Dec25-25850-PE&start_time=2025-12-18 14:45:45&end_time=2025-12-18 14:48:45&candle_interval=1minute' \
  --header 'Accept: application/json' \
  --header 'Authorization: Bearer eyJraWQiOiJaTUtjVXciLCJhbGciOiJFUzI1NiJ9.eyJleHAiOjE3NjYxMDQyMDAsImlhdCI6MTc2NjA0ODU0NiwibmJmIjoxNzY2MDQ4NTQ2LCJzdWIiOiJ7XCJ0b2tlblJlZklkXCI6XCI5MzRmNWFjMi1iZGEzLTRmZWYtYWM0Mi1kMGE1OTEyMzYzNzhcIixcInZlbmRvckludGVncmF0aW9uS2V5XCI6XCJlMzFmZjIzYjA4NmI0MDZjODg3NGIyZjZkODQ5NTMxM1wiLFwidXNlckFjY291bnRJZFwiOlwiMmVlMjYyMjItN2MwNS00Y2IwLWIwM2MtNzAzYWRmNWVmN2RkXCIsXCJkZXZpY2VJZFwiOlwiNWQwYzdjODgtMGI1OS01MDU0LTk5ZTYtYWU5MzY5OTc2ZmRiXCIsXCJzZXNzaW9uSWRcIjpcIjY2MjA1YjkxLWY2YTktNDcxMi1hOTYzLThjZmJhZTc2NGRmZlwiLFwiYWRkaXRpb25hbERhdGFcIjpcIno1NC9NZzltdjE2WXdmb0gvS0EwYktvMDZXRlpjc241VUNmTWF5aERtNGxSTkczdTlLa2pWZDNoWjU1ZStNZERhWXBOVi9UOUxIRmtQejFFQisybTdRPT1cIixcInJvbGVcIjpcIm9yZGVyLWJhc2ljLGxpdmVfZGF0YS1iYXNpYyxub25fdHJhZGluZy1iYXNpYyxvcmRlcl9yZWFkX29ubHktYmFzaWMsYmFja190ZXN0XCIsXCJzb3VyY2VJcEFkZHJlc3NcIjpudWxsLFwidHdvRmFFeHBpcnlUc1wiOjE3NjYxMDQyMDAwMDB9IiwiaXNzIjoiYXBleC1hdXRoLXByb2QtYXBwIn0.IwztPE59eBj4IdpDpKoVxvcDxK-Vrzw4lXyHjgfDWOs4CoV0dwVmjmYHrxyPOJa_IJdB01W2HasviOUXHE4ZEg' \
  --header 'X-API-VERSION: 1.0'

📊 3-min candle trend → CE (O1=106.55, C3=105.7)
Market Direction: CE
❌ Skipping trade — market direction conflicts with momentum.
Waiting for 3 mins to get another data.
Traceback (most recent call last):
  File "C:\Users\HITS\eclipse-workspace\Groww_Python_Trading_Bot\QA_env_sample_test_groww_option_trading_final_bot.py", line 1325, in <module>
    auto_mode_runner()
  File "C:\Users\HITS\eclipse-workspace\Groww_Python_Trading_Bot\QA_env_sample_test_groww_option_trading_final_bot.py", line 1309, in auto_mode_runner
    time.sleep(180)
KeyboardInterrupt
