📝 Logging started. Log file: C:\Users\HITS\eclipse-workspace\Groww_Python_Trading_Bot\logs\Groww_Bot_2025-12-19_13-52-44.log
C:\Users\HITS\eclipse-workspace\Groww_Python_Trading_Bot\instrument.csv
Ready to Groww!
eyJraWQiOiJaTUtjVXciLCJhbGciOiJFUzI1NiJ9.eyJleHAiOjE3NjYxOTA2MDAsImlhdCI6MTc2NjEzMjU2MywibmJmIjoxNzY2MTMyNTYzLCJzdWIiOiJ7XCJ0b2tlblJlZklkXCI6XCI2YzQzMGY3MC00YmJiLTQ4YzgtYjUzMS0xNjA5MWJkYmZhNTVcIixcInZlbmRvckludGVncmF0aW9uS2V5XCI6XCJlMzFmZjIzYjA4NmI0MDZjODg3NGIyZjZkODQ5NTMxM1wiLFwidXNlckFjY291bnRJZFwiOlwiMmVlMjYyMjItN2MwNS00Y2IwLWIwM2MtNzAzYWRmNWVmN2RkXCIsXCJkZXZpY2VJZFwiOlwiNWQwYzdjODgtMGI1OS01MDU0LTk5ZTYtYWU5MzY5OTc2ZmRiXCIsXCJzZXNzaW9uSWRcIjpcIjY5MzFiNGEwLTMzZGQtNDkzZi04ZmUwLTY1ZWZkMzZiYzM5ZVwiLFwiYWRkaXRpb25hbERhdGFcIjpcIno1NC9NZzltdjE2WXdmb0gvS0EwYktvMDZXRlpjc241VUNmTWF5aERtNGxSTkczdTlLa2pWZDNoWjU1ZStNZERhWXBOVi9UOUxIRmtQejFFQisybTdRPT1cIixcInJvbGVcIjpcIm9yZGVyLWJhc2ljLGxpdmVfZGF0YS1iYXNpYyxub25fdHJhZGluZy1iYXNpYyxvcmRlcl9yZWFkX29ubHktYmFzaWMsYmFja190ZXN0XCIsXCJzb3VyY2VJcEFkZHJlc3NcIjpudWxsLFwidHdvRmFFeHBpcnlUc1wiOjE3NjYxOTA2MDAwMDB9IiwiaXNzIjoiYXBleC1hdXRoLXByb2QtYXBwIn0.ceunCT9p3nTSFXnCMVhDBwW9BC-2IWtVByFCYsVANbr66yHAkc0rhfIwtrd_ocd9Hm4iw2r2_pEezJIovdL82w
✅ Groww API Initialized Successfully
✅ Converted 'C:\Users\HITS\eclipse-workspace\Groww_Python_Trading_Bot\instrument.csv' → 'C:\Users\HITS\eclipse-workspace\Groww_Python_Trading_Bot\instrument.json'
📊 Live NIFTY Spot: 25979.65
✅ Converted 'C:\Users\HITS\eclipse-workspace\Groww_Python_Trading_Bot\instrument.csv' → 'C:\Users\HITS\eclipse-workspace\Groww_Python_Trading_Bot\instrument.json'
🎯 Filtering NIFTY 2025-12-23 instruments between 25500–26500 (Spot=25979.65)
✅ Loaded 316 filtered instruments (out of 149250)

✨ Groww NIFTY CP Bot Ready (Groww backend)
You can run in MANUAL or AUTO mode.
Manual example: Buy 14 NIFTY04NOV2525950CE at CP and Book at 1050

Choose mode: (m)anual / (a)uto / (q)uit: 
--- AUTO MODE (momentum + premium) ---
🔍 Detecting best option between CE and PE for NIFTY 2025-12-23…
➡️  Searching CE between 80-130
➡️  Searching PE between 80-130
⚙️ Checking momentum for top 1 CE candidates...

🧭 Checking momentum for NIFTY25D2325950CE (5 samples, every 1s):
⚙️ Checking momentum for top 1 PE candidates...

🧭 Checking momentum for NIFTY25D2326000PE (5 samples, every 1s):
[NIFTY25D2325950CE] ⏱ Sample 1/5: LTP = ₹91.75
[NIFTY25D2326000PE] ⏱ Sample 1/5: LTP = ₹92.90
[NIFTY25D2325950CE] ⏱ Sample 2/5: LTP = ₹92.25
[NIFTY25D2326000PE] ⏱ Sample 2/5: LTP = ₹92.70
[NIFTY25D2325950CE] ⏱ Sample 3/5: LTP = ₹92.30
[NIFTY25D2326000PE] ⏱ Sample 3/5: LTP = ₹92.75
[NIFTY25D2325950CE] ⏱ Sample 4/5: LTP = ₹92.25
[NIFTY25D2326000PE] ⏱ Sample 4/5: LTP = ₹93.05
[NIFTY25D2325950CE] ⏱ Sample 5/5: LTP = ₹92.00
[NIFTY25D2326000PE] ⏱ Sample 5/5: LTP = ₹92.80
[NIFTY25D2325950CE] 📊 Avg Δ = 0.045%, Consistency = 50.0% → FLAT
[NIFTY25D2325950CE] 📈 Range ₹91.75 → ₹92.00

⚠️ No strong momentum found for CE (>0.25%, consistency >70%)
📊 Running momentum check for CE (NIFTY25D2325950CE)

🧭 Checking momentum for NIFTY25D2325950CE (5 samples, every 1s):
[NIFTY25D2325950CE] ⏱ Sample 1/5: LTP = ₹92.10
[NIFTY25D2326000PE] 📊 Avg Δ = 0.045%, Consistency = 100.0% → FLAT
[NIFTY25D2326000PE] 📈 Range ₹92.90 → ₹92.80

⚠️ No strong momentum found for PE (>0.3%, consistency >70%)
📊 Running momentum check for PE (NIFTY25D2326000PE)

🧭 Checking momentum for NIFTY25D2326000PE (5 samples, every 1s):
[NIFTY25D2326000PE] ⏱ Sample 1/5: LTP = ₹93.15
[NIFTY25D2325950CE] ⏱ Sample 2/5: LTP = ₹91.50
[NIFTY25D2326000PE] ⏱ Sample 2/5: LTP = ₹93.50
[NIFTY25D2325950CE] ⏱ Sample 3/5: LTP = ₹91.60
[NIFTY25D2326000PE] ⏱ Sample 3/5: LTP = ₹93.25
[NIFTY25D2325950CE] ⏱ Sample 4/5: LTP = ₹91.25
[NIFTY25D2326000PE] ⏱ Sample 4/5: LTP = ₹93.25
[NIFTY25D2325950CE] ⏱ Sample 5/5: LTP = ₹91.30
[NIFTY25D2326000PE] ⏱ Sample 5/5: LTP = ₹93.55
[NIFTY25D2325950CE] 📊 Avg Δ = -0.191%, Consistency = 100.0% → FLAT
[NIFTY25D2325950CE] 📈 Range ₹92.10 → ₹91.30

✅ Momentum for CE: {'symbol': 'NIFTY25D2325950CE', 'avg_change': np.float64(-0.191), 'consistency': np.float64(100.0), 'direction': 'FLAT'}
🧩 Finished CE: NIFTY25D2325950CE, momentum={'symbol': 'NIFTY25D2325950CE', 'avg_change': np.float64(-0.191), 'consistency': np.float64(100.0), 'direction': 'FLAT'}
[NIFTY25D2326000PE] 📊 Avg Δ = 0.027%, Consistency = 100.0% → FLAT
[NIFTY25D2326000PE] 📈 Range ₹93.15 → ₹93.55

✅ Momentum for PE: {'symbol': 'NIFTY25D2326000PE', 'avg_change': np.float64(0.027), 'consistency': np.float64(100.0), 'direction': 'FLAT'}
🧩 Finished PE: NIFTY25D2326000PE, momentum={'symbol': 'NIFTY25D2326000PE', 'avg_change': np.float64(0.027), 'consistency': np.float64(100.0), 'direction': 'FLAT'}
🧮 Comparing CE vs PE momentum...
📈 CE momentum: -0.191% (FLAT, 100.0%)
📉 PE momentum: 0.027% (FLAT, 100.0%)
⚖️  Momentum similar — choosing PE fallback
✅ Selected: NIFTY25D2326000PE (PE) | LTP=91.7 | lot_size=75 | groww_symbol=NSE-NIFTY-23Dec25-26000-PE

🌀 Generated cURL for Groww Candle API:
curl --location 'https://api.groww.in/v1/historical/candles?exchange=NSE&segment=FNO&groww_symbol=NSE-NIFTY-23Dec25-26000-PE&start_time=2025-12-19 13:50:43&end_time=2025-12-19 13:53:43&candle_interval=1minute' \
  --header 'Accept: application/json' \
  --header 'Authorization: Bearer eyJraWQiOiJaTUtjVXciLCJhbGciOiJFUzI1NiJ9.eyJleHAiOjE3NjYxOTA2MDAsImlhdCI6MTc2NjEzMjU2MywibmJmIjoxNzY2MTMyNTYzLCJzdWIiOiJ7XCJ0b2tlblJlZklkXCI6XCI2YzQzMGY3MC00YmJiLTQ4YzgtYjUzMS0xNjA5MWJkYmZhNTVcIixcInZlbmRvckludGVncmF0aW9uS2V5XCI6XCJlMzFmZjIzYjA4NmI0MDZjODg3NGIyZjZkODQ5NTMxM1wiLFwidXNlckFjY291bnRJZFwiOlwiMmVlMjYyMjItN2MwNS00Y2IwLWIwM2MtNzAzYWRmNWVmN2RkXCIsXCJkZXZpY2VJZFwiOlwiNWQwYzdjODgtMGI1OS01MDU0LTk5ZTYtYWU5MzY5OTc2ZmRiXCIsXCJzZXNzaW9uSWRcIjpcIjY5MzFiNGEwLTMzZGQtNDkzZi04ZmUwLTY1ZWZkMzZiYzM5ZVwiLFwiYWRkaXRpb25hbERhdGFcIjpcIno1NC9NZzltdjE2WXdmb0gvS0EwYktvMDZXRlpjc241VUNmTWF5aERtNGxSTkczdTlLa2pWZDNoWjU1ZStNZERhWXBOVi9UOUxIRmtQejFFQisybTdRPT1cIixcInJvbGVcIjpcIm9yZGVyLWJhc2ljLGxpdmVfZGF0YS1iYXNpYyxub25fdHJhZGluZy1iYXNpYyxvcmRlcl9yZWFkX29ubHktYmFzaWMsYmFja190ZXN0XCIsXCJzb3VyY2VJcEFkZHJlc3NcIjpudWxsLFwidHdvRmFFeHBpcnlUc1wiOjE3NjYxOTA2MDAwMDB9IiwiaXNzIjoiYXBleC1hdXRoLXByb2QtYXBwIn0.ceunCT9p3nTSFXnCMVhDBwW9BC-2IWtVByFCYsVANbr66yHAkc0rhfIwtrd_ocd9Hm4iw2r2_pEezJIovdL82w' \
  --header 'X-API-VERSION: 1.0'

📊 3-min candle trend → PE (O1=92.6, C3=93.6)
Market Direction: PE
✅ Market direction CONFIRMS momentum PE → proceeding with order.
user_confirmation_needed : False
➡️ Placing auto order: {'symbol': 'NIFTY25D2326000PE', 'ltp': 91.7, 'lots': 14, 'book_profit': 1050.0, 'lot_size': 75, 'side': 'BUY'} ====== [2025-12-19 13:53:44]
🔹 Auto order => NIFTY25D2326000PE, qty=1050, book@1050.0 ====== [2025-12-19 13:53:45]
💰 LTP for NSE_NIFTY25D2326000PE: ₹93.5 ====== [2025-12-19 13:53:45]
✅ Auto Buy placed: :{'groww_order_id': 'GMKFO2512191353458UIZ5T3ZZPER', 'order_status': 'NEW', 'order_reference_id': '19628057', 'remark': None} ======= [2025-12-19 13:53:46]
📈 Trailing started...
🔼 New High: ₹93.65
🔼 New High: ₹93.75
🔼 New High: ₹93.9
🔼 New High: ₹94.05
🔼 New High: ₹94.5
🔼 New High: ₹94.65
🔼 New High: ₹94.7
🔼 New High: ₹94.85
📉 Trail Active | LTP=94.85 | Exit=94.1
🔼 New High: ₹95.3
📉 Trail Active | LTP=95.3 | Exit=94.55
📉 Trail Active | LTP=95.1 | Exit=94.55
📉 Trail Active | LTP=95.3 | Exit=94.55
📉 Trail Active | LTP=95.05 | Exit=94.55
📉 Trail Active | LTP=95.15 | Exit=94.55
🔼 New High: ₹95.45
📉 Trail Active | LTP=95.45 | Exit=94.7
🔼 New High: ₹95.6
📉 Trail Active | LTP=95.6 | Exit=94.85
🔼 New High: ₹95.7
📉 Trail Active | LTP=95.7 | Exit=94.95
📉 Trail Active | LTP=94.95 | Exit=94.95
🔻 Trailing HIT @ 94.85
Waiting for 1 min to get another data.
🔍 Detecting best option between CE and PE for NIFTY 2025-12-23…
➡️  Searching CE between 80-130
➡️  Searching PE between 80-130
⚙️ Checking momentum for top 1 CE candidates...

🧭 Checking momentum for NIFTY25D2325950CE (5 samples, every 1s):
⚙️ Checking momentum for top 1 PE candidates...

🧭 Checking momentum for NIFTY25D2326000PE (5 samples, every 1s):
[NIFTY25D2325950CE] ⏱ Sample 1/5: LTP = ₹93.20
[NIFTY25D2326000PE] ⏱ Sample 1/5: LTP = ₹91.70
[NIFTY25D2325950CE] ⏱ Sample 2/5: LTP = ₹93.35
[NIFTY25D2326000PE] ⏱ Sample 2/5: LTP = ₹91.45
[NIFTY25D2325950CE] ⏱ Sample 3/5: LTP = ₹93.15
[NIFTY25D2326000PE] ⏱ Sample 3/5: LTP = ₹91.50
[NIFTY25D2325950CE] ⏱ Sample 4/5: LTP = ₹93.20
[NIFTY25D2326000PE] ⏱ Sample 4/5: LTP = ₹92.55
[NIFTY25D2325950CE] ⏱ Sample 5/5: LTP = ₹92.45
[NIFTY25D2326000PE] ⏱ Sample 5/5: LTP = ₹92.80
[NIFTY25D2325950CE] 📊 Avg Δ = -0.161%, Consistency = 50.0% → FLAT
[NIFTY25D2325950CE] 📈 Range ₹93.20 → ₹92.45

⚠️ No strong momentum found for CE (>0.25%, consistency >70%)
📊 Running momentum check for CE (NIFTY25D2325950CE)

🧭 Checking momentum for NIFTY25D2325950CE (5 samples, every 1s):
[NIFTY25D2326000PE] 📊 Avg Δ = 0.400%, Consistency = 100.0% → UP
[NIFTY25D2326000PE] 📈 Range ₹91.70 → ₹92.80

🏆 Selected PE: NIFTY25D2326000PE (UP | 0.40% | Consistency 100.0%)
📊 Running momentum check for PE (NIFTY25D2326000PE)

🧭 Checking momentum for NIFTY25D2326000PE (5 samples, every 1s):
[NIFTY25D2325950CE] ⏱ Sample 1/5: LTP = ₹92.35
[NIFTY25D2326000PE] ⏱ Sample 1/5: LTP = ₹92.80
[NIFTY25D2325950CE] ⏱ Sample 2/5: LTP = ₹92.45
[NIFTY25D2326000PE] ⏱ Sample 2/5: LTP = ₹92.80
[NIFTY25D2325950CE] ⏱ Sample 3/5: LTP = ₹92.40
[NIFTY25D2326000PE] ⏱ Sample 3/5: LTP = ₹92.80
[NIFTY25D2325950CE] ⏱ Sample 4/5: LTP = ₹92.25
[NIFTY25D2326000PE] ⏱ Sample 4/5: LTP = ₹93.00
[NIFTY25D2325950CE] ⏱ Sample 5/5: LTP = ₹92.10
[NIFTY25D2326000PE] ⏱ Sample 5/5: LTP = ₹92.95
[NIFTY25D2325950CE] 📊 Avg Δ = -0.081%, Consistency = 100.0% → FLAT
[NIFTY25D2325950CE] 📈 Range ₹92.35 → ₹92.10

✅ Momentum for CE: {'symbol': 'NIFTY25D2325950CE', 'avg_change': np.float64(-0.081), 'consistency': np.float64(100.0), 'direction': 'FLAT'}
🧩 Finished CE: NIFTY25D2325950CE, momentum={'symbol': 'NIFTY25D2325950CE', 'avg_change': np.float64(-0.081), 'consistency': np.float64(100.0), 'direction': 'FLAT'}
[NIFTY25D2326000PE] 📊 Avg Δ = 0.063%, Consistency = 100.0% → FLAT
[NIFTY25D2326000PE] 📈 Range ₹92.80 → ₹92.95

✅ Momentum for PE: {'symbol': 'NIFTY25D2326000PE', 'avg_change': np.float64(0.063), 'consistency': np.float64(100.0), 'direction': 'FLAT'}
🧩 Finished PE: NIFTY25D2326000PE, momentum={'symbol': 'NIFTY25D2326000PE', 'avg_change': np.float64(0.063), 'consistency': np.float64(100.0), 'direction': 'FLAT'}
🧮 Comparing CE vs PE momentum...
📈 CE momentum: -0.081% (FLAT, 100.0%)
📉 PE momentum: 0.063% (FLAT, 100.0%)
⚖️  Momentum similar — choosing PE fallback
✅ Selected: NIFTY25D2326000PE (PE) | LTP=93.25 | lot_size=75 | groww_symbol=NSE-NIFTY-23Dec25-26000-PE

🌀 Generated cURL for Groww Candle API:
curl --location 'https://api.groww.in/v1/historical/candles?exchange=NSE&segment=FNO&groww_symbol=NSE-NIFTY-23Dec25-26000-PE&start_time=2025-12-19 13:55:10&end_time=2025-12-19 13:58:10&candle_interval=1minute' \
  --header 'Accept: application/json' \
  --header 'Authorization: Bearer eyJraWQiOiJaTUtjVXciLCJhbGciOiJFUzI1NiJ9.eyJleHAiOjE3NjYxOTA2MDAsImlhdCI6MTc2NjEzMjU2MywibmJmIjoxNzY2MTMyNTYzLCJzdWIiOiJ7XCJ0b2tlblJlZklkXCI6XCI2YzQzMGY3MC00YmJiLTQ4YzgtYjUzMS0xNjA5MWJkYmZhNTVcIixcInZlbmRvckludGVncmF0aW9uS2V5XCI6XCJlMzFmZjIzYjA4NmI0MDZjODg3NGIyZjZkODQ5NTMxM1wiLFwidXNlckFjY291bnRJZFwiOlwiMmVlMjYyMjItN2MwNS00Y2IwLWIwM2MtNzAzYWRmNWVmN2RkXCIsXCJkZXZpY2VJZFwiOlwiNWQwYzdjODgtMGI1OS01MDU0LTk5ZTYtYWU5MzY5OTc2ZmRiXCIsXCJzZXNzaW9uSWRcIjpcIjY5MzFiNGEwLTMzZGQtNDkzZi04ZmUwLTY1ZWZkMzZiYzM5ZVwiLFwiYWRkaXRpb25hbERhdGFcIjpcIno1NC9NZzltdjE2WXdmb0gvS0EwYktvMDZXRlpjc241VUNmTWF5aERtNGxSTkczdTlLa2pWZDNoWjU1ZStNZERhWXBOVi9UOUxIRmtQejFFQisybTdRPT1cIixcInJvbGVcIjpcIm9yZGVyLWJhc2ljLGxpdmVfZGF0YS1iYXNpYyxub25fdHJhZGluZy1iYXNpYyxvcmRlcl9yZWFkX29ubHktYmFzaWMsYmFja190ZXN0XCIsXCJzb3VyY2VJcEFkZHJlc3NcIjpudWxsLFwidHdvRmFFeHBpcnlUc1wiOjE3NjYxOTA2MDAwMDB9IiwiaXNzIjoiYXBleC1hdXRoLXByb2QtYXBwIn0.ceunCT9p3nTSFXnCMVhDBwW9BC-2IWtVByFCYsVANbr66yHAkc0rhfIwtrd_ocd9Hm4iw2r2_pEezJIovdL82w' \
  --header 'X-API-VERSION: 1.0'

📊 3-min candle trend → CE (O1=95.2, C3=93.3)
Market Direction: CE
❌ Skipping trade — market direction conflicts with momentum.
🔍 Detecting best option between CE and PE for NIFTY 2025-12-23…
➡️  Searching CE between 80-130
➡️  Searching PE between 80-130
⚙️ Checking momentum for top 1 CE candidates...

🧭 Checking momentum for NIFTY25D2325950CE (5 samples, every 1s):
⚙️ Checking momentum for top 1 PE candidates...

🧭 Checking momentum for NIFTY25D2326000PE (5 samples, every 1s):
[NIFTY25D2325950CE] ⏱ Sample 1/5: LTP = ₹89.50
[NIFTY25D2326000PE] ⏱ Sample 1/5: LTP = ₹94.70
[NIFTY25D2325950CE] ⏱ Sample 2/5: LTP = ₹90.00
[NIFTY25D2326000PE] ⏱ Sample 2/5: LTP = ₹94.35
[NIFTY25D2325950CE] ⏱ Sample 3/5: LTP = ₹90.55
[NIFTY25D2326000PE] ⏱ Sample 3/5: LTP = ₹94.40
[NIFTY25D2325950CE] ⏱ Sample 4/5: LTP = ₹90.25
[NIFTY25D2326000PE] ⏱ Sample 4/5: LTP = ₹94.45
[NIFTY25D2325950CE] ⏱ Sample 5/5: LTP = ₹90.25
[NIFTY25D2326000PE] ⏱ Sample 5/5: LTP = ₹94.10
[NIFTY25D2325950CE] 📊 Avg Δ = 0.185%, Consistency = 100.0% → FLAT
[NIFTY25D2325950CE] 📈 Range ₹89.50 → ₹90.25

⚠️ No strong momentum found for CE (>0.25%, consistency >70%)
📊 Running momentum check for CE (NIFTY25D2325950CE)

🧭 Checking momentum for NIFTY25D2325950CE (5 samples, every 1s):
[NIFTY25D2325950CE] ⏱ Sample 1/5: LTP = ₹90.60
[NIFTY25D2326000PE] 📊 Avg Δ = -0.088%, Consistency = 100.0% → FLAT
[NIFTY25D2326000PE] 📈 Range ₹94.70 → ₹94.10

⚠️ No strong momentum found for PE (>0.3%, consistency >70%)
📊 Running momentum check for PE (NIFTY25D2326000PE)

🧭 Checking momentum for NIFTY25D2326000PE (5 samples, every 1s):
[NIFTY25D2326000PE] ⏱ Sample 1/5: LTP = ₹94.10
[NIFTY25D2325950CE] ⏱ Sample 2/5: LTP = ₹90.55
[NIFTY25D2326000PE] ⏱ Sample 2/5: LTP = ₹93.95
[NIFTY25D2325950CE] ⏱ Sample 3/5: LTP = ₹91.05
[NIFTY25D2326000PE] ⏱ Sample 3/5: LTP = ₹93.75
[NIFTY25D2325950CE] ⏱ Sample 4/5: LTP = ₹91.55
[NIFTY25D2326000PE] ⏱ Sample 4/5: LTP = ₹93.60
[NIFTY25D2325950CE] ⏱ Sample 5/5: LTP = ₹91.15
[NIFTY25D2326000PE] ⏱ Sample 5/5: LTP = ₹93.90
[NIFTY25D2325950CE] 📊 Avg Δ = 0.284%, Consistency = 100.0% → UP
[NIFTY25D2325950CE] 📈 Range ₹90.60 → ₹91.15

✅ Momentum for CE: {'symbol': 'NIFTY25D2325950CE', 'avg_change': np.float64(0.284), 'consistency': np.float64(100.0), 'direction': 'UP'}
🧩 Finished CE: NIFTY25D2325950CE, momentum={'symbol': 'NIFTY25D2325950CE', 'avg_change': np.float64(0.284), 'consistency': np.float64(100.0), 'direction': 'UP'}
[NIFTY25D2326000PE] 📊 Avg Δ = -0.098%, Consistency = 100.0% → FLAT
[NIFTY25D2326000PE] 📈 Range ₹94.10 → ₹93.90

✅ Momentum for PE: {'symbol': 'NIFTY25D2326000PE', 'avg_change': np.float64(-0.098), 'consistency': np.float64(100.0), 'direction': 'FLAT'}
🧩 Finished PE: NIFTY25D2326000PE, momentum={'symbol': 'NIFTY25D2326000PE', 'avg_change': np.float64(-0.098), 'consistency': np.float64(100.0), 'direction': 'FLAT'}
🧮 Comparing CE vs PE momentum...
📈 CE momentum: 0.284% (UP, 100.0%)
📉 PE momentum: -0.098% (FLAT, 100.0%)
✅ Selected CE (stronger momentum)
✅ Selected: NIFTY25D2325950CE (CE) | LTP=91.35 | lot_size=75 | groww_symbol=NSE-NIFTY-23Dec25-25950-CE

🌀 Generated cURL for Groww Candle API:
curl --location 'https://api.groww.in/v1/historical/candles?exchange=NSE&segment=FNO&groww_symbol=NSE-NIFTY-23Dec25-25950-CE&start_time=2025-12-19 13:55:59&end_time=2025-12-19 13:58:59&candle_interval=1minute' \
  --header 'Accept: application/json' \
  --header 'Authorization: Bearer eyJraWQiOiJaTUtjVXciLCJhbGciOiJFUzI1NiJ9.eyJleHAiOjE3NjYxOTA2MDAsImlhdCI6MTc2NjEzMjU2MywibmJmIjoxNzY2MTMyNTYzLCJzdWIiOiJ7XCJ0b2tlblJlZklkXCI6XCI2YzQzMGY3MC00YmJiLTQ4YzgtYjUzMS0xNjA5MWJkYmZhNTVcIixcInZlbmRvckludGVncmF0aW9uS2V5XCI6XCJlMzFmZjIzYjA4NmI0MDZjODg3NGIyZjZkODQ5NTMxM1wiLFwidXNlckFjY291bnRJZFwiOlwiMmVlMjYyMjItN2MwNS00Y2IwLWIwM2MtNzAzYWRmNWVmN2RkXCIsXCJkZXZpY2VJZFwiOlwiNWQwYzdjODgtMGI1OS01MDU0LTk5ZTYtYWU5MzY5OTc2ZmRiXCIsXCJzZXNzaW9uSWRcIjpcIjY5MzFiNGEwLTMzZGQtNDkzZi04ZmUwLTY1ZWZkMzZiYzM5ZVwiLFwiYWRkaXRpb25hbERhdGFcIjpcIno1NC9NZzltdjE2WXdmb0gvS0EwYktvMDZXRlpjc241VUNmTWF5aERtNGxSTkczdTlLa2pWZDNoWjU1ZStNZERhWXBOVi9UOUxIRmtQejFFQisybTdRPT1cIixcInJvbGVcIjpcIm9yZGVyLWJhc2ljLGxpdmVfZGF0YS1iYXNpYyxub25fdHJhZGluZy1iYXNpYyxvcmRlcl9yZWFkX29ubHktYmFzaWMsYmFja190ZXN0XCIsXCJzb3VyY2VJcEFkZHJlc3NcIjpudWxsLFwidHdvRmFFeHBpcnlUc1wiOjE3NjYxOTA2MDAwMDB9IiwiaXNzIjoiYXBleC1hdXRoLXByb2QtYXBwIn0.ceunCT9p3nTSFXnCMVhDBwW9BC-2IWtVByFCYsVANbr66yHAkc0rhfIwtrd_ocd9Hm4iw2r2_pEezJIovdL82w' \
  --header 'X-API-VERSION: 1.0'

📊 3-min candle trend → CE (O1=89.0, C3=91.35)
Market Direction: CE
✅ Market direction CONFIRMS momentum CE → proceeding with order.
user_confirmation_needed : False
➡️ Placing auto order: {'symbol': 'NIFTY25D2325950CE', 'ltp': 91.35, 'lots': 14, 'book_profit': 1050.0, 'lot_size': 75, 'side': 'BUY'} ====== [2025-12-19 13:59:00]
🔹 Auto order => NIFTY25D2325950CE, qty=1050, book@1050.0 ====== [2025-12-19 13:59:01]
💰 LTP for NSE_NIFTY25D2325950CE: ₹91.0 ====== [2025-12-19 13:59:01]
✅ Auto Buy placed: :{'groww_order_id': 'GMKFO251219135901672J1LHCG4PP', 'order_status': 'NEW', 'order_reference_id': '11429500', 'remark': None} ======= [2025-12-19 13:59:02]
📈 Trailing started...
🔼 New High: ₹91.05
🔼 New High: ₹91.15
🔼 New High: ₹91.2
🔼 New High: ₹91.3
🔼 New High: ₹91.6
🔼 New High: ₹91.65
🔼 New High: ₹91.7
🔼 New High: ₹91.95
🔼 New High: ₹92.15
🔼 New High: ₹92.55
📉 Trail Active | LTP=92.55 | Exit=91.8
🔼 New High: ₹93.2
📉 Trail Active | LTP=93.2 | Exit=92.45
🔼 New High: ₹93.25
📉 Trail Active | LTP=93.25 | Exit=92.5
🔼 New High: ₹93.35
📉 Trail Active | LTP=93.35 | Exit=92.6
📉 Trail Active | LTP=93.25 | Exit=92.6
📉 Trail Active | LTP=93.2 | Exit=92.6
📉 Trail Active | LTP=93.15 | Exit=92.6
📉 Trail Active | LTP=92.8 | Exit=92.6
📉 Trail Active | LTP=93.15 | Exit=92.6
📉 Trail Active | LTP=93.2 | Exit=92.6
🔼 New High: ₹94.45
📉 Trail Active | LTP=94.45 | Exit=93.7
🔼 New High: ₹94.95
📉 Trail Active | LTP=94.95 | Exit=94.2
📉 Trail Active | LTP=94.75 | Exit=94.2
📉 Trail Active | LTP=94.75 | Exit=94.2
📉 Trail Active | LTP=93.65 | Exit=94.2
🔻 Trailing HIT @ 93.5
Waiting for 1 min to get another data.
🔍 Detecting best option between CE and PE for NIFTY 2025-12-23…
➡️  Searching CE between 80-130
➡️  Searching PE between 80-130
⚙️ Checking momentum for top 1 CE candidates...

🧭 Checking momentum for NIFTY25D2325950CE (5 samples, every 1s):
⚙️ Checking momentum for top 1 PE candidates...

🧭 Checking momentum for NIFTY25D2326000PE (5 samples, every 1s):
[NIFTY25D2325950CE] ⏱ Sample 1/5: LTP = ₹93.50
[NIFTY25D2326000PE] ⏱ Sample 1/5: LTP = ₹91.50
[NIFTY25D2325950CE] ⏱ Sample 2/5: LTP = ₹93.30
[NIFTY25D2326000PE] ⏱ Sample 2/5: LTP = ₹91.50
[NIFTY25D2325950CE] ⏱ Sample 3/5: LTP = ₹93.25
[NIFTY25D2326000PE] ⏱ Sample 3/5: LTP = ₹91.40
[NIFTY25D2325950CE] ⏱ Sample 4/5: LTP = ₹92.95
[NIFTY25D2326000PE] ⏱ Sample 4/5: LTP = ₹91.65
[NIFTY25D2325950CE] ⏱ Sample 5/5: LTP = ₹93.05
[NIFTY25D2326000PE] ⏱ Sample 5/5: LTP = ₹91.75
[NIFTY25D2325950CE] 📊 Avg Δ = -0.143%, Consistency = 100.0% → FLAT
[NIFTY25D2325950CE] 📈 Range ₹93.50 → ₹93.05

⚠️ No strong momentum found for CE (>0.25%, consistency >70%)
📊 Running momentum check for CE (NIFTY25D2325950CE)

🧭 Checking momentum for NIFTY25D2325950CE (5 samples, every 1s):
[NIFTY25D2325950CE] ⏱ Sample 1/5: LTP = ₹93.05
[NIFTY25D2326000PE] 📊 Avg Δ = 0.073%, Consistency = 100.0% → FLAT
[NIFTY25D2326000PE] 📈 Range ₹91.50 → ₹91.75

⚠️ No strong momentum found for PE (>0.3%, consistency >70%)
📊 Running momentum check for PE (NIFTY25D2326000PE)

🧭 Checking momentum for NIFTY25D2326000PE (5 samples, every 1s):
[NIFTY25D2326000PE] ⏱ Sample 1/5: LTP = ₹91.80
[NIFTY25D2325950CE] ⏱ Sample 2/5: LTP = ₹92.80
[NIFTY25D2326000PE] ⏱ Sample 2/5: LTP = ₹91.85
[NIFTY25D2325950CE] ⏱ Sample 3/5: LTP = ₹92.55
[NIFTY25D2326000PE] ⏱ Sample 3/5: LTP = ₹92.10
[NIFTY25D2325950CE] ⏱ Sample 4/5: LTP = ₹92.50
[NIFTY25D2326000PE] ⏱ Sample 4/5: LTP = ₹92.40
[NIFTY25D2325950CE] ⏱ Sample 5/5: LTP = ₹92.45
[NIFTY25D2326000PE] ⏱ Sample 5/5: LTP = ₹92.05
[NIFTY25D2325950CE] 📊 Avg Δ = -0.162%, Consistency = 100.0% → FLAT
[NIFTY25D2325950CE] 📈 Range ₹93.05 → ₹92.45

✅ Momentum for CE: {'symbol': 'NIFTY25D2325950CE', 'avg_change': np.float64(-0.162), 'consistency': np.float64(100.0), 'direction': 'FLAT'}
🧩 Finished CE: NIFTY25D2325950CE, momentum={'symbol': 'NIFTY25D2325950CE', 'avg_change': np.float64(-0.162), 'consistency': np.float64(100.0), 'direction': 'FLAT'}
[NIFTY25D2326000PE] 📊 Avg Δ = 0.145%, Consistency = 100.0% → FLAT
[NIFTY25D2326000PE] 📈 Range ₹91.80 → ₹92.05

✅ Momentum for PE: {'symbol': 'NIFTY25D2326000PE', 'avg_change': np.float64(0.145), 'consistency': np.float64(100.0), 'direction': 'FLAT'}
🧩 Finished PE: NIFTY25D2326000PE, momentum={'symbol': 'NIFTY25D2326000PE', 'avg_change': np.float64(0.145), 'consistency': np.float64(100.0), 'direction': 'FLAT'}
🧮 Comparing CE vs PE momentum...
📈 CE momentum: -0.162% (FLAT, 100.0%)
📉 PE momentum: 0.145% (FLAT, 100.0%)
✅ Selected PE (stronger momentum)
✅ Selected: NIFTY25D2326000PE (PE) | LTP=91.45 | lot_size=75 | groww_symbol=NSE-NIFTY-23Dec25-26000-PE

🌀 Generated cURL for Groww Candle API:
curl --location 'https://api.groww.in/v1/historical/candles?exchange=NSE&segment=FNO&groww_symbol=NSE-NIFTY-23Dec25-26000-PE&start_time=2025-12-19 13:59:38&end_time=2025-12-19 14:02:38&candle_interval=1minute' \
  --header 'Accept: application/json' \
  --header 'Authorization: Bearer eyJraWQiOiJaTUtjVXciLCJhbGciOiJFUzI1NiJ9.eyJleHAiOjE3NjYxOTA2MDAsImlhdCI6MTc2NjEzMjU2MywibmJmIjoxNzY2MTMyNTYzLCJzdWIiOiJ7XCJ0b2tlblJlZklkXCI6XCI2YzQzMGY3MC00YmJiLTQ4YzgtYjUzMS0xNjA5MWJkYmZhNTVcIixcInZlbmRvckludGVncmF0aW9uS2V5XCI6XCJlMzFmZjIzYjA4NmI0MDZjODg3NGIyZjZkODQ5NTMxM1wiLFwidXNlckFjY291bnRJZFwiOlwiMmVlMjYyMjItN2MwNS00Y2IwLWIwM2MtNzAzYWRmNWVmN2RkXCIsXCJkZXZpY2VJZFwiOlwiNWQwYzdjODgtMGI1OS01MDU0LTk5ZTYtYWU5MzY5OTc2ZmRiXCIsXCJzZXNzaW9uSWRcIjpcIjY5MzFiNGEwLTMzZGQtNDkzZi04ZmUwLTY1ZWZkMzZiYzM5ZVwiLFwiYWRkaXRpb25hbERhdGFcIjpcIno1NC9NZzltdjE2WXdmb0gvS0EwYktvMDZXRlpjc241VUNmTWF5aERtNGxSTkczdTlLa2pWZDNoWjU1ZStNZERhWXBOVi9UOUxIRmtQejFFQisybTdRPT1cIixcInJvbGVcIjpcIm9yZGVyLWJhc2ljLGxpdmVfZGF0YS1iYXNpYyxub25fdHJhZGluZy1iYXNpYyxvcmRlcl9yZWFkX29ubHktYmFzaWMsYmFja190ZXN0XCIsXCJzb3VyY2VJcEFkZHJlc3NcIjpudWxsLFwidHdvRmFFeHBpcnlUc1wiOjE3NjYxOTA2MDAwMDB9IiwiaXNzIjoiYXBleC1hdXRoLXByb2QtYXBwIn0.ceunCT9p3nTSFXnCMVhDBwW9BC-2IWtVByFCYsVANbr66yHAkc0rhfIwtrd_ocd9Hm4iw2r2_pEezJIovdL82w' \
  --header 'X-API-VERSION: 1.0'

📊 3-min candle trend → CE (O1=91.95, C3=91.95)
Market Direction: CE
❌ Skipping trade — market direction conflicts with momentum.
🔍 Detecting best option between CE and PE for NIFTY 2025-12-23…
➡️  Searching CE between 80-130
➡️  Searching PE between 80-130
⚙️ Checking momentum for top 1 CE candidates...

🧭 Checking momentum for NIFTY25D2325950CE (5 samples, every 1s):
⚙️ Checking momentum for top 1 PE candidates...

🧭 Checking momentum for NIFTY25D2326000PE (5 samples, every 1s):
[NIFTY25D2325950CE] ⏱ Sample 1/5: LTP = ₹91.70
[NIFTY25D2326000PE] ⏱ Sample 1/5: LTP = ₹92.70
[NIFTY25D2325950CE] ⏱ Sample 2/5: LTP = ₹91.35
[NIFTY25D2326000PE] ⏱ Sample 2/5: LTP = ₹92.45
[NIFTY25D2325950CE] ⏱ Sample 3/5: LTP = ₹91.85
[NIFTY25D2326000PE] ⏱ Sample 3/5: LTP = ₹92.55
[NIFTY25D2325950CE] ⏱ Sample 4/5: LTP = ₹92.05
[NIFTY25D2326000PE] ⏱ Sample 4/5: LTP = ₹92.40
[NIFTY25D2325950CE] ⏱ Sample 5/5: LTP = ₹91.75
[NIFTY25D2326000PE] ⏱ Sample 5/5: LTP = ₹92.60
[NIFTY25D2325950CE] 📊 Avg Δ = 0.136%, Consistency = 100.0% → FLAT
[NIFTY25D2325950CE] 📈 Range ₹91.70 → ₹91.75

⚠️ No strong momentum found for CE (>0.25%, consistency >70%)
📊 Running momentum check for CE (NIFTY25D2325950CE)

🧭 Checking momentum for NIFTY25D2325950CE (5 samples, every 1s):
[NIFTY25D2325950CE] ⏱ Sample 1/5: LTP = ₹91.95
[NIFTY25D2326000PE] 📊 Avg Δ = -0.027%, Consistency = 50.0% → FLAT
[NIFTY25D2326000PE] 📈 Range ₹92.70 → ₹92.60

⚠️ No strong momentum found for PE (>0.3%, consistency >70%)
📊 Running momentum check for PE (NIFTY25D2326000PE)

🧭 Checking momentum for NIFTY25D2326000PE (5 samples, every 1s):
[NIFTY25D2326000PE] ⏱ Sample 1/5: LTP = ₹92.35
[NIFTY25D2325950CE] ⏱ Sample 2/5: LTP = ₹91.50
[NIFTY25D2326000PE] ⏱ Sample 2/5: LTP = ₹92.80
[NIFTY25D2325950CE] ⏱ Sample 3/5: LTP = ₹90.70
[NIFTY25D2326000PE] ⏱ Sample 3/5: LTP = ₹93.15
[NIFTY25D2325950CE] ⏱ Sample 4/5: LTP = ₹90.75
[NIFTY25D2326000PE] ⏱ Sample 4/5: LTP = ₹93.25
[NIFTY25D2325950CE] ⏱ Sample 5/5: LTP = ₹90.70
[NIFTY25D2326000PE] ⏱ Sample 5/5: LTP = ₹93.35
[NIFTY25D2325950CE] 📊 Avg Δ = -0.365%, Consistency = 100.0% → DOWN
[NIFTY25D2325950CE] 📈 Range ₹91.95 → ₹90.70

✅ Momentum for CE: {'symbol': 'NIFTY25D2325950CE', 'avg_change': np.float64(-0.365), 'consistency': np.float64(100.0), 'direction': 'DOWN'}
🧩 Finished CE: NIFTY25D2325950CE, momentum={'symbol': 'NIFTY25D2325950CE', 'avg_change': np.float64(-0.365), 'consistency': np.float64(100.0), 'direction': 'DOWN'}
[NIFTY25D2326000PE] 📊 Avg Δ = 0.260%, Consistency = 100.0% → UP
[NIFTY25D2326000PE] 📈 Range ₹92.35 → ₹93.35

✅ Momentum for PE: {'symbol': 'NIFTY25D2326000PE', 'avg_change': np.float64(0.26), 'consistency': np.float64(100.0), 'direction': 'UP'}
🧩 Finished PE: NIFTY25D2326000PE, momentum={'symbol': 'NIFTY25D2326000PE', 'avg_change': np.float64(0.26), 'consistency': np.float64(100.0), 'direction': 'UP'}
🧮 Comparing CE vs PE momentum...
📈 CE momentum: -0.365% (DOWN, 100.0%)
📉 PE momentum: 0.260% (UP, 100.0%)
✅ Selected PE (stronger momentum)
✅ Selected: NIFTY25D2326000PE (PE) | LTP=92.0 | lot_size=75 | groww_symbol=NSE-NIFTY-23Dec25-26000-PE

🌀 Generated cURL for Groww Candle API:
curl --location 'https://api.groww.in/v1/historical/candles?exchange=NSE&segment=FNO&groww_symbol=NSE-NIFTY-23Dec25-26000-PE&start_time=2025-12-19 14:00:27&end_time=2025-12-19 14:03:27&candle_interval=1minute' \
  --header 'Accept: application/json' \
  --header 'Authorization: Bearer eyJraWQiOiJaTUtjVXciLCJhbGciOiJFUzI1NiJ9.eyJleHAiOjE3NjYxOTA2MDAsImlhdCI6MTc2NjEzMjU2MywibmJmIjoxNzY2MTMyNTYzLCJzdWIiOiJ7XCJ0b2tlblJlZklkXCI6XCI2YzQzMGY3MC00YmJiLTQ4YzgtYjUzMS0xNjA5MWJkYmZhNTVcIixcInZlbmRvckludGVncmF0aW9uS2V5XCI6XCJlMzFmZjIzYjA4NmI0MDZjODg3NGIyZjZkODQ5NTMxM1wiLFwidXNlckFjY291bnRJZFwiOlwiMmVlMjYyMjItN2MwNS00Y2IwLWIwM2MtNzAzYWRmNWVmN2RkXCIsXCJkZXZpY2VJZFwiOlwiNWQwYzdjODgtMGI1OS01MDU0LTk5ZTYtYWU5MzY5OTc2ZmRiXCIsXCJzZXNzaW9uSWRcIjpcIjY5MzFiNGEwLTMzZGQtNDkzZi04ZmUwLTY1ZWZkMzZiYzM5ZVwiLFwiYWRkaXRpb25hbERhdGFcIjpcIno1NC9NZzltdjE2WXdmb0gvS0EwYktvMDZXRlpjc241VUNmTWF5aERtNGxSTkczdTlLa2pWZDNoWjU1ZStNZERhWXBOVi9UOUxIRmtQejFFQisybTdRPT1cIixcInJvbGVcIjpcIm9yZGVyLWJhc2ljLGxpdmVfZGF0YS1iYXNpYyxub25fdHJhZGluZy1iYXNpYyxvcmRlcl9yZWFkX29ubHktYmFzaWMsYmFja190ZXN0XCIsXCJzb3VyY2VJcEFkZHJlc3NcIjpudWxsLFwidHdvRmFFeHBpcnlUc1wiOjE3NjYxOTA2MDAwMDB9IiwiaXNzIjoiYXBleC1hdXRoLXByb2QtYXBwIn0.ceunCT9p3nTSFXnCMVhDBwW9BC-2IWtVByFCYsVANbr66yHAkc0rhfIwtrd_ocd9Hm4iw2r2_pEezJIovdL82w' \
  --header 'X-API-VERSION: 1.0'

📊 3-min candle trend → PE (O1=90.7, C3=93.25)
Market Direction: PE
✅ Market direction CONFIRMS momentum PE → proceeding with order.
user_confirmation_needed : False
➡️ Placing auto order: {'symbol': 'NIFTY25D2326000PE', 'ltp': 92.0, 'lots': 14, 'book_profit': 1050.0, 'lot_size': 75, 'side': 'BUY'} ====== [2025-12-19 14:03:28]
🔹 Auto order => NIFTY25D2326000PE, qty=1050, book@1050.0 ====== [2025-12-19 14:03:29]
💰 LTP for NSE_NIFTY25D2326000PE: ₹93.45 ====== [2025-12-19 14:03:30]
✅ Auto Buy placed: :{'groww_order_id': 'GMKFO25121914032967EPKH8XUV7G', 'order_status': 'NEW', 'order_reference_id': '31419048', 'remark': None} ======= [2025-12-19 14:03:31]
📈 Trailing started...
🔼 New High: ₹93.75
🔼 New High: ₹93.8
🔼 New High: ₹94.2
🔼 New High: ₹94.5
🔼 New High: ₹94.75
📉 Trail Active | LTP=94.75 | Exit=94.0
🔼 New High: ₹94.95
📉 Trail Active | LTP=94.95 | Exit=94.2
🔼 New High: ₹95.1
📉 Trail Active | LTP=95.1 | Exit=94.35
📉 Trail Active | LTP=95.0 | Exit=94.35
🔼 New High: ₹95.35
📉 Trail Active | LTP=95.35 | Exit=94.6
🔼 New High: ₹96.15
📉 Trail Active | LTP=96.15 | Exit=95.4
🔼 New High: ₹97.0
📉 Trail Active | LTP=97.0 | Exit=96.25
📉 Trail Active | LTP=96.9 | Exit=96.25
🔼 New High: ₹97.3
📉 Trail Active | LTP=97.3 | Exit=96.55
🔼 New High: ₹97.95
📉 Trail Active | LTP=97.95 | Exit=97.2
📉 Trail Active | LTP=97.6 | Exit=97.2
📉 Trail Active | LTP=97.4 | Exit=97.2
🔻 Trailing HIT @ 96.5
Waiting for 1 min to get another data.
🔍 Detecting best option between CE and PE for NIFTY 2025-12-23…
➡️  Searching CE between 80-130
➡️  Searching PE between 80-130
⚙️ Checking momentum for top 1 CE candidates...

🧭 Checking momentum for NIFTY25D2325950CE (5 samples, every 1s):
⚙️ Checking momentum for top 1 PE candidates...

🧭 Checking momentum for NIFTY25D2326000PE (5 samples, every 1s):
[NIFTY25D2325950CE] ⏱ Sample 1/5: LTP = ₹89.40
[NIFTY25D2326000PE] ⏱ Sample 1/5: LTP = ₹94.90
[NIFTY25D2325950CE] ⏱ Sample 2/5: LTP = ₹89.35
[NIFTY25D2326000PE] ⏱ Sample 2/5: LTP = ₹94.90
[NIFTY25D2325950CE] ⏱ Sample 3/5: LTP = ₹89.55
[NIFTY25D2326000PE] ⏱ Sample 3/5: LTP = ₹94.75
[NIFTY25D2325950CE] ⏱ Sample 4/5: LTP = ₹89.40
[NIFTY25D2326000PE] ⏱ Sample 4/5: LTP = ₹94.70
[NIFTY25D2325950CE] ⏱ Sample 5/5: LTP = ₹89.80
[NIFTY25D2326000PE] ⏱ Sample 5/5: LTP = ₹94.75
[NIFTY25D2325950CE] 📊 Avg Δ = 0.084%, Consistency = 50.0% → FLAT
[NIFTY25D2325950CE] 📈 Range ₹89.40 → ₹89.80

⚠️ No strong momentum found for CE (>0.25%, consistency >70%)
📊 Running momentum check for CE (NIFTY25D2325950CE)

🧭 Checking momentum for NIFTY25D2325950CE (5 samples, every 1s):
[NIFTY25D2325950CE] ⏱ Sample 1/5: LTP = ₹89.65
[NIFTY25D2326000PE] 📊 Avg Δ = -0.062%, Consistency = 100.0% → FLAT
[NIFTY25D2326000PE] 📈 Range ₹94.90 → ₹94.75

⚠️ No strong momentum found for PE (>0.3%, consistency >70%)
📊 Running momentum check for PE (NIFTY25D2326000PE)

🧭 Checking momentum for NIFTY25D2326000PE (5 samples, every 1s):
[NIFTY25D2326000PE] ⏱ Sample 1/5: LTP = ₹94.50
[NIFTY25D2325950CE] ⏱ Sample 2/5: LTP = ₹89.70
[NIFTY25D2326000PE] ⏱ Sample 2/5: LTP = ₹94.30
[NIFTY25D2325950CE] ⏱ Sample 3/5: LTP = ₹89.35
[NIFTY25D2326000PE] ⏱ Sample 3/5: LTP = ₹94.80
[NIFTY25D2325950CE] ⏱ Sample 4/5: LTP = ₹89.00
[NIFTY25D2326000PE] ⏱ Sample 4/5: LTP = ₹95.45
[NIFTY25D2325950CE] ⏱ Sample 5/5: LTP = ₹88.75
[NIFTY25D2326000PE] ⏱ Sample 5/5: LTP = ₹95.35
[NIFTY25D2325950CE] 📊 Avg Δ = -0.298%, Consistency = 100.0% → DOWN
[NIFTY25D2325950CE] 📈 Range ₹89.65 → ₹88.75

✅ Momentum for CE: {'symbol': 'NIFTY25D2325950CE', 'avg_change': np.float64(-0.298), 'consistency': np.float64(100.0), 'direction': 'DOWN'}
🧩 Finished CE: NIFTY25D2325950CE, momentum={'symbol': 'NIFTY25D2325950CE', 'avg_change': np.float64(-0.298), 'consistency': np.float64(100.0), 'direction': 'DOWN'}
[NIFTY25D2326000PE] 📊 Avg Δ = 0.352%, Consistency = 100.0% → UP
[NIFTY25D2326000PE] 📈 Range ₹94.50 → ₹95.35

✅ Momentum for PE: {'symbol': 'NIFTY25D2326000PE', 'avg_change': np.float64(0.352), 'consistency': np.float64(100.0), 'direction': 'UP'}
🧩 Finished PE: NIFTY25D2326000PE, momentum={'symbol': 'NIFTY25D2326000PE', 'avg_change': np.float64(0.352), 'consistency': np.float64(100.0), 'direction': 'UP'}
🧮 Comparing CE vs PE momentum...
📈 CE momentum: -0.298% (DOWN, 100.0%)
📉 PE momentum: 0.352% (UP, 100.0%)
✅ Selected PE (stronger momentum)
✅ Selected: NIFTY25D2326000PE (PE) | LTP=95.4 | lot_size=75 | groww_symbol=NSE-NIFTY-23Dec25-26000-PE

🌀 Generated cURL for Groww Candle API:
curl --location 'https://api.groww.in/v1/historical/candles?exchange=NSE&segment=FNO&groww_symbol=NSE-NIFTY-23Dec25-26000-PE&start_time=2025-12-19 14:03:28&end_time=2025-12-19 14:06:28&candle_interval=1minute' \
  --header 'Accept: application/json' \
  --header 'Authorization: Bearer eyJraWQiOiJaTUtjVXciLCJhbGciOiJFUzI1NiJ9.eyJleHAiOjE3NjYxOTA2MDAsImlhdCI6MTc2NjEzMjU2MywibmJmIjoxNzY2MTMyNTYzLCJzdWIiOiJ7XCJ0b2tlblJlZklkXCI6XCI2YzQzMGY3MC00YmJiLTQ4YzgtYjUzMS0xNjA5MWJkYmZhNTVcIixcInZlbmRvckludGVncmF0aW9uS2V5XCI6XCJlMzFmZjIzYjA4NmI0MDZjODg3NGIyZjZkODQ5NTMxM1wiLFwidXNlckFjY291bnRJZFwiOlwiMmVlMjYyMjItN2MwNS00Y2IwLWIwM2MtNzAzYWRmNWVmN2RkXCIsXCJkZXZpY2VJZFwiOlwiNWQwYzdjODgtMGI1OS01MDU0LTk5ZTYtYWU5MzY5OTc2ZmRiXCIsXCJzZXNzaW9uSWRcIjpcIjY5MzFiNGEwLTMzZGQtNDkzZi04ZmUwLTY1ZWZkMzZiYzM5ZVwiLFwiYWRkaXRpb25hbERhdGFcIjpcIno1NC9NZzltdjE2WXdmb0gvS0EwYktvMDZXRlpjc241VUNmTWF5aERtNGxSTkczdTlLa2pWZDNoWjU1ZStNZERhWXBOVi9UOUxIRmtQejFFQisybTdRPT1cIixcInJvbGVcIjpcIm9yZGVyLWJhc2ljLGxpdmVfZGF0YS1iYXNpYyxub25fdHJhZGluZy1iYXNpYyxvcmRlcl9yZWFkX29ubHktYmFzaWMsYmFja190ZXN0XCIsXCJzb3VyY2VJcEFkZHJlc3NcIjpudWxsLFwidHdvRmFFeHBpcnlUc1wiOjE3NjYxOTA2MDAwMDB9IiwiaXNzIjoiYXBleC1hdXRoLXByb2QtYXBwIn0.ceunCT9p3nTSFXnCMVhDBwW9BC-2IWtVByFCYsVANbr66yHAkc0rhfIwtrd_ocd9Hm4iw2r2_pEezJIovdL82w' \
  --header 'X-API-VERSION: 1.0'

📊 3-min candle trend → PE (O1=95.2, C3=95.25)
Market Direction: PE
✅ Market direction CONFIRMS momentum PE → proceeding with order.
user_confirmation_needed : False
➡️ Placing auto order: {'symbol': 'NIFTY25D2326000PE', 'ltp': 95.4, 'lots': 14, 'book_profit': 1050.0, 'lot_size': 75, 'side': 'BUY'} ====== [2025-12-19 14:06:29]
🔹 Auto order => NIFTY25D2326000PE, qty=1050, book@1050.0 ====== [2025-12-19 14:06:29]
💰 LTP for NSE_NIFTY25D2326000PE: ₹95.3 ====== [2025-12-19 14:06:30]
✅ Auto Buy placed: :{'groww_order_id': 'GMKFO25121914062942VOJ3G3WJOW', 'order_status': 'NEW', 'order_reference_id': '53660247', 'remark': None} ======= [2025-12-19 14:06:31]
📈 Trailing started...
🔼 New High: ₹95.35
🔼 New High: ₹95.55
🔼 New High: ₹95.75
🔼 New High: ₹95.85
🔼 New High: ₹95.95
🔼 New High: ₹96.25
🔼 New High: ₹96.55
📉 Trail Active | LTP=96.55 | Exit=95.8
🔼 New High: ₹96.9
📉 Trail Active | LTP=96.9 | Exit=96.15
📉 Trail Active | LTP=96.8 | Exit=96.15
📉 Trail Active | LTP=96.55 | Exit=96.15
🔻 Trailing HIT @ 96.15
Waiting for 1 min to get another data.
🔍 Detecting best option between CE and PE for NIFTY 2025-12-23…
➡️  Searching CE between 80-130
➡️  Searching PE between 80-130
⚙️ Checking momentum for top 1 CE candidates...

🧭 Checking momentum for NIFTY25D2325950CE (5 samples, every 1s):
⚙️ Checking momentum for top 1 PE candidates...

🧭 Checking momentum for NIFTY25D2326000PE (5 samples, every 1s):
[NIFTY25D2325950CE] ⏱ Sample 1/5: LTP = ₹87.60
[NIFTY25D2326000PE] ⏱ Sample 1/5: LTP = ₹95.65
[NIFTY25D2325950CE] ⏱ Sample 2/5: LTP = ₹87.80
[NIFTY25D2326000PE] ⏱ Sample 2/5: LTP = ₹95.45
[NIFTY25D2325950CE] ⏱ Sample 3/5: LTP = ₹87.95
[NIFTY25D2326000PE] ⏱ Sample 3/5: LTP = ₹95.60
[NIFTY25D2325950CE] ⏱ Sample 4/5: LTP = ₹88.20
[NIFTY25D2326000PE] ⏱ Sample 4/5: LTP = ₹95.25
[NIFTY25D2325950CE] ⏱ Sample 5/5: LTP = ₹88.35
[NIFTY25D2326000PE] ⏱ Sample 5/5: LTP = ₹95.25
[NIFTY25D2325950CE] 📊 Avg Δ = 0.218%, Consistency = 100.0% → FLAT
[NIFTY25D2325950CE] 📈 Range ₹87.60 → ₹88.35

⚠️ No strong momentum found for CE (>0.25%, consistency >70%)
📊 Running momentum check for CE (NIFTY25D2325950CE)

🧭 Checking momentum for NIFTY25D2325950CE (5 samples, every 1s):
[NIFTY25D2325950CE] ⏱ Sample 1/5: LTP = ₹88.30
[NIFTY25D2326000PE] 📊 Avg Δ = -0.105%, Consistency = 100.0% → FLAT
[NIFTY25D2326000PE] 📈 Range ₹95.65 → ₹95.25

⚠️ No strong momentum found for PE (>0.3%, consistency >70%)
📊 Running momentum check for PE (NIFTY25D2326000PE)

🧭 Checking momentum for NIFTY25D2326000PE (5 samples, every 1s):
[NIFTY25D2326000PE] ⏱ Sample 1/5: LTP = ₹95.25
[NIFTY25D2325950CE] ⏱ Sample 2/5: LTP = ₹88.20
[NIFTY25D2326000PE] ⏱ Sample 2/5: LTP = ₹95.15
[NIFTY25D2325950CE] ⏱ Sample 3/5: LTP = ₹88.00
[NIFTY25D2326000PE] ⏱ Sample 3/5: LTP = ₹95.10
[NIFTY25D2325950CE] ⏱ Sample 4/5: LTP = ₹88.55
[NIFTY25D2326000PE] ⏱ Sample 4/5: LTP = ₹95.00
[NIFTY25D2325950CE] ⏱ Sample 5/5: LTP = ₹88.50
[NIFTY25D2326000PE] ⏱ Sample 5/5: LTP = ₹95.05
[NIFTY25D2325950CE] 📊 Avg Δ = 0.104%, Consistency = 100.0% → FLAT
[NIFTY25D2325950CE] 📈 Range ₹88.30 → ₹88.50

✅ Momentum for CE: {'symbol': 'NIFTY25D2325950CE', 'avg_change': np.float64(0.104), 'consistency': np.float64(100.0), 'direction': 'FLAT'}
🧩 Finished CE: NIFTY25D2325950CE, momentum={'symbol': 'NIFTY25D2325950CE', 'avg_change': np.float64(0.104), 'consistency': np.float64(100.0), 'direction': 'FLAT'}
[NIFTY25D2326000PE] 📊 Avg Δ = -0.061%, Consistency = 100.0% → FLAT
[NIFTY25D2326000PE] 📈 Range ₹95.25 → ₹95.05

✅ Momentum for PE: {'symbol': 'NIFTY25D2326000PE', 'avg_change': np.float64(-0.061), 'consistency': np.float64(100.0), 'direction': 'FLAT'}
🧩 Finished PE: NIFTY25D2326000PE, momentum={'symbol': 'NIFTY25D2326000PE', 'avg_change': np.float64(-0.061), 'consistency': np.float64(100.0), 'direction': 'FLAT'}
🧮 Comparing CE vs PE momentum...
📈 CE momentum: 0.104% (FLAT, 100.0%)
📉 PE momentum: -0.061% (FLAT, 100.0%)
⚖️  Momentum similar — choosing CE fallback
✅ Selected: NIFTY25D2325950CE (CE) | LTP=88.0 | lot_size=75 | groww_symbol=NSE-NIFTY-23Dec25-25950-CE

🌀 Generated cURL for Groww Candle API:
curl --location 'https://api.groww.in/v1/historical/candles?exchange=NSE&segment=FNO&groww_symbol=NSE-NIFTY-23Dec25-25950-CE&start_time=2025-12-19 14:05:58&end_time=2025-12-19 14:08:58&candle_interval=1minute' \
  --header 'Accept: application/json' \
  --header 'Authorization: Bearer eyJraWQiOiJaTUtjVXciLCJhbGciOiJFUzI1NiJ9.eyJleHAiOjE3NjYxOTA2MDAsImlhdCI6MTc2NjEzMjU2MywibmJmIjoxNzY2MTMyNTYzLCJzdWIiOiJ7XCJ0b2tlblJlZklkXCI6XCI2YzQzMGY3MC00YmJiLTQ4YzgtYjUzMS0xNjA5MWJkYmZhNTVcIixcInZlbmRvckludGVncmF0aW9uS2V5XCI6XCJlMzFmZjIzYjA4NmI0MDZjODg3NGIyZjZkODQ5NTMxM1wiLFwidXNlckFjY291bnRJZFwiOlwiMmVlMjYyMjItN2MwNS00Y2IwLWIwM2MtNzAzYWRmNWVmN2RkXCIsXCJkZXZpY2VJZFwiOlwiNWQwYzdjODgtMGI1OS01MDU0LTk5ZTYtYWU5MzY5OTc2ZmRiXCIsXCJzZXNzaW9uSWRcIjpcIjY5MzFiNGEwLTMzZGQtNDkzZi04ZmUwLTY1ZWZkMzZiYzM5ZVwiLFwiYWRkaXRpb25hbERhdGFcIjpcIno1NC9NZzltdjE2WXdmb0gvS0EwYktvMDZXRlpjc241VUNmTWF5aERtNGxSTkczdTlLa2pWZDNoWjU1ZStNZERhWXBOVi9UOUxIRmtQejFFQisybTdRPT1cIixcInJvbGVcIjpcIm9yZGVyLWJhc2ljLGxpdmVfZGF0YS1iYXNpYyxub25fdHJhZGluZy1iYXNpYyxvcmRlcl9yZWFkX29ubHktYmFzaWMsYmFja190ZXN0XCIsXCJzb3VyY2VJcEFkZHJlc3NcIjpudWxsLFwidHdvRmFFeHBpcnlUc1wiOjE3NjYxOTA2MDAwMDB9IiwiaXNzIjoiYXBleC1hdXRoLXByb2QtYXBwIn0.ceunCT9p3nTSFXnCMVhDBwW9BC-2IWtVByFCYsVANbr66yHAkc0rhfIwtrd_ocd9Hm4iw2r2_pEezJIovdL82w' \
  --header 'X-API-VERSION: 1.0'

📊 3-min candle trend → PE (O1=88.6, C3=88.5)
Market Direction: PE
❌ Skipping trade — market direction conflicts with momentum.
🔍 Detecting best option between CE and PE for NIFTY 2025-12-23…
➡️  Searching CE between 80-130
➡️  Searching PE between 80-130
⚙️ Checking momentum for top 1 CE candidates...

🧭 Checking momentum for NIFTY25D2325950CE (5 samples, every 1s):
[NIFTY25D2325950CE] ⏱ Sample 1/5: LTP = ₹89.95
⚙️ Checking momentum for top 1 PE candidates...

🧭 Checking momentum for NIFTY25D2326000PE (5 samples, every 1s):
[NIFTY25D2326000PE] ⏱ Sample 1/5: LTP = ₹93.60
[NIFTY25D2325950CE] ⏱ Sample 2/5: LTP = ₹89.90
[NIFTY25D2326000PE] ⏱ Sample 2/5: LTP = ₹93.80
[NIFTY25D2325950CE] ⏱ Sample 3/5: LTP = ₹90.00
[NIFTY25D2326000PE] ⏱ Sample 3/5: LTP = ₹94.25
[NIFTY25D2325950CE] ⏱ Sample 4/5: LTP = ₹89.55
[NIFTY25D2326000PE] ⏱ Sample 4/5: LTP = ₹94.10
[NIFTY25D2325950CE] ⏱ Sample 5/5: LTP = ₹89.15
[NIFTY25D2326000PE] ⏱ Sample 5/5: LTP = ₹94.50
[NIFTY25D2325950CE] 📊 Avg Δ = -0.213%, Consistency = 100.0% → FLAT
[NIFTY25D2325950CE] 📈 Range ₹89.95 → ₹89.15

⚠️ No strong momentum found for CE (>0.25%, consistency >70%)
📊 Running momentum check for CE (NIFTY25D2325950CE)

🧭 Checking momentum for NIFTY25D2325950CE (5 samples, every 1s):
[NIFTY25D2325950CE] ⏱ Sample 1/5: LTP = ₹89.10
[NIFTY25D2326000PE] 📊 Avg Δ = 0.213%, Consistency = 100.0% → FLAT
[NIFTY25D2326000PE] 📈 Range ₹93.60 → ₹94.50

⚠️ No strong momentum found for PE (>0.3%, consistency >70%)
📊 Running momentum check for PE (NIFTY25D2326000PE)

🧭 Checking momentum for NIFTY25D2326000PE (5 samples, every 1s):
[NIFTY25D2326000PE] ⏱ Sample 1/5: LTP = ₹94.40
[NIFTY25D2325950CE] ⏱ Sample 2/5: LTP = ₹89.40
[NIFTY25D2326000PE] ⏱ Sample 2/5: LTP = ₹94.65
[NIFTY25D2325950CE] ⏱ Sample 3/5: LTP = ₹89.15
[NIFTY25D2326000PE] ⏱ Sample 3/5: LTP = ₹94.70
[NIFTY25D2325950CE] ⏱ Sample 4/5: LTP = ₹88.95
[NIFTY25D2326000PE] ⏱ Sample 4/5: LTP = ₹94.75
[NIFTY25D2325950CE] ⏱ Sample 5/5: LTP = ₹89.00
[NIFTY25D2325950CE] 📊 Avg Δ = -0.103%, Consistency = 100.0% → FLAT
[NIFTY25D2325950CE] 📈 Range ₹89.10 → ₹89.00

✅ Momentum for CE: {'symbol': 'NIFTY25D2325950CE', 'avg_change': np.float64(-0.103), 'consistency': np.float64(100.0), 'direction': 'FLAT'}
🧩 Finished CE: NIFTY25D2325950CE, momentum={'symbol': 'NIFTY25D2325950CE', 'avg_change': np.float64(-0.103), 'consistency': np.float64(100.0), 'direction': 'FLAT'}
[NIFTY25D2326000PE] ⏱ Sample 5/5: LTP = ₹94.75
[NIFTY25D2326000PE] 📊 Avg Δ = 0.079%, Consistency = 100.0% → FLAT
[NIFTY25D2326000PE] 📈 Range ₹94.40 → ₹94.75

✅ Momentum for PE: {'symbol': 'NIFTY25D2326000PE', 'avg_change': np.float64(0.079), 'consistency': np.float64(100.0), 'direction': 'FLAT'}
🧩 Finished PE: NIFTY25D2326000PE, momentum={'symbol': 'NIFTY25D2326000PE', 'avg_change': np.float64(0.079), 'consistency': np.float64(100.0), 'direction': 'FLAT'}
🧮 Comparing CE vs PE momentum...
📈 CE momentum: -0.103% (FLAT, 100.0%)
📉 PE momentum: 0.079% (FLAT, 100.0%)
⚖️  Momentum similar — choosing PE fallback
✅ Selected: NIFTY25D2326000PE (PE) | LTP=94.0 | lot_size=75 | groww_symbol=NSE-NIFTY-23Dec25-26000-PE

🌀 Generated cURL for Groww Candle API:
curl --location 'https://api.groww.in/v1/historical/candles?exchange=NSE&segment=FNO&groww_symbol=NSE-NIFTY-23Dec25-26000-PE&start_time=2025-12-19 14:06:59&end_time=2025-12-19 14:09:59&candle_interval=1minute' \
  --header 'Accept: application/json' \
  --header 'Authorization: Bearer eyJraWQiOiJaTUtjVXciLCJhbGciOiJFUzI1NiJ9.eyJleHAiOjE3NjYxOTA2MDAsImlhdCI6MTc2NjEzMjU2MywibmJmIjoxNzY2MTMyNTYzLCJzdWIiOiJ7XCJ0b2tlblJlZklkXCI6XCI2YzQzMGY3MC00YmJiLTQ4YzgtYjUzMS0xNjA5MWJkYmZhNTVcIixcInZlbmRvckludGVncmF0aW9uS2V5XCI6XCJlMzFmZjIzYjA4NmI0MDZjODg3NGIyZjZkODQ5NTMxM1wiLFwidXNlckFjY291bnRJZFwiOlwiMmVlMjYyMjItN2MwNS00Y2IwLWIwM2MtNzAzYWRmNWVmN2RkXCIsXCJkZXZpY2VJZFwiOlwiNWQwYzdjODgtMGI1OS01MDU0LTk5ZTYtYWU5MzY5OTc2ZmRiXCIsXCJzZXNzaW9uSWRcIjpcIjY5MzFiNGEwLTMzZGQtNDkzZi04ZmUwLTY1ZWZkMzZiYzM5ZVwiLFwiYWRkaXRpb25hbERhdGFcIjpcIno1NC9NZzltdjE2WXdmb0gvS0EwYktvMDZXRlpjc241VUNmTWF5aERtNGxSTkczdTlLa2pWZDNoWjU1ZStNZERhWXBOVi9UOUxIRmtQejFFQisybTdRPT1cIixcInJvbGVcIjpcIm9yZGVyLWJhc2ljLGxpdmVfZGF0YS1iYXNpYyxub25fdHJhZGluZy1iYXNpYyxvcmRlcl9yZWFkX29ubHktYmFzaWMsYmFja190ZXN0XCIsXCJzb3VyY2VJcEFkZHJlc3NcIjpudWxsLFwidHdvRmFFeHBpcnlUc1wiOjE3NjYxOTA2MDAwMDB9IiwiaXNzIjoiYXBleC1hdXRoLXByb2QtYXBwIn0.ceunCT9p3nTSFXnCMVhDBwW9BC-2IWtVByFCYsVANbr66yHAkc0rhfIwtrd_ocd9Hm4iw2r2_pEezJIovdL82w' \
  --header 'X-API-VERSION: 1.0'

📊 3-min candle trend → CE (O1=96.6, C3=94.75)
Market Direction: CE
❌ Skipping trade — market direction conflicts with momentum.
🔍 Detecting best option between CE and PE for NIFTY 2025-12-23…
➡️  Searching CE between 80-130
➡️  Searching PE between 80-130
⚙️ Checking momentum for top 1 CE candidates...

🧭 Checking momentum for NIFTY25D2325950CE (5 samples, every 1s):
⚙️ Checking momentum for top 1 PE candidates...

🧭 Checking momentum for NIFTY25D2326000PE (5 samples, every 1s):
[NIFTY25D2325950CE] ⏱ Sample 1/5: LTP = ₹88.30
[NIFTY25D2326000PE] ⏱ Sample 1/5: LTP = ₹94.85
[NIFTY25D2325950CE] ⏱ Sample 2/5: LTP = ₹88.50
[NIFTY25D2326000PE] ⏱ Sample 2/5: LTP = ₹95.20
[NIFTY25D2325950CE] ⏱ Sample 3/5: LTP = ₹88.25
[NIFTY25D2326000PE] ⏱ Sample 3/5: LTP = ₹95.25
[NIFTY25D2325950CE] ⏱ Sample 4/5: LTP = ₹88.50
[NIFTY25D2326000PE] ⏱ Sample 4/5: LTP = ₹95.25
[NIFTY25D2325950CE] ⏱ Sample 5/5: LTP = ₹88.10
[NIFTY25D2326000PE] ⏱ Sample 5/5: LTP = ₹95.25
[NIFTY25D2325950CE] 📊 Avg Δ = -0.038%, Consistency = 50.0% → FLAT
[NIFTY25D2325950CE] 📈 Range ₹88.30 → ₹88.10

⚠️ No strong momentum found for CE (>0.25%, consistency >70%)
📊 Running momentum check for CE (NIFTY25D2325950CE)

🧭 Checking momentum for NIFTY25D2325950CE (5 samples, every 1s):
[NIFTY25D2325950CE] ⏱ Sample 1/5: LTP = ₹88.35
[NIFTY25D2326000PE] 📊 Avg Δ = 0.079%, Consistency = 100.0% → FLAT
[NIFTY25D2326000PE] 📈 Range ₹94.85 → ₹95.25

⚠️ No strong momentum found for PE (>0.3%, consistency >70%)
📊 Running momentum check for PE (NIFTY25D2326000PE)

🧭 Checking momentum for NIFTY25D2326000PE (5 samples, every 1s):
[NIFTY25D2326000PE] ⏱ Sample 1/5: LTP = ₹94.95
[NIFTY25D2325950CE] ⏱ Sample 2/5: LTP = ₹88.45
[NIFTY25D2326000PE] ⏱ Sample 2/5: LTP = ₹95.25
[NIFTY25D2325950CE] ⏱ Sample 3/5: LTP = ₹88.10
[NIFTY25D2326000PE] ⏱ Sample 3/5: LTP = ₹95.35
[NIFTY25D2325950CE] ⏱ Sample 4/5: LTP = ₹87.55
[NIFTY25D2326000PE] ⏱ Sample 4/5: LTP = ₹95.55
[NIFTY25D2325950CE] ⏱ Sample 5/5: LTP = ₹87.35
[NIFTY25D2326000PE] ⏱ Sample 5/5: LTP = ₹95.45
[NIFTY25D2325950CE] 📊 Avg Δ = -0.359%, Consistency = 100.0% → DOWN
[NIFTY25D2325950CE] 📈 Range ₹88.35 → ₹87.35

✅ Momentum for CE: {'symbol': 'NIFTY25D2325950CE', 'avg_change': np.float64(-0.359), 'consistency': np.float64(100.0), 'direction': 'DOWN'}
🧩 Finished CE: NIFTY25D2325950CE, momentum={'symbol': 'NIFTY25D2325950CE', 'avg_change': np.float64(-0.359), 'consistency': np.float64(100.0), 'direction': 'DOWN'}
[NIFTY25D2326000PE] 📊 Avg Δ = 0.140%, Consistency = 100.0% → FLAT
[NIFTY25D2326000PE] 📈 Range ₹94.95 → ₹95.45

✅ Momentum for PE: {'symbol': 'NIFTY25D2326000PE', 'avg_change': np.float64(0.14), 'consistency': np.float64(100.0), 'direction': 'FLAT'}
🧩 Finished PE: NIFTY25D2326000PE, momentum={'symbol': 'NIFTY25D2326000PE', 'avg_change': np.float64(0.14), 'consistency': np.float64(100.0), 'direction': 'FLAT'}
🧮 Comparing CE vs PE momentum...
📈 CE momentum: -0.359% (DOWN, 100.0%)
📉 PE momentum: 0.140% (FLAT, 100.0%)
✅ Selected PE (stronger momentum)
✅ Selected: NIFTY25D2326000PE (PE) | LTP=94.4 | lot_size=75 | groww_symbol=NSE-NIFTY-23Dec25-26000-PE

🌀 Generated cURL for Groww Candle API:
curl --location 'https://api.groww.in/v1/historical/candles?exchange=NSE&segment=FNO&groww_symbol=NSE-NIFTY-23Dec25-26000-PE&start_time=2025-12-19 14:07:48&end_time=2025-12-19 14:10:48&candle_interval=1minute' \
  --header 'Accept: application/json' \
  --header 'Authorization: Bearer eyJraWQiOiJaTUtjVXciLCJhbGciOiJFUzI1NiJ9.eyJleHAiOjE3NjYxOTA2MDAsImlhdCI6MTc2NjEzMjU2MywibmJmIjoxNzY2MTMyNTYzLCJzdWIiOiJ7XCJ0b2tlblJlZklkXCI6XCI2YzQzMGY3MC00YmJiLTQ4YzgtYjUzMS0xNjA5MWJkYmZhNTVcIixcInZlbmRvckludGVncmF0aW9uS2V5XCI6XCJlMzFmZjIzYjA4NmI0MDZjODg3NGIyZjZkODQ5NTMxM1wiLFwidXNlckFjY291bnRJZFwiOlwiMmVlMjYyMjItN2MwNS00Y2IwLWIwM2MtNzAzYWRmNWVmN2RkXCIsXCJkZXZpY2VJZFwiOlwiNWQwYzdjODgtMGI1OS01MDU0LTk5ZTYtYWU5MzY5OTc2ZmRiXCIsXCJzZXNzaW9uSWRcIjpcIjY5MzFiNGEwLTMzZGQtNDkzZi04ZmUwLTY1ZWZkMzZiYzM5ZVwiLFwiYWRkaXRpb25hbERhdGFcIjpcIno1NC9NZzltdjE2WXdmb0gvS0EwYktvMDZXRlpjc241VUNmTWF5aERtNGxSTkczdTlLa2pWZDNoWjU1ZStNZERhWXBOVi9UOUxIRmtQejFFQisybTdRPT1cIixcInJvbGVcIjpcIm9yZGVyLWJhc2ljLGxpdmVfZGF0YS1iYXNpYyxub25fdHJhZGluZy1iYXNpYyxvcmRlcl9yZWFkX29ubHktYmFzaWMsYmFja190ZXN0XCIsXCJzb3VyY2VJcEFkZHJlc3NcIjpudWxsLFwidHdvRmFFeHBpcnlUc1wiOjE3NjYxOTA2MDAwMDB9IiwiaXNzIjoiYXBleC1hdXRoLXByb2QtYXBwIn0.ceunCT9p3nTSFXnCMVhDBwW9BC-2IWtVByFCYsVANbr66yHAkc0rhfIwtrd_ocd9Hm4iw2r2_pEezJIovdL82w' \
  --header 'X-API-VERSION: 1.0'

📊 3-min candle trend → CE (O1=97.05, C3=95.9)
Market Direction: CE
❌ Skipping trade — market direction conflicts with momentum.
🔍 Detecting best option between CE and PE for NIFTY 2025-12-23…
➡️  Searching CE between 80-130
➡️  Searching PE between 80-130
⚙️ Checking momentum for top 1 CE candidates...

🧭 Checking momentum for NIFTY25D2325950CE (5 samples, every 1s):
⚙️ Checking momentum for top 1 PE candidates...

🧭 Checking momentum for NIFTY25D2326000PE (5 samples, every 1s):
[NIFTY25D2325950CE] ⏱ Sample 1/5: LTP = ₹86.90
[NIFTY25D2326000PE] ⏱ Sample 1/5: LTP = ₹96.15
[NIFTY25D2325950CE] ⏱ Sample 2/5: LTP = ₹87.65
[NIFTY25D2326000PE] ⏱ Sample 2/5: LTP = ₹95.70
[NIFTY25D2325950CE] ⏱ Sample 3/5: LTP = ₹87.45
[NIFTY25D2326000PE] ⏱ Sample 3/5: LTP = ₹95.70
[NIFTY25D2325950CE] ⏱ Sample 4/5: LTP = ₹87.30
[NIFTY25D2326000PE] ⏱ Sample 4/5: LTP = ₹95.95
[NIFTY25D2325950CE] ⏱ Sample 5/5: LTP = ₹87.70
[NIFTY25D2326000PE] ⏱ Sample 5/5: LTP = ₹95.50
[NIFTY25D2325950CE] 📊 Avg Δ = 0.086%, Consistency = 100.0% → FLAT
[NIFTY25D2325950CE] 📈 Range ₹86.90 → ₹87.70

⚠️ No strong momentum found for CE (>0.25%, consistency >70%)
📊 Running momentum check for CE (NIFTY25D2325950CE)

🧭 Checking momentum for NIFTY25D2325950CE (5 samples, every 1s):
[NIFTY25D2326000PE] 📊 Avg Δ = -0.070%, Consistency = 100.0% → FLAT
[NIFTY25D2326000PE] 📈 Range ₹96.15 → ₹95.50

⚠️ No strong momentum found for PE (>0.3%, consistency >70%)
📊 Running momentum check for PE (NIFTY25D2326000PE)

🧭 Checking momentum for NIFTY25D2326000PE (5 samples, every 1s):
[NIFTY25D2325950CE] ⏱ Sample 1/5: LTP = ₹88.30
[NIFTY25D2326000PE] ⏱ Sample 1/5: LTP = ₹95.20
[NIFTY25D2325950CE] ⏱ Sample 2/5: LTP = ₹88.10
[NIFTY25D2326000PE] ⏱ Sample 2/5: LTP = ₹95.15
[NIFTY25D2325950CE] ⏱ Sample 3/5: LTP = ₹87.90
[NIFTY25D2326000PE] ⏱ Sample 3/5: LTP = ₹95.30
[NIFTY25D2325950CE] ⏱ Sample 4/5: LTP = ₹87.45
[NIFTY25D2326000PE] ⏱ Sample 4/5: LTP = ₹96.05
[NIFTY25D2325950CE] ⏱ Sample 5/5: LTP = ₹87.15
[NIFTY25D2326000PE] ⏱ Sample 5/5: LTP = ₹95.80
[NIFTY25D2325950CE] 📊 Avg Δ = -0.341%, Consistency = 100.0% → DOWN
[NIFTY25D2325950CE] 📈 Range ₹88.30 → ₹87.15

✅ Momentum for CE: {'symbol': 'NIFTY25D2325950CE', 'avg_change': np.float64(-0.341), 'consistency': np.float64(100.0), 'direction': 'DOWN'}
🧩 Finished CE: NIFTY25D2325950CE, momentum={'symbol': 'NIFTY25D2325950CE', 'avg_change': np.float64(-0.341), 'consistency': np.float64(100.0), 'direction': 'DOWN'}
[NIFTY25D2326000PE] 📊 Avg Δ = 0.262%, Consistency = 100.0% → UP
[NIFTY25D2326000PE] 📈 Range ₹95.20 → ₹95.80

✅ Momentum for PE: {'symbol': 'NIFTY25D2326000PE', 'avg_change': np.float64(0.262), 'consistency': np.float64(100.0), 'direction': 'UP'}
🧩 Finished PE: NIFTY25D2326000PE, momentum={'symbol': 'NIFTY25D2326000PE', 'avg_change': np.float64(0.262), 'consistency': np.float64(100.0), 'direction': 'UP'}
🧮 Comparing CE vs PE momentum...
📈 CE momentum: -0.341% (DOWN, 100.0%)
📉 PE momentum: 0.262% (UP, 100.0%)
✅ Selected PE (stronger momentum)
✅ Selected: NIFTY25D2326000PE (PE) | LTP=95.8 | lot_size=75 | groww_symbol=NSE-NIFTY-23Dec25-26000-PE

🌀 Generated cURL for Groww Candle API:
curl --location 'https://api.groww.in/v1/historical/candles?exchange=NSE&segment=FNO&groww_symbol=NSE-NIFTY-23Dec25-26000-PE&start_time=2025-12-19 14:08:37&end_time=2025-12-19 14:11:37&candle_interval=1minute' \
  --header 'Accept: application/json' \
  --header 'Authorization: Bearer eyJraWQiOiJaTUtjVXciLCJhbGciOiJFUzI1NiJ9.eyJleHAiOjE3NjYxOTA2MDAsImlhdCI6MTc2NjEzMjU2MywibmJmIjoxNzY2MTMyNTYzLCJzdWIiOiJ7XCJ0b2tlblJlZklkXCI6XCI2YzQzMGY3MC00YmJiLTQ4YzgtYjUzMS0xNjA5MWJkYmZhNTVcIixcInZlbmRvckludGVncmF0aW9uS2V5XCI6XCJlMzFmZjIzYjA4NmI0MDZjODg3NGIyZjZkODQ5NTMxM1wiLFwidXNlckFjY291bnRJZFwiOlwiMmVlMjYyMjItN2MwNS00Y2IwLWIwM2MtNzAzYWRmNWVmN2RkXCIsXCJkZXZpY2VJZFwiOlwiNWQwYzdjODgtMGI1OS01MDU0LTk5ZTYtYWU5MzY5OTc2ZmRiXCIsXCJzZXNzaW9uSWRcIjpcIjY5MzFiNGEwLTMzZGQtNDkzZi04ZmUwLTY1ZWZkMzZiYzM5ZVwiLFwiYWRkaXRpb25hbERhdGFcIjpcIno1NC9NZzltdjE2WXdmb0gvS0EwYktvMDZXRlpjc241VUNmTWF5aERtNGxSTkczdTlLa2pWZDNoWjU1ZStNZERhWXBOVi9UOUxIRmtQejFFQisybTdRPT1cIixcInJvbGVcIjpcIm9yZGVyLWJhc2ljLGxpdmVfZGF0YS1iYXNpYyxub25fdHJhZGluZy1iYXNpYyxvcmRlcl9yZWFkX29ubHktYmFzaWMsYmFja190ZXN0XCIsXCJzb3VyY2VJcEFkZHJlc3NcIjpudWxsLFwidHdvRmFFeHBpcnlUc1wiOjE3NjYxOTA2MDAwMDB9IiwiaXNzIjoiYXBleC1hdXRoLXByb2QtYXBwIn0.ceunCT9p3nTSFXnCMVhDBwW9BC-2IWtVByFCYsVANbr66yHAkc0rhfIwtrd_ocd9Hm4iw2r2_pEezJIovdL82w' \
  --header 'X-API-VERSION: 1.0'

📊 3-min candle trend → PE (O1=94.4, C3=96.15)
Market Direction: PE
✅ Market direction CONFIRMS momentum PE → proceeding with order.
user_confirmation_needed : False
➡️ Placing auto order: {'symbol': 'NIFTY25D2326000PE', 'ltp': 95.8, 'lots': 14, 'book_profit': 1050.0, 'lot_size': 75, 'side': 'BUY'} ====== [2025-12-19 14:11:38]
🔹 Auto order => NIFTY25D2326000PE, qty=1050, book@1050.0 ====== [2025-12-19 14:11:39]
💰 LTP for NSE_NIFTY25D2326000PE: ₹96.1 ====== [2025-12-19 14:11:39]
✅ Auto Buy placed: :{'groww_order_id': 'GMKFO2512191411382TBJX1DZWTIH', 'order_status': 'NEW', 'order_reference_id': '69137678', 'remark': None} ======= [2025-12-19 14:11:40]
📈 Trailing started...
🔼 New High: ₹96.55
Traceback (most recent call last):
  File "C:\Users\HITS\eclipse-workspace\Groww_Python_Trading_Bot\QA_env_sample_test_groww_option_trading_final_bot.py", line 1394, in <module>
    auto_mode_runner()
  File "C:\Users\HITS\eclipse-workspace\Groww_Python_Trading_Bot\QA_env_sample_test_groww_option_trading_final_bot.py", line 1374, in auto_mode_runner
    place_cp_order(order_details, is_auto=True)
  File "C:\Users\HITS\eclipse-workspace\Groww_Python_Trading_Bot\QA_env_sample_test_groww_option_trading_final_bot.py", line 1163, in place_cp_order
    time.sleep(poll)
KeyboardInterrupt
