📝 Logging started. Log file: C:\Users\HITS\eclipse-workspace\Groww_Python_Trading_Bot\logs\Groww_Bot_2025-12-18_09-57-25.log
C:\Users\HITS\eclipse-workspace\Groww_Python_Trading_Bot\instrument.csv
Ready to Groww!
eyJraWQiOiJaTUtjVXciLCJhbGciOiJFUzI1NiJ9.eyJleHAiOjE3NjYxMDQyMDAsImlhdCI6MTc2NjAzMjA0NSwibmJmIjoxNzY2MDMyMDQ1LCJzdWIiOiJ7XCJ0b2tlblJlZklkXCI6XCI4MWI1Y2I5MC1mNDM1LTRhNWUtOGNmYi1kZTU3NjZmYmNhMjdcIixcInZlbmRvckludGVncmF0aW9uS2V5XCI6XCJlMzFmZjIzYjA4NmI0MDZjODg3NGIyZjZkODQ5NTMxM1wiLFwidXNlckFjY291bnRJZFwiOlwiMmVlMjYyMjItN2MwNS00Y2IwLWIwM2MtNzAzYWRmNWVmN2RkXCIsXCJkZXZpY2VJZFwiOlwiNWQwYzdjODgtMGI1OS01MDU0LTk5ZTYtYWU5MzY5OTc2ZmRiXCIsXCJzZXNzaW9uSWRcIjpcIjY2MjA1YjkxLWY2YTktNDcxMi1hOTYzLThjZmJhZTc2NGRmZlwiLFwiYWRkaXRpb25hbERhdGFcIjpcIno1NC9NZzltdjE2WXdmb0gvS0EwYktvMDZXRlpjc241VUNmTWF5aERtNGxSTkczdTlLa2pWZDNoWjU1ZStNZERhWXBOVi9UOUxIRmtQejFFQisybTdRPT1cIixcInJvbGVcIjpcIm9yZGVyLWJhc2ljLGxpdmVfZGF0YS1iYXNpYyxub25fdHJhZGluZy1iYXNpYyxvcmRlcl9yZWFkX29ubHktYmFzaWMsYmFja190ZXN0XCIsXCJzb3VyY2VJcEFkZHJlc3NcIjpudWxsLFwidHdvRmFFeHBpcnlUc1wiOjE3NjYxMDQyMDAwMDB9IiwiaXNzIjoiYXBleC1hdXRoLXByb2QtYXBwIn0.PuhA52ULp_hbZIVYVCVv3NvDjTbICAS-OTHZlmdB8ZHqoDyMsMFRNUJXZ11WYr-vq6Z_5B1Be7wSeHJMwYP3zA
✅ Groww API Initialized Successfully
✅ Converted 'C:\Users\HITS\eclipse-workspace\Groww_Python_Trading_Bot\instrument.csv' → 'C:\Users\HITS\eclipse-workspace\Groww_Python_Trading_Bot\instrument.json'
📊 Live NIFTY Spot: 25745.4
✅ Converted 'C:\Users\HITS\eclipse-workspace\Groww_Python_Trading_Bot\instrument.csv' → 'C:\Users\HITS\eclipse-workspace\Groww_Python_Trading_Bot\instrument.json'
🎯 Filtering NIFTY 2025-12-23 instruments between 25250–26250 (Spot=25745.4)
✅ Loaded 316 filtered instruments (out of 149250)

✨ Groww NIFTY CP Bot Ready (Groww backend)
You can run in MANUAL or AUTO mode.
Manual example: Buy 14 NIFTY04NOV2525950CE at CP and Book at 1050

Choose mode: (m)anual / (a)uto / (q)uit: 
--- AUTO MODE (momentum + premium) ---
🔍 Detecting best option between CE and PE for NIFTY 2025-12-23…
➡️  Searching CE between 80-130
➡️  Searching PE between 80-130
⚙️ Checking momentum for top 1 CE candidates...

🧭 Checking momentum for NIFTY25D2325800CE (5 samples, every 1s):
⚙️ Checking momentum for top 1 PE candidates...

🧭 Checking momentum for NIFTY25D2325750PE (5 samples, every 1s):
[NIFTY25D2325800CE] ⏱ Sample 1/5: LTP = ₹96.10
[NIFTY25D2325750PE] ⏱ Sample 1/5: LTP = ₹95.65
[NIFTY25D2325800CE] ⏱ Sample 2/5: LTP = ₹96.55
[NIFTY25D2325750PE] ⏱ Sample 2/5: LTP = ₹95.70
[NIFTY25D2325800CE] ⏱ Sample 3/5: LTP = ₹96.15
[NIFTY25D2325750PE] ⏱ Sample 3/5: LTP = ₹95.95
[NIFTY25D2325800CE] ⏱ Sample 4/5: LTP = ₹96.15
[NIFTY25D2325750PE] ⏱ Sample 4/5: LTP = ₹96.50
[NIFTY25D2325800CE] ⏱ Sample 5/5: LTP = ₹96.05
[NIFTY25D2325750PE] ⏱ Sample 5/5: LTP = ₹96.10
[NIFTY25D2325800CE] 📊 Avg Δ = -0.078%, Consistency = 50.0% → FLAT
[NIFTY25D2325800CE] 📈 Range ₹96.10 → ₹96.05

⚠️ No strong momentum found for CE (>0.25%, consistency >70%)
📊 Running momentum check for CE (NIFTY25D2325800CE)

🧭 Checking momentum for NIFTY25D2325800CE (5 samples, every 1s):
[NIFTY25D2325800CE] ⏱ Sample 1/5: LTP = ₹95.85
[NIFTY25D2325750PE] 📊 Avg Δ = 0.217%, Consistency = 100.0% → FLAT
[NIFTY25D2325750PE] 📈 Range ₹95.65 → ₹96.10

⚠️ No strong momentum found for PE (>0.3%, consistency >70%)
📊 Running momentum check for PE (NIFTY25D2325750PE)

🧭 Checking momentum for NIFTY25D2325750PE (5 samples, every 1s):
[NIFTY25D2325750PE] ⏱ Sample 1/5: LTP = ₹96.20
[NIFTY25D2325800CE] ⏱ Sample 2/5: LTP = ₹96.15
[NIFTY25D2325750PE] ⏱ Sample 2/5: LTP = ₹95.90
[NIFTY25D2325800CE] ⏱ Sample 3/5: LTP = ₹96.35
[NIFTY25D2325750PE] ⏱ Sample 3/5: LTP = ₹95.85
[NIFTY25D2325800CE] ⏱ Sample 4/5: LTP = ₹96.80
[NIFTY25D2325750PE] ⏱ Sample 4/5: LTP = ₹95.25
[NIFTY25D2325800CE] ⏱ Sample 5/5: LTP = ₹97.15
[NIFTY25D2325750PE] ⏱ Sample 5/5: LTP = ₹95.20
[NIFTY25D2325800CE] 📊 Avg Δ = 0.338%, Consistency = 100.0% → UP
[NIFTY25D2325800CE] 📈 Range ₹95.85 → ₹97.15

✅ Momentum for CE: {'symbol': 'NIFTY25D2325800CE', 'avg_change': np.float64(0.338), 'consistency': np.float64(100.0), 'direction': 'UP'}
🧩 Finished CE: NIFTY25D2325800CE, momentum={'symbol': 'NIFTY25D2325800CE', 'avg_change': np.float64(0.338), 'consistency': np.float64(100.0), 'direction': 'UP'}
[NIFTY25D2325750PE] 📊 Avg Δ = -0.287%, Consistency = 100.0% → DOWN
[NIFTY25D2325750PE] 📈 Range ₹96.20 → ₹95.20

✅ Momentum for PE: {'symbol': 'NIFTY25D2325750PE', 'avg_change': np.float64(-0.287), 'consistency': np.float64(100.0), 'direction': 'DOWN'}
🧩 Finished PE: NIFTY25D2325750PE, momentum={'symbol': 'NIFTY25D2325750PE', 'avg_change': np.float64(-0.287), 'consistency': np.float64(100.0), 'direction': 'DOWN'}
🧮 Comparing CE vs PE momentum...
📈 CE momentum: 0.338% (UP, 100.0%)
📉 PE momentum: -0.287% (DOWN, 100.0%)
✅ Selected CE (stronger momentum)
✅ Selected: NIFTY25D2325800CE (CE) | LTP=95.9 | lot_size=75 | groww_symbol=NSE-NIFTY-23Dec25-25800-CE

🌀 Generated cURL for Groww Candle API:
curl --location 'https://api.groww.in/v1/historical/candles?exchange=NSE&segment=FNO&groww_symbol=NSE-NIFTY-23Dec25-25800-CE&start_time=2025-12-18 09:55:55&end_time=2025-12-18 09:58:55&candle_interval=1minute' \
  --header 'Accept: application/json' \
  --header 'Authorization: Bearer eyJraWQiOiJaTUtjVXciLCJhbGciOiJFUzI1NiJ9.eyJleHAiOjE3NjYxMDQyMDAsImlhdCI6MTc2NjAzMjA0NSwibmJmIjoxNzY2MDMyMDQ1LCJzdWIiOiJ7XCJ0b2tlblJlZklkXCI6XCI4MWI1Y2I5MC1mNDM1LTRhNWUtOGNmYi1kZTU3NjZmYmNhMjdcIixcInZlbmRvckludGVncmF0aW9uS2V5XCI6XCJlMzFmZjIzYjA4NmI0MDZjODg3NGIyZjZkODQ5NTMxM1wiLFwidXNlckFjY291bnRJZFwiOlwiMmVlMjYyMjItN2MwNS00Y2IwLWIwM2MtNzAzYWRmNWVmN2RkXCIsXCJkZXZpY2VJZFwiOlwiNWQwYzdjODgtMGI1OS01MDU0LTk5ZTYtYWU5MzY5OTc2ZmRiXCIsXCJzZXNzaW9uSWRcIjpcIjY2MjA1YjkxLWY2YTktNDcxMi1hOTYzLThjZmJhZTc2NGRmZlwiLFwiYWRkaXRpb25hbERhdGFcIjpcIno1NC9NZzltdjE2WXdmb0gvS0EwYktvMDZXRlpjc241VUNmTWF5aERtNGxSTkczdTlLa2pWZDNoWjU1ZStNZERhWXBOVi9UOUxIRmtQejFFQisybTdRPT1cIixcInJvbGVcIjpcIm9yZGVyLWJhc2ljLGxpdmVfZGF0YS1iYXNpYyxub25fdHJhZGluZy1iYXNpYyxvcmRlcl9yZWFkX29ubHktYmFzaWMsYmFja190ZXN0XCIsXCJzb3VyY2VJcEFkZHJlc3NcIjpudWxsLFwidHdvRmFFeHBpcnlUc1wiOjE3NjYxMDQyMDAwMDB9IiwiaXNzIjoiYXBleC1hdXRoLXByb2QtYXBwIn0.PuhA52ULp_hbZIVYVCVv3NvDjTbICAS-OTHZlmdB8ZHqoDyMsMFRNUJXZ11WYr-vq6Z_5B1Be7wSeHJMwYP3zA' \
  --header 'X-API-VERSION: 1.0'

📊 3-min candle trend → PE (O1=97.65, C3=97.25)
Market Direction: PE
❌ Skipping trade — market direction conflicts with momentum.
Waiting for 3 mins to get another data.
🔍 Detecting best option between CE and PE for NIFTY 2025-12-23…
➡️  Searching CE between 80-130
➡️  Searching PE between 80-130
⚙️ Checking momentum for top 1 CE candidates...

🧭 Checking momentum for NIFTY25D2325800CE (5 samples, every 1s):
⚙️ Checking momentum for top 1 PE candidates...

🧭 Checking momentum for NIFTY25D2325750PE (5 samples, every 1s):
[NIFTY25D2325800CE] ⏱ Sample 1/5: LTP = ₹95.95
[NIFTY25D2325750PE] ⏱ Sample 1/5: LTP = ₹96.00
[NIFTY25D2325800CE] ⏱ Sample 2/5: LTP = ₹96.50
[NIFTY25D2325750PE] ⏱ Sample 2/5: LTP = ₹95.05
[NIFTY25D2325800CE] ⏱ Sample 3/5: LTP = ₹97.70
[NIFTY25D2325750PE] ⏱ Sample 3/5: LTP = ₹94.15
[NIFTY25D2325800CE] ⏱ Sample 4/5: LTP = ₹97.80
[NIFTY25D2325750PE] ⏱ Sample 4/5: LTP = ₹94.10
[NIFTY25D2325800CE] ⏱ Sample 5/5: LTP = ₹97.90
[NIFTY25D2325750PE] ⏱ Sample 5/5: LTP = ₹93.85
[NIFTY25D2325800CE] 📊 Avg Δ = 0.559%, Consistency = 100.0% → UP
[NIFTY25D2325800CE] 📈 Range ₹95.95 → ₹97.90

🏆 Selected CE: NIFTY25D2325800CE (UP | 0.56% | Consistency 100.0%)
📊 Running momentum check for CE (NIFTY25D2325800CE)

🧭 Checking momentum for NIFTY25D2325800CE (5 samples, every 1s):
[NIFTY25D2325800CE] ⏱ Sample 1/5: LTP = ₹97.95
[NIFTY25D2325750PE] 📊 Avg Δ = -0.545%, Consistency = 100.0% → DOWN
[NIFTY25D2325750PE] 📈 Range ₹96.00 → ₹93.85

🏆 Selected PE: NIFTY25D2325750PE (DOWN | -0.55% | Consistency 100.0%)
📊 Running momentum check for PE (NIFTY25D2325750PE)

🧭 Checking momentum for NIFTY25D2325750PE (5 samples, every 1s):
[NIFTY25D2325750PE] ⏱ Sample 1/5: LTP = ₹93.90
[NIFTY25D2325800CE] ⏱ Sample 2/5: LTP = ₹97.65
[NIFTY25D2325750PE] ⏱ Sample 2/5: LTP = ₹94.30
[NIFTY25D2325800CE] ⏱ Sample 3/5: LTP = ₹97.80
[NIFTY25D2325750PE] ⏱ Sample 3/5: LTP = ₹94.00
[NIFTY25D2325800CE] ⏱ Sample 4/5: LTP = ₹97.95
[NIFTY25D2325750PE] ⏱ Sample 4/5: LTP = ₹93.90
[NIFTY25D2325800CE] ⏱ Sample 5/5: LTP = ₹98.25
[NIFTY25D2325750PE] ⏱ Sample 5/5: LTP = ₹93.90
[NIFTY25D2325800CE] 📊 Avg Δ = 0.102%, Consistency = 50.0% → FLAT
[NIFTY25D2325800CE] 📈 Range ₹97.95 → ₹98.25

✅ Momentum for CE: {'symbol': 'NIFTY25D2325800CE', 'avg_change': np.float64(0.102), 'consistency': np.float64(50.0), 'direction': 'FLAT'}
🧩 Finished CE: NIFTY25D2325800CE, momentum={'symbol': 'NIFTY25D2325800CE', 'avg_change': np.float64(0.102), 'consistency': np.float64(50.0), 'direction': 'FLAT'}
[NIFTY25D2325750PE] 📊 Avg Δ = -0.071%, Consistency = 50.0% → FLAT
[NIFTY25D2325750PE] 📈 Range ₹93.90 → ₹93.90

✅ Momentum for PE: {'symbol': 'NIFTY25D2325750PE', 'avg_change': np.float64(-0.071), 'consistency': np.float64(50.0), 'direction': 'FLAT'}
🧩 Finished PE: NIFTY25D2325750PE, momentum={'symbol': 'NIFTY25D2325750PE', 'avg_change': np.float64(-0.071), 'consistency': np.float64(50.0), 'direction': 'FLAT'}
🧮 Comparing CE vs PE momentum...
📈 CE momentum: 0.102% (FLAT, 50.0%)
📉 PE momentum: -0.071% (FLAT, 50.0%)
⚖️  Momentum similar — choosing CE fallback
✅ Selected: NIFTY25D2325800CE (CE) | LTP=96.1 | lot_size=75 | groww_symbol=NSE-NIFTY-23Dec25-25800-CE

🌀 Generated cURL for Groww Candle API:
curl --location 'https://api.groww.in/v1/historical/candles?exchange=NSE&segment=FNO&groww_symbol=NSE-NIFTY-23Dec25-25800-CE&start_time=2025-12-18 09:59:42&end_time=2025-12-18 10:02:42&candle_interval=1minute' \
  --header 'Accept: application/json' \
  --header 'Authorization: Bearer eyJraWQiOiJaTUtjVXciLCJhbGciOiJFUzI1NiJ9.eyJleHAiOjE3NjYxMDQyMDAsImlhdCI6MTc2NjAzMjA0NSwibmJmIjoxNzY2MDMyMDQ1LCJzdWIiOiJ7XCJ0b2tlblJlZklkXCI6XCI4MWI1Y2I5MC1mNDM1LTRhNWUtOGNmYi1kZTU3NjZmYmNhMjdcIixcInZlbmRvckludGVncmF0aW9uS2V5XCI6XCJlMzFmZjIzYjA4NmI0MDZjODg3NGIyZjZkODQ5NTMxM1wiLFwidXNlckFjY291bnRJZFwiOlwiMmVlMjYyMjItN2MwNS00Y2IwLWIwM2MtNzAzYWRmNWVmN2RkXCIsXCJkZXZpY2VJZFwiOlwiNWQwYzdjODgtMGI1OS01MDU0LTk5ZTYtYWU5MzY5OTc2ZmRiXCIsXCJzZXNzaW9uSWRcIjpcIjY2MjA1YjkxLWY2YTktNDcxMi1hOTYzLThjZmJhZTc2NGRmZlwiLFwiYWRkaXRpb25hbERhdGFcIjpcIno1NC9NZzltdjE2WXdmb0gvS0EwYktvMDZXRlpjc241VUNmTWF5aERtNGxSTkczdTlLa2pWZDNoWjU1ZStNZERhWXBOVi9UOUxIRmtQejFFQisybTdRPT1cIixcInJvbGVcIjpcIm9yZGVyLWJhc2ljLGxpdmVfZGF0YS1iYXNpYyxub25fdHJhZGluZy1iYXNpYyxvcmRlcl9yZWFkX29ubHktYmFzaWMsYmFja190ZXN0XCIsXCJzb3VyY2VJcEFkZHJlc3NcIjpudWxsLFwidHdvRmFFeHBpcnlUc1wiOjE3NjYxMDQyMDAwMDB9IiwiaXNzIjoiYXBleC1hdXRoLXByb2QtYXBwIn0.PuhA52ULp_hbZIVYVCVv3NvDjTbICAS-OTHZlmdB8ZHqoDyMsMFRNUJXZ11WYr-vq6Z_5B1Be7wSeHJMwYP3zA' \
  --header 'X-API-VERSION: 1.0'

📊 3-min candle trend → CE (O1=96.4, C3=98.45)
Market Direction: CE
✅ Market direction CONFIRMS momentum CE → proceeding with order.
user_confirmation_needed : False
➡️ Placing auto order: {'symbol': 'NIFTY25D2325800CE', 'ltp': 96.1, 'lots': 14, 'book_profit': 1050.0, 'lot_size': 75, 'side': 'BUY'} ====== [2025-12-18 10:02:43]
🔹 Auto order => NIFTY25D2325800CE, qty=1050, book@1050.0 ====== [2025-12-18 10:02:44]
💰 LTP for NSE_NIFTY25D2325800CE: ₹98.6 ====== [2025-12-18 10:02:45]
✅ Auto Buy placed: :{'groww_order_id': 'GMKFO251218100244LDG424FW8FRU', 'order_status': 'NEW', 'order_reference_id': '96739992', 'remark': None} ======= [2025-12-18 10:02:45]
📈 Trailing started...
🔼 New High: ₹99.45
🔼 New High: ₹99.5
🔼 New High: ₹99.7
🔼 New High: ₹99.8
🔼 New High: ₹100.0
📉 Trail Active | LTP=100.0 | Exit=99.25
🔼 New High: ₹100.1
📉 Trail Active | LTP=100.1 | Exit=99.35
📉 Trail Active | LTP=99.95 | Exit=99.35
🔼 New High: ₹100.25
📉 Trail Active | LTP=100.25 | Exit=99.5
🔼 New High: ₹100.7
📉 Trail Active | LTP=100.7 | Exit=99.95
🔼 New High: ₹101.8
📉 Trail Active | LTP=101.8 | Exit=101.05
🔼 New High: ₹103.3
📉 Trail Active | LTP=103.3 | Exit=102.55
📉 Trail Active | LTP=102.95 | Exit=102.55
📉 Trail Active | LTP=103.2 | Exit=102.55
📉 Trail Active | LTP=102.2 | Exit=102.55
🔻 Trailing HIT @ 102.2
Waiting for 1 min to get another data.
🔍 Detecting best option between CE and PE for NIFTY 2025-12-23…
➡️  Searching CE between 80-130
➡️  Searching PE between 80-130
⚙️ Checking momentum for top 1 PE candidates...

🧭 Checking momentum for NIFTY25D2325750PE (5 samples, every 1s):
⚙️ Checking momentum for top 1 CE candidates...

🧭 Checking momentum for NIFTY25D2325800CE (5 samples, every 1s):
[NIFTY25D2325750PE] ⏱ Sample 1/5: LTP = ₹89.35
[NIFTY25D2325800CE] ⏱ Sample 1/5: LTP = ₹101.80
[NIFTY25D2325750PE] ⏱ Sample 2/5: LTP = ₹89.60
[NIFTY25D2325800CE] ⏱ Sample 2/5: LTP = ₹102.00
[NIFTY25D2325750PE] ⏱ Sample 3/5: LTP = ₹89.35
[NIFTY25D2325800CE] ⏱ Sample 3/5: LTP = ₹102.40
[NIFTY25D2325750PE] ⏱ Sample 4/5: LTP = ₹89.05
[NIFTY25D2325800CE] ⏱ Sample 4/5: LTP = ₹102.40
[NIFTY25D2325750PE] ⏱ Sample 5/5: LTP = ₹88.95
[NIFTY25D2325800CE] ⏱ Sample 5/5: LTP = ₹102.40
[NIFTY25D2325750PE] 📊 Avg Δ = -0.177%, Consistency = 100.0% → FLAT
[NIFTY25D2325750PE] 📈 Range ₹89.35 → ₹88.95

⚠️ No strong momentum found for PE (>0.3%, consistency >70%)
📊 Running momentum check for PE (NIFTY25D2325750PE)

🧭 Checking momentum for NIFTY25D2325750PE (5 samples, every 1s):
[NIFTY25D2325750PE] ⏱ Sample 1/5: LTP = ₹89.15
[NIFTY25D2325800CE] 📊 Avg Δ = 0.163%, Consistency = 100.0% → FLAT
[NIFTY25D2325800CE] 📈 Range ₹101.80 → ₹102.40

⚠️ No strong momentum found for CE (>0.25%, consistency >70%)
📊 Running momentum check for CE (NIFTY25D2325800CE)

🧭 Checking momentum for NIFTY25D2325800CE (5 samples, every 1s):
[NIFTY25D2325800CE] ⏱ Sample 1/5: LTP = ₹102.00
[NIFTY25D2325750PE] ⏱ Sample 2/5: LTP = ₹89.20
[NIFTY25D2325800CE] ⏱ Sample 2/5: LTP = ₹102.45
[NIFTY25D2325750PE] ⏱ Sample 3/5: LTP = ₹89.65
[NIFTY25D2325800CE] ⏱ Sample 3/5: LTP = ₹101.90
[NIFTY25D2325750PE] ⏱ Sample 4/5: LTP = ₹89.15
[NIFTY25D2325800CE] ⏱ Sample 4/5: LTP = ₹102.05
[NIFTY25D2325750PE] ⏱ Sample 5/5: LTP = ₹89.25
[NIFTY25D2325800CE] ⏱ Sample 5/5: LTP = ₹102.45
[NIFTY25D2325750PE] 📊 Avg Δ = 0.009%, Consistency = 50.0% → FLAT
[NIFTY25D2325750PE] 📈 Range ₹89.15 → ₹89.25

✅ Momentum for PE: {'symbol': 'NIFTY25D2325750PE', 'avg_change': np.float64(0.009), 'consistency': np.float64(50.0), 'direction': 'FLAT'}
🧩 Finished PE: NIFTY25D2325750PE, momentum={'symbol': 'NIFTY25D2325750PE', 'avg_change': np.float64(0.009), 'consistency': np.float64(50.0), 'direction': 'FLAT'}
[NIFTY25D2325800CE] 📊 Avg Δ = 0.008%, Consistency = 50.0% → FLAT
[NIFTY25D2325800CE] 📈 Range ₹102.00 → ₹102.45

✅ Momentum for CE: {'symbol': 'NIFTY25D2325800CE', 'avg_change': np.float64(0.008), 'consistency': np.float64(50.0), 'direction': 'FLAT'}
🧩 Finished CE: NIFTY25D2325800CE, momentum={'symbol': 'NIFTY25D2325800CE', 'avg_change': np.float64(0.008), 'consistency': np.float64(50.0), 'direction': 'FLAT'}
🧮 Comparing CE vs PE momentum...
📈 CE momentum: 0.008% (FLAT, 50.0%)
📉 PE momentum: 0.009% (FLAT, 50.0%)
⚖️  Momentum similar — choosing PE fallback
✅ Selected: NIFTY25D2325750PE (PE) | LTP=91.25 | lot_size=75 | groww_symbol=NSE-NIFTY-23Dec25-25750-PE

🌀 Generated cURL for Groww Candle API:
curl --location 'https://api.groww.in/v1/historical/candles?exchange=NSE&segment=FNO&groww_symbol=NSE-NIFTY-23Dec25-25750-PE&start_time=2025-12-18 10:05:07&end_time=2025-12-18 10:08:07&candle_interval=1minute' \
  --header 'Accept: application/json' \
  --header 'Authorization: Bearer eyJraWQiOiJaTUtjVXciLCJhbGciOiJFUzI1NiJ9.eyJleHAiOjE3NjYxMDQyMDAsImlhdCI6MTc2NjAzMjA0NSwibmJmIjoxNzY2MDMyMDQ1LCJzdWIiOiJ7XCJ0b2tlblJlZklkXCI6XCI4MWI1Y2I5MC1mNDM1LTRhNWUtOGNmYi1kZTU3NjZmYmNhMjdcIixcInZlbmRvckludGVncmF0aW9uS2V5XCI6XCJlMzFmZjIzYjA4NmI0MDZjODg3NGIyZjZkODQ5NTMxM1wiLFwidXNlckFjY291bnRJZFwiOlwiMmVlMjYyMjItN2MwNS00Y2IwLWIwM2MtNzAzYWRmNWVmN2RkXCIsXCJkZXZpY2VJZFwiOlwiNWQwYzdjODgtMGI1OS01MDU0LTk5ZTYtYWU5MzY5OTc2ZmRiXCIsXCJzZXNzaW9uSWRcIjpcIjY2MjA1YjkxLWY2YTktNDcxMi1hOTYzLThjZmJhZTc2NGRmZlwiLFwiYWRkaXRpb25hbERhdGFcIjpcIno1NC9NZzltdjE2WXdmb0gvS0EwYktvMDZXRlpjc241VUNmTWF5aERtNGxSTkczdTlLa2pWZDNoWjU1ZStNZERhWXBOVi9UOUxIRmtQejFFQisybTdRPT1cIixcInJvbGVcIjpcIm9yZGVyLWJhc2ljLGxpdmVfZGF0YS1iYXNpYyxub25fdHJhZGluZy1iYXNpYyxvcmRlcl9yZWFkX29ubHktYmFzaWMsYmFja190ZXN0XCIsXCJzb3VyY2VJcEFkZHJlc3NcIjpudWxsLFwidHdvRmFFeHBpcnlUc1wiOjE3NjYxMDQyMDAwMDB9IiwiaXNzIjoiYXBleC1hdXRoLXByb2QtYXBwIn0.PuhA52ULp_hbZIVYVCVv3NvDjTbICAS-OTHZlmdB8ZHqoDyMsMFRNUJXZ11WYr-vq6Z_5B1Be7wSeHJMwYP3zA' \
  --header 'X-API-VERSION: 1.0'

📊 3-min candle trend → CE (O1=92.05, C3=88.5)
Market Direction: CE
❌ Skipping trade — market direction conflicts with momentum.
Waiting for 3 mins to get another data.
🔍 Detecting best option between CE and PE for NIFTY 2025-12-23…
➡️  Searching CE between 80-130
➡️  Searching PE between 80-130
⚙️ Checking momentum for top 1 CE candidates...

🧭 Checking momentum for NIFTY25D2325850CE (5 samples, every 1s):
[NIFTY25D2325850CE] ⏱ Sample 1/5: LTP = ₹92.25
[NIFTY25D2325850CE] ⏱ Sample 2/5: LTP = ₹91.20
⚙️ Checking momentum for top 2 PE candidates...

🧭 Checking momentum for NIFTY25D2325800PE (5 samples, every 1s):

🧭 Checking momentum for NIFTY25D2325750PE (5 samples, every 1s):
[NIFTY25D2325800PE] ⏱ Sample 1/5: LTP = ₹101.30
[NIFTY25D2325750PE] ⏱ Sample 1/5: LTP = ₹79.55
[NIFTY25D2325850CE] ⏱ Sample 3/5: LTP = ₹90.00
[NIFTY25D2325800PE] ⏱ Sample 2/5: LTP = ₹102.00
[NIFTY25D2325750PE] ⏱ Sample 2/5: LTP = ₹79.75
[NIFTY25D2325850CE] ⏱ Sample 4/5: LTP = ₹90.60
[NIFTY25D2325800PE] ⏱ Sample 3/5: LTP = ₹100.40
[NIFTY25D2325750PE] ⏱ Sample 3/5: LTP = ₹79.15
[NIFTY25D2325850CE] ⏱ Sample 5/5: LTP = ₹90.80
[NIFTY25D2325800PE] ⏱ Sample 4/5: LTP = ₹101.15
[NIFTY25D2325850CE] 📊 Avg Δ = -0.375%, Consistency = 100.0% → DOWN
[NIFTY25D2325850CE] 📈 Range ₹92.25 → ₹90.80

🏆 Selected CE: NIFTY25D2325850CE (DOWN | -0.38% | Consistency 100.0%)
📊 Running momentum check for CE (NIFTY25D2325850CE)

🧭 Checking momentum for NIFTY25D2325850CE (5 samples, every 1s):
[NIFTY25D2325750PE] ⏱ Sample 4/5: LTP = ₹79.35
[NIFTY25D2325850CE] ⏱ Sample 1/5: LTP = ₹90.55
[NIFTY25D2325800PE] ⏱ Sample 5/5: LTP = ₹100.60
[NIFTY25D2325750PE] ⏱ Sample 5/5: LTP = ₹79.15
[NIFTY25D2325800PE] 📊 Avg Δ = -0.255%, Consistency = 100.0% → DOWN
[NIFTY25D2325800PE] 📈 Range ₹101.30 → ₹100.60

[NIFTY25D2325850CE] ⏱ Sample 2/5: LTP = ₹90.80
[NIFTY25D2325750PE] 📊 Avg Δ = -0.168%, Consistency = 100.0% → FLAT
[NIFTY25D2325750PE] 📈 Range ₹79.55 → ₹79.15

⚠️ No strong momentum found for PE (>0.3%, consistency >70%)
📊 Running momentum check for PE (NIFTY25D2325800PE)

🧭 Checking momentum for NIFTY25D2325800PE (5 samples, every 1s):
[NIFTY25D2325800PE] ⏱ Sample 1/5: LTP = ₹101.20
[NIFTY25D2325850CE] ⏱ Sample 3/5: LTP = ₹90.15
[NIFTY25D2325800PE] ⏱ Sample 2/5: LTP = ₹101.70
[NIFTY25D2325850CE] ⏱ Sample 4/5: LTP = ₹90.00
[NIFTY25D2325800PE] ⏱ Sample 3/5: LTP = ₹101.25
[NIFTY25D2325850CE] ⏱ Sample 5/5: LTP = ₹90.90
[NIFTY25D2325850CE] 📊 Avg Δ = -0.083%, Consistency = 50.0% → FLAT
[NIFTY25D2325850CE] 📈 Range ₹90.55 → ₹90.90

✅ Momentum for CE: {'symbol': 'NIFTY25D2325850CE', 'avg_change': np.float64(-0.083), 'consistency': np.float64(50.0), 'direction': 'FLAT'}
🧩 Finished CE: NIFTY25D2325850CE, momentum={'symbol': 'NIFTY25D2325850CE', 'avg_change': np.float64(-0.083), 'consistency': np.float64(50.0), 'direction': 'FLAT'}
[NIFTY25D2325800PE] ⏱ Sample 4/5: LTP = ₹100.65
[NIFTY25D2325800PE] ⏱ Sample 5/5: LTP = ₹100.05
[NIFTY25D2325800PE] 📊 Avg Δ = -0.362%, Consistency = 100.0% → DOWN
[NIFTY25D2325800PE] 📈 Range ₹101.20 → ₹100.05

✅ Momentum for PE: {'symbol': 'NIFTY25D2325800PE', 'avg_change': np.float64(-0.362), 'consistency': np.float64(100.0), 'direction': 'DOWN'}
🧩 Finished PE: NIFTY25D2325800PE, momentum={'symbol': 'NIFTY25D2325800PE', 'avg_change': np.float64(-0.362), 'consistency': np.float64(100.0), 'direction': 'DOWN'}
🧮 Comparing CE vs PE momentum...
📈 CE momentum: -0.083% (FLAT, 50.0%)
📉 PE momentum: -0.362% (DOWN, 100.0%)
⚖️  Momentum similar — choosing CE fallback
✅ Selected: NIFTY25D2325850CE (CE) | LTP=87.0 | lot_size=75 | groww_symbol=NSE-NIFTY-23Dec25-25850-CE

🌀 Generated cURL for Groww Candle API:
curl --location 'https://api.groww.in/v1/historical/candles?exchange=NSE&segment=FNO&groww_symbol=NSE-NIFTY-23Dec25-25850-CE&start_time=2025-12-18 10:08:58&end_time=2025-12-18 10:11:58&candle_interval=1minute' \
  --header 'Accept: application/json' \
  --header 'Authorization: Bearer eyJraWQiOiJaTUtjVXciLCJhbGciOiJFUzI1NiJ9.eyJleHAiOjE3NjYxMDQyMDAsImlhdCI6MTc2NjAzMjA0NSwibmJmIjoxNzY2MDMyMDQ1LCJzdWIiOiJ7XCJ0b2tlblJlZklkXCI6XCI4MWI1Y2I5MC1mNDM1LTRhNWUtOGNmYi1kZTU3NjZmYmNhMjdcIixcInZlbmRvckludGVncmF0aW9uS2V5XCI6XCJlMzFmZjIzYjA4NmI0MDZjODg3NGIyZjZkODQ5NTMxM1wiLFwidXNlckFjY291bnRJZFwiOlwiMmVlMjYyMjItN2MwNS00Y2IwLWIwM2MtNzAzYWRmNWVmN2RkXCIsXCJkZXZpY2VJZFwiOlwiNWQwYzdjODgtMGI1OS01MDU0LTk5ZTYtYWU5MzY5OTc2ZmRiXCIsXCJzZXNzaW9uSWRcIjpcIjY2MjA1YjkxLWY2YTktNDcxMi1hOTYzLThjZmJhZTc2NGRmZlwiLFwiYWRkaXRpb25hbERhdGFcIjpcIno1NC9NZzltdjE2WXdmb0gvS0EwYktvMDZXRlpjc241VUNmTWF5aERtNGxSTkczdTlLa2pWZDNoWjU1ZStNZERhWXBOVi9UOUxIRmtQejFFQisybTdRPT1cIixcInJvbGVcIjpcIm9yZGVyLWJhc2ljLGxpdmVfZGF0YS1iYXNpYyxub25fdHJhZGluZy1iYXNpYyxvcmRlcl9yZWFkX29ubHktYmFzaWMsYmFja190ZXN0XCIsXCJzb3VyY2VJcEFkZHJlc3NcIjpudWxsLFwidHdvRmFFeHBpcnlUc1wiOjE3NjYxMDQyMDAwMDB9IiwiaXNzIjoiYXBleC1hdXRoLXByb2QtYXBwIn0.PuhA52ULp_hbZIVYVCVv3NvDjTbICAS-OTHZlmdB8ZHqoDyMsMFRNUJXZ11WYr-vq6Z_5B1Be7wSeHJMwYP3zA' \
  --header 'X-API-VERSION: 1.0'

📊 3-min candle trend → CE (O1=83.15, C3=91.75)
Market Direction: CE
✅ Market direction CONFIRMS momentum CE → proceeding with order.
user_confirmation_needed : False
➡️ Placing auto order: {'symbol': 'NIFTY25D2325850CE', 'ltp': 87.0, 'lots': 14, 'book_profit': 1050.0, 'lot_size': 75, 'side': 'BUY'} ====== [2025-12-18 10:11:59]
🔹 Auto order => NIFTY25D2325850CE, qty=1050, book@1050.0 ====== [2025-12-18 10:12:00]
💰 LTP for NSE_NIFTY25D2325850CE: ₹92.35 ====== [2025-12-18 10:12:01]
✅ Auto Buy placed: :{'groww_order_id': 'GMKFO251218101201FYGJF5OOKD5E', 'order_status': 'NEW', 'order_reference_id': '10351915', 'remark': None} ======= [2025-12-18 10:12:02]
📈 Trailing started...
🔼 New High: ₹92.4
🔼 New High: ₹92.6
🔼 New High: ₹93.7
📉 Trail Active | LTP=93.7 | Exit=92.95
📉 Trail Active | LTP=93.05 | Exit=92.95
📉 Trail Active | LTP=92.75 | Exit=92.95
🔻 Trailing HIT @ 92.75
Waiting for 1 min to get another data.
🔍 Detecting best option between CE and PE for NIFTY 2025-12-23…
➡️  Searching CE between 80-130
➡️  Searching PE between 80-130
⚙️ Checking momentum for top 1 CE candidates...

🧭 Checking momentum for NIFTY25D2325850CE (5 samples, every 1s):
⚙️ Checking momentum for top 1 PE candidates...

🧭 Checking momentum for NIFTY25D2325800PE (5 samples, every 1s):
[NIFTY25D2325850CE] ⏱ Sample 1/5: LTP = ₹97.95
[NIFTY25D2325800PE] ⏱ Sample 1/5: LTP = ₹92.90
[NIFTY25D2325850CE] ⏱ Sample 2/5: LTP = ₹97.45
[NIFTY25D2325800PE] ⏱ Sample 2/5: LTP = ₹92.85
[NIFTY25D2325850CE] ⏱ Sample 3/5: LTP = ₹97.50
[NIFTY25D2325800PE] ⏱ Sample 3/5: LTP = ₹92.95
[NIFTY25D2325850CE] ⏱ Sample 4/5: LTP = ₹97.45
[NIFTY25D2325800PE] ⏱ Sample 4/5: LTP = ₹93.00
[NIFTY25D2325850CE] ⏱ Sample 5/5: LTP = ₹96.40
[NIFTY25D2325800PE] ⏱ Sample 5/5: LTP = ₹93.85
[NIFTY25D2325850CE] 📊 Avg Δ = -0.265%, Consistency = 100.0% → DOWN
[NIFTY25D2325850CE] 📈 Range ₹97.95 → ₹96.40

🏆 Selected CE: NIFTY25D2325850CE (DOWN | -0.27% | Consistency 100.0%)
📊 Running momentum check for CE (NIFTY25D2325850CE)

🧭 Checking momentum for NIFTY25D2325850CE (5 samples, every 1s):
[NIFTY25D2325850CE] ⏱ Sample 1/5: LTP = ₹96.65
[NIFTY25D2325800PE] 📊 Avg Δ = 0.197%, Consistency = 100.0% → FLAT
[NIFTY25D2325800PE] 📈 Range ₹92.90 → ₹93.85

⚠️ No strong momentum found for PE (>0.3%, consistency >70%)
📊 Running momentum check for PE (NIFTY25D2325800PE)

🧭 Checking momentum for NIFTY25D2325800PE (5 samples, every 1s):
[NIFTY25D2325800PE] ⏱ Sample 1/5: LTP = ₹93.45
[NIFTY25D2325850CE] ⏱ Sample 2/5: LTP = ₹97.50
[NIFTY25D2325800PE] ⏱ Sample 2/5: LTP = ₹92.60
[NIFTY25D2325850CE] ⏱ Sample 3/5: LTP = ₹97.00
[NIFTY25D2325800PE] ⏱ Sample 3/5: LTP = ₹92.85
[NIFTY25D2325850CE] ⏱ Sample 4/5: LTP = ₹96.40
[NIFTY25D2325800PE] ⏱ Sample 4/5: LTP = ₹94.05
[NIFTY25D2325850CE] ⏱ Sample 5/5: LTP = ₹96.25
[NIFTY25D2325800PE] ⏱ Sample 5/5: LTP = ₹94.20
[NIFTY25D2325850CE] 📊 Avg Δ = -0.258%, Consistency = 100.0% → DOWN
[NIFTY25D2325850CE] 📈 Range ₹96.65 → ₹96.25

✅ Momentum for CE: {'symbol': 'NIFTY25D2325850CE', 'avg_change': np.float64(-0.258), 'consistency': np.float64(100.0), 'direction': 'DOWN'}
🧩 Finished CE: NIFTY25D2325850CE, momentum={'symbol': 'NIFTY25D2325850CE', 'avg_change': np.float64(-0.258), 'consistency': np.float64(100.0), 'direction': 'DOWN'}
[NIFTY25D2325800PE] 📊 Avg Δ = 0.394%, Consistency = 100.0% → UP
[NIFTY25D2325800PE] 📈 Range ₹93.45 → ₹94.20

✅ Momentum for PE: {'symbol': 'NIFTY25D2325800PE', 'avg_change': np.float64(0.394), 'consistency': np.float64(100.0), 'direction': 'UP'}
🧩 Finished PE: NIFTY25D2325800PE, momentum={'symbol': 'NIFTY25D2325800PE', 'avg_change': np.float64(0.394), 'consistency': np.float64(100.0), 'direction': 'UP'}
🧮 Comparing CE vs PE momentum...
📈 CE momentum: -0.258% (DOWN, 100.0%)
📉 PE momentum: 0.394% (UP, 100.0%)
✅ Selected PE (stronger momentum)
✅ Selected: NIFTY25D2325800PE (PE) | LTP=94.05 | lot_size=75 | groww_symbol=NSE-NIFTY-23Dec25-25800-PE

🌀 Generated cURL for Groww Candle API:
curl --location 'https://api.groww.in/v1/historical/candles?exchange=NSE&segment=FNO&groww_symbol=NSE-NIFTY-23Dec25-25800-PE&start_time=2025-12-18 10:11:09&end_time=2025-12-18 10:14:09&candle_interval=1minute' \
  --header 'Accept: application/json' \
  --header 'Authorization: Bearer eyJraWQiOiJaTUtjVXciLCJhbGciOiJFUzI1NiJ9.eyJleHAiOjE3NjYxMDQyMDAsImlhdCI6MTc2NjAzMjA0NSwibmJmIjoxNzY2MDMyMDQ1LCJzdWIiOiJ7XCJ0b2tlblJlZklkXCI6XCI4MWI1Y2I5MC1mNDM1LTRhNWUtOGNmYi1kZTU3NjZmYmNhMjdcIixcInZlbmRvckludGVncmF0aW9uS2V5XCI6XCJlMzFmZjIzYjA4NmI0MDZjODg3NGIyZjZkODQ5NTMxM1wiLFwidXNlckFjY291bnRJZFwiOlwiMmVlMjYyMjItN2MwNS00Y2IwLWIwM2MtNzAzYWRmNWVmN2RkXCIsXCJkZXZpY2VJZFwiOlwiNWQwYzdjODgtMGI1OS01MDU0LTk5ZTYtYWU5MzY5OTc2ZmRiXCIsXCJzZXNzaW9uSWRcIjpcIjY2MjA1YjkxLWY2YTktNDcxMi1hOTYzLThjZmJhZTc2NGRmZlwiLFwiYWRkaXRpb25hbERhdGFcIjpcIno1NC9NZzltdjE2WXdmb0gvS0EwYktvMDZXRlpjc241VUNmTWF5aERtNGxSTkczdTlLa2pWZDNoWjU1ZStNZERhWXBOVi9UOUxIRmtQejFFQisybTdRPT1cIixcInJvbGVcIjpcIm9yZGVyLWJhc2ljLGxpdmVfZGF0YS1iYXNpYyxub25fdHJhZGluZy1iYXNpYyxvcmRlcl9yZWFkX29ubHktYmFzaWMsYmFja190ZXN0XCIsXCJzb3VyY2VJcEFkZHJlc3NcIjpudWxsLFwidHdvRmFFeHBpcnlUc1wiOjE3NjYxMDQyMDAwMDB9IiwiaXNzIjoiYXBleC1hdXRoLXByb2QtYXBwIn0.PuhA52ULp_hbZIVYVCVv3NvDjTbICAS-OTHZlmdB8ZHqoDyMsMFRNUJXZ11WYr-vq6Z_5B1Be7wSeHJMwYP3zA' \
  --header 'X-API-VERSION: 1.0'

📊 3-min candle trend → CE (O1=99.2, C3=94.75)
Market Direction: CE
❌ Skipping trade — market direction conflicts with momentum.
Waiting for 3 mins to get another data.
Traceback (most recent call last):
  File "C:\Users\HITS\eclipse-workspace\Groww_Python_Trading_Bot\QA_env_sample_test_groww_option_trading_final_bot.py", line 1320, in <module>
    print("Exiting.")
    ^^^^^^^^^^^^^^^^^^
  File "C:\Users\HITS\eclipse-workspace\Groww_Python_Trading_Bot\QA_env_sample_test_groww_option_trading_final_bot.py", line 1304, in auto_mode_runner
    else:
        ^^
KeyboardInterrupt
