📝 Logging started. Log file: C:\Users\HITS\eclipse-workspace\Groww_Python_Trading_Bot\logs\Groww_Bot_2025-12-22_14-37-00.log
C:\Users\HITS\eclipse-workspace\Groww_Python_Trading_Bot\instrument.csv
Ready to Groww!
eyJraWQiOiJaTUtjVXciLCJhbGciOiJFUzI1NiJ9.eyJleHAiOjE3NjY0NDk4MDAsImlhdCI6MTc2NjM5NDQyMiwibmJmIjoxNzY2Mzk0NDIyLCJzdWIiOiJ7XCJ0b2tlblJlZklkXCI6XCI4NTNhNzkwOS1hNjMyLTRiZDUtODFlMi01Njk3NWNhZWVhYzRcIixcInZlbmRvckludGVncmF0aW9uS2V5XCI6XCJlMzFmZjIzYjA4NmI0MDZjODg3NGIyZjZkODQ5NTMxM1wiLFwidXNlckFjY291bnRJZFwiOlwiMmVlMjYyMjItN2MwNS00Y2IwLWIwM2MtNzAzYWRmNWVmN2RkXCIsXCJkZXZpY2VJZFwiOlwiNWQwYzdjODgtMGI1OS01MDU0LTk5ZTYtYWU5MzY5OTc2ZmRiXCIsXCJzZXNzaW9uSWRcIjpcIjE3ZmU1MzRlLTRkN2QtNDc3ZS05ZWIyLWY0NTNiNzQyNmVmMFwiLFwiYWRkaXRpb25hbERhdGFcIjpcIno1NC9NZzltdjE2WXdmb0gvS0EwYktvMDZXRlpjc241VUNmTWF5aERtNGxSTkczdTlLa2pWZDNoWjU1ZStNZERhWXBOVi9UOUxIRmtQejFFQisybTdRPT1cIixcInJvbGVcIjpcIm9yZGVyLWJhc2ljLGxpdmVfZGF0YS1iYXNpYyxub25fdHJhZGluZy1iYXNpYyxvcmRlcl9yZWFkX29ubHktYmFzaWMsYmFja190ZXN0XCIsXCJzb3VyY2VJcEFkZHJlc3NcIjpudWxsLFwidHdvRmFFeHBpcnlUc1wiOjE3NjY0NDk4MDAwMDB9IiwiaXNzIjoiYXBleC1hdXRoLXByb2QtYXBwIn0.wj3irpMWtHvOivD-SUH-fe4DmK6USIf5UhjTCUPc3XcHqc4qHZyHA5ipNn1B-I597CCuRVRzuo8Vt2FY9jHH5w
✅ Groww API Initialized Successfully
✅ Converted 'C:\Users\HITS\eclipse-workspace\Groww_Python_Trading_Bot\instrument.csv' → 'C:\Users\HITS\eclipse-workspace\Groww_Python_Trading_Bot\instrument.json'
📊 Live NIFTY Spot: 26173.2
✅ Converted 'C:\Users\HITS\eclipse-workspace\Groww_Python_Trading_Bot\instrument.csv' → 'C:\Users\HITS\eclipse-workspace\Groww_Python_Trading_Bot\instrument.json'
🎯 Filtering NIFTY 2025-12-23 instruments between 25650–26650 (Spot=26173.2)
✅ Loaded 316 filtered instruments (out of 149250)

✨ Groww NIFTY CP Bot Ready (Groww backend)
You can run in MANUAL or AUTO mode.
Manual example: Buy 14 NIFTY04NOV2525950CE at CP and Book at 1050

Choose mode: (m)anual / (a)uto / (q)uit: 
--- AUTO MODE (momentum + premium) ---
🔍 Detecting best option between CE and PE for NIFTY 2025-12-23…
➡️  Searching CE between 80-130
➡️  Searching PE between 80-130
⚙️ Checking momentum for top 1 CE candidates...

🧭 Checking momentum for NIFTY25D2326100CE (5 samples, every 1s):
[NIFTY25D2326100CE] ⏱ Sample 1/5: LTP = ₹87.70
⚠️ No affordable instruments for NIFTY 2025-12-23 PE
⚠️ No instrument found for PE
🧩 Finished PE: None, momentum=None
[NIFTY25D2326100CE] ⏱ Sample 2/5: LTP = ₹87.10
[NIFTY25D2326100CE] ⏱ Sample 3/5: LTP = ₹87.15
[NIFTY25D2326100CE] ⏱ Sample 4/5: LTP = ₹87.25
[NIFTY25D2326100CE] ⏱ Sample 5/5: LTP = ₹87.15
[NIFTY25D2326100CE] 📊 Avg Δ = -0.076%, Consistency = 50.0% → FLAT
[NIFTY25D2326100CE] 📈 Range ₹87.70 → ₹87.15

⚠️ No strong momentum found for CE (>0.25%, consistency >70%)
📊 Running momentum check for CE (NIFTY25D2326100CE)

🧭 Checking momentum for NIFTY25D2326100CE (5 samples, every 1s):
[NIFTY25D2326100CE] ⏱ Sample 1/5: LTP = ₹87.10
[NIFTY25D2326100CE] ⏱ Sample 2/5: LTP = ₹87.15
[NIFTY25D2326100CE] ⏱ Sample 3/5: LTP = ₹86.80
[NIFTY25D2326100CE] ⏱ Sample 4/5: LTP = ₹87.05
[NIFTY25D2326100CE] ⏱ Sample 5/5: LTP = ₹87.20
[NIFTY25D2326100CE] 📊 Avg Δ = 0.000%, Consistency = 50.0% → FLAT
[NIFTY25D2326100CE] 📈 Range ₹87.10 → ₹87.20

✅ Momentum for CE: {'symbol': 'NIFTY25D2326100CE', 'avg_change': np.float64(0.0), 'consistency': np.float64(50.0), 'direction': 'FLAT'}
🧩 Finished CE: NIFTY25D2326100CE, momentum={'symbol': 'NIFTY25D2326100CE', 'avg_change': np.float64(0.0), 'consistency': np.float64(50.0), 'direction': 'FLAT'}
🧮 Comparing CE vs PE momentum...
✅ Selected: NIFTY25D2326100CE (CE) | LTP=87.1 | lot_size=75 | groww_symbol=NSE-NIFTY-23Dec25-26100-CE

🌀 Generated cURL for Groww Candle API:
curl --location 'https://api.groww.in/v1/historical/candles?exchange=NSE&segment=FNO&groww_symbol=NSE-NIFTY-23Dec25-26100-CE&start_time=2025-12-22 14:35:08&end_time=2025-12-22 14:38:08&candle_interval=1minute' \
  --header 'Accept: application/json' \
  --header 'Authorization: Bearer eyJraWQiOiJaTUtjVXciLCJhbGciOiJFUzI1NiJ9.eyJleHAiOjE3NjY0NDk4MDAsImlhdCI6MTc2NjM5NDQyMiwibmJmIjoxNzY2Mzk0NDIyLCJzdWIiOiJ7XCJ0b2tlblJlZklkXCI6XCI4NTNhNzkwOS1hNjMyLTRiZDUtODFlMi01Njk3NWNhZWVhYzRcIixcInZlbmRvckludGVncmF0aW9uS2V5XCI6XCJlMzFmZjIzYjA4NmI0MDZjODg3NGIyZjZkODQ5NTMxM1wiLFwidXNlckFjY291bnRJZFwiOlwiMmVlMjYyMjItN2MwNS00Y2IwLWIwM2MtNzAzYWRmNWVmN2RkXCIsXCJkZXZpY2VJZFwiOlwiNWQwYzdjODgtMGI1OS01MDU0LTk5ZTYtYWU5MzY5OTc2ZmRiXCIsXCJzZXNzaW9uSWRcIjpcIjE3ZmU1MzRlLTRkN2QtNDc3ZS05ZWIyLWY0NTNiNzQyNmVmMFwiLFwiYWRkaXRpb25hbERhdGFcIjpcIno1NC9NZzltdjE2WXdmb0gvS0EwYktvMDZXRlpjc241VUNmTWF5aERtNGxSTkczdTlLa2pWZDNoWjU1ZStNZERhWXBOVi9UOUxIRmtQejFFQisybTdRPT1cIixcInJvbGVcIjpcIm9yZGVyLWJhc2ljLGxpdmVfZGF0YS1iYXNpYyxub25fdHJhZGluZy1iYXNpYyxvcmRlcl9yZWFkX29ubHktYmFzaWMsYmFja190ZXN0XCIsXCJzb3VyY2VJcEFkZHJlc3NcIjpudWxsLFwidHdvRmFFeHBpcnlUc1wiOjE3NjY0NDk4MDAwMDB9IiwiaXNzIjoiYXBleC1hdXRoLXByb2QtYXBwIn0.wj3irpMWtHvOivD-SUH-fe4DmK6USIf5UhjTCUPc3XcHqc4qHZyHA5ipNn1B-I597CCuRVRzuo8Vt2FY9jHH5w' \
  --header 'X-API-VERSION: 1.0'

📊 3-min candle trend → PE (O1=88.9, C3=87.55)
Market Direction: PE
❌ Skipping trade — market direction conflicts with momentum.
🔍 Detecting best option between CE and PE for NIFTY 2025-12-23…
➡️  Searching CE between 80-130
➡️  Searching PE between 80-130
⚙️ Checking momentum for top 1 CE candidates...

🧭 Checking momentum for NIFTY25D2326100CE (5 samples, every 1s):
[NIFTY25D2326100CE] ⏱ Sample 1/5: LTP = ₹84.60
⚠️ No affordable instruments for NIFTY 2025-12-23 PE
⚠️ No instrument found for PE
🧩 Finished PE: None, momentum=None
[NIFTY25D2326100CE] ⏱ Sample 2/5: LTP = ₹84.20
[NIFTY25D2326100CE] ⏱ Sample 3/5: LTP = ₹83.35
[NIFTY25D2326100CE] ⏱ Sample 4/5: LTP = ₹83.80
[NIFTY25D2326100CE] ⏱ Sample 5/5: LTP = ₹84.15
[NIFTY25D2326100CE] 📊 Avg Δ = -0.169%, Consistency = 100.0% → FLAT
[NIFTY25D2326100CE] 📈 Range ₹84.60 → ₹84.15

⚠️ No strong momentum found for CE (>0.25%, consistency >70%)
📊 Running momentum check for CE (NIFTY25D2326100CE)

🧭 Checking momentum for NIFTY25D2326100CE (5 samples, every 1s):
[NIFTY25D2326100CE] ⏱ Sample 1/5: LTP = ₹83.60
[NIFTY25D2326100CE] ⏱ Sample 2/5: LTP = ₹82.55
[NIFTY25D2326100CE] ⏱ Sample 3/5: LTP = ₹82.60
[NIFTY25D2326100CE] ⏱ Sample 4/5: LTP = ₹82.80
[NIFTY25D2326100CE] ⏱ Sample 5/5: LTP = ₹82.95
[NIFTY25D2326100CE] 📊 Avg Δ = -0.080%, Consistency = 50.0% → FLAT
[NIFTY25D2326100CE] 📈 Range ₹83.60 → ₹82.95

✅ Momentum for CE: {'symbol': 'NIFTY25D2326100CE', 'avg_change': np.float64(-0.08), 'consistency': np.float64(50.0), 'direction': 'FLAT'}
🧩 Finished CE: NIFTY25D2326100CE, momentum={'symbol': 'NIFTY25D2326100CE', 'avg_change': np.float64(-0.08), 'consistency': np.float64(50.0), 'direction': 'FLAT'}
🧮 Comparing CE vs PE momentum...
✅ Selected: NIFTY25D2326100CE (CE) | LTP=87.2 | lot_size=75 | groww_symbol=NSE-NIFTY-23Dec25-26100-CE

🌀 Generated cURL for Groww Candle API:
curl --location 'https://api.groww.in/v1/historical/candles?exchange=NSE&segment=FNO&groww_symbol=NSE-NIFTY-23Dec25-26100-CE&start_time=2025-12-22 14:36:06&end_time=2025-12-22 14:39:06&candle_interval=1minute' \
  --header 'Accept: application/json' \
  --header 'Authorization: Bearer eyJraWQiOiJaTUtjVXciLCJhbGciOiJFUzI1NiJ9.eyJleHAiOjE3NjY0NDk4MDAsImlhdCI6MTc2NjM5NDQyMiwibmJmIjoxNzY2Mzk0NDIyLCJzdWIiOiJ7XCJ0b2tlblJlZklkXCI6XCI4NTNhNzkwOS1hNjMyLTRiZDUtODFlMi01Njk3NWNhZWVhYzRcIixcInZlbmRvckludGVncmF0aW9uS2V5XCI6XCJlMzFmZjIzYjA4NmI0MDZjODg3NGIyZjZkODQ5NTMxM1wiLFwidXNlckFjY291bnRJZFwiOlwiMmVlMjYyMjItN2MwNS00Y2IwLWIwM2MtNzAzYWRmNWVmN2RkXCIsXCJkZXZpY2VJZFwiOlwiNWQwYzdjODgtMGI1OS01MDU0LTk5ZTYtYWU5MzY5OTc2ZmRiXCIsXCJzZXNzaW9uSWRcIjpcIjE3ZmU1MzRlLTRkN2QtNDc3ZS05ZWIyLWY0NTNiNzQyNmVmMFwiLFwiYWRkaXRpb25hbERhdGFcIjpcIno1NC9NZzltdjE2WXdmb0gvS0EwYktvMDZXRlpjc241VUNmTWF5aERtNGxSTkczdTlLa2pWZDNoWjU1ZStNZERhWXBOVi9UOUxIRmtQejFFQisybTdRPT1cIixcInJvbGVcIjpcIm9yZGVyLWJhc2ljLGxpdmVfZGF0YS1iYXNpYyxub25fdHJhZGluZy1iYXNpYyxvcmRlcl9yZWFkX29ubHktYmFzaWMsYmFja190ZXN0XCIsXCJzb3VyY2VJcEFkZHJlc3NcIjpudWxsLFwidHdvRmFFeHBpcnlUc1wiOjE3NjY0NDk4MDAwMDB9IiwiaXNzIjoiYXBleC1hdXRoLXByb2QtYXBwIn0.wj3irpMWtHvOivD-SUH-fe4DmK6USIf5UhjTCUPc3XcHqc4qHZyHA5ipNn1B-I597CCuRVRzuo8Vt2FY9jHH5w' \
  --header 'X-API-VERSION: 1.0'

📊 3-min candle trend → PE (O1=87.9, C3=81.65)
Market Direction: PE
❌ Skipping trade — market direction conflicts with momentum.
🔍 Detecting best option between CE and PE for NIFTY 2025-12-23…
➡️  Searching CE between 80-130
➡️  Searching PE between 80-130
⚙️ Checking momentum for top 1 CE candidates...

🧭 Checking momentum for NIFTY25D2326100CE (5 samples, every 1s):
⚙️ Checking momentum for top 1 PE candidates...

🧭 Checking momentum for NIFTY25D2326200PE (5 samples, every 1s):
[NIFTY25D2326100CE] ⏱ Sample 1/5: LTP = ₹83.50
[NIFTY25D2326200PE] ⏱ Sample 1/5: LTP = ₹80.45
[NIFTY25D2326100CE] ⏱ Sample 2/5: LTP = ₹83.50
[NIFTY25D2326200PE] ⏱ Sample 2/5: LTP = ₹80.40
[NIFTY25D2326100CE] ⏱ Sample 3/5: LTP = ₹83.70
[NIFTY25D2326200PE] ⏱ Sample 3/5: LTP = ₹80.00
[NIFTY25D2326100CE] ⏱ Sample 4/5: LTP = ₹84.00
[NIFTY25D2326200PE] ⏱ Sample 4/5: LTP = ₹79.90
[NIFTY25D2326100CE] ⏱ Sample 5/5: LTP = ₹83.75
[NIFTY25D2326200PE] ⏱ Sample 5/5: LTP = ₹79.95
[NIFTY25D2326100CE] 📊 Avg Δ = 0.149%, Consistency = 100.0% → FLAT
[NIFTY25D2326100CE] 📈 Range ₹83.50 → ₹83.75

⚠️ No strong momentum found for CE (>0.25%, consistency >70%)
📊 Running momentum check for CE (NIFTY25D2326100CE)

🧭 Checking momentum for NIFTY25D2326100CE (5 samples, every 1s):
[NIFTY25D2326100CE] ⏱ Sample 1/5: LTP = ₹83.75
[NIFTY25D2326200PE] 📊 Avg Δ = -0.208%, Consistency = 100.0% → FLAT
[NIFTY25D2326200PE] 📈 Range ₹80.45 → ₹79.95

⚠️ No strong momentum found for PE (>0.3%, consistency >70%)
📊 Running momentum check for PE (NIFTY25D2326200PE)

🧭 Checking momentum for NIFTY25D2326200PE (5 samples, every 1s):
[NIFTY25D2326200PE] ⏱ Sample 1/5: LTP = ₹80.30
[NIFTY25D2326100CE] ⏱ Sample 2/5: LTP = ₹83.65
[NIFTY25D2326200PE] ⏱ Sample 2/5: LTP = ₹79.95
[NIFTY25D2326100CE] ⏱ Sample 3/5: LTP = ₹83.75
[NIFTY25D2326200PE] ⏱ Sample 3/5: LTP = ₹80.05
[NIFTY25D2326100CE] ⏱ Sample 4/5: LTP = ₹83.85
[NIFTY25D2326200PE] ⏱ Sample 4/5: LTP = ₹79.95
[NIFTY25D2326100CE] ⏱ Sample 5/5: LTP = ₹83.85
[NIFTY25D2326100CE] 📊 Avg Δ = 0.060%, Consistency = 100.0% → FLAT
[NIFTY25D2326100CE] 📈 Range ₹83.75 → ₹83.85

✅ Momentum for CE: {'symbol': 'NIFTY25D2326100CE', 'avg_change': np.float64(0.06), 'consistency': np.float64(100.0), 'direction': 'FLAT'}
🧩 Finished CE: NIFTY25D2326100CE, momentum={'symbol': 'NIFTY25D2326100CE', 'avg_change': np.float64(0.06), 'consistency': np.float64(100.0), 'direction': 'FLAT'}
[NIFTY25D2326200PE] ⏱ Sample 5/5: LTP = ₹79.75
[NIFTY25D2326200PE] 📊 Avg Δ = -0.115%, Consistency = 100.0% → FLAT
[NIFTY25D2326200PE] 📈 Range ₹80.30 → ₹79.75

✅ Momentum for PE: {'symbol': 'NIFTY25D2326200PE', 'avg_change': np.float64(-0.115), 'consistency': np.float64(100.0), 'direction': 'FLAT'}
🧩 Finished PE: NIFTY25D2326200PE, momentum={'symbol': 'NIFTY25D2326200PE', 'avg_change': np.float64(-0.115), 'consistency': np.float64(100.0), 'direction': 'FLAT'}
🧮 Comparing CE vs PE momentum...
📈 CE momentum: 0.060% (FLAT, 100.0%)
📉 PE momentum: -0.115% (FLAT, 100.0%)
⚖️  Momentum similar — choosing CE fallback
✅ Selected: NIFTY25D2326100CE (CE) | LTP=82.3 | lot_size=75 | groww_symbol=NSE-NIFTY-23Dec25-26100-CE

🌀 Generated cURL for Groww Candle API:
curl --location 'https://api.groww.in/v1/historical/candles?exchange=NSE&segment=FNO&groww_symbol=NSE-NIFTY-23Dec25-26100-CE&start_time=2025-12-22 14:37:11&end_time=2025-12-22 14:40:11&candle_interval=1minute' \
  --header 'Accept: application/json' \
  --header 'Authorization: Bearer eyJraWQiOiJaTUtjVXciLCJhbGciOiJFUzI1NiJ9.eyJleHAiOjE3NjY0NDk4MDAsImlhdCI6MTc2NjM5NDQyMiwibmJmIjoxNzY2Mzk0NDIyLCJzdWIiOiJ7XCJ0b2tlblJlZklkXCI6XCI4NTNhNzkwOS1hNjMyLTRiZDUtODFlMi01Njk3NWNhZWVhYzRcIixcInZlbmRvckludGVncmF0aW9uS2V5XCI6XCJlMzFmZjIzYjA4NmI0MDZjODg3NGIyZjZkODQ5NTMxM1wiLFwidXNlckFjY291bnRJZFwiOlwiMmVlMjYyMjItN2MwNS00Y2IwLWIwM2MtNzAzYWRmNWVmN2RkXCIsXCJkZXZpY2VJZFwiOlwiNWQwYzdjODgtMGI1OS01MDU0LTk5ZTYtYWU5MzY5OTc2ZmRiXCIsXCJzZXNzaW9uSWRcIjpcIjE3ZmU1MzRlLTRkN2QtNDc3ZS05ZWIyLWY0NTNiNzQyNmVmMFwiLFwiYWRkaXRpb25hbERhdGFcIjpcIno1NC9NZzltdjE2WXdmb0gvS0EwYktvMDZXRlpjc241VUNmTWF5aERtNGxSTkczdTlLa2pWZDNoWjU1ZStNZERhWXBOVi9UOUxIRmtQejFFQisybTdRPT1cIixcInJvbGVcIjpcIm9yZGVyLWJhc2ljLGxpdmVfZGF0YS1iYXNpYyxub25fdHJhZGluZy1iYXNpYyxvcmRlcl9yZWFkX29ubHktYmFzaWMsYmFja190ZXN0XCIsXCJzb3VyY2VJcEFkZHJlc3NcIjpudWxsLFwidHdvRmFFeHBpcnlUc1wiOjE3NjY0NDk4MDAwMDB9IiwiaXNzIjoiYXBleC1hdXRoLXByb2QtYXBwIn0.wj3irpMWtHvOivD-SUH-fe4DmK6USIf5UhjTCUPc3XcHqc4qHZyHA5ipNn1B-I597CCuRVRzuo8Vt2FY9jHH5w' \
  --header 'X-API-VERSION: 1.0'

📊 3-min candle trend → PE (O1=87.05, C3=83.8)
Market Direction: PE
❌ Skipping trade — market direction conflicts with momentum.
🔍 Detecting best option between CE and PE for NIFTY 2025-12-23…
➡️  Searching CE between 80-130
➡️  Searching PE between 80-130
⚙️ Checking momentum for top 1 CE candidates...

🧭 Checking momentum for NIFTY25D2326100CE (5 samples, every 1s):
⚙️ Checking momentum for top 1 PE candidates...

🧭 Checking momentum for NIFTY25D2326200PE (5 samples, every 1s):
[NIFTY25D2326100CE] ⏱ Sample 1/5: LTP = ₹83.60
[NIFTY25D2326200PE] ⏱ Sample 1/5: LTP = ₹80.35
[NIFTY25D2326100CE] ⏱ Sample 2/5: LTP = ₹83.60
[NIFTY25D2326200PE] ⏱ Sample 2/5: LTP = ₹80.15
[NIFTY25D2326100CE] ⏱ Sample 3/5: LTP = ₹83.75
[NIFTY25D2326200PE] ⏱ Sample 3/5: LTP = ₹80.35
[NIFTY25D2326100CE] ⏱ Sample 4/5: LTP = ₹84.00
[NIFTY25D2326200PE] ⏱ Sample 4/5: LTP = ₹79.90
[NIFTY25D2326100CE] ⏱ Sample 5/5: LTP = ₹84.10
[NIFTY25D2326100CE] 📊 Avg Δ = 0.179%, Consistency = 100.0% → FLAT
[NIFTY25D2326100CE] 📈 Range ₹83.60 → ₹84.10

⚠️ No strong momentum found for CE (>0.25%, consistency >70%)
📊 Running momentum check for CE (NIFTY25D2326100CE)

🧭 Checking momentum for NIFTY25D2326100CE (5 samples, every 1s):
[NIFTY25D2326200PE] ⏱ Sample 5/5: LTP = ₹79.50
[NIFTY25D2326100CE] ⏱ Sample 1/5: LTP = ₹84.20
[NIFTY25D2326200PE] 📊 Avg Δ = -0.229%, Consistency = 100.0% → FLAT
[NIFTY25D2326200PE] 📈 Range ₹80.35 → ₹79.50

⚠️ No strong momentum found for PE (>0.3%, consistency >70%)
📊 Running momentum check for PE (NIFTY25D2326200PE)

🧭 Checking momentum for NIFTY25D2326200PE (5 samples, every 1s):
[NIFTY25D2326200PE] ⏱ Sample 1/5: LTP = ₹79.55
[NIFTY25D2326100CE] ⏱ Sample 2/5: LTP = ₹84.15
[NIFTY25D2326200PE] ⏱ Sample 2/5: LTP = ₹79.55
[NIFTY25D2326100CE] ⏱ Sample 3/5: LTP = ₹84.25
[NIFTY25D2326200PE] ⏱ Sample 3/5: LTP = ₹79.70
[NIFTY25D2326100CE] ⏱ Sample 4/5: LTP = ₹84.20
[NIFTY25D2326200PE] ⏱ Sample 4/5: LTP = ₹79.80
[NIFTY25D2326100CE] ⏱ Sample 5/5: LTP = ₹83.95
[NIFTY25D2326200PE] ⏱ Sample 5/5: LTP = ₹80.10
[NIFTY25D2326100CE] 📊 Avg Δ = -0.040%, Consistency = 50.0% → FLAT
[NIFTY25D2326100CE] 📈 Range ₹84.20 → ₹83.95

✅ Momentum for CE: {'symbol': 'NIFTY25D2326100CE', 'avg_change': np.float64(-0.04), 'consistency': np.float64(50.0), 'direction': 'FLAT'}
🧩 Finished CE: NIFTY25D2326100CE, momentum={'symbol': 'NIFTY25D2326100CE', 'avg_change': np.float64(-0.04), 'consistency': np.float64(50.0), 'direction': 'FLAT'}
[NIFTY25D2326200PE] 📊 Avg Δ = 0.167%, Consistency = 100.0% → FLAT
[NIFTY25D2326200PE] 📈 Range ₹79.55 → ₹80.10

✅ Momentum for PE: {'symbol': 'NIFTY25D2326200PE', 'avg_change': np.float64(0.167), 'consistency': np.float64(100.0), 'direction': 'FLAT'}
🧩 Finished PE: NIFTY25D2326200PE, momentum={'symbol': 'NIFTY25D2326200PE', 'avg_change': np.float64(0.167), 'consistency': np.float64(100.0), 'direction': 'FLAT'}
🧮 Comparing CE vs PE momentum...
📈 CE momentum: -0.040% (FLAT, 50.0%)
📉 PE momentum: 0.167% (FLAT, 100.0%)
⚖️  Momentum similar — choosing PE fallback
✅ Selected: NIFTY25D2326200PE (PE) | LTP=80.45 | lot_size=75 | groww_symbol=NSE-NIFTY-23Dec25-26200-PE

🌀 Generated cURL for Groww Candle API:
curl --location 'https://api.groww.in/v1/historical/candles?exchange=NSE&segment=FNO&groww_symbol=NSE-NIFTY-23Dec25-26200-PE&start_time=2025-12-22 14:38:14&end_time=2025-12-22 14:41:14&candle_interval=1minute' \
  --header 'Accept: application/json' \
  --header 'Authorization: Bearer eyJraWQiOiJaTUtjVXciLCJhbGciOiJFUzI1NiJ9.eyJleHAiOjE3NjY0NDk4MDAsImlhdCI6MTc2NjM5NDQyMiwibmJmIjoxNzY2Mzk0NDIyLCJzdWIiOiJ7XCJ0b2tlblJlZklkXCI6XCI4NTNhNzkwOS1hNjMyLTRiZDUtODFlMi01Njk3NWNhZWVhYzRcIixcInZlbmRvckludGVncmF0aW9uS2V5XCI6XCJlMzFmZjIzYjA4NmI0MDZjODg3NGIyZjZkODQ5NTMxM1wiLFwidXNlckFjY291bnRJZFwiOlwiMmVlMjYyMjItN2MwNS00Y2IwLWIwM2MtNzAzYWRmNWVmN2RkXCIsXCJkZXZpY2VJZFwiOlwiNWQwYzdjODgtMGI1OS01MDU0LTk5ZTYtYWU5MzY5OTc2ZmRiXCIsXCJzZXNzaW9uSWRcIjpcIjE3ZmU1MzRlLTRkN2QtNDc3ZS05ZWIyLWY0NTNiNzQyNmVmMFwiLFwiYWRkaXRpb25hbERhdGFcIjpcIno1NC9NZzltdjE2WXdmb0gvS0EwYktvMDZXRlpjc241VUNmTWF5aERtNGxSTkczdTlLa2pWZDNoWjU1ZStNZERhWXBOVi9UOUxIRmtQejFFQisybTdRPT1cIixcInJvbGVcIjpcIm9yZGVyLWJhc2ljLGxpdmVfZGF0YS1iYXNpYyxub25fdHJhZGluZy1iYXNpYyxvcmRlcl9yZWFkX29ubHktYmFzaWMsYmFja190ZXN0XCIsXCJzb3VyY2VJcEFkZHJlc3NcIjpudWxsLFwidHdvRmFFeHBpcnlUc1wiOjE3NjY0NDk4MDAwMDB9IiwiaXNzIjoiYXBleC1hdXRoLXByb2QtYXBwIn0.wj3irpMWtHvOivD-SUH-fe4DmK6USIf5UhjTCUPc3XcHqc4qHZyHA5ipNn1B-I597CCuRVRzuo8Vt2FY9jHH5w' \
  --header 'X-API-VERSION: 1.0'

📊 3-min candle trend → CE (O1=80.8, C3=80.0)
Market Direction: CE
❌ Skipping trade — market direction conflicts with momentum.
🔍 Detecting best option between CE and PE for NIFTY 2025-12-23…
➡️  Searching CE between 80-130
➡️  Searching PE between 80-130
