📝 Logging started. Log file: C:\Users\HITS\eclipse-workspace\Groww_Python_Trading_Bot\logs\Groww_Bot_2025-12-20_00-36-00.log
C:\Users\HITS\eclipse-workspace\Groww_Python_Trading_Bot\instrument.csv
Ready to Groww!
eyJraWQiOiJaTUtjVXciLCJhbGciOiJFUzI1NiJ9.eyJleHAiOjE3NjYxOTA2MDAsImlhdCI6MTc2NjE3MTE1OSwibmJmIjoxNzY2MTcxMTU5LCJzdWIiOiJ7XCJ0b2tlblJlZklkXCI6XCI5OTk5YjAwZi00ZWRmLTQ2ZTgtYmFkNC1kMjJiOGNmMjM0ZWZcIixcInZlbmRvckludGVncmF0aW9uS2V5XCI6XCJlMzFmZjIzYjA4NmI0MDZjODg3NGIyZjZkODQ5NTMxM1wiLFwidXNlckFjY291bnRJZFwiOlwiMmVlMjYyMjItN2MwNS00Y2IwLWIwM2MtNzAzYWRmNWVmN2RkXCIsXCJkZXZpY2VJZFwiOlwiNWQwYzdjODgtMGI1OS01MDU0LTk5ZTYtYWU5MzY5OTc2ZmRiXCIsXCJzZXNzaW9uSWRcIjpcIjY5MzFiNGEwLTMzZGQtNDkzZi04ZmUwLTY1ZWZkMzZiYzM5ZVwiLFwiYWRkaXRpb25hbERhdGFcIjpcIno1NC9NZzltdjE2WXdmb0gvS0EwYktvMDZXRlpjc241VUNmTWF5aERtNGxSTkczdTlLa2pWZDNoWjU1ZStNZERhWXBOVi9UOUxIRmtQejFFQisybTdRPT1cIixcInJvbGVcIjpcIm9yZGVyLWJhc2ljLGxpdmVfZGF0YS1iYXNpYyxub25fdHJhZGluZy1iYXNpYyxvcmRlcl9yZWFkX29ubHktYmFzaWMsYmFja190ZXN0XCIsXCJzb3VyY2VJcEFkZHJlc3NcIjpudWxsLFwidHdvRmFFeHBpcnlUc1wiOjE3NjYxOTA2MDAwMDB9IiwiaXNzIjoiYXBleC1hdXRoLXByb2QtYXBwIn0.nrAbf_JrouJxNVXC11YCsLhZMHiWM4nBf1Q0fhKkxXa1WVkzhvIMW6TqRBAnyqHfAo6lllKO7_2mPVn6ZbjfTg
✅ Groww API Initialized Successfully
✅ Converted 'C:\Users\HITS\eclipse-workspace\Groww_Python_Trading_Bot\instrument.csv' → 'C:\Users\HITS\eclipse-workspace\Groww_Python_Trading_Bot\instrument.json'
📊 Live NIFTY Spot: 25966.4
✅ Converted 'C:\Users\HITS\eclipse-workspace\Groww_Python_Trading_Bot\instrument.csv' → 'C:\Users\HITS\eclipse-workspace\Groww_Python_Trading_Bot\instrument.json'
🎯 Filtering NIFTY 2025-12-23 instruments between 25450–26450 (Spot=25966.4)
✅ Loaded 316 filtered instruments (out of 149250)

✨ Groww NIFTY CP Bot Ready (Groww backend)
You can run in MANUAL or AUTO mode.
Manual example: Buy 14 NIFTY04NOV2525950CE at CP and Book at 1050

Choose mode: (m)anual / (a)uto / (q)uit: 
--- AUTO MODE (momentum + premium) ---
🔍 Detecting best option between CE and PE for NIFTY 2025-12-23…
➡️  Searching CE between 80-130
➡️  Searching PE between 80-130
⚙️ Checking momentum for top 1 CE candidates...

🧭 Checking momentum for NIFTY25D2325950CE (5 samples, every 1s):

 delta = 0.5733, theta = -9.4436, open_interest = 67245, ltp = 90.65
⚙️ Checking momentum for top 1 PE candidates...

🧭 Checking momentum for NIFTY25D2326000PE (5 samples, every 1s):

 delta = -0.5311, theta = -9.3741, open_interest = 125838, ltp = 88.35
[NIFTY25D2325950CE] ⏱ Sample 1/5: LTP = ₹90.65
[NIFTY25D2326000PE] ⏱ Sample 1/5: LTP = ₹88.35
[NIFTY25D2325950CE] ⏱ Sample 2/5: LTP = ₹90.65
[NIFTY25D2326000PE] ⏱ Sample 2/5: LTP = ₹88.35
[NIFTY25D2325950CE] ⏱ Sample 3/5: LTP = ₹90.65
[NIFTY25D2326000PE] ⏱ Sample 3/5: LTP = ₹88.35
[NIFTY25D2325950CE] ⏱ Sample 4/5: LTP = ₹90.65
[NIFTY25D2326000PE] ⏱ Sample 4/5: LTP = ₹88.35
[NIFTY25D2325950CE] ⏱ Sample 5/5: LTP = ₹90.65
[NIFTY25D2326000PE] ⏱ Sample 5/5: LTP = ₹88.35
[NIFTY25D2325950CE] ⚠️ Too noisy for reliable momentum reading
⚠️ No strong momentum found for CE (>0.25%, consistency >70%)
📊 Running momentum check for CE (NIFTY25D2325950CE)

🧭 Checking momentum for NIFTY25D2325950CE (5 samples, every 1s):

 delta = 0.5733, theta = -9.4436, open_interest = 67245, ltp = 90.65
[NIFTY25D2326000PE] ⚠️ Too noisy for reliable momentum reading
⚠️ No strong momentum found for PE (>0.3%, consistency >70%)
📊 Running momentum check for PE (NIFTY25D2326000PE)

🧭 Checking momentum for NIFTY25D2326000PE (5 samples, every 1s):
[NIFTY25D2325950CE] ⏱ Sample 1/5: LTP = ₹90.65

 delta = -0.5311, theta = -9.3741, open_interest = 125838, ltp = 88.35
[NIFTY25D2326000PE] ⏱ Sample 1/5: LTP = ₹88.35
[NIFTY25D2325950CE] ⏱ Sample 2/5: LTP = ₹90.65
[NIFTY25D2326000PE] ⏱ Sample 2/5: LTP = ₹88.35
[NIFTY25D2325950CE] ⏱ Sample 3/5: LTP = ₹90.65
[NIFTY25D2326000PE] ⏱ Sample 3/5: LTP = ₹88.35
[NIFTY25D2325950CE] ⏱ Sample 4/5: LTP = ₹90.65
[NIFTY25D2326000PE] ⏱ Sample 4/5: LTP = ₹88.35
[NIFTY25D2325950CE] ⏱ Sample 5/5: LTP = ₹90.65
[NIFTY25D2326000PE] ⏱ Sample 5/5: LTP = ₹88.35
[NIFTY25D2325950CE] ⚠️ Too noisy for reliable momentum reading
✅ Momentum for CE: None
🧩 Finished CE: NIFTY25D2325950CE, momentum=None
[NIFTY25D2326000PE] ⚠️ Too noisy for reliable momentum reading
✅ Momentum for PE: None
🧩 Finished PE: NIFTY25D2326000PE, momentum=None
🧮 Comparing CE vs PE momentum...
❌ No momentum data found for CE or PE.
❌ Could not determine CE/PE. Retrying in 60s...
Traceback (most recent call last):
  File "C:\Users\HITS\eclipse-workspace\Groww_Python_Trading_Bot\workingCopyOf_QA_env_sample_test_groww_option_trading_final_bot.py", line 1543, in <module>
    auto_mode_runner()
  File "C:\Users\HITS\eclipse-workspace\Groww_Python_Trading_Bot\workingCopyOf_QA_env_sample_test_groww_option_trading_final_bot.py", line 1428, in auto_mode_runner
    time.sleep(60)
KeyboardInterrupt
