📝 Logging started. Log file: C:\Users\HITS\eclipse-workspace\Groww_Python_Trading_Bot\logs\Groww_Bot_2025-12-18_11-25-40.log
C:\Users\HITS\eclipse-workspace\Groww_Python_Trading_Bot\instrument.csv
Ready to Groww!
eyJraWQiOiJaTUtjVXciLCJhbGciOiJFUzI1NiJ9.eyJleHAiOjE3NjYxMDQyMDAsImlhdCI6MTc2NjAzNzM0MCwibmJmIjoxNzY2MDM3MzQwLCJzdWIiOiJ7XCJ0b2tlblJlZklkXCI6XCIyZTc1MjZhYS03NWQ0LTRmYmItYThmOC0wOWE4NDg3NzVjOGNcIixcInZlbmRvckludGVncmF0aW9uS2V5XCI6XCJlMzFmZjIzYjA4NmI0MDZjODg3NGIyZjZkODQ5NTMxM1wiLFwidXNlckFjY291bnRJZFwiOlwiMmVlMjYyMjItN2MwNS00Y2IwLWIwM2MtNzAzYWRmNWVmN2RkXCIsXCJkZXZpY2VJZFwiOlwiNWQwYzdjODgtMGI1OS01MDU0LTk5ZTYtYWU5MzY5OTc2ZmRiXCIsXCJzZXNzaW9uSWRcIjpcIjY2MjA1YjkxLWY2YTktNDcxMi1hOTYzLThjZmJhZTc2NGRmZlwiLFwiYWRkaXRpb25hbERhdGFcIjpcIno1NC9NZzltdjE2WXdmb0gvS0EwYktvMDZXRlpjc241VUNmTWF5aERtNGxSTkczdTlLa2pWZDNoWjU1ZStNZERhWXBOVi9UOUxIRmtQejFFQisybTdRPT1cIixcInJvbGVcIjpcIm9yZGVyLWJhc2ljLGxpdmVfZGF0YS1iYXNpYyxub25fdHJhZGluZy1iYXNpYyxvcmRlcl9yZWFkX29ubHktYmFzaWMsYmFja190ZXN0XCIsXCJzb3VyY2VJcEFkZHJlc3NcIjpudWxsLFwidHdvRmFFeHBpcnlUc1wiOjE3NjYxMDQyMDAwMDB9IiwiaXNzIjoiYXBleC1hdXRoLXByb2QtYXBwIn0.kHx-9pY_TxJYaYm9jmoYUYJv3uZRejf9Zo6M5_3s3b-Dmah-VCiElKeamnEV9i5m3deHszSqIvZZJ8EVTAlYnA
✅ Groww API Initialized Successfully
✅ Converted 'C:\Users\HITS\eclipse-workspace\Groww_Python_Trading_Bot\instrument.csv' → 'C:\Users\HITS\eclipse-workspace\Groww_Python_Trading_Bot\instrument.json'
📊 Live NIFTY Spot: 25855.0
✅ Converted 'C:\Users\HITS\eclipse-workspace\Groww_Python_Trading_Bot\instrument.csv' → 'C:\Users\HITS\eclipse-workspace\Groww_Python_Trading_Bot\instrument.json'
🎯 Filtering NIFTY 2025-12-23 instruments between 25350–26350 (Spot=25855.0)
✅ Loaded 316 filtered instruments (out of 149250)

✨ Groww NIFTY CP Bot Ready (Groww backend)
You can run in MANUAL or AUTO mode.
Manual example: Buy 14 NIFTY04NOV2525950CE at CP and Book at 1050

Choose mode: (m)anual / (a)uto / (q)uit: 
--- AUTO MODE (momentum + premium) ---
🔍 Detecting best option between CE and PE for NIFTY 2025-12-23…
➡️  Searching CE between 80-130
➡️  Searching PE between 80-130
⚙️ Checking momentum for top 2 CE candidates...

🧭 Checking momentum for NIFTY25D2325900CE (5 samples, every 1s):

🧭 Checking momentum for NIFTY25D2325950CE (5 samples, every 1s):
⚙️ Checking momentum for top 2 PE candidates...

🧭 Checking momentum for NIFTY25D2325900PE (5 samples, every 1s):

🧭 Checking momentum for NIFTY25D2325850PE (5 samples, every 1s):
[NIFTY25D2325900CE] ⏱ Sample 1/5: LTP = ₹101.20
[NIFTY25D2325950CE] ⏱ Sample 1/5: LTP = ₹78.20
[NIFTY25D2325900PE] ⏱ Sample 1/5: LTP = ₹109.60
[NIFTY25D2325850PE] ⏱ Sample 1/5: LTP = ₹86.30
[NIFTY25D2325900CE] ⏱ Sample 2/5: LTP = ₹101.05
[NIFTY25D2325950CE] ⏱ Sample 2/5: LTP = ₹78.25
[NIFTY25D2325900PE] ⏱ Sample 2/5: LTP = ₹109.35
[NIFTY25D2325850PE] ⏱ Sample 2/5: LTP = ₹85.95
[NIFTY25D2325900CE] ⏱ Sample 3/5: LTP = ₹101.35
[NIFTY25D2325950CE] ⏱ Sample 3/5: LTP = ₹78.70
[NIFTY25D2325900PE] ⏱ Sample 3/5: LTP = ₹109.15
[NIFTY25D2325850PE] ⏱ Sample 3/5: LTP = ₹85.55
[NIFTY25D2325900CE] ⏱ Sample 4/5: LTP = ₹101.90
[NIFTY25D2325950CE] ⏱ Sample 4/5: LTP = ₹79.45
[NIFTY25D2325900PE] ⏱ Sample 4/5: LTP = ₹108.45
[NIFTY25D2325850PE] ⏱ Sample 4/5: LTP = ₹85.30
[NIFTY25D2325900CE] ⏱ Sample 5/5: LTP = ₹102.30
[NIFTY25D2325950CE] ⏱ Sample 5/5: LTP = ₹79.30
[NIFTY25D2325900CE] 📊 Avg Δ = 0.321%, Consistency = 100.0% → UP
[NIFTY25D2325900CE] 📈 Range ₹101.20 → ₹102.30

[NIFTY25D2325900PE] ⏱ Sample 5/5: LTP = ₹108.85
[NIFTY25D2325950CE] 📊 Avg Δ = 0.488%, Consistency = 100.0% → UP
[NIFTY25D2325950CE] 📈 Range ₹78.20 → ₹79.30

🏆 Selected CE: NIFTY25D2325950CE (UP | 0.49% | Consistency 100.0%)
📊 Running momentum check for CE (NIFTY25D2325950CE)

🧭 Checking momentum for NIFTY25D2325950CE (5 samples, every 1s):
[NIFTY25D2325850PE] ⏱ Sample 5/5: LTP = ₹85.45
[NIFTY25D2325900PE] 📊 Avg Δ = -0.252%, Consistency = 100.0% → DOWN
[NIFTY25D2325900PE] 📈 Range ₹109.60 → ₹108.85

[NIFTY25D2325950CE] ⏱ Sample 1/5: LTP = ₹79.20
[NIFTY25D2325850PE] 📊 Avg Δ = -0.291%, Consistency = 100.0% → DOWN
[NIFTY25D2325850PE] 📈 Range ₹86.30 → ₹85.45

⚠️ No strong momentum found for PE (>0.3%, consistency >70%)
📊 Running momentum check for PE (NIFTY25D2325900PE)

🧭 Checking momentum for NIFTY25D2325900PE (5 samples, every 1s):
[NIFTY25D2325900PE] ⏱ Sample 1/5: LTP = ₹108.85
[NIFTY25D2325950CE] ⏱ Sample 2/5: LTP = ₹78.75
[NIFTY25D2325900PE] ⏱ Sample 2/5: LTP = ₹108.80
[NIFTY25D2325950CE] ⏱ Sample 3/5: LTP = ₹79.15
[NIFTY25D2325900PE] ⏱ Sample 3/5: LTP = ₹108.90
[NIFTY25D2325950CE] ⏱ Sample 4/5: LTP = ₹78.90
[NIFTY25D2325900PE] ⏱ Sample 4/5: LTP = ₹109.15
[NIFTY25D2325950CE] ⏱ Sample 5/5: LTP = ₹78.70
[NIFTY25D2325900PE] ⏱ Sample 5/5: LTP = ₹109.20
[NIFTY25D2325950CE] 📊 Avg Δ = -0.074%, Consistency = 100.0% → FLAT
[NIFTY25D2325950CE] 📈 Range ₹79.20 → ₹78.70

✅ Momentum for CE: {'symbol': 'NIFTY25D2325950CE', 'avg_change': np.float64(-0.074), 'consistency': np.float64(100.0), 'direction': 'FLAT'}
🧩 Finished CE: NIFTY25D2325950CE, momentum={'symbol': 'NIFTY25D2325950CE', 'avg_change': np.float64(-0.074), 'consistency': np.float64(100.0), 'direction': 'FLAT'}
[NIFTY25D2325900PE] 📊 Avg Δ = 0.107%, Consistency = 100.0% → FLAT
[NIFTY25D2325900PE] 📈 Range ₹108.85 → ₹109.20

✅ Momentum for PE: {'symbol': 'NIFTY25D2325900PE', 'avg_change': np.float64(0.107), 'consistency': np.float64(100.0), 'direction': 'FLAT'}
🧩 Finished PE: NIFTY25D2325900PE, momentum={'symbol': 'NIFTY25D2325900PE', 'avg_change': np.float64(0.107), 'consistency': np.float64(100.0), 'direction': 'FLAT'}
🧮 Comparing CE vs PE momentum...
📈 CE momentum: -0.074% (FLAT, 100.0%)
📉 PE momentum: 0.107% (FLAT, 100.0%)
⚖️  Momentum similar — choosing PE fallback
✅ Selected: NIFTY25D2325900PE (PE) | LTP=107.35 | lot_size=75 | groww_symbol=NSE-NIFTY-23Dec25-25900-PE

🌀 Generated cURL for Groww Candle API:
curl --location 'https://api.groww.in/v1/historical/candles?exchange=NSE&segment=FNO&groww_symbol=NSE-NIFTY-23Dec25-25900-PE&start_time=2025-12-18 11:23:57&end_time=2025-12-18 11:26:57&candle_interval=1minute' \
  --header 'Accept: application/json' \
  --header 'Authorization: Bearer eyJraWQiOiJaTUtjVXciLCJhbGciOiJFUzI1NiJ9.eyJleHAiOjE3NjYxMDQyMDAsImlhdCI6MTc2NjAzNzM0MCwibmJmIjoxNzY2MDM3MzQwLCJzdWIiOiJ7XCJ0b2tlblJlZklkXCI6XCIyZTc1MjZhYS03NWQ0LTRmYmItYThmOC0wOWE4NDg3NzVjOGNcIixcInZlbmRvckludGVncmF0aW9uS2V5XCI6XCJlMzFmZjIzYjA4NmI0MDZjODg3NGIyZjZkODQ5NTMxM1wiLFwidXNlckFjY291bnRJZFwiOlwiMmVlMjYyMjItN2MwNS00Y2IwLWIwM2MtNzAzYWRmNWVmN2RkXCIsXCJkZXZpY2VJZFwiOlwiNWQwYzdjODgtMGI1OS01MDU0LTk5ZTYtYWU5MzY5OTc2ZmRiXCIsXCJzZXNzaW9uSWRcIjpcIjY2MjA1YjkxLWY2YTktNDcxMi1hOTYzLThjZmJhZTc2NGRmZlwiLFwiYWRkaXRpb25hbERhdGFcIjpcIno1NC9NZzltdjE2WXdmb0gvS0EwYktvMDZXRlpjc241VUNmTWF5aERtNGxSTkczdTlLa2pWZDNoWjU1ZStNZERhWXBOVi9UOUxIRmtQejFFQisybTdRPT1cIixcInJvbGVcIjpcIm9yZGVyLWJhc2ljLGxpdmVfZGF0YS1iYXNpYyxub25fdHJhZGluZy1iYXNpYyxvcmRlcl9yZWFkX29ubHktYmFzaWMsYmFja190ZXN0XCIsXCJzb3VyY2VJcEFkZHJlc3NcIjpudWxsLFwidHdvRmFFeHBpcnlUc1wiOjE3NjYxMDQyMDAwMDB9IiwiaXNzIjoiYXBleC1hdXRoLXByb2QtYXBwIn0.kHx-9pY_TxJYaYm9jmoYUYJv3uZRejf9Zo6M5_3s3b-Dmah-VCiElKeamnEV9i5m3deHszSqIvZZJ8EVTAlYnA' \
  --header 'X-API-VERSION: 1.0'

📊 3-min candle trend → CE (O1=110.1, C3=108.65)
Market Direction: CE
❌ Skipping trade — market direction conflicts with momentum.
Waiting for 3 mins to get another data.
🔍 Detecting best option between CE and PE for NIFTY 2025-12-23…
➡️  Searching CE between 80-130
➡️  Searching PE between 80-130
⚙️ Checking momentum for top 2 CE candidates...

🧭 Checking momentum for NIFTY25D2325900CE (5 samples, every 1s):

🧭 Checking momentum for NIFTY25D2325950CE (5 samples, every 1s):
⚙️ Checking momentum for top 2 PE candidates...

🧭 Checking momentum for NIFTY25D2325900PE (5 samples, every 1s):

🧭 Checking momentum for NIFTY25D2325850PE (5 samples, every 1s):
[NIFTY25D2325900CE] ⏱ Sample 1/5: LTP = ₹105.00
[NIFTY25D2325950CE] ⏱ Sample 1/5: LTP = ₹81.75
[NIFTY25D2325900PE] ⏱ Sample 1/5: LTP = ₹105.40
[NIFTY25D2325850PE] ⏱ Sample 1/5: LTP = ₹82.65
[NIFTY25D2325900CE] ⏱ Sample 2/5: LTP = ₹104.75
[NIFTY25D2325950CE] ⏱ Sample 2/5: LTP = ₹81.65
[NIFTY25D2325900PE] ⏱ Sample 2/5: LTP = ₹105.00
[NIFTY25D2325850PE] ⏱ Sample 2/5: LTP = ₹81.80
[NIFTY25D2325900CE] ⏱ Sample 3/5: LTP = ₹105.55
[NIFTY25D2325950CE] ⏱ Sample 3/5: LTP = ₹82.15
[NIFTY25D2325900PE] ⏱ Sample 3/5: LTP = ₹103.85
[NIFTY25D2325850PE] ⏱ Sample 3/5: LTP = ₹81.30
[NIFTY25D2325900CE] ⏱ Sample 4/5: LTP = ₹106.70
[NIFTY25D2325950CE] ⏱ Sample 4/5: LTP = ₹82.55
[NIFTY25D2325900PE] ⏱ Sample 4/5: LTP = ₹104.45
[NIFTY25D2325850PE] ⏱ Sample 4/5: LTP = ₹82.25
[NIFTY25D2325900CE] ⏱ Sample 5/5: LTP = ₹105.20
[NIFTY25D2325950CE] ⏱ Sample 5/5: LTP = ₹81.90
[NIFTY25D2325900CE] 📊 Avg Δ = 0.341%, Consistency = 100.0% → UP
[NIFTY25D2325900CE] 📈 Range ₹105.00 → ₹105.20

[NIFTY25D2325900PE] ⏱ Sample 5/5: LTP = ₹104.60
[NIFTY25D2325950CE] 📊 Avg Δ = 0.214%, Consistency = 100.0% → FLAT
[NIFTY25D2325950CE] 📈 Range ₹81.75 → ₹81.90

🏆 Selected CE: NIFTY25D2325900CE (UP | 0.34% | Consistency 100.0%)
📊 Running momentum check for CE (NIFTY25D2325900CE)

🧭 Checking momentum for NIFTY25D2325900CE (5 samples, every 1s):
[NIFTY25D2325850PE] ⏱ Sample 5/5: LTP = ₹82.10
[NIFTY25D2325900PE] 📊 Avg Δ = -0.215%, Consistency = 100.0% → FLAT
[NIFTY25D2325900PE] 📈 Range ₹105.40 → ₹104.60

[NIFTY25D2325900CE] ⏱ Sample 1/5: LTP = ₹105.55
[NIFTY25D2325850PE] 📊 Avg Δ = -0.020%, Consistency = 50.0% → FLAT
[NIFTY25D2325850PE] 📈 Range ₹82.65 → ₹82.10

⚠️ No strong momentum found for PE (>0.3%, consistency >70%)
📊 Running momentum check for PE (NIFTY25D2325900PE)

🧭 Checking momentum for NIFTY25D2325900PE (5 samples, every 1s):
[NIFTY25D2325900PE] ⏱ Sample 1/5: LTP = ₹105.00
[NIFTY25D2325900CE] ⏱ Sample 2/5: LTP = ₹105.45
[NIFTY25D2325900PE] ⏱ Sample 2/5: LTP = ₹104.75
[NIFTY25D2325900CE] ⏱ Sample 3/5: LTP = ₹105.35
[NIFTY25D2325900PE] ⏱ Sample 3/5: LTP = ₹104.90
[NIFTY25D2325900CE] ⏱ Sample 4/5: LTP = ₹105.00
[NIFTY25D2325900PE] ⏱ Sample 4/5: LTP = ₹105.15
[NIFTY25D2325900CE] ⏱ Sample 5/5: LTP = ₹105.35
[NIFTY25D2325900CE] 📊 Avg Δ = -0.103%, Consistency = 100.0% → FLAT
[NIFTY25D2325900PE] ⏱ Sample 5/5: LTP = ₹105.25
[NIFTY25D2325900CE] 📈 Range ₹105.55 → ₹105.35

✅ Momentum for CE: {'symbol': 'NIFTY25D2325900CE', 'avg_change': np.float64(-0.103), 'consistency': np.float64(100.0), 'direction': 'FLAT'}
🧩 Finished CE: NIFTY25D2325900CE, momentum={'symbol': 'NIFTY25D2325900CE', 'avg_change': np.float64(-0.103), 'consistency': np.float64(100.0), 'direction': 'FLAT'}
[NIFTY25D2325900PE] 📊 Avg Δ = 0.103%, Consistency = 100.0% → FLAT
[NIFTY25D2325900PE] 📈 Range ₹105.00 → ₹105.25

✅ Momentum for PE: {'symbol': 'NIFTY25D2325900PE', 'avg_change': np.float64(0.103), 'consistency': np.float64(100.0), 'direction': 'FLAT'}
🧩 Finished PE: NIFTY25D2325900PE, momentum={'symbol': 'NIFTY25D2325900PE', 'avg_change': np.float64(0.103), 'consistency': np.float64(100.0), 'direction': 'FLAT'}
🧮 Comparing CE vs PE momentum...
📈 CE momentum: -0.103% (FLAT, 100.0%)
📉 PE momentum: 0.103% (FLAT, 100.0%)
⚖️  Momentum similar — choosing PE fallback
✅ Selected: NIFTY25D2325900PE (PE) | LTP=106.2 | lot_size=75 | groww_symbol=NSE-NIFTY-23Dec25-25900-PE

🌀 Generated cURL for Groww Candle API:
curl --location 'https://api.groww.in/v1/historical/candles?exchange=NSE&segment=FNO&groww_symbol=NSE-NIFTY-23Dec25-25900-PE&start_time=2025-12-18 11:27:52&end_time=2025-12-18 11:30:52&candle_interval=1minute' \
  --header 'Accept: application/json' \
  --header 'Authorization: Bearer eyJraWQiOiJaTUtjVXciLCJhbGciOiJFUzI1NiJ9.eyJleHAiOjE3NjYxMDQyMDAsImlhdCI6MTc2NjAzNzM0MCwibmJmIjoxNzY2MDM3MzQwLCJzdWIiOiJ7XCJ0b2tlblJlZklkXCI6XCIyZTc1MjZhYS03NWQ0LTRmYmItYThmOC0wOWE4NDg3NzVjOGNcIixcInZlbmRvckludGVncmF0aW9uS2V5XCI6XCJlMzFmZjIzYjA4NmI0MDZjODg3NGIyZjZkODQ5NTMxM1wiLFwidXNlckFjY291bnRJZFwiOlwiMmVlMjYyMjItN2MwNS00Y2IwLWIwM2MtNzAzYWRmNWVmN2RkXCIsXCJkZXZpY2VJZFwiOlwiNWQwYzdjODgtMGI1OS01MDU0LTk5ZTYtYWU5MzY5OTc2ZmRiXCIsXCJzZXNzaW9uSWRcIjpcIjY2MjA1YjkxLWY2YTktNDcxMi1hOTYzLThjZmJhZTc2NGRmZlwiLFwiYWRkaXRpb25hbERhdGFcIjpcIno1NC9NZzltdjE2WXdmb0gvS0EwYktvMDZXRlpjc241VUNmTWF5aERtNGxSTkczdTlLa2pWZDNoWjU1ZStNZERhWXBOVi9UOUxIRmtQejFFQisybTdRPT1cIixcInJvbGVcIjpcIm9yZGVyLWJhc2ljLGxpdmVfZGF0YS1iYXNpYyxub25fdHJhZGluZy1iYXNpYyxvcmRlcl9yZWFkX29ubHktYmFzaWMsYmFja190ZXN0XCIsXCJzb3VyY2VJcEFkZHJlc3NcIjpudWxsLFwidHdvRmFFeHBpcnlUc1wiOjE3NjYxMDQyMDAwMDB9IiwiaXNzIjoiYXBleC1hdXRoLXByb2QtYXBwIn0.kHx-9pY_TxJYaYm9jmoYUYJv3uZRejf9Zo6M5_3s3b-Dmah-VCiElKeamnEV9i5m3deHszSqIvZZJ8EVTAlYnA' \
  --header 'X-API-VERSION: 1.0'

📊 3-min candle trend → CE (O1=108.05, C3=105.25)
Market Direction: CE
❌ Skipping trade — market direction conflicts with momentum.
Waiting for 3 mins to get another data.
🔍 Detecting best option between CE and PE for NIFTY 2025-12-23…
➡️  Searching CE between 80-130
➡️  Searching PE between 80-130
⚙️ Checking momentum for top 2 CE candidates...

🧭 Checking momentum for NIFTY25D2325900CE (5 samples, every 1s):

🧭 Checking momentum for NIFTY25D2325950CE (5 samples, every 1s):
⚙️ Checking momentum for top 2 PE candidates...

🧭 Checking momentum for NIFTY25D2325900PE (5 samples, every 1s):

🧭 Checking momentum for NIFTY25D2325850PE (5 samples, every 1s):
[NIFTY25D2325900CE] ⏱ Sample 1/5: LTP = ₹102.40
[NIFTY25D2325950CE] ⏱ Sample 1/5: LTP = ₹79.60
[NIFTY25D2325900PE] ⏱ Sample 1/5: LTP = ₹107.30
[NIFTY25D2325850PE] ⏱ Sample 1/5: LTP = ₹84.15
[NIFTY25D2325900CE] ⏱ Sample 2/5: LTP = ₹102.70
[NIFTY25D2325950CE] ⏱ Sample 2/5: LTP = ₹79.60
[NIFTY25D2325900PE] ⏱ Sample 2/5: LTP = ₹107.45
[NIFTY25D2325850PE] ⏱ Sample 2/5: LTP = ₹84.35
[NIFTY25D2325900CE] ⏱ Sample 3/5: LTP = ₹102.20
[NIFTY25D2325950CE] ⏱ Sample 3/5: LTP = ₹79.30
[NIFTY25D2325900PE] ⏱ Sample 3/5: LTP = ₹106.90
[NIFTY25D2325850PE] ⏱ Sample 3/5: LTP = ₹83.70
[NIFTY25D2325900CE] ⏱ Sample 4/5: LTP = ₹102.60
[NIFTY25D2325950CE] ⏱ Sample 4/5: LTP = ₹79.80
[NIFTY25D2325900PE] ⏱ Sample 4/5: LTP = ₹106.90
[NIFTY25D2325850PE] ⏱ Sample 4/5: LTP = ₹84.10
[NIFTY25D2325900CE] ⏱ Sample 5/5: LTP = ₹102.40
[NIFTY25D2325950CE] ⏱ Sample 5/5: LTP = ₹79.70
[NIFTY25D2325900CE] 📊 Avg Δ = -0.016%, Consistency = 50.0% → FLAT
[NIFTY25D2325900CE] 📈 Range ₹102.40 → ₹102.40

[NIFTY25D2325900PE] ⏱ Sample 5/5: LTP = ₹106.80
[NIFTY25D2325950CE] 📊 Avg Δ = 0.063%, Consistency = 100.0% → FLAT
[NIFTY25D2325950CE] 📈 Range ₹79.60 → ₹79.70

⚠️ No strong momentum found for CE (>0.25%, consistency >70%)
📊 Running momentum check for CE (NIFTY25D2325900CE)

🧭 Checking momentum for NIFTY25D2325900CE (5 samples, every 1s):
[NIFTY25D2325850PE] ⏱ Sample 5/5: LTP = ₹83.45
[NIFTY25D2325900PE] 📊 Avg Δ = -0.163%, Consistency = 100.0% → FLAT
[NIFTY25D2325900PE] 📈 Range ₹107.30 → ₹106.80

[NIFTY25D2325900CE] ⏱ Sample 1/5: LTP = ₹102.90
[NIFTY25D2325850PE] 📊 Avg Δ = -0.188%, Consistency = 100.0% → FLAT
[NIFTY25D2325850PE] 📈 Range ₹84.15 → ₹83.45

⚠️ No strong momentum found for PE (>0.3%, consistency >70%)
📊 Running momentum check for PE (NIFTY25D2325900PE)

🧭 Checking momentum for NIFTY25D2325900PE (5 samples, every 1s):
[NIFTY25D2325900PE] ⏱ Sample 1/5: LTP = ₹106.90
[NIFTY25D2325900CE] ⏱ Sample 2/5: LTP = ₹102.60
[NIFTY25D2325900PE] ⏱ Sample 2/5: LTP = ₹106.35
[NIFTY25D2325900CE] ⏱ Sample 3/5: LTP = ₹103.25
[NIFTY25D2325900PE] ⏱ Sample 3/5: LTP = ₹106.30
[NIFTY25D2325900CE] ⏱ Sample 4/5: LTP = ₹103.10
[NIFTY25D2325900PE] ⏱ Sample 4/5: LTP = ₹106.70
[NIFTY25D2325900CE] ⏱ Sample 5/5: LTP = ₹102.75
[NIFTY25D2325900CE] 📊 Avg Δ = 0.057%, Consistency = 100.0% → FLAT
[NIFTY25D2325900CE] 📈 Range ₹102.90 → ₹102.75

✅ Momentum for CE: {'symbol': 'NIFTY25D2325900CE', 'avg_change': np.float64(0.057), 'consistency': np.float64(100.0), 'direction': 'FLAT'}
🧩 Finished CE: NIFTY25D2325900CE, momentum={'symbol': 'NIFTY25D2325900CE', 'avg_change': np.float64(0.057), 'consistency': np.float64(100.0), 'direction': 'FLAT'}
[NIFTY25D2325900PE] ⏱ Sample 5/5: LTP = ₹106.40
[NIFTY25D2325900PE] 📊 Avg Δ = -0.023%, Consistency = 50.0% → FLAT
[NIFTY25D2325900PE] 📈 Range ₹106.90 → ₹106.40

✅ Momentum for PE: {'symbol': 'NIFTY25D2325900PE', 'avg_change': np.float64(-0.023), 'consistency': np.float64(50.0), 'direction': 'FLAT'}
🧩 Finished PE: NIFTY25D2325900PE, momentum={'symbol': 'NIFTY25D2325900PE', 'avg_change': np.float64(-0.023), 'consistency': np.float64(50.0), 'direction': 'FLAT'}
🧮 Comparing CE vs PE momentum...
📈 CE momentum: 0.057% (FLAT, 100.0%)
📉 PE momentum: -0.023% (FLAT, 50.0%)
⚖️  Momentum similar — choosing CE fallback
✅ Selected: NIFTY25D2325900CE (CE) | LTP=103.25 | lot_size=75 | groww_symbol=NSE-NIFTY-23Dec25-25900-CE

🌀 Generated cURL for Groww Candle API:
curl --location 'https://api.groww.in/v1/historical/candles?exchange=NSE&segment=FNO&groww_symbol=NSE-NIFTY-23Dec25-25900-CE&start_time=2025-12-18 11:31:45&end_time=2025-12-18 11:34:45&candle_interval=1minute' \
  --header 'Accept: application/json' \
  --header 'Authorization: Bearer eyJraWQiOiJaTUtjVXciLCJhbGciOiJFUzI1NiJ9.eyJleHAiOjE3NjYxMDQyMDAsImlhdCI6MTc2NjAzNzM0MCwibmJmIjoxNzY2MDM3MzQwLCJzdWIiOiJ7XCJ0b2tlblJlZklkXCI6XCIyZTc1MjZhYS03NWQ0LTRmYmItYThmOC0wOWE4NDg3NzVjOGNcIixcInZlbmRvckludGVncmF0aW9uS2V5XCI6XCJlMzFmZjIzYjA4NmI0MDZjODg3NGIyZjZkODQ5NTMxM1wiLFwidXNlckFjY291bnRJZFwiOlwiMmVlMjYyMjItN2MwNS00Y2IwLWIwM2MtNzAzYWRmNWVmN2RkXCIsXCJkZXZpY2VJZFwiOlwiNWQwYzdjODgtMGI1OS01MDU0LTk5ZTYtYWU5MzY5OTc2ZmRiXCIsXCJzZXNzaW9uSWRcIjpcIjY2MjA1YjkxLWY2YTktNDcxMi1hOTYzLThjZmJhZTc2NGRmZlwiLFwiYWRkaXRpb25hbERhdGFcIjpcIno1NC9NZzltdjE2WXdmb0gvS0EwYktvMDZXRlpjc241VUNmTWF5aERtNGxSTkczdTlLa2pWZDNoWjU1ZStNZERhWXBOVi9UOUxIRmtQejFFQisybTdRPT1cIixcInJvbGVcIjpcIm9yZGVyLWJhc2ljLGxpdmVfZGF0YS1iYXNpYyxub25fdHJhZGluZy1iYXNpYyxvcmRlcl9yZWFkX29ubHktYmFzaWMsYmFja190ZXN0XCIsXCJzb3VyY2VJcEFkZHJlc3NcIjpudWxsLFwidHdvRmFFeHBpcnlUc1wiOjE3NjYxMDQyMDAwMDB9IiwiaXNzIjoiYXBleC1hdXRoLXByb2QtYXBwIn0.kHx-9pY_TxJYaYm9jmoYUYJv3uZRejf9Zo6M5_3s3b-Dmah-VCiElKeamnEV9i5m3deHszSqIvZZJ8EVTAlYnA' \
  --header 'X-API-VERSION: 1.0'

📊 3-min candle trend → CE (O1=102.0, C3=103.1)
Market Direction: CE
✅ Market direction CONFIRMS momentum CE → proceeding with order.
user_confirmation_needed : False
➡️ Placing auto order: {'symbol': 'NIFTY25D2325900CE', 'ltp': 103.25, 'lots': 14, 'book_profit': 1050.0, 'lot_size': 75, 'side': 'BUY'} ====== [2025-12-18 11:34:46]
🔹 Auto order => NIFTY25D2325900CE, qty=1050, book@1050.0 ====== [2025-12-18 11:34:47]
💰 LTP for NSE_NIFTY25D2325900CE: ₹103.15 ====== [2025-12-18 11:34:48]
✅ Auto Buy placed: :{'groww_order_id': 'GMKFO251218113448M3MJ7W7UTCJE', 'order_status': 'NEW', 'order_reference_id': '91327224', 'remark': None} ======= [2025-12-18 11:34:49]
📈 Trailing started...
🔼 New High: ₹103.8
🔼 New High: ₹104.0
🔼 New High: ₹104.5
🔼 New High: ₹104.6
🔼 New High: ₹105.3
📉 Trail Active | LTP=105.3 | Exit=104.55
📉 Trail Active | LTP=105.0 | Exit=104.55
📉 Trail Active | LTP=105.3 | Exit=104.55
🔼 New High: ₹105.4
📉 Trail Active | LTP=105.4 | Exit=104.65
📉 Trail Active | LTP=105.05 | Exit=104.65
📉 Trail Active | LTP=104.3 | Exit=104.65
🔻 Trailing HIT @ 104.3
Waiting for 1 min to get another data.
🔍 Detecting best option between CE and PE for NIFTY 2025-12-23…
➡️  Searching CE between 80-130
➡️  Searching PE between 80-130
⚙️ Checking momentum for top 2 CE candidates...

🧭 Checking momentum for NIFTY25D2325900CE (5 samples, every 1s):

🧭 Checking momentum for NIFTY25D2325950CE (5 samples, every 1s):
⚙️ Checking momentum for top 2 PE candidates...

🧭 Checking momentum for NIFTY25D2325900PE (5 samples, every 1s):

🧭 Checking momentum for NIFTY25D2325850PE (5 samples, every 1s):
[NIFTY25D2325900CE] ⏱ Sample 1/5: LTP = ₹103.95
[NIFTY25D2325950CE] ⏱ Sample 1/5: LTP = ₹80.95
[NIFTY25D2325900PE] ⏱ Sample 1/5: LTP = ₹105.95
[NIFTY25D2325850PE] ⏱ Sample 1/5: LTP = ₹83.35
[NIFTY25D2325900CE] ⏱ Sample 2/5: LTP = ₹103.85
[NIFTY25D2325950CE] ⏱ Sample 2/5: LTP = ₹80.50
[NIFTY25D2325900PE] ⏱ Sample 2/5: LTP = ₹106.25
[NIFTY25D2325850PE] ⏱ Sample 2/5: LTP = ₹83.40
[NIFTY25D2325900CE] ⏱ Sample 3/5: LTP = ₹104.20
[NIFTY25D2325950CE] ⏱ Sample 3/5: LTP = ₹80.55
[NIFTY25D2325900PE] ⏱ Sample 3/5: LTP = ₹106.25
[NIFTY25D2325850PE] ⏱ Sample 3/5: LTP = ₹83.80
[NIFTY25D2325900CE] ⏱ Sample 4/5: LTP = ₹103.40
[NIFTY25D2325950CE] ⏱ Sample 4/5: LTP = ₹80.15
[NIFTY25D2325900PE] ⏱ Sample 4/5: LTP = ₹106.95
[NIFTY25D2325850PE] ⏱ Sample 4/5: LTP = ₹83.70
[NIFTY25D2325900CE] ⏱ Sample 5/5: LTP = ₹103.45
[NIFTY25D2325950CE] ⏱ Sample 5/5: LTP = ₹80.25
[NIFTY25D2325900CE] 📊 Avg Δ = -0.152%, Consistency = 100.0% → FLAT
[NIFTY25D2325900CE] 📈 Range ₹103.95 → ₹103.45

[NIFTY25D2325900PE] ⏱ Sample 5/5: LTP = ₹106.60
[NIFTY25D2325950CE] 📊 Avg Δ = -0.217%, Consistency = 100.0% → FLAT
[NIFTY25D2325950CE] 📈 Range ₹80.95 → ₹80.25

⚠️ No strong momentum found for CE (>0.25%, consistency >70%)
📊 Running momentum check for CE (NIFTY25D2325900CE)

🧭 Checking momentum for NIFTY25D2325900CE (5 samples, every 1s):
[NIFTY25D2325850PE] ⏱ Sample 5/5: LTP = ₹83.85
[NIFTY25D2325900PE] 📊 Avg Δ = 0.212%, Consistency = 100.0% → FLAT
[NIFTY25D2325900PE] 📈 Range ₹105.95 → ₹106.60

[NIFTY25D2325900CE] ⏱ Sample 1/5: LTP = ₹103.20
[NIFTY25D2325850PE] 📊 Avg Δ = 0.160%, Consistency = 100.0% → FLAT
[NIFTY25D2325850PE] 📈 Range ₹83.35 → ₹83.85

⚠️ No strong momentum found for PE (>0.3%, consistency >70%)
📊 Running momentum check for PE (NIFTY25D2325900PE)

🧭 Checking momentum for NIFTY25D2325900PE (5 samples, every 1s):
[NIFTY25D2325900PE] ⏱ Sample 1/5: LTP = ₹106.75
[NIFTY25D2325900CE] ⏱ Sample 2/5: LTP = ₹103.35
[NIFTY25D2325900PE] ⏱ Sample 2/5: LTP = ₹107.20
[NIFTY25D2325900CE] ⏱ Sample 3/5: LTP = ₹103.20
[NIFTY25D2325900PE] ⏱ Sample 3/5: LTP = ₹107.25
[NIFTY25D2325900CE] ⏱ Sample 4/5: LTP = ₹103.00
[NIFTY25D2325900PE] ⏱ Sample 4/5: LTP = ₹107.30
[NIFTY25D2325900CE] ⏱ Sample 5/5: LTP = ₹102.85
[NIFTY25D2325900CE] 📊 Avg Δ = -0.113%, Consistency = 100.0% → FLAT[NIFTY25D2325900PE] ⏱ Sample 5/5: LTP = ₹107.10

[NIFTY25D2325900CE] 📈 Range ₹103.20 → ₹102.85

✅ Momentum for CE: {'symbol': 'NIFTY25D2325900CE', 'avg_change': np.float64(-0.113), 'consistency': np.float64(100.0), 'direction': 'FLAT'}
🧩 Finished CE: NIFTY25D2325900CE, momentum={'symbol': 'NIFTY25D2325900CE', 'avg_change': np.float64(-0.113), 'consistency': np.float64(100.0), 'direction': 'FLAT'}
[NIFTY25D2325900PE] 📊 Avg Δ = 0.070%, Consistency = 50.0% → FLAT
[NIFTY25D2325900PE] 📈 Range ₹106.75 → ₹107.10

✅ Momentum for PE: {'symbol': 'NIFTY25D2325900PE', 'avg_change': np.float64(0.07), 'consistency': np.float64(50.0), 'direction': 'FLAT'}
🧩 Finished PE: NIFTY25D2325900PE, momentum={'symbol': 'NIFTY25D2325900PE', 'avg_change': np.float64(0.07), 'consistency': np.float64(50.0), 'direction': 'FLAT'}
🧮 Comparing CE vs PE momentum...
📈 CE momentum: -0.113% (FLAT, 100.0%)
📉 PE momentum: 0.070% (FLAT, 50.0%)
⚖️  Momentum similar — choosing PE fallback
✅ Selected: NIFTY25D2325900PE (PE) | LTP=105.1 | lot_size=75 | groww_symbol=NSE-NIFTY-23Dec25-25900-PE

🌀 Generated cURL for Groww Candle API:
curl --location 'https://api.groww.in/v1/historical/candles?exchange=NSE&segment=FNO&groww_symbol=NSE-NIFTY-23Dec25-25900-PE&start_time=2025-12-18 11:37:33&end_time=2025-12-18 11:40:33&candle_interval=1minute' \
  --header 'Accept: application/json' \
  --header 'Authorization: Bearer eyJraWQiOiJaTUtjVXciLCJhbGciOiJFUzI1NiJ9.eyJleHAiOjE3NjYxMDQyMDAsImlhdCI6MTc2NjAzNzM0MCwibmJmIjoxNzY2MDM3MzQwLCJzdWIiOiJ7XCJ0b2tlblJlZklkXCI6XCIyZTc1MjZhYS03NWQ0LTRmYmItYThmOC0wOWE4NDg3NzVjOGNcIixcInZlbmRvckludGVncmF0aW9uS2V5XCI6XCJlMzFmZjIzYjA4NmI0MDZjODg3NGIyZjZkODQ5NTMxM1wiLFwidXNlckFjY291bnRJZFwiOlwiMmVlMjYyMjItN2MwNS00Y2IwLWIwM2MtNzAzYWRmNWVmN2RkXCIsXCJkZXZpY2VJZFwiOlwiNWQwYzdjODgtMGI1OS01MDU0LTk5ZTYtYWU5MzY5OTc2ZmRiXCIsXCJzZXNzaW9uSWRcIjpcIjY2MjA1YjkxLWY2YTktNDcxMi1hOTYzLThjZmJhZTc2NGRmZlwiLFwiYWRkaXRpb25hbERhdGFcIjpcIno1NC9NZzltdjE2WXdmb0gvS0EwYktvMDZXRlpjc241VUNmTWF5aERtNGxSTkczdTlLa2pWZDNoWjU1ZStNZERhWXBOVi9UOUxIRmtQejFFQisybTdRPT1cIixcInJvbGVcIjpcIm9yZGVyLWJhc2ljLGxpdmVfZGF0YS1iYXNpYyxub25fdHJhZGluZy1iYXNpYyxvcmRlcl9yZWFkX29ubHktYmFzaWMsYmFja190ZXN0XCIsXCJzb3VyY2VJcEFkZHJlc3NcIjpudWxsLFwidHdvRmFFeHBpcnlUc1wiOjE3NjYxMDQyMDAwMDB9IiwiaXNzIjoiYXBleC1hdXRoLXByb2QtYXBwIn0.kHx-9pY_TxJYaYm9jmoYUYJv3uZRejf9Zo6M5_3s3b-Dmah-VCiElKeamnEV9i5m3deHszSqIvZZJ8EVTAlYnA' \
  --header 'X-API-VERSION: 1.0'

📊 3-min candle trend → CE (O1=108.0, C3=107.8)
Market Direction: CE
❌ Skipping trade — market direction conflicts with momentum.
Waiting for 3 mins to get another data.
🔍 Detecting best option between CE and PE for NIFTY 2025-12-23…
➡️  Searching CE between 80-130
➡️  Searching PE between 80-130
⚙️ Checking momentum for top 1 CE candidates...

🧭 Checking momentum for NIFTY25D2325900CE (5 samples, every 1s):
⚙️ Checking momentum for top 2 PE candidates...

🧭 Checking momentum for NIFTY25D2325900PE (5 samples, every 1s):

🧭 Checking momentum for NIFTY25D2325850PE (5 samples, every 1s):
[NIFTY25D2325900CE] ⏱ Sample 1/5: LTP = ₹98.45
[NIFTY25D2325900PE] ⏱ Sample 1/5: LTP = ₹110.10
[NIFTY25D2325850PE] ⏱ Sample 1/5: LTP = ₹86.75
[NIFTY25D2325900CE] ⏱ Sample 2/5: LTP = ₹98.90
[NIFTY25D2325900PE] ⏱ Sample 2/5: LTP = ₹109.90
[NIFTY25D2325850PE] ⏱ Sample 2/5: LTP = ₹86.55
[NIFTY25D2325900CE] ⏱ Sample 3/5: LTP = ₹98.45
[NIFTY25D2325900PE] ⏱ Sample 3/5: LTP = ₹110.15
[NIFTY25D2325850PE] ⏱ Sample 3/5: LTP = ₹86.75
[NIFTY25D2325900CE] ⏱ Sample 4/5: LTP = ₹98.00
[NIFTY25D2325900PE] ⏱ Sample 4/5: LTP = ₹110.80
[NIFTY25D2325850PE] ⏱ Sample 4/5: LTP = ₹87.20
[NIFTY25D2325900CE] ⏱ Sample 5/5: LTP = ₹97.50
[NIFTY25D2325900PE] ⏱ Sample 5/5: LTP = ₹111.05
[NIFTY25D2325900CE] 📊 Avg Δ = -0.313%, Consistency = 100.0% → DOWN
[NIFTY25D2325900CE] 📈 Range ₹98.45 → ₹97.50

🏆 Selected CE: NIFTY25D2325900CE (DOWN | -0.31% | Consistency 100.0%)
📊 Running momentum check for CE (NIFTY25D2325900CE)

🧭 Checking momentum for NIFTY25D2325900CE (5 samples, every 1s):
[NIFTY25D2325850PE] ⏱ Sample 5/5: LTP = ₹87.25
[NIFTY25D2325900PE] 📊 Avg Δ = 0.280%, Consistency = 100.0% → UP
[NIFTY25D2325900PE] 📈 Range ₹110.10 → ₹111.05

[NIFTY25D2325900CE] ⏱ Sample 1/5: LTP = ₹97.50
[NIFTY25D2325850PE] 📊 Avg Δ = 0.221%, Consistency = 100.0% → FLAT
[NIFTY25D2325850PE] 📈 Range ₹86.75 → ₹87.25

⚠️ No strong momentum found for PE (>0.3%, consistency >70%)
📊 Running momentum check for PE (NIFTY25D2325900PE)

🧭 Checking momentum for NIFTY25D2325900PE (5 samples, every 1s):
[NIFTY25D2325900PE] ⏱ Sample 1/5: LTP = ₹110.50
[NIFTY25D2325900CE] ⏱ Sample 2/5: LTP = ₹97.80
[NIFTY25D2325900PE] ⏱ Sample 2/5: LTP = ₹110.60
[NIFTY25D2325900CE] ⏱ Sample 3/5: LTP = ₹97.90
[NIFTY25D2325900PE] ⏱ Sample 3/5: LTP = ₹110.00
[NIFTY25D2325900CE] ⏱ Sample 4/5: LTP = ₹99.00
[NIFTY25D2325900PE] ⏱ Sample 4/5: LTP = ₹109.95
[NIFTY25D2325900CE] ⏱ Sample 5/5: LTP = ₹98.60
[NIFTY25D2325900CE] 📊 Avg Δ = 0.392%, Consistency = 100.0% → UP
[NIFTY25D2325900CE] 📈 Range ₹97.50 → ₹98.60

✅ Momentum for CE: {'symbol': 'NIFTY25D2325900CE', 'avg_change': np.float64(0.392), 'consistency': np.float64(100.0), 'direction': 'UP'}
🧩 Finished CE: NIFTY25D2325900CE, momentum={'symbol': 'NIFTY25D2325900CE', 'avg_change': np.float64(0.392), 'consistency': np.float64(100.0), 'direction': 'UP'}
[NIFTY25D2325900PE] ⏱ Sample 5/5: LTP = ₹110.25
[NIFTY25D2325900PE] 📊 Avg Δ = -0.136%, Consistency = 100.0% → FLAT
[NIFTY25D2325900PE] 📈 Range ₹110.50 → ₹110.25

✅ Momentum for PE: {'symbol': 'NIFTY25D2325900PE', 'avg_change': np.float64(-0.136), 'consistency': np.float64(100.0), 'direction': 'FLAT'}
🧩 Finished PE: NIFTY25D2325900PE, momentum={'symbol': 'NIFTY25D2325900PE', 'avg_change': np.float64(-0.136), 'consistency': np.float64(100.0), 'direction': 'FLAT'}
🧮 Comparing CE vs PE momentum...
📈 CE momentum: 0.392% (UP, 100.0%)
📉 PE momentum: -0.136% (FLAT, 100.0%)
✅ Selected CE (stronger momentum)
✅ Selected: NIFTY25D2325900CE (CE) | LTP=99.85 | lot_size=75 | groww_symbol=NSE-NIFTY-23Dec25-25900-CE

🌀 Generated cURL for Groww Candle API:
curl --location 'https://api.groww.in/v1/historical/candles?exchange=NSE&segment=FNO&groww_symbol=NSE-NIFTY-23Dec25-25900-CE&start_time=2025-12-18 11:41:22&end_time=2025-12-18 11:44:22&candle_interval=1minute' \
  --header 'Accept: application/json' \
  --header 'Authorization: Bearer eyJraWQiOiJaTUtjVXciLCJhbGciOiJFUzI1NiJ9.eyJleHAiOjE3NjYxMDQyMDAsImlhdCI6MTc2NjAzNzM0MCwibmJmIjoxNzY2MDM3MzQwLCJzdWIiOiJ7XCJ0b2tlblJlZklkXCI6XCIyZTc1MjZhYS03NWQ0LTRmYmItYThmOC0wOWE4NDg3NzVjOGNcIixcInZlbmRvckludGVncmF0aW9uS2V5XCI6XCJlMzFmZjIzYjA4NmI0MDZjODg3NGIyZjZkODQ5NTMxM1wiLFwidXNlckFjY291bnRJZFwiOlwiMmVlMjYyMjItN2MwNS00Y2IwLWIwM2MtNzAzYWRmNWVmN2RkXCIsXCJkZXZpY2VJZFwiOlwiNWQwYzdjODgtMGI1OS01MDU0LTk5ZTYtYWU5MzY5OTc2ZmRiXCIsXCJzZXNzaW9uSWRcIjpcIjY2MjA1YjkxLWY2YTktNDcxMi1hOTYzLThjZmJhZTc2NGRmZlwiLFwiYWRkaXRpb25hbERhdGFcIjpcIno1NC9NZzltdjE2WXdmb0gvS0EwYktvMDZXRlpjc241VUNmTWF5aERtNGxSTkczdTlLa2pWZDNoWjU1ZStNZERhWXBOVi9UOUxIRmtQejFFQisybTdRPT1cIixcInJvbGVcIjpcIm9yZGVyLWJhc2ljLGxpdmVfZGF0YS1iYXNpYyxub25fdHJhZGluZy1iYXNpYyxvcmRlcl9yZWFkX29ubHktYmFzaWMsYmFja190ZXN0XCIsXCJzb3VyY2VJcEFkZHJlc3NcIjpudWxsLFwidHdvRmFFeHBpcnlUc1wiOjE3NjYxMDQyMDAwMDB9IiwiaXNzIjoiYXBleC1hdXRoLXByb2QtYXBwIn0.kHx-9pY_TxJYaYm9jmoYUYJv3uZRejf9Zo6M5_3s3b-Dmah-VCiElKeamnEV9i5m3deHszSqIvZZJ8EVTAlYnA' \
  --header 'X-API-VERSION: 1.0'

📊 3-min candle trend → PE (O1=101.5, C3=98.7)
Market Direction: PE
❌ Skipping trade — market direction conflicts with momentum.
Waiting for 3 mins to get another data.
🔍 Detecting best option between CE and PE for NIFTY 2025-12-23…
➡️  Searching CE between 80-130
➡️  Searching PE between 80-130
⚙️ Checking momentum for top 1 CE candidates...

🧭 Checking momentum for NIFTY25D2325900CE (5 samples, every 1s):
⚙️ Checking momentum for top 2 PE candidates...

🧭 Checking momentum for NIFTY25D2325900PE (5 samples, every 1s):

🧭 Checking momentum for NIFTY25D2325850PE (5 samples, every 1s):
[NIFTY25D2325900CE] ⏱ Sample 1/5: LTP = ₹98.50
[NIFTY25D2325850PE] ⏱ Sample 1/5: LTP = ₹85.55
[NIFTY25D2325900PE] ⏱ Sample 1/5: LTP = ₹109.20
[NIFTY25D2325900CE] ⏱ Sample 2/5: LTP = ₹98.45
[NIFTY25D2325850PE] ⏱ Sample 2/5: LTP = ₹85.75
[NIFTY25D2325900PE] ⏱ Sample 2/5: LTP = ₹110.25
[NIFTY25D2325900CE] ⏱ Sample 3/5: LTP = ₹98.15
[NIFTY25D2325850PE] ⏱ Sample 3/5: LTP = ₹86.20
[NIFTY25D2325900PE] ⏱ Sample 3/5: LTP = ₹109.80
[NIFTY25D2325900CE] ⏱ Sample 4/5: LTP = ₹98.40
[NIFTY25D2325850PE] ⏱ Sample 4/5: LTP = ₹85.80
[NIFTY25D2325900PE] ⏱ Sample 4/5: LTP = ₹110.20
[NIFTY25D2325900CE] ⏱ Sample 5/5: LTP = ₹97.80
[NIFTY25D2325850PE] ⏱ Sample 5/5: LTP = ₹86.35
[NIFTY25D2325900CE] 📊 Avg Δ = -0.127%, Consistency = 100.0% → FLAT
[NIFTY25D2325900CE] 📈 Range ₹98.50 → ₹97.80

⚠️ No strong momentum found for CE (>0.25%, consistency >70%)
📊 Running momentum check for CE (NIFTY25D2325900CE)

🧭 Checking momentum for NIFTY25D2325900CE (5 samples, every 1s):
[NIFTY25D2325900PE] ⏱ Sample 5/5: LTP = ₹109.95
[NIFTY25D2325850PE] 📊 Avg Δ = 0.165%, Consistency = 100.0% → FLAT
[NIFTY25D2325850PE] 📈 Range ₹85.55 → ₹86.35

[NIFTY25D2325900CE] ⏱ Sample 1/5: LTP = ₹98.10
[NIFTY25D2325900PE] 📊 Avg Δ = 0.106%, Consistency = 50.0% → FLAT
[NIFTY25D2325900PE] 📈 Range ₹109.20 → ₹109.95

⚠️ No strong momentum found for PE (>0.3%, consistency >70%)
📊 Running momentum check for PE (NIFTY25D2325900PE)

🧭 Checking momentum for NIFTY25D2325900PE (5 samples, every 1s):
[NIFTY25D2325900PE] ⏱ Sample 1/5: LTP = ₹109.90
[NIFTY25D2325900CE] ⏱ Sample 2/5: LTP = ₹98.35
[NIFTY25D2325900PE] ⏱ Sample 2/5: LTP = ₹110.35
[NIFTY25D2325900CE] ⏱ Sample 3/5: LTP = ₹97.55
[NIFTY25D2325900PE] ⏱ Sample 3/5: LTP = ₹110.25
[NIFTY25D2325900CE] ⏱ Sample 4/5: LTP = ₹97.35
[NIFTY25D2325900PE] ⏱ Sample 4/5: LTP = ₹110.50
[NIFTY25D2325900CE] ⏱ Sample 5/5: LTP = ₹97.60
[NIFTY25D2325900CE] 📊 Avg Δ = -0.255%, Consistency = 100.0% → DOWN
[NIFTY25D2325900CE] 📈 Range ₹98.10 → ₹97.60

✅ Momentum for CE: {'symbol': 'NIFTY25D2325900CE', 'avg_change': np.float64(-0.255), 'consistency': np.float64(100.0), 'direction': 'DOWN'}
🧩 Finished CE: NIFTY25D2325900CE, momentum={'symbol': 'NIFTY25D2325900CE', 'avg_change': np.float64(-0.255), 'consistency': np.float64(100.0), 'direction': 'DOWN'}
[NIFTY25D2325900PE] ⏱ Sample 5/5: LTP = ₹110.35
[NIFTY25D2325900PE] 📊 Avg Δ = 0.091%, Consistency = 50.0% → FLAT
[NIFTY25D2325900PE] 📈 Range ₹109.90 → ₹110.35

✅ Momentum for PE: {'symbol': 'NIFTY25D2325900PE', 'avg_change': np.float64(0.091), 'consistency': np.float64(50.0), 'direction': 'FLAT'}
🧩 Finished PE: NIFTY25D2325900PE, momentum={'symbol': 'NIFTY25D2325900PE', 'avg_change': np.float64(0.091), 'consistency': np.float64(50.0), 'direction': 'FLAT'}
🧮 Comparing CE vs PE momentum...
📈 CE momentum: -0.255% (DOWN, 100.0%)
📉 PE momentum: 0.091% (FLAT, 50.0%)
⚖️  Momentum similar — choosing PE fallback
✅ Selected: NIFTY25D2325900PE (PE) | LTP=110.2 | lot_size=75 | groww_symbol=NSE-NIFTY-23Dec25-25900-PE

🌀 Generated cURL for Groww Candle API:
curl --location 'https://api.groww.in/v1/historical/candles?exchange=NSE&segment=FNO&groww_symbol=NSE-NIFTY-23Dec25-25900-PE&start_time=2025-12-18 11:45:13&end_time=2025-12-18 11:48:13&candle_interval=1minute' \
  --header 'Accept: application/json' \
  --header 'Authorization: Bearer eyJraWQiOiJaTUtjVXciLCJhbGciOiJFUzI1NiJ9.eyJleHAiOjE3NjYxMDQyMDAsImlhdCI6MTc2NjAzNzM0MCwibmJmIjoxNzY2MDM3MzQwLCJzdWIiOiJ7XCJ0b2tlblJlZklkXCI6XCIyZTc1MjZhYS03NWQ0LTRmYmItYThmOC0wOWE4NDg3NzVjOGNcIixcInZlbmRvckludGVncmF0aW9uS2V5XCI6XCJlMzFmZjIzYjA4NmI0MDZjODg3NGIyZjZkODQ5NTMxM1wiLFwidXNlckFjY291bnRJZFwiOlwiMmVlMjYyMjItN2MwNS00Y2IwLWIwM2MtNzAzYWRmNWVmN2RkXCIsXCJkZXZpY2VJZFwiOlwiNWQwYzdjODgtMGI1OS01MDU0LTk5ZTYtYWU5MzY5OTc2ZmRiXCIsXCJzZXNzaW9uSWRcIjpcIjY2MjA1YjkxLWY2YTktNDcxMi1hOTYzLThjZmJhZTc2NGRmZlwiLFwiYWRkaXRpb25hbERhdGFcIjpcIno1NC9NZzltdjE2WXdmb0gvS0EwYktvMDZXRlpjc241VUNmTWF5aERtNGxSTkczdTlLa2pWZDNoWjU1ZStNZERhWXBOVi9UOUxIRmtQejFFQisybTdRPT1cIixcInJvbGVcIjpcIm9yZGVyLWJhc2ljLGxpdmVfZGF0YS1iYXNpYyxub25fdHJhZGluZy1iYXNpYyxvcmRlcl9yZWFkX29ubHktYmFzaWMsYmFja190ZXN0XCIsXCJzb3VyY2VJcEFkZHJlc3NcIjpudWxsLFwidHdvRmFFeHBpcnlUc1wiOjE3NjYxMDQyMDAwMDB9IiwiaXNzIjoiYXBleC1hdXRoLXByb2QtYXBwIn0.kHx-9pY_TxJYaYm9jmoYUYJv3uZRejf9Zo6M5_3s3b-Dmah-VCiElKeamnEV9i5m3deHszSqIvZZJ8EVTAlYnA' \
  --header 'X-API-VERSION: 1.0'

📊 3-min candle trend → CE (O1=112.0, C3=110.3)
Market Direction: CE
❌ Skipping trade — market direction conflicts with momentum.
Waiting for 3 mins to get another data.
🔍 Detecting best option between CE and PE for NIFTY 2025-12-23…
➡️  Searching CE between 80-130
➡️  Searching PE between 80-130
⚙️ Checking momentum for top 1 CE candidates...

🧭 Checking momentum for NIFTY25D2325900CE (5 samples, every 1s):
⚙️ Checking momentum for top 2 PE candidates...

🧭 Checking momentum for NIFTY25D2325900PE (5 samples, every 1s):

🧭 Checking momentum for NIFTY25D2325850PE (5 samples, every 1s):
[NIFTY25D2325900CE] ⏱ Sample 1/5: LTP = ₹104.05
[NIFTY25D2325900PE] ⏱ Sample 1/5: LTP = ₹105.00
[NIFTY25D2325850PE] ⏱ Sample 1/5: LTP = ₹82.15
[NIFTY25D2325900CE] ⏱ Sample 2/5: LTP = ₹103.60
[NIFTY25D2325900PE] ⏱ Sample 2/5: LTP = ₹105.25
[NIFTY25D2325850PE] ⏱ Sample 2/5: LTP = ₹82.40
[NIFTY25D2325900CE] ⏱ Sample 3/5: LTP = ₹103.25
[NIFTY25D2325900PE] ⏱ Sample 3/5: LTP = ₹105.45
[NIFTY25D2325850PE] ⏱ Sample 3/5: LTP = ₹82.95
[NIFTY25D2325900CE] ⏱ Sample 4/5: LTP = ₹102.65
[NIFTY25D2325900PE] ⏱ Sample 4/5: LTP = ₹106.20
[NIFTY25D2325850PE] ⏱ Sample 4/5: LTP = ₹83.15
[NIFTY25D2325900CE] ⏱ Sample 5/5: LTP = ₹102.70
[NIFTY25D2325900PE] ⏱ Sample 5/5: LTP = ₹106.05
[NIFTY25D2325900CE] 📊 Avg Δ = -0.371%, Consistency = 100.0% → DOWN
[NIFTY25D2325900CE] 📈 Range ₹104.05 → ₹102.70

🏆 Selected CE: NIFTY25D2325900CE (DOWN | -0.37% | Consistency 100.0%)
📊 Running momentum check for CE (NIFTY25D2325900CE)

🧭 Checking momentum for NIFTY25D2325900CE (5 samples, every 1s):
[NIFTY25D2325850PE] ⏱ Sample 5/5: LTP = ₹83.60
[NIFTY25D2325900PE] 📊 Avg Δ = 0.316%, Consistency = 100.0% → UP
[NIFTY25D2325900PE] 📈 Range ₹105.00 → ₹106.05

[NIFTY25D2325900CE] ⏱ Sample 1/5: LTP = ₹101.85
[NIFTY25D2325850PE] 📊 Avg Δ = 0.443%, Consistency = 100.0% → UP
[NIFTY25D2325850PE] 📈 Range ₹82.15 → ₹83.60

🏆 Selected PE: NIFTY25D2325850PE (UP | 0.44% | Consistency 100.0%)
📊 Running momentum check for PE (NIFTY25D2325850PE)

🧭 Checking momentum for NIFTY25D2325850PE (5 samples, every 1s):
[NIFTY25D2325850PE] ⏱ Sample 1/5: LTP = ₹83.50
[NIFTY25D2325900CE] ⏱ Sample 2/5: LTP = ₹101.60
[NIFTY25D2325850PE] ⏱ Sample 2/5: LTP = ₹83.75
[NIFTY25D2325900CE] ⏱ Sample 3/5: LTP = ₹101.60
[NIFTY25D2325850PE] ⏱ Sample 3/5: LTP = ₹83.55
[NIFTY25D2325900CE] ⏱ Sample 4/5: LTP = ₹101.90
[NIFTY25D2325850PE] ⏱ Sample 4/5: LTP = ₹83.40
[NIFTY25D2325900CE] ⏱ Sample 5/5: LTP = ₹102.95
[NIFTY25D2325850PE] ⏱ Sample 5/5: LTP = ₹82.85
[NIFTY25D2325900CE] 📊 Avg Δ = 0.229%, Consistency = 100.0% → FLAT
[NIFTY25D2325900CE] 📈 Range ₹101.85 → ₹102.95

✅ Momentum for CE: {'symbol': 'NIFTY25D2325900CE', 'avg_change': np.float64(0.229), 'consistency': np.float64(100.0), 'direction': 'FLAT'}
🧩 Finished CE: NIFTY25D2325900CE, momentum={'symbol': 'NIFTY25D2325900CE', 'avg_change': np.float64(0.229), 'consistency': np.float64(100.0), 'direction': 'FLAT'}
[NIFTY25D2325850PE] 📊 Avg Δ = -0.199%, Consistency = 100.0% → FLAT
[NIFTY25D2325850PE] 📈 Range ₹83.50 → ₹82.85

✅ Momentum for PE: {'symbol': 'NIFTY25D2325850PE', 'avg_change': np.float64(-0.199), 'consistency': np.float64(100.0), 'direction': 'FLAT'}
🧩 Finished PE: NIFTY25D2325850PE, momentum={'symbol': 'NIFTY25D2325850PE', 'avg_change': np.float64(-0.199), 'consistency': np.float64(100.0), 'direction': 'FLAT'}
🧮 Comparing CE vs PE momentum...
📈 CE momentum: 0.229% (FLAT, 100.0%)
📉 PE momentum: -0.199% (FLAT, 100.0%)
✅ Selected CE (stronger momentum)
✅ Selected: NIFTY25D2325900CE (CE) | LTP=101.9 | lot_size=75 | groww_symbol=NSE-NIFTY-23Dec25-25900-CE

🌀 Generated cURL for Groww Candle API:
curl --location 'https://api.groww.in/v1/historical/candles?exchange=NSE&segment=FNO&groww_symbol=NSE-NIFTY-23Dec25-25900-CE&start_time=2025-12-18 11:49:02&end_time=2025-12-18 11:52:02&candle_interval=1minute' \
  --header 'Accept: application/json' \
  --header 'Authorization: Bearer eyJraWQiOiJaTUtjVXciLCJhbGciOiJFUzI1NiJ9.eyJleHAiOjE3NjYxMDQyMDAsImlhdCI6MTc2NjAzNzM0MCwibmJmIjoxNzY2MDM3MzQwLCJzdWIiOiJ7XCJ0b2tlblJlZklkXCI6XCIyZTc1MjZhYS03NWQ0LTRmYmItYThmOC0wOWE4NDg3NzVjOGNcIixcInZlbmRvckludGVncmF0aW9uS2V5XCI6XCJlMzFmZjIzYjA4NmI0MDZjODg3NGIyZjZkODQ5NTMxM1wiLFwidXNlckFjY291bnRJZFwiOlwiMmVlMjYyMjItN2MwNS00Y2IwLWIwM2MtNzAzYWRmNWVmN2RkXCIsXCJkZXZpY2VJZFwiOlwiNWQwYzdjODgtMGI1OS01MDU0LTk5ZTYtYWU5MzY5OTc2ZmRiXCIsXCJzZXNzaW9uSWRcIjpcIjY2MjA1YjkxLWY2YTktNDcxMi1hOTYzLThjZmJhZTc2NGRmZlwiLFwiYWRkaXRpb25hbERhdGFcIjpcIno1NC9NZzltdjE2WXdmb0gvS0EwYktvMDZXRlpjc241VUNmTWF5aERtNGxSTkczdTlLa2pWZDNoWjU1ZStNZERhWXBOVi9UOUxIRmtQejFFQisybTdRPT1cIixcInJvbGVcIjpcIm9yZGVyLWJhc2ljLGxpdmVfZGF0YS1iYXNpYyxub25fdHJhZGluZy1iYXNpYyxvcmRlcl9yZWFkX29ubHktYmFzaWMsYmFja190ZXN0XCIsXCJzb3VyY2VJcEFkZHJlc3NcIjpudWxsLFwidHdvRmFFeHBpcnlUc1wiOjE3NjYxMDQyMDAwMDB9IiwiaXNzIjoiYXBleC1hdXRoLXByb2QtYXBwIn0.kHx-9pY_TxJYaYm9jmoYUYJv3uZRejf9Zo6M5_3s3b-Dmah-VCiElKeamnEV9i5m3deHszSqIvZZJ8EVTAlYnA' \
  --header 'X-API-VERSION: 1.0'

📊 3-min candle trend → CE (O1=98.7, C3=102.85)
Market Direction: CE
✅ Market direction CONFIRMS momentum CE → proceeding with order.
user_confirmation_needed : False
➡️ Placing auto order: {'symbol': 'NIFTY25D2325900CE', 'ltp': 101.9, 'lots': 14, 'book_profit': 1050.0, 'lot_size': 75, 'side': 'BUY'} ====== [2025-12-18 11:52:03]
🔹 Auto order => NIFTY25D2325900CE, qty=1050, book@1050.0 ====== [2025-12-18 11:52:04]
💰 LTP for NSE_NIFTY25D2325900CE: ₹102.95 ====== [2025-12-18 11:52:05]
✅ Auto Buy placed: :{'groww_order_id': 'GMKFO251218115205WRX9HJPGFPYM', 'order_status': 'NEW', 'order_reference_id': '77178277', 'remark': None} ======= [2025-12-18 11:52:06]
📈 Trailing started...
🔼 New High: ₹103.1
🔼 New High: ₹103.15
🔼 New High: ₹103.2
🔼 New High: ₹104.8
📉 Trail Active | LTP=104.8 | Exit=104.05
📉 Trail Active | LTP=104.75 | Exit=104.05
🔼 New High: ₹105.15
📉 Trail Active | LTP=105.15 | Exit=104.4
📉 Trail Active | LTP=105.0 | Exit=104.4
🔼 New High: ₹106.85
📉 Trail Active | LTP=106.85 | Exit=106.1
🔼 New High: ₹106.95
📉 Trail Active | LTP=106.95 | Exit=106.2
🔼 New High: ₹107.4
📉 Trail Active | LTP=107.4 | Exit=106.65
📉 Trail Active | LTP=106.7 | Exit=106.65
📉 Trail Active | LTP=106.05 | Exit=106.65
🔻 Trailing HIT @ 106.05
Waiting for 1 min to get another data.
🔍 Detecting best option between CE and PE for NIFTY 2025-12-23…
➡️  Searching CE between 80-130
➡️  Searching PE between 80-130
⚙️ Checking momentum for top 2 CE candidates...

🧭 Checking momentum for NIFTY25D2325900CE (5 samples, every 1s):

🧭 Checking momentum for NIFTY25D2325950CE (5 samples, every 1s):
⚙️ Checking momentum for top 1 PE candidates...

🧭 Checking momentum for NIFTY25D2325900PE (5 samples, every 1s):
[NIFTY25D2325900CE] ⏱ Sample 1/5: LTP = ₹112.95
[NIFTY25D2325950CE] ⏱ Sample 1/5: LTP = ₹88.40
[NIFTY25D2325900PE] ⏱ Sample 1/5: LTP = ₹96.50
[NIFTY25D2325900CE] ⏱ Sample 2/5: LTP = ₹113.10
[NIFTY25D2325950CE] ⏱ Sample 2/5: LTP = ₹88.30
[NIFTY25D2325900PE] ⏱ Sample 2/5: LTP = ₹96.40
[NIFTY25D2325900CE] ⏱ Sample 3/5: LTP = ₹112.25
[NIFTY25D2325950CE] ⏱ Sample 3/5: LTP = ₹87.80
[NIFTY25D2325900PE] ⏱ Sample 3/5: LTP = ₹97.00
[NIFTY25D2325900CE] ⏱ Sample 4/5: LTP = ₹112.15
[NIFTY25D2325950CE] ⏱ Sample 4/5: LTP = ₹87.85
[NIFTY25D2325900PE] ⏱ Sample 4/5: LTP = ₹96.50
[NIFTY25D2325900CE] ⏱ Sample 5/5: LTP = ₹112.55
[NIFTY25D2325950CE] ⏱ Sample 5/5: LTP = ₹87.90
[NIFTY25D2325900CE] 📊 Avg Δ = -0.200%, Consistency = 100.0% → FLAT
[NIFTY25D2325900CE] 📈 Range ₹112.95 → ₹112.55

[NIFTY25D2325900PE] ⏱ Sample 5/5: LTP = ₹96.65
[NIFTY25D2325950CE] 📊 Avg Δ = -0.180%, Consistency = 100.0% → FLAT
[NIFTY25D2325950CE] 📈 Range ₹88.40 → ₹87.90

⚠️ No strong momentum found for CE (>0.25%, consistency >70%)
📊 Running momentum check for CE (NIFTY25D2325900CE)

🧭 Checking momentum for NIFTY25D2325900CE (5 samples, every 1s):
[NIFTY25D2325900PE] 📊 Avg Δ = 0.043%, Consistency = 50.0% → FLAT
[NIFTY25D2325900PE] 📈 Range ₹96.50 → ₹96.65

⚠️ No strong momentum found for PE (>0.3%, consistency >70%)
📊 Running momentum check for PE (NIFTY25D2325900PE)

🧭 Checking momentum for NIFTY25D2325900PE (5 samples, every 1s):
[NIFTY25D2325900CE] ⏱ Sample 1/5: LTP = ₹112.00
[NIFTY25D2325900PE] ⏱ Sample 1/5: LTP = ₹97.20
[NIFTY25D2325900CE] ⏱ Sample 2/5: LTP = ₹111.20
[NIFTY25D2325900PE] ⏱ Sample 2/5: LTP = ₹97.45
[NIFTY25D2325900CE] ⏱ Sample 3/5: LTP = ₹111.30
[NIFTY25D2325900PE] ⏱ Sample 3/5: LTP = ₹97.30
[NIFTY25D2325900CE] ⏱ Sample 4/5: LTP = ₹111.35
[NIFTY25D2325900PE] ⏱ Sample 4/5: LTP = ₹97.15
[NIFTY25D2325900CE] ⏱ Sample 5/5: LTP = ₹111.95
[NIFTY25D2325900PE] ⏱ Sample 5/5: LTP = ₹97.15
[NIFTY25D2325900CE] 📊 Avg Δ = 0.015%, Consistency = 50.0% → FLAT
[NIFTY25D2325900CE] 📈 Range ₹112.00 → ₹111.95

✅ Momentum for CE: {'symbol': 'NIFTY25D2325900CE', 'avg_change': np.float64(0.015), 'consistency': np.float64(50.0), 'direction': 'FLAT'}
🧩 Finished CE: NIFTY25D2325900CE, momentum={'symbol': 'NIFTY25D2325900CE', 'avg_change': np.float64(0.015), 'consistency': np.float64(50.0), 'direction': 'FLAT'}
[NIFTY25D2325900PE] 📊 Avg Δ = -0.060%, Consistency = 100.0% → FLAT
[NIFTY25D2325900PE] 📈 Range ₹97.20 → ₹97.15

✅ Momentum for PE: {'symbol': 'NIFTY25D2325900PE', 'avg_change': np.float64(-0.06), 'consistency': np.float64(100.0), 'direction': 'FLAT'}
🧩 Finished PE: NIFTY25D2325900PE, momentum={'symbol': 'NIFTY25D2325900PE', 'avg_change': np.float64(-0.06), 'consistency': np.float64(100.0), 'direction': 'FLAT'}
🧮 Comparing CE vs PE momentum...
📈 CE momentum: 0.015% (FLAT, 50.0%)
📉 PE momentum: -0.060% (FLAT, 100.0%)
⚖️  Momentum similar — choosing CE fallback
✅ Selected: NIFTY25D2325900CE (CE) | LTP=109.1 | lot_size=75 | groww_symbol=NSE-NIFTY-23Dec25-25900-CE

🌀 Generated cURL for Groww Candle API:
curl --location 'https://api.groww.in/v1/historical/candles?exchange=NSE&segment=FNO&groww_symbol=NSE-NIFTY-23Dec25-25900-CE&start_time=2025-12-18 11:51:40&end_time=2025-12-18 11:54:40&candle_interval=1minute' \
  --header 'Accept: application/json' \
  --header 'Authorization: Bearer eyJraWQiOiJaTUtjVXciLCJhbGciOiJFUzI1NiJ9.eyJleHAiOjE3NjYxMDQyMDAsImlhdCI6MTc2NjAzNzM0MCwibmJmIjoxNzY2MDM3MzQwLCJzdWIiOiJ7XCJ0b2tlblJlZklkXCI6XCIyZTc1MjZhYS03NWQ0LTRmYmItYThmOC0wOWE4NDg3NzVjOGNcIixcInZlbmRvckludGVncmF0aW9uS2V5XCI6XCJlMzFmZjIzYjA4NmI0MDZjODg3NGIyZjZkODQ5NTMxM1wiLFwidXNlckFjY291bnRJZFwiOlwiMmVlMjYyMjItN2MwNS00Y2IwLWIwM2MtNzAzYWRmNWVmN2RkXCIsXCJkZXZpY2VJZFwiOlwiNWQwYzdjODgtMGI1OS01MDU0LTk5ZTYtYWU5MzY5OTc2ZmRiXCIsXCJzZXNzaW9uSWRcIjpcIjY2MjA1YjkxLWY2YTktNDcxMi1hOTYzLThjZmJhZTc2NGRmZlwiLFwiYWRkaXRpb25hbERhdGFcIjpcIno1NC9NZzltdjE2WXdmb0gvS0EwYktvMDZXRlpjc241VUNmTWF5aERtNGxSTkczdTlLa2pWZDNoWjU1ZStNZERhWXBOVi9UOUxIRmtQejFFQisybTdRPT1cIixcInJvbGVcIjpcIm9yZGVyLWJhc2ljLGxpdmVfZGF0YS1iYXNpYyxub25fdHJhZGluZy1iYXNpYyxvcmRlcl9yZWFkX29ubHktYmFzaWMsYmFja190ZXN0XCIsXCJzb3VyY2VJcEFkZHJlc3NcIjpudWxsLFwidHdvRmFFeHBpcnlUc1wiOjE3NjYxMDQyMDAwMDB9IiwiaXNzIjoiYXBleC1hdXRoLXByb2QtYXBwIn0.kHx-9pY_TxJYaYm9jmoYUYJv3uZRejf9Zo6M5_3s3b-Dmah-VCiElKeamnEV9i5m3deHszSqIvZZJ8EVTAlYnA' \
  --header 'X-API-VERSION: 1.0'

📊 3-min candle trend → CE (O1=102.8, C3=111.5)
Market Direction: CE
✅ Market direction CONFIRMS momentum CE → proceeding with order.
user_confirmation_needed : False
➡️ Placing auto order: {'symbol': 'NIFTY25D2325900CE', 'ltp': 109.1, 'lots': 14, 'book_profit': 1050.0, 'lot_size': 75, 'side': 'BUY'} ====== [2025-12-18 11:54:41]
🔹 Auto order => NIFTY25D2325900CE, qty=1050, book@1050.0 ====== [2025-12-18 11:54:42]
💰 LTP for NSE_NIFTY25D2325900CE: ₹111.45 ====== [2025-12-18 11:54:42]
✅ Auto Buy placed: :{'groww_order_id': 'GMKFO251218115442A9J8GFGDKG1K', 'order_status': 'NEW', 'order_reference_id': '27965931', 'remark': None} ======= [2025-12-18 11:54:43]
📈 Trailing started...
⚠️ Error fetching LTP for NIFTY25D2325900CE: HTTPSConnectionPool(host='api.groww.in', port=443): Max retries exceeded with url: /v1/live-data/ltp?segment=FNO&exchange_symbols=NSE_NIFTY25D2325900CE (Caused by ConnectTimeoutError(<urllib3.connection.HTTPSConnection object at 0x000002954C0CCE90>, 'Connection to api.groww.in timed out. (connect timeout=10)'))
⚠️ Error fetching LTP for NIFTY25D2325900CE: HTTPSConnectionPool(host='api.groww.in', port=443): Max retries exceeded with url: /v1/live-data/ltp?segment=FNO&exchange_symbols=NSE_NIFTY25D2325900CE (Caused by NameResolutionError("<urllib3.connection.HTTPSConnection object at 0x000002954BA0E000>: Failed to resolve 'api.groww.in' ([Errno 11001] getaddrinfo failed)"))
⚠️ Error fetching LTP for NIFTY25D2325900CE: HTTPSConnectionPool(host='api.groww.in', port=443): Max retries exceeded with url: /v1/live-data/ltp?segment=FNO&exchange_symbols=NSE_NIFTY25D2325900CE (Caused by NameResolutionError("<urllib3.connection.HTTPSConnection object at 0x000002954C2277D0>: Failed to resolve 'api.groww.in' ([Errno 11001] getaddrinfo failed)"))
⚠️ Error fetching LTP for NIFTY25D2325900CE: HTTPSConnectionPool(host='api.groww.in', port=443): Max retries exceeded with url: /v1/live-data/ltp?segment=FNO&exchange_symbols=NSE_NIFTY25D2325900CE (Caused by NameResolutionError("<urllib3.connection.HTTPSConnection object at 0x000002954C225940>: Failed to resolve 'api.groww.in' ([Errno 11001] getaddrinfo failed)"))
⚠️ Error fetching LTP for NIFTY25D2325900CE: HTTPSConnectionPool(host='api.groww.in', port=443): Max retries exceeded with url: /v1/live-data/ltp?segment=FNO&exchange_symbols=NSE_NIFTY25D2325900CE (Caused by NameResolutionError("<urllib3.connection.HTTPSConnection object at 0x000002954C213E90>: Failed to resolve 'api.groww.in' ([Errno 11001] getaddrinfo failed)"))
⚠️ Error fetching LTP for NIFTY25D2325900CE: HTTPSConnectionPool(host='api.groww.in', port=443): Max retries exceeded with url: /v1/live-data/ltp?segment=FNO&exchange_symbols=NSE_NIFTY25D2325900CE (Caused by NameResolutionError("<urllib3.connection.HTTPSConnection object at 0x000002954C210E30>: Failed to resolve 'api.groww.in' ([Errno 11001] getaddrinfo failed)"))
⚠️ Error fetching LTP for NIFTY25D2325900CE: HTTPSConnectionPool(host='api.groww.in', port=443): Max retries exceeded with url: /v1/live-data/ltp?segment=FNO&exchange_symbols=NSE_NIFTY25D2325900CE (Caused by NameResolutionError("<urllib3.connection.HTTPSConnection object at 0x000002954C224D70>: Failed to resolve 'api.groww.in' ([Errno 11001] getaddrinfo failed)"))
⚠️ Error fetching LTP for NIFTY25D2325900CE: HTTPSConnectionPool(host='api.groww.in', port=443): Max retries exceeded with url: /v1/live-data/ltp?segment=FNO&exchange_symbols=NSE_NIFTY25D2325900CE (Caused by NameResolutionError("<urllib3.connection.HTTPSConnection object at 0x000002954BA04E30>: Failed to resolve 'api.groww.in' ([Errno 11001] getaddrinfo failed)"))
⚠️ Error fetching LTP for NIFTY25D2325900CE: HTTPSConnectionPool(host='api.groww.in', port=443): Max retries exceeded with url: /v1/live-data/ltp?segment=FNO&exchange_symbols=NSE_NIFTY25D2325900CE (Caused by NameResolutionError("<urllib3.connection.HTTPSConnection object at 0x000002954C0CFF50>: Failed to resolve 'api.groww.in' ([Errno 11001] getaddrinfo failed)"))
⚠️ Error fetching LTP for NIFTY25D2325900CE: HTTPSConnectionPool(host='api.groww.in', port=443): Max retries exceeded with url: /v1/live-data/ltp?segment=FNO&exchange_symbols=NSE_NIFTY25D2325900CE (Caused by NameResolutionError("<urllib3.connection.HTTPSConnection object at 0x000002954BA19820>: Failed to resolve 'api.groww.in' ([Errno 11001] getaddrinfo failed)"))
⚠️ Error fetching LTP for NIFTY25D2325900CE: HTTPSConnectionPool(host='api.groww.in', port=443): Max retries exceeded with url: /v1/live-data/ltp?segment=FNO&exchange_symbols=NSE_NIFTY25D2325900CE (Caused by NameResolutionError("<urllib3.connection.HTTPSConnection object at 0x000002954C210890>: Failed to resolve 'api.groww.in' ([Errno 11001] getaddrinfo failed)"))
⚠️ Error fetching LTP for NIFTY25D2325900CE: HTTPSConnectionPool(host='api.groww.in', port=443): Max retries exceeded with url: /v1/live-data/ltp?segment=FNO&exchange_symbols=NSE_NIFTY25D2325900CE (Caused by NameResolutionError("<urllib3.connection.HTTPSConnection object at 0x000002954C0DB290>: Failed to resolve 'api.groww.in' ([Errno 11001] getaddrinfo failed)"))
⚠️ Error fetching LTP for NIFTY25D2325900CE: HTTPSConnectionPool(host='api.groww.in', port=443): Max retries exceeded with url: /v1/live-data/ltp?segment=FNO&exchange_symbols=NSE_NIFTY25D2325900CE (Caused by NameResolutionError("<urllib3.connection.HTTPSConnection object at 0x000002954C210DA0>: Failed to resolve 'api.groww.in' ([Errno 11001] getaddrinfo failed)"))
⚠️ Error fetching LTP for NIFTY25D2325900CE: HTTPSConnectionPool(host='api.groww.in', port=443): Max retries exceeded with url: /v1/live-data/ltp?segment=FNO&exchange_symbols=NSE_NIFTY25D2325900CE (Caused by NameResolutionError("<urllib3.connection.HTTPSConnection object at 0x000002954B3AB2C0>: Failed to resolve 'api.groww.in' ([Errno 11001] getaddrinfo failed)"))
⚠️ Error fetching LTP for NIFTY25D2325900CE: HTTPSConnectionPool(host='api.groww.in', port=443): Max retries exceeded with url: /v1/live-data/ltp?segment=FNO&exchange_symbols=NSE_NIFTY25D2325900CE (Caused by NameResolutionError("<urllib3.connection.HTTPSConnection object at 0x000002954C0C2F60>: Failed to resolve 'api.groww.in' ([Errno 11001] getaddrinfo failed)"))
⚠️ Error fetching LTP for NIFTY25D2325900CE: HTTPSConnectionPool(host='api.groww.in', port=443): Max retries exceeded with url: /v1/live-data/ltp?segment=FNO&exchange_symbols=NSE_NIFTY25D2325900CE (Caused by NameResolutionError("<urllib3.connection.HTTPSConnection object at 0x000002954BA05310>: Failed to resolve 'api.groww.in' ([Errno 11001] getaddrinfo failed)"))
⚠️ Error fetching LTP for NIFTY25D2325900CE: HTTPSConnectionPool(host='api.groww.in', port=443): Max retries exceeded with url: /v1/live-data/ltp?segment=FNO&exchange_symbols=NSE_NIFTY25D2325900CE (Caused by NameResolutionError("<urllib3.connection.HTTPSConnection object at 0x000002954C224980>: Failed to resolve 'api.groww.in' ([Errno 11001] getaddrinfo failed)"))
⚠️ Error fetching LTP for NIFTY25D2325900CE: HTTPSConnectionPool(host='api.groww.in', port=443): Max retries exceeded with url: /v1/live-data/ltp?segment=FNO&exchange_symbols=NSE_NIFTY25D2325900CE (Caused by NameResolutionError("<urllib3.connection.HTTPSConnection object at 0x000002954C0DB980>: Failed to resolve 'api.groww.in' ([Errno 11001] getaddrinfo failed)"))
⚠️ Error fetching LTP for NIFTY25D2325900CE: HTTPSConnectionPool(host='api.groww.in', port=443): Max retries exceeded with url: /v1/live-data/ltp?segment=FNO&exchange_symbols=NSE_NIFTY25D2325900CE (Caused by NameResolutionError("<urllib3.connection.HTTPSConnection object at 0x000002954C0D9BE0>: Failed to resolve 'api.groww.in' ([Errno 11001] getaddrinfo failed)"))
⚠️ Error fetching LTP for NIFTY25D2325900CE: HTTPSConnectionPool(host='api.groww.in', port=443): Max retries exceeded with url: /v1/live-data/ltp?segment=FNO&exchange_symbols=NSE_NIFTY25D2325900CE (Caused by NameResolutionError("<urllib3.connection.HTTPSConnection object at 0x000002954C2241A0>: Failed to resolve 'api.groww.in' ([Errno 11001] getaddrinfo failed)"))
⚠️ Error fetching LTP for NIFTY25D2325900CE: HTTPSConnectionPool(host='api.groww.in', port=443): Max retries exceeded with url: /v1/live-data/ltp?segment=FNO&exchange_symbols=NSE_NIFTY25D2325900CE (Caused by NameResolutionError("<urllib3.connection.HTTPSConnection object at 0x000002954BA0C0E0>: Failed to resolve 'api.groww.in' ([Errno 11001] getaddrinfo failed)"))
⚠️ Error fetching LTP for NIFTY25D2325900CE: HTTPSConnectionPool(host='api.groww.in', port=443): Max retries exceeded with url: /v1/live-data/ltp?segment=FNO&exchange_symbols=NSE_NIFTY25D2325900CE (Caused by NameResolutionError("<urllib3.connection.HTTPSConnection object at 0x000002954C0CC050>: Failed to resolve 'api.groww.in' ([Errno 11001] getaddrinfo failed)"))
⚠️ Error fetching LTP for NIFTY25D2325900CE: HTTPSConnectionPool(host='api.groww.in', port=443): Max retries exceeded with url: /v1/live-data/ltp?segment=FNO&exchange_symbols=NSE_NIFTY25D2325900CE (Caused by NameResolutionError("<urllib3.connection.HTTPSConnection object at 0x000002954BA19A00>: Failed to resolve 'api.groww.in' ([Errno 11001] getaddrinfo failed)"))
⚠️ Error fetching LTP for NIFTY25D2325900CE: HTTPSConnectionPool(host='api.groww.in', port=443): Max retries exceeded with url: /v1/live-data/ltp?segment=FNO&exchange_symbols=NSE_NIFTY25D2325900CE (Caused by NameResolutionError("<urllib3.connection.HTTPSConnection object at 0x000002954C0DA450>: Failed to resolve 'api.groww.in' ([Errno 11001] getaddrinfo failed)"))
⚠️ Error fetching LTP for NIFTY25D2325900CE: HTTPSConnectionPool(host='api.groww.in', port=443): Max retries exceeded with url: /v1/live-data/ltp?segment=FNO&exchange_symbols=NSE_NIFTY25D2325900CE (Caused by NameResolutionError("<urllib3.connection.HTTPSConnection object at 0x000002954C212A80>: Failed to resolve 'api.groww.in' ([Errno 11001] getaddrinfo failed)"))
⚠️ Error fetching LTP for NIFTY25D2325900CE: HTTPSConnectionPool(host='api.groww.in', port=443): Max retries exceeded with url: /v1/live-data/ltp?segment=FNO&exchange_symbols=NSE_NIFTY25D2325900CE (Caused by NameResolutionError("<urllib3.connection.HTTPSConnection object at 0x000002954C2117F0>: Failed to resolve 'api.groww.in' ([Errno 11001] getaddrinfo failed)"))
⚠️ Error fetching LTP for NIFTY25D2325900CE: HTTPSConnectionPool(host='api.groww.in', port=443): Max retries exceeded with url: /v1/live-data/ltp?segment=FNO&exchange_symbols=NSE_NIFTY25D2325900CE (Caused by NameResolutionError("<urllib3.connection.HTTPSConnection object at 0x000002954B9F4950>: Failed to resolve 'api.groww.in' ([Errno 11001] getaddrinfo failed)"))
⚠️ Error fetching LTP for NIFTY25D2325900CE: HTTPSConnectionPool(host='api.groww.in', port=443): Max retries exceeded with url: /v1/live-data/ltp?segment=FNO&exchange_symbols=NSE_NIFTY25D2325900CE (Caused by NameResolutionError("<urllib3.connection.HTTPSConnection object at 0x000002954BA0C4A0>: Failed to resolve 'api.groww.in' ([Errno 11001] getaddrinfo failed)"))
⚠️ Error fetching LTP for NIFTY25D2325900CE: HTTPSConnectionPool(host='api.groww.in', port=443): Max retries exceeded with url: /v1/live-data/ltp?segment=FNO&exchange_symbols=NSE_NIFTY25D2325900CE (Caused by NameResolutionError("<urllib3.connection.HTTPSConnection object at 0x000002954BA05B80>: Failed to resolve 'api.groww.in' ([Errno 11001] getaddrinfo failed)"))
⚠️ Error fetching LTP for NIFTY25D2325900CE: HTTPSConnectionPool(host='api.groww.in', port=443): Max retries exceeded with url: /v1/live-data/ltp?segment=FNO&exchange_symbols=NSE_NIFTY25D2325900CE (Caused by NameResolutionError("<urllib3.connection.HTTPSConnection object at 0x000002954C226C60>: Failed to resolve 'api.groww.in' ([Errno 11001] getaddrinfo failed)"))
⚠️ Error fetching LTP for NIFTY25D2325900CE: HTTPSConnectionPool(host='api.groww.in', port=443): Max retries exceeded with url: /v1/live-data/ltp?segment=FNO&exchange_symbols=NSE_NIFTY25D2325900CE (Caused by NameResolutionError("<urllib3.connection.HTTPSConnection object at 0x000002954C0DB980>: Failed to resolve 'api.groww.in' ([Errno 11001] getaddrinfo failed)"))
⚠️ Error fetching LTP for NIFTY25D2325900CE: HTTPSConnectionPool(host='api.groww.in', port=443): Max retries exceeded with url: /v1/live-data/ltp?segment=FNO&exchange_symbols=NSE_NIFTY25D2325900CE (Caused by NameResolutionError("<urllib3.connection.HTTPSConnection object at 0x000002954C2270E0>: Failed to resolve 'api.groww.in' ([Errno 11001] getaddrinfo failed)"))
⚠️ Error fetching LTP for NIFTY25D2325900CE: HTTPSConnectionPool(host='api.groww.in', port=443): Max retries exceeded with url: /v1/live-data/ltp?segment=FNO&exchange_symbols=NSE_NIFTY25D2325900CE (Caused by NameResolutionError("<urllib3.connection.HTTPSConnection object at 0x000002954BA06180>: Failed to resolve 'api.groww.in' ([Errno 11001] getaddrinfo failed)"))
⚠️ Error fetching LTP for NIFTY25D2325900CE: HTTPSConnectionPool(host='api.groww.in', port=443): Max retries exceeded with url: /v1/live-data/ltp?segment=FNO&exchange_symbols=NSE_NIFTY25D2325900CE (Caused by NameResolutionError("<urllib3.connection.HTTPSConnection object at 0x000002954BA0D370>: Failed to resolve 'api.groww.in' ([Errno 11001] getaddrinfo failed)"))
⚠️ Error fetching LTP for NIFTY25D2325900CE: HTTPSConnectionPool(host='api.groww.in', port=443): Max retries exceeded with url: /v1/live-data/ltp?segment=FNO&exchange_symbols=NSE_NIFTY25D2325900CE (Caused by NameResolutionError("<urllib3.connection.HTTPSConnection object at 0x0000029540077CB0>: Failed to resolve 'api.groww.in' ([Errno 11001] getaddrinfo failed)"))
⚠️ Error fetching LTP for NIFTY25D2325900CE: HTTPSConnectionPool(host='api.groww.in', port=443): Max retries exceeded with url: /v1/live-data/ltp?segment=FNO&exchange_symbols=NSE_NIFTY25D2325900CE (Caused by NameResolutionError("<urllib3.connection.HTTPSConnection object at 0x000002954C212A80>: Failed to resolve 'api.groww.in' ([Errno 11001] getaddrinfo failed)"))
⚠️ Error fetching LTP for NIFTY25D2325900CE: HTTPSConnectionPool(host='api.groww.in', port=443): Max retries exceeded with url: /v1/live-data/ltp?segment=FNO&exchange_symbols=NSE_NIFTY25D2325900CE (Caused by NameResolutionError("<urllib3.connection.HTTPSConnection object at 0x000002954C0D9C10>: Failed to resolve 'api.groww.in' ([Errno 11001] getaddrinfo failed)"))
⚠️ Error fetching LTP for NIFTY25D2325900CE: HTTPSConnectionPool(host='api.groww.in', port=443): Max retries exceeded with url: /v1/live-data/ltp?segment=FNO&exchange_symbols=NSE_NIFTY25D2325900CE (Caused by NameResolutionError("<urllib3.connection.HTTPSConnection object at 0x000002954B9EC680>: Failed to resolve 'api.groww.in' ([Errno 11001] getaddrinfo failed)"))
⚠️ Error fetching LTP for NIFTY25D2325900CE: HTTPSConnectionPool(host='api.groww.in', port=443): Max retries exceeded with url: /v1/live-data/ltp?segment=FNO&exchange_symbols=NSE_NIFTY25D2325900CE (Caused by NameResolutionError("<urllib3.connection.HTTPSConnection object at 0x0000029540117FE0>: Failed to resolve 'api.groww.in' ([Errno 11001] getaddrinfo failed)"))
⚠️ Error fetching LTP for NIFTY25D2325900CE: HTTPSConnectionPool(host='api.groww.in', port=443): Max retries exceeded with url: /v1/live-data/ltp?segment=FNO&exchange_symbols=NSE_NIFTY25D2325900CE (Caused by NameResolutionError("<urllib3.connection.HTTPSConnection object at 0x000002954C0CEF00>: Failed to resolve 'api.groww.in' ([Errno 11001] getaddrinfo failed)"))
⚠️ Error fetching LTP for NIFTY25D2325900CE: HTTPSConnectionPool(host='api.groww.in', port=443): Max retries exceeded with url: /v1/live-data/ltp?segment=FNO&exchange_symbols=NSE_NIFTY25D2325900CE (Caused by NameResolutionError("<urllib3.connection.HTTPSConnection object at 0x000002954BA0D670>: Failed to resolve 'api.groww.in' ([Errno 11001] getaddrinfo failed)"))
⚠️ Error fetching LTP for NIFTY25D2325900CE: HTTPSConnectionPool(host='api.groww.in', port=443): Max retries exceeded with url: /v1/live-data/ltp?segment=FNO&exchange_symbols=NSE_NIFTY25D2325900CE (Caused by NameResolutionError("<urllib3.connection.HTTPSConnection object at 0x000002954C0D8830>: Failed to resolve 'api.groww.in' ([Errno 11001] getaddrinfo failed)"))
⚠️ Error fetching LTP for NIFTY25D2325900CE: HTTPSConnectionPool(host='api.groww.in', port=443): Max retries exceeded with url: /v1/live-data/ltp?segment=FNO&exchange_symbols=NSE_NIFTY25D2325900CE (Caused by NameResolutionError("<urllib3.connection.HTTPSConnection object at 0x000002954C225610>: Failed to resolve 'api.groww.in' ([Errno 11001] getaddrinfo failed)"))
⚠️ Error fetching LTP for NIFTY25D2325900CE: HTTPSConnectionPool(host='api.groww.in', port=443): Max retries exceeded with url: /v1/live-data/ltp?segment=FNO&exchange_symbols=NSE_NIFTY25D2325900CE (Caused by NameResolutionError("<urllib3.connection.HTTPSConnection object at 0x000002954B9EEE70>: Failed to resolve 'api.groww.in' ([Errno 11001] getaddrinfo failed)"))
⚠️ Error fetching LTP for NIFTY25D2325900CE: HTTPSConnectionPool(host='api.groww.in', port=443): Max retries exceeded with url: /v1/live-data/ltp?segment=FNO&exchange_symbols=NSE_NIFTY25D2325900CE (Caused by NameResolutionError("<urllib3.connection.HTTPSConnection object at 0x000002954C226F00>: Failed to resolve 'api.groww.in' ([Errno 11001] getaddrinfo failed)"))
⚠️ Error fetching LTP for NIFTY25D2325900CE: HTTPSConnectionPool(host='api.groww.in', port=443): Max retries exceeded with url: /v1/live-data/ltp?segment=FNO&exchange_symbols=NSE_NIFTY25D2325900CE (Caused by NameResolutionError("<urllib3.connection.HTTPSConnection object at 0x000002954C0D8CE0>: Failed to resolve 'api.groww.in' ([Errno 11001] getaddrinfo failed)"))
⚠️ Error fetching LTP for NIFTY25D2325900CE: HTTPSConnectionPool(host='api.groww.in', port=443): Max retries exceeded with url: /v1/live-data/ltp?segment=FNO&exchange_symbols=NSE_NIFTY25D2325900CE (Caused by NameResolutionError("<urllib3.connection.HTTPSConnection object at 0x000002954BA07F50>: Failed to resolve 'api.groww.in' ([Errno 11001] getaddrinfo failed)"))
⚠️ Error fetching LTP for NIFTY25D2325900CE: HTTPSConnectionPool(host='api.groww.in', port=443): Max retries exceeded with url: /v1/live-data/ltp?segment=FNO&exchange_symbols=NSE_NIFTY25D2325900CE (Caused by NameResolutionError("<urllib3.connection.HTTPSConnection object at 0x000002954C098680>: Failed to resolve 'api.groww.in' ([Errno 11001] getaddrinfo failed)"))
⚠️ Error fetching LTP for NIFTY25D2325900CE: HTTPSConnectionPool(host='api.groww.in', port=443): Max retries exceeded with url: /v1/live-data/ltp?segment=FNO&exchange_symbols=NSE_NIFTY25D2325900CE (Caused by NameResolutionError("<urllib3.connection.HTTPSConnection object at 0x000002954B3AAE10>: Failed to resolve 'api.groww.in' ([Errno 11001] getaddrinfo failed)"))
⚠️ Error fetching LTP for NIFTY25D2325900CE: HTTPSConnectionPool(host='api.groww.in', port=443): Max retries exceeded with url: /v1/live-data/ltp?segment=FNO&exchange_symbols=NSE_NIFTY25D2325900CE (Caused by NameResolutionError("<urllib3.connection.HTTPSConnection object at 0x000002954C210290>: Failed to resolve 'api.groww.in' ([Errno 11001] getaddrinfo failed)"))
⚠️ Error fetching LTP for NIFTY25D2325900CE: HTTPSConnectionPool(host='api.groww.in', port=443): Max retries exceeded with url: /v1/live-data/ltp?segment=FNO&exchange_symbols=NSE_NIFTY25D2325900CE (Caused by NameResolutionError("<urllib3.connection.HTTPSConnection object at 0x000002954B9DC110>: Failed to resolve 'api.groww.in' ([Errno 11001] getaddrinfo failed)"))
⚠️ Error fetching LTP for NIFTY25D2325900CE: HTTPSConnectionPool(host='api.groww.in', port=443): Max retries exceeded with url: /v1/live-data/ltp?segment=FNO&exchange_symbols=NSE_NIFTY25D2325900CE (Caused by NameResolutionError("<urllib3.connection.HTTPSConnection object at 0x000002954B3A8F80>: Failed to resolve 'api.groww.in' ([Errno 11001] getaddrinfo failed)"))
⚠️ Error fetching LTP for NIFTY25D2325900CE: HTTPSConnectionPool(host='api.groww.in', port=443): Max retries exceeded with url: /v1/live-data/ltp?segment=FNO&exchange_symbols=NSE_NIFTY25D2325900CE (Caused by NameResolutionError("<urllib3.connection.HTTPSConnection object at 0x000002954BA278F0>: Failed to resolve 'api.groww.in' ([Errno 11001] getaddrinfo failed)"))
⚠️ Error fetching LTP for NIFTY25D2325900CE: HTTPSConnectionPool(host='api.groww.in', port=443): Max retries exceeded with url: /v1/live-data/ltp?segment=FNO&exchange_symbols=NSE_NIFTY25D2325900CE (Caused by NameResolutionError("<urllib3.connection.HTTPSConnection object at 0x000002954C0D8830>: Failed to resolve 'api.groww.in' ([Errno 11001] getaddrinfo failed)"))
⚠️ Error fetching LTP for NIFTY25D2325900CE: HTTPSConnectionPool(host='api.groww.in', port=443): Max retries exceeded with url: /v1/live-data/ltp?segment=FNO&exchange_symbols=NSE_NIFTY25D2325900CE (Caused by NameResolutionError("<urllib3.connection.HTTPSConnection object at 0x000002954C224E00>: Failed to resolve 'api.groww.in' ([Errno 11001] getaddrinfo failed)"))
⚠️ Error fetching LTP for NIFTY25D2325900CE: HTTPSConnectionPool(host='api.groww.in', port=443): Max retries exceeded with url: /v1/live-data/ltp?segment=FNO&exchange_symbols=NSE_NIFTY25D2325900CE (Caused by NameResolutionError("<urllib3.connection.HTTPSConnection object at 0x000002954B9EE330>: Failed to resolve 'api.groww.in' ([Errno 11001] getaddrinfo failed)"))
⚠️ Error fetching LTP for NIFTY25D2325900CE: HTTPSConnectionPool(host='api.groww.in', port=443): Max retries exceeded with url: /v1/live-data/ltp?segment=FNO&exchange_symbols=NSE_NIFTY25D2325900CE (Caused by NameResolutionError("<urllib3.connection.HTTPSConnection object at 0x000002954C0E15E0>: Failed to resolve 'api.groww.in' ([Errno 11001] getaddrinfo failed)"))
⚠️ Error fetching LTP for NIFTY25D2325900CE: HTTPSConnectionPool(host='api.groww.in', port=443): Max retries exceeded with url: /v1/live-data/ltp?segment=FNO&exchange_symbols=NSE_NIFTY25D2325900CE (Caused by NameResolutionError("<urllib3.connection.HTTPSConnection object at 0x000002954C0CC050>: Failed to resolve 'api.groww.in' ([Errno 11001] getaddrinfo failed)"))
⚠️ Error fetching LTP for NIFTY25D2325900CE: HTTPSConnectionPool(host='api.groww.in', port=443): Max retries exceeded with url: /v1/live-data/ltp?segment=FNO&exchange_symbols=NSE_NIFTY25D2325900CE (Caused by NameResolutionError("<urllib3.connection.HTTPSConnection object at 0x000002954C0D93A0>: Failed to resolve 'api.groww.in' ([Errno 11001] getaddrinfo failed)"))
Traceback (most recent call last):
  File "C:\Users\HITS\eclipse-workspace\Groww_Python_Trading_Bot\QA_env_sample_test_groww_option_trading_final_bot.py", line 1323, in <module>
    auto_mode_runner()
  File "C:\Users\HITS\eclipse-workspace\Groww_Python_Trading_Bot\QA_env_sample_test_groww_option_trading_final_bot.py", line 1303, in auto_mode_runner
    place_cp_order(order_details, is_auto=True)
  File "C:\Users\HITS\eclipse-workspace\Groww_Python_Trading_Bot\QA_env_sample_test_groww_option_trading_final_bot.py", line 1033, in place_cp_order
    time.sleep(poll)
KeyboardInterrupt
